sysbench 1.1.0-3ceba0b (using bundled LuaJIT 2.1.0-beta3)

Running the test with following options:
Number of threads: 2
Warmup time: 60s
Report intermediate results every 1 second(s)
Initializing random number generator from current time


Initializing worker threads...

Threads started!

Warming up for 60 seconds...

[ 1s ] thds: 2 tps: 38.82 qps: 621.19 (r/w/o: 543.53/0.00/77.67) lat (ms,95%): 65.65 err/s: 0.00 reconn/s: 0.00
[ 2s ] thds: 2 tps: 38.97 qps: 631.58 (r/w/o: 553.63/0.00/77.95) lat (ms,95%): 64.47 err/s: 0.00 reconn/s: 0.00
[ 3s ] thds: 2 tps: 39.00 qps: 627.99 (r/w/o: 549.99/0.00/78.00) lat (ms,95%): 64.47 err/s: 0.00 reconn/s: 0.00
[ 4s ] thds: 2 tps: 39.01 qps: 617.10 (r/w/o: 539.09/0.00/78.01) lat (ms,95%): 65.65 err/s: 0.00 reconn/s: 0.00
[ 5s ] thds: 2 tps: 39.02 qps: 628.24 (r/w/o: 550.21/0.00/78.03) lat (ms,95%): 64.47 err/s: 0.00 reconn/s: 0.00
[ 6s ] thds: 2 tps: 40.01 qps: 636.10 (r/w/o: 557.09/0.00/79.01) lat (ms,95%): 64.47 err/s: 0.00 reconn/s: 0.00
[ 7s ] thds: 2 tps: 40.00 qps: 641.05 (r/w/o: 561.04/0.00/80.01) lat (ms,95%): 64.47 err/s: 0.00 reconn/s: 0.00
[ 8s ] thds: 2 tps: 39.00 qps: 626.98 (r/w/o: 547.98/0.00/79.00) lat (ms,95%): 64.47 err/s: 0.00 reconn/s: 0.00
[ 9s ] thds: 2 tps: 39.00 qps: 630.99 (r/w/o: 552.99/0.00/78.00) lat (ms,95%): 64.47 err/s: 0.00 reconn/s: 0.00
[ 10s ] thds: 2 tps: 38.99 qps: 618.88 (r/w/o: 540.90/0.00/77.99) lat (ms,95%): 65.65 err/s: 0.00 reconn/s: 0.00
[ 11s ] thds: 2 tps: 40.00 qps: 634.95 (r/w/o: 554.96/0.00/79.99) lat (ms,95%): 65.65 err/s: 0.00 reconn/s: 0.00
[ 12s ] thds: 2 tps: 39.00 qps: 623.98 (r/w/o: 545.98/0.00/78.00) lat (ms,95%): 65.65 err/s: 0.00 reconn/s: 0.00
[ 13s ] thds: 2 tps: 38.98 qps: 630.76 (r/w/o: 552.79/0.00/77.97) lat (ms,95%): 64.47 err/s: 0.00 reconn/s: 0.00
[ 14s ] thds: 2 tps: 40.00 qps: 629.02 (r/w/o: 549.01/0.00/80.00) lat (ms,95%): 65.65 err/s: 0.00 reconn/s: 0.00
[ 15s ] thds: 2 tps: 39.02 qps: 627.40 (r/w/o: 549.35/0.00/78.05) lat (ms,95%): 68.05 err/s: 0.00 reconn/s: 0.00
[ 16s ] thds: 2 tps: 39.98 qps: 642.65 (r/w/o: 562.69/0.00/79.96) lat (ms,95%): 64.47 err/s: 0.00 reconn/s: 0.00
[ 17s ] thds: 2 tps: 40.02 qps: 637.39 (r/w/o: 557.34/0.00/80.05) lat (ms,95%): 64.47 err/s: 0.00 reconn/s: 0.00
[ 18s ] thds: 2 tps: 39.00 qps: 627.95 (r/w/o: 549.96/0.00/77.99) lat (ms,95%): 65.65 err/s: 0.00 reconn/s: 0.00
[ 19s ] thds: 2 tps: 39.99 qps: 628.87 (r/w/o: 549.88/0.00/78.98) lat (ms,95%): 65.65 err/s: 0.00 reconn/s: 0.00
[ 20s ] thds: 2 tps: 39.00 qps: 640.97 (r/w/o: 561.97/0.00/79.00) lat (ms,95%): 65.65 err/s: 0.00 reconn/s: 0.00
[ 21s ] thds: 2 tps: 40.00 qps: 638.04 (r/w/o: 558.04/0.00/80.01) lat (ms,95%): 64.47 err/s: 0.00 reconn/s: 0.00
[ 22s ] thds: 2 tps: 40.01 qps: 643.12 (r/w/o: 563.10/0.00/80.01) lat (ms,95%): 65.65 err/s: 0.00 reconn/s: 0.00
[ 23s ] thds: 2 tps: 39.98 qps: 635.67 (r/w/o: 555.71/0.00/79.96) lat (ms,95%): 65.65 err/s: 0.00 reconn/s: 0.00
[ 24s ] thds: 2 tps: 41.01 qps: 644.19 (r/w/o: 562.16/0.00/82.02) lat (ms,95%): 66.84 err/s: 0.00 reconn/s: 0.00
[ 25s ] thds: 2 tps: 39.01 qps: 634.15 (r/w/o: 556.13/0.00/78.02) lat (ms,95%): 65.65 err/s: 0.00 reconn/s: 0.00
[ 26s ] thds: 2 tps: 40.01 qps: 632.09 (r/w/o: 552.08/0.00/80.01) lat (ms,95%): 64.47 err/s: 0.00 reconn/s: 0.00
[ 27s ] thds: 2 tps: 38.99 qps: 633.79 (r/w/o: 555.81/0.00/77.97) lat (ms,95%): 65.65 err/s: 0.00 reconn/s: 0.00
[ 28s ] thds: 2 tps: 39.98 qps: 640.73 (r/w/o: 560.77/0.00/79.97) lat (ms,95%): 64.47 err/s: 0.00 reconn/s: 0.00
[ 29s ] thds: 2 tps: 40.00 qps: 638.00 (r/w/o: 558.00/0.00/80.00) lat (ms,95%): 64.47 err/s: 0.00 reconn/s: 0.00
[ 30s ] thds: 2 tps: 40.03 qps: 641.50 (r/w/o: 561.43/0.00/80.06) lat (ms,95%): 64.47 err/s: 0.00 reconn/s: 0.00
[ 31s ] thds: 2 tps: 41.00 qps: 642.01 (r/w/o: 561.01/0.00/81.00) lat (ms,95%): 64.47 err/s: 0.00 reconn/s: 0.00
[ 32s ] thds: 2 tps: 38.00 qps: 627.01 (r/w/o: 550.01/0.00/77.00) lat (ms,95%): 65.65 err/s: 0.00 reconn/s: 0.00
[ 33s ] thds: 2 tps: 40.00 qps: 630.98 (r/w/o: 550.98/0.00/80.00) lat (ms,95%): 65.65 err/s: 0.00 reconn/s: 0.00
[ 34s ] thds: 2 tps: 39.96 qps: 639.28 (r/w/o: 559.37/0.00/79.91) lat (ms,95%): 64.47 err/s: 0.00 reconn/s: 0.00
[ 35s ] thds: 2 tps: 40.03 qps: 641.47 (r/w/o: 561.41/0.00/80.06) lat (ms,95%): 63.32 err/s: 0.00 reconn/s: 0.00
[ 36s ] thds: 2 tps: 40.01 qps: 639.17 (r/w/o: 559.15/0.00/80.02) lat (ms,95%): 63.32 err/s: 0.00 reconn/s: 0.00
[ 37s ] thds: 2 tps: 38.97 qps: 631.53 (r/w/o: 553.58/0.00/77.94) lat (ms,95%): 65.65 err/s: 0.00 reconn/s: 0.00
[ 38s ] thds: 2 tps: 40.03 qps: 631.40 (r/w/o: 551.35/0.00/80.05) lat (ms,95%): 63.32 err/s: 0.00 reconn/s: 0.00
[ 39s ] thds: 2 tps: 40.01 qps: 637.14 (r/w/o: 557.12/0.00/80.02) lat (ms,95%): 63.32 err/s: 0.00 reconn/s: 0.00
[ 40s ] thds: 2 tps: 38.99 qps: 633.92 (r/w/o: 555.93/0.00/77.99) lat (ms,95%): 64.47 err/s: 0.00 reconn/s: 0.00
[ 41s ] thds: 2 tps: 40.00 qps: 639.01 (r/w/o: 559.01/0.00/80.00) lat (ms,95%): 64.47 err/s: 0.00 reconn/s: 0.00
[ 42s ] thds: 2 tps: 39.99 qps: 636.85 (r/w/o: 556.87/0.00/79.98) lat (ms,95%): 64.47 err/s: 0.00 reconn/s: 0.00
[ 43s ] thds: 2 tps: 39.01 qps: 632.14 (r/w/o: 554.12/0.00/78.02) lat (ms,95%): 64.47 err/s: 0.00 reconn/s: 0.00
[ 44s ] thds: 2 tps: 41.00 qps: 632.95 (r/w/o: 551.96/0.00/80.99) lat (ms,95%): 63.32 err/s: 0.00 reconn/s: 0.00
[ 45s ] thds: 2 tps: 39.00 qps: 641.00 (r/w/o: 562.00/0.00/79.00) lat (ms,95%): 64.47 err/s: 0.00 reconn/s: 0.00
[ 46s ] thds: 2 tps: 40.97 qps: 639.59 (r/w/o: 557.64/0.00/81.95) lat (ms,95%): 64.47 err/s: 0.00 reconn/s: 0.00
[ 47s ] thds: 2 tps: 38.00 qps: 629.03 (r/w/o: 553.03/0.00/76.00) lat (ms,95%): 65.65 err/s: 0.00 reconn/s: 0.00
[ 48s ] thds: 2 tps: 41.02 qps: 638.36 (r/w/o: 556.31/0.00/82.05) lat (ms,95%): 64.47 err/s: 0.00 reconn/s: 0.00
[ 49s ] thds: 2 tps: 39.01 qps: 631.17 (r/w/o: 553.15/0.00/78.02) lat (ms,95%): 64.47 err/s: 0.00 reconn/s: 0.00
[ 50s ] thds: 2 tps: 40.00 qps: 638.95 (r/w/o: 558.95/0.00/79.99) lat (ms,95%): 68.05 err/s: 0.00 reconn/s: 0.00
[ 51s ] thds: 2 tps: 39.99 qps: 645.89 (r/w/o: 565.90/0.00/79.99) lat (ms,95%): 66.84 err/s: 0.00 reconn/s: 0.00
[ 52s ] thds: 2 tps: 40.00 qps: 628.94 (r/w/o: 548.95/0.00/79.99) lat (ms,95%): 64.47 err/s: 0.00 reconn/s: 0.00
[ 53s ] thds: 2 tps: 39.01 qps: 629.10 (r/w/o: 552.09/0.00/77.01) lat (ms,95%): 63.32 err/s: 0.00 reconn/s: 0.00
[ 54s ] thds: 2 tps: 39.01 qps: 627.17 (r/w/o: 548.15/0.00/79.02) lat (ms,95%): 64.47 err/s: 0.00 reconn/s: 0.00
[ 55s ] thds: 2 tps: 40.00 qps: 637.97 (r/w/o: 557.97/0.00/80.00) lat (ms,95%): 66.84 err/s: 0.00 reconn/s: 0.00
[ 56s ] thds: 2 tps: 39.99 qps: 636.79 (r/w/o: 556.82/0.00/79.97) lat (ms,95%): 63.32 err/s: 0.00 reconn/s: 0.00
[ 57s ] thds: 2 tps: 39.00 qps: 633.01 (r/w/o: 555.01/0.00/78.00) lat (ms,95%): 65.65 err/s: 0.00 reconn/s: 0.00
[ 58s ] thds: 2 tps: 40.01 qps: 629.09 (r/w/o: 549.08/0.00/80.01) lat (ms,95%): 65.65 err/s: 0.00 reconn/s: 0.00
[ 59s ] thds: 2 tps: 39.99 qps: 639.82 (r/w/o: 559.85/0.00/79.98) lat (ms,95%): 63.32 err/s: 0.00 reconn/s: 0.00
[ 60s ] thds: 2 tps: 40.01 qps: 645.14 (r/w/o: 565.12/0.00/80.02) lat (ms,95%): 63.32 err/s: 0.00 reconn/s: 0.00
[ 61s ] thds: 2 tps: 38.99 qps: 626.81 (r/w/o: 548.84/0.00/77.98) lat (ms,95%): 65.65 err/s: 0.00 reconn/s: 0.00
[ 62s ] thds: 2 tps: 39.98 qps: 635.75 (r/w/o: 555.78/0.00/79.97) lat (ms,95%): 64.47 err/s: 0.00 reconn/s: 0.00
[ 63s ] thds: 2 tps: 39.04 qps: 630.57 (r/w/o: 552.50/0.00/78.07) lat (ms,95%): 66.84 err/s: 0.00 reconn/s: 0.00
[ 64s ] thds: 2 tps: 39.99 qps: 631.82 (r/w/o: 551.84/0.00/79.98) lat (ms,95%): 65.65 err/s: 0.00 reconn/s: 0.00
[ 65s ] thds: 2 tps: 38.96 qps: 635.40 (r/w/o: 557.47/0.00/77.93) lat (ms,95%): 65.65 err/s: 0.00 reconn/s: 0.00
[ 66s ] thds: 2 tps: 40.03 qps: 633.54 (r/w/o: 553.47/0.00/80.07) lat (ms,95%): 64.47 err/s: 0.00 reconn/s: 0.00
[ 67s ] thds: 2 tps: 41.00 qps: 650.08 (r/w/o: 568.07/0.00/82.01) lat (ms,95%): 63.32 err/s: 0.00 reconn/s: 0.00
[ 68s ] thds: 2 tps: 39.01 qps: 623.16 (r/w/o: 545.14/0.00/78.02) lat (ms,95%): 64.47 err/s: 0.00 reconn/s: 0.00
[ 69s ] thds: 2 tps: 38.99 qps: 639.87 (r/w/o: 561.89/0.00/77.98) lat (ms,95%): 65.65 err/s: 0.00 reconn/s: 0.00
[ 70s ] thds: 2 tps: 40.00 qps: 636.00 (r/w/o: 556.00/0.00/80.00) lat (ms,95%): 65.65 err/s: 0.00 reconn/s: 0.00
[ 71s ] thds: 2 tps: 40.00 qps: 639.94 (r/w/o: 559.94/0.00/79.99) lat (ms,95%): 64.47 err/s: 0.00 reconn/s: 0.00
[ 72s ] thds: 2 tps: 40.00 qps: 633.00 (r/w/o: 553.00/0.00/80.00) lat (ms,95%): 65.65 err/s: 0.00 reconn/s: 0.00
[ 73s ] thds: 2 tps: 40.00 qps: 642.00 (r/w/o: 562.00/0.00/80.00) lat (ms,95%): 64.47 err/s: 0.00 reconn/s: 0.00
[ 74s ] thds: 2 tps: 41.00 qps: 647.05 (r/w/o: 565.04/0.00/82.01) lat (ms,95%): 64.47 err/s: 0.00 reconn/s: 0.00
[ 75s ] thds: 2 tps: 38.99 qps: 639.90 (r/w/o: 561.91/0.00/77.99) lat (ms,95%): 63.32 err/s: 0.00 reconn/s: 0.00
[ 76s ] thds: 2 tps: 41.00 qps: 646.06 (r/w/o: 564.05/0.00/82.01) lat (ms,95%): 64.47 err/s: 0.00 reconn/s: 0.00
[ 77s ] thds: 2 tps: 40.00 qps: 637.99 (r/w/o: 557.99/0.00/80.00) lat (ms,95%): 64.47 err/s: 0.00 reconn/s: 0.00
[ 78s ] thds: 2 tps: 40.00 qps: 645.03 (r/w/o: 565.03/0.00/80.00) lat (ms,95%): 65.65 err/s: 0.00 reconn/s: 0.00
[ 79s ] thds: 2 tps: 39.99 qps: 638.92 (r/w/o: 558.93/0.00/79.99) lat (ms,95%): 66.84 err/s: 0.00 reconn/s: 0.00
[ 80s ] thds: 2 tps: 41.01 qps: 646.17 (r/w/o: 564.14/0.00/82.02) lat (ms,95%): 62.19 err/s: 0.00 reconn/s: 0.00
[ 81s ] thds: 2 tps: 37.99 qps: 628.86 (r/w/o: 552.88/0.00/75.98) lat (ms,95%): 66.84 err/s: 0.00 reconn/s: 0.00
[ 82s ] thds: 2 tps: 41.02 qps: 648.26 (r/w/o: 566.22/0.00/82.03) lat (ms,95%): 64.47 err/s: 0.00 reconn/s: 0.00
[ 83s ] thds: 2 tps: 39.99 qps: 641.81 (r/w/o: 561.84/0.00/79.98) lat (ms,95%): 65.65 err/s: 0.00 reconn/s: 0.00
[ 84s ] thds: 2 tps: 40.01 qps: 636.11 (r/w/o: 556.10/0.00/80.01) lat (ms,95%): 64.47 err/s: 0.00 reconn/s: 0.00
[ 85s ] thds: 2 tps: 39.00 qps: 630.92 (r/w/o: 552.93/0.00/77.99) lat (ms,95%): 64.47 err/s: 0.00 reconn/s: 0.00
[ 86s ] thds: 2 tps: 38.99 qps: 624.88 (r/w/o: 546.89/0.00/77.98) lat (ms,95%): 65.65 err/s: 0.00 reconn/s: 0.00
[ 87s ] thds: 2 tps: 40.00 qps: 633.06 (r/w/o: 553.05/0.00/80.01) lat (ms,95%): 64.47 err/s: 0.00 reconn/s: 0.00
[ 88s ] thds: 2 tps: 39.00 qps: 633.05 (r/w/o: 555.04/0.00/78.01) lat (ms,95%): 65.65 err/s: 0.00 reconn/s: 0.00
[ 89s ] thds: 2 tps: 41.00 qps: 636.98 (r/w/o: 554.98/0.00/82.00) lat (ms,95%): 63.32 err/s: 0.00 reconn/s: 0.00
[ 90s ] thds: 2 tps: 38.00 qps: 623.99 (r/w/o: 547.99/0.00/76.00) lat (ms,95%): 64.47 err/s: 0.00 reconn/s: 0.00
[ 91s ] thds: 2 tps: 40.00 qps: 634.92 (r/w/o: 554.93/0.00/79.99) lat (ms,95%): 64.47 err/s: 0.00 reconn/s: 0.00
[ 92s ] thds: 2 tps: 40.01 qps: 638.08 (r/w/o: 558.07/0.00/80.01) lat (ms,95%): 63.32 err/s: 0.00 reconn/s: 0.00
[ 93s ] thds: 2 tps: 40.00 qps: 642.92 (r/w/o: 562.93/0.00/79.99) lat (ms,95%): 65.65 err/s: 0.00 reconn/s: 0.00
[ 94s ] thds: 2 tps: 40.01 qps: 640.23 (r/w/o: 560.20/0.00/80.03) lat (ms,95%): 63.32 err/s: 0.00 reconn/s: 0.00
[ 95s ] thds: 2 tps: 39.99 qps: 630.83 (r/w/o: 550.85/0.00/79.98) lat (ms,95%): 63.32 err/s: 0.00 reconn/s: 0.00
[ 96s ] thds: 2 tps: 39.00 qps: 636.94 (r/w/o: 558.95/0.00/77.99) lat (ms,95%): 66.84 err/s: 0.00 reconn/s: 0.00
[ 97s ] thds: 2 tps: 40.00 qps: 636.05 (r/w/o: 556.04/0.00/80.01) lat (ms,95%): 65.65 err/s: 0.00 reconn/s: 0.00
[ 98s ] thds: 2 tps: 39.99 qps: 637.84 (r/w/o: 557.86/0.00/79.98) lat (ms,95%): 65.65 err/s: 0.00 reconn/s: 0.00
[ 99s ] thds: 2 tps: 41.01 qps: 644.10 (r/w/o: 562.09/0.00/82.01) lat (ms,95%): 65.65 err/s: 0.00 reconn/s: 0.00
[ 100s ] thds: 2 tps: 39.00 qps: 633.03 (r/w/o: 555.03/0.00/78.00) lat (ms,95%): 64.47 err/s: 0.00 reconn/s: 0.00
[ 101s ] thds: 2 tps: 38.99 qps: 635.91 (r/w/o: 557.92/0.00/77.99) lat (ms,95%): 63.32 err/s: 0.00 reconn/s: 0.00
[ 102s ] thds: 2 tps: 41.01 qps: 646.14 (r/w/o: 564.12/0.00/82.02) lat (ms,95%): 64.47 err/s: 0.00 reconn/s: 0.00
[ 103s ] thds: 2 tps: 40.00 qps: 642.99 (r/w/o: 563.00/0.00/80.00) lat (ms,95%): 63.32 err/s: 0.00 reconn/s: 0.00
[ 104s ] thds: 2 tps: 41.00 qps: 650.93 (r/w/o: 568.94/0.00/81.99) lat (ms,95%): 62.19 err/s: 0.00 reconn/s: 0.00
[ 105s ] thds: 2 tps: 39.00 qps: 628.04 (r/w/o: 550.04/0.00/78.01) lat (ms,95%): 64.47 err/s: 0.00 reconn/s: 0.00
[ 106s ] thds: 2 tps: 40.00 qps: 633.95 (r/w/o: 553.96/0.00/79.99) lat (ms,95%): 64.47 err/s: 0.00 reconn/s: 0.00
[ 107s ] thds: 2 tps: 39.01 qps: 637.13 (r/w/o: 559.11/0.00/78.02) lat (ms,95%): 64.47 err/s: 0.00 reconn/s: 0.00
[ 108s ] thds: 2 tps: 40.99 qps: 643.89 (r/w/o: 561.91/0.00/81.99) lat (ms,95%): 63.32 err/s: 0.00 reconn/s: 0.00
[ 109s ] thds: 2 tps: 39.00 qps: 630.07 (r/w/o: 552.06/0.00/78.01) lat (ms,95%): 63.32 err/s: 0.00 reconn/s: 0.00
[ 110s ] thds: 2 tps: 39.99 qps: 631.81 (r/w/o: 551.83/0.00/79.98) lat (ms,95%): 65.65 err/s: 0.00 reconn/s: 0.00
[ 111s ] thds: 2 tps: 39.01 qps: 639.20 (r/w/o: 561.18/0.00/78.02) lat (ms,95%): 65.65 err/s: 0.00 reconn/s: 0.00
[ 112s ] thds: 2 tps: 41.00 qps: 634.06 (r/w/o: 552.05/0.00/82.01) lat (ms,95%): 64.47 err/s: 0.00 reconn/s: 0.00
[ 113s ] thds: 2 tps: 40.00 qps: 639.98 (r/w/o: 560.98/0.00/79.00) lat (ms,95%): 65.65 err/s: 0.00 reconn/s: 0.00
[ 114s ] thds: 2 tps: 38.99 qps: 633.91 (r/w/o: 554.92/0.00/78.99) lat (ms,95%): 64.47 err/s: 0.00 reconn/s: 0.00
[ 115s ] thds: 2 tps: 39.01 qps: 637.12 (r/w/o: 559.11/0.00/78.02) lat (ms,95%): 63.32 err/s: 0.00 reconn/s: 0.00
[ 116s ] thds: 2 tps: 40.99 qps: 637.82 (r/w/o: 555.84/0.00/81.98) lat (ms,95%): 64.47 err/s: 0.00 reconn/s: 0.00
[ 117s ] thds: 2 tps: 39.98 qps: 641.75 (r/w/o: 561.78/0.00/79.97) lat (ms,95%): 64.47 err/s: 0.00 reconn/s: 0.00
[ 118s ] thds: 2 tps: 39.01 qps: 639.25 (r/w/o: 561.22/0.00/78.03) lat (ms,95%): 63.32 err/s: 0.00 reconn/s: 0.00
[ 119s ] thds: 2 tps: 41.00 qps: 639.00 (r/w/o: 557.00/0.00/82.00) lat (ms,95%): 64.47 err/s: 0.00 reconn/s: 0.00
[ 120s ] thds: 2 tps: 40.01 qps: 641.13 (r/w/o: 561.12/0.00/80.02) lat (ms,95%): 65.65 err/s: 0.00 reconn/s: 0.00
[ 121s ] thds: 2 tps: 39.99 qps: 644.83 (r/w/o: 564.85/0.00/79.98) lat (ms,95%): 63.32 err/s: 0.00 reconn/s: 0.00
[ 122s ] thds: 2 tps: 39.00 qps: 628.04 (r/w/o: 550.04/0.00/78.01) lat (ms,95%): 63.32 err/s: 0.00 reconn/s: 0.00
[ 123s ] thds: 2 tps: 40.01 qps: 639.21 (r/w/o: 559.19/0.00/80.03) lat (ms,95%): 64.47 err/s: 0.00 reconn/s: 0.00
[ 124s ] thds: 2 tps: 39.99 qps: 646.82 (r/w/o: 566.84/0.00/79.98) lat (ms,95%): 63.32 err/s: 0.00 reconn/s: 0.00
[ 125s ] thds: 2 tps: 41.00 qps: 648.99 (r/w/o: 566.99/0.00/82.00) lat (ms,95%): 62.19 err/s: 0.00 reconn/s: 0.00
[ 126s ] thds: 2 tps: 39.00 qps: 633.99 (r/w/o: 555.99/0.00/78.00) lat (ms,95%): 64.47 err/s: 0.00 reconn/s: 0.00
[ 127s ] thds: 2 tps: 41.00 qps: 639.01 (r/w/o: 557.01/0.00/82.00) lat (ms,95%): 64.47 err/s: 0.00 reconn/s: 0.00
[ 128s ] thds: 2 tps: 40.00 qps: 646.98 (r/w/o: 566.98/0.00/80.00) lat (ms,95%): 63.32 err/s: 0.00 reconn/s: 0.00
[ 129s ] thds: 2 tps: 41.00 qps: 639.95 (r/w/o: 558.96/0.00/80.99) lat (ms,95%): 64.47 err/s: 0.00 reconn/s: 0.00
[ 130s ] thds: 2 tps: 39.00 qps: 636.06 (r/w/o: 557.06/0.00/79.01) lat (ms,95%): 64.47 err/s: 0.00 reconn/s: 0.00
[ 131s ] thds: 2 tps: 39.00 qps: 637.01 (r/w/o: 559.01/0.00/78.00) lat (ms,95%): 62.19 err/s: 0.00 reconn/s: 0.00
[ 132s ] thds: 2 tps: 40.00 qps: 638.96 (r/w/o: 558.97/0.00/80.00) lat (ms,95%): 65.65 err/s: 0.00 reconn/s: 0.00
[ 133s ] thds: 2 tps: 41.00 qps: 641.02 (r/w/o: 559.02/0.00/82.00) lat (ms,95%): 64.47 err/s: 0.00 reconn/s: 0.00
[ 134s ] thds: 2 tps: 40.00 qps: 642.99 (r/w/o: 562.99/0.00/80.00) lat (ms,95%): 64.47 err/s: 0.00 reconn/s: 0.00
[ 135s ] thds: 2 tps: 41.01 qps: 648.11 (r/w/o: 566.09/0.00/82.01) lat (ms,95%): 63.32 err/s: 0.00 reconn/s: 0.00
[ 136s ] thds: 2 tps: 39.00 qps: 635.93 (r/w/o: 557.94/0.00/77.99) lat (ms,95%): 66.84 err/s: 0.00 reconn/s: 0.00
[ 137s ] thds: 2 tps: 40.00 qps: 645.94 (r/w/o: 565.95/0.00/79.99) lat (ms,95%): 64.47 err/s: 0.00 reconn/s: 0.00
[ 138s ] thds: 2 tps: 41.00 qps: 646.98 (r/w/o: 564.98/0.00/82.00) lat (ms,95%): 64.47 err/s: 0.00 reconn/s: 0.00
[ 139s ] thds: 2 tps: 40.00 qps: 639.97 (r/w/o: 559.98/0.00/80.00) lat (ms,95%): 65.65 err/s: 0.00 reconn/s: 0.00
[ 140s ] thds: 2 tps: 39.01 qps: 637.09 (r/w/o: 559.08/0.00/78.01) lat (ms,95%): 63.32 err/s: 0.00 reconn/s: 0.00
[ 141s ] thds: 2 tps: 40.00 qps: 635.97 (r/w/o: 555.98/0.00/80.00) lat (ms,95%): 64.47 err/s: 0.00 reconn/s: 0.00
[ 142s ] thds: 2 tps: 40.99 qps: 642.84 (r/w/o: 560.86/0.00/81.98) lat (ms,95%): 64.47 err/s: 0.00 reconn/s: 0.00
[ 143s ] thds: 2 tps: 39.01 qps: 635.17 (r/w/o: 557.15/0.00/78.02) lat (ms,95%): 64.47 err/s: 0.00 reconn/s: 0.00
[ 144s ] thds: 2 tps: 40.00 qps: 635.93 (r/w/o: 555.94/0.00/79.99) lat (ms,95%): 63.32 err/s: 0.00 reconn/s: 0.00
[ 145s ] thds: 2 tps: 40.99 qps: 650.92 (r/w/o: 568.93/0.00/81.99) lat (ms,95%): 64.47 err/s: 0.00 reconn/s: 0.00
[ 146s ] thds: 2 tps: 39.01 qps: 623.15 (r/w/o: 545.13/0.00/78.02) lat (ms,95%): 65.65 err/s: 0.00 reconn/s: 0.00
[ 147s ] thds: 2 tps: 39.00 qps: 639.07 (r/w/o: 561.06/0.00/78.01) lat (ms,95%): 65.65 err/s: 0.00 reconn/s: 0.00
[ 148s ] thds: 2 tps: 40.99 qps: 639.86 (r/w/o: 557.88/0.00/81.98) lat (ms,95%): 64.47 err/s: 0.00 reconn/s: 0.00
[ 149s ] thds: 2 tps: 40.01 qps: 637.09 (r/w/o: 557.08/0.00/80.01) lat (ms,95%): 65.65 err/s: 0.00 reconn/s: 0.00
[ 150s ] thds: 2 tps: 38.99 qps: 635.92 (r/w/o: 557.93/0.00/77.99) lat (ms,95%): 63.32 err/s: 0.00 reconn/s: 0.00
[ 151s ] thds: 2 tps: 40.00 qps: 637.03 (r/w/o: 557.02/0.00/80.00) lat (ms,95%): 64.47 err/s: 0.00 reconn/s: 0.00
[ 152s ] thds: 2 tps: 39.99 qps: 631.86 (r/w/o: 551.88/0.00/79.98) lat (ms,95%): 63.32 err/s: 0.00 reconn/s: 0.00
[ 153s ] thds: 2 tps: 39.01 qps: 635.16 (r/w/o: 557.14/0.00/78.02) lat (ms,95%): 64.47 err/s: 0.00 reconn/s: 0.00
[ 154s ] thds: 2 tps: 40.00 qps: 632.96 (r/w/o: 552.96/0.00/79.99) lat (ms,95%): 65.65 err/s: 0.00 reconn/s: 0.00
[ 155s ] thds: 2 tps: 40.00 qps: 638.01 (r/w/o: 558.01/0.00/80.00) lat (ms,95%): 64.47 err/s: 0.00 reconn/s: 0.00
[ 156s ] thds: 2 tps: 39.00 qps: 635.05 (r/w/o: 557.04/0.00/78.01) lat (ms,95%): 65.65 err/s: 0.00 reconn/s: 0.00
[ 157s ] thds: 2 tps: 40.00 qps: 624.97 (r/w/o: 544.97/0.00/80.00) lat (ms,95%): 66.84 err/s: 0.00 reconn/s: 0.00
[ 158s ] thds: 2 tps: 38.00 qps: 621.99 (r/w/o: 545.99/0.00/76.00) lat (ms,95%): 66.84 err/s: 0.00 reconn/s: 0.00
[ 159s ] thds: 2 tps: 40.00 qps: 633.01 (r/w/o: 554.01/0.00/79.00) lat (ms,95%): 65.65 err/s: 0.00 reconn/s: 0.00
[ 160s ] thds: 2 tps: 40.02 qps: 635.25 (r/w/o: 554.22/0.00/81.03) lat (ms,95%): 63.32 err/s: 0.00 reconn/s: 0.00
[ 161s ] thds: 2 tps: 39.00 qps: 627.99 (r/w/o: 549.99/0.00/78.00) lat (ms,95%): 65.65 err/s: 0.00 reconn/s: 0.00
[ 162s ] thds: 2 tps: 38.99 qps: 626.88 (r/w/o: 548.89/0.00/77.98) lat (ms,95%): 63.32 err/s: 0.00 reconn/s: 0.00
[ 163s ] thds: 2 tps: 39.99 qps: 634.84 (r/w/o: 554.86/0.00/79.98) lat (ms,95%): 65.65 err/s: 0.00 reconn/s: 0.00
[ 164s ] thds: 2 tps: 38.99 qps: 627.86 (r/w/o: 549.88/0.00/77.98) lat (ms,95%): 66.84 err/s: 0.00 reconn/s: 0.00
[ 165s ] thds: 2 tps: 40.02 qps: 638.33 (r/w/o: 558.29/0.00/80.04) lat (ms,95%): 65.65 err/s: 0.00 reconn/s: 0.00
[ 166s ] thds: 2 tps: 39.99 qps: 629.82 (r/w/o: 550.84/0.00/78.98) lat (ms,95%): 65.65 err/s: 0.00 reconn/s: 0.00
[ 167s ] thds: 2 tps: 39.01 qps: 636.12 (r/w/o: 557.10/0.00/79.01) lat (ms,95%): 64.47 err/s: 0.00 reconn/s: 0.00
[ 168s ] thds: 2 tps: 40.00 qps: 635.94 (r/w/o: 555.95/0.00/79.99) lat (ms,95%): 64.47 err/s: 0.00 reconn/s: 0.00
[ 169s ] thds: 2 tps: 39.00 qps: 632.01 (r/w/o: 554.01/0.00/78.00) lat (ms,95%): 62.19 err/s: 0.00 reconn/s: 0.00
[ 170s ] thds: 2 tps: 39.99 qps: 635.78 (r/w/o: 555.80/0.00/79.97) lat (ms,95%): 64.47 err/s: 0.00 reconn/s: 0.00
[ 171s ] thds: 2 tps: 40.01 qps: 631.22 (r/w/o: 551.19/0.00/80.03) lat (ms,95%): 65.65 err/s: 0.00 reconn/s: 0.00
[ 172s ] thds: 2 tps: 39.99 qps: 639.80 (r/w/o: 559.82/0.00/79.97) lat (ms,95%): 64.47 err/s: 0.00 reconn/s: 0.00
[ 173s ] thds: 2 tps: 39.01 qps: 635.16 (r/w/o: 557.14/0.00/78.02) lat (ms,95%): 64.47 err/s: 0.00 reconn/s: 0.00
[ 174s ] thds: 2 tps: 40.01 qps: 634.11 (r/w/o: 554.09/0.00/80.01) lat (ms,95%): 66.84 err/s: 0.00 reconn/s: 0.00
[ 175s ] thds: 2 tps: 38.99 qps: 631.90 (r/w/o: 553.91/0.00/77.99) lat (ms,95%): 64.47 err/s: 0.00 reconn/s: 0.00
[ 176s ] thds: 2 tps: 41.01 qps: 647.11 (r/w/o: 565.09/0.00/82.01) lat (ms,95%): 65.65 err/s: 0.00 reconn/s: 0.00
[ 177s ] thds: 2 tps: 40.00 qps: 638.01 (r/w/o: 558.01/0.00/80.00) lat (ms,95%): 66.84 err/s: 0.00 reconn/s: 0.00
[ 178s ] thds: 2 tps: 38.99 qps: 636.80 (r/w/o: 558.82/0.00/77.97) lat (ms,95%): 65.65 err/s: 0.00 reconn/s: 0.00
[ 179s ] thds: 2 tps: 40.01 qps: 640.21 (r/w/o: 560.18/0.00/80.03) lat (ms,95%): 63.32 err/s: 0.00 reconn/s: 0.00
[ 180s ] thds: 2 tps: 39.99 qps: 639.91 (r/w/o: 559.92/0.00/79.99) lat (ms,95%): 62.19 err/s: 0.00 reconn/s: 0.00
[ 181s ] thds: 2 tps: 39.99 qps: 640.92 (r/w/o: 560.93/0.00/79.99) lat (ms,95%): 64.47 err/s: 0.00 reconn/s: 0.00
[ 182s ] thds: 2 tps: 40.00 qps: 635.00 (r/w/o: 555.00/0.00/80.00) lat (ms,95%): 64.47 err/s: 0.00 reconn/s: 0.00
[ 183s ] thds: 2 tps: 40.99 qps: 644.91 (r/w/o: 562.92/0.00/81.99) lat (ms,95%): 64.47 err/s: 0.00 reconn/s: 0.00
[ 184s ] thds: 2 tps: 39.01 qps: 636.21 (r/w/o: 558.19/0.00/78.03) lat (ms,95%): 64.47 err/s: 0.00 reconn/s: 0.00
[ 185s ] thds: 2 tps: 39.99 qps: 636.86 (r/w/o: 556.88/0.00/79.98) lat (ms,95%): 64.47 err/s: 0.00 reconn/s: 0.00
[ 186s ] thds: 2 tps: 39.01 qps: 623.15 (r/w/o: 545.13/0.00/78.02) lat (ms,95%): 65.65 err/s: 0.00 reconn/s: 0.00
[ 187s ] thds: 2 tps: 40.00 qps: 644.99 (r/w/o: 564.99/0.00/80.00) lat (ms,95%): 62.19 err/s: 0.00 reconn/s: 0.00
[ 188s ] thds: 2 tps: 40.00 qps: 632.04 (r/w/o: 552.04/0.00/80.01) lat (ms,95%): 66.84 err/s: 0.00 reconn/s: 0.00
[ 189s ] thds: 2 tps: 38.99 qps: 637.77 (r/w/o: 559.80/0.00/77.97) lat (ms,95%): 65.65 err/s: 0.00 reconn/s: 0.00
[ 190s ] thds: 2 tps: 40.03 qps: 638.44 (r/w/o: 558.39/0.00/80.06) lat (ms,95%): 66.84 err/s: 0.00 reconn/s: 0.00
[ 191s ] thds: 2 tps: 38.99 qps: 624.81 (r/w/o: 546.83/0.00/77.98) lat (ms,95%): 63.32 err/s: 0.00 reconn/s: 0.00
[ 192s ] thds: 2 tps: 40.99 qps: 636.80 (r/w/o: 554.82/0.00/81.97) lat (ms,95%): 64.47 err/s: 0.00 reconn/s: 0.00
[ 193s ] thds: 2 tps: 39.00 qps: 629.03 (r/w/o: 551.03/0.00/78.00) lat (ms,95%): 64.47 err/s: 0.00 reconn/s: 0.00
[ 194s ] thds: 2 tps: 40.01 qps: 637.12 (r/w/o: 557.10/0.00/80.01) lat (ms,95%): 65.65 err/s: 0.00 reconn/s: 0.00
[ 195s ] thds: 2 tps: 39.00 qps: 646.00 (r/w/o: 568.00/0.00/78.00) lat (ms,95%): 63.32 err/s: 0.00 reconn/s: 0.00
[ 196s ] thds: 2 tps: 40.99 qps: 646.87 (r/w/o: 564.88/0.00/81.98) lat (ms,95%): 63.32 err/s: 0.00 reconn/s: 0.00
[ 197s ] thds: 2 tps: 40.00 qps: 635.00 (r/w/o: 555.00/0.00/80.00) lat (ms,95%): 63.32 err/s: 0.00 reconn/s: 0.00
[ 198s ] thds: 2 tps: 40.00 qps: 639.99 (r/w/o: 559.99/0.00/80.00) lat (ms,95%): 63.32 err/s: 0.00 reconn/s: 0.00
[ 199s ] thds: 2 tps: 40.00 qps: 631.99 (r/w/o: 551.99/0.00/80.00) lat (ms,95%): 64.47 err/s: 0.00 reconn/s: 0.00
[ 200s ] thds: 2 tps: 39.00 qps: 636.94 (r/w/o: 558.95/0.00/77.99) lat (ms,95%): 63.32 err/s: 0.00 reconn/s: 0.00
[ 201s ] thds: 2 tps: 40.01 qps: 643.17 (r/w/o: 563.15/0.00/80.02) lat (ms,95%): 64.47 err/s: 0.00 reconn/s: 0.00
[ 202s ] thds: 2 tps: 39.99 qps: 635.83 (r/w/o: 555.85/0.00/79.98) lat (ms,95%): 64.47 err/s: 0.00 reconn/s: 0.00
[ 203s ] thds: 2 tps: 39.01 qps: 628.08 (r/w/o: 550.07/0.00/78.01) lat (ms,95%): 65.65 err/s: 0.00 reconn/s: 0.00
[ 204s ] thds: 2 tps: 41.01 qps: 643.09 (r/w/o: 562.08/0.00/81.01) lat (ms,95%): 64.47 err/s: 0.00 reconn/s: 0.00
[ 205s ] thds: 2 tps: 39.01 qps: 630.17 (r/w/o: 551.15/0.00/79.02) lat (ms,95%): 65.65 err/s: 0.00 reconn/s: 0.00
[ 206s ] thds: 2 tps: 39.99 qps: 634.82 (r/w/o: 554.84/0.00/79.98) lat (ms,95%): 66.84 err/s: 0.00 reconn/s: 0.00
[ 207s ] thds: 2 tps: 39.00 qps: 632.99 (r/w/o: 554.99/0.00/78.00) lat (ms,95%): 64.47 err/s: 0.00 reconn/s: 0.00
[ 208s ] thds: 2 tps: 40.00 qps: 634.93 (r/w/o: 554.94/0.00/79.99) lat (ms,95%): 66.84 err/s: 0.00 reconn/s: 0.00
[ 209s ] thds: 2 tps: 39.00 qps: 627.97 (r/w/o: 549.97/0.00/78.00) lat (ms,95%): 65.65 err/s: 0.00 reconn/s: 0.00
[ 210s ] thds: 2 tps: 40.00 qps: 636.97 (r/w/o: 556.98/0.00/80.00) lat (ms,95%): 65.65 err/s: 0.00 reconn/s: 0.00
[ 211s ] thds: 2 tps: 39.00 qps: 632.03 (r/w/o: 554.02/0.00/78.00) lat (ms,95%): 65.65 err/s: 0.00 reconn/s: 0.00
[ 212s ] thds: 2 tps: 39.99 qps: 635.85 (r/w/o: 555.87/0.00/79.98) lat (ms,95%): 64.47 err/s: 0.00 reconn/s: 0.00
[ 213s ] thds: 2 tps: 39.01 qps: 632.11 (r/w/o: 554.10/0.00/78.01) lat (ms,95%): 64.47 err/s: 0.00 reconn/s: 0.00
[ 214s ] thds: 2 tps: 40.00 qps: 630.04 (r/w/o: 550.04/0.00/80.01) lat (ms,95%): 65.65 err/s: 0.00 reconn/s: 0.00
[ 215s ] thds: 2 tps: 40.00 qps: 636.98 (r/w/o: 556.98/0.00/80.00) lat (ms,95%): 64.47 err/s: 0.00 reconn/s: 0.00
[ 216s ] thds: 2 tps: 39.00 qps: 627.01 (r/w/o: 549.01/0.00/78.00) lat (ms,95%): 65.65 err/s: 0.00 reconn/s: 0.00
[ 217s ] thds: 2 tps: 40.01 qps: 641.09 (r/w/o: 561.08/0.00/80.01) lat (ms,95%): 64.47 err/s: 0.00 reconn/s: 0.00
[ 218s ] thds: 2 tps: 39.99 qps: 631.81 (r/w/o: 551.84/0.00/79.98) lat (ms,95%): 65.65 err/s: 0.00 reconn/s: 0.00
[ 219s ] thds: 2 tps: 40.02 qps: 640.24 (r/w/o: 560.21/0.00/80.03) lat (ms,95%): 63.32 err/s: 0.00 reconn/s: 0.00
[ 220s ] thds: 2 tps: 38.99 qps: 634.88 (r/w/o: 556.89/0.00/77.98) lat (ms,95%): 63.32 err/s: 0.00 reconn/s: 0.00
[ 221s ] thds: 2 tps: 41.00 qps: 647.97 (r/w/o: 565.97/0.00/82.00) lat (ms,95%): 63.32 err/s: 0.00 reconn/s: 0.00
[ 222s ] thds: 2 tps: 39.99 qps: 637.81 (r/w/o: 557.83/0.00/79.98) lat (ms,95%): 65.65 err/s: 0.00 reconn/s: 0.00
[ 223s ] thds: 2 tps: 40.01 qps: 642.20 (r/w/o: 562.18/0.00/80.03) lat (ms,95%): 63.32 err/s: 0.00 reconn/s: 0.00
[ 224s ] thds: 2 tps: 40.01 qps: 647.09 (r/w/o: 567.08/0.00/80.01) lat (ms,95%): 65.65 err/s: 0.00 reconn/s: 0.00
[ 225s ] thds: 2 tps: 40.99 qps: 639.83 (r/w/o: 557.85/0.00/81.98) lat (ms,95%): 65.65 err/s: 0.00 reconn/s: 0.00
[ 226s ] thds: 2 tps: 39.00 qps: 636.01 (r/w/o: 558.01/0.00/78.00) lat (ms,95%): 65.65 err/s: 0.00 reconn/s: 0.00
[ 227s ] thds: 2 tps: 40.02 qps: 645.40 (r/w/o: 565.35/0.00/80.05) lat (ms,95%): 64.47 err/s: 0.00 reconn/s: 0.00
[ 228s ] thds: 2 tps: 39.97 qps: 636.59 (r/w/o: 556.64/0.00/79.95) lat (ms,95%): 64.47 err/s: 0.00 reconn/s: 0.00
[ 229s ] thds: 2 tps: 40.01 qps: 632.19 (r/w/o: 552.16/0.00/80.02) lat (ms,95%): 64.47 err/s: 0.00 reconn/s: 0.00
[ 230s ] thds: 2 tps: 38.99 qps: 632.90 (r/w/o: 554.92/0.00/77.99) lat (ms,95%): 64.47 err/s: 0.00 reconn/s: 0.00
[ 231s ] thds: 2 tps: 40.00 qps: 634.99 (r/w/o: 554.99/0.00/80.00) lat (ms,95%): 65.65 err/s: 0.00 reconn/s: 0.00
[ 232s ] thds: 2 tps: 41.00 qps: 653.95 (r/w/o: 571.95/0.00/81.99) lat (ms,95%): 63.32 err/s: 0.00 reconn/s: 0.00
[ 233s ] thds: 2 tps: 39.99 qps: 637.85 (r/w/o: 557.87/0.00/79.98) lat (ms,95%): 65.65 err/s: 0.00 reconn/s: 0.00
[ 234s ] thds: 2 tps: 39.01 qps: 621.10 (r/w/o: 544.09/0.00/77.01) lat (ms,95%): 64.47 err/s: 0.00 reconn/s: 0.00
[ 235s ] thds: 2 tps: 40.00 qps: 640.04 (r/w/o: 559.04/0.00/81.01) lat (ms,95%): 63.32 err/s: 0.00 reconn/s: 0.00
[ 236s ] thds: 2 tps: 39.03 qps: 640.43 (r/w/o: 562.37/0.00/78.05) lat (ms,95%): 63.32 err/s: 0.00 reconn/s: 0.00
[ 237s ] thds: 2 tps: 39.97 qps: 629.56 (r/w/o: 549.62/0.00/79.94) lat (ms,95%): 65.65 err/s: 0.00 reconn/s: 0.00
[ 238s ] thds: 2 tps: 40.00 qps: 643.01 (r/w/o: 563.01/0.00/80.00) lat (ms,95%): 64.47 err/s: 0.00 reconn/s: 0.00
[ 239s ] thds: 2 tps: 40.03 qps: 635.42 (r/w/o: 556.36/0.00/79.05) lat (ms,95%): 64.47 err/s: 0.00 reconn/s: 0.00
[ 240s ] thds: 2 tps: 39.00 qps: 622.93 (r/w/o: 543.94/0.00/78.99) lat (ms,95%): 65.65 err/s: 0.00 reconn/s: 0.00
Latency histogram (values are in milliseconds)
       value  ------------- distribution ------------- count
      34.954 |                                         6
      35.589 |*                                        17
      36.236 |**                                       34
      36.894 |***                                      55
      37.565 |*****                                    93
      38.247 |********                                 153
      38.942 |***********                              212
      39.650 |******************                       341
      40.370 |***********************                  444
      41.104 |****************************             523
      41.851 |**********************************       647
      42.611 |**************************************** 756
      43.385 |***************************************  730
      44.173 |**********************************       638
      44.976 |*************************                464
      45.793 |**************                           261
      46.625 |********                                 146
      47.472 |****                                     73
      48.335 |**                                       34
      49.213 |*                                        13
      50.107 |                                         5
      51.018 |                                         6
      51.945 |                                         5
      52.889 |*                                        16
      53.850 |*                                        20
      54.828 |***                                      62
      55.824 |*****                                    92
      56.839 |*********                                162
      57.871 |************                             235
      58.923 |****************                         300
      59.993 |***********************                  438
      61.083 |***************************              501
      62.193 |******************************           568
      63.323 |***************************              517
      64.474 |***********************                  440
      65.645 |***************                          286
      66.838 |********                                 142
      68.053 |****                                     70
      69.289 |*                                        24
      70.548 |*                                        10
      71.830 |                                         5
      89.155 |                                         1
 
SQL statistics:
    queries performed:
        read:                            133623
        write:                           0
        other:                           19088
        total:                           152711
    transactions:                        9545   (39.76 per sec.)
    queries:                             152711 (636.13 per sec.)
    ignored errors:                      0      (0.00 per sec.)
    reconnects:                          0      (0.00 per sec.)

Throughput:
    events/s (eps):                      39.7605
    time elapsed:                        240.0627s
    total number of events:              9545

Latency (ms):
         min:                                   34.84
         avg:                                   50.30
         max:                                   89.51
         95th percentile:                       65.65
         sum:                               480087.24

Threads fairness:
    events (avg/stddev):           4772.5000/884.50
    execution time (avg/stddev):   240.0436/0.03

