sysbench 1.1.0-3ceba0b (using bundled LuaJIT 2.1.0-beta3)

Running the test with following options:
Number of threads: 32
Warmup time: 60s
Report intermediate results every 1 second(s)
Initializing random number generator from current time


Initializing worker threads...

Threads started!

Warming up for 60 seconds...

[ 1s ] thds: 32 tps: 688.19 qps: 4130.23 (r/w/o: 0.00/2708.95/1421.28) lat (ms,95%): 137.35 err/s: 0.00 reconn/s: 0.00
[ 2s ] thds: 32 tps: 551.99 qps: 3314.95 (r/w/o: 0.00/2180.97/1133.98) lat (ms,95%): 84.47 err/s: 0.00 reconn/s: 0.00
[ 3s ] thds: 32 tps: 530.83 qps: 3209.95 (r/w/o: 0.00/2109.31/1100.64) lat (ms,95%): 134.90 err/s: 0.00 reconn/s: 0.00
[ 4s ] thds: 32 tps: 478.99 qps: 2882.97 (r/w/o: 0.00/1905.98/976.99) lat (ms,95%): 139.85 err/s: 0.00 reconn/s: 0.00
[ 5s ] thds: 32 tps: 488.18 qps: 2901.04 (r/w/o: 0.00/1893.68/1007.36) lat (ms,95%): 137.35 err/s: 0.00 reconn/s: 0.00
[ 6s ] thds: 32 tps: 512.73 qps: 3083.40 (r/w/o: 0.00/2016.95/1066.45) lat (ms,95%): 139.85 err/s: 0.00 reconn/s: 0.00
[ 7s ] thds: 32 tps: 550.00 qps: 3304.03 (r/w/o: 0.00/2166.02/1138.01) lat (ms,95%): 139.85 err/s: 0.00 reconn/s: 0.00
[ 8s ] thds: 32 tps: 573.99 qps: 3450.92 (r/w/o: 0.00/2264.95/1185.97) lat (ms,95%): 106.75 err/s: 0.00 reconn/s: 0.00
[ 9s ] thds: 32 tps: 538.99 qps: 3238.94 (r/w/o: 0.00/2131.96/1106.98) lat (ms,95%): 116.80 err/s: 0.00 reconn/s: 0.00
[ 10s ] thds: 32 tps: 533.00 qps: 3185.01 (r/w/o: 0.00/2081.01/1104.00) lat (ms,95%): 114.72 err/s: 0.00 reconn/s: 0.00
[ 11s ] thds: 32 tps: 551.34 qps: 3328.04 (r/w/o: 0.00/2191.35/1136.70) lat (ms,95%): 118.92 err/s: 0.00 reconn/s: 0.00
[ 12s ] thds: 32 tps: 524.78 qps: 3123.67 (r/w/o: 0.00/2035.13/1088.54) lat (ms,95%): 132.49 err/s: 0.00 reconn/s: 0.00
[ 13s ] thds: 32 tps: 525.10 qps: 3139.58 (r/w/o: 0.00/2057.38/1082.20) lat (ms,95%): 134.90 err/s: 0.00 reconn/s: 0.00
[ 14s ] thds: 32 tps: 524.08 qps: 3156.48 (r/w/o: 0.00/2077.32/1079.17) lat (ms,95%): 132.49 err/s: 0.00 reconn/s: 0.00
[ 15s ] thds: 32 tps: 518.58 qps: 3101.48 (r/w/o: 0.00/2034.35/1067.13) lat (ms,95%): 142.39 err/s: 0.00 reconn/s: 0.00
[ 16s ] thds: 32 tps: 522.21 qps: 3146.26 (r/w/o: 0.00/2062.83/1083.43) lat (ms,95%): 147.61 err/s: 0.00 reconn/s: 0.00
[ 17s ] thds: 32 tps: 523.96 qps: 3149.76 (r/w/o: 0.00/2066.84/1082.92) lat (ms,95%): 144.97 err/s: 0.00 reconn/s: 0.00
[ 18s ] thds: 32 tps: 521.22 qps: 3109.32 (r/w/o: 0.00/2030.86/1078.46) lat (ms,95%): 150.29 err/s: 0.00 reconn/s: 0.00
[ 19s ] thds: 32 tps: 542.73 qps: 3298.34 (r/w/o: 0.00/2175.91/1122.44) lat (ms,95%): 155.80 err/s: 0.00 reconn/s: 0.00
[ 20s ] thds: 32 tps: 564.01 qps: 3368.03 (r/w/o: 0.00/2206.02/1162.01) lat (ms,95%): 150.29 err/s: 0.00 reconn/s: 0.00
[ 21s ] thds: 32 tps: 509.19 qps: 3050.11 (r/w/o: 0.00/1995.73/1054.39) lat (ms,95%): 150.29 err/s: 0.00 reconn/s: 0.00
[ 22s ] thds: 32 tps: 499.82 qps: 2978.94 (r/w/o: 0.00/1937.31/1041.63) lat (ms,95%): 186.54 err/s: 0.00 reconn/s: 0.00
[ 23s ] thds: 32 tps: 506.27 qps: 3044.65 (r/w/o: 0.00/1988.08/1056.57) lat (ms,95%): 112.67 err/s: 0.00 reconn/s: 0.00
[ 24s ] thds: 32 tps: 513.94 qps: 3077.65 (r/w/o: 0.00/2015.77/1061.88) lat (ms,95%): 114.72 err/s: 0.00 reconn/s: 0.00
[ 25s ] thds: 32 tps: 494.77 qps: 2989.58 (r/w/o: 0.00/1966.07/1023.51) lat (ms,95%): 116.80 err/s: 0.00 reconn/s: 0.00
[ 26s ] thds: 32 tps: 497.95 qps: 2990.68 (r/w/o: 0.00/1966.79/1023.89) lat (ms,95%): 102.97 err/s: 0.00 reconn/s: 0.00
[ 27s ] thds: 32 tps: 512.05 qps: 3050.30 (r/w/o: 0.00/1999.20/1051.10) lat (ms,95%): 106.75 err/s: 0.00 reconn/s: 0.00
[ 28s ] thds: 32 tps: 539.09 qps: 3236.53 (r/w/o: 0.00/2122.35/1114.18) lat (ms,95%): 101.13 err/s: 0.00 reconn/s: 0.00
[ 29s ] thds: 32 tps: 555.01 qps: 3330.05 (r/w/o: 0.00/2179.03/1151.02) lat (ms,95%): 99.33 err/s: 0.00 reconn/s: 0.00
[ 30s ] thds: 32 tps: 532.21 qps: 3197.25 (r/w/o: 0.00/2109.83/1087.43) lat (ms,95%): 101.13 err/s: 0.00 reconn/s: 0.00
[ 31s ] thds: 32 tps: 525.72 qps: 3158.29 (r/w/o: 0.00/2068.88/1089.41) lat (ms,95%): 127.81 err/s: 0.00 reconn/s: 0.00
[ 32s ] thds: 32 tps: 530.28 qps: 3164.70 (r/w/o: 0.00/2070.11/1094.59) lat (ms,95%): 130.13 err/s: 0.00 reconn/s: 0.00
[ 33s ] thds: 32 tps: 498.05 qps: 3010.31 (r/w/o: 0.00/1971.20/1039.11) lat (ms,95%): 137.35 err/s: 0.00 reconn/s: 0.00
[ 34s ] thds: 32 tps: 512.93 qps: 3065.60 (r/w/o: 0.00/2008.74/1056.86) lat (ms,95%): 137.35 err/s: 0.00 reconn/s: 0.00
[ 35s ] thds: 32 tps: 503.73 qps: 3022.38 (r/w/o: 0.00/1983.94/1038.44) lat (ms,95%): 167.44 err/s: 0.00 reconn/s: 0.00
[ 36s ] thds: 32 tps: 508.28 qps: 3047.71 (r/w/o: 0.00/2006.12/1041.58) lat (ms,95%): 167.44 err/s: 0.00 reconn/s: 0.00
[ 37s ] thds: 32 tps: 513.83 qps: 3081.98 (r/w/o: 0.00/2023.33/1058.65) lat (ms,95%): 170.48 err/s: 0.00 reconn/s: 0.00
[ 38s ] thds: 32 tps: 528.18 qps: 3173.08 (r/w/o: 0.00/2070.71/1102.38) lat (ms,95%): 161.51 err/s: 0.00 reconn/s: 0.00
[ 39s ] thds: 32 tps: 526.99 qps: 3139.93 (r/w/o: 0.00/2046.96/1092.98) lat (ms,95%): 164.45 err/s: 0.00 reconn/s: 0.00
[ 40s ] thds: 32 tps: 498.07 qps: 2994.40 (r/w/o: 0.00/1961.26/1033.14) lat (ms,95%): 164.45 err/s: 0.00 reconn/s: 0.00
[ 41s ] thds: 32 tps: 530.98 qps: 3192.91 (r/w/o: 0.00/2098.94/1093.97) lat (ms,95%): 153.02 err/s: 0.00 reconn/s: 0.00
[ 42s ] thds: 32 tps: 521.91 qps: 3153.48 (r/w/o: 0.00/2080.66/1072.82) lat (ms,95%): 150.29 err/s: 0.00 reconn/s: 0.00
[ 43s ] thds: 32 tps: 503.99 qps: 3010.94 (r/w/o: 0.00/1971.96/1038.98) lat (ms,95%): 215.44 err/s: 0.00 reconn/s: 0.00
[ 44s ] thds: 32 tps: 481.02 qps: 2911.13 (r/w/o: 0.00/1915.09/996.05) lat (ms,95%): 219.36 err/s: 0.00 reconn/s: 0.00
[ 45s ] thds: 32 tps: 492.65 qps: 2935.90 (r/w/o: 0.00/1923.62/1012.28) lat (ms,95%): 223.34 err/s: 0.00 reconn/s: 0.00
[ 46s ] thds: 32 tps: 519.41 qps: 3133.50 (r/w/o: 0.00/2066.65/1066.85) lat (ms,95%): 204.11 err/s: 0.00 reconn/s: 0.00
[ 47s ] thds: 32 tps: 500.78 qps: 2977.67 (r/w/o: 0.00/1941.13/1036.54) lat (ms,95%): 196.89 err/s: 0.00 reconn/s: 0.00
[ 48s ] thds: 32 tps: 495.17 qps: 2990.06 (r/w/o: 0.00/1972.70/1017.36) lat (ms,95%): 155.80 err/s: 0.00 reconn/s: 0.00
[ 49s ] thds: 32 tps: 494.02 qps: 2941.11 (r/w/o: 0.00/1927.07/1014.04) lat (ms,95%): 193.38 err/s: 0.00 reconn/s: 0.00
[ 50s ] thds: 32 tps: 505.92 qps: 3042.53 (r/w/o: 0.00/1987.69/1054.84) lat (ms,95%): 155.80 err/s: 0.00 reconn/s: 0.00
[ 51s ] thds: 32 tps: 705.16 qps: 4247.95 (r/w/o: 0.00/2796.62/1451.32) lat (ms,95%): 130.13 err/s: 0.00 reconn/s: 0.00
[ 52s ] thds: 32 tps: 716.90 qps: 4309.38 (r/w/o: 0.00/2831.60/1477.79) lat (ms,95%): 139.85 err/s: 0.00 reconn/s: 0.00
[ 53s ] thds: 32 tps: 715.01 qps: 4267.04 (r/w/o: 0.00/2801.03/1466.02) lat (ms,95%): 144.97 err/s: 0.00 reconn/s: 0.00
[ 54s ] thds: 32 tps: 709.02 qps: 4243.11 (r/w/o: 0.00/2768.07/1475.04) lat (ms,95%): 139.85 err/s: 0.00 reconn/s: 0.00
[ 55s ] thds: 32 tps: 732.12 qps: 4409.74 (r/w/o: 0.00/2903.49/1506.25) lat (ms,95%): 112.67 err/s: 0.00 reconn/s: 0.00
[ 56s ] thds: 32 tps: 652.62 qps: 3923.74 (r/w/o: 0.00/2571.52/1352.22) lat (ms,95%): 110.66 err/s: 0.00 reconn/s: 0.00
[ 57s ] thds: 32 tps: 514.23 qps: 3066.37 (r/w/o: 0.00/2012.90/1053.47) lat (ms,95%): 132.49 err/s: 0.00 reconn/s: 0.00
[ 58s ] thds: 32 tps: 521.98 qps: 3140.87 (r/w/o: 0.00/2059.92/1080.96) lat (ms,95%): 139.85 err/s: 0.00 reconn/s: 0.00
[ 59s ] thds: 32 tps: 536.05 qps: 3200.33 (r/w/o: 0.00/2098.22/1102.11) lat (ms,95%): 132.49 err/s: 0.00 reconn/s: 0.00
[ 60s ] thds: 32 tps: 533.68 qps: 3226.07 (r/w/o: 0.00/2130.72/1095.34) lat (ms,95%): 139.85 err/s: 0.00 reconn/s: 0.00
[ 61s ] thds: 32 tps: 511.11 qps: 3066.66 (r/w/o: 0.00/2016.43/1050.23) lat (ms,95%): 173.58 err/s: 0.00 reconn/s: 0.00
[ 62s ] thds: 32 tps: 506.12 qps: 3014.72 (r/w/o: 0.00/1971.47/1043.25) lat (ms,95%): 167.44 err/s: 0.00 reconn/s: 0.00
[ 63s ] thds: 32 tps: 495.73 qps: 2984.37 (r/w/o: 0.00/1958.93/1025.44) lat (ms,95%): 170.48 err/s: 0.00 reconn/s: 0.00
[ 64s ] thds: 32 tps: 532.26 qps: 3229.56 (r/w/o: 0.00/2131.03/1098.53) lat (ms,95%): 161.51 err/s: 0.00 reconn/s: 0.00
[ 65s ] thds: 32 tps: 543.07 qps: 3230.42 (r/w/o: 0.00/2109.28/1121.15) lat (ms,95%): 158.63 err/s: 0.00 reconn/s: 0.00
[ 66s ] thds: 32 tps: 518.96 qps: 3092.78 (r/w/o: 0.00/2016.86/1075.92) lat (ms,95%): 164.45 err/s: 0.00 reconn/s: 0.00
[ 67s ] thds: 32 tps: 508.77 qps: 3052.60 (r/w/o: 0.00/2009.08/1043.52) lat (ms,95%): 164.45 err/s: 0.00 reconn/s: 0.00
[ 68s ] thds: 32 tps: 559.28 qps: 3367.67 (r/w/o: 0.00/2219.10/1148.57) lat (ms,95%): 116.80 err/s: 0.00 reconn/s: 0.00
[ 69s ] thds: 32 tps: 568.79 qps: 3411.76 (r/w/o: 0.00/2230.19/1181.57) lat (ms,95%): 110.66 err/s: 0.00 reconn/s: 0.00
[ 70s ] thds: 32 tps: 532.06 qps: 3207.38 (r/w/o: 0.00/2103.25/1104.13) lat (ms,95%): 118.92 err/s: 0.00 reconn/s: 0.00
[ 71s ] thds: 32 tps: 493.10 qps: 2974.59 (r/w/o: 0.00/1960.39/1014.20) lat (ms,95%): 144.97 err/s: 0.00 reconn/s: 0.00
[ 72s ] thds: 32 tps: 494.07 qps: 2933.43 (r/w/o: 0.00/1920.28/1013.15) lat (ms,95%): 144.97 err/s: 0.00 reconn/s: 0.00
[ 73s ] thds: 32 tps: 523.04 qps: 3124.25 (r/w/o: 0.00/2050.16/1074.09) lat (ms,95%): 144.97 err/s: 0.00 reconn/s: 0.00
[ 74s ] thds: 32 tps: 524.96 qps: 3163.79 (r/w/o: 0.00/2074.86/1088.93) lat (ms,95%): 139.85 err/s: 0.00 reconn/s: 0.00
[ 75s ] thds: 32 tps: 501.91 qps: 3022.45 (r/w/o: 0.00/1997.64/1024.81) lat (ms,95%): 106.75 err/s: 0.00 reconn/s: 0.00
[ 76s ] thds: 32 tps: 503.09 qps: 3025.56 (r/w/o: 0.00/1978.37/1047.19) lat (ms,95%): 110.66 err/s: 0.00 reconn/s: 0.00
[ 77s ] thds: 32 tps: 514.69 qps: 3085.17 (r/w/o: 0.00/2021.80/1063.37) lat (ms,95%): 106.75 err/s: 0.00 reconn/s: 0.00
[ 78s ] thds: 32 tps: 543.24 qps: 3242.43 (r/w/o: 0.00/2114.93/1127.50) lat (ms,95%): 101.13 err/s: 0.00 reconn/s: 0.00
[ 79s ] thds: 32 tps: 511.65 qps: 3059.91 (r/w/o: 0.00/2003.63/1056.28) lat (ms,95%): 102.97 err/s: 0.00 reconn/s: 0.00
[ 80s ] thds: 32 tps: 531.39 qps: 3194.34 (r/w/o: 0.00/2101.54/1092.80) lat (ms,95%): 104.84 err/s: 0.00 reconn/s: 0.00
[ 81s ] thds: 32 tps: 529.92 qps: 3182.52 (r/w/o: 0.00/2101.68/1080.84) lat (ms,95%): 102.97 err/s: 0.00 reconn/s: 0.00
[ 82s ] thds: 32 tps: 542.99 qps: 3272.93 (r/w/o: 0.00/2146.96/1125.98) lat (ms,95%): 101.13 err/s: 0.00 reconn/s: 0.00
[ 83s ] thds: 32 tps: 546.09 qps: 3280.57 (r/w/o: 0.00/2145.37/1135.20) lat (ms,95%): 99.33 err/s: 0.00 reconn/s: 0.00
[ 84s ] thds: 32 tps: 534.97 qps: 3206.83 (r/w/o: 0.00/2098.89/1107.94) lat (ms,95%): 99.33 err/s: 0.00 reconn/s: 0.00
[ 85s ] thds: 32 tps: 531.96 qps: 3168.78 (r/w/o: 0.00/2079.85/1088.92) lat (ms,95%): 99.33 err/s: 0.00 reconn/s: 0.00
[ 86s ] thds: 32 tps: 536.04 qps: 3209.22 (r/w/o: 0.00/2097.14/1112.07) lat (ms,95%): 104.84 err/s: 0.00 reconn/s: 0.00
[ 87s ] thds: 32 tps: 532.00 qps: 3204.03 (r/w/o: 0.00/2107.02/1097.01) lat (ms,95%): 112.67 err/s: 0.00 reconn/s: 0.00
[ 88s ] thds: 32 tps: 513.03 qps: 3080.16 (r/w/o: 0.00/2024.11/1056.06) lat (ms,95%): 114.72 err/s: 0.00 reconn/s: 0.00
[ 89s ] thds: 32 tps: 502.95 qps: 3005.73 (r/w/o: 0.00/1960.82/1044.91) lat (ms,95%): 114.72 err/s: 0.00 reconn/s: 0.00
[ 90s ] thds: 32 tps: 523.02 qps: 3162.14 (r/w/o: 0.00/2091.09/1071.05) lat (ms,95%): 123.28 err/s: 0.00 reconn/s: 0.00
[ 91s ] thds: 32 tps: 536.98 qps: 3201.87 (r/w/o: 0.00/2094.92/1106.96) lat (ms,95%): 130.13 err/s: 0.00 reconn/s: 0.00
[ 92s ] thds: 32 tps: 515.05 qps: 3120.28 (r/w/o: 0.00/2049.18/1071.10) lat (ms,95%): 137.35 err/s: 0.00 reconn/s: 0.00
[ 93s ] thds: 32 tps: 499.90 qps: 2977.43 (r/w/o: 0.00/1944.63/1032.80) lat (ms,95%): 196.89 err/s: 0.00 reconn/s: 0.00
[ 94s ] thds: 32 tps: 497.11 qps: 2999.68 (r/w/o: 0.00/1965.45/1034.23) lat (ms,95%): 196.89 err/s: 0.00 reconn/s: 0.00
[ 95s ] thds: 32 tps: 508.00 qps: 3048.03 (r/w/o: 0.00/2003.02/1045.01) lat (ms,95%): 204.11 err/s: 0.00 reconn/s: 0.00
[ 96s ] thds: 32 tps: 550.94 qps: 3310.65 (r/w/o: 0.00/2174.77/1135.88) lat (ms,95%): 147.61 err/s: 0.00 reconn/s: 0.00
[ 97s ] thds: 32 tps: 563.94 qps: 3396.66 (r/w/o: 0.00/2234.78/1161.89) lat (ms,95%): 142.39 err/s: 0.00 reconn/s: 0.00
[ 98s ] thds: 32 tps: 554.02 qps: 3320.11 (r/w/o: 0.00/2190.07/1130.04) lat (ms,95%): 134.90 err/s: 0.00 reconn/s: 0.00
[ 99s ] thds: 32 tps: 550.02 qps: 3295.14 (r/w/o: 0.00/2148.09/1147.05) lat (ms,95%): 125.52 err/s: 0.00 reconn/s: 0.00
[ 100s ] thds: 32 tps: 557.07 qps: 3332.42 (r/w/o: 0.00/2192.28/1140.15) lat (ms,95%): 114.72 err/s: 0.00 reconn/s: 0.00
[ 101s ] thds: 32 tps: 548.92 qps: 3275.51 (r/w/o: 0.00/2152.68/1122.83) lat (ms,95%): 106.75 err/s: 0.00 reconn/s: 0.00
[ 102s ] thds: 32 tps: 549.97 qps: 3320.82 (r/w/o: 0.00/2177.88/1142.94) lat (ms,95%): 104.84 err/s: 0.00 reconn/s: 0.00
[ 103s ] thds: 32 tps: 549.11 qps: 3304.65 (r/w/o: 0.00/2172.43/1132.22) lat (ms,95%): 102.97 err/s: 0.00 reconn/s: 0.00
[ 104s ] thds: 32 tps: 502.91 qps: 3021.45 (r/w/o: 0.00/1978.64/1042.81) lat (ms,95%): 116.80 err/s: 0.00 reconn/s: 0.00
[ 105s ] thds: 32 tps: 520.06 qps: 3102.38 (r/w/o: 0.00/2025.25/1077.13) lat (ms,95%): 158.63 err/s: 0.00 reconn/s: 0.00
[ 106s ] thds: 32 tps: 522.94 qps: 3128.66 (r/w/o: 0.00/2050.78/1077.88) lat (ms,95%): 161.51 err/s: 0.00 reconn/s: 0.00
[ 107s ] thds: 32 tps: 517.11 qps: 3119.67 (r/w/o: 0.00/2060.45/1059.23) lat (ms,95%): 161.51 err/s: 0.00 reconn/s: 0.00
[ 108s ] thds: 32 tps: 523.98 qps: 3129.87 (r/w/o: 0.00/2046.91/1082.95) lat (ms,95%): 176.73 err/s: 0.00 reconn/s: 0.00
[ 109s ] thds: 32 tps: 527.87 qps: 3166.20 (r/w/o: 0.00/2070.48/1095.72) lat (ms,95%): 108.68 err/s: 0.00 reconn/s: 0.00
[ 110s ] thds: 32 tps: 504.95 qps: 3025.69 (r/w/o: 0.00/1986.80/1038.89) lat (ms,95%): 183.21 err/s: 0.00 reconn/s: 0.00
[ 111s ] thds: 32 tps: 522.11 qps: 3144.67 (r/w/o: 0.00/2062.44/1082.23) lat (ms,95%): 186.54 err/s: 0.00 reconn/s: 0.00
[ 112s ] thds: 32 tps: 539.09 qps: 3218.52 (r/w/o: 0.00/2110.34/1108.18) lat (ms,95%): 137.35 err/s: 0.00 reconn/s: 0.00
[ 113s ] thds: 32 tps: 520.89 qps: 3143.31 (r/w/o: 0.00/2075.54/1067.77) lat (ms,95%): 134.90 err/s: 0.00 reconn/s: 0.00
[ 114s ] thds: 32 tps: 505.04 qps: 3025.23 (r/w/o: 0.00/1988.15/1037.08) lat (ms,95%): 183.21 err/s: 0.00 reconn/s: 0.00
[ 115s ] thds: 32 tps: 502.59 qps: 3020.54 (r/w/o: 0.00/1979.39/1041.15) lat (ms,95%): 189.93 err/s: 0.00 reconn/s: 0.00
[ 116s ] thds: 32 tps: 507.42 qps: 3041.52 (r/w/o: 0.00/1989.65/1051.87) lat (ms,95%): 186.54 err/s: 0.00 reconn/s: 0.00
[ 117s ] thds: 32 tps: 523.00 qps: 3145.99 (r/w/o: 0.00/2061.99/1084.00) lat (ms,95%): 183.21 err/s: 0.00 reconn/s: 0.00
[ 118s ] thds: 32 tps: 536.03 qps: 3197.15 (r/w/o: 0.00/2101.10/1096.05) lat (ms,95%): 106.75 err/s: 0.00 reconn/s: 0.00
[ 119s ] thds: 32 tps: 532.87 qps: 3190.19 (r/w/o: 0.00/2088.47/1101.72) lat (ms,95%): 102.97 err/s: 0.00 reconn/s: 0.00
[ 120s ] thds: 32 tps: 503.19 qps: 3036.15 (r/w/o: 0.00/1990.75/1045.39) lat (ms,95%): 106.75 err/s: 0.00 reconn/s: 0.00
[ 121s ] thds: 32 tps: 529.94 qps: 3175.64 (r/w/o: 0.00/2075.76/1099.87) lat (ms,95%): 112.67 err/s: 0.00 reconn/s: 0.00
[ 122s ] thds: 32 tps: 570.83 qps: 3430.95 (r/w/o: 0.00/2248.31/1182.64) lat (ms,95%): 95.81 err/s: 0.00 reconn/s: 0.00
[ 123s ] thds: 32 tps: 511.98 qps: 3064.87 (r/w/o: 0.00/2004.92/1059.96) lat (ms,95%): 110.66 err/s: 0.00 reconn/s: 0.00
[ 124s ] thds: 32 tps: 459.10 qps: 2753.61 (r/w/o: 0.00/1809.40/944.21) lat (ms,95%): 170.48 err/s: 0.00 reconn/s: 0.00
[ 125s ] thds: 32 tps: 475.02 qps: 2844.11 (r/w/o: 0.00/1861.07/983.04) lat (ms,95%): 167.44 err/s: 0.00 reconn/s: 0.00
[ 126s ] thds: 32 tps: 509.03 qps: 3067.18 (r/w/o: 0.00/2009.12/1058.06) lat (ms,95%): 173.58 err/s: 0.00 reconn/s: 0.00
[ 127s ] thds: 32 tps: 505.87 qps: 3015.23 (r/w/o: 0.00/1970.50/1044.73) lat (ms,95%): 104.84 err/s: 0.00 reconn/s: 0.00
[ 128s ] thds: 32 tps: 500.96 qps: 3015.76 (r/w/o: 0.00/1983.84/1031.92) lat (ms,95%): 101.13 err/s: 0.00 reconn/s: 0.00
[ 129s ] thds: 32 tps: 487.23 qps: 2922.35 (r/w/o: 0.00/1908.88/1013.47) lat (ms,95%): 102.97 err/s: 0.00 reconn/s: 0.00
[ 130s ] thds: 32 tps: 527.80 qps: 3159.82 (r/w/o: 0.00/2077.23/1082.60) lat (ms,95%): 104.84 err/s: 0.00 reconn/s: 0.00
[ 131s ] thds: 32 tps: 681.24 qps: 4088.41 (r/w/o: 0.00/2678.93/1409.49) lat (ms,95%): 106.75 err/s: 0.00 reconn/s: 0.00
[ 132s ] thds: 32 tps: 692.92 qps: 4166.49 (r/w/o: 0.00/2736.67/1429.83) lat (ms,95%): 102.97 err/s: 0.00 reconn/s: 0.00
[ 133s ] thds: 32 tps: 695.68 qps: 4183.08 (r/w/o: 0.00/2735.74/1447.34) lat (ms,95%): 104.84 err/s: 0.00 reconn/s: 0.00
[ 134s ] thds: 32 tps: 691.16 qps: 4163.98 (r/w/o: 0.00/2735.65/1428.34) lat (ms,95%): 102.97 err/s: 0.00 reconn/s: 0.00
[ 135s ] thds: 32 tps: 733.11 qps: 4361.65 (r/w/o: 0.00/2849.42/1512.22) lat (ms,95%): 101.13 err/s: 0.00 reconn/s: 0.00
[ 136s ] thds: 32 tps: 718.84 qps: 4330.02 (r/w/o: 0.00/2839.36/1490.66) lat (ms,95%): 104.84 err/s: 0.00 reconn/s: 0.00
[ 137s ] thds: 32 tps: 711.14 qps: 4263.83 (r/w/o: 0.00/2800.54/1463.28) lat (ms,95%): 104.84 err/s: 0.00 reconn/s: 0.00
[ 138s ] thds: 32 tps: 716.02 qps: 4288.10 (r/w/o: 0.00/2814.07/1474.03) lat (ms,95%): 102.97 err/s: 0.00 reconn/s: 0.00
[ 139s ] thds: 32 tps: 698.83 qps: 4184.00 (r/w/o: 0.00/2742.34/1441.65) lat (ms,95%): 82.96 err/s: 0.00 reconn/s: 0.00
[ 140s ] thds: 32 tps: 527.18 qps: 3194.07 (r/w/o: 0.00/2109.71/1084.36) lat (ms,95%): 161.51 err/s: 0.00 reconn/s: 0.00
[ 141s ] thds: 32 tps: 523.97 qps: 3152.85 (r/w/o: 0.00/2070.90/1081.95) lat (ms,95%): 161.51 err/s: 0.00 reconn/s: 0.00
[ 142s ] thds: 32 tps: 520.85 qps: 3096.11 (r/w/o: 0.00/2018.42/1077.69) lat (ms,95%): 127.81 err/s: 0.00 reconn/s: 0.00
[ 143s ] thds: 32 tps: 524.26 qps: 3145.55 (r/w/o: 0.00/2060.01/1085.53) lat (ms,95%): 127.81 err/s: 0.00 reconn/s: 0.00
[ 144s ] thds: 32 tps: 529.70 qps: 3173.18 (r/w/o: 0.00/2085.80/1087.38) lat (ms,95%): 130.13 err/s: 0.00 reconn/s: 0.00
[ 145s ] thds: 32 tps: 540.16 qps: 3241.98 (r/w/o: 0.00/2130.64/1111.34) lat (ms,95%): 123.28 err/s: 0.00 reconn/s: 0.00
[ 146s ] thds: 32 tps: 521.87 qps: 3146.22 (r/w/o: 0.00/2072.49/1073.73) lat (ms,95%): 139.85 err/s: 0.00 reconn/s: 0.00
[ 147s ] thds: 32 tps: 505.25 qps: 3034.52 (r/w/o: 0.00/1982.99/1051.53) lat (ms,95%): 161.51 err/s: 0.00 reconn/s: 0.00
[ 148s ] thds: 32 tps: 503.69 qps: 3013.15 (r/w/o: 0.00/1971.79/1041.36) lat (ms,95%): 161.51 err/s: 0.00 reconn/s: 0.00
[ 149s ] thds: 32 tps: 519.19 qps: 3105.16 (r/w/o: 0.00/2033.76/1071.40) lat (ms,95%): 161.51 err/s: 0.00 reconn/s: 0.00
[ 150s ] thds: 32 tps: 521.89 qps: 3155.31 (r/w/o: 0.00/2074.55/1080.76) lat (ms,95%): 144.97 err/s: 0.00 reconn/s: 0.00
[ 151s ] thds: 32 tps: 557.03 qps: 3346.17 (r/w/o: 0.00/2203.11/1143.06) lat (ms,95%): 125.52 err/s: 0.00 reconn/s: 0.00
[ 152s ] thds: 32 tps: 538.98 qps: 3223.86 (r/w/o: 0.00/2116.91/1106.95) lat (ms,95%): 125.52 err/s: 0.00 reconn/s: 0.00
[ 153s ] thds: 32 tps: 522.15 qps: 3136.87 (r/w/o: 0.00/2064.57/1072.30) lat (ms,95%): 104.84 err/s: 0.00 reconn/s: 0.00
[ 154s ] thds: 32 tps: 526.86 qps: 3186.17 (r/w/o: 0.00/2093.46/1092.72) lat (ms,95%): 102.97 err/s: 0.00 reconn/s: 0.00
[ 155s ] thds: 32 tps: 523.12 qps: 3101.73 (r/w/o: 0.00/2019.48/1082.26) lat (ms,95%): 106.75 err/s: 0.00 reconn/s: 0.00
[ 156s ] thds: 32 tps: 505.03 qps: 3033.15 (r/w/o: 0.00/1989.10/1044.05) lat (ms,95%): 106.75 err/s: 0.00 reconn/s: 0.00
[ 157s ] thds: 32 tps: 511.91 qps: 3072.45 (r/w/o: 0.00/2021.64/1050.81) lat (ms,95%): 104.84 err/s: 0.00 reconn/s: 0.00
[ 158s ] thds: 32 tps: 528.12 qps: 3165.74 (r/w/o: 0.00/2073.49/1092.26) lat (ms,95%): 99.33 err/s: 0.00 reconn/s: 0.00
[ 159s ] thds: 32 tps: 532.84 qps: 3202.02 (r/w/o: 0.00/2099.36/1102.66) lat (ms,95%): 99.33 err/s: 0.00 reconn/s: 0.00
[ 160s ] thds: 32 tps: 487.07 qps: 2912.41 (r/w/o: 0.00/1903.27/1009.14) lat (ms,95%): 161.51 err/s: 0.00 reconn/s: 0.00
[ 161s ] thds: 32 tps: 492.06 qps: 2957.35 (r/w/o: 0.00/1943.23/1014.12) lat (ms,95%): 158.63 err/s: 0.00 reconn/s: 0.00
[ 162s ] thds: 32 tps: 517.87 qps: 3096.20 (r/w/o: 0.00/2014.48/1081.72) lat (ms,95%): 161.51 err/s: 0.00 reconn/s: 0.00
[ 163s ] thds: 32 tps: 512.00 qps: 3094.01 (r/w/o: 0.00/2031.01/1063.00) lat (ms,95%): 161.51 err/s: 0.00 reconn/s: 0.00
[ 164s ] thds: 32 tps: 512.99 qps: 3062.96 (r/w/o: 0.00/2004.98/1057.99) lat (ms,95%): 121.08 err/s: 0.00 reconn/s: 0.00
[ 165s ] thds: 32 tps: 509.13 qps: 3046.77 (r/w/o: 0.00/1997.50/1049.27) lat (ms,95%): 116.80 err/s: 0.00 reconn/s: 0.00
[ 166s ] thds: 32 tps: 488.88 qps: 2945.30 (r/w/o: 0.00/1940.54/1004.76) lat (ms,95%): 104.84 err/s: 0.00 reconn/s: 0.00
[ 167s ] thds: 32 tps: 642.26 qps: 3844.55 (r/w/o: 0.00/2519.02/1325.53) lat (ms,95%): 99.33 err/s: 0.00 reconn/s: 0.00
[ 168s ] thds: 32 tps: 663.66 qps: 3991.98 (r/w/o: 0.00/2621.68/1370.31) lat (ms,95%): 99.33 err/s: 0.00 reconn/s: 0.00
[ 169s ] thds: 32 tps: 677.29 qps: 4063.73 (r/w/o: 0.00/2658.13/1405.60) lat (ms,95%): 99.33 err/s: 0.00 reconn/s: 0.00
[ 170s ] thds: 32 tps: 681.80 qps: 4087.80 (r/w/o: 0.00/2679.22/1408.59) lat (ms,95%): 97.55 err/s: 0.00 reconn/s: 0.00
[ 171s ] thds: 32 tps: 686.95 qps: 4114.69 (r/w/o: 0.00/2700.80/1413.89) lat (ms,95%): 94.10 err/s: 0.00 reconn/s: 0.00
[ 172s ] thds: 32 tps: 624.03 qps: 3747.16 (r/w/o: 0.00/2462.11/1285.06) lat (ms,95%): 95.81 err/s: 0.00 reconn/s: 0.00
[ 173s ] thds: 32 tps: 538.10 qps: 3233.62 (r/w/o: 0.00/2125.41/1108.21) lat (ms,95%): 99.33 err/s: 0.00 reconn/s: 0.00
[ 174s ] thds: 32 tps: 543.82 qps: 3277.89 (r/w/o: 0.00/2142.28/1135.62) lat (ms,95%): 104.84 err/s: 0.00 reconn/s: 0.00
[ 175s ] thds: 32 tps: 553.15 qps: 3279.87 (r/w/o: 0.00/2144.57/1135.30) lat (ms,95%): 104.84 err/s: 0.00 reconn/s: 0.00
[ 176s ] thds: 32 tps: 515.05 qps: 3149.31 (r/w/o: 0.00/2080.20/1069.10) lat (ms,95%): 144.97 err/s: 0.00 reconn/s: 0.00
[ 177s ] thds: 32 tps: 481.96 qps: 2829.77 (r/w/o: 0.00/1829.85/999.92) lat (ms,95%): 186.54 err/s: 0.00 reconn/s: 0.00
[ 178s ] thds: 32 tps: 481.81 qps: 2923.83 (r/w/o: 0.00/1917.24/1006.60) lat (ms,95%): 186.54 err/s: 0.00 reconn/s: 0.00
[ 179s ] thds: 32 tps: 497.12 qps: 2972.74 (r/w/o: 0.00/1947.49/1025.26) lat (ms,95%): 139.85 err/s: 0.00 reconn/s: 0.00
[ 180s ] thds: 32 tps: 494.98 qps: 2990.89 (r/w/o: 0.00/1959.93/1030.96) lat (ms,95%): 147.61 err/s: 0.00 reconn/s: 0.00
[ 181s ] thds: 32 tps: 494.94 qps: 2961.64 (r/w/o: 0.00/1941.76/1019.87) lat (ms,95%): 183.21 err/s: 0.00 reconn/s: 0.00
[ 182s ] thds: 32 tps: 508.03 qps: 3026.16 (r/w/o: 0.00/1979.11/1047.06) lat (ms,95%): 161.51 err/s: 0.00 reconn/s: 0.00
[ 183s ] thds: 32 tps: 541.93 qps: 3281.60 (r/w/o: 0.00/2161.74/1119.87) lat (ms,95%): 155.80 err/s: 0.00 reconn/s: 0.00
[ 184s ] thds: 32 tps: 568.09 qps: 3400.51 (r/w/o: 0.00/2224.33/1176.18) lat (ms,95%): 150.29 err/s: 0.00 reconn/s: 0.00
[ 185s ] thds: 32 tps: 564.19 qps: 3390.14 (r/w/o: 0.00/2226.75/1163.39) lat (ms,95%): 97.55 err/s: 0.00 reconn/s: 0.00
[ 186s ] thds: 32 tps: 555.83 qps: 3308.00 (r/w/o: 0.00/2155.35/1152.65) lat (ms,95%): 97.55 err/s: 0.00 reconn/s: 0.00
[ 187s ] thds: 32 tps: 561.04 qps: 3361.26 (r/w/o: 0.00/2207.17/1154.09) lat (ms,95%): 106.75 err/s: 0.00 reconn/s: 0.00
[ 188s ] thds: 32 tps: 539.07 qps: 3248.40 (r/w/o: 0.00/2144.26/1104.14) lat (ms,95%): 106.75 err/s: 0.00 reconn/s: 0.00
[ 189s ] thds: 32 tps: 534.84 qps: 3243.05 (r/w/o: 0.00/2133.38/1109.68) lat (ms,95%): 106.75 err/s: 0.00 reconn/s: 0.00
[ 190s ] thds: 32 tps: 521.19 qps: 3133.15 (r/w/o: 0.00/2067.76/1065.39) lat (ms,95%): 110.66 err/s: 0.00 reconn/s: 0.00
[ 191s ] thds: 32 tps: 534.84 qps: 3171.07 (r/w/o: 0.00/2068.40/1102.68) lat (ms,95%): 108.68 err/s: 0.00 reconn/s: 0.00
[ 192s ] thds: 32 tps: 523.99 qps: 3141.95 (r/w/o: 0.00/2063.96/1077.98) lat (ms,95%): 123.28 err/s: 0.00 reconn/s: 0.00
[ 193s ] thds: 32 tps: 511.21 qps: 3081.29 (r/w/o: 0.00/2032.85/1048.44) lat (ms,95%): 116.80 err/s: 0.00 reconn/s: 0.00
[ 194s ] thds: 32 tps: 530.01 qps: 3139.08 (r/w/o: 0.00/2050.05/1089.03) lat (ms,95%): 121.08 err/s: 0.00 reconn/s: 0.00
[ 195s ] thds: 32 tps: 534.84 qps: 3247.00 (r/w/o: 0.00/2134.34/1112.66) lat (ms,95%): 106.75 err/s: 0.00 reconn/s: 0.00
[ 196s ] thds: 32 tps: 500.20 qps: 2997.22 (r/w/o: 0.00/1967.80/1029.42) lat (ms,95%): 110.66 err/s: 0.00 reconn/s: 0.00
[ 197s ] thds: 32 tps: 481.74 qps: 2899.41 (r/w/o: 0.00/1910.95/988.46) lat (ms,95%): 112.67 err/s: 0.00 reconn/s: 0.00
[ 198s ] thds: 32 tps: 499.30 qps: 2984.77 (r/w/o: 0.00/1951.16/1033.61) lat (ms,95%): 125.52 err/s: 0.00 reconn/s: 0.00
[ 199s ] thds: 32 tps: 518.60 qps: 3108.58 (r/w/o: 0.00/2036.41/1072.16) lat (ms,95%): 112.67 err/s: 0.00 reconn/s: 0.00
[ 200s ] thds: 32 tps: 532.14 qps: 3178.87 (r/w/o: 0.00/2076.57/1102.30) lat (ms,95%): 110.66 err/s: 0.00 reconn/s: 0.00
[ 201s ] thds: 32 tps: 530.95 qps: 3193.70 (r/w/o: 0.00/2095.80/1097.90) lat (ms,95%): 110.66 err/s: 0.00 reconn/s: 0.00
[ 202s ] thds: 32 tps: 530.02 qps: 3173.12 (r/w/o: 0.00/2080.08/1093.04) lat (ms,95%): 110.66 err/s: 0.00 reconn/s: 0.00
[ 203s ] thds: 32 tps: 498.01 qps: 3008.08 (r/w/o: 0.00/1978.05/1030.03) lat (ms,95%): 101.13 err/s: 0.00 reconn/s: 0.00
[ 204s ] thds: 32 tps: 516.96 qps: 3092.76 (r/w/o: 0.00/2024.84/1067.92) lat (ms,95%): 99.33 err/s: 0.00 reconn/s: 0.00
[ 205s ] thds: 32 tps: 538.96 qps: 3235.78 (r/w/o: 0.00/2120.85/1114.92) lat (ms,95%): 106.75 err/s: 0.00 reconn/s: 0.00
[ 206s ] thds: 32 tps: 535.36 qps: 3226.17 (r/w/o: 0.00/2126.43/1099.74) lat (ms,95%): 106.75 err/s: 0.00 reconn/s: 0.00
[ 207s ] thds: 32 tps: 539.72 qps: 3215.31 (r/w/o: 0.00/2105.89/1109.42) lat (ms,95%): 104.84 err/s: 0.00 reconn/s: 0.00
[ 208s ] thds: 32 tps: 521.99 qps: 3139.92 (r/w/o: 0.00/2075.95/1063.97) lat (ms,95%): 101.13 err/s: 0.00 reconn/s: 0.00
[ 209s ] thds: 32 tps: 531.02 qps: 3193.11 (r/w/o: 0.00/2106.07/1087.04) lat (ms,95%): 99.33 err/s: 0.00 reconn/s: 0.00
[ 210s ] thds: 32 tps: 508.95 qps: 3053.67 (r/w/o: 0.00/2001.79/1051.89) lat (ms,95%): 108.68 err/s: 0.00 reconn/s: 0.00
[ 211s ] thds: 32 tps: 500.01 qps: 3010.05 (r/w/o: 0.00/1979.03/1031.02) lat (ms,95%): 176.73 err/s: 0.00 reconn/s: 0.00
[ 212s ] thds: 32 tps: 503.22 qps: 3012.29 (r/w/o: 0.00/1984.85/1027.44) lat (ms,95%): 173.58 err/s: 0.00 reconn/s: 0.00
[ 213s ] thds: 32 tps: 509.82 qps: 3052.95 (r/w/o: 0.00/1992.31/1060.64) lat (ms,95%): 176.73 err/s: 0.00 reconn/s: 0.00
[ 214s ] thds: 32 tps: 541.01 qps: 3238.09 (r/w/o: 0.00/2124.06/1114.03) lat (ms,95%): 123.28 err/s: 0.00 reconn/s: 0.00
[ 215s ] thds: 32 tps: 500.95 qps: 3023.70 (r/w/o: 0.00/1993.80/1029.90) lat (ms,95%): 121.08 err/s: 0.00 reconn/s: 0.00
[ 216s ] thds: 32 tps: 499.00 qps: 2945.00 (r/w/o: 0.00/1922.00/1023.00) lat (ms,95%): 125.52 err/s: 0.00 reconn/s: 0.00
[ 217s ] thds: 32 tps: 502.92 qps: 3032.54 (r/w/o: 0.00/1996.70/1035.84) lat (ms,95%): 116.80 err/s: 0.00 reconn/s: 0.00
[ 218s ] thds: 32 tps: 518.08 qps: 3124.46 (r/w/o: 0.00/2051.30/1073.16) lat (ms,95%): 108.68 err/s: 0.00 reconn/s: 0.00
[ 219s ] thds: 32 tps: 662.06 qps: 3973.35 (r/w/o: 0.00/2593.23/1380.12) lat (ms,95%): 108.68 err/s: 0.00 reconn/s: 0.00
[ 220s ] thds: 32 tps: 656.26 qps: 3962.57 (r/w/o: 0.00/2613.04/1349.54) lat (ms,95%): 106.75 err/s: 0.00 reconn/s: 0.00
[ 221s ] thds: 32 tps: 625.03 qps: 3720.19 (r/w/o: 0.00/2424.13/1296.07) lat (ms,95%): 134.90 err/s: 0.00 reconn/s: 0.00
[ 222s ] thds: 32 tps: 621.01 qps: 3751.06 (r/w/o: 0.00/2473.04/1278.02) lat (ms,95%): 132.49 err/s: 0.00 reconn/s: 0.00
[ 223s ] thds: 32 tps: 675.59 qps: 4032.54 (r/w/o: 0.00/2642.39/1390.15) lat (ms,95%): 130.13 err/s: 0.00 reconn/s: 0.00
[ 224s ] thds: 32 tps: 688.16 qps: 4139.97 (r/w/o: 0.00/2720.64/1419.33) lat (ms,95%): 127.81 err/s: 0.00 reconn/s: 0.00
[ 225s ] thds: 32 tps: 498.97 qps: 2992.80 (r/w/o: 0.00/1975.87/1016.93) lat (ms,95%): 164.45 err/s: 0.00 reconn/s: 0.00
[ 226s ] thds: 32 tps: 467.93 qps: 2802.57 (r/w/o: 0.00/1833.72/968.85) lat (ms,95%): 161.51 err/s: 0.00 reconn/s: 0.00
[ 227s ] thds: 32 tps: 478.31 qps: 2893.89 (r/w/o: 0.00/1896.24/997.65) lat (ms,95%): 164.45 err/s: 0.00 reconn/s: 0.00
[ 228s ] thds: 32 tps: 585.90 qps: 3486.41 (r/w/o: 0.00/2278.61/1207.79) lat (ms,95%): 137.35 err/s: 0.00 reconn/s: 0.00
[ 229s ] thds: 32 tps: 619.84 qps: 3727.05 (r/w/o: 0.00/2445.38/1281.67) lat (ms,95%): 89.16 err/s: 0.00 reconn/s: 0.00
[ 230s ] thds: 32 tps: 600.95 qps: 3621.72 (r/w/o: 0.00/2387.82/1233.90) lat (ms,95%): 90.78 err/s: 0.00 reconn/s: 0.00
[ 231s ] thds: 32 tps: 549.96 qps: 3292.76 (r/w/o: 0.00/2160.84/1131.92) lat (ms,95%): 90.78 err/s: 0.00 reconn/s: 0.00
[ 232s ] thds: 32 tps: 544.97 qps: 3246.79 (r/w/o: 0.00/2127.87/1118.93) lat (ms,95%): 101.13 err/s: 0.00 reconn/s: 0.00
[ 233s ] thds: 32 tps: 569.05 qps: 3427.28 (r/w/o: 0.00/2243.18/1184.10) lat (ms,95%): 97.55 err/s: 0.00 reconn/s: 0.00
[ 234s ] thds: 32 tps: 564.72 qps: 3373.33 (r/w/o: 0.00/2212.90/1160.42) lat (ms,95%): 104.84 err/s: 0.00 reconn/s: 0.00
[ 235s ] thds: 32 tps: 516.22 qps: 3110.34 (r/w/o: 0.00/2036.88/1073.46) lat (ms,95%): 121.08 err/s: 0.00 reconn/s: 0.00
[ 236s ] thds: 32 tps: 524.00 qps: 3150.00 (r/w/o: 0.00/2070.00/1080.00) lat (ms,95%): 118.92 err/s: 0.00 reconn/s: 0.00
[ 237s ] thds: 32 tps: 534.25 qps: 3185.49 (r/w/o: 0.00/2074.97/1110.52) lat (ms,95%): 118.92 err/s: 0.00 reconn/s: 0.00
[ 238s ] thds: 32 tps: 505.72 qps: 3054.32 (r/w/o: 0.00/2012.89/1041.43) lat (ms,95%): 123.28 err/s: 0.00 reconn/s: 0.00
[ 239s ] thds: 32 tps: 493.02 qps: 2965.14 (r/w/o: 0.00/1942.09/1023.05) lat (ms,95%): 167.44 err/s: 0.00 reconn/s: 0.00
[ 240s ] thds: 32 tps: 495.01 qps: 2967.06 (r/w/o: 0.00/1943.04/1024.02) lat (ms,95%): 164.45 err/s: 0.00 reconn/s: 0.00
Latency histogram (values are in milliseconds)
       value  ------------- distribution ------------- count
       9.389 |                                         1
       9.910 |                                         2
      10.651 |                                         3
      10.844 |                                         3
      11.041 |                                         9
      11.242 |                                         10
      11.446 |                                         24
      11.654 |                                         28
      11.866 |*                                        53
      12.081 |*                                        57
      12.301 |*                                        84
      12.524 |**                                       167
      12.752 |**                                       173
      12.984 |**                                       187
      13.219 |**                                       201
      13.460 |***                                      225
      13.704 |****                                     304
      13.953 |***                                      255
      14.207 |***                                      230
      14.465 |**                                       197
      14.728 |***                                      260
      14.995 |***                                      215
      15.268 |**                                       184
      15.545 |**                                       179
      15.828 |****                                     340
      16.115 |****                                     334
      16.408 |****                                     354
      16.706 |********                                 690
      17.010 |*************                            1141
      17.319 |*************                            1093
      17.633 |****************                         1373
      17.954 |*****************************            2447
      18.280 |**********************                   1883
      18.612 |**********************                   1851
      18.950 |***********************************      3003
      19.295 |*****************************            2450
      19.645 |************************                 2035
      20.002 |**************************************** 3390
      20.366 |*****************************            2438
      20.736 |*********************                    1798
      21.112 |***************************              2320
      21.496 |****************                         1354
      21.886 |**************                           1161
      22.284 |****************                         1337
      22.689 |**********                               886
      23.101 |***********                              920
      23.521 |*********                                760
      23.948 |*******                                  629
      24.384 |********                                 689
      24.827 |*****                                    448
      25.278 |*****                                    458
      25.737 |****                                     363
      26.205 |****                                     373
      26.681 |****                                     360
      27.165 |****                                     331
      27.659 |*****                                    427
      28.162 |****                                     376
      28.673 |*****                                    464
      29.194 |****                                     311
      29.725 |*****                                    386
      30.265 |****                                     311
      30.815 |****                                     358
      31.375 |***                                      236
      31.945 |***                                      254
      32.525 |***                                      229
      33.116 |***                                      229
      33.718 |***                                      296
      34.330 |****                                     308
      34.954 |*****                                    406
      35.589 |*****                                    413
      36.236 |******                                   517
      36.894 |********                                 644
      37.565 |********                                 659
      38.247 |*********                                755
      38.942 |********                                 679
      39.650 |******                                   543
      40.370 |*****                                    445
      41.104 |****                                     378
      41.851 |****                                     322
      42.611 |****                                     337
      43.385 |****                                     332
      44.173 |****                                     364
      44.976 |*****                                    417
      45.793 |******                                   494
      46.625 |*******                                  554
      47.472 |*******                                  630
      48.335 |*********                                735
      49.213 |********                                 687
      50.107 |*********                                729
      51.018 |**********                               808
      51.945 |***********                              926
      52.889 |************                             1026
      53.850 |****************                         1325
      54.828 |*******************                      1603
      55.824 |********************                     1711
      56.839 |***********************                  1962
      57.871 |************************                 2040
      58.923 |**********************                   1848
      59.993 |*******************                      1610
      61.083 |******************                       1526
      62.193 |****************                         1352
      63.323 |****************                         1329
      64.474 |****************                         1377
      65.645 |***************                          1262
      66.838 |*****************                        1426
      68.053 |******************                       1500
      69.289 |******************                       1538
      70.548 |********************                     1714
      71.830 |********************                     1684
      73.135 |**********************                   1891
      74.464 |***************************              2289
      75.817 |******************************           2536
      77.194 |***************************              2258
      78.597 |***********************                  1960
      80.025 |**********************                   1851
      81.479 |****************                         1385
      82.959 |***************                          1254
      84.467 |**************                           1214
      86.002 |**************                           1168
      87.564 |**************                           1154
      89.155 |***************                          1234
      90.775 |*****************                        1404
      92.424 |*******************                      1634
      94.104 |*******************                      1635
      95.814 |********************                     1677
      97.555 |******************                       1553
      99.327 |****************                         1345
     101.132 |**************                           1148
     102.969 |***********                              910
     104.840 |**********                               826
     106.745 |*********                                737
     108.685 |******                                   544
     110.659 |*****                                    415
     112.670 |***                                      259
     114.717 |***                                      253
     116.802 |****                                     315
     118.924 |****                                     335
     121.085 |****                                     312
     123.285 |***                                      225
     125.525 |**                                       210
     127.805 |***                                      255
     130.128 |***                                      271
     132.492 |****                                     316
     134.899 |****                                     339
     137.350 |****                                     333
     139.846 |***                                      275
     142.387 |***                                      217
     144.974 |**                                       189
     147.608 |**                                       173
     150.290 |**                                       159
     153.021 |**                                       197
     155.801 |**                                       173
     158.632 |**                                       209
     161.514 |***                                      289
     164.449 |***                                      244
     167.437 |***                                      245
     170.479 |**                                       169
     173.577 |**                                       158
     176.731 |**                                       146
     179.942 |*                                        118
     183.211 |**                                       154
     186.540 |**                                       155
     189.929 |**                                       136
     193.380 |*                                        97
     196.894 |*                                        106
     200.472 |**                                       136
     204.114 |**                                       147
     207.823 |**                                       131
     211.599 |*                                        122
     215.443 |*                                        96
     219.358 |*                                        95
     223.344 |*                                        97
     227.402 |*                                        107
     231.534 |*                                        69
     235.740 |*                                        54
     240.024 |                                         29
     244.385 |                                         23
     248.825 |                                         35
     253.346 |                                         39
     257.950 |                                         13
     262.636 |                                         13
     267.408 |                                         20
     272.267 |                                         20
     277.214 |                                         32
     282.251 |                                         20
     287.379 |                                         24
     292.601 |                                         26
     297.917 |                                         38
     303.330 |                                         29
     308.842 |*                                        52
     314.453 |*                                        65
     320.167 |*                                        43
     325.984 |                                         5
     331.907 |                                         4
     344.078 |                                         12
     350.330 |                                         10
     356.695 |                                         28
     363.176 |                                         8
     369.775 |                                         13
     376.494 |                                         11
     383.334 |                                         3
     390.299 |                                         4
     397.391 |                                         9
     404.611 |                                         6
     411.963 |                                         1
     419.448 |                                         1
     427.069 |                                         2
     434.829 |                                         8
     442.730 |                                         8
     450.774 |                                         2
     458.964 |                                         3
     467.304 |                                         8
     475.794 |                                         2
     484.439 |                                         3
     493.242 |                                         10
     549.516 |                                         1
     559.501 |                                         1
     569.667 |                                         1
     657.933 |                                         1
     669.888 |                                         1
     682.059 |                                         5
     694.452 |                                         3
     707.070 |                                         3
     719.917 |                                         2
    1109.087 |                                         1
    1170.648 |                                         1
    1191.918 |                                         4
    1235.625 |                                         2
    1352.033 |                                         1
 
SQL statistics:
    queries performed:
        read:                            0
        write:                           510256
        other:                           267654
        total:                           777910
    transactions:                        129669 (539.88 per sec.)
    queries:                             777910 (3238.87 per sec.)
    ignored errors:                      0      (0.00 per sec.)
    reconnects:                          0      (0.00 per sec.)

Throughput:
    events/s (eps):                      539.8842
    time elapsed:                        240.1796s
    total number of events:              129669

Latency (ms):
         min:                                    9.43
         avg:                                   59.25
         max:                                 1356.26
         95th percentile:                      130.13
         sum:                              7682682.46

Threads fairness:
    events (avg/stddev):           4052.1562/2640.03
    execution time (avg/stddev):   240.0838/0.05

