sysbench 1.1.0-3ceba0b (using bundled LuaJIT 2.1.0-beta3)

Running the test with following options:
Number of threads: 2
Warmup time: 60s
Report intermediate results every 1 second(s)
Initializing random number generator from current time


Initializing worker threads...

Threads started!

Warming up for 60 seconds...

[ 1s ] thds: 2 tps: 108.52 qps: 651.20 (r/w/o: 0.00/426.87/224.33) lat (ms,95%): 20.37 err/s: 0.00 reconn/s: 0.00
[ 2s ] thds: 2 tps: 112.06 qps: 671.38 (r/w/o: 0.00/440.25/231.13) lat (ms,95%): 20.37 err/s: 0.00 reconn/s: 0.00
[ 3s ] thds: 2 tps: 112.95 qps: 679.67 (r/w/o: 0.00/447.78/231.89) lat (ms,95%): 20.37 err/s: 0.00 reconn/s: 0.00
[ 4s ] thds: 2 tps: 110.99 qps: 664.97 (r/w/o: 0.00/434.98/229.99) lat (ms,95%): 20.37 err/s: 0.00 reconn/s: 0.00
[ 5s ] thds: 2 tps: 110.01 qps: 661.06 (r/w/o: 0.00/434.04/227.02) lat (ms,95%): 21.11 err/s: 0.00 reconn/s: 0.00
[ 6s ] thds: 2 tps: 111.00 qps: 667.00 (r/w/o: 0.00/440.00/227.00) lat (ms,95%): 20.37 err/s: 0.00 reconn/s: 0.00
[ 7s ] thds: 2 tps: 110.01 qps: 656.04 (r/w/o: 0.00/424.02/232.01) lat (ms,95%): 20.74 err/s: 0.00 reconn/s: 0.00
[ 8s ] thds: 2 tps: 111.04 qps: 671.27 (r/w/o: 0.00/439.17/232.09) lat (ms,95%): 20.00 err/s: 0.00 reconn/s: 0.00
[ 9s ] thds: 2 tps: 113.93 qps: 677.61 (r/w/o: 0.00/439.75/237.86) lat (ms,95%): 20.74 err/s: 0.00 reconn/s: 0.00
[ 10s ] thds: 2 tps: 112.02 qps: 673.10 (r/w/o: 0.00/440.06/233.03) lat (ms,95%): 20.74 err/s: 0.00 reconn/s: 0.00
[ 11s ] thds: 2 tps: 110.01 qps: 661.06 (r/w/o: 0.00/433.04/228.02) lat (ms,95%): 21.11 err/s: 0.00 reconn/s: 0.00
[ 12s ] thds: 2 tps: 110.99 qps: 667.94 (r/w/o: 0.00/439.96/227.98) lat (ms,95%): 20.74 err/s: 0.00 reconn/s: 0.00
[ 13s ] thds: 2 tps: 110.99 qps: 665.93 (r/w/o: 0.00/436.96/228.98) lat (ms,95%): 20.74 err/s: 0.00 reconn/s: 0.00
[ 14s ] thds: 2 tps: 111.02 qps: 667.12 (r/w/o: 0.00/437.08/230.04) lat (ms,95%): 21.11 err/s: 0.00 reconn/s: 0.00
[ 15s ] thds: 2 tps: 110.97 qps: 667.79 (r/w/o: 0.00/436.87/230.93) lat (ms,95%): 20.37 err/s: 0.00 reconn/s: 0.00
[ 16s ] thds: 2 tps: 111.01 qps: 665.07 (r/w/o: 0.00/433.04/232.02) lat (ms,95%): 21.11 err/s: 0.00 reconn/s: 0.00
[ 17s ] thds: 2 tps: 112.02 qps: 666.15 (r/w/o: 0.00/435.10/231.05) lat (ms,95%): 21.11 err/s: 0.00 reconn/s: 0.00
[ 18s ] thds: 2 tps: 110.95 qps: 668.69 (r/w/o: 0.00/438.79/229.89) lat (ms,95%): 20.00 err/s: 0.00 reconn/s: 0.00
[ 19s ] thds: 2 tps: 112.03 qps: 668.16 (r/w/o: 0.00/442.11/226.05) lat (ms,95%): 20.74 err/s: 0.00 reconn/s: 0.00
[ 20s ] thds: 2 tps: 110.99 qps: 671.94 (r/w/o: 0.00/439.96/231.98) lat (ms,95%): 20.74 err/s: 0.00 reconn/s: 0.00
[ 21s ] thds: 2 tps: 113.01 qps: 672.05 (r/w/o: 0.00/442.03/230.02) lat (ms,95%): 20.74 err/s: 0.00 reconn/s: 0.00
[ 22s ] thds: 2 tps: 112.01 qps: 680.09 (r/w/o: 0.00/443.06/237.03) lat (ms,95%): 20.37 err/s: 0.00 reconn/s: 0.00
[ 23s ] thds: 2 tps: 113.01 qps: 670.06 (r/w/o: 0.00/434.04/236.02) lat (ms,95%): 20.37 err/s: 0.00 reconn/s: 0.00
[ 24s ] thds: 2 tps: 111.99 qps: 678.95 (r/w/o: 0.00/441.97/236.98) lat (ms,95%): 20.74 err/s: 0.00 reconn/s: 0.00
[ 25s ] thds: 2 tps: 112.98 qps: 676.87 (r/w/o: 0.00/441.92/234.96) lat (ms,95%): 21.11 err/s: 0.00 reconn/s: 0.00
[ 26s ] thds: 2 tps: 111.02 qps: 667.13 (r/w/o: 0.00/433.08/234.04) lat (ms,95%): 21.11 err/s: 0.00 reconn/s: 0.00
[ 27s ] thds: 2 tps: 115.01 qps: 684.05 (r/w/o: 0.00/445.03/239.02) lat (ms,95%): 20.37 err/s: 0.00 reconn/s: 0.00
[ 28s ] thds: 2 tps: 112.99 qps: 680.96 (r/w/o: 0.00/439.97/240.98) lat (ms,95%): 20.74 err/s: 0.00 reconn/s: 0.00
[ 29s ] thds: 2 tps: 112.98 qps: 673.90 (r/w/o: 0.00/439.93/233.96) lat (ms,95%): 20.37 err/s: 0.00 reconn/s: 0.00
[ 30s ] thds: 2 tps: 111.00 qps: 667.97 (r/w/o: 0.00/434.98/232.99) lat (ms,95%): 20.37 err/s: 0.00 reconn/s: 0.00
[ 31s ] thds: 2 tps: 112.01 qps: 671.04 (r/w/o: 0.00/440.02/231.01) lat (ms,95%): 20.37 err/s: 0.00 reconn/s: 0.00
[ 32s ] thds: 2 tps: 110.00 qps: 666.97 (r/w/o: 0.00/436.98/229.99) lat (ms,95%): 20.00 err/s: 0.00 reconn/s: 0.00
[ 33s ] thds: 2 tps: 111.99 qps: 669.96 (r/w/o: 0.00/438.97/230.98) lat (ms,95%): 20.74 err/s: 0.00 reconn/s: 0.00
[ 34s ] thds: 2 tps: 111.08 qps: 668.48 (r/w/o: 0.00/444.32/224.16) lat (ms,95%): 20.74 err/s: 0.00 reconn/s: 0.00
[ 35s ] thds: 2 tps: 112.91 qps: 669.46 (r/w/o: 0.00/431.65/237.81) lat (ms,95%): 20.37 err/s: 0.00 reconn/s: 0.00
[ 36s ] thds: 2 tps: 109.02 qps: 658.12 (r/w/o: 0.00/432.08/226.04) lat (ms,95%): 21.11 err/s: 0.00 reconn/s: 0.00
[ 37s ] thds: 2 tps: 110.01 qps: 664.03 (r/w/o: 0.00/431.02/233.01) lat (ms,95%): 21.11 err/s: 0.00 reconn/s: 0.00
[ 38s ] thds: 2 tps: 110.99 qps: 662.93 (r/w/o: 0.00/435.95/226.97) lat (ms,95%): 20.74 err/s: 0.00 reconn/s: 0.00
[ 39s ] thds: 2 tps: 111.08 qps: 665.46 (r/w/o: 0.00/436.30/229.16) lat (ms,95%): 21.11 err/s: 0.00 reconn/s: 0.00
[ 40s ] thds: 2 tps: 110.92 qps: 666.52 (r/w/o: 0.00/436.68/229.83) lat (ms,95%): 20.74 err/s: 0.00 reconn/s: 0.00
[ 41s ] thds: 2 tps: 112.02 qps: 666.13 (r/w/o: 0.00/429.08/237.04) lat (ms,95%): 20.74 err/s: 0.00 reconn/s: 0.00
[ 42s ] thds: 2 tps: 110.99 qps: 667.94 (r/w/o: 0.00/439.96/227.98) lat (ms,95%): 20.37 err/s: 0.00 reconn/s: 0.00
[ 43s ] thds: 2 tps: 107.99 qps: 651.93 (r/w/o: 0.00/428.95/222.98) lat (ms,95%): 21.50 err/s: 0.00 reconn/s: 0.00
[ 44s ] thds: 2 tps: 109.07 qps: 656.42 (r/w/o: 0.00/429.27/227.14) lat (ms,95%): 21.89 err/s: 0.00 reconn/s: 0.00
[ 45s ] thds: 2 tps: 111.95 qps: 668.70 (r/w/o: 0.00/439.80/228.90) lat (ms,95%): 21.11 err/s: 0.00 reconn/s: 0.00
[ 46s ] thds: 2 tps: 109.97 qps: 661.83 (r/w/o: 0.00/437.89/223.94) lat (ms,95%): 21.11 err/s: 0.00 reconn/s: 0.00
[ 47s ] thds: 2 tps: 111.04 qps: 662.21 (r/w/o: 0.00/432.14/230.07) lat (ms,95%): 21.50 err/s: 0.00 reconn/s: 0.00
[ 48s ] thds: 2 tps: 111.05 qps: 668.27 (r/w/o: 0.00/434.18/234.10) lat (ms,95%): 20.74 err/s: 0.00 reconn/s: 0.00
[ 49s ] thds: 2 tps: 110.01 qps: 659.05 (r/w/o: 0.00/431.03/228.02) lat (ms,95%): 21.89 err/s: 0.00 reconn/s: 0.00
[ 50s ] thds: 2 tps: 110.00 qps: 660.01 (r/w/o: 0.00/425.01/235.00) lat (ms,95%): 21.11 err/s: 0.00 reconn/s: 0.00
[ 51s ] thds: 2 tps: 108.95 qps: 655.70 (r/w/o: 0.00/429.81/225.90) lat (ms,95%): 21.11 err/s: 0.00 reconn/s: 0.00
[ 52s ] thds: 2 tps: 110.95 qps: 661.68 (r/w/o: 0.00/435.79/225.89) lat (ms,95%): 21.50 err/s: 0.00 reconn/s: 0.00
[ 53s ] thds: 2 tps: 110.02 qps: 658.10 (r/w/o: 0.00/434.06/224.03) lat (ms,95%): 20.74 err/s: 0.00 reconn/s: 0.00
[ 54s ] thds: 2 tps: 110.01 qps: 663.05 (r/w/o: 0.00/435.03/228.02) lat (ms,95%): 20.74 err/s: 0.00 reconn/s: 0.00
[ 55s ] thds: 2 tps: 110.00 qps: 661.99 (r/w/o: 0.00/438.00/224.00) lat (ms,95%): 20.74 err/s: 0.00 reconn/s: 0.00
[ 56s ] thds: 2 tps: 110.08 qps: 660.47 (r/w/o: 0.00/431.31/229.16) lat (ms,95%): 21.50 err/s: 0.00 reconn/s: 0.00
[ 57s ] thds: 2 tps: 107.99 qps: 646.97 (r/w/o: 0.00/424.98/221.99) lat (ms,95%): 21.50 err/s: 0.00 reconn/s: 0.00
[ 58s ] thds: 2 tps: 107.93 qps: 651.60 (r/w/o: 0.00/426.74/224.86) lat (ms,95%): 21.11 err/s: 0.00 reconn/s: 0.00
[ 59s ] thds: 2 tps: 109.99 qps: 655.92 (r/w/o: 0.00/427.95/227.97) lat (ms,95%): 21.50 err/s: 0.00 reconn/s: 0.00
[ 60s ] thds: 2 tps: 109.09 qps: 656.53 (r/w/o: 0.00/423.34/233.19) lat (ms,95%): 21.50 err/s: 0.00 reconn/s: 0.00
[ 61s ] thds: 2 tps: 109.00 qps: 653.98 (r/w/o: 0.00/430.99/222.99) lat (ms,95%): 21.11 err/s: 0.00 reconn/s: 0.00
[ 62s ] thds: 2 tps: 108.91 qps: 656.43 (r/w/o: 0.00/431.63/224.81) lat (ms,95%): 21.50 err/s: 0.00 reconn/s: 0.00
[ 63s ] thds: 2 tps: 112.04 qps: 668.22 (r/w/o: 0.00/439.15/229.08) lat (ms,95%): 21.11 err/s: 0.00 reconn/s: 0.00
[ 64s ] thds: 2 tps: 110.00 qps: 659.00 (r/w/o: 0.00/430.00/229.00) lat (ms,95%): 20.74 err/s: 0.00 reconn/s: 0.00
[ 65s ] thds: 2 tps: 111.06 qps: 664.34 (r/w/o: 0.00/434.22/230.12) lat (ms,95%): 20.74 err/s: 0.00 reconn/s: 0.00
[ 66s ] thds: 2 tps: 110.00 qps: 662.00 (r/w/o: 0.00/436.00/226.00) lat (ms,95%): 20.37 err/s: 0.00 reconn/s: 0.00
[ 67s ] thds: 2 tps: 110.00 qps: 662.03 (r/w/o: 0.00/434.02/228.01) lat (ms,95%): 21.11 err/s: 0.00 reconn/s: 0.00
[ 68s ] thds: 2 tps: 109.99 qps: 658.96 (r/w/o: 0.00/434.97/223.99) lat (ms,95%): 21.11 err/s: 0.00 reconn/s: 0.00
[ 69s ] thds: 2 tps: 110.00 qps: 662.99 (r/w/o: 0.00/436.99/226.00) lat (ms,95%): 21.50 err/s: 0.00 reconn/s: 0.00
[ 70s ] thds: 2 tps: 112.00 qps: 670.00 (r/w/o: 0.00/439.00/231.00) lat (ms,95%): 20.37 err/s: 0.00 reconn/s: 0.00
[ 71s ] thds: 2 tps: 112.00 qps: 670.00 (r/w/o: 0.00/438.00/232.00) lat (ms,95%): 21.11 err/s: 0.00 reconn/s: 0.00
[ 72s ] thds: 2 tps: 111.00 qps: 668.02 (r/w/o: 0.00/438.01/230.01) lat (ms,95%): 20.74 err/s: 0.00 reconn/s: 0.00
[ 73s ] thds: 2 tps: 110.99 qps: 664.94 (r/w/o: 0.00/434.96/229.98) lat (ms,95%): 20.74 err/s: 0.00 reconn/s: 0.00
[ 74s ] thds: 2 tps: 112.01 qps: 668.04 (r/w/o: 0.00/437.03/231.01) lat (ms,95%): 20.74 err/s: 0.00 reconn/s: 0.00
[ 75s ] thds: 2 tps: 111.00 qps: 668.98 (r/w/o: 0.00/439.99/228.99) lat (ms,95%): 20.74 err/s: 0.00 reconn/s: 0.00
[ 76s ] thds: 2 tps: 108.91 qps: 658.48 (r/w/o: 0.00/433.66/224.82) lat (ms,95%): 21.11 err/s: 0.00 reconn/s: 0.00
[ 77s ] thds: 2 tps: 110.09 qps: 660.55 (r/w/o: 0.00/432.36/228.19) lat (ms,95%): 21.11 err/s: 0.00 reconn/s: 0.00
[ 78s ] thds: 2 tps: 109.00 qps: 652.99 (r/w/o: 0.00/428.99/224.00) lat (ms,95%): 21.11 err/s: 0.00 reconn/s: 0.00
[ 79s ] thds: 2 tps: 110.99 qps: 661.95 (r/w/o: 0.00/434.97/226.98) lat (ms,95%): 20.37 err/s: 0.00 reconn/s: 0.00
[ 80s ] thds: 2 tps: 110.01 qps: 662.08 (r/w/o: 0.00/432.05/230.03) lat (ms,95%): 20.74 err/s: 0.00 reconn/s: 0.00
[ 81s ] thds: 2 tps: 111.00 qps: 664.99 (r/w/o: 0.00/437.00/228.00) lat (ms,95%): 21.11 err/s: 0.00 reconn/s: 0.00
[ 82s ] thds: 2 tps: 112.99 qps: 673.96 (r/w/o: 0.00/436.97/236.98) lat (ms,95%): 20.74 err/s: 0.00 reconn/s: 0.00
[ 83s ] thds: 2 tps: 109.94 qps: 660.63 (r/w/o: 0.00/433.76/226.87) lat (ms,95%): 21.11 err/s: 0.00 reconn/s: 0.00
[ 84s ] thds: 2 tps: 112.07 qps: 676.40 (r/w/o: 0.00/444.27/232.14) lat (ms,95%): 20.74 err/s: 0.00 reconn/s: 0.00
[ 85s ] thds: 2 tps: 110.88 qps: 668.29 (r/w/o: 0.00/444.53/223.76) lat (ms,95%): 20.74 err/s: 0.00 reconn/s: 0.00
[ 86s ] thds: 2 tps: 110.11 qps: 658.66 (r/w/o: 0.00/431.43/227.23) lat (ms,95%): 21.11 err/s: 0.00 reconn/s: 0.00
[ 87s ] thds: 2 tps: 111.00 qps: 665.01 (r/w/o: 0.00/436.01/229.00) lat (ms,95%): 21.50 err/s: 0.00 reconn/s: 0.00
[ 88s ] thds: 2 tps: 111.00 qps: 667.01 (r/w/o: 0.00/441.01/226.01) lat (ms,95%): 20.00 err/s: 0.00 reconn/s: 0.00
[ 89s ] thds: 2 tps: 109.99 qps: 658.93 (r/w/o: 0.00/431.95/226.97) lat (ms,95%): 20.74 err/s: 0.00 reconn/s: 0.00
[ 90s ] thds: 2 tps: 110.00 qps: 660.02 (r/w/o: 0.00/436.02/224.01) lat (ms,95%): 21.50 err/s: 0.00 reconn/s: 0.00
[ 91s ] thds: 2 tps: 111.91 qps: 666.46 (r/w/o: 0.00/431.65/234.81) lat (ms,95%): 20.74 err/s: 0.00 reconn/s: 0.00
[ 92s ] thds: 2 tps: 110.01 qps: 665.04 (r/w/o: 0.00/440.03/225.01) lat (ms,95%): 21.11 err/s: 0.00 reconn/s: 0.00
[ 93s ] thds: 2 tps: 111.00 qps: 665.00 (r/w/o: 0.00/438.00/227.00) lat (ms,95%): 21.11 err/s: 0.00 reconn/s: 0.00
[ 94s ] thds: 2 tps: 112.09 qps: 669.52 (r/w/o: 0.00/438.34/231.18) lat (ms,95%): 20.37 err/s: 0.00 reconn/s: 0.00
[ 95s ] thds: 2 tps: 110.91 qps: 664.48 (r/w/o: 0.00/434.66/229.82) lat (ms,95%): 20.74 err/s: 0.00 reconn/s: 0.00
[ 96s ] thds: 2 tps: 110.10 qps: 664.58 (r/w/o: 0.00/436.38/228.20) lat (ms,95%): 21.89 err/s: 0.00 reconn/s: 0.00
[ 97s ] thds: 2 tps: 108.99 qps: 653.95 (r/w/o: 0.00/427.97/225.98) lat (ms,95%): 21.11 err/s: 0.00 reconn/s: 0.00
[ 98s ] thds: 2 tps: 108.92 qps: 654.55 (r/w/o: 0.00/425.70/228.84) lat (ms,95%): 21.50 err/s: 0.00 reconn/s: 0.00
[ 99s ] thds: 2 tps: 110.07 qps: 656.41 (r/w/o: 0.00/434.27/222.14) lat (ms,95%): 20.74 err/s: 0.00 reconn/s: 0.00
[ 100s ] thds: 2 tps: 109.00 qps: 656.97 (r/w/o: 0.00/428.98/227.99) lat (ms,95%): 21.11 err/s: 0.00 reconn/s: 0.00
[ 101s ] thds: 2 tps: 110.01 qps: 657.07 (r/w/o: 0.00/423.05/234.03) lat (ms,95%): 20.74 err/s: 0.00 reconn/s: 0.00
[ 102s ] thds: 2 tps: 109.94 qps: 661.67 (r/w/o: 0.00/434.78/226.89) lat (ms,95%): 20.74 err/s: 0.00 reconn/s: 0.00
[ 103s ] thds: 2 tps: 109.05 qps: 658.30 (r/w/o: 0.00/433.20/225.10) lat (ms,95%): 20.37 err/s: 0.00 reconn/s: 0.00
[ 104s ] thds: 2 tps: 110.02 qps: 653.09 (r/w/o: 0.00/425.06/228.03) lat (ms,95%): 20.74 err/s: 0.00 reconn/s: 0.00
[ 105s ] thds: 2 tps: 107.99 qps: 650.96 (r/w/o: 0.00/431.97/218.99) lat (ms,95%): 20.74 err/s: 0.00 reconn/s: 0.00
[ 106s ] thds: 2 tps: 108.99 qps: 654.95 (r/w/o: 0.00/429.97/224.98) lat (ms,95%): 20.74 err/s: 0.00 reconn/s: 0.00
[ 107s ] thds: 2 tps: 109.00 qps: 655.98 (r/w/o: 0.00/434.98/220.99) lat (ms,95%): 21.50 err/s: 0.00 reconn/s: 0.00
[ 108s ] thds: 2 tps: 110.01 qps: 659.03 (r/w/o: 0.00/429.02/230.01) lat (ms,95%): 20.37 err/s: 0.00 reconn/s: 0.00
[ 109s ] thds: 2 tps: 110.01 qps: 658.04 (r/w/o: 0.00/430.03/228.02) lat (ms,95%): 21.50 err/s: 0.00 reconn/s: 0.00
[ 110s ] thds: 2 tps: 109.91 qps: 662.45 (r/w/o: 0.00/438.63/223.81) lat (ms,95%): 21.11 err/s: 0.00 reconn/s: 0.00
[ 111s ] thds: 2 tps: 111.01 qps: 664.04 (r/w/o: 0.00/438.03/226.01) lat (ms,95%): 20.37 err/s: 0.00 reconn/s: 0.00
[ 112s ] thds: 2 tps: 111.98 qps: 669.90 (r/w/o: 0.00/435.94/233.97) lat (ms,95%): 20.74 err/s: 0.00 reconn/s: 0.00
[ 113s ] thds: 2 tps: 109.01 qps: 658.04 (r/w/o: 0.00/432.03/226.02) lat (ms,95%): 20.37 err/s: 0.00 reconn/s: 0.00
[ 114s ] thds: 2 tps: 110.08 qps: 660.48 (r/w/o: 0.00/432.31/228.16) lat (ms,95%): 21.11 err/s: 0.00 reconn/s: 0.00
[ 115s ] thds: 2 tps: 111.92 qps: 668.51 (r/w/o: 0.00/435.68/232.83) lat (ms,95%): 20.37 err/s: 0.00 reconn/s: 0.00
[ 116s ] thds: 2 tps: 110.00 qps: 660.01 (r/w/o: 0.00/437.01/223.00) lat (ms,95%): 21.11 err/s: 0.00 reconn/s: 0.00
[ 117s ] thds: 2 tps: 110.08 qps: 663.48 (r/w/o: 0.00/435.31/228.16) lat (ms,95%): 20.74 err/s: 0.00 reconn/s: 0.00
[ 118s ] thds: 2 tps: 109.99 qps: 656.96 (r/w/o: 0.00/430.97/225.98) lat (ms,95%): 20.37 err/s: 0.00 reconn/s: 0.00
[ 119s ] thds: 2 tps: 110.01 qps: 661.07 (r/w/o: 0.00/433.04/228.02) lat (ms,95%): 21.50 err/s: 0.00 reconn/s: 0.00
[ 120s ] thds: 2 tps: 110.99 qps: 666.93 (r/w/o: 0.00/436.96/229.98) lat (ms,95%): 20.74 err/s: 0.00 reconn/s: 0.00
[ 121s ] thds: 2 tps: 111.03 qps: 668.15 (r/w/o: 0.00/439.10/229.05) lat (ms,95%): 20.37 err/s: 0.00 reconn/s: 0.00
[ 122s ] thds: 2 tps: 109.00 qps: 652.02 (r/w/o: 0.00/427.01/225.01) lat (ms,95%): 21.89 err/s: 0.00 reconn/s: 0.00
[ 123s ] thds: 2 tps: 108.97 qps: 653.84 (r/w/o: 0.00/429.89/223.94) lat (ms,95%): 21.89 err/s: 0.00 reconn/s: 0.00
[ 124s ] thds: 2 tps: 111.02 qps: 666.11 (r/w/o: 0.00/440.07/226.04) lat (ms,95%): 21.11 err/s: 0.00 reconn/s: 0.00
[ 125s ] thds: 2 tps: 110.90 qps: 665.38 (r/w/o: 0.00/438.59/226.79) lat (ms,95%): 20.74 err/s: 0.00 reconn/s: 0.00
[ 126s ] thds: 2 tps: 110.08 qps: 660.49 (r/w/o: 0.00/435.33/225.17) lat (ms,95%): 21.11 err/s: 0.00 reconn/s: 0.00
[ 127s ] thds: 2 tps: 110.00 qps: 660.03 (r/w/o: 0.00/426.02/234.01) lat (ms,95%): 20.74 err/s: 0.00 reconn/s: 0.00
[ 128s ] thds: 2 tps: 110.01 qps: 658.03 (r/w/o: 0.00/432.02/226.01) lat (ms,95%): 21.11 err/s: 0.00 reconn/s: 0.00
[ 129s ] thds: 2 tps: 110.00 qps: 660.01 (r/w/o: 0.00/435.01/225.00) lat (ms,95%): 21.11 err/s: 0.00 reconn/s: 0.00
[ 130s ] thds: 2 tps: 111.98 qps: 671.89 (r/w/o: 0.00/441.93/229.96) lat (ms,95%): 20.74 err/s: 0.00 reconn/s: 0.00
[ 131s ] thds: 2 tps: 111.03 qps: 667.17 (r/w/o: 0.00/439.11/228.06) lat (ms,95%): 20.74 err/s: 0.00 reconn/s: 0.00
[ 132s ] thds: 2 tps: 110.99 qps: 663.95 (r/w/o: 0.00/433.97/229.98) lat (ms,95%): 21.11 err/s: 0.00 reconn/s: 0.00
[ 133s ] thds: 2 tps: 109.99 qps: 660.97 (r/w/o: 0.00/434.98/225.99) lat (ms,95%): 21.50 err/s: 0.00 reconn/s: 0.00
[ 134s ] thds: 2 tps: 110.00 qps: 658.97 (r/w/o: 0.00/432.98/225.99) lat (ms,95%): 21.11 err/s: 0.00 reconn/s: 0.00
[ 135s ] thds: 2 tps: 112.01 qps: 672.07 (r/w/o: 0.00/434.05/238.03) lat (ms,95%): 20.37 err/s: 0.00 reconn/s: 0.00
[ 136s ] thds: 2 tps: 111.99 qps: 670.96 (r/w/o: 0.00/438.97/231.99) lat (ms,95%): 21.50 err/s: 0.00 reconn/s: 0.00
[ 137s ] thds: 2 tps: 112.01 qps: 673.07 (r/w/o: 0.00/440.04/233.02) lat (ms,95%): 20.74 err/s: 0.00 reconn/s: 0.00
[ 138s ] thds: 2 tps: 110.99 qps: 666.93 (r/w/o: 0.00/437.96/228.98) lat (ms,95%): 21.11 err/s: 0.00 reconn/s: 0.00
[ 139s ] thds: 2 tps: 111.99 qps: 668.92 (r/w/o: 0.00/435.95/232.97) lat (ms,95%): 20.74 err/s: 0.00 reconn/s: 0.00
[ 140s ] thds: 2 tps: 110.02 qps: 662.14 (r/w/o: 0.00/433.09/229.05) lat (ms,95%): 21.11 err/s: 0.00 reconn/s: 0.00
[ 141s ] thds: 2 tps: 108.99 qps: 659.94 (r/w/o: 0.00/434.96/224.98) lat (ms,95%): 21.11 err/s: 0.00 reconn/s: 0.00
[ 142s ] thds: 2 tps: 111.02 qps: 664.15 (r/w/o: 0.00/439.10/225.05) lat (ms,95%): 20.37 err/s: 0.00 reconn/s: 0.00
[ 143s ] thds: 2 tps: 110.97 qps: 663.82 (r/w/o: 0.00/437.88/225.94) lat (ms,95%): 20.37 err/s: 0.00 reconn/s: 0.00
[ 144s ] thds: 2 tps: 110.98 qps: 669.89 (r/w/o: 0.00/439.93/229.96) lat (ms,95%): 20.37 err/s: 0.00 reconn/s: 0.00
[ 145s ] thds: 2 tps: 113.00 qps: 674.01 (r/w/o: 0.00/443.01/231.00) lat (ms,95%): 20.37 err/s: 0.00 reconn/s: 0.00
[ 146s ] thds: 2 tps: 112.04 qps: 671.26 (r/w/o: 0.00/436.17/235.09) lat (ms,95%): 20.74 err/s: 0.00 reconn/s: 0.00
[ 147s ] thds: 2 tps: 110.99 qps: 670.92 (r/w/o: 0.00/438.95/231.97) lat (ms,95%): 21.11 err/s: 0.00 reconn/s: 0.00
[ 148s ] thds: 2 tps: 112.97 qps: 673.84 (r/w/o: 0.00/437.90/235.95) lat (ms,95%): 20.74 err/s: 0.00 reconn/s: 0.00
[ 149s ] thds: 2 tps: 111.02 qps: 670.12 (r/w/o: 0.00/443.08/227.04) lat (ms,95%): 20.37 err/s: 0.00 reconn/s: 0.00
[ 150s ] thds: 2 tps: 112.93 qps: 668.57 (r/w/o: 0.00/436.72/231.85) lat (ms,95%): 21.11 err/s: 0.00 reconn/s: 0.00
[ 151s ] thds: 2 tps: 112.08 qps: 674.50 (r/w/o: 0.00/440.33/234.17) lat (ms,95%): 20.74 err/s: 0.00 reconn/s: 0.00
[ 152s ] thds: 2 tps: 111.98 qps: 672.91 (r/w/o: 0.00/441.94/230.97) lat (ms,95%): 20.74 err/s: 0.00 reconn/s: 0.00
[ 153s ] thds: 2 tps: 109.98 qps: 665.88 (r/w/o: 0.00/438.92/226.96) lat (ms,95%): 20.37 err/s: 0.00 reconn/s: 0.00
[ 154s ] thds: 2 tps: 113.04 qps: 669.23 (r/w/o: 0.00/437.15/232.08) lat (ms,95%): 20.74 err/s: 0.00 reconn/s: 0.00
[ 155s ] thds: 2 tps: 111.98 qps: 673.91 (r/w/o: 0.00/440.94/232.97) lat (ms,95%): 20.74 err/s: 0.00 reconn/s: 0.00
[ 156s ] thds: 2 tps: 111.02 qps: 671.12 (r/w/o: 0.00/442.08/229.04) lat (ms,95%): 20.37 err/s: 0.00 reconn/s: 0.00
[ 157s ] thds: 2 tps: 111.00 qps: 665.98 (r/w/o: 0.00/437.99/227.99) lat (ms,95%): 20.74 err/s: 0.00 reconn/s: 0.00
[ 158s ] thds: 2 tps: 111.96 qps: 673.77 (r/w/o: 0.00/447.85/225.92) lat (ms,95%): 20.37 err/s: 0.00 reconn/s: 0.00
[ 159s ] thds: 2 tps: 112.04 qps: 667.22 (r/w/o: 0.00/437.15/230.08) lat (ms,95%): 20.37 err/s: 0.00 reconn/s: 0.00
[ 160s ] thds: 2 tps: 109.00 qps: 653.99 (r/w/o: 0.00/430.99/223.00) lat (ms,95%): 21.50 err/s: 0.00 reconn/s: 0.00
[ 161s ] thds: 2 tps: 110.98 qps: 666.88 (r/w/o: 0.00/434.92/231.96) lat (ms,95%): 21.11 err/s: 0.00 reconn/s: 0.00
[ 162s ] thds: 2 tps: 110.00 qps: 659.01 (r/w/o: 0.00/436.01/223.00) lat (ms,95%): 20.74 err/s: 0.00 reconn/s: 0.00
[ 163s ] thds: 2 tps: 111.02 qps: 668.11 (r/w/o: 0.00/439.07/229.04) lat (ms,95%): 20.74 err/s: 0.00 reconn/s: 0.00
[ 164s ] thds: 2 tps: 111.00 qps: 665.03 (r/w/o: 0.00/436.02/229.01) lat (ms,95%): 20.74 err/s: 0.00 reconn/s: 0.00
[ 165s ] thds: 2 tps: 111.00 qps: 663.02 (r/w/o: 0.00/437.01/226.01) lat (ms,95%): 20.74 err/s: 0.00 reconn/s: 0.00
[ 166s ] thds: 2 tps: 110.96 qps: 666.75 (r/w/o: 0.00/437.84/228.91) lat (ms,95%): 21.11 err/s: 0.00 reconn/s: 0.00
[ 167s ] thds: 2 tps: 110.99 qps: 667.93 (r/w/o: 0.00/436.95/230.98) lat (ms,95%): 21.11 err/s: 0.00 reconn/s: 0.00
[ 168s ] thds: 2 tps: 112.02 qps: 674.14 (r/w/o: 0.00/439.09/235.05) lat (ms,95%): 20.37 err/s: 0.00 reconn/s: 0.00
[ 169s ] thds: 2 tps: 111.03 qps: 668.16 (r/w/o: 0.00/437.10/231.06) lat (ms,95%): 20.74 err/s: 0.00 reconn/s: 0.00
[ 170s ] thds: 2 tps: 112.96 qps: 669.74 (r/w/o: 0.00/439.83/229.91) lat (ms,95%): 20.37 err/s: 0.00 reconn/s: 0.00
[ 171s ] thds: 2 tps: 111.01 qps: 669.07 (r/w/o: 0.00/434.05/235.03) lat (ms,95%): 20.37 err/s: 0.00 reconn/s: 0.00
[ 172s ] thds: 2 tps: 112.01 qps: 670.08 (r/w/o: 0.00/438.05/232.03) lat (ms,95%): 20.37 err/s: 0.00 reconn/s: 0.00
[ 173s ] thds: 2 tps: 112.99 qps: 675.97 (r/w/o: 0.00/443.98/231.99) lat (ms,95%): 20.00 err/s: 0.00 reconn/s: 0.00
[ 174s ] thds: 2 tps: 111.02 qps: 672.14 (r/w/o: 0.00/439.09/233.05) lat (ms,95%): 21.50 err/s: 0.00 reconn/s: 0.00
[ 175s ] thds: 2 tps: 111.97 qps: 669.83 (r/w/o: 0.00/439.89/229.94) lat (ms,95%): 20.37 err/s: 0.00 reconn/s: 0.00
[ 176s ] thds: 2 tps: 112.97 qps: 679.83 (r/w/o: 0.00/442.89/236.94) lat (ms,95%): 20.00 err/s: 0.00 reconn/s: 0.00
[ 177s ] thds: 2 tps: 113.01 qps: 675.08 (r/w/o: 0.00/440.05/235.03) lat (ms,95%): 20.74 err/s: 0.00 reconn/s: 0.00
[ 178s ] thds: 2 tps: 111.03 qps: 667.15 (r/w/o: 0.00/436.10/231.05) lat (ms,95%): 20.37 err/s: 0.00 reconn/s: 0.00
[ 179s ] thds: 2 tps: 111.98 qps: 674.86 (r/w/o: 0.00/448.91/225.95) lat (ms,95%): 20.37 err/s: 0.00 reconn/s: 0.00
[ 180s ] thds: 2 tps: 112.00 qps: 670.98 (r/w/o: 0.00/436.99/233.99) lat (ms,95%): 20.37 err/s: 0.00 reconn/s: 0.00
[ 181s ] thds: 2 tps: 113.01 qps: 676.06 (r/w/o: 0.00/444.04/232.02) lat (ms,95%): 21.11 err/s: 0.00 reconn/s: 0.00
[ 182s ] thds: 2 tps: 113.00 qps: 679.01 (r/w/o: 0.00/441.00/238.00) lat (ms,95%): 20.37 err/s: 0.00 reconn/s: 0.00
[ 183s ] thds: 2 tps: 111.99 qps: 672.93 (r/w/o: 0.00/435.96/236.98) lat (ms,95%): 20.74 err/s: 0.00 reconn/s: 0.00
[ 184s ] thds: 2 tps: 111.00 qps: 667.03 (r/w/o: 0.00/441.02/226.01) lat (ms,95%): 20.74 err/s: 0.00 reconn/s: 0.00
[ 185s ] thds: 2 tps: 111.99 qps: 665.96 (r/w/o: 0.00/440.97/224.99) lat (ms,95%): 20.00 err/s: 0.00 reconn/s: 0.00
[ 186s ] thds: 2 tps: 110.00 qps: 659.01 (r/w/o: 0.00/434.01/225.00) lat (ms,95%): 21.11 err/s: 0.00 reconn/s: 0.00
[ 187s ] thds: 2 tps: 109.00 qps: 660.00 (r/w/o: 0.00/435.00/225.00) lat (ms,95%): 20.74 err/s: 0.00 reconn/s: 0.00
[ 188s ] thds: 2 tps: 112.00 qps: 671.99 (r/w/o: 0.00/441.00/231.00) lat (ms,95%): 20.74 err/s: 0.00 reconn/s: 0.00
[ 189s ] thds: 2 tps: 111.02 qps: 669.09 (r/w/o: 0.00/441.06/228.03) lat (ms,95%): 20.00 err/s: 0.00 reconn/s: 0.00
[ 190s ] thds: 2 tps: 111.98 qps: 663.89 (r/w/o: 0.00/438.93/224.96) lat (ms,95%): 21.11 err/s: 0.00 reconn/s: 0.00
[ 191s ] thds: 2 tps: 113.00 qps: 680.00 (r/w/o: 0.00/448.00/232.00) lat (ms,95%): 20.74 err/s: 0.00 reconn/s: 0.00
[ 192s ] thds: 2 tps: 111.04 qps: 669.22 (r/w/o: 0.00/436.14/233.08) lat (ms,95%): 20.74 err/s: 0.00 reconn/s: 0.00
[ 193s ] thds: 2 tps: 113.00 qps: 671.99 (r/w/o: 0.00/434.99/237.00) lat (ms,95%): 20.74 err/s: 0.00 reconn/s: 0.00
[ 194s ] thds: 2 tps: 110.97 qps: 674.85 (r/w/o: 0.00/445.90/228.95) lat (ms,95%): 20.37 err/s: 0.00 reconn/s: 0.00
[ 195s ] thds: 2 tps: 112.00 qps: 670.00 (r/w/o: 0.00/435.00/235.00) lat (ms,95%): 20.74 err/s: 0.00 reconn/s: 0.00
[ 196s ] thds: 2 tps: 112.02 qps: 670.11 (r/w/o: 0.00/437.07/233.04) lat (ms,95%): 21.11 err/s: 0.00 reconn/s: 0.00
[ 197s ] thds: 2 tps: 110.99 qps: 665.97 (r/w/o: 0.00/436.98/228.99) lat (ms,95%): 21.50 err/s: 0.00 reconn/s: 0.00
[ 198s ] thds: 2 tps: 111.98 qps: 670.88 (r/w/o: 0.00/442.92/227.96) lat (ms,95%): 20.74 err/s: 0.00 reconn/s: 0.00
[ 199s ] thds: 2 tps: 111.03 qps: 665.20 (r/w/o: 0.00/433.13/232.07) lat (ms,95%): 21.11 err/s: 0.00 reconn/s: 0.00
[ 200s ] thds: 2 tps: 110.97 qps: 665.83 (r/w/o: 0.00/437.89/227.94) lat (ms,95%): 20.37 err/s: 0.00 reconn/s: 0.00
[ 201s ] thds: 2 tps: 111.00 qps: 667.00 (r/w/o: 0.00/438.00/229.00) lat (ms,95%): 20.37 err/s: 0.00 reconn/s: 0.00
[ 202s ] thds: 2 tps: 111.00 qps: 668.02 (r/w/o: 0.00/439.02/229.01) lat (ms,95%): 20.37 err/s: 0.00 reconn/s: 0.00
[ 203s ] thds: 2 tps: 112.99 qps: 672.96 (r/w/o: 0.00/440.97/231.99) lat (ms,95%): 20.74 err/s: 0.00 reconn/s: 0.00
[ 204s ] thds: 2 tps: 112.00 qps: 673.01 (r/w/o: 0.00/440.01/233.00) lat (ms,95%): 20.74 err/s: 0.00 reconn/s: 0.00
[ 205s ] thds: 2 tps: 113.01 qps: 679.06 (r/w/o: 0.00/448.04/231.02) lat (ms,95%): 20.00 err/s: 0.00 reconn/s: 0.00
[ 206s ] thds: 2 tps: 110.98 qps: 670.91 (r/w/o: 0.00/443.94/226.97) lat (ms,95%): 20.74 err/s: 0.00 reconn/s: 0.00
[ 207s ] thds: 2 tps: 113.03 qps: 674.17 (r/w/o: 0.00/440.11/234.06) lat (ms,95%): 20.74 err/s: 0.00 reconn/s: 0.00
[ 208s ] thds: 2 tps: 111.98 qps: 676.87 (r/w/o: 0.00/440.92/235.95) lat (ms,95%): 20.37 err/s: 0.00 reconn/s: 0.00
[ 209s ] thds: 2 tps: 112.00 qps: 670.00 (r/w/o: 0.00/437.00/233.00) lat (ms,95%): 21.11 err/s: 0.00 reconn/s: 0.00
[ 210s ] thds: 2 tps: 112.00 qps: 673.99 (r/w/o: 0.00/441.99/232.00) lat (ms,95%): 20.37 err/s: 0.00 reconn/s: 0.00
[ 211s ] thds: 2 tps: 112.02 qps: 669.13 (r/w/o: 0.00/437.09/232.05) lat (ms,95%): 20.37 err/s: 0.00 reconn/s: 0.00
[ 212s ] thds: 2 tps: 112.98 qps: 671.90 (r/w/o: 0.00/438.94/232.97) lat (ms,95%): 20.74 err/s: 0.00 reconn/s: 0.00
[ 213s ] thds: 2 tps: 110.99 qps: 673.95 (r/w/o: 0.00/441.97/231.98) lat (ms,95%): 20.37 err/s: 0.00 reconn/s: 0.00
[ 214s ] thds: 2 tps: 112.02 qps: 670.13 (r/w/o: 0.00/439.08/231.04) lat (ms,95%): 20.74 err/s: 0.00 reconn/s: 0.00
[ 215s ] thds: 2 tps: 112.00 qps: 668.99 (r/w/o: 0.00/436.99/232.00) lat (ms,95%): 20.37 err/s: 0.00 reconn/s: 0.00
[ 216s ] thds: 2 tps: 111.00 qps: 670.99 (r/w/o: 0.00/443.00/228.00) lat (ms,95%): 20.37 err/s: 0.00 reconn/s: 0.00
[ 217s ] thds: 2 tps: 112.99 qps: 672.93 (r/w/o: 0.00/441.95/230.97) lat (ms,95%): 20.37 err/s: 0.00 reconn/s: 0.00
[ 218s ] thds: 2 tps: 111.02 qps: 670.11 (r/w/o: 0.00/441.07/229.04) lat (ms,95%): 20.37 err/s: 0.00 reconn/s: 0.00
[ 219s ] thds: 2 tps: 110.98 qps: 667.85 (r/w/o: 0.00/435.90/231.95) lat (ms,95%): 20.37 err/s: 0.00 reconn/s: 0.00
[ 220s ] thds: 2 tps: 111.99 qps: 666.95 (r/w/o: 0.00/433.97/232.98) lat (ms,95%): 20.37 err/s: 0.00 reconn/s: 0.00
[ 221s ] thds: 2 tps: 112.01 qps: 671.06 (r/w/o: 0.00/438.04/233.02) lat (ms,95%): 20.74 err/s: 0.00 reconn/s: 0.00
[ 222s ] thds: 2 tps: 112.01 qps: 675.04 (r/w/o: 0.00/444.03/231.01) lat (ms,95%): 20.37 err/s: 0.00 reconn/s: 0.00
[ 223s ] thds: 2 tps: 111.00 qps: 662.98 (r/w/o: 0.00/434.99/227.99) lat (ms,95%): 21.11 err/s: 0.00 reconn/s: 0.00
[ 224s ] thds: 2 tps: 110.99 qps: 668.92 (r/w/o: 0.00/440.95/227.97) lat (ms,95%): 20.37 err/s: 0.00 reconn/s: 0.00
[ 225s ] thds: 2 tps: 112.03 qps: 674.19 (r/w/o: 0.00/446.12/228.06) lat (ms,95%): 20.37 err/s: 0.00 reconn/s: 0.00
[ 226s ] thds: 2 tps: 112.98 qps: 674.89 (r/w/o: 0.00/437.93/236.96) lat (ms,95%): 20.00 err/s: 0.00 reconn/s: 0.00
[ 227s ] thds: 2 tps: 111.00 qps: 668.03 (r/w/o: 0.00/440.02/228.01) lat (ms,95%): 20.74 err/s: 0.00 reconn/s: 0.00
[ 228s ] thds: 2 tps: 112.99 qps: 677.94 (r/w/o: 0.00/440.96/236.98) lat (ms,95%): 20.37 err/s: 0.00 reconn/s: 0.00
[ 229s ] thds: 2 tps: 113.00 qps: 673.99 (r/w/o: 0.00/440.99/233.00) lat (ms,95%): 20.37 err/s: 0.00 reconn/s: 0.00
[ 230s ] thds: 2 tps: 112.00 qps: 676.01 (r/w/o: 0.00/442.01/234.00) lat (ms,95%): 20.37 err/s: 0.00 reconn/s: 0.00
[ 231s ] thds: 2 tps: 114.00 qps: 677.98 (r/w/o: 0.00/442.99/234.99) lat (ms,95%): 20.37 err/s: 0.00 reconn/s: 0.00
[ 232s ] thds: 2 tps: 111.99 qps: 678.93 (r/w/o: 0.00/446.96/231.98) lat (ms,95%): 20.00 err/s: 0.00 reconn/s: 0.00
[ 233s ] thds: 2 tps: 114.01 qps: 682.07 (r/w/o: 0.00/447.05/235.02) lat (ms,95%): 20.00 err/s: 0.00 reconn/s: 0.00
[ 234s ] thds: 2 tps: 113.03 qps: 679.20 (r/w/o: 0.00/449.13/230.07) lat (ms,95%): 20.37 err/s: 0.00 reconn/s: 0.00
[ 235s ] thds: 2 tps: 113.99 qps: 678.94 (r/w/o: 0.00/444.96/233.98) lat (ms,95%): 20.00 err/s: 0.00 reconn/s: 0.00
[ 236s ] thds: 2 tps: 112.00 qps: 678.00 (r/w/o: 0.00/448.00/230.00) lat (ms,95%): 20.37 err/s: 0.00 reconn/s: 0.00
[ 237s ] thds: 2 tps: 111.98 qps: 672.88 (r/w/o: 0.00/439.92/232.96) lat (ms,95%): 20.74 err/s: 0.00 reconn/s: 0.00
[ 238s ] thds: 2 tps: 114.00 qps: 679.97 (r/w/o: 0.00/443.98/235.99) lat (ms,95%): 20.37 err/s: 0.00 reconn/s: 0.00
[ 239s ] thds: 2 tps: 114.03 qps: 682.19 (r/w/o: 0.00/448.12/234.06) lat (ms,95%): 20.37 err/s: 0.00 reconn/s: 0.00
[ 240s ] thds: 2 tps: 112.99 qps: 676.93 (r/w/o: 0.00/448.95/227.98) lat (ms,95%): 20.74 err/s: 0.00 reconn/s: 0.00
Latency histogram (values are in milliseconds)
       value  ------------- distribution ------------- count
      13.219 |                                         1
      13.460 |                                         3
      13.704 |                                         12
      13.953 |*                                        40
      14.207 |*                                        49
      14.465 |**                                       102
      14.728 |*****                                    240
      14.995 |********                                 387
      15.268 |*************                            685
      15.545 |****************                         820
      15.828 |***************************              1368
      16.115 |************************************     1851
      16.408 |**************************************   1936
      16.706 |***********************************      1801
      17.010 |*****************************            1501
      17.319 |***********************                  1198
      17.633 |*******************                      1005
      17.954 |******************                       950
      18.280 |*********************                    1104
      18.612 |************************                 1259
      18.950 |*********************************        1709
      19.295 |**************************************** 2062
      19.645 |**************************************** 2046
      20.002 |*******************************          1607
      20.366 |*********************                    1072
      20.736 |************                             620
      21.112 |*********                                474
      21.496 |******                                   315
      21.886 |****                                     189
      22.284 |**                                       112
      22.689 |*                                        56
      23.101 |                                         21
      23.521 |*                                        36
      23.948 |                                         12
      24.384 |                                         11
      24.827 |                                         6
      25.278 |                                         5
      25.737 |                                         5
      26.205 |                                         4
      26.681 |                                         1
      27.165 |                                         2
      27.659 |                                         1
      29.194 |                                         1
      29.725 |                                         1
 
SQL statistics:
    queries performed:
        read:                            0
        write:                           104922
        other:                           55154
        total:                           160076
    transactions:                        26680  (111.16 per sec.)
    queries:                             160076 (666.94 per sec.)
    ignored errors:                      0      (0.00 per sec.)
    reconnects:                          0      (0.00 per sec.)

Throughput:
    events/s (eps):                      111.1591
    time elapsed:                        240.0166s
    total number of events:              26680

Latency (ms):
         min:                                   13.11
         avg:                                   17.99
         max:                                   29.96
         95th percentile:                       20.74
         sum:                               479945.36

Threads fairness:
    events (avg/stddev):           13340.0000/1097.00
    execution time (avg/stddev):   239.9727/0.02

