sysbench 1.1.0-3ceba0b (using bundled LuaJIT 2.1.0-beta3)

Running the test with following options:
Number of threads: 8
Warmup time: 60s
Report intermediate results every 1 second(s)
Initializing random number generator from current time


Initializing worker threads...

Threads started!

Warming up for 60 seconds...

[ 1s ] thds: 8 tps: 435.92 qps: 2615.86 (r/w/o: 0.00/1715.93/899.93) lat (ms,95%): 21.89 err/s: 0.00 reconn/s: 0.00
[ 2s ] thds: 8 tps: 440.06 qps: 2651.38 (r/w/o: 0.00/1747.25/904.13) lat (ms,95%): 21.89 err/s: 0.00 reconn/s: 0.00
[ 3s ] thds: 8 tps: 442.86 qps: 2652.18 (r/w/o: 0.00/1738.46/913.72) lat (ms,95%): 21.89 err/s: 0.00 reconn/s: 0.00
[ 4s ] thds: 8 tps: 446.00 qps: 2667.01 (r/w/o: 0.00/1739.01/928.01) lat (ms,95%): 22.28 err/s: 0.00 reconn/s: 0.00
[ 5s ] thds: 8 tps: 440.96 qps: 2655.78 (r/w/o: 0.00/1737.86/917.92) lat (ms,95%): 22.28 err/s: 0.00 reconn/s: 0.00
[ 6s ] thds: 8 tps: 448.14 qps: 2681.85 (r/w/o: 0.00/1755.56/926.29) lat (ms,95%): 22.28 err/s: 0.00 reconn/s: 0.00
[ 7s ] thds: 8 tps: 443.64 qps: 2662.84 (r/w/o: 0.00/1739.59/923.25) lat (ms,95%): 21.89 err/s: 0.00 reconn/s: 0.00
[ 8s ] thds: 8 tps: 441.28 qps: 2653.66 (r/w/o: 0.00/1742.09/911.57) lat (ms,95%): 22.28 err/s: 0.00 reconn/s: 0.00
[ 9s ] thds: 8 tps: 441.08 qps: 2652.49 (r/w/o: 0.00/1745.32/907.17) lat (ms,95%): 21.89 err/s: 0.00 reconn/s: 0.00
[ 10s ] thds: 8 tps: 443.01 qps: 2652.05 (r/w/o: 0.00/1732.03/920.02) lat (ms,95%): 22.28 err/s: 0.00 reconn/s: 0.00
[ 11s ] thds: 8 tps: 440.03 qps: 2638.20 (r/w/o: 0.00/1736.13/902.07) lat (ms,95%): 22.28 err/s: 0.00 reconn/s: 0.00
[ 12s ] thds: 8 tps: 443.95 qps: 2666.69 (r/w/o: 0.00/1741.80/924.89) lat (ms,95%): 21.89 err/s: 0.00 reconn/s: 0.00
[ 13s ] thds: 8 tps: 441.03 qps: 2647.19 (r/w/o: 0.00/1728.13/919.07) lat (ms,95%): 21.89 err/s: 0.00 reconn/s: 0.00
[ 14s ] thds: 8 tps: 442.88 qps: 2654.30 (r/w/o: 0.00/1738.54/915.76) lat (ms,95%): 21.89 err/s: 0.00 reconn/s: 0.00
[ 15s ] thds: 8 tps: 443.99 qps: 2659.92 (r/w/o: 0.00/1746.95/912.97) lat (ms,95%): 22.28 err/s: 0.00 reconn/s: 0.00
[ 16s ] thds: 8 tps: 446.97 qps: 2680.80 (r/w/o: 0.00/1761.87/918.93) lat (ms,95%): 21.50 err/s: 0.00 reconn/s: 0.00
[ 17s ] thds: 8 tps: 448.15 qps: 2695.89 (r/w/o: 0.00/1775.59/920.30) lat (ms,95%): 21.89 err/s: 0.00 reconn/s: 0.00
[ 18s ] thds: 8 tps: 446.01 qps: 2680.09 (r/w/o: 0.00/1754.06/926.03) lat (ms,95%): 21.89 err/s: 0.00 reconn/s: 0.00
[ 19s ] thds: 8 tps: 445.02 qps: 2663.14 (r/w/o: 0.00/1747.09/916.05) lat (ms,95%): 22.28 err/s: 0.00 reconn/s: 0.00
[ 20s ] thds: 8 tps: 442.89 qps: 2658.36 (r/w/o: 0.00/1746.58/911.78) lat (ms,95%): 21.89 err/s: 0.00 reconn/s: 0.00
[ 21s ] thds: 8 tps: 441.00 qps: 2645.98 (r/w/o: 0.00/1736.98/908.99) lat (ms,95%): 22.28 err/s: 0.00 reconn/s: 0.00
[ 22s ] thds: 8 tps: 441.09 qps: 2646.52 (r/w/o: 0.00/1733.34/913.18) lat (ms,95%): 21.89 err/s: 0.00 reconn/s: 0.00
[ 23s ] thds: 8 tps: 444.96 qps: 2665.74 (r/w/o: 0.00/1756.83/908.91) lat (ms,95%): 22.28 err/s: 0.00 reconn/s: 0.00
[ 24s ] thds: 8 tps: 440.08 qps: 2651.47 (r/w/o: 0.00/1744.31/907.16) lat (ms,95%): 22.28 err/s: 0.00 reconn/s: 0.00
[ 25s ] thds: 8 tps: 443.87 qps: 2653.20 (r/w/o: 0.00/1749.47/903.73) lat (ms,95%): 22.28 err/s: 0.00 reconn/s: 0.00
[ 26s ] thds: 8 tps: 445.01 qps: 2671.09 (r/w/o: 0.00/1750.06/921.03) lat (ms,95%): 22.28 err/s: 0.00 reconn/s: 0.00
[ 27s ] thds: 8 tps: 443.94 qps: 2663.62 (r/w/o: 0.00/1746.75/916.87) lat (ms,95%): 21.89 err/s: 0.00 reconn/s: 0.00
[ 28s ] thds: 8 tps: 444.97 qps: 2669.80 (r/w/o: 0.00/1745.87/923.93) lat (ms,95%): 21.89 err/s: 0.00 reconn/s: 0.00
[ 29s ] thds: 8 tps: 443.17 qps: 2659.03 (r/w/o: 0.00/1734.67/924.36) lat (ms,95%): 22.28 err/s: 0.00 reconn/s: 0.00
[ 30s ] thds: 8 tps: 443.94 qps: 2663.64 (r/w/o: 0.00/1745.76/917.87) lat (ms,95%): 22.28 err/s: 0.00 reconn/s: 0.00
[ 31s ] thds: 8 tps: 442.05 qps: 2655.28 (r/w/o: 0.00/1733.18/922.10) lat (ms,95%): 22.69 err/s: 0.00 reconn/s: 0.00
[ 32s ] thds: 8 tps: 444.75 qps: 2662.51 (r/w/o: 0.00/1752.02/910.49) lat (ms,95%): 22.28 err/s: 0.00 reconn/s: 0.00
[ 33s ] thds: 8 tps: 445.25 qps: 2670.49 (r/w/o: 0.00/1752.98/917.51) lat (ms,95%): 21.89 err/s: 0.00 reconn/s: 0.00
[ 34s ] thds: 8 tps: 443.93 qps: 2665.57 (r/w/o: 0.00/1749.72/915.85) lat (ms,95%): 22.28 err/s: 0.00 reconn/s: 0.00
[ 35s ] thds: 8 tps: 441.84 qps: 2653.05 (r/w/o: 0.00/1740.38/912.67) lat (ms,95%): 22.28 err/s: 0.00 reconn/s: 0.00
[ 36s ] thds: 8 tps: 444.18 qps: 2671.11 (r/w/o: 0.00/1752.73/918.38) lat (ms,95%): 22.28 err/s: 0.00 reconn/s: 0.00
[ 37s ] thds: 8 tps: 447.39 qps: 2678.37 (r/w/o: 0.00/1761.61/916.76) lat (ms,95%): 21.89 err/s: 0.00 reconn/s: 0.00
[ 38s ] thds: 8 tps: 442.35 qps: 2665.09 (r/w/o: 0.00/1738.36/926.73) lat (ms,95%): 22.28 err/s: 0.00 reconn/s: 0.00
[ 39s ] thds: 8 tps: 445.96 qps: 2657.76 (r/w/o: 0.00/1748.84/908.92) lat (ms,95%): 21.89 err/s: 0.00 reconn/s: 0.00
[ 40s ] thds: 8 tps: 446.33 qps: 2691.96 (r/w/o: 0.00/1769.29/922.67) lat (ms,95%): 21.89 err/s: 0.00 reconn/s: 0.00
[ 41s ] thds: 8 tps: 444.70 qps: 2665.20 (r/w/o: 0.00/1741.82/923.37) lat (ms,95%): 21.89 err/s: 0.00 reconn/s: 0.00
[ 42s ] thds: 8 tps: 446.34 qps: 2679.04 (r/w/o: 0.00/1759.34/919.70) lat (ms,95%): 22.28 err/s: 0.00 reconn/s: 0.00
[ 43s ] thds: 8 tps: 446.83 qps: 2676.99 (r/w/o: 0.00/1754.34/922.65) lat (ms,95%): 21.89 err/s: 0.00 reconn/s: 0.00
[ 44s ] thds: 8 tps: 444.82 qps: 2662.94 (r/w/o: 0.00/1733.31/929.63) lat (ms,95%): 21.89 err/s: 0.00 reconn/s: 0.00
[ 45s ] thds: 8 tps: 439.89 qps: 2652.37 (r/w/o: 0.00/1729.59/922.78) lat (ms,95%): 22.28 err/s: 0.00 reconn/s: 0.00
[ 46s ] thds: 8 tps: 445.43 qps: 2667.58 (r/w/o: 0.00/1758.70/908.88) lat (ms,95%): 21.89 err/s: 0.00 reconn/s: 0.00
[ 47s ] thds: 8 tps: 445.69 qps: 2676.12 (r/w/o: 0.00/1755.77/920.35) lat (ms,95%): 22.28 err/s: 0.00 reconn/s: 0.00
[ 48s ] thds: 8 tps: 446.11 qps: 2672.67 (r/w/o: 0.00/1752.44/920.23) lat (ms,95%): 22.28 err/s: 0.00 reconn/s: 0.00
[ 49s ] thds: 8 tps: 450.99 qps: 2692.93 (r/w/o: 0.00/1760.96/931.98) lat (ms,95%): 22.69 err/s: 0.00 reconn/s: 0.00
[ 50s ] thds: 8 tps: 444.85 qps: 2681.12 (r/w/o: 0.00/1756.43/924.70) lat (ms,95%): 21.89 err/s: 0.00 reconn/s: 0.00
[ 51s ] thds: 8 tps: 442.92 qps: 2657.55 (r/w/o: 0.00/1741.70/915.84) lat (ms,95%): 22.28 err/s: 0.00 reconn/s: 0.00
[ 52s ] thds: 8 tps: 442.45 qps: 2652.72 (r/w/o: 0.00/1738.78/913.94) lat (ms,95%): 22.28 err/s: 0.00 reconn/s: 0.00
[ 53s ] thds: 8 tps: 442.96 qps: 2657.78 (r/w/o: 0.00/1741.86/915.93) lat (ms,95%): 22.28 err/s: 0.00 reconn/s: 0.00
[ 54s ] thds: 8 tps: 438.67 qps: 2630.04 (r/w/o: 0.00/1717.72/912.32) lat (ms,95%): 22.69 err/s: 0.00 reconn/s: 0.00
[ 55s ] thds: 8 tps: 438.38 qps: 2629.30 (r/w/o: 0.00/1738.52/890.78) lat (ms,95%): 22.69 err/s: 0.00 reconn/s: 0.00
[ 56s ] thds: 8 tps: 438.96 qps: 2636.75 (r/w/o: 0.00/1722.84/913.91) lat (ms,95%): 22.28 err/s: 0.00 reconn/s: 0.00
[ 57s ] thds: 8 tps: 441.66 qps: 2652.98 (r/w/o: 0.00/1744.67/908.31) lat (ms,95%): 21.89 err/s: 0.00 reconn/s: 0.00
[ 58s ] thds: 8 tps: 445.39 qps: 2665.36 (r/w/o: 0.00/1736.54/928.82) lat (ms,95%): 22.28 err/s: 0.00 reconn/s: 0.00
[ 59s ] thds: 8 tps: 443.97 qps: 2672.80 (r/w/o: 0.00/1768.87/903.93) lat (ms,95%): 21.50 err/s: 0.00 reconn/s: 0.00
[ 60s ] thds: 8 tps: 442.96 qps: 2650.75 (r/w/o: 0.00/1728.83/921.91) lat (ms,95%): 22.28 err/s: 0.00 reconn/s: 0.00
[ 61s ] thds: 8 tps: 438.96 qps: 2641.78 (r/w/o: 0.00/1736.86/904.92) lat (ms,95%): 22.28 err/s: 0.00 reconn/s: 0.00
[ 62s ] thds: 8 tps: 444.65 qps: 2657.89 (r/w/o: 0.00/1747.61/910.28) lat (ms,95%): 21.89 err/s: 0.00 reconn/s: 0.00
[ 63s ] thds: 8 tps: 441.30 qps: 2651.79 (r/w/o: 0.00/1747.18/904.61) lat (ms,95%): 22.28 err/s: 0.00 reconn/s: 0.00
[ 64s ] thds: 8 tps: 443.13 qps: 2651.80 (r/w/o: 0.00/1734.52/917.28) lat (ms,95%): 22.28 err/s: 0.00 reconn/s: 0.00
[ 65s ] thds: 8 tps: 438.63 qps: 2641.79 (r/w/o: 0.00/1736.55/905.24) lat (ms,95%): 22.28 err/s: 0.00 reconn/s: 0.00
[ 66s ] thds: 8 tps: 445.27 qps: 2666.63 (r/w/o: 0.00/1743.06/923.56) lat (ms,95%): 21.89 err/s: 0.00 reconn/s: 0.00
[ 67s ] thds: 8 tps: 440.03 qps: 2646.16 (r/w/o: 0.00/1726.11/920.06) lat (ms,95%): 22.28 err/s: 0.00 reconn/s: 0.00
[ 68s ] thds: 8 tps: 443.63 qps: 2656.76 (r/w/o: 0.00/1744.53/912.23) lat (ms,95%): 22.69 err/s: 0.00 reconn/s: 0.00
[ 69s ] thds: 8 tps: 443.33 qps: 2661.96 (r/w/o: 0.00/1745.28/916.67) lat (ms,95%): 22.28 err/s: 0.00 reconn/s: 0.00
[ 70s ] thds: 8 tps: 441.06 qps: 2642.37 (r/w/o: 0.00/1734.24/908.13) lat (ms,95%): 22.28 err/s: 0.00 reconn/s: 0.00
[ 71s ] thds: 8 tps: 441.68 qps: 2648.08 (r/w/o: 0.00/1738.74/909.34) lat (ms,95%): 22.28 err/s: 0.00 reconn/s: 0.00
[ 72s ] thds: 8 tps: 442.22 qps: 2658.33 (r/w/o: 0.00/1734.87/923.46) lat (ms,95%): 22.28 err/s: 0.00 reconn/s: 0.00
[ 73s ] thds: 8 tps: 439.69 qps: 2642.12 (r/w/o: 0.00/1731.77/910.35) lat (ms,95%): 22.69 err/s: 0.00 reconn/s: 0.00
[ 74s ] thds: 8 tps: 441.45 qps: 2642.72 (r/w/o: 0.00/1736.79/905.93) lat (ms,95%): 22.28 err/s: 0.00 reconn/s: 0.00
[ 75s ] thds: 8 tps: 438.87 qps: 2643.22 (r/w/o: 0.00/1733.49/909.73) lat (ms,95%): 22.28 err/s: 0.00 reconn/s: 0.00
[ 76s ] thds: 8 tps: 442.08 qps: 2644.48 (r/w/o: 0.00/1725.31/919.17) lat (ms,95%): 22.28 err/s: 0.00 reconn/s: 0.00
[ 77s ] thds: 8 tps: 440.01 qps: 2631.04 (r/w/o: 0.00/1725.03/906.01) lat (ms,95%): 22.28 err/s: 0.00 reconn/s: 0.00
[ 78s ] thds: 8 tps: 437.98 qps: 2636.88 (r/w/o: 0.00/1738.92/897.96) lat (ms,95%): 22.28 err/s: 0.00 reconn/s: 0.00
[ 79s ] thds: 8 tps: 439.02 qps: 2641.15 (r/w/o: 0.00/1738.10/903.05) lat (ms,95%): 22.28 err/s: 0.00 reconn/s: 0.00
[ 80s ] thds: 8 tps: 439.05 qps: 2633.31 (r/w/o: 0.00/1729.20/904.11) lat (ms,95%): 22.28 err/s: 0.00 reconn/s: 0.00
[ 81s ] thds: 8 tps: 440.94 qps: 2648.66 (r/w/o: 0.00/1735.78/912.88) lat (ms,95%): 22.28 err/s: 0.00 reconn/s: 0.00
[ 82s ] thds: 8 tps: 442.68 qps: 2654.10 (r/w/o: 0.00/1743.75/910.35) lat (ms,95%): 22.28 err/s: 0.00 reconn/s: 0.00
[ 83s ] thds: 8 tps: 446.95 qps: 2671.72 (r/w/o: 0.00/1750.82/920.90) lat (ms,95%): 22.28 err/s: 0.00 reconn/s: 0.00
[ 84s ] thds: 8 tps: 442.29 qps: 2664.78 (r/w/o: 0.00/1757.17/907.60) lat (ms,95%): 22.28 err/s: 0.00 reconn/s: 0.00
[ 85s ] thds: 8 tps: 446.06 qps: 2667.35 (r/w/o: 0.00/1742.23/925.12) lat (ms,95%): 22.28 err/s: 0.00 reconn/s: 0.00
[ 86s ] thds: 8 tps: 445.01 qps: 2679.08 (r/w/o: 0.00/1766.06/913.03) lat (ms,95%): 21.89 err/s: 0.00 reconn/s: 0.00
[ 87s ] thds: 8 tps: 442.65 qps: 2655.93 (r/w/o: 0.00/1750.63/905.29) lat (ms,95%): 22.28 err/s: 0.00 reconn/s: 0.00
[ 88s ] thds: 8 tps: 441.36 qps: 2635.13 (r/w/o: 0.00/1725.40/909.74) lat (ms,95%): 22.28 err/s: 0.00 reconn/s: 0.00
[ 89s ] thds: 8 tps: 441.63 qps: 2656.79 (r/w/o: 0.00/1751.54/905.25) lat (ms,95%): 22.28 err/s: 0.00 reconn/s: 0.00
[ 90s ] thds: 8 tps: 441.91 qps: 2657.48 (r/w/o: 0.00/1744.66/912.82) lat (ms,95%): 21.89 err/s: 0.00 reconn/s: 0.00
[ 91s ] thds: 8 tps: 442.41 qps: 2649.45 (r/w/o: 0.00/1735.61/913.85) lat (ms,95%): 22.28 err/s: 0.00 reconn/s: 0.00
[ 92s ] thds: 8 tps: 440.66 qps: 2645.98 (r/w/o: 0.00/1740.67/905.31) lat (ms,95%): 22.28 err/s: 0.00 reconn/s: 0.00
[ 93s ] thds: 8 tps: 443.33 qps: 2665.01 (r/w/o: 0.00/1747.32/917.69) lat (ms,95%): 22.28 err/s: 0.00 reconn/s: 0.00
[ 94s ] thds: 8 tps: 443.93 qps: 2649.60 (r/w/o: 0.00/1734.74/914.86) lat (ms,95%): 22.28 err/s: 0.00 reconn/s: 0.00
[ 95s ] thds: 8 tps: 440.04 qps: 2650.26 (r/w/o: 0.00/1742.17/908.09) lat (ms,95%): 22.28 err/s: 0.00 reconn/s: 0.00
[ 96s ] thds: 8 tps: 440.12 qps: 2636.71 (r/w/o: 0.00/1721.46/915.25) lat (ms,95%): 22.28 err/s: 0.00 reconn/s: 0.00
[ 97s ] thds: 8 tps: 442.95 qps: 2657.71 (r/w/o: 0.00/1744.81/912.90) lat (ms,95%): 22.28 err/s: 0.00 reconn/s: 0.00
[ 98s ] thds: 8 tps: 445.97 qps: 2672.81 (r/w/o: 0.00/1744.88/927.94) lat (ms,95%): 22.28 err/s: 0.00 reconn/s: 0.00
[ 99s ] thds: 8 tps: 446.06 qps: 2677.33 (r/w/o: 0.00/1757.22/920.11) lat (ms,95%): 21.89 err/s: 0.00 reconn/s: 0.00
[ 100s ] thds: 8 tps: 446.62 qps: 2682.70 (r/w/o: 0.00/1748.50/934.20) lat (ms,95%): 22.28 err/s: 0.00 reconn/s: 0.00
[ 101s ] thds: 8 tps: 445.35 qps: 2673.09 (r/w/o: 0.00/1757.37/915.72) lat (ms,95%): 22.28 err/s: 0.00 reconn/s: 0.00
[ 102s ] thds: 8 tps: 445.97 qps: 2674.81 (r/w/o: 0.00/1757.87/916.93) lat (ms,95%): 22.28 err/s: 0.00 reconn/s: 0.00
[ 103s ] thds: 8 tps: 443.05 qps: 2664.31 (r/w/o: 0.00/1738.20/926.11) lat (ms,95%): 22.28 err/s: 0.00 reconn/s: 0.00
[ 104s ] thds: 8 tps: 443.85 qps: 2647.12 (r/w/o: 0.00/1728.43/918.70) lat (ms,95%): 22.69 err/s: 0.00 reconn/s: 0.00
[ 105s ] thds: 8 tps: 443.08 qps: 2670.50 (r/w/o: 0.00/1752.33/918.17) lat (ms,95%): 22.28 err/s: 0.00 reconn/s: 0.00
[ 106s ] thds: 8 tps: 442.96 qps: 2657.77 (r/w/o: 0.00/1745.85/911.92) lat (ms,95%): 22.28 err/s: 0.00 reconn/s: 0.00
[ 107s ] thds: 8 tps: 444.00 qps: 2664.98 (r/w/o: 0.00/1756.99/907.99) lat (ms,95%): 22.28 err/s: 0.00 reconn/s: 0.00
[ 108s ] thds: 8 tps: 444.12 qps: 2664.74 (r/w/o: 0.00/1742.49/922.26) lat (ms,95%): 22.28 err/s: 0.00 reconn/s: 0.00
[ 109s ] thds: 8 tps: 445.93 qps: 2672.60 (r/w/o: 0.00/1756.74/915.86) lat (ms,95%): 22.28 err/s: 0.00 reconn/s: 0.00
[ 110s ] thds: 8 tps: 440.65 qps: 2639.91 (r/w/o: 0.00/1732.63/907.28) lat (ms,95%): 22.28 err/s: 0.00 reconn/s: 0.00
[ 111s ] thds: 8 tps: 437.39 qps: 2631.33 (r/w/o: 0.00/1726.53/904.80) lat (ms,95%): 22.69 err/s: 0.00 reconn/s: 0.00
[ 112s ] thds: 8 tps: 441.86 qps: 2647.14 (r/w/o: 0.00/1739.44/907.71) lat (ms,95%): 22.28 err/s: 0.00 reconn/s: 0.00
[ 113s ] thds: 8 tps: 446.00 qps: 2673.00 (r/w/o: 0.00/1756.00/917.00) lat (ms,95%): 21.89 err/s: 0.00 reconn/s: 0.00
[ 114s ] thds: 8 tps: 439.93 qps: 2646.57 (r/w/o: 0.00/1739.72/906.85) lat (ms,95%): 22.69 err/s: 0.00 reconn/s: 0.00
[ 115s ] thds: 8 tps: 438.13 qps: 2633.80 (r/w/o: 0.00/1726.53/907.28) lat (ms,95%): 22.69 err/s: 0.00 reconn/s: 0.00
[ 116s ] thds: 8 tps: 441.09 qps: 2635.51 (r/w/o: 0.00/1730.34/905.18) lat (ms,95%): 22.28 err/s: 0.00 reconn/s: 0.00
[ 117s ] thds: 8 tps: 444.62 qps: 2668.70 (r/w/o: 0.00/1743.50/925.20) lat (ms,95%): 21.89 err/s: 0.00 reconn/s: 0.00
[ 118s ] thds: 8 tps: 444.33 qps: 2658.97 (r/w/o: 0.00/1739.29/919.68) lat (ms,95%): 21.89 err/s: 0.00 reconn/s: 0.00
[ 119s ] thds: 8 tps: 443.96 qps: 2665.77 (r/w/o: 0.00/1752.85/912.92) lat (ms,95%): 21.89 err/s: 0.00 reconn/s: 0.00
[ 120s ] thds: 8 tps: 442.01 qps: 2656.03 (r/w/o: 0.00/1748.02/908.01) lat (ms,95%): 22.28 err/s: 0.00 reconn/s: 0.00
[ 121s ] thds: 8 tps: 443.08 qps: 2654.47 (r/w/o: 0.00/1739.31/915.16) lat (ms,95%): 21.89 err/s: 0.00 reconn/s: 0.00
[ 122s ] thds: 8 tps: 439.97 qps: 2635.85 (r/w/o: 0.00/1729.90/905.95) lat (ms,95%): 22.28 err/s: 0.00 reconn/s: 0.00
[ 123s ] thds: 8 tps: 438.92 qps: 2640.53 (r/w/o: 0.00/1732.69/907.84) lat (ms,95%): 22.28 err/s: 0.00 reconn/s: 0.00
[ 124s ] thds: 8 tps: 441.00 qps: 2658.03 (r/w/o: 0.00/1746.02/912.01) lat (ms,95%): 22.28 err/s: 0.00 reconn/s: 0.00
[ 125s ] thds: 8 tps: 447.13 qps: 2669.75 (r/w/o: 0.00/1740.49/929.26) lat (ms,95%): 22.28 err/s: 0.00 reconn/s: 0.00
[ 126s ] thds: 8 tps: 446.86 qps: 2673.14 (r/w/o: 0.00/1740.44/932.70) lat (ms,95%): 21.89 err/s: 0.00 reconn/s: 0.00
[ 127s ] thds: 8 tps: 442.06 qps: 2668.39 (r/w/o: 0.00/1749.25/919.13) lat (ms,95%): 22.28 err/s: 0.00 reconn/s: 0.00
[ 128s ] thds: 8 tps: 445.94 qps: 2668.66 (r/w/o: 0.00/1752.78/915.88) lat (ms,95%): 21.89 err/s: 0.00 reconn/s: 0.00
[ 129s ] thds: 8 tps: 443.05 qps: 2657.31 (r/w/o: 0.00/1731.20/926.11) lat (ms,95%): 22.28 err/s: 0.00 reconn/s: 0.00
[ 130s ] thds: 8 tps: 444.14 qps: 2670.86 (r/w/o: 0.00/1759.56/911.29) lat (ms,95%): 22.28 err/s: 0.00 reconn/s: 0.00
[ 131s ] thds: 8 tps: 445.82 qps: 2665.93 (r/w/o: 0.00/1746.30/919.63) lat (ms,95%): 22.28 err/s: 0.00 reconn/s: 0.00
[ 132s ] thds: 8 tps: 438.01 qps: 2637.07 (r/w/o: 0.00/1729.04/908.02) lat (ms,95%): 22.28 err/s: 0.00 reconn/s: 0.00
[ 133s ] thds: 8 tps: 439.93 qps: 2638.59 (r/w/o: 0.00/1737.73/900.86) lat (ms,95%): 22.28 err/s: 0.00 reconn/s: 0.00
[ 134s ] thds: 8 tps: 441.18 qps: 2650.08 (r/w/o: 0.00/1734.70/915.37) lat (ms,95%): 22.28 err/s: 0.00 reconn/s: 0.00
[ 135s ] thds: 8 tps: 436.84 qps: 2621.01 (r/w/o: 0.00/1708.36/912.66) lat (ms,95%): 22.28 err/s: 0.00 reconn/s: 0.00
[ 136s ] thds: 8 tps: 442.19 qps: 2651.13 (r/w/o: 0.00/1735.74/915.39) lat (ms,95%): 22.28 err/s: 0.00 reconn/s: 0.00
[ 137s ] thds: 8 tps: 446.88 qps: 2678.28 (r/w/o: 0.00/1755.53/922.75) lat (ms,95%): 21.89 err/s: 0.00 reconn/s: 0.00
[ 138s ] thds: 8 tps: 446.84 qps: 2677.05 (r/w/o: 0.00/1763.38/913.68) lat (ms,95%): 21.50 err/s: 0.00 reconn/s: 0.00
[ 139s ] thds: 8 tps: 443.21 qps: 2667.26 (r/w/o: 0.00/1749.83/917.43) lat (ms,95%): 21.89 err/s: 0.00 reconn/s: 0.00
[ 140s ] thds: 8 tps: 443.97 qps: 2652.79 (r/w/o: 0.00/1720.87/931.93) lat (ms,95%): 22.28 err/s: 0.00 reconn/s: 0.00
[ 141s ] thds: 8 tps: 442.92 qps: 2661.49 (r/w/o: 0.00/1756.67/904.83) lat (ms,95%): 22.28 err/s: 0.00 reconn/s: 0.00
[ 142s ] thds: 8 tps: 440.08 qps: 2647.47 (r/w/o: 0.00/1744.31/903.16) lat (ms,95%): 21.89 err/s: 0.00 reconn/s: 0.00
[ 143s ] thds: 8 tps: 443.02 qps: 2661.11 (r/w/o: 0.00/1742.07/919.04) lat (ms,95%): 21.89 err/s: 0.00 reconn/s: 0.00
[ 144s ] thds: 8 tps: 440.93 qps: 2638.58 (r/w/o: 0.00/1730.72/907.85) lat (ms,95%): 22.28 err/s: 0.00 reconn/s: 0.00
[ 145s ] thds: 8 tps: 441.03 qps: 2651.17 (r/w/o: 0.00/1743.11/908.06) lat (ms,95%): 22.28 err/s: 0.00 reconn/s: 0.00
[ 146s ] thds: 8 tps: 445.00 qps: 2660.00 (r/w/o: 0.00/1739.00/921.00) lat (ms,95%): 22.28 err/s: 0.00 reconn/s: 0.00
[ 147s ] thds: 8 tps: 442.06 qps: 2660.35 (r/w/o: 0.00/1744.23/916.12) lat (ms,95%): 22.28 err/s: 0.00 reconn/s: 0.00
[ 148s ] thds: 8 tps: 444.91 qps: 2664.49 (r/w/o: 0.00/1746.66/917.82) lat (ms,95%): 22.28 err/s: 0.00 reconn/s: 0.00
[ 149s ] thds: 8 tps: 443.89 qps: 2663.35 (r/w/o: 0.00/1733.58/929.77) lat (ms,95%): 22.28 err/s: 0.00 reconn/s: 0.00
[ 150s ] thds: 8 tps: 437.08 qps: 2622.48 (r/w/o: 0.00/1729.32/893.16) lat (ms,95%): 22.69 err/s: 0.00 reconn/s: 0.00
[ 151s ] thds: 8 tps: 435.01 qps: 2622.05 (r/w/o: 0.00/1727.04/895.02) lat (ms,95%): 23.10 err/s: 0.00 reconn/s: 0.00
[ 152s ] thds: 8 tps: 439.98 qps: 2629.90 (r/w/o: 0.00/1721.93/907.97) lat (ms,95%): 22.69 err/s: 0.00 reconn/s: 0.00
[ 153s ] thds: 8 tps: 438.02 qps: 2634.10 (r/w/o: 0.00/1735.06/899.03) lat (ms,95%): 22.28 err/s: 0.00 reconn/s: 0.00
[ 154s ] thds: 8 tps: 445.02 qps: 2661.15 (r/w/o: 0.00/1739.10/922.05) lat (ms,95%): 22.28 err/s: 0.00 reconn/s: 0.00
[ 155s ] thds: 8 tps: 443.08 qps: 2666.51 (r/w/o: 0.00/1754.33/912.17) lat (ms,95%): 21.89 err/s: 0.00 reconn/s: 0.00
[ 156s ] thds: 8 tps: 439.88 qps: 2643.29 (r/w/o: 0.00/1736.53/906.76) lat (ms,95%): 22.28 err/s: 0.00 reconn/s: 0.00
[ 157s ] thds: 8 tps: 441.06 qps: 2640.35 (r/w/o: 0.00/1729.23/911.12) lat (ms,95%): 21.89 err/s: 0.00 reconn/s: 0.00
[ 158s ] thds: 8 tps: 439.88 qps: 2634.29 (r/w/o: 0.00/1715.53/918.75) lat (ms,95%): 22.28 err/s: 0.00 reconn/s: 0.00
[ 159s ] thds: 8 tps: 436.08 qps: 2622.48 (r/w/o: 0.00/1725.32/897.16) lat (ms,95%): 22.28 err/s: 0.00 reconn/s: 0.00
[ 160s ] thds: 8 tps: 443.94 qps: 2662.67 (r/w/o: 0.00/1740.78/921.88) lat (ms,95%): 21.89 err/s: 0.00 reconn/s: 0.00
[ 161s ] thds: 8 tps: 444.04 qps: 2659.25 (r/w/o: 0.00/1748.16/911.09) lat (ms,95%): 21.89 err/s: 0.00 reconn/s: 0.00
[ 162s ] thds: 8 tps: 444.94 qps: 2669.66 (r/w/o: 0.00/1740.78/928.88) lat (ms,95%): 21.89 err/s: 0.00 reconn/s: 0.00
[ 163s ] thds: 8 tps: 441.02 qps: 2649.11 (r/w/o: 0.00/1734.07/915.04) lat (ms,95%): 22.28 err/s: 0.00 reconn/s: 0.00
[ 164s ] thds: 8 tps: 442.22 qps: 2653.30 (r/w/o: 0.00/1745.86/907.45) lat (ms,95%): 22.28 err/s: 0.00 reconn/s: 0.00
[ 165s ] thds: 8 tps: 441.81 qps: 2650.86 (r/w/o: 0.00/1742.25/908.61) lat (ms,95%): 21.89 err/s: 0.00 reconn/s: 0.00
[ 166s ] thds: 8 tps: 442.91 qps: 2660.44 (r/w/o: 0.00/1749.63/910.81) lat (ms,95%): 22.28 err/s: 0.00 reconn/s: 0.00
[ 167s ] thds: 8 tps: 447.12 qps: 2675.73 (r/w/o: 0.00/1744.47/931.25) lat (ms,95%): 21.89 err/s: 0.00 reconn/s: 0.00
[ 168s ] thds: 8 tps: 439.99 qps: 2641.96 (r/w/o: 0.00/1718.98/922.99) lat (ms,95%): 21.89 err/s: 0.00 reconn/s: 0.00
[ 169s ] thds: 8 tps: 438.80 qps: 2639.78 (r/w/o: 0.00/1724.20/915.58) lat (ms,95%): 22.28 err/s: 0.00 reconn/s: 0.00
[ 170s ] thds: 8 tps: 443.21 qps: 2649.28 (r/w/o: 0.00/1728.83/920.44) lat (ms,95%): 22.28 err/s: 0.00 reconn/s: 0.00
[ 171s ] thds: 8 tps: 437.97 qps: 2637.80 (r/w/o: 0.00/1745.87/891.93) lat (ms,95%): 22.69 err/s: 0.00 reconn/s: 0.00
[ 172s ] thds: 8 tps: 439.00 qps: 2639.01 (r/w/o: 0.00/1731.01/908.00) lat (ms,95%): 22.69 err/s: 0.00 reconn/s: 0.00
[ 173s ] thds: 8 tps: 446.04 qps: 2667.24 (r/w/o: 0.00/1754.16/913.08) lat (ms,95%): 21.89 err/s: 0.00 reconn/s: 0.00
[ 174s ] thds: 8 tps: 435.98 qps: 2621.89 (r/w/o: 0.00/1723.93/897.96) lat (ms,95%): 22.28 err/s: 0.00 reconn/s: 0.00
[ 175s ] thds: 8 tps: 438.05 qps: 2625.31 (r/w/o: 0.00/1722.20/903.11) lat (ms,95%): 22.28 err/s: 0.00 reconn/s: 0.00
[ 176s ] thds: 8 tps: 444.86 qps: 2671.14 (r/w/o: 0.00/1758.43/912.71) lat (ms,95%): 21.89 err/s: 0.00 reconn/s: 0.00
[ 177s ] thds: 8 tps: 444.09 qps: 2653.53 (r/w/o: 0.00/1742.35/911.18) lat (ms,95%): 22.28 err/s: 0.00 reconn/s: 0.00
[ 178s ] thds: 8 tps: 443.98 qps: 2667.90 (r/w/o: 0.00/1743.94/923.97) lat (ms,95%): 21.89 err/s: 0.00 reconn/s: 0.00
[ 179s ] thds: 8 tps: 441.02 qps: 2657.15 (r/w/o: 0.00/1738.10/919.05) lat (ms,95%): 22.28 err/s: 0.00 reconn/s: 0.00
[ 180s ] thds: 8 tps: 443.98 qps: 2653.91 (r/w/o: 0.00/1736.94/916.97) lat (ms,95%): 22.28 err/s: 0.00 reconn/s: 0.00
[ 181s ] thds: 8 tps: 442.00 qps: 2654.01 (r/w/o: 0.00/1742.01/912.00) lat (ms,95%): 21.89 err/s: 0.00 reconn/s: 0.00
[ 182s ] thds: 8 tps: 444.03 qps: 2662.17 (r/w/o: 0.00/1743.11/919.06) lat (ms,95%): 22.28 err/s: 0.00 reconn/s: 0.00
[ 183s ] thds: 8 tps: 439.16 qps: 2639.94 (r/w/o: 0.00/1731.62/908.32) lat (ms,95%): 22.28 err/s: 0.00 reconn/s: 0.00
[ 184s ] thds: 8 tps: 438.89 qps: 2639.36 (r/w/o: 0.00/1744.58/894.78) lat (ms,95%): 22.28 err/s: 0.00 reconn/s: 0.00
[ 185s ] thds: 8 tps: 441.83 qps: 2645.01 (r/w/o: 0.00/1739.35/905.66) lat (ms,95%): 22.28 err/s: 0.00 reconn/s: 0.00
[ 186s ] thds: 8 tps: 444.10 qps: 2653.59 (r/w/o: 0.00/1742.39/911.20) lat (ms,95%): 22.28 err/s: 0.00 reconn/s: 0.00
[ 187s ] thds: 8 tps: 442.88 qps: 2657.28 (r/w/o: 0.00/1742.53/914.75) lat (ms,95%): 22.28 err/s: 0.00 reconn/s: 0.00
[ 188s ] thds: 8 tps: 443.10 qps: 2659.58 (r/w/o: 0.00/1747.38/912.20) lat (ms,95%): 22.28 err/s: 0.00 reconn/s: 0.00
[ 189s ] thds: 8 tps: 443.98 qps: 2664.89 (r/w/o: 0.00/1752.93/911.96) lat (ms,95%): 21.89 err/s: 0.00 reconn/s: 0.00
[ 190s ] thds: 8 tps: 443.20 qps: 2668.20 (r/w/o: 0.00/1745.78/922.41) lat (ms,95%): 21.89 err/s: 0.00 reconn/s: 0.00
[ 191s ] thds: 8 tps: 444.83 qps: 2661.99 (r/w/o: 0.00/1751.34/910.65) lat (ms,95%): 21.89 err/s: 0.00 reconn/s: 0.00
[ 192s ] thds: 8 tps: 440.98 qps: 2639.88 (r/w/o: 0.00/1735.92/903.96) lat (ms,95%): 22.28 err/s: 0.00 reconn/s: 0.00
[ 193s ] thds: 8 tps: 440.09 qps: 2651.53 (r/w/o: 0.00/1736.35/915.18) lat (ms,95%): 22.28 err/s: 0.00 reconn/s: 0.00
[ 194s ] thds: 8 tps: 440.09 qps: 2639.52 (r/w/o: 0.00/1732.34/907.18) lat (ms,95%): 22.28 err/s: 0.00 reconn/s: 0.00
[ 195s ] thds: 8 tps: 442.81 qps: 2647.86 (r/w/o: 0.00/1725.25/922.60) lat (ms,95%): 22.28 err/s: 0.00 reconn/s: 0.00
[ 196s ] thds: 8 tps: 440.09 qps: 2639.53 (r/w/o: 0.00/1731.35/908.18) lat (ms,95%): 22.28 err/s: 0.00 reconn/s: 0.00
[ 197s ] thds: 8 tps: 439.89 qps: 2645.36 (r/w/o: 0.00/1747.58/897.78) lat (ms,95%): 22.28 err/s: 0.00 reconn/s: 0.00
[ 198s ] thds: 8 tps: 440.00 qps: 2645.01 (r/w/o: 0.00/1732.01/913.00) lat (ms,95%): 22.28 err/s: 0.00 reconn/s: 0.00
[ 199s ] thds: 8 tps: 444.09 qps: 2659.57 (r/w/o: 0.00/1748.37/911.19) lat (ms,95%): 22.28 err/s: 0.00 reconn/s: 0.00
[ 200s ] thds: 8 tps: 440.96 qps: 2651.79 (r/w/o: 0.00/1753.86/897.93) lat (ms,95%): 22.28 err/s: 0.00 reconn/s: 0.00
[ 201s ] thds: 8 tps: 446.00 qps: 2669.99 (r/w/o: 0.00/1740.00/930.00) lat (ms,95%): 22.28 err/s: 0.00 reconn/s: 0.00
[ 202s ] thds: 8 tps: 444.92 qps: 2667.50 (r/w/o: 0.00/1743.67/923.83) lat (ms,95%): 22.28 err/s: 0.00 reconn/s: 0.00
[ 203s ] thds: 8 tps: 445.00 qps: 2673.01 (r/w/o: 0.00/1751.00/922.00) lat (ms,95%): 21.89 err/s: 0.00 reconn/s: 0.00
[ 204s ] thds: 8 tps: 442.02 qps: 2655.14 (r/w/o: 0.00/1741.09/914.05) lat (ms,95%): 22.28 err/s: 0.00 reconn/s: 0.00
[ 205s ] thds: 8 tps: 444.02 qps: 2658.10 (r/w/o: 0.00/1746.07/912.04) lat (ms,95%): 22.28 err/s: 0.00 reconn/s: 0.00
[ 206s ] thds: 8 tps: 446.25 qps: 2675.49 (r/w/o: 0.00/1759.98/915.51) lat (ms,95%): 22.28 err/s: 0.00 reconn/s: 0.00
[ 207s ] thds: 8 tps: 443.71 qps: 2670.25 (r/w/o: 0.00/1755.85/914.40) lat (ms,95%): 21.89 err/s: 0.00 reconn/s: 0.00
[ 208s ] thds: 8 tps: 445.01 qps: 2663.07 (r/w/o: 0.00/1738.05/925.03) lat (ms,95%): 21.89 err/s: 0.00 reconn/s: 0.00
[ 209s ] thds: 8 tps: 443.09 qps: 2658.54 (r/w/o: 0.00/1737.35/921.19) lat (ms,95%): 22.28 err/s: 0.00 reconn/s: 0.00
[ 210s ] thds: 8 tps: 437.99 qps: 2633.94 (r/w/o: 0.00/1734.96/898.98) lat (ms,95%): 22.69 err/s: 0.00 reconn/s: 0.00
[ 211s ] thds: 8 tps: 439.93 qps: 2630.59 (r/w/o: 0.00/1724.73/905.86) lat (ms,95%): 22.69 err/s: 0.00 reconn/s: 0.00
[ 212s ] thds: 8 tps: 439.13 qps: 2637.78 (r/w/o: 0.00/1731.51/906.27) lat (ms,95%): 22.28 err/s: 0.00 reconn/s: 0.00
[ 213s ] thds: 8 tps: 438.93 qps: 2642.57 (r/w/o: 0.00/1740.72/901.85) lat (ms,95%): 22.28 err/s: 0.00 reconn/s: 0.00
[ 214s ] thds: 8 tps: 440.94 qps: 2641.62 (r/w/o: 0.00/1730.75/910.87) lat (ms,95%): 22.28 err/s: 0.00 reconn/s: 0.00
[ 215s ] thds: 8 tps: 436.00 qps: 2618.01 (r/w/o: 0.00/1711.01/907.00) lat (ms,95%): 22.28 err/s: 0.00 reconn/s: 0.00
[ 216s ] thds: 8 tps: 441.00 qps: 2637.02 (r/w/o: 0.00/1732.01/905.01) lat (ms,95%): 22.28 err/s: 0.00 reconn/s: 0.00
[ 217s ] thds: 8 tps: 439.97 qps: 2653.84 (r/w/o: 0.00/1746.89/906.94) lat (ms,95%): 21.89 err/s: 0.00 reconn/s: 0.00
[ 218s ] thds: 8 tps: 443.25 qps: 2650.48 (r/w/o: 0.00/1726.97/923.52) lat (ms,95%): 22.28 err/s: 0.00 reconn/s: 0.00
[ 219s ] thds: 8 tps: 443.64 qps: 2649.83 (r/w/o: 0.00/1730.58/919.25) lat (ms,95%): 21.89 err/s: 0.00 reconn/s: 0.00
[ 220s ] thds: 8 tps: 439.12 qps: 2641.73 (r/w/o: 0.00/1734.48/907.25) lat (ms,95%): 22.28 err/s: 0.00 reconn/s: 0.00
[ 221s ] thds: 8 tps: 431.96 qps: 2604.74 (r/w/o: 0.00/1708.83/895.91) lat (ms,95%): 22.28 err/s: 0.00 reconn/s: 0.00
[ 222s ] thds: 8 tps: 442.92 qps: 2639.55 (r/w/o: 0.00/1733.71/905.85) lat (ms,95%): 21.89 err/s: 0.00 reconn/s: 0.00
[ 223s ] thds: 8 tps: 436.15 qps: 2637.91 (r/w/o: 0.00/1726.59/911.31) lat (ms,95%): 21.89 err/s: 0.00 reconn/s: 0.00
[ 224s ] thds: 8 tps: 440.04 qps: 2637.21 (r/w/o: 0.00/1729.14/908.07) lat (ms,95%): 22.28 err/s: 0.00 reconn/s: 0.00
[ 225s ] thds: 8 tps: 441.95 qps: 2647.70 (r/w/o: 0.00/1738.80/908.90) lat (ms,95%): 22.28 err/s: 0.00 reconn/s: 0.00
[ 226s ] thds: 8 tps: 443.26 qps: 2657.55 (r/w/o: 0.00/1749.02/908.53) lat (ms,95%): 21.89 err/s: 0.00 reconn/s: 0.00
[ 227s ] thds: 8 tps: 438.80 qps: 2629.80 (r/w/o: 0.00/1722.21/907.58) lat (ms,95%): 21.89 err/s: 0.00 reconn/s: 0.00
[ 228s ] thds: 8 tps: 440.00 qps: 2647.02 (r/w/o: 0.00/1733.01/914.01) lat (ms,95%): 21.89 err/s: 0.00 reconn/s: 0.00
[ 229s ] thds: 8 tps: 438.96 qps: 2641.75 (r/w/o: 0.00/1732.84/908.92) lat (ms,95%): 21.89 err/s: 0.00 reconn/s: 0.00
[ 230s ] thds: 8 tps: 442.98 qps: 2642.87 (r/w/o: 0.00/1729.92/912.96) lat (ms,95%): 21.89 err/s: 0.00 reconn/s: 0.00
[ 231s ] thds: 8 tps: 441.00 qps: 2649.97 (r/w/o: 0.00/1735.98/913.99) lat (ms,95%): 22.28 err/s: 0.00 reconn/s: 0.00
[ 232s ] thds: 8 tps: 444.95 qps: 2655.72 (r/w/o: 0.00/1742.82/912.90) lat (ms,95%): 22.28 err/s: 0.00 reconn/s: 0.00
[ 233s ] thds: 8 tps: 441.06 qps: 2659.35 (r/w/o: 0.00/1740.23/919.12) lat (ms,95%): 21.89 err/s: 0.00 reconn/s: 0.00
[ 234s ] thds: 8 tps: 442.10 qps: 2655.61 (r/w/o: 0.00/1739.40/916.21) lat (ms,95%): 21.89 err/s: 0.00 reconn/s: 0.00
[ 235s ] thds: 8 tps: 438.88 qps: 2634.29 (r/w/o: 0.00/1733.53/900.76) lat (ms,95%): 21.89 err/s: 0.00 reconn/s: 0.00
[ 236s ] thds: 8 tps: 440.11 qps: 2643.66 (r/w/o: 0.00/1724.43/919.23) lat (ms,95%): 22.28 err/s: 0.00 reconn/s: 0.00
[ 237s ] thds: 8 tps: 447.09 qps: 2677.54 (r/w/o: 0.00/1753.35/924.19) lat (ms,95%): 21.89 err/s: 0.00 reconn/s: 0.00
[ 238s ] thds: 8 tps: 441.90 qps: 2656.41 (r/w/o: 0.00/1741.62/914.80) lat (ms,95%): 22.28 err/s: 0.00 reconn/s: 0.00
[ 239s ] thds: 8 tps: 443.97 qps: 2651.80 (r/w/o: 0.00/1738.87/912.93) lat (ms,95%): 22.28 err/s: 0.00 reconn/s: 0.00
[ 240s ] thds: 8 tps: 437.93 qps: 2638.57 (r/w/o: 0.00/1726.72/911.85) lat (ms,95%): 22.28 err/s: 0.00 reconn/s: 0.00
Latency histogram (values are in milliseconds)
       value  ------------- distribution ------------- count
      11.041 |                                         2
      11.446 |                                         6
      11.654 |                                         16
      11.866 |                                         20
      12.081 |                                         35
      12.301 |                                         72
      12.524 |*                                        181
      12.752 |**                                       389
      12.984 |**                                       338
      13.219 |***                                      547
      13.460 |*****                                    927
      13.704 |*************                            2545
      13.953 |************                             2258
      14.207 |**********                               1824
      14.465 |************                             2348
      14.728 |***************************              5200
      14.995 |**********************                   4206
      15.268 |**************                           2661
      15.545 |****************                         3069
      15.828 |*******************************          5875
      16.115 |******************                       3453
      16.408 |***********                              2142
      16.706 |***************                          2828
      17.010 |****************                         3117
      17.319 |*******                                  1286
      17.633 |********                                 1447
      17.954 |****************                         3011
      18.280 |*************                            2456
      18.612 |****************                         3005
      18.950 |***********************************      6615
      19.295 |****************************             5269
      19.645 |**********************                   4186
      20.002 |**************************************** 7636
      20.366 |**************************               4941
      20.736 |*********************                    3954
      21.112 |*****************************            5562
      21.496 |******************                       3521
      21.886 |****************                         2965
      22.284 |****************                         2999
      22.689 |*******                                  1273
      23.101 |*****                                    1001
      23.521 |***                                      479
      23.948 |*                                        213
      24.384 |*                                        162
      24.827 |                                         44
      25.278 |                                         38
      25.737 |                                         23
      26.205 |                                         8
      26.681 |                                         10
      27.165 |                                         4
      27.659 |                                         3
      28.162 |                                         5
      28.673 |                                         4
      29.194 |                                         2
      30.265 |                                         1
      31.375 |                                         1
      31.945 |                                         1
      32.525 |                                         1
      33.718 |                                         2
      34.330 |                                         1
      37.565 |                                         1
 
SQL statistics:
    queries performed:
        read:                            0
        write:                           417799
        other:                           219313
        total:                           637112
    transactions:                        106189 (442.41 per sec.)
    queries:                             637112 (2654.39 per sec.)
    ignored errors:                      0      (0.00 per sec.)
    reconnects:                          0      (0.00 per sec.)

Throughput:
    events/s (eps):                      442.4135
    time elapsed:                        240.0223s
    total number of events:              106189

Latency (ms):
         min:                                   11.02
         avg:                                   18.08
         max:                                   37.76
         95th percentile:                       22.28
         sum:                              1919800.68

Threads fairness:
    events (avg/stddev):           13273.5000/1920.14
    execution time (avg/stddev):   239.9751/0.01

