sysbench 1.1.0-3ceba0b (using bundled LuaJIT 2.1.0-beta3)

Running the test with following options:
Number of threads: 256
Warmup time: 60s
Report intermediate results every 1 second(s)
Initializing random number generator from current time


Initializing worker threads...

Threads started!

Warming up for 60 seconds...

[ 1s ] thds: 256 tps: 1028.49 qps: 16488.88 (r/w/o: 14427.72/0.00/2061.16) lat (ms,95%): 458.96 err/s: 0.00 reconn/s: 0.00
[ 2s ] thds: 256 tps: 1051.26 qps: 16870.10 (r/w/o: 14767.58/0.00/2102.52) lat (ms,95%): 450.77 err/s: 0.00 reconn/s: 0.00
[ 3s ] thds: 256 tps: 1050.82 qps: 16919.20 (r/w/o: 14817.56/0.00/2101.64) lat (ms,95%): 442.73 err/s: 0.00 reconn/s: 0.00
[ 4s ] thds: 256 tps: 1084.90 qps: 17271.48 (r/w/o: 15101.67/0.00/2169.81) lat (ms,95%): 442.73 err/s: 0.00 reconn/s: 0.00
[ 5s ] thds: 256 tps: 1062.10 qps: 16941.52 (r/w/o: 14818.33/0.00/2123.19) lat (ms,95%): 458.96 err/s: 0.00 reconn/s: 0.00
[ 6s ] thds: 256 tps: 1035.41 qps: 16746.45 (r/w/o: 14675.63/0.00/2070.82) lat (ms,95%): 434.83 err/s: 0.00 reconn/s: 0.00
[ 7s ] thds: 256 tps: 1072.77 qps: 16893.37 (r/w/o: 14746.83/0.00/2146.54) lat (ms,95%): 450.77 err/s: 0.00 reconn/s: 0.00
[ 8s ] thds: 256 tps: 1076.30 qps: 17369.87 (r/w/o: 15219.27/0.00/2150.60) lat (ms,95%): 450.77 err/s: 0.00 reconn/s: 0.00
[ 9s ] thds: 256 tps: 1089.55 qps: 17444.81 (r/w/o: 15262.71/0.00/2182.10) lat (ms,95%): 427.07 err/s: 0.00 reconn/s: 0.00
[ 10s ] thds: 256 tps: 1092.98 qps: 17361.73 (r/w/o: 15176.77/0.00/2184.97) lat (ms,95%): 434.83 err/s: 0.00 reconn/s: 0.00
[ 11s ] thds: 256 tps: 1039.94 qps: 16811.08 (r/w/o: 14730.19/0.00/2080.89) lat (ms,95%): 450.77 err/s: 0.00 reconn/s: 0.00
[ 12s ] thds: 256 tps: 1083.47 qps: 17170.64 (r/w/o: 15004.69/0.00/2165.95) lat (ms,95%): 450.77 err/s: 0.00 reconn/s: 0.00
[ 13s ] thds: 256 tps: 1050.53 qps: 16978.51 (r/w/o: 14878.46/0.00/2100.05) lat (ms,95%): 442.73 err/s: 0.00 reconn/s: 0.00
[ 14s ] thds: 256 tps: 1085.03 qps: 17246.43 (r/w/o: 15077.38/0.00/2169.05) lat (ms,95%): 442.73 err/s: 0.00 reconn/s: 0.00
[ 15s ] thds: 256 tps: 1039.74 qps: 16691.79 (r/w/o: 14612.31/0.00/2079.48) lat (ms,95%): 450.77 err/s: 0.00 reconn/s: 0.00
[ 16s ] thds: 256 tps: 1034.95 qps: 16622.20 (r/w/o: 14550.30/0.00/2071.90) lat (ms,95%): 458.96 err/s: 0.00 reconn/s: 0.00
[ 17s ] thds: 256 tps: 1067.36 qps: 16916.63 (r/w/o: 14781.92/0.00/2134.71) lat (ms,95%): 450.77 err/s: 0.00 reconn/s: 0.00
[ 18s ] thds: 256 tps: 1054.02 qps: 17031.11 (r/w/o: 14924.08/0.00/2107.03) lat (ms,95%): 442.73 err/s: 0.00 reconn/s: 0.00
[ 19s ] thds: 256 tps: 1100.80 qps: 17690.78 (r/w/o: 15487.19/0.00/2203.59) lat (ms,95%): 427.07 err/s: 0.00 reconn/s: 0.00
[ 20s ] thds: 256 tps: 1061.22 qps: 16879.50 (r/w/o: 14758.06/0.00/2121.44) lat (ms,95%): 442.73 err/s: 0.00 reconn/s: 0.00
[ 21s ] thds: 256 tps: 1047.98 qps: 16656.68 (r/w/o: 14563.72/0.00/2092.96) lat (ms,95%): 442.73 err/s: 0.00 reconn/s: 0.00
[ 22s ] thds: 256 tps: 1039.16 qps: 16686.56 (r/w/o: 14607.23/0.00/2079.32) lat (ms,95%): 442.73 err/s: 0.00 reconn/s: 0.00
[ 23s ] thds: 256 tps: 1026.09 qps: 16531.51 (r/w/o: 14476.32/0.00/2055.19) lat (ms,95%): 450.77 err/s: 0.00 reconn/s: 0.00
[ 24s ] thds: 256 tps: 1049.66 qps: 16731.45 (r/w/o: 14635.14/0.00/2096.31) lat (ms,95%): 442.73 err/s: 0.00 reconn/s: 0.00
[ 25s ] thds: 256 tps: 1065.12 qps: 16869.84 (r/w/o: 14738.61/0.00/2131.23) lat (ms,95%): 434.83 err/s: 0.00 reconn/s: 0.00
[ 26s ] thds: 256 tps: 1064.36 qps: 17171.66 (r/w/o: 15041.95/0.00/2129.72) lat (ms,95%): 450.77 err/s: 0.00 reconn/s: 0.00
[ 27s ] thds: 256 tps: 1042.60 qps: 16685.55 (r/w/o: 14601.36/0.00/2084.19) lat (ms,95%): 450.77 err/s: 0.00 reconn/s: 0.00
[ 28s ] thds: 256 tps: 1091.03 qps: 17477.54 (r/w/o: 15294.47/0.00/2183.07) lat (ms,95%): 434.83 err/s: 0.00 reconn/s: 0.00
[ 29s ] thds: 256 tps: 1072.00 qps: 17087.04 (r/w/o: 14943.03/0.00/2144.00) lat (ms,95%): 434.83 err/s: 0.00 reconn/s: 0.00
[ 30s ] thds: 256 tps: 1060.65 qps: 17005.33 (r/w/o: 14886.04/0.00/2119.29) lat (ms,95%): 434.83 err/s: 0.00 reconn/s: 0.00
[ 31s ] thds: 256 tps: 1018.82 qps: 16316.09 (r/w/o: 14277.46/0.00/2038.64) lat (ms,95%): 442.73 err/s: 0.00 reconn/s: 0.00
[ 32s ] thds: 256 tps: 1021.52 qps: 16381.30 (r/w/o: 14337.27/0.00/2044.04) lat (ms,95%): 450.77 err/s: 0.00 reconn/s: 0.00
[ 33s ] thds: 256 tps: 1065.01 qps: 16996.11 (r/w/o: 14866.10/0.00/2130.01) lat (ms,95%): 458.96 err/s: 0.00 reconn/s: 0.00
[ 34s ] thds: 256 tps: 1061.74 qps: 16960.80 (r/w/o: 14838.33/0.00/2122.47) lat (ms,95%): 442.73 err/s: 0.00 reconn/s: 0.00
[ 35s ] thds: 256 tps: 1016.01 qps: 16303.10 (r/w/o: 14270.09/0.00/2033.01) lat (ms,95%): 450.77 err/s: 0.00 reconn/s: 0.00
[ 36s ] thds: 256 tps: 1066.26 qps: 17013.11 (r/w/o: 14880.60/0.00/2132.52) lat (ms,95%): 442.73 err/s: 0.00 reconn/s: 0.00
[ 37s ] thds: 256 tps: 1029.87 qps: 16431.89 (r/w/o: 14374.16/0.00/2057.74) lat (ms,95%): 450.77 err/s: 0.00 reconn/s: 0.00
[ 38s ] thds: 256 tps: 1030.11 qps: 16567.73 (r/w/o: 14508.52/0.00/2059.22) lat (ms,95%): 458.96 err/s: 0.00 reconn/s: 0.00
[ 39s ] thds: 256 tps: 1117.02 qps: 17804.31 (r/w/o: 15567.27/0.00/2237.04) lat (ms,95%): 427.07 err/s: 0.00 reconn/s: 0.00
[ 40s ] thds: 256 tps: 1027.01 qps: 16538.09 (r/w/o: 14484.08/0.00/2054.01) lat (ms,95%): 450.77 err/s: 0.00 reconn/s: 0.00
[ 41s ] thds: 256 tps: 1082.00 qps: 17228.93 (r/w/o: 15067.94/0.00/2160.99) lat (ms,95%): 442.73 err/s: 0.00 reconn/s: 0.00
[ 42s ] thds: 256 tps: 1009.86 qps: 16182.71 (r/w/o: 14160.00/0.00/2022.71) lat (ms,95%): 458.96 err/s: 0.00 reconn/s: 0.00
[ 43s ] thds: 256 tps: 1033.13 qps: 16612.15 (r/w/o: 14545.88/0.00/2066.27) lat (ms,95%): 458.96 err/s: 0.00 reconn/s: 0.00
[ 44s ] thds: 256 tps: 1069.33 qps: 17070.29 (r/w/o: 14932.63/0.00/2137.66) lat (ms,95%): 442.73 err/s: 0.00 reconn/s: 0.00
[ 45s ] thds: 256 tps: 1074.68 qps: 17254.88 (r/w/o: 15104.52/0.00/2150.36) lat (ms,95%): 442.73 err/s: 0.00 reconn/s: 0.00
[ 46s ] thds: 256 tps: 1047.01 qps: 16652.12 (r/w/o: 14557.11/0.00/2095.02) lat (ms,95%): 442.73 err/s: 0.00 reconn/s: 0.00
[ 47s ] thds: 256 tps: 1050.93 qps: 16884.83 (r/w/o: 14783.98/0.00/2100.85) lat (ms,95%): 450.77 err/s: 0.00 reconn/s: 0.00
[ 48s ] thds: 256 tps: 1059.07 qps: 16781.07 (r/w/o: 14662.93/0.00/2118.14) lat (ms,95%): 458.96 err/s: 0.00 reconn/s: 0.00
[ 49s ] thds: 256 tps: 1037.85 qps: 16558.60 (r/w/o: 14483.90/0.00/2074.70) lat (ms,95%): 450.77 err/s: 0.00 reconn/s: 0.00
[ 50s ] thds: 256 tps: 1033.38 qps: 16798.97 (r/w/o: 14730.21/0.00/2068.77) lat (ms,95%): 458.96 err/s: 0.00 reconn/s: 0.00
[ 51s ] thds: 256 tps: 1038.70 qps: 16442.06 (r/w/o: 14368.66/0.00/2073.39) lat (ms,95%): 450.77 err/s: 0.00 reconn/s: 0.00
[ 52s ] thds: 256 tps: 1034.08 qps: 16615.25 (r/w/o: 14545.10/0.00/2070.16) lat (ms,95%): 458.96 err/s: 0.00 reconn/s: 0.00
[ 53s ] thds: 256 tps: 1064.81 qps: 16981.91 (r/w/o: 14851.30/0.00/2130.61) lat (ms,95%): 434.83 err/s: 0.00 reconn/s: 0.00
[ 54s ] thds: 256 tps: 1060.94 qps: 16937.07 (r/w/o: 14821.19/0.00/2115.88) lat (ms,95%): 450.77 err/s: 0.00 reconn/s: 0.00
[ 55s ] thds: 256 tps: 1054.25 qps: 16991.05 (r/w/o: 14877.54/0.00/2113.50) lat (ms,95%): 442.73 err/s: 0.00 reconn/s: 0.00
[ 56s ] thds: 256 tps: 1054.00 qps: 16794.05 (r/w/o: 14685.04/0.00/2109.01) lat (ms,95%): 442.73 err/s: 0.00 reconn/s: 0.00
[ 57s ] thds: 256 tps: 1079.66 qps: 17281.53 (r/w/o: 15125.21/0.00/2156.32) lat (ms,95%): 442.73 err/s: 0.00 reconn/s: 0.00
[ 58s ] thds: 256 tps: 1074.34 qps: 17133.44 (r/w/o: 14982.75/0.00/2150.68) lat (ms,95%): 442.73 err/s: 0.00 reconn/s: 0.00
[ 59s ] thds: 256 tps: 1049.99 qps: 16825.87 (r/w/o: 14724.88/0.00/2100.98) lat (ms,95%): 450.77 err/s: 0.00 reconn/s: 0.00
[ 60s ] thds: 256 tps: 1061.00 qps: 16973.99 (r/w/o: 14853.99/0.00/2120.00) lat (ms,95%): 450.77 err/s: 0.00 reconn/s: 0.00
[ 61s ] thds: 256 tps: 1026.84 qps: 16519.45 (r/w/o: 14467.77/0.00/2051.68) lat (ms,95%): 450.77 err/s: 0.00 reconn/s: 0.00
[ 62s ] thds: 256 tps: 1087.17 qps: 17262.71 (r/w/o: 15089.37/0.00/2173.34) lat (ms,95%): 434.83 err/s: 0.00 reconn/s: 0.00
[ 63s ] thds: 256 tps: 1011.19 qps: 16356.94 (r/w/o: 14328.56/0.00/2028.38) lat (ms,95%): 458.96 err/s: 0.00 reconn/s: 0.00
[ 64s ] thds: 256 tps: 1075.88 qps: 17140.01 (r/w/o: 14990.26/0.00/2149.76) lat (ms,95%): 442.73 err/s: 0.00 reconn/s: 0.00
[ 65s ] thds: 256 tps: 1046.98 qps: 16831.73 (r/w/o: 14736.76/0.00/2094.97) lat (ms,95%): 434.83 err/s: 0.00 reconn/s: 0.00
[ 66s ] thds: 256 tps: 1075.88 qps: 17008.14 (r/w/o: 14857.37/0.00/2150.76) lat (ms,95%): 442.73 err/s: 0.00 reconn/s: 0.00
[ 67s ] thds: 256 tps: 1039.04 qps: 16718.63 (r/w/o: 14639.55/0.00/2079.08) lat (ms,95%): 442.73 err/s: 0.00 reconn/s: 0.00
[ 68s ] thds: 256 tps: 1067.08 qps: 17010.40 (r/w/o: 14879.23/0.00/2131.17) lat (ms,95%): 450.77 err/s: 0.00 reconn/s: 0.00
[ 69s ] thds: 256 tps: 1022.12 qps: 16322.94 (r/w/o: 14279.70/0.00/2043.24) lat (ms,95%): 458.96 err/s: 0.00 reconn/s: 0.00
[ 70s ] thds: 256 tps: 1028.82 qps: 16558.14 (r/w/o: 14496.50/0.00/2061.64) lat (ms,95%): 458.96 err/s: 0.00 reconn/s: 0.00
[ 71s ] thds: 256 tps: 1042.02 qps: 16641.35 (r/w/o: 14557.31/0.00/2084.04) lat (ms,95%): 450.77 err/s: 0.00 reconn/s: 0.00
[ 72s ] thds: 256 tps: 1057.81 qps: 16931.90 (r/w/o: 14819.28/0.00/2112.61) lat (ms,95%): 450.77 err/s: 0.00 reconn/s: 0.00
[ 73s ] thds: 256 tps: 1040.31 qps: 16711.90 (r/w/o: 14628.29/0.00/2083.62) lat (ms,95%): 450.77 err/s: 0.00 reconn/s: 0.00
[ 74s ] thds: 256 tps: 1046.89 qps: 16789.22 (r/w/o: 14696.45/0.00/2092.77) lat (ms,95%): 458.96 err/s: 0.00 reconn/s: 0.00
[ 75s ] thds: 256 tps: 1042.98 qps: 16548.70 (r/w/o: 14463.74/0.00/2084.96) lat (ms,95%): 450.77 err/s: 0.00 reconn/s: 0.00
[ 76s ] thds: 256 tps: 1022.81 qps: 16442.97 (r/w/o: 14396.35/0.00/2046.62) lat (ms,95%): 450.77 err/s: 0.00 reconn/s: 0.00
[ 77s ] thds: 256 tps: 1046.21 qps: 16794.31 (r/w/o: 14699.90/0.00/2094.41) lat (ms,95%): 450.77 err/s: 0.00 reconn/s: 0.00
[ 78s ] thds: 256 tps: 1088.86 qps: 17399.74 (r/w/o: 15224.02/0.00/2175.72) lat (ms,95%): 427.07 err/s: 0.00 reconn/s: 0.00
[ 79s ] thds: 256 tps: 1092.49 qps: 17315.93 (r/w/o: 15131.94/0.00/2183.98) lat (ms,95%): 434.83 err/s: 0.00 reconn/s: 0.00
[ 80s ] thds: 256 tps: 1024.53 qps: 16413.49 (r/w/o: 14362.43/0.00/2051.06) lat (ms,95%): 450.77 err/s: 0.00 reconn/s: 0.00
[ 81s ] thds: 256 tps: 1040.05 qps: 16830.74 (r/w/o: 14749.65/0.00/2081.09) lat (ms,95%): 458.96 err/s: 0.00 reconn/s: 0.00
[ 82s ] thds: 256 tps: 1038.04 qps: 16479.61 (r/w/o: 14406.53/0.00/2073.08) lat (ms,95%): 458.96 err/s: 0.00 reconn/s: 0.00
[ 83s ] thds: 256 tps: 1043.60 qps: 16564.66 (r/w/o: 14476.46/0.00/2088.20) lat (ms,95%): 450.77 err/s: 0.00 reconn/s: 0.00
[ 84s ] thds: 256 tps: 1027.39 qps: 16536.29 (r/w/o: 14482.51/0.00/2053.78) lat (ms,95%): 450.77 err/s: 0.00 reconn/s: 0.00
[ 85s ] thds: 256 tps: 1060.00 qps: 17044.04 (r/w/o: 14923.03/0.00/2121.00) lat (ms,95%): 419.45 err/s: 0.00 reconn/s: 0.00
[ 86s ] thds: 256 tps: 1058.86 qps: 16923.77 (r/w/o: 14805.05/0.00/2118.72) lat (ms,95%): 458.96 err/s: 0.00 reconn/s: 0.00
[ 87s ] thds: 256 tps: 1072.14 qps: 17142.29 (r/w/o: 14998.00/0.00/2144.29) lat (ms,95%): 442.73 err/s: 0.00 reconn/s: 0.00
[ 88s ] thds: 256 tps: 1041.50 qps: 16658.96 (r/w/o: 14576.96/0.00/2082.00) lat (ms,95%): 434.83 err/s: 0.00 reconn/s: 0.00
[ 89s ] thds: 256 tps: 1049.31 qps: 16783.89 (r/w/o: 14687.28/0.00/2096.61) lat (ms,95%): 458.96 err/s: 0.00 reconn/s: 0.00
[ 90s ] thds: 256 tps: 1069.32 qps: 17184.06 (r/w/o: 15042.43/0.00/2141.64) lat (ms,95%): 442.73 err/s: 0.00 reconn/s: 0.00
[ 91s ] thds: 256 tps: 1026.82 qps: 16326.05 (r/w/o: 14273.41/0.00/2052.64) lat (ms,95%): 450.77 err/s: 0.00 reconn/s: 0.00
[ 92s ] thds: 256 tps: 1042.05 qps: 16725.73 (r/w/o: 14640.64/0.00/2085.09) lat (ms,95%): 450.77 err/s: 0.00 reconn/s: 0.00
[ 93s ] thds: 256 tps: 1068.96 qps: 17044.28 (r/w/o: 14906.37/0.00/2137.91) lat (ms,95%): 442.73 err/s: 0.00 reconn/s: 0.00
[ 94s ] thds: 256 tps: 1027.77 qps: 16474.37 (r/w/o: 14418.82/0.00/2055.55) lat (ms,95%): 450.77 err/s: 0.00 reconn/s: 0.00
[ 95s ] thds: 256 tps: 1047.76 qps: 16773.17 (r/w/o: 14676.65/0.00/2096.52) lat (ms,95%): 467.30 err/s: 0.00 reconn/s: 0.00
[ 96s ] thds: 256 tps: 1056.06 qps: 16980.03 (r/w/o: 14868.90/0.00/2111.13) lat (ms,95%): 442.73 err/s: 0.00 reconn/s: 0.00
[ 97s ] thds: 256 tps: 1094.21 qps: 17389.39 (r/w/o: 15201.97/0.00/2187.43) lat (ms,95%): 442.73 err/s: 0.00 reconn/s: 0.00
[ 98s ] thds: 256 tps: 1050.23 qps: 16828.64 (r/w/o: 14729.18/0.00/2099.45) lat (ms,95%): 450.77 err/s: 0.00 reconn/s: 0.00
[ 99s ] thds: 256 tps: 1064.00 qps: 16941.06 (r/w/o: 14810.05/0.00/2131.01) lat (ms,95%): 442.73 err/s: 0.00 reconn/s: 0.00
[ 100s ] thds: 256 tps: 1076.75 qps: 17268.03 (r/w/o: 15117.53/0.00/2150.51) lat (ms,95%): 442.73 err/s: 0.00 reconn/s: 0.00
[ 101s ] thds: 256 tps: 1027.90 qps: 16578.43 (r/w/o: 14522.63/0.00/2055.81) lat (ms,95%): 442.73 err/s: 0.00 reconn/s: 0.00
[ 102s ] thds: 256 tps: 1044.33 qps: 16674.32 (r/w/o: 14584.65/0.00/2089.67) lat (ms,95%): 458.96 err/s: 0.00 reconn/s: 0.00
[ 103s ] thds: 256 tps: 1060.00 qps: 16887.05 (r/w/o: 14767.05/0.00/2120.01) lat (ms,95%): 442.73 err/s: 0.00 reconn/s: 0.00
[ 104s ] thds: 256 tps: 1051.50 qps: 16919.00 (r/w/o: 14817.99/0.00/2101.01) lat (ms,95%): 442.73 err/s: 0.00 reconn/s: 0.00
[ 105s ] thds: 256 tps: 1047.33 qps: 16715.23 (r/w/o: 14618.58/0.00/2096.66) lat (ms,95%): 450.77 err/s: 0.00 reconn/s: 0.00
[ 106s ] thds: 256 tps: 1061.74 qps: 17006.86 (r/w/o: 14884.38/0.00/2122.48) lat (ms,95%): 450.77 err/s: 0.00 reconn/s: 0.00
[ 107s ] thds: 256 tps: 1021.18 qps: 16364.92 (r/w/o: 14320.55/0.00/2044.36) lat (ms,95%): 450.77 err/s: 0.00 reconn/s: 0.00
[ 108s ] thds: 256 tps: 1073.66 qps: 17122.58 (r/w/o: 14974.26/0.00/2148.32) lat (ms,95%): 442.73 err/s: 0.00 reconn/s: 0.00
[ 109s ] thds: 256 tps: 1094.50 qps: 17558.96 (r/w/o: 15370.97/0.00/2187.99) lat (ms,95%): 450.77 err/s: 0.00 reconn/s: 0.00
[ 110s ] thds: 256 tps: 1045.09 qps: 16604.46 (r/w/o: 14518.28/0.00/2086.18) lat (ms,95%): 450.77 err/s: 0.00 reconn/s: 0.00
[ 111s ] thds: 256 tps: 1023.00 qps: 16573.01 (r/w/o: 14523.01/0.00/2050.00) lat (ms,95%): 442.73 err/s: 0.00 reconn/s: 0.00
[ 112s ] thds: 256 tps: 1070.00 qps: 17032.02 (r/w/o: 14894.02/0.00/2138.00) lat (ms,95%): 450.77 err/s: 0.00 reconn/s: 0.00
[ 113s ] thds: 256 tps: 1072.99 qps: 17032.80 (r/w/o: 14883.82/0.00/2148.97) lat (ms,95%): 450.77 err/s: 0.00 reconn/s: 0.00
[ 114s ] thds: 256 tps: 1028.01 qps: 16564.11 (r/w/o: 14509.10/0.00/2055.01) lat (ms,95%): 458.96 err/s: 0.00 reconn/s: 0.00
[ 115s ] thds: 256 tps: 1070.54 qps: 17048.60 (r/w/o: 14906.53/0.00/2142.07) lat (ms,95%): 434.83 err/s: 0.00 reconn/s: 0.00
[ 116s ] thds: 256 tps: 1084.45 qps: 17485.17 (r/w/o: 15317.27/0.00/2167.91) lat (ms,95%): 434.83 err/s: 0.00 reconn/s: 0.00
[ 117s ] thds: 256 tps: 1003.95 qps: 16077.16 (r/w/o: 14070.27/0.00/2006.89) lat (ms,95%): 442.73 err/s: 0.00 reconn/s: 0.00
[ 118s ] thds: 256 tps: 1020.97 qps: 16362.49 (r/w/o: 14322.56/0.00/2039.94) lat (ms,95%): 475.79 err/s: 0.00 reconn/s: 0.00
[ 119s ] thds: 256 tps: 1030.59 qps: 16293.49 (r/w/o: 14229.31/0.00/2064.18) lat (ms,95%): 467.30 err/s: 0.00 reconn/s: 0.00
[ 120s ] thds: 256 tps: 1069.20 qps: 17189.15 (r/w/o: 15052.76/0.00/2136.39) lat (ms,95%): 442.73 err/s: 0.00 reconn/s: 0.00
[ 121s ] thds: 256 tps: 1043.93 qps: 16642.96 (r/w/o: 14557.09/0.00/2085.87) lat (ms,95%): 442.73 err/s: 0.00 reconn/s: 0.00
[ 122s ] thds: 256 tps: 1027.12 qps: 16568.86 (r/w/o: 14510.63/0.00/2058.23) lat (ms,95%): 450.77 err/s: 0.00 reconn/s: 0.00
[ 123s ] thds: 256 tps: 1079.85 qps: 17167.62 (r/w/o: 15007.92/0.00/2159.70) lat (ms,95%): 442.73 err/s: 0.00 reconn/s: 0.00
[ 124s ] thds: 256 tps: 1050.02 qps: 16839.39 (r/w/o: 14739.34/0.00/2100.05) lat (ms,95%): 450.77 err/s: 0.00 reconn/s: 0.00
[ 125s ] thds: 256 tps: 1039.97 qps: 16619.52 (r/w/o: 14538.58/0.00/2080.94) lat (ms,95%): 450.77 err/s: 0.00 reconn/s: 0.00
[ 126s ] thds: 256 tps: 1071.90 qps: 17138.33 (r/w/o: 14995.54/0.00/2142.79) lat (ms,95%): 442.73 err/s: 0.00 reconn/s: 0.00
[ 127s ] thds: 256 tps: 1045.05 qps: 16810.78 (r/w/o: 14722.68/0.00/2088.10) lat (ms,95%): 450.77 err/s: 0.00 reconn/s: 0.00
[ 128s ] thds: 256 tps: 1063.98 qps: 16976.71 (r/w/o: 14848.75/0.00/2127.96) lat (ms,95%): 450.77 err/s: 0.00 reconn/s: 0.00
[ 129s ] thds: 256 tps: 1056.19 qps: 16919.06 (r/w/o: 14806.68/0.00/2112.38) lat (ms,95%): 442.73 err/s: 0.00 reconn/s: 0.00
[ 130s ] thds: 256 tps: 1039.02 qps: 16689.38 (r/w/o: 14614.34/0.00/2075.05) lat (ms,95%): 458.96 err/s: 0.00 reconn/s: 0.00
[ 131s ] thds: 256 tps: 1102.07 qps: 17508.04 (r/w/o: 15302.91/0.00/2205.13) lat (ms,95%): 434.83 err/s: 0.00 reconn/s: 0.00
[ 132s ] thds: 256 tps: 1032.97 qps: 16476.53 (r/w/o: 14407.59/0.00/2068.94) lat (ms,95%): 450.77 err/s: 0.00 reconn/s: 0.00
[ 133s ] thds: 256 tps: 1038.05 qps: 16798.73 (r/w/o: 14721.64/0.00/2077.09) lat (ms,95%): 450.77 err/s: 0.00 reconn/s: 0.00
[ 134s ] thds: 256 tps: 1090.56 qps: 17393.98 (r/w/o: 15213.86/0.00/2180.12) lat (ms,95%): 434.83 err/s: 0.00 reconn/s: 0.00
[ 135s ] thds: 256 tps: 1069.18 qps: 17144.96 (r/w/o: 15005.59/0.00/2139.37) lat (ms,95%): 442.73 err/s: 0.00 reconn/s: 0.00
[ 136s ] thds: 256 tps: 1060.99 qps: 16909.84 (r/w/o: 14791.86/0.00/2117.98) lat (ms,95%): 442.73 err/s: 0.00 reconn/s: 0.00
[ 137s ] thds: 256 tps: 1075.96 qps: 17188.40 (r/w/o: 15032.48/0.00/2155.92) lat (ms,95%): 442.73 err/s: 0.00 reconn/s: 0.00
[ 138s ] thds: 256 tps: 1086.18 qps: 17428.85 (r/w/o: 15258.49/0.00/2170.35) lat (ms,95%): 442.73 err/s: 0.00 reconn/s: 0.00
[ 139s ] thds: 256 tps: 1051.07 qps: 16683.12 (r/w/o: 14584.98/0.00/2098.14) lat (ms,95%): 450.77 err/s: 0.00 reconn/s: 0.00
[ 140s ] thds: 256 tps: 1052.82 qps: 16892.08 (r/w/o: 14779.44/0.00/2112.63) lat (ms,95%): 434.83 err/s: 0.00 reconn/s: 0.00
[ 141s ] thds: 256 tps: 1055.14 qps: 16957.24 (r/w/o: 14847.97/0.00/2109.28) lat (ms,95%): 434.83 err/s: 0.00 reconn/s: 0.00
[ 142s ] thds: 256 tps: 1048.61 qps: 16577.80 (r/w/o: 14484.58/0.00/2093.22) lat (ms,95%): 442.73 err/s: 0.00 reconn/s: 0.00
[ 143s ] thds: 256 tps: 1053.54 qps: 16963.75 (r/w/o: 14858.66/0.00/2105.09) lat (ms,95%): 458.96 err/s: 0.00 reconn/s: 0.00
[ 144s ] thds: 256 tps: 1043.89 qps: 16766.17 (r/w/o: 14673.40/0.00/2092.77) lat (ms,95%): 442.73 err/s: 0.00 reconn/s: 0.00
[ 145s ] thds: 256 tps: 1060.62 qps: 16960.90 (r/w/o: 14839.67/0.00/2121.24) lat (ms,95%): 442.73 err/s: 0.00 reconn/s: 0.00
[ 146s ] thds: 256 tps: 1067.55 qps: 17224.84 (r/w/o: 15088.75/0.00/2136.10) lat (ms,95%): 442.73 err/s: 0.00 reconn/s: 0.00
[ 147s ] thds: 256 tps: 1065.68 qps: 16831.95 (r/w/o: 14700.59/0.00/2131.36) lat (ms,95%): 450.77 err/s: 0.00 reconn/s: 0.00
[ 148s ] thds: 256 tps: 1048.33 qps: 16875.29 (r/w/o: 14778.64/0.00/2096.66) lat (ms,95%): 434.83 err/s: 0.00 reconn/s: 0.00
[ 149s ] thds: 256 tps: 1029.36 qps: 16527.75 (r/w/o: 14470.02/0.00/2057.72) lat (ms,95%): 442.73 err/s: 0.00 reconn/s: 0.00
[ 150s ] thds: 256 tps: 1065.68 qps: 16895.86 (r/w/o: 14764.49/0.00/2131.37) lat (ms,95%): 450.77 err/s: 0.00 reconn/s: 0.00
[ 151s ] thds: 256 tps: 1054.98 qps: 16943.70 (r/w/o: 14833.74/0.00/2109.96) lat (ms,95%): 450.77 err/s: 0.00 reconn/s: 0.00
[ 152s ] thds: 256 tps: 1035.60 qps: 16510.68 (r/w/o: 14440.47/0.00/2070.21) lat (ms,95%): 450.77 err/s: 0.00 reconn/s: 0.00
[ 153s ] thds: 256 tps: 1056.61 qps: 16899.76 (r/w/o: 14787.54/0.00/2112.22) lat (ms,95%): 442.73 err/s: 0.00 reconn/s: 0.00
[ 154s ] thds: 256 tps: 1059.39 qps: 16921.19 (r/w/o: 14802.42/0.00/2118.78) lat (ms,95%): 442.73 err/s: 0.00 reconn/s: 0.00
[ 155s ] thds: 256 tps: 1053.27 qps: 16948.40 (r/w/o: 14837.85/0.00/2110.55) lat (ms,95%): 458.96 err/s: 0.00 reconn/s: 0.00
[ 156s ] thds: 256 tps: 1030.81 qps: 16603.99 (r/w/o: 14544.36/0.00/2059.63) lat (ms,95%): 450.77 err/s: 0.00 reconn/s: 0.00
[ 157s ] thds: 256 tps: 1077.96 qps: 17134.35 (r/w/o: 14980.43/0.00/2153.92) lat (ms,95%): 442.73 err/s: 0.00 reconn/s: 0.00
[ 158s ] thds: 256 tps: 1053.24 qps: 16682.82 (r/w/o: 14575.34/0.00/2107.48) lat (ms,95%): 442.73 err/s: 0.00 reconn/s: 0.00
[ 159s ] thds: 256 tps: 1034.59 qps: 16668.32 (r/w/o: 14597.15/0.00/2071.17) lat (ms,95%): 450.77 err/s: 0.00 reconn/s: 0.00
[ 160s ] thds: 256 tps: 1063.36 qps: 16950.72 (r/w/o: 14824.00/0.00/2126.72) lat (ms,95%): 450.77 err/s: 0.00 reconn/s: 0.00
[ 161s ] thds: 256 tps: 1004.55 qps: 16167.76 (r/w/o: 14160.66/0.00/2007.10) lat (ms,95%): 475.79 err/s: 0.00 reconn/s: 0.00
[ 162s ] thds: 256 tps: 1067.69 qps: 17090.00 (r/w/o: 14952.63/0.00/2137.38) lat (ms,95%): 434.83 err/s: 0.00 reconn/s: 0.00
[ 163s ] thds: 256 tps: 1053.31 qps: 16733.00 (r/w/o: 14626.39/0.00/2106.62) lat (ms,95%): 450.77 err/s: 0.00 reconn/s: 0.00
[ 164s ] thds: 256 tps: 1016.67 qps: 16384.73 (r/w/o: 14353.40/0.00/2031.33) lat (ms,95%): 434.83 err/s: 0.00 reconn/s: 0.00
[ 165s ] thds: 256 tps: 1038.80 qps: 16706.75 (r/w/o: 14627.16/0.00/2079.60) lat (ms,95%): 458.96 err/s: 0.00 reconn/s: 0.00
[ 166s ] thds: 256 tps: 1038.65 qps: 16491.39 (r/w/o: 14416.10/0.00/2075.29) lat (ms,95%): 458.96 err/s: 0.00 reconn/s: 0.00
[ 167s ] thds: 256 tps: 1039.32 qps: 16768.17 (r/w/o: 14688.53/0.00/2079.64) lat (ms,95%): 450.77 err/s: 0.00 reconn/s: 0.00
[ 168s ] thds: 256 tps: 1078.12 qps: 17195.89 (r/w/o: 15039.65/0.00/2156.24) lat (ms,95%): 442.73 err/s: 0.00 reconn/s: 0.00
[ 169s ] thds: 256 tps: 1085.72 qps: 17312.61 (r/w/o: 15140.16/0.00/2172.45) lat (ms,95%): 442.73 err/s: 0.00 reconn/s: 0.00
[ 170s ] thds: 256 tps: 1080.81 qps: 17270.97 (r/w/o: 15111.35/0.00/2159.62) lat (ms,95%): 427.07 err/s: 0.00 reconn/s: 0.00
[ 171s ] thds: 256 tps: 1098.25 qps: 17590.01 (r/w/o: 15392.51/0.00/2197.50) lat (ms,95%): 442.73 err/s: 0.00 reconn/s: 0.00
[ 172s ] thds: 256 tps: 1043.02 qps: 16797.25 (r/w/o: 14711.22/0.00/2086.03) lat (ms,95%): 442.73 err/s: 0.00 reconn/s: 0.00
[ 173s ] thds: 256 tps: 1078.33 qps: 17146.27 (r/w/o: 14991.61/0.00/2154.66) lat (ms,95%): 442.73 err/s: 0.00 reconn/s: 0.00
[ 174s ] thds: 256 tps: 1021.81 qps: 16392.00 (r/w/o: 14345.37/0.00/2046.63) lat (ms,95%): 450.77 err/s: 0.00 reconn/s: 0.00
[ 175s ] thds: 256 tps: 1064.06 qps: 16989.02 (r/w/o: 14863.89/0.00/2125.13) lat (ms,95%): 442.73 err/s: 0.00 reconn/s: 0.00
[ 176s ] thds: 256 tps: 1043.71 qps: 16708.37 (r/w/o: 14619.95/0.00/2088.42) lat (ms,95%): 442.73 err/s: 0.00 reconn/s: 0.00
[ 177s ] thds: 256 tps: 1068.99 qps: 17164.80 (r/w/o: 15024.83/0.00/2139.98) lat (ms,95%): 442.73 err/s: 0.00 reconn/s: 0.00
[ 178s ] thds: 256 tps: 1062.24 qps: 16989.79 (r/w/o: 14865.32/0.00/2124.47) lat (ms,95%): 450.77 err/s: 0.00 reconn/s: 0.00
[ 179s ] thds: 256 tps: 1069.67 qps: 16961.84 (r/w/o: 14826.49/0.00/2135.35) lat (ms,95%): 442.73 err/s: 0.00 reconn/s: 0.00
[ 180s ] thds: 256 tps: 1062.09 qps: 17108.51 (r/w/o: 14980.32/0.00/2128.19) lat (ms,95%): 442.73 err/s: 0.00 reconn/s: 0.00
[ 181s ] thds: 256 tps: 1081.27 qps: 17302.35 (r/w/o: 15139.80/0.00/2162.54) lat (ms,95%): 434.83 err/s: 0.00 reconn/s: 0.00
[ 182s ] thds: 256 tps: 1065.66 qps: 17062.50 (r/w/o: 14931.19/0.00/2131.31) lat (ms,95%): 442.73 err/s: 0.00 reconn/s: 0.00
[ 183s ] thds: 256 tps: 1071.53 qps: 17054.39 (r/w/o: 14911.34/0.00/2143.05) lat (ms,95%): 450.77 err/s: 0.00 reconn/s: 0.00
[ 184s ] thds: 256 tps: 1044.54 qps: 16757.68 (r/w/o: 14668.60/0.00/2089.09) lat (ms,95%): 450.77 err/s: 0.00 reconn/s: 0.00
[ 185s ] thds: 256 tps: 1041.95 qps: 16730.21 (r/w/o: 14645.31/0.00/2084.90) lat (ms,95%): 442.73 err/s: 0.00 reconn/s: 0.00
[ 186s ] thds: 256 tps: 1045.17 qps: 16748.71 (r/w/o: 14658.37/0.00/2090.34) lat (ms,95%): 442.73 err/s: 0.00 reconn/s: 0.00
[ 187s ] thds: 256 tps: 1043.87 qps: 16600.86 (r/w/o: 14515.13/0.00/2085.73) lat (ms,95%): 450.77 err/s: 0.00 reconn/s: 0.00
[ 188s ] thds: 256 tps: 1019.43 qps: 16323.87 (r/w/o: 14284.01/0.00/2039.86) lat (ms,95%): 458.96 err/s: 0.00 reconn/s: 0.00
[ 189s ] thds: 256 tps: 1050.85 qps: 16854.63 (r/w/o: 14752.93/0.00/2101.70) lat (ms,95%): 450.77 err/s: 0.00 reconn/s: 0.00
[ 190s ] thds: 256 tps: 1081.92 qps: 17227.68 (r/w/o: 15063.85/0.00/2163.83) lat (ms,95%): 434.83 err/s: 0.00 reconn/s: 0.00
[ 191s ] thds: 256 tps: 1034.03 qps: 16588.48 (r/w/o: 14521.42/0.00/2067.06) lat (ms,95%): 450.77 err/s: 0.00 reconn/s: 0.00
[ 192s ] thds: 256 tps: 1050.18 qps: 16827.88 (r/w/o: 14726.52/0.00/2101.36) lat (ms,95%): 458.96 err/s: 0.00 reconn/s: 0.00
[ 193s ] thds: 256 tps: 1057.02 qps: 16970.37 (r/w/o: 14856.32/0.00/2114.05) lat (ms,95%): 442.73 err/s: 0.00 reconn/s: 0.00
[ 194s ] thds: 256 tps: 1060.86 qps: 16822.75 (r/w/o: 14702.04/0.00/2120.72) lat (ms,95%): 450.77 err/s: 0.00 reconn/s: 0.00
[ 195s ] thds: 256 tps: 1038.74 qps: 16724.78 (r/w/o: 14649.31/0.00/2075.48) lat (ms,95%): 442.73 err/s: 0.00 reconn/s: 0.00
[ 196s ] thds: 256 tps: 1059.88 qps: 16921.10 (r/w/o: 14798.34/0.00/2122.76) lat (ms,95%): 442.73 err/s: 0.00 reconn/s: 0.00
[ 197s ] thds: 256 tps: 1053.53 qps: 16868.52 (r/w/o: 14763.46/0.00/2105.06) lat (ms,95%): 450.77 err/s: 0.00 reconn/s: 0.00
[ 198s ] thds: 256 tps: 1039.59 qps: 16739.36 (r/w/o: 14660.19/0.00/2079.18) lat (ms,95%): 458.96 err/s: 0.00 reconn/s: 0.00
[ 199s ] thds: 256 tps: 1062.39 qps: 16852.24 (r/w/o: 14726.45/0.00/2125.79) lat (ms,95%): 442.73 err/s: 0.00 reconn/s: 0.00
[ 200s ] thds: 256 tps: 1063.61 qps: 16983.83 (r/w/o: 14855.61/0.00/2128.23) lat (ms,95%): 442.73 err/s: 0.00 reconn/s: 0.00
[ 201s ] thds: 256 tps: 1020.84 qps: 16351.48 (r/w/o: 14311.80/0.00/2039.69) lat (ms,95%): 458.96 err/s: 0.00 reconn/s: 0.00
[ 202s ] thds: 256 tps: 1028.21 qps: 16577.31 (r/w/o: 14518.90/0.00/2058.41) lat (ms,95%): 442.73 err/s: 0.00 reconn/s: 0.00
[ 203s ] thds: 256 tps: 1053.81 qps: 16892.93 (r/w/o: 14789.31/0.00/2103.62) lat (ms,95%): 450.77 err/s: 0.00 reconn/s: 0.00
[ 204s ] thds: 256 tps: 1067.77 qps: 16935.30 (r/w/o: 14797.77/0.00/2137.53) lat (ms,95%): 450.77 err/s: 0.00 reconn/s: 0.00
[ 205s ] thds: 256 tps: 1064.77 qps: 17119.44 (r/w/o: 14987.89/0.00/2131.55) lat (ms,95%): 442.73 err/s: 0.00 reconn/s: 0.00
[ 206s ] thds: 256 tps: 1054.01 qps: 16789.24 (r/w/o: 14684.21/0.00/2105.03) lat (ms,95%): 442.73 err/s: 0.00 reconn/s: 0.00
[ 207s ] thds: 256 tps: 1068.50 qps: 17062.99 (r/w/o: 14924.00/0.00/2139.00) lat (ms,95%): 442.73 err/s: 0.00 reconn/s: 0.00
[ 208s ] thds: 256 tps: 1054.02 qps: 16891.38 (r/w/o: 14785.33/0.00/2106.05) lat (ms,95%): 442.73 err/s: 0.00 reconn/s: 0.00
[ 209s ] thds: 256 tps: 1012.90 qps: 16340.38 (r/w/o: 14311.58/0.00/2028.80) lat (ms,95%): 458.96 err/s: 0.00 reconn/s: 0.00
[ 210s ] thds: 256 tps: 1054.57 qps: 16887.19 (r/w/o: 14780.05/0.00/2107.15) lat (ms,95%): 450.77 err/s: 0.00 reconn/s: 0.00
[ 211s ] thds: 256 tps: 1041.49 qps: 16653.89 (r/w/o: 14567.90/0.00/2085.98) lat (ms,95%): 434.83 err/s: 0.00 reconn/s: 0.00
[ 212s ] thds: 256 tps: 1047.52 qps: 16695.23 (r/w/o: 14602.20/0.00/2093.03) lat (ms,95%): 458.96 err/s: 0.00 reconn/s: 0.00
[ 213s ] thds: 256 tps: 1029.69 qps: 16506.95 (r/w/o: 14448.58/0.00/2058.37) lat (ms,95%): 458.96 err/s: 0.00 reconn/s: 0.00
[ 214s ] thds: 256 tps: 1043.98 qps: 16696.64 (r/w/o: 14605.69/0.00/2090.96) lat (ms,95%): 458.96 err/s: 0.00 reconn/s: 0.00
[ 215s ] thds: 256 tps: 1062.18 qps: 16954.82 (r/w/o: 14831.47/0.00/2123.35) lat (ms,95%): 450.77 err/s: 0.00 reconn/s: 0.00
[ 216s ] thds: 256 tps: 1056.75 qps: 16820.01 (r/w/o: 14708.51/0.00/2111.50) lat (ms,95%): 442.73 err/s: 0.00 reconn/s: 0.00
[ 217s ] thds: 256 tps: 1062.75 qps: 17089.93 (r/w/o: 14962.44/0.00/2127.49) lat (ms,95%): 450.77 err/s: 0.00 reconn/s: 0.00
[ 218s ] thds: 256 tps: 1024.65 qps: 16441.45 (r/w/o: 14392.14/0.00/2049.30) lat (ms,95%): 450.77 err/s: 0.00 reconn/s: 0.00
[ 219s ] thds: 256 tps: 1025.00 qps: 16381.96 (r/w/o: 14332.96/0.00/2048.99) lat (ms,95%): 458.96 err/s: 0.00 reconn/s: 0.00
[ 220s ] thds: 256 tps: 1076.55 qps: 17135.89 (r/w/o: 14983.78/0.00/2152.11) lat (ms,95%): 442.73 err/s: 0.00 reconn/s: 0.00
[ 221s ] thds: 256 tps: 1039.92 qps: 16688.77 (r/w/o: 14607.93/0.00/2080.85) lat (ms,95%): 442.73 err/s: 0.00 reconn/s: 0.00
[ 222s ] thds: 256 tps: 1032.07 qps: 16560.11 (r/w/o: 14494.97/0.00/2065.14) lat (ms,95%): 450.77 err/s: 0.00 reconn/s: 0.00
[ 223s ] thds: 256 tps: 1061.45 qps: 17067.23 (r/w/o: 14944.33/0.00/2122.90) lat (ms,95%): 442.73 err/s: 0.00 reconn/s: 0.00
[ 224s ] thds: 256 tps: 1094.00 qps: 17452.97 (r/w/o: 15268.97/0.00/2184.00) lat (ms,95%): 434.83 err/s: 0.00 reconn/s: 0.00
[ 225s ] thds: 256 tps: 1060.77 qps: 16947.38 (r/w/o: 14822.84/0.00/2124.55) lat (ms,95%): 442.73 err/s: 0.00 reconn/s: 0.00
[ 226s ] thds: 256 tps: 1071.51 qps: 17002.30 (r/w/o: 14859.27/0.00/2143.03) lat (ms,95%): 450.77 err/s: 0.00 reconn/s: 0.00
[ 227s ] thds: 256 tps: 1016.67 qps: 16401.83 (r/w/o: 14369.49/0.00/2032.34) lat (ms,95%): 458.96 err/s: 0.00 reconn/s: 0.00
[ 228s ] thds: 256 tps: 1036.00 qps: 16581.03 (r/w/o: 14508.03/0.00/2073.00) lat (ms,95%): 450.77 err/s: 0.00 reconn/s: 0.00
[ 229s ] thds: 256 tps: 1042.00 qps: 16635.03 (r/w/o: 14554.03/0.00/2081.00) lat (ms,95%): 450.77 err/s: 0.00 reconn/s: 0.00
[ 230s ] thds: 256 tps: 1071.00 qps: 17226.08 (r/w/o: 15082.07/0.00/2144.01) lat (ms,95%): 442.73 err/s: 0.00 reconn/s: 0.00
[ 231s ] thds: 256 tps: 1039.52 qps: 16550.43 (r/w/o: 14470.38/0.00/2080.05) lat (ms,95%): 458.96 err/s: 0.00 reconn/s: 0.00
[ 232s ] thds: 256 tps: 1045.44 qps: 16742.97 (r/w/o: 14654.10/0.00/2088.87) lat (ms,95%): 442.73 err/s: 0.00 reconn/s: 0.00
[ 233s ] thds: 256 tps: 1077.06 qps: 17074.91 (r/w/o: 14918.79/0.00/2156.11) lat (ms,95%): 458.96 err/s: 0.00 reconn/s: 0.00
[ 234s ] thds: 256 tps: 1064.98 qps: 17164.72 (r/w/o: 15033.75/0.00/2130.96) lat (ms,95%): 442.73 err/s: 0.00 reconn/s: 0.00
[ 235s ] thds: 256 tps: 1057.00 qps: 17017.00 (r/w/o: 14904.00/0.00/2113.00) lat (ms,95%): 434.83 err/s: 0.00 reconn/s: 0.00
[ 236s ] thds: 256 tps: 1051.31 qps: 16753.04 (r/w/o: 14650.41/0.00/2102.62) lat (ms,95%): 458.96 err/s: 0.00 reconn/s: 0.00
[ 237s ] thds: 256 tps: 1041.90 qps: 16777.34 (r/w/o: 14691.55/0.00/2085.79) lat (ms,95%): 442.73 err/s: 0.00 reconn/s: 0.00
[ 238s ] thds: 256 tps: 1096.64 qps: 17366.12 (r/w/o: 15173.84/0.00/2192.28) lat (ms,95%): 434.83 err/s: 0.00 reconn/s: 0.00
[ 239s ] thds: 256 tps: 1050.06 qps: 16697.97 (r/w/o: 14596.85/0.00/2101.12) lat (ms,95%): 450.77 err/s: 0.00 reconn/s: 0.00
[ 240s ] thds: 256 tps: 1030.05 qps: 16654.75 (r/w/o: 14596.66/0.00/2058.09) lat (ms,95%): 442.73 err/s: 0.00 reconn/s: 0.00
Latency histogram (values are in milliseconds)
       value  ------------- distribution ------------- count
      23.948 |                                         1
      24.384 |                                         1
      24.827 |                                         2
      25.278 |                                         3
      25.737 |                                         4
      26.205 |                                         8
      26.681 |                                         9
      27.165 |                                         15
      27.659 |                                         22
      28.162 |                                         19
      28.673 |                                         22
      29.194 |                                         29
      29.725 |                                         28
      30.265 |                                         42
      30.815 |*                                        61
      31.375 |*                                        49
      31.945 |*                                        56
      32.525 |*                                        58
      33.116 |*                                        69
      33.718 |*                                        73
      34.330 |*                                        100
      34.954 |*                                        100
      35.589 |*                                        106
      36.236 |*                                        119
      36.894 |*                                        115
      37.565 |*                                        130
      38.247 |**                                       161
      38.942 |**                                       147
      39.650 |**                                       169
      40.370 |**                                       205
      41.104 |**                                       197
      41.851 |**                                       180
      42.611 |**                                       192
      43.385 |**                                       183
      44.173 |**                                       179
      44.976 |**                                       169
      45.793 |**                                       175
      46.625 |**                                       214
      47.472 |***                                      265
      48.335 |***                                      304
      49.213 |****                                     389
      50.107 |*****                                    418
      51.018 |*****                                    465
      51.945 |******                                   550
      52.889 |*******                                  578
      53.850 |******                                   563
      54.828 |*******                                  588
      55.824 |******                                   557
      56.839 |******                                   511
      57.871 |******                                   492
      58.923 |*****                                    473
      59.993 |*****                                    446
      61.083 |*****                                    415
      62.193 |*****                                    401
      63.323 |****                                     366
      64.474 |*****                                    399
      65.645 |****                                     380
      66.838 |****                                     372
      68.053 |*****                                    421
      69.289 |*****                                    412
      70.548 |*****                                    429
      71.830 |*****                                    452
      73.135 |******                                   557
      74.464 |******                                   515
      75.817 |*******                                  635
      77.194 |*******                                  590
      78.597 |*******                                  662
      80.025 |********                                 735
      81.479 |********                                 730
      82.959 |********                                 741
      84.467 |*********                                771
      86.002 |*********                                796
      87.564 |**********                               889
      89.155 |**********                               893
      90.775 |**********                               924
      92.424 |**********                               897
      94.104 |************                             1028
      95.814 |************                             1067
      97.555 |************                             1032
      99.327 |*************                            1112
     101.132 |*************                            1193
     102.969 |**************                           1237
     104.840 |**************                           1281
     106.745 |****************                         1385
     108.685 |***************                          1323
     110.659 |*****************                        1504
     112.670 |*****************                        1533
     114.717 |*****************                        1545
     116.802 |******************                       1600
     118.924 |******************                       1628
     121.085 |*******************                      1704
     123.285 |*******************                      1708
     125.525 |********************                     1744
     127.805 |********************                     1756
     130.128 |*********************                    1823
     132.492 |*********************                    1827
     134.899 |*********************                    1880
     137.350 |*********************                    1846
     139.846 |**********************                   1924
     142.387 |***********************                  1997
     144.974 |***********************                  2028
     147.608 |************************                 2092
     150.290 |************************                 2116
     153.021 |************************                 2122
     155.801 |*************************                2217
     158.632 |*************************                2219
     161.514 |*************************                2195
     164.449 |**************************               2290
     167.437 |***************************              2413
     170.479 |***************************              2357
     173.577 |****************************             2494
     176.731 |****************************             2443
     179.942 |****************************             2525
     183.211 |****************************             2508
     186.540 |*****************************            2611
     189.929 |****************************             2488
     193.380 |*****************************            2555
     196.894 |******************************           2630
     200.472 |******************************           2701
     204.114 |*****************************            2610
     207.823 |******************************           2685
     211.599 |*****************************            2570
     215.443 |******************************           2629
     219.358 |*******************************          2731
     223.344 |*******************************          2752
     227.402 |********************************         2822
     231.534 |*******************************          2789
     235.740 |********************************         2845
     240.024 |**********************************       3001
     244.385 |*********************************        2903
     248.825 |**********************************       2976
     253.346 |*********************************        2947
     257.950 |**********************************       3004
     262.636 |************************************     3180
     267.408 |***********************************      3120
     272.267 |***********************************      3117
     277.214 |***********************************      3084
     282.251 |*************************************    3290
     287.379 |************************************     3217
     292.601 |**************************************   3358
     297.917 |*************************************    3314
     303.330 |**************************************   3410
     308.842 |**************************************** 3508
     314.453 |**************************************   3385
     320.167 |***************************************  3464
     325.984 |***************************************  3439
     331.907 |***************************************  3475
     337.938 |***************************************  3472
     344.078 |**************************************** 3545
     350.330 |***************************************  3462
     356.695 |***************************************  3471
     363.176 |**************************************** 3508
     369.775 |***************************************  3436
     376.494 |*************************************    3283
     383.334 |************************************     3227
     390.299 |***********************************      3100
     397.391 |**********************************       2987
     404.611 |*********************************        2940
     411.963 |*******************************          2771
     419.448 |*****************************            2546
     427.069 |****************************             2454
     434.829 |**************************               2334
     442.730 |***********************                  2047
     450.774 |*********************                    1823
     458.964 |********************                     1757
     467.304 |*****************                        1534
     475.794 |***************                          1288
     484.439 |*************                            1175
     493.242 |***********                              995
     502.204 |**********                               875
     511.328 |********                                 706
     520.619 |*******                                  632
     530.078 |******                                   527
     539.710 |****                                     388
     549.516 |****                                     314
     559.501 |**                                       219
     569.667 |**                                       163
     580.017 |*                                        128
     590.556 |*                                        104
     601.286 |*                                        63
     612.211 |*                                        47
     623.335 |                                         33
     634.661 |                                         11
     646.192 |                                         16
     657.933 |                                         10
     669.888 |                                         10
     682.059 |                                         1
     694.452 |                                         2
     732.998 |                                         1
 
SQL statistics:
    queries performed:
        read:                            3541619
        write:                           0
        other:                           505959
        total:                           4047578
    transactions:                        253106 (1053.40 per sec.)
    queries:                             4047578 (16845.62 per sec.)
    ignored errors:                      0      (0.00 per sec.)
    reconnects:                          0      (0.00 per sec.)

Throughput:
    events/s (eps):                      1053.4024
    time elapsed:                        240.2752s
    total number of events:              253106

Latency (ms):
         min:                                   24.09
         avg:                                  243.00
         max:                                  736.18
         95th percentile:                      450.77
         sum:                             61505502.59

Threads fairness:
    events (avg/stddev):           988.6875/34.48
    execution time (avg/stddev):   240.2559/0.13

