sysbench 1.1.0-3ceba0b (using bundled LuaJIT 2.1.0-beta3)

Running the test with following options:
Number of threads: 16
Warmup time: 60s
Report intermediate results every 1 second(s)
Initializing random number generator from current time


Initializing worker threads...

Threads started!

Warming up for 60 seconds...

[ 1s ] thds: 16 tps: 237.03 qps: 4743.83 (r/w/o: 3321.07/932.30/490.46) lat (ms,95%): 81.48 err/s: 0.00 reconn/s: 0.00
[ 2s ] thds: 16 tps: 238.08 qps: 4719.60 (r/w/o: 3296.12/941.32/482.16) lat (ms,95%): 81.48 err/s: 0.00 reconn/s: 0.00
[ 3s ] thds: 16 tps: 237.01 qps: 4726.26 (r/w/o: 3311.18/921.05/494.03) lat (ms,95%): 82.96 err/s: 0.00 reconn/s: 0.00
[ 4s ] thds: 16 tps: 236.97 qps: 4778.45 (r/w/o: 3358.61/935.89/483.94) lat (ms,95%): 82.96 err/s: 0.00 reconn/s: 0.00
[ 5s ] thds: 16 tps: 237.89 qps: 4758.77 (r/w/o: 3319.44/951.55/487.77) lat (ms,95%): 82.96 err/s: 0.00 reconn/s: 0.00
[ 6s ] thds: 16 tps: 242.22 qps: 4794.29 (r/w/o: 3352.00/946.85/495.44) lat (ms,95%): 81.48 err/s: 0.00 reconn/s: 0.00
[ 7s ] thds: 16 tps: 236.87 qps: 4786.44 (r/w/o: 3359.20/935.50/491.74) lat (ms,95%): 80.03 err/s: 0.00 reconn/s: 0.00
[ 8s ] thds: 16 tps: 239.03 qps: 4792.53 (r/w/o: 3352.37/943.10/497.06) lat (ms,95%): 81.48 err/s: 0.00 reconn/s: 0.00
[ 9s ] thds: 16 tps: 240.09 qps: 4767.87 (r/w/o: 3330.30/945.37/492.19) lat (ms,95%): 82.96 err/s: 0.00 reconn/s: 0.00
[ 10s ] thds: 16 tps: 242.01 qps: 4827.15 (r/w/o: 3389.10/931.03/507.02) lat (ms,95%): 81.48 err/s: 0.00 reconn/s: 0.00
[ 11s ] thds: 16 tps: 238.00 qps: 4789.00 (r/w/o: 3356.00/935.00/498.00) lat (ms,95%): 81.48 err/s: 0.00 reconn/s: 0.00
[ 12s ] thds: 16 tps: 237.01 qps: 4717.22 (r/w/o: 3296.15/934.04/487.02) lat (ms,95%): 82.96 err/s: 0.00 reconn/s: 0.00
[ 13s ] thds: 16 tps: 236.85 qps: 4738.93 (r/w/o: 3319.85/931.40/487.68) lat (ms,95%): 81.48 err/s: 0.00 reconn/s: 0.00
[ 14s ] thds: 16 tps: 238.13 qps: 4778.54 (r/w/o: 3339.77/941.50/497.26) lat (ms,95%): 81.48 err/s: 0.00 reconn/s: 0.00
[ 15s ] thds: 16 tps: 238.87 qps: 4781.31 (r/w/o: 3343.12/939.47/498.72) lat (ms,95%): 81.48 err/s: 0.00 reconn/s: 0.00
[ 16s ] thds: 16 tps: 242.02 qps: 4810.38 (r/w/o: 3369.27/939.07/502.04) lat (ms,95%): 80.03 err/s: 0.00 reconn/s: 0.00
[ 17s ] thds: 16 tps: 239.96 qps: 4807.28 (r/w/o: 3365.50/949.86/491.93) lat (ms,95%): 81.48 err/s: 0.00 reconn/s: 0.00
[ 18s ] thds: 16 tps: 240.92 qps: 4843.40 (r/w/o: 3394.88/941.69/506.83) lat (ms,95%): 81.48 err/s: 0.00 reconn/s: 0.00
[ 19s ] thds: 16 tps: 241.19 qps: 4803.83 (r/w/o: 3359.68/943.75/500.40) lat (ms,95%): 81.48 err/s: 0.00 reconn/s: 0.00
[ 20s ] thds: 16 tps: 237.98 qps: 4764.64 (r/w/o: 3335.75/937.93/490.96) lat (ms,95%): 82.96 err/s: 0.00 reconn/s: 0.00
[ 21s ] thds: 16 tps: 237.03 qps: 4724.60 (r/w/o: 3311.42/922.12/491.06) lat (ms,95%): 82.96 err/s: 0.00 reconn/s: 0.00
[ 22s ] thds: 16 tps: 238.03 qps: 4809.61 (r/w/o: 3376.43/950.12/483.06) lat (ms,95%): 80.03 err/s: 0.00 reconn/s: 0.00
[ 23s ] thds: 16 tps: 237.93 qps: 4721.57 (r/w/o: 3289.00/943.71/488.85) lat (ms,95%): 80.03 err/s: 0.00 reconn/s: 0.00
[ 24s ] thds: 16 tps: 238.08 qps: 4782.56 (r/w/o: 3349.09/933.30/500.16) lat (ms,95%): 80.03 err/s: 0.00 reconn/s: 0.00
[ 25s ] thds: 16 tps: 237.92 qps: 4732.36 (r/w/o: 3312.85/935.68/483.83) lat (ms,95%): 82.96 err/s: 0.00 reconn/s: 0.00
[ 26s ] thds: 16 tps: 240.06 qps: 4790.30 (r/w/o: 3353.91/936.25/500.14) lat (ms,95%): 80.03 err/s: 0.00 reconn/s: 0.00
[ 27s ] thds: 16 tps: 235.96 qps: 4756.24 (r/w/o: 3337.47/930.85/487.92) lat (ms,95%): 82.96 err/s: 0.00 reconn/s: 0.00
[ 28s ] thds: 16 tps: 241.96 qps: 4781.21 (r/w/o: 3332.45/946.84/501.92) lat (ms,95%): 80.03 err/s: 0.00 reconn/s: 0.00
[ 29s ] thds: 16 tps: 233.08 qps: 4736.54 (r/w/o: 3329.08/930.30/477.15) lat (ms,95%): 80.03 err/s: 0.00 reconn/s: 0.00
[ 30s ] thds: 16 tps: 238.90 qps: 4779.10 (r/w/o: 3346.67/940.63/491.80) lat (ms,95%): 81.48 err/s: 0.00 reconn/s: 0.00
[ 31s ] thds: 16 tps: 238.13 qps: 4792.57 (r/w/o: 3361.80/936.50/494.26) lat (ms,95%): 81.48 err/s: 0.00 reconn/s: 0.00
[ 32s ] thds: 16 tps: 242.91 qps: 4780.19 (r/w/o: 3326.74/956.64/496.81) lat (ms,95%): 82.96 err/s: 0.00 reconn/s: 0.00
[ 33s ] thds: 16 tps: 238.01 qps: 4739.22 (r/w/o: 3314.16/930.04/495.02) lat (ms,95%): 81.48 err/s: 0.00 reconn/s: 0.00
[ 34s ] thds: 16 tps: 236.05 qps: 4788.05 (r/w/o: 3375.74/926.20/486.11) lat (ms,95%): 81.48 err/s: 0.00 reconn/s: 0.00
[ 35s ] thds: 16 tps: 241.94 qps: 4790.72 (r/w/o: 3330.11/956.74/503.87) lat (ms,95%): 81.48 err/s: 0.00 reconn/s: 0.00
[ 36s ] thds: 16 tps: 238.08 qps: 4757.67 (r/w/o: 3328.17/934.33/495.17) lat (ms,95%): 81.48 err/s: 0.00 reconn/s: 0.00
[ 37s ] thds: 16 tps: 238.90 qps: 4780.95 (r/w/o: 3356.56/930.60/493.79) lat (ms,95%): 81.48 err/s: 0.00 reconn/s: 0.00
[ 38s ] thds: 16 tps: 236.00 qps: 4746.91 (r/w/o: 3324.94/932.98/488.99) lat (ms,95%): 80.03 err/s: 0.00 reconn/s: 0.00
[ 39s ] thds: 16 tps: 239.13 qps: 4729.48 (r/w/o: 3304.73/927.49/497.26) lat (ms,95%): 81.48 err/s: 0.00 reconn/s: 0.00
[ 40s ] thds: 16 tps: 232.94 qps: 4739.73 (r/w/o: 3334.10/931.75/473.87) lat (ms,95%): 82.96 err/s: 0.00 reconn/s: 0.00
[ 41s ] thds: 16 tps: 239.02 qps: 4756.38 (r/w/o: 3323.26/938.07/495.04) lat (ms,95%): 81.48 err/s: 0.00 reconn/s: 0.00
[ 42s ] thds: 16 tps: 235.91 qps: 4712.25 (r/w/o: 3293.77/928.65/489.82) lat (ms,95%): 82.96 err/s: 0.00 reconn/s: 0.00
[ 43s ] thds: 16 tps: 237.02 qps: 4742.37 (r/w/o: 3321.26/931.07/490.04) lat (ms,95%): 81.48 err/s: 0.00 reconn/s: 0.00
[ 44s ] thds: 16 tps: 237.98 qps: 4717.65 (r/w/o: 3295.75/930.93/490.96) lat (ms,95%): 84.47 err/s: 0.00 reconn/s: 0.00
[ 45s ] thds: 16 tps: 236.02 qps: 4773.37 (r/w/o: 3351.26/936.07/486.04) lat (ms,95%): 81.48 err/s: 0.00 reconn/s: 0.00
[ 46s ] thds: 16 tps: 239.07 qps: 4788.49 (r/w/o: 3344.04/944.29/500.16) lat (ms,95%): 81.48 err/s: 0.00 reconn/s: 0.00
[ 47s ] thds: 16 tps: 239.99 qps: 4771.89 (r/w/o: 3340.92/939.98/490.99) lat (ms,95%): 81.48 err/s: 0.00 reconn/s: 0.00
[ 48s ] thds: 16 tps: 239.00 qps: 4772.94 (r/w/o: 3339.96/934.99/497.99) lat (ms,95%): 81.48 err/s: 0.00 reconn/s: 0.00
[ 49s ] thds: 16 tps: 237.96 qps: 4774.16 (r/w/o: 3349.41/936.84/487.91) lat (ms,95%): 81.48 err/s: 0.00 reconn/s: 0.00
[ 50s ] thds: 16 tps: 241.03 qps: 4771.50 (r/w/o: 3323.34/953.10/495.05) lat (ms,95%): 80.03 err/s: 0.00 reconn/s: 0.00
[ 51s ] thds: 16 tps: 237.94 qps: 4777.88 (r/w/o: 3347.21/931.78/498.88) lat (ms,95%): 82.96 err/s: 0.00 reconn/s: 0.00
[ 52s ] thds: 16 tps: 239.02 qps: 4787.30 (r/w/o: 3359.21/936.06/492.03) lat (ms,95%): 81.48 err/s: 0.00 reconn/s: 0.00
[ 53s ] thds: 16 tps: 241.03 qps: 4806.52 (r/w/o: 3354.36/954.10/498.05) lat (ms,95%): 80.03 err/s: 0.00 reconn/s: 0.00
[ 54s ] thds: 16 tps: 239.00 qps: 4772.10 (r/w/o: 3348.07/936.02/488.01) lat (ms,95%): 80.03 err/s: 0.00 reconn/s: 0.00
[ 55s ] thds: 16 tps: 235.96 qps: 4765.20 (r/w/o: 3337.44/948.84/478.92) lat (ms,95%): 80.03 err/s: 0.00 reconn/s: 0.00
[ 56s ] thds: 16 tps: 239.02 qps: 4745.35 (r/w/o: 3319.24/935.07/491.04) lat (ms,95%): 84.47 err/s: 0.00 reconn/s: 0.00
[ 57s ] thds: 16 tps: 239.05 qps: 4829.99 (r/w/o: 3390.70/944.19/495.10) lat (ms,95%): 80.03 err/s: 0.00 reconn/s: 0.00
[ 58s ] thds: 16 tps: 239.99 qps: 4784.78 (r/w/o: 3352.85/933.96/497.98) lat (ms,95%): 80.03 err/s: 0.00 reconn/s: 0.00
[ 59s ] thds: 16 tps: 238.96 qps: 4755.17 (r/w/o: 3311.42/949.83/493.91) lat (ms,95%): 81.48 err/s: 0.00 reconn/s: 0.00
[ 60s ] thds: 16 tps: 234.99 qps: 4739.78 (r/w/o: 3334.84/920.96/483.98) lat (ms,95%): 81.48 err/s: 0.00 reconn/s: 0.00
[ 61s ] thds: 16 tps: 233.99 qps: 4703.76 (r/w/o: 3290.83/931.95/480.98) lat (ms,95%): 81.48 err/s: 0.00 reconn/s: 0.00
[ 62s ] thds: 16 tps: 239.92 qps: 4754.46 (r/w/o: 3317.93/941.70/494.84) lat (ms,95%): 82.96 err/s: 0.00 reconn/s: 0.00
[ 63s ] thds: 16 tps: 239.16 qps: 4778.17 (r/w/o: 3345.22/943.63/489.33) lat (ms,95%): 80.03 err/s: 0.00 reconn/s: 0.00
[ 64s ] thds: 16 tps: 235.95 qps: 4719.06 (r/w/o: 3303.34/932.81/482.90) lat (ms,95%): 82.96 err/s: 0.00 reconn/s: 0.00
[ 65s ] thds: 16 tps: 240.02 qps: 4803.48 (r/w/o: 3365.33/938.09/500.05) lat (ms,95%): 81.48 err/s: 0.00 reconn/s: 0.00
[ 66s ] thds: 16 tps: 242.97 qps: 4813.42 (r/w/o: 3363.59/953.88/495.94) lat (ms,95%): 80.03 err/s: 0.00 reconn/s: 0.00
[ 67s ] thds: 16 tps: 237.99 qps: 4791.85 (r/w/o: 3357.90/940.97/492.98) lat (ms,95%): 81.48 err/s: 0.00 reconn/s: 0.00
[ 68s ] thds: 16 tps: 234.99 qps: 4722.72 (r/w/o: 3310.81/927.95/483.97) lat (ms,95%): 82.96 err/s: 0.00 reconn/s: 0.00
[ 69s ] thds: 16 tps: 240.98 qps: 4763.63 (r/w/o: 3328.74/933.93/500.96) lat (ms,95%): 80.03 err/s: 0.00 reconn/s: 0.00
[ 70s ] thds: 16 tps: 232.02 qps: 4711.49 (r/w/o: 3305.34/916.10/490.05) lat (ms,95%): 81.48 err/s: 0.00 reconn/s: 0.00
[ 71s ] thds: 16 tps: 240.00 qps: 4751.03 (r/w/o: 3314.02/942.01/495.00) lat (ms,95%): 80.03 err/s: 0.00 reconn/s: 0.00
[ 72s ] thds: 16 tps: 235.01 qps: 4757.15 (r/w/o: 3343.11/928.03/486.02) lat (ms,95%): 81.48 err/s: 0.00 reconn/s: 0.00
[ 73s ] thds: 16 tps: 238.04 qps: 4723.80 (r/w/o: 3304.56/924.16/495.08) lat (ms,95%): 80.03 err/s: 0.00 reconn/s: 0.00
[ 74s ] thds: 16 tps: 237.95 qps: 4713.92 (r/w/o: 3283.25/933.79/496.89) lat (ms,95%): 81.48 err/s: 0.00 reconn/s: 0.00
[ 75s ] thds: 16 tps: 234.05 qps: 4732.08 (r/w/o: 3322.76/925.21/484.11) lat (ms,95%): 82.96 err/s: 0.00 reconn/s: 0.00
[ 76s ] thds: 16 tps: 237.95 qps: 4757.96 (r/w/o: 3335.27/932.80/489.89) lat (ms,95%): 80.03 err/s: 0.00 reconn/s: 0.00
[ 77s ] thds: 16 tps: 238.99 qps: 4754.87 (r/w/o: 3327.91/932.97/493.99) lat (ms,95%): 82.96 err/s: 0.00 reconn/s: 0.00
[ 78s ] thds: 16 tps: 235.01 qps: 4743.25 (r/w/o: 3326.18/938.05/479.03) lat (ms,95%): 82.96 err/s: 0.00 reconn/s: 0.00
[ 79s ] thds: 16 tps: 243.00 qps: 4818.01 (r/w/o: 3355.01/958.00/505.00) lat (ms,95%): 80.03 err/s: 0.00 reconn/s: 0.00
[ 80s ] thds: 16 tps: 236.99 qps: 4743.86 (r/w/o: 3331.90/922.97/488.99) lat (ms,95%): 82.96 err/s: 0.00 reconn/s: 0.00
[ 81s ] thds: 16 tps: 236.01 qps: 4747.13 (r/w/o: 3320.09/937.03/490.01) lat (ms,95%): 81.48 err/s: 0.00 reconn/s: 0.00
[ 82s ] thds: 16 tps: 235.01 qps: 4716.26 (r/w/o: 3302.18/929.05/485.03) lat (ms,95%): 81.48 err/s: 0.00 reconn/s: 0.00
[ 83s ] thds: 16 tps: 239.02 qps: 4758.32 (r/w/o: 3330.22/932.06/496.03) lat (ms,95%): 82.96 err/s: 0.00 reconn/s: 0.00
[ 84s ] thds: 16 tps: 239.99 qps: 4787.80 (r/w/o: 3349.86/940.96/496.98) lat (ms,95%): 82.96 err/s: 0.00 reconn/s: 0.00
[ 85s ] thds: 16 tps: 238.96 qps: 4793.29 (r/w/o: 3359.50/940.86/492.93) lat (ms,95%): 81.48 err/s: 0.00 reconn/s: 0.00
[ 86s ] thds: 16 tps: 239.05 qps: 4744.92 (r/w/o: 3309.64/935.18/500.10) lat (ms,95%): 84.47 err/s: 0.00 reconn/s: 0.00
[ 87s ] thds: 16 tps: 237.01 qps: 4776.22 (r/w/o: 3354.15/927.04/495.02) lat (ms,95%): 82.96 err/s: 0.00 reconn/s: 0.00
[ 88s ] thds: 16 tps: 239.95 qps: 4789.09 (r/w/o: 3348.36/939.82/500.90) lat (ms,95%): 81.48 err/s: 0.00 reconn/s: 0.00
[ 89s ] thds: 16 tps: 238.99 qps: 4780.70 (r/w/o: 3349.79/933.94/496.97) lat (ms,95%): 81.48 err/s: 0.00 reconn/s: 0.00
[ 90s ] thds: 16 tps: 237.05 qps: 4730.07 (r/w/o: 3310.75/933.21/486.11) lat (ms,95%): 82.96 err/s: 0.00 reconn/s: 0.00
[ 91s ] thds: 16 tps: 235.95 qps: 4762.04 (r/w/o: 3342.32/931.81/487.90) lat (ms,95%): 82.96 err/s: 0.00 reconn/s: 0.00
[ 92s ] thds: 16 tps: 239.13 qps: 4772.55 (r/w/o: 3330.78/953.51/488.26) lat (ms,95%): 81.48 err/s: 0.00 reconn/s: 0.00
[ 93s ] thds: 16 tps: 236.98 qps: 4713.70 (r/w/o: 3302.79/917.94/492.97) lat (ms,95%): 82.96 err/s: 0.00 reconn/s: 0.00
[ 94s ] thds: 16 tps: 237.88 qps: 4772.67 (r/w/o: 3342.37/940.54/489.76) lat (ms,95%): 82.96 err/s: 0.00 reconn/s: 0.00
[ 95s ] thds: 16 tps: 237.02 qps: 4743.36 (r/w/o: 3312.25/943.07/488.04) lat (ms,95%): 81.48 err/s: 0.00 reconn/s: 0.00
[ 96s ] thds: 16 tps: 240.10 qps: 4792.93 (r/w/o: 3364.35/930.37/498.20) lat (ms,95%): 81.48 err/s: 0.00 reconn/s: 0.00
[ 97s ] thds: 16 tps: 239.90 qps: 4807.06 (r/w/o: 3358.64/957.61/490.80) lat (ms,95%): 80.03 err/s: 0.00 reconn/s: 0.00
[ 98s ] thds: 16 tps: 238.95 qps: 4779.96 (r/w/o: 3349.27/939.80/490.89) lat (ms,95%): 81.48 err/s: 0.00 reconn/s: 0.00
[ 99s ] thds: 16 tps: 236.06 qps: 4771.23 (r/w/o: 3348.87/935.24/487.13) lat (ms,95%): 80.03 err/s: 0.00 reconn/s: 0.00
[ 100s ] thds: 16 tps: 242.98 qps: 4768.60 (r/w/o: 3323.72/940.92/503.96) lat (ms,95%): 81.48 err/s: 0.00 reconn/s: 0.00
[ 101s ] thds: 16 tps: 232.05 qps: 4711.92 (r/w/o: 3313.65/921.18/477.09) lat (ms,95%): 84.47 err/s: 0.00 reconn/s: 0.00
[ 102s ] thds: 16 tps: 240.09 qps: 4772.75 (r/w/o: 3342.23/926.34/504.19) lat (ms,95%): 81.48 err/s: 0.00 reconn/s: 0.00
[ 103s ] thds: 16 tps: 236.89 qps: 4776.81 (r/w/o: 3338.47/946.57/491.77) lat (ms,95%): 80.03 err/s: 0.00 reconn/s: 0.00
[ 104s ] thds: 16 tps: 239.96 qps: 4739.28 (r/w/o: 3307.50/942.86/488.93) lat (ms,95%): 80.03 err/s: 0.00 reconn/s: 0.00
[ 105s ] thds: 16 tps: 237.04 qps: 4752.72 (r/w/o: 3321.50/941.14/490.07) lat (ms,95%): 80.03 err/s: 0.00 reconn/s: 0.00
[ 106s ] thds: 16 tps: 239.10 qps: 4769.92 (r/w/o: 3344.35/936.38/489.20) lat (ms,95%): 81.48 err/s: 0.00 reconn/s: 0.00
[ 107s ] thds: 16 tps: 238.87 qps: 4796.32 (r/w/o: 3367.12/937.48/491.73) lat (ms,95%): 80.03 err/s: 0.00 reconn/s: 0.00
[ 108s ] thds: 16 tps: 237.01 qps: 4702.19 (r/w/o: 3281.13/934.04/487.02) lat (ms,95%): 84.47 err/s: 0.00 reconn/s: 0.00
[ 109s ] thds: 16 tps: 238.00 qps: 4793.93 (r/w/o: 3362.95/936.99/493.99) lat (ms,95%): 80.03 err/s: 0.00 reconn/s: 0.00
[ 110s ] thds: 16 tps: 239.99 qps: 4780.76 (r/w/o: 3335.83/947.95/496.98) lat (ms,95%): 81.48 err/s: 0.00 reconn/s: 0.00
[ 111s ] thds: 16 tps: 238.00 qps: 4793.99 (r/w/o: 3364.99/938.00/491.00) lat (ms,95%): 81.48 err/s: 0.00 reconn/s: 0.00
[ 112s ] thds: 16 tps: 237.00 qps: 4717.09 (r/w/o: 3297.06/931.02/489.01) lat (ms,95%): 81.48 err/s: 0.00 reconn/s: 0.00
[ 113s ] thds: 16 tps: 239.03 qps: 4796.52 (r/w/o: 3367.36/936.10/493.05) lat (ms,95%): 81.48 err/s: 0.00 reconn/s: 0.00
[ 114s ] thds: 16 tps: 238.11 qps: 4779.29 (r/w/o: 3344.60/945.45/489.23) lat (ms,95%): 80.03 err/s: 0.00 reconn/s: 0.00
[ 115s ] thds: 16 tps: 240.87 qps: 4786.32 (r/w/o: 3341.13/953.47/491.72) lat (ms,95%): 81.48 err/s: 0.00 reconn/s: 0.00
[ 116s ] thds: 16 tps: 236.99 qps: 4797.90 (r/w/o: 3361.93/943.98/491.99) lat (ms,95%): 80.03 err/s: 0.00 reconn/s: 0.00
[ 117s ] thds: 16 tps: 241.05 qps: 4746.94 (r/w/o: 3315.65/937.18/494.10) lat (ms,95%): 81.48 err/s: 0.00 reconn/s: 0.00
[ 118s ] thds: 16 tps: 236.09 qps: 4760.73 (r/w/o: 3346.22/929.34/485.18) lat (ms,95%): 81.48 err/s: 0.00 reconn/s: 0.00
[ 119s ] thds: 16 tps: 240.87 qps: 4786.33 (r/w/o: 3347.13/943.47/495.72) lat (ms,95%): 81.48 err/s: 0.00 reconn/s: 0.00
[ 120s ] thds: 16 tps: 238.06 qps: 4785.18 (r/w/o: 3346.82/944.23/494.12) lat (ms,95%): 81.48 err/s: 0.00 reconn/s: 0.00
[ 121s ] thds: 16 tps: 236.97 qps: 4695.37 (r/w/o: 3280.56/930.88/483.94) lat (ms,95%): 81.48 err/s: 0.00 reconn/s: 0.00
[ 122s ] thds: 16 tps: 234.94 qps: 4722.85 (r/w/o: 3311.20/923.78/487.88) lat (ms,95%): 81.48 err/s: 0.00 reconn/s: 0.00
[ 123s ] thds: 16 tps: 240.06 qps: 4761.20 (r/w/o: 3324.84/943.24/493.12) lat (ms,95%): 81.48 err/s: 0.00 reconn/s: 0.00
[ 124s ] thds: 16 tps: 237.04 qps: 4765.85 (r/w/o: 3346.60/922.17/497.09) lat (ms,95%): 81.48 err/s: 0.00 reconn/s: 0.00
[ 125s ] thds: 16 tps: 234.92 qps: 4728.40 (r/w/o: 3313.88/919.69/494.83) lat (ms,95%): 82.96 err/s: 0.00 reconn/s: 0.00
[ 126s ] thds: 16 tps: 239.05 qps: 4739.05 (r/w/o: 3304.73/935.21/499.11) lat (ms,95%): 80.03 err/s: 0.00 reconn/s: 0.00
[ 127s ] thds: 16 tps: 237.01 qps: 4770.15 (r/w/o: 3351.11/929.03/490.02) lat (ms,95%): 82.96 err/s: 0.00 reconn/s: 0.00
[ 128s ] thds: 16 tps: 238.01 qps: 4781.18 (r/w/o: 3343.13/940.04/498.02) lat (ms,95%): 81.48 err/s: 0.00 reconn/s: 0.00
[ 129s ] thds: 16 tps: 238.07 qps: 4752.34 (r/w/o: 3326.93/933.26/492.14) lat (ms,95%): 81.48 err/s: 0.00 reconn/s: 0.00
[ 130s ] thds: 16 tps: 236.89 qps: 4745.74 (r/w/o: 3324.41/931.56/489.77) lat (ms,95%): 82.96 err/s: 0.00 reconn/s: 0.00
[ 131s ] thds: 16 tps: 235.12 qps: 4724.46 (r/w/o: 3313.73/929.48/481.25) lat (ms,95%): 82.96 err/s: 0.00 reconn/s: 0.00
[ 132s ] thds: 16 tps: 238.87 qps: 4751.40 (r/w/o: 3310.19/945.48/495.73) lat (ms,95%): 80.03 err/s: 0.00 reconn/s: 0.00
[ 133s ] thds: 16 tps: 236.99 qps: 4746.84 (r/w/o: 3325.89/933.97/486.98) lat (ms,95%): 82.96 err/s: 0.00 reconn/s: 0.00
[ 134s ] thds: 16 tps: 237.97 qps: 4749.49 (r/w/o: 3322.64/941.90/484.95) lat (ms,95%): 80.03 err/s: 0.00 reconn/s: 0.00
[ 135s ] thds: 16 tps: 238.99 qps: 4804.82 (r/w/o: 3374.87/935.96/493.98) lat (ms,95%): 81.48 err/s: 0.00 reconn/s: 0.00
[ 136s ] thds: 16 tps: 239.03 qps: 4772.50 (r/w/o: 3336.35/950.10/486.05) lat (ms,95%): 81.48 err/s: 0.00 reconn/s: 0.00
[ 137s ] thds: 16 tps: 239.12 qps: 4785.32 (r/w/o: 3342.62/951.46/491.24) lat (ms,95%): 81.48 err/s: 0.00 reconn/s: 0.00
[ 138s ] thds: 16 tps: 238.89 qps: 4759.75 (r/w/o: 3339.42/935.56/484.77) lat (ms,95%): 81.48 err/s: 0.00 reconn/s: 0.00
[ 139s ] thds: 16 tps: 237.14 qps: 4758.84 (r/w/o: 3326.99/943.56/488.29) lat (ms,95%): 82.96 err/s: 0.00 reconn/s: 0.00
[ 140s ] thds: 16 tps: 240.87 qps: 4774.33 (r/w/o: 3341.13/942.47/490.73) lat (ms,95%): 81.48 err/s: 0.00 reconn/s: 0.00
[ 141s ] thds: 16 tps: 238.99 qps: 4786.75 (r/w/o: 3346.82/948.95/490.97) lat (ms,95%): 81.48 err/s: 0.00 reconn/s: 0.00
[ 142s ] thds: 16 tps: 237.96 qps: 4743.17 (r/w/o: 3327.42/924.84/490.91) lat (ms,95%): 81.48 err/s: 0.00 reconn/s: 0.00
[ 143s ] thds: 16 tps: 234.07 qps: 4731.46 (r/w/o: 3308.02/936.29/487.15) lat (ms,95%): 81.48 err/s: 0.00 reconn/s: 0.00
[ 144s ] thds: 16 tps: 240.00 qps: 4771.92 (r/w/o: 3341.94/930.98/498.99) lat (ms,95%): 80.03 err/s: 0.00 reconn/s: 0.00
[ 145s ] thds: 16 tps: 239.00 qps: 4806.94 (r/w/o: 3368.96/947.99/489.99) lat (ms,95%): 80.03 err/s: 0.00 reconn/s: 0.00
[ 146s ] thds: 16 tps: 237.00 qps: 4755.04 (r/w/o: 3328.03/936.01/491.00) lat (ms,95%): 82.96 err/s: 0.00 reconn/s: 0.00
[ 147s ] thds: 16 tps: 239.96 qps: 4760.27 (r/w/o: 3329.49/940.86/489.93) lat (ms,95%): 80.03 err/s: 0.00 reconn/s: 0.00
[ 148s ] thds: 16 tps: 237.04 qps: 4706.76 (r/w/o: 3289.53/933.15/484.08) lat (ms,95%): 82.96 err/s: 0.00 reconn/s: 0.00
[ 149s ] thds: 16 tps: 237.96 qps: 4763.25 (r/w/o: 3334.47/937.85/490.92) lat (ms,95%): 81.48 err/s: 0.00 reconn/s: 0.00
[ 150s ] thds: 16 tps: 238.02 qps: 4775.35 (r/w/o: 3346.25/926.07/503.04) lat (ms,95%): 81.48 err/s: 0.00 reconn/s: 0.00
[ 151s ] thds: 16 tps: 239.14 qps: 4780.72 (r/w/o: 3345.90/945.54/489.28) lat (ms,95%): 80.03 err/s: 0.00 reconn/s: 0.00
[ 152s ] thds: 16 tps: 237.88 qps: 4747.51 (r/w/o: 3322.26/931.51/493.74) lat (ms,95%): 81.48 err/s: 0.00 reconn/s: 0.00
[ 153s ] thds: 16 tps: 239.11 qps: 4765.27 (r/w/o: 3333.58/936.45/495.24) lat (ms,95%): 82.96 err/s: 0.00 reconn/s: 0.00
[ 154s ] thds: 16 tps: 234.87 qps: 4775.36 (r/w/o: 3352.15/934.48/488.73) lat (ms,95%): 82.96 err/s: 0.00 reconn/s: 0.00
[ 155s ] thds: 16 tps: 242.14 qps: 4788.77 (r/w/o: 3345.93/947.55/495.29) lat (ms,95%): 82.96 err/s: 0.00 reconn/s: 0.00
[ 156s ] thds: 16 tps: 233.86 qps: 4727.12 (r/w/o: 3312.98/930.43/483.71) lat (ms,95%): 82.96 err/s: 0.00 reconn/s: 0.00
[ 157s ] thds: 16 tps: 241.00 qps: 4786.03 (r/w/o: 3356.02/935.01/495.00) lat (ms,95%): 81.48 err/s: 0.00 reconn/s: 0.00
[ 158s ] thds: 16 tps: 238.04 qps: 4788.72 (r/w/o: 3353.51/946.14/489.07) lat (ms,95%): 80.03 err/s: 0.00 reconn/s: 0.00
[ 159s ] thds: 16 tps: 238.11 qps: 4747.17 (r/w/o: 3323.52/934.43/489.22) lat (ms,95%): 81.48 err/s: 0.00 reconn/s: 0.00
[ 160s ] thds: 16 tps: 235.83 qps: 4742.67 (r/w/o: 3309.67/946.33/486.66) lat (ms,95%): 81.48 err/s: 0.00 reconn/s: 0.00
[ 161s ] thds: 16 tps: 240.16 qps: 4735.07 (r/w/o: 3306.15/929.60/499.32) lat (ms,95%): 82.96 err/s: 0.00 reconn/s: 0.00
[ 162s ] thds: 16 tps: 236.99 qps: 4768.84 (r/w/o: 3346.89/931.97/489.98) lat (ms,95%): 81.48 err/s: 0.00 reconn/s: 0.00
[ 163s ] thds: 16 tps: 238.85 qps: 4778.05 (r/w/o: 3342.94/946.42/488.70) lat (ms,95%): 81.48 err/s: 0.00 reconn/s: 0.00
[ 164s ] thds: 16 tps: 234.06 qps: 4692.18 (r/w/o: 3289.83/920.23/482.12) lat (ms,95%): 82.96 err/s: 0.00 reconn/s: 0.00
[ 165s ] thds: 16 tps: 237.11 qps: 4763.16 (r/w/o: 3335.51/941.43/486.22) lat (ms,95%): 81.48 err/s: 0.00 reconn/s: 0.00
[ 166s ] thds: 16 tps: 240.89 qps: 4783.88 (r/w/o: 3345.51/944.58/493.78) lat (ms,95%): 81.48 err/s: 0.00 reconn/s: 0.00
[ 167s ] thds: 16 tps: 239.09 qps: 4766.82 (r/w/o: 3336.27/939.36/491.19) lat (ms,95%): 81.48 err/s: 0.00 reconn/s: 0.00
[ 168s ] thds: 16 tps: 238.79 qps: 4798.73 (r/w/o: 3355.01/952.15/491.56) lat (ms,95%): 80.03 err/s: 0.00 reconn/s: 0.00
[ 169s ] thds: 16 tps: 238.08 qps: 4729.68 (r/w/o: 3311.17/924.33/494.18) lat (ms,95%): 82.96 err/s: 0.00 reconn/s: 0.00
[ 170s ] thds: 16 tps: 239.04 qps: 4778.75 (r/w/o: 3343.53/945.15/490.08) lat (ms,95%): 82.96 err/s: 0.00 reconn/s: 0.00
[ 171s ] thds: 16 tps: 237.01 qps: 4782.27 (r/w/o: 3349.19/945.05/488.03) lat (ms,95%): 80.03 err/s: 0.00 reconn/s: 0.00
[ 172s ] thds: 16 tps: 240.98 qps: 4768.61 (r/w/o: 3333.72/942.92/491.96) lat (ms,95%): 81.48 err/s: 0.00 reconn/s: 0.00
[ 173s ] thds: 16 tps: 232.12 qps: 4689.47 (r/w/o: 3286.73/922.49/480.25) lat (ms,95%): 81.48 err/s: 0.00 reconn/s: 0.00
[ 174s ] thds: 16 tps: 237.85 qps: 4752.98 (r/w/o: 3334.88/930.41/487.69) lat (ms,95%): 81.48 err/s: 0.00 reconn/s: 0.00
[ 175s ] thds: 16 tps: 236.02 qps: 4753.44 (r/w/o: 3328.31/938.09/487.05) lat (ms,95%): 81.48 err/s: 0.00 reconn/s: 0.00
[ 176s ] thds: 16 tps: 238.97 qps: 4769.48 (r/w/o: 3333.64/945.90/489.95) lat (ms,95%): 80.03 err/s: 0.00 reconn/s: 0.00
[ 177s ] thds: 16 tps: 241.15 qps: 4749.88 (r/w/o: 3320.01/936.57/493.30) lat (ms,95%): 81.48 err/s: 0.00 reconn/s: 0.00
[ 178s ] thds: 16 tps: 236.86 qps: 4762.21 (r/w/o: 3335.04/931.45/495.71) lat (ms,95%): 81.48 err/s: 0.00 reconn/s: 0.00
[ 179s ] thds: 16 tps: 235.12 qps: 4736.35 (r/w/o: 3316.65/931.46/488.24) lat (ms,95%): 81.48 err/s: 0.00 reconn/s: 0.00
[ 180s ] thds: 16 tps: 237.92 qps: 4730.47 (r/w/o: 3306.93/932.70/490.84) lat (ms,95%): 82.96 err/s: 0.00 reconn/s: 0.00
[ 181s ] thds: 16 tps: 236.92 qps: 4711.39 (r/w/o: 3295.87/925.68/489.83) lat (ms,95%): 81.48 err/s: 0.00 reconn/s: 0.00
[ 182s ] thds: 16 tps: 235.02 qps: 4737.38 (r/w/o: 3325.27/930.07/482.04) lat (ms,95%): 82.96 err/s: 0.00 reconn/s: 0.00
[ 183s ] thds: 16 tps: 236.98 qps: 4719.51 (r/w/o: 3294.66/937.90/486.95) lat (ms,95%): 81.48 err/s: 0.00 reconn/s: 0.00
[ 184s ] thds: 16 tps: 231.02 qps: 4698.40 (r/w/o: 3296.28/921.08/481.04) lat (ms,95%): 81.48 err/s: 0.00 reconn/s: 0.00
[ 185s ] thds: 16 tps: 241.14 qps: 4745.74 (r/w/o: 3315.91/928.54/501.29) lat (ms,95%): 82.96 err/s: 0.00 reconn/s: 0.00
[ 186s ] thds: 16 tps: 237.92 qps: 4743.40 (r/w/o: 3321.88/927.69/493.83) lat (ms,95%): 80.03 err/s: 0.00 reconn/s: 0.00
[ 187s ] thds: 16 tps: 236.91 qps: 4746.20 (r/w/o: 3319.74/944.64/481.82) lat (ms,95%): 82.96 err/s: 0.00 reconn/s: 0.00
[ 188s ] thds: 16 tps: 233.10 qps: 4713.05 (r/w/o: 3307.44/916.40/489.21) lat (ms,95%): 82.96 err/s: 0.00 reconn/s: 0.00
[ 189s ] thds: 16 tps: 238.90 qps: 4768.09 (r/w/o: 3342.66/930.63/494.80) lat (ms,95%): 81.48 err/s: 0.00 reconn/s: 0.00
[ 190s ] thds: 16 tps: 236.02 qps: 4723.40 (r/w/o: 3299.28/935.08/489.04) lat (ms,95%): 81.48 err/s: 0.00 reconn/s: 0.00
[ 191s ] thds: 16 tps: 237.99 qps: 4744.80 (r/w/o: 3322.86/937.96/483.98) lat (ms,95%): 81.48 err/s: 0.00 reconn/s: 0.00
[ 192s ] thds: 16 tps: 237.15 qps: 4765.08 (r/w/o: 3331.15/940.61/493.32) lat (ms,95%): 82.96 err/s: 0.00 reconn/s: 0.00
[ 193s ] thds: 16 tps: 238.99 qps: 4755.78 (r/w/o: 3332.85/930.96/491.98) lat (ms,95%): 81.48 err/s: 0.00 reconn/s: 0.00
[ 194s ] thds: 16 tps: 239.03 qps: 4755.60 (r/w/o: 3326.42/934.12/495.06) lat (ms,95%): 80.03 err/s: 0.00 reconn/s: 0.00
[ 195s ] thds: 16 tps: 237.89 qps: 4752.70 (r/w/o: 3320.40/948.54/483.77) lat (ms,95%): 80.03 err/s: 0.00 reconn/s: 0.00
[ 196s ] thds: 16 tps: 235.10 qps: 4735.09 (r/w/o: 3328.47/922.41/484.21) lat (ms,95%): 81.48 err/s: 0.00 reconn/s: 0.00
[ 197s ] thds: 16 tps: 238.89 qps: 4793.70 (r/w/o: 3353.39/947.54/492.76) lat (ms,95%): 81.48 err/s: 0.00 reconn/s: 0.00
[ 198s ] thds: 16 tps: 238.10 qps: 4770.98 (r/w/o: 3342.38/938.39/490.20) lat (ms,95%): 82.96 err/s: 0.00 reconn/s: 0.00
[ 199s ] thds: 16 tps: 241.00 qps: 4770.93 (r/w/o: 3334.95/935.99/499.99) lat (ms,95%): 81.48 err/s: 0.00 reconn/s: 0.00
[ 200s ] thds: 16 tps: 236.88 qps: 4792.59 (r/w/o: 3360.31/938.53/493.75) lat (ms,95%): 81.48 err/s: 0.00 reconn/s: 0.00
[ 201s ] thds: 16 tps: 240.96 qps: 4774.11 (r/w/o: 3332.38/945.82/495.91) lat (ms,95%): 82.96 err/s: 0.00 reconn/s: 0.00
[ 202s ] thds: 16 tps: 238.15 qps: 4758.97 (r/w/o: 3325.07/936.58/497.31) lat (ms,95%): 81.48 err/s: 0.00 reconn/s: 0.00
[ 203s ] thds: 16 tps: 235.04 qps: 4750.86 (r/w/o: 3338.61/929.17/483.09) lat (ms,95%): 81.48 err/s: 0.00 reconn/s: 0.00
[ 204s ] thds: 16 tps: 241.84 qps: 4796.84 (r/w/o: 3353.79/943.38/499.67) lat (ms,95%): 80.03 err/s: 0.00 reconn/s: 0.00
[ 205s ] thds: 16 tps: 238.99 qps: 4809.79 (r/w/o: 3373.85/943.96/491.98) lat (ms,95%): 80.03 err/s: 0.00 reconn/s: 0.00
[ 206s ] thds: 16 tps: 238.16 qps: 4754.10 (r/w/o: 3321.16/947.62/485.32) lat (ms,95%): 81.48 err/s: 0.00 reconn/s: 0.00
[ 207s ] thds: 16 tps: 238.85 qps: 4758.93 (r/w/o: 3332.85/933.40/492.68) lat (ms,95%): 81.48 err/s: 0.00 reconn/s: 0.00
[ 208s ] thds: 16 tps: 239.17 qps: 4789.31 (r/w/o: 3353.32/938.65/497.34) lat (ms,95%): 81.48 err/s: 0.00 reconn/s: 0.00
[ 209s ] thds: 16 tps: 236.83 qps: 4739.53 (r/w/o: 3317.57/935.31/486.64) lat (ms,95%): 82.96 err/s: 0.00 reconn/s: 0.00
[ 210s ] thds: 16 tps: 238.17 qps: 4775.38 (r/w/o: 3342.37/941.67/491.35) lat (ms,95%): 82.96 err/s: 0.00 reconn/s: 0.00
[ 211s ] thds: 16 tps: 238.99 qps: 4764.83 (r/w/o: 3333.88/935.97/494.98) lat (ms,95%): 81.48 err/s: 0.00 reconn/s: 0.00
[ 212s ] thds: 16 tps: 236.01 qps: 4745.22 (r/w/o: 3327.16/931.04/487.02) lat (ms,95%): 82.96 err/s: 0.00 reconn/s: 0.00
[ 213s ] thds: 16 tps: 237.82 qps: 4725.39 (r/w/o: 3302.48/931.29/491.62) lat (ms,95%): 82.96 err/s: 0.00 reconn/s: 0.00
[ 214s ] thds: 16 tps: 237.99 qps: 4747.85 (r/w/o: 3322.90/934.97/489.98) lat (ms,95%): 81.48 err/s: 0.00 reconn/s: 0.00
[ 215s ] thds: 16 tps: 239.17 qps: 4785.36 (r/w/o: 3345.35/949.67/490.34) lat (ms,95%): 81.48 err/s: 0.00 reconn/s: 0.00
[ 216s ] thds: 16 tps: 233.01 qps: 4688.18 (r/w/o: 3292.13/923.04/473.02) lat (ms,95%): 81.48 err/s: 0.00 reconn/s: 0.00
[ 217s ] thds: 16 tps: 236.83 qps: 4734.52 (r/w/o: 3309.57/933.31/491.64) lat (ms,95%): 82.96 err/s: 0.00 reconn/s: 0.00
[ 218s ] thds: 16 tps: 238.01 qps: 4740.28 (r/w/o: 3318.20/931.05/491.03) lat (ms,95%): 82.96 err/s: 0.00 reconn/s: 0.00
[ 219s ] thds: 16 tps: 235.99 qps: 4738.74 (r/w/o: 3321.82/933.95/482.97) lat (ms,95%): 82.96 err/s: 0.00 reconn/s: 0.00
[ 220s ] thds: 16 tps: 237.06 qps: 4769.30 (r/w/o: 3331.91/943.26/494.13) lat (ms,95%): 80.03 err/s: 0.00 reconn/s: 0.00
[ 221s ] thds: 16 tps: 239.11 qps: 4770.22 (r/w/o: 3342.55/933.43/494.23) lat (ms,95%): 80.03 err/s: 0.00 reconn/s: 0.00
[ 222s ] thds: 16 tps: 234.98 qps: 4659.68 (r/w/o: 3259.77/916.94/482.97) lat (ms,95%): 84.47 err/s: 0.00 reconn/s: 0.00
[ 223s ] thds: 16 tps: 233.01 qps: 4721.21 (r/w/o: 3317.14/917.04/487.02) lat (ms,95%): 82.96 err/s: 0.00 reconn/s: 0.00
[ 224s ] thds: 16 tps: 237.00 qps: 4722.00 (r/w/o: 3293.00/938.00/491.00) lat (ms,95%): 81.48 err/s: 0.00 reconn/s: 0.00
[ 225s ] thds: 16 tps: 238.95 qps: 4762.00 (r/w/o: 3337.30/931.81/492.90) lat (ms,95%): 81.48 err/s: 0.00 reconn/s: 0.00
[ 226s ] thds: 16 tps: 238.03 qps: 4743.65 (r/w/o: 3308.45/940.13/495.07) lat (ms,95%): 81.48 err/s: 0.00 reconn/s: 0.00
[ 227s ] thds: 16 tps: 236.87 qps: 4743.43 (r/w/o: 3332.20/924.50/486.74) lat (ms,95%): 81.48 err/s: 0.00 reconn/s: 0.00
[ 228s ] thds: 16 tps: 238.97 qps: 4777.33 (r/w/o: 3343.53/936.87/496.93) lat (ms,95%): 81.48 err/s: 0.00 reconn/s: 0.00
[ 229s ] thds: 16 tps: 238.19 qps: 4734.86 (r/w/o: 3309.70/929.76/495.40) lat (ms,95%): 81.48 err/s: 0.00 reconn/s: 0.00
[ 230s ] thds: 16 tps: 235.81 qps: 4732.29 (r/w/o: 3314.40/930.27/487.62) lat (ms,95%): 81.48 err/s: 0.00 reconn/s: 0.00
[ 231s ] thds: 16 tps: 240.16 qps: 4764.25 (r/w/o: 3327.27/945.65/491.34) lat (ms,95%): 81.48 err/s: 0.00 reconn/s: 0.00
[ 232s ] thds: 16 tps: 234.99 qps: 4742.84 (r/w/o: 3321.89/930.97/489.98) lat (ms,95%): 81.48 err/s: 0.00 reconn/s: 0.00
[ 233s ] thds: 16 tps: 238.01 qps: 4770.29 (r/w/o: 3341.20/939.06/490.03) lat (ms,95%): 81.48 err/s: 0.00 reconn/s: 0.00
[ 234s ] thds: 16 tps: 234.91 qps: 4713.22 (r/w/o: 3303.75/927.65/481.82) lat (ms,95%): 82.96 err/s: 0.00 reconn/s: 0.00
[ 235s ] thds: 16 tps: 239.11 qps: 4747.18 (r/w/o: 3320.53/938.43/488.22) lat (ms,95%): 81.48 err/s: 0.00 reconn/s: 0.00
[ 236s ] thds: 16 tps: 236.00 qps: 4746.90 (r/w/o: 3325.93/930.98/489.99) lat (ms,95%): 81.48 err/s: 0.00 reconn/s: 0.00
[ 237s ] thds: 16 tps: 238.97 qps: 4768.32 (r/w/o: 3331.53/947.86/488.93) lat (ms,95%): 82.96 err/s: 0.00 reconn/s: 0.00
[ 238s ] thds: 16 tps: 237.04 qps: 4756.78 (r/w/o: 3341.55/928.15/487.08) lat (ms,95%): 82.96 err/s: 0.00 reconn/s: 0.00
[ 239s ] thds: 16 tps: 234.79 qps: 4685.76 (r/w/o: 3269.04/936.15/480.56) lat (ms,95%): 82.96 err/s: 0.00 reconn/s: 0.00
[ 240s ] thds: 16 tps: 238.02 qps: 4756.30 (r/w/o: 3330.21/931.06/495.03) lat (ms,95%): 81.48 err/s: 0.00 reconn/s: 0.00
Latency histogram (values are in milliseconds)
       value  ------------- distribution ------------- count
      49.213 |                                         2
      50.107 |                                         8
      51.018 |                                         21
      51.945 |*                                        62
      52.889 |**                                       143
      53.850 |****                                     320
      54.828 |******                                   562
      55.824 |***********                              962
      56.839 |*****************                        1491
      57.871 |***********************                  2109
      58.923 |******************************           2665
      59.993 |***********************************      3139
      61.083 |**************************************   3436
      62.193 |**************************************** 3573
      63.323 |**************************************** 3593
      64.474 |************************************     3275
      65.645 |***********************************      3145
      66.838 |***********************************      3150
      68.053 |***********************************      3139
      69.289 |***********************************      3178
      70.548 |***********************************      3148
      71.830 |********************************         2882
      73.135 |***************************              2445
      74.464 |***********************                  2062
      75.817 |******************                       1583
      77.194 |**************                           1271
      78.597 |***********                              1020
      80.025 |***********                              1032
      81.479 |************                             1115
      82.959 |***********                              1005
      84.467 |********                                 748
      86.002 |*****                                    491
      87.564 |**                                       208
      89.155 |*                                        70
      90.775 |                                         37
      92.424 |                                         18
      94.104 |                                         9
      95.814 |                                         5
      97.555 |                                         2
      99.327 |                                         2
 
SQL statistics:
    queries performed:
        read:                            799617
        write:                           224824
        other:                           117909
        total:                           1142350
    transactions:                        57126  (237.93 per sec.)
    queries:                             1142350 (4757.88 per sec.)
    ignored errors:                      0      (0.00 per sec.)
    reconnects:                          0      (0.00 per sec.)

Throughput:
    events/s (eps):                      237.9293
    time elapsed:                        240.0967s
    total number of events:              57126

Latency (ms):
         min:                                   49.12
         avg:                                   67.24
         max:                                  100.16
         95th percentile:                       81.48
         sum:                              3841021.54

Threads fairness:
    events (avg/stddev):           3570.3750/355.01
    execution time (avg/stddev):   240.0638/0.03

