sysbench 1.1.0-3ceba0b (using bundled LuaJIT 2.1.0-beta3)

Running the test with following options:
Number of threads: 64
Warmup time: 60s
Report intermediate results every 1 second(s)
Initializing random number generator from current time


Initializing worker threads...

Threads started!

Warming up for 60 seconds...

[ 1s ] thds: 64 tps: 806.16 qps: 4839.37 (r/w/o: 0.00/3172.64/1666.73) lat (ms,95%): 211.60 err/s: 0.00 reconn/s: 0.00
[ 2s ] thds: 64 tps: 507.12 qps: 3076.70 (r/w/o: 0.00/2030.46/1046.24) lat (ms,95%): 215.44 err/s: 0.00 reconn/s: 0.00
[ 3s ] thds: 64 tps: 520.90 qps: 3106.38 (r/w/o: 0.00/2038.59/1067.79) lat (ms,95%): 211.60 err/s: 0.00 reconn/s: 0.00
[ 4s ] thds: 64 tps: 519.79 qps: 3111.76 (r/w/o: 0.00/2046.19/1065.58) lat (ms,95%): 207.82 err/s: 0.00 reconn/s: 0.00
[ 5s ] thds: 64 tps: 522.12 qps: 3116.71 (r/w/o: 0.00/2027.46/1089.25) lat (ms,95%): 211.60 err/s: 0.00 reconn/s: 0.00
[ 6s ] thds: 64 tps: 505.91 qps: 3067.45 (r/w/o: 0.00/2021.64/1045.81) lat (ms,95%): 211.60 err/s: 0.00 reconn/s: 0.00
[ 7s ] thds: 64 tps: 522.33 qps: 3134.99 (r/w/o: 0.00/2050.30/1084.69) lat (ms,95%): 204.11 err/s: 0.00 reconn/s: 0.00
[ 8s ] thds: 64 tps: 521.90 qps: 3154.37 (r/w/o: 0.00/2074.58/1079.78) lat (ms,95%): 193.38 err/s: 0.00 reconn/s: 0.00
[ 9s ] thds: 64 tps: 517.84 qps: 3077.04 (r/w/o: 0.00/2010.37/1066.67) lat (ms,95%): 196.89 err/s: 0.00 reconn/s: 0.00
[ 10s ] thds: 64 tps: 521.09 qps: 3094.51 (r/w/o: 0.00/2025.34/1069.18) lat (ms,95%): 207.82 err/s: 0.00 reconn/s: 0.00
[ 11s ] thds: 64 tps: 519.03 qps: 3154.19 (r/w/o: 0.00/2079.12/1075.06) lat (ms,95%): 204.11 err/s: 0.00 reconn/s: 0.00
[ 12s ] thds: 64 tps: 515.92 qps: 3081.54 (r/w/o: 0.00/2021.70/1059.84) lat (ms,95%): 204.11 err/s: 0.00 reconn/s: 0.00
[ 13s ] thds: 64 tps: 520.15 qps: 3134.89 (r/w/o: 0.00/2060.58/1074.30) lat (ms,95%): 215.44 err/s: 0.00 reconn/s: 0.00
[ 14s ] thds: 64 tps: 521.06 qps: 3106.33 (r/w/o: 0.00/2026.22/1080.12) lat (ms,95%): 207.82 err/s: 0.00 reconn/s: 0.00
[ 15s ] thds: 64 tps: 515.91 qps: 3103.45 (r/w/o: 0.00/2031.64/1071.81) lat (ms,95%): 207.82 err/s: 0.00 reconn/s: 0.00
[ 16s ] thds: 64 tps: 517.82 qps: 3117.91 (r/w/o: 0.00/2060.28/1057.63) lat (ms,95%): 204.11 err/s: 0.00 reconn/s: 0.00
[ 17s ] thds: 64 tps: 519.98 qps: 3068.86 (r/w/o: 0.00/2005.91/1062.95) lat (ms,95%): 211.60 err/s: 0.00 reconn/s: 0.00
[ 18s ] thds: 64 tps: 507.12 qps: 3079.73 (r/w/o: 0.00/2024.48/1055.25) lat (ms,95%): 207.82 err/s: 0.00 reconn/s: 0.00
[ 19s ] thds: 64 tps: 521.20 qps: 3145.20 (r/w/o: 0.00/2073.79/1071.41) lat (ms,95%): 204.11 err/s: 0.00 reconn/s: 0.00
[ 20s ] thds: 64 tps: 548.59 qps: 3281.52 (r/w/o: 0.00/2141.38/1140.14) lat (ms,95%): 155.80 err/s: 0.00 reconn/s: 0.00
[ 21s ] thds: 64 tps: 547.21 qps: 3280.27 (r/w/o: 0.00/2161.84/1118.43) lat (ms,95%): 155.80 err/s: 0.00 reconn/s: 0.00
[ 22s ] thds: 64 tps: 520.02 qps: 3112.10 (r/w/o: 0.00/2038.06/1074.03) lat (ms,95%): 179.94 err/s: 0.00 reconn/s: 0.00
[ 23s ] thds: 64 tps: 483.97 qps: 2953.81 (r/w/o: 0.00/1963.87/989.94) lat (ms,95%): 344.08 err/s: 0.00 reconn/s: 0.00
[ 24s ] thds: 64 tps: 490.89 qps: 2907.33 (r/w/o: 0.00/1892.56/1014.76) lat (ms,95%): 356.70 err/s: 0.00 reconn/s: 0.00
[ 25s ] thds: 64 tps: 511.22 qps: 3025.30 (r/w/o: 0.00/1971.85/1053.45) lat (ms,95%): 344.08 err/s: 0.00 reconn/s: 0.00
[ 26s ] thds: 64 tps: 507.92 qps: 3088.50 (r/w/o: 0.00/2036.67/1051.83) lat (ms,95%): 186.54 err/s: 0.00 reconn/s: 0.00
[ 27s ] thds: 64 tps: 501.09 qps: 3048.57 (r/w/o: 0.00/2017.38/1031.19) lat (ms,95%): 153.02 err/s: 0.00 reconn/s: 0.00
[ 28s ] thds: 64 tps: 504.02 qps: 3037.10 (r/w/o: 0.00/1997.07/1040.03) lat (ms,95%): 155.80 err/s: 0.00 reconn/s: 0.00
[ 29s ] thds: 64 tps: 500.00 qps: 2931.98 (r/w/o: 0.00/1894.99/1036.99) lat (ms,95%): 161.51 err/s: 0.00 reconn/s: 0.00
[ 30s ] thds: 64 tps: 533.89 qps: 3218.35 (r/w/o: 0.00/2107.57/1110.78) lat (ms,95%): 167.44 err/s: 0.00 reconn/s: 0.00
[ 31s ] thds: 64 tps: 516.11 qps: 3098.63 (r/w/o: 0.00/2029.41/1069.22) lat (ms,95%): 227.40 err/s: 0.00 reconn/s: 0.00
[ 32s ] thds: 64 tps: 519.85 qps: 3097.13 (r/w/o: 0.00/2021.43/1075.70) lat (ms,95%): 170.48 err/s: 0.00 reconn/s: 0.00
[ 33s ] thds: 64 tps: 525.16 qps: 3144.96 (r/w/o: 0.00/2054.63/1090.33) lat (ms,95%): 167.44 err/s: 0.00 reconn/s: 0.00
[ 34s ] thds: 64 tps: 516.88 qps: 3110.26 (r/w/o: 0.00/2039.51/1070.74) lat (ms,95%): 179.94 err/s: 0.00 reconn/s: 0.00
[ 35s ] thds: 64 tps: 510.96 qps: 3065.78 (r/w/o: 0.00/2011.85/1053.92) lat (ms,95%): 183.21 err/s: 0.00 reconn/s: 0.00
[ 36s ] thds: 64 tps: 508.14 qps: 3081.83 (r/w/o: 0.00/2043.55/1038.28) lat (ms,95%): 189.93 err/s: 0.00 reconn/s: 0.00
[ 37s ] thds: 64 tps: 510.98 qps: 3062.89 (r/w/o: 0.00/2000.93/1061.96) lat (ms,95%): 186.54 err/s: 0.00 reconn/s: 0.00
[ 38s ] thds: 64 tps: 544.86 qps: 3262.16 (r/w/o: 0.00/2139.45/1122.71) lat (ms,95%): 176.73 err/s: 0.00 reconn/s: 0.00
[ 39s ] thds: 64 tps: 549.92 qps: 3266.52 (r/w/o: 0.00/2134.69/1131.83) lat (ms,95%): 186.54 err/s: 0.00 reconn/s: 0.00
[ 40s ] thds: 64 tps: 527.11 qps: 3226.68 (r/w/o: 0.00/2139.45/1087.23) lat (ms,95%): 173.58 err/s: 0.00 reconn/s: 0.00
[ 41s ] thds: 64 tps: 534.17 qps: 3149.01 (r/w/o: 0.00/2043.65/1105.35) lat (ms,95%): 176.73 err/s: 0.00 reconn/s: 0.00
[ 42s ] thds: 64 tps: 522.01 qps: 3192.09 (r/w/o: 0.00/2117.06/1075.03) lat (ms,95%): 170.48 err/s: 0.00 reconn/s: 0.00
[ 43s ] thds: 64 tps: 531.03 qps: 3124.20 (r/w/o: 0.00/2019.13/1105.07) lat (ms,95%): 167.44 err/s: 0.00 reconn/s: 0.00
[ 44s ] thds: 64 tps: 516.79 qps: 3137.73 (r/w/o: 0.00/2062.17/1075.57) lat (ms,95%): 167.44 err/s: 0.00 reconn/s: 0.00
[ 45s ] thds: 64 tps: 511.09 qps: 3034.54 (r/w/o: 0.00/1971.35/1063.19) lat (ms,95%): 189.93 err/s: 0.00 reconn/s: 0.00
[ 46s ] thds: 64 tps: 509.90 qps: 3085.42 (r/w/o: 0.00/2039.62/1045.80) lat (ms,95%): 189.93 err/s: 0.00 reconn/s: 0.00
[ 47s ] thds: 64 tps: 528.05 qps: 3152.28 (r/w/o: 0.00/2062.18/1090.10) lat (ms,95%): 186.54 err/s: 0.00 reconn/s: 0.00
[ 48s ] thds: 64 tps: 522.03 qps: 3113.16 (r/w/o: 0.00/2039.11/1074.06) lat (ms,95%): 189.93 err/s: 0.00 reconn/s: 0.00
[ 49s ] thds: 64 tps: 474.93 qps: 2868.60 (r/w/o: 0.00/1885.73/982.86) lat (ms,95%): 442.73 err/s: 0.00 reconn/s: 0.00
[ 50s ] thds: 64 tps: 487.00 qps: 2908.98 (r/w/o: 0.00/1901.99/1006.99) lat (ms,95%): 442.73 err/s: 0.00 reconn/s: 0.00
[ 51s ] thds: 64 tps: 496.21 qps: 2972.28 (r/w/o: 0.00/1950.84/1021.44) lat (ms,95%): 427.07 err/s: 0.00 reconn/s: 0.00
[ 52s ] thds: 64 tps: 530.63 qps: 3191.75 (r/w/o: 0.00/2091.53/1100.22) lat (ms,95%): 189.93 err/s: 0.00 reconn/s: 0.00
[ 53s ] thds: 64 tps: 542.10 qps: 3244.61 (r/w/o: 0.00/2111.40/1133.21) lat (ms,95%): 179.94 err/s: 0.00 reconn/s: 0.00
[ 54s ] thds: 64 tps: 531.31 qps: 3193.83 (r/w/o: 0.00/2096.20/1097.63) lat (ms,95%): 179.94 err/s: 0.00 reconn/s: 0.00
[ 55s ] thds: 64 tps: 522.71 qps: 3156.22 (r/w/o: 0.00/2071.83/1084.39) lat (ms,95%): 183.21 err/s: 0.00 reconn/s: 0.00
[ 56s ] thds: 64 tps: 531.15 qps: 3167.91 (r/w/o: 0.00/2067.59/1100.32) lat (ms,95%): 176.73 err/s: 0.00 reconn/s: 0.00
[ 57s ] thds: 64 tps: 528.11 qps: 3213.68 (r/w/o: 0.00/2132.45/1081.23) lat (ms,95%): 170.48 err/s: 0.00 reconn/s: 0.00
[ 58s ] thds: 64 tps: 529.87 qps: 3169.23 (r/w/o: 0.00/2068.50/1100.73) lat (ms,95%): 167.44 err/s: 0.00 reconn/s: 0.00
[ 59s ] thds: 64 tps: 522.91 qps: 3105.49 (r/w/o: 0.00/2007.67/1097.82) lat (ms,95%): 170.48 err/s: 0.00 reconn/s: 0.00
[ 60s ] thds: 64 tps: 540.22 qps: 3227.34 (r/w/o: 0.00/2116.88/1110.46) lat (ms,95%): 158.63 err/s: 0.00 reconn/s: 0.00
[ 61s ] thds: 64 tps: 534.00 qps: 3220.97 (r/w/o: 0.00/2123.98/1096.99) lat (ms,95%): 161.51 err/s: 0.00 reconn/s: 0.00
[ 62s ] thds: 64 tps: 526.86 qps: 3158.19 (r/w/o: 0.00/2068.47/1089.72) lat (ms,95%): 164.45 err/s: 0.00 reconn/s: 0.00
[ 63s ] thds: 64 tps: 507.13 qps: 3049.76 (r/w/o: 0.00/2011.50/1038.26) lat (ms,95%): 170.48 err/s: 0.00 reconn/s: 0.00
[ 64s ] thds: 64 tps: 508.99 qps: 3044.93 (r/w/o: 0.00/2003.96/1040.98) lat (ms,95%): 170.48 err/s: 0.00 reconn/s: 0.00
[ 65s ] thds: 64 tps: 515.91 qps: 3114.47 (r/w/o: 0.00/2051.65/1062.82) lat (ms,95%): 170.48 err/s: 0.00 reconn/s: 0.00
[ 66s ] thds: 64 tps: 519.10 qps: 3146.61 (r/w/o: 0.00/2071.40/1075.21) lat (ms,95%): 167.44 err/s: 0.00 reconn/s: 0.00
[ 67s ] thds: 64 tps: 518.80 qps: 3097.82 (r/w/o: 0.00/2029.23/1068.59) lat (ms,95%): 186.54 err/s: 0.00 reconn/s: 0.00
[ 68s ] thds: 64 tps: 512.85 qps: 3058.11 (r/w/o: 0.00/2006.42/1051.69) lat (ms,95%): 189.93 err/s: 0.00 reconn/s: 0.00
[ 69s ] thds: 64 tps: 516.10 qps: 3118.62 (r/w/o: 0.00/2050.41/1068.21) lat (ms,95%): 186.54 err/s: 0.00 reconn/s: 0.00
[ 70s ] thds: 64 tps: 517.83 qps: 3120.00 (r/w/o: 0.00/2050.34/1069.66) lat (ms,95%): 189.93 err/s: 0.00 reconn/s: 0.00
[ 71s ] thds: 64 tps: 524.23 qps: 3090.35 (r/w/o: 0.00/2008.88/1081.47) lat (ms,95%): 189.93 err/s: 0.00 reconn/s: 0.00
[ 72s ] thds: 64 tps: 512.18 qps: 3094.07 (r/w/o: 0.00/2035.70/1058.37) lat (ms,95%): 189.93 err/s: 0.00 reconn/s: 0.00
[ 73s ] thds: 64 tps: 522.70 qps: 3140.17 (r/w/o: 0.00/2062.80/1077.37) lat (ms,95%): 186.54 err/s: 0.00 reconn/s: 0.00
[ 74s ] thds: 64 tps: 524.08 qps: 3165.51 (r/w/o: 0.00/2085.33/1080.17) lat (ms,95%): 183.21 err/s: 0.00 reconn/s: 0.00
[ 75s ] thds: 64 tps: 534.21 qps: 3218.28 (r/w/o: 0.00/2119.84/1098.44) lat (ms,95%): 179.94 err/s: 0.00 reconn/s: 0.00
[ 76s ] thds: 64 tps: 526.59 qps: 3087.58 (r/w/o: 0.00/2002.43/1085.15) lat (ms,95%): 186.54 err/s: 0.00 reconn/s: 0.00
[ 77s ] thds: 64 tps: 498.19 qps: 3028.16 (r/w/o: 0.00/1993.76/1034.40) lat (ms,95%): 193.38 err/s: 0.00 reconn/s: 0.00
[ 78s ] thds: 64 tps: 521.23 qps: 3076.36 (r/w/o: 0.00/1994.88/1081.48) lat (ms,95%): 186.54 err/s: 0.00 reconn/s: 0.00
[ 79s ] thds: 64 tps: 517.64 qps: 3153.84 (r/w/o: 0.00/2077.57/1076.26) lat (ms,95%): 153.02 err/s: 0.00 reconn/s: 0.00
[ 80s ] thds: 64 tps: 518.11 qps: 3093.66 (r/w/o: 0.00/2027.43/1066.23) lat (ms,95%): 155.80 err/s: 0.00 reconn/s: 0.00
[ 81s ] thds: 64 tps: 516.23 qps: 3076.36 (r/w/o: 0.00/2022.90/1053.47) lat (ms,95%): 155.80 err/s: 0.00 reconn/s: 0.00
[ 82s ] thds: 64 tps: 513.83 qps: 3104.96 (r/w/o: 0.00/2036.32/1068.64) lat (ms,95%): 155.80 err/s: 0.00 reconn/s: 0.00
[ 83s ] thds: 64 tps: 515.96 qps: 3109.73 (r/w/o: 0.00/2044.82/1064.91) lat (ms,95%): 158.63 err/s: 0.00 reconn/s: 0.00
[ 84s ] thds: 64 tps: 543.25 qps: 3232.49 (r/w/o: 0.00/2119.97/1112.51) lat (ms,95%): 153.02 err/s: 0.00 reconn/s: 0.00
[ 85s ] thds: 64 tps: 513.73 qps: 3106.38 (r/w/o: 0.00/2043.94/1062.45) lat (ms,95%): 158.63 err/s: 0.00 reconn/s: 0.00
[ 86s ] thds: 64 tps: 507.96 qps: 3091.78 (r/w/o: 0.00/2055.86/1035.93) lat (ms,95%): 164.45 err/s: 0.00 reconn/s: 0.00
[ 87s ] thds: 64 tps: 517.28 qps: 3068.68 (r/w/o: 0.00/2000.10/1068.59) lat (ms,95%): 158.63 err/s: 0.00 reconn/s: 0.00
[ 88s ] thds: 64 tps: 525.96 qps: 3106.75 (r/w/o: 0.00/2016.84/1089.91) lat (ms,95%): 158.63 err/s: 0.00 reconn/s: 0.00
[ 89s ] thds: 64 tps: 510.98 qps: 3112.90 (r/w/o: 0.00/2057.93/1054.97) lat (ms,95%): 153.02 err/s: 0.00 reconn/s: 0.00
[ 90s ] thds: 64 tps: 514.94 qps: 3090.64 (r/w/o: 0.00/2026.77/1063.88) lat (ms,95%): 158.63 err/s: 0.00 reconn/s: 0.00
[ 91s ] thds: 64 tps: 520.91 qps: 3085.49 (r/w/o: 0.00/2016.67/1068.82) lat (ms,95%): 155.80 err/s: 0.00 reconn/s: 0.00
[ 92s ] thds: 64 tps: 524.24 qps: 3176.45 (r/w/o: 0.00/2091.95/1084.49) lat (ms,95%): 155.80 err/s: 0.00 reconn/s: 0.00
[ 93s ] thds: 64 tps: 530.63 qps: 3173.78 (r/w/o: 0.00/2085.54/1088.24) lat (ms,95%): 153.02 err/s: 0.00 reconn/s: 0.00
[ 94s ] thds: 64 tps: 503.15 qps: 3040.91 (r/w/o: 0.00/1998.60/1042.31) lat (ms,95%): 164.45 err/s: 0.00 reconn/s: 0.00
[ 95s ] thds: 64 tps: 510.96 qps: 3064.73 (r/w/o: 0.00/2014.83/1049.91) lat (ms,95%): 173.58 err/s: 0.00 reconn/s: 0.00
[ 96s ] thds: 64 tps: 523.99 qps: 3113.95 (r/w/o: 0.00/2034.97/1078.98) lat (ms,95%): 158.63 err/s: 0.00 reconn/s: 0.00
[ 97s ] thds: 64 tps: 517.84 qps: 3129.05 (r/w/o: 0.00/2057.38/1071.67) lat (ms,95%): 153.02 err/s: 0.00 reconn/s: 0.00
[ 98s ] thds: 64 tps: 523.34 qps: 3132.02 (r/w/o: 0.00/2056.33/1075.69) lat (ms,95%): 158.63 err/s: 0.00 reconn/s: 0.00
[ 99s ] thds: 64 tps: 500.09 qps: 2989.51 (r/w/o: 0.00/1955.33/1034.18) lat (ms,95%): 235.74 err/s: 0.00 reconn/s: 0.00
[ 100s ] thds: 64 tps: 496.96 qps: 2975.78 (r/w/o: 0.00/1946.86/1028.93) lat (ms,95%): 235.74 err/s: 0.00 reconn/s: 0.00
[ 101s ] thds: 64 tps: 518.73 qps: 3146.36 (r/w/o: 0.00/2082.91/1063.44) lat (ms,95%): 240.02 err/s: 0.00 reconn/s: 0.00
[ 102s ] thds: 64 tps: 530.95 qps: 3151.70 (r/w/o: 0.00/2039.81/1111.89) lat (ms,95%): 219.36 err/s: 0.00 reconn/s: 0.00
[ 103s ] thds: 64 tps: 505.03 qps: 3038.16 (r/w/o: 0.00/2002.10/1036.05) lat (ms,95%): 287.38 err/s: 0.00 reconn/s: 0.00
[ 104s ] thds: 64 tps: 505.06 qps: 3020.35 (r/w/o: 0.00/1972.23/1048.12) lat (ms,95%): 292.60 err/s: 0.00 reconn/s: 0.00
[ 105s ] thds: 64 tps: 513.18 qps: 3088.06 (r/w/o: 0.00/2015.69/1072.37) lat (ms,95%): 292.60 err/s: 0.00 reconn/s: 0.00
[ 106s ] thds: 64 tps: 526.61 qps: 3139.70 (r/w/o: 0.00/2042.50/1097.20) lat (ms,95%): 153.02 err/s: 0.00 reconn/s: 0.00
[ 107s ] thds: 64 tps: 527.14 qps: 3206.83 (r/w/o: 0.00/2123.55/1083.28) lat (ms,95%): 147.61 err/s: 0.00 reconn/s: 0.00
[ 108s ] thds: 64 tps: 525.07 qps: 3137.45 (r/w/o: 0.00/2050.29/1087.15) lat (ms,95%): 147.61 err/s: 0.00 reconn/s: 0.00
[ 109s ] thds: 64 tps: 528.96 qps: 3122.77 (r/w/o: 0.00/2040.85/1081.92) lat (ms,95%): 150.29 err/s: 0.00 reconn/s: 0.00
[ 110s ] thds: 64 tps: 758.98 qps: 4610.88 (r/w/o: 0.00/3046.92/1563.96) lat (ms,95%): 150.29 err/s: 0.00 reconn/s: 0.00
[ 111s ] thds: 64 tps: 857.94 qps: 5120.67 (r/w/o: 0.00/3350.78/1769.88) lat (ms,95%): 147.61 err/s: 0.00 reconn/s: 0.00
[ 112s ] thds: 64 tps: 851.98 qps: 5139.91 (r/w/o: 0.00/3375.94/1763.97) lat (ms,95%): 150.29 err/s: 0.00 reconn/s: 0.00
[ 113s ] thds: 64 tps: 859.53 qps: 5127.15 (r/w/o: 0.00/3342.06/1785.10) lat (ms,95%): 150.29 err/s: 0.00 reconn/s: 0.00
[ 114s ] thds: 64 tps: 854.58 qps: 5147.50 (r/w/o: 0.00/3373.36/1774.14) lat (ms,95%): 147.61 err/s: 0.00 reconn/s: 0.00
[ 115s ] thds: 64 tps: 569.00 qps: 3377.02 (r/w/o: 0.00/2210.02/1167.01) lat (ms,95%): 155.80 err/s: 0.00 reconn/s: 0.00
[ 116s ] thds: 64 tps: 519.77 qps: 3190.60 (r/w/o: 0.00/2106.07/1084.52) lat (ms,95%): 158.63 err/s: 0.00 reconn/s: 0.00
[ 117s ] thds: 64 tps: 535.23 qps: 3183.37 (r/w/o: 0.00/2085.90/1097.47) lat (ms,95%): 179.94 err/s: 0.00 reconn/s: 0.00
[ 118s ] thds: 64 tps: 524.14 qps: 3159.84 (r/w/o: 0.00/2075.55/1084.29) lat (ms,95%): 158.63 err/s: 0.00 reconn/s: 0.00
[ 119s ] thds: 64 tps: 528.88 qps: 3156.30 (r/w/o: 0.00/2057.54/1098.76) lat (ms,95%): 176.73 err/s: 0.00 reconn/s: 0.00
[ 120s ] thds: 64 tps: 519.21 qps: 3105.25 (r/w/o: 0.00/2027.82/1077.43) lat (ms,95%): 164.45 err/s: 0.00 reconn/s: 0.00
[ 121s ] thds: 64 tps: 508.79 qps: 3090.75 (r/w/o: 0.00/2047.17/1043.58) lat (ms,95%): 164.45 err/s: 0.00 reconn/s: 0.00
[ 122s ] thds: 64 tps: 521.82 qps: 3106.94 (r/w/o: 0.00/2031.31/1075.63) lat (ms,95%): 167.44 err/s: 0.00 reconn/s: 0.00
[ 123s ] thds: 64 tps: 524.21 qps: 3107.22 (r/w/o: 0.00/2033.80/1073.42) lat (ms,95%): 164.45 err/s: 0.00 reconn/s: 0.00
[ 124s ] thds: 64 tps: 516.12 qps: 3146.73 (r/w/o: 0.00/2077.48/1069.25) lat (ms,95%): 164.45 err/s: 0.00 reconn/s: 0.00
[ 125s ] thds: 64 tps: 509.69 qps: 3090.13 (r/w/o: 0.00/2033.77/1056.36) lat (ms,95%): 164.45 err/s: 0.00 reconn/s: 0.00
[ 126s ] thds: 64 tps: 518.13 qps: 3062.75 (r/w/o: 0.00/2000.49/1062.26) lat (ms,95%): 167.44 err/s: 0.00 reconn/s: 0.00
[ 127s ] thds: 64 tps: 527.86 qps: 3156.15 (r/w/o: 0.00/2063.44/1092.70) lat (ms,95%): 155.80 err/s: 0.00 reconn/s: 0.00
[ 128s ] thds: 64 tps: 533.13 qps: 3197.78 (r/w/o: 0.00/2098.51/1099.27) lat (ms,95%): 155.80 err/s: 0.00 reconn/s: 0.00
[ 129s ] thds: 64 tps: 532.09 qps: 3197.56 (r/w/o: 0.00/2098.37/1099.19) lat (ms,95%): 158.63 err/s: 0.00 reconn/s: 0.00
[ 130s ] thds: 64 tps: 504.78 qps: 3074.67 (r/w/o: 0.00/2020.12/1054.54) lat (ms,95%): 161.51 err/s: 0.00 reconn/s: 0.00
[ 131s ] thds: 64 tps: 501.16 qps: 3014.94 (r/w/o: 0.00/1970.62/1044.33) lat (ms,95%): 164.45 err/s: 0.00 reconn/s: 0.00
[ 132s ] thds: 64 tps: 526.12 qps: 3080.68 (r/w/o: 0.00/1989.44/1091.24) lat (ms,95%): 161.51 err/s: 0.00 reconn/s: 0.00
[ 133s ] thds: 64 tps: 517.84 qps: 3109.06 (r/w/o: 0.00/2045.38/1063.68) lat (ms,95%): 158.63 err/s: 0.00 reconn/s: 0.00
[ 134s ] thds: 64 tps: 515.32 qps: 3112.91 (r/w/o: 0.00/2040.25/1072.66) lat (ms,95%): 158.63 err/s: 0.00 reconn/s: 0.00
[ 135s ] thds: 64 tps: 509.48 qps: 3038.90 (r/w/o: 0.00/1984.98/1053.93) lat (ms,95%): 161.51 err/s: 0.00 reconn/s: 0.00
[ 136s ] thds: 64 tps: 510.49 qps: 3099.99 (r/w/o: 0.00/2044.97/1055.02) lat (ms,95%): 158.63 err/s: 0.00 reconn/s: 0.00
[ 137s ] thds: 64 tps: 537.92 qps: 3164.52 (r/w/o: 0.00/2042.69/1121.83) lat (ms,95%): 153.02 err/s: 0.00 reconn/s: 0.00
[ 138s ] thds: 64 tps: 518.80 qps: 3195.80 (r/w/o: 0.00/2128.20/1067.60) lat (ms,95%): 161.51 err/s: 0.00 reconn/s: 0.00
[ 139s ] thds: 64 tps: 520.07 qps: 3075.44 (r/w/o: 0.00/2006.28/1069.15) lat (ms,95%): 207.82 err/s: 0.00 reconn/s: 0.00
[ 140s ] thds: 64 tps: 515.21 qps: 3100.27 (r/w/o: 0.00/2039.84/1060.43) lat (ms,95%): 223.34 err/s: 0.00 reconn/s: 0.00
[ 141s ] thds: 64 tps: 514.00 qps: 3092.98 (r/w/o: 0.00/2039.99/1052.99) lat (ms,95%): 227.40 err/s: 0.00 reconn/s: 0.00
[ 142s ] thds: 64 tps: 511.54 qps: 3118.17 (r/w/o: 0.00/2053.14/1065.03) lat (ms,95%): 204.11 err/s: 0.00 reconn/s: 0.00
[ 143s ] thds: 64 tps: 518.15 qps: 3047.87 (r/w/o: 0.00/1980.57/1067.31) lat (ms,95%): 200.47 err/s: 0.00 reconn/s: 0.00
[ 144s ] thds: 64 tps: 520.02 qps: 3093.13 (r/w/o: 0.00/2026.09/1067.05) lat (ms,95%): 211.60 err/s: 0.00 reconn/s: 0.00
[ 145s ] thds: 64 tps: 513.31 qps: 3119.87 (r/w/o: 0.00/2059.23/1060.64) lat (ms,95%): 262.64 err/s: 0.00 reconn/s: 0.00
[ 146s ] thds: 64 tps: 523.59 qps: 3127.56 (r/w/o: 0.00/2047.40/1080.16) lat (ms,95%): 204.11 err/s: 0.00 reconn/s: 0.00
[ 147s ] thds: 64 tps: 519.15 qps: 3088.89 (r/w/o: 0.00/2003.57/1085.31) lat (ms,95%): 207.82 err/s: 0.00 reconn/s: 0.00
[ 148s ] thds: 64 tps: 515.94 qps: 3101.67 (r/w/o: 0.00/2034.78/1066.89) lat (ms,95%): 204.11 err/s: 0.00 reconn/s: 0.00
[ 149s ] thds: 64 tps: 513.00 qps: 3127.98 (r/w/o: 0.00/2066.99/1060.99) lat (ms,95%): 200.47 err/s: 0.00 reconn/s: 0.00
[ 150s ] thds: 64 tps: 534.34 qps: 3189.06 (r/w/o: 0.00/2089.35/1099.71) lat (ms,95%): 186.54 err/s: 0.00 reconn/s: 0.00
[ 151s ] thds: 64 tps: 520.69 qps: 3122.14 (r/w/o: 0.00/2043.78/1078.36) lat (ms,95%): 189.93 err/s: 0.00 reconn/s: 0.00
[ 152s ] thds: 64 tps: 505.23 qps: 3052.41 (r/w/o: 0.00/2011.93/1040.48) lat (ms,95%): 193.38 err/s: 0.00 reconn/s: 0.00
[ 153s ] thds: 64 tps: 509.77 qps: 3033.65 (r/w/o: 0.00/1977.12/1056.53) lat (ms,95%): 193.38 err/s: 0.00 reconn/s: 0.00
[ 154s ] thds: 64 tps: 516.25 qps: 3113.49 (r/w/o: 0.00/2053.98/1059.51) lat (ms,95%): 158.63 err/s: 0.00 reconn/s: 0.00
[ 155s ] thds: 64 tps: 514.03 qps: 3067.16 (r/w/o: 0.00/2006.11/1061.06) lat (ms,95%): 153.02 err/s: 0.00 reconn/s: 0.00
[ 156s ] thds: 64 tps: 511.94 qps: 3088.64 (r/w/o: 0.00/2033.77/1054.88) lat (ms,95%): 155.80 err/s: 0.00 reconn/s: 0.00
[ 157s ] thds: 64 tps: 517.00 qps: 3101.02 (r/w/o: 0.00/2035.01/1066.01) lat (ms,95%): 153.02 err/s: 0.00 reconn/s: 0.00
[ 158s ] thds: 64 tps: 519.69 qps: 3101.16 (r/w/o: 0.00/2031.80/1069.37) lat (ms,95%): 155.80 err/s: 0.00 reconn/s: 0.00
[ 159s ] thds: 64 tps: 539.06 qps: 3207.36 (r/w/o: 0.00/2086.23/1121.13) lat (ms,95%): 155.80 err/s: 0.00 reconn/s: 0.00
[ 160s ] thds: 64 tps: 515.26 qps: 3102.59 (r/w/o: 0.00/2035.04/1067.55) lat (ms,95%): 207.82 err/s: 0.00 reconn/s: 0.00
[ 161s ] thds: 64 tps: 513.02 qps: 3075.09 (r/w/o: 0.00/2005.06/1070.03) lat (ms,95%): 219.36 err/s: 0.00 reconn/s: 0.00
[ 162s ] thds: 64 tps: 515.05 qps: 3109.31 (r/w/o: 0.00/2046.20/1063.11) lat (ms,95%): 207.82 err/s: 0.00 reconn/s: 0.00
[ 163s ] thds: 64 tps: 515.95 qps: 3115.72 (r/w/o: 0.00/2040.81/1074.90) lat (ms,95%): 189.93 err/s: 0.00 reconn/s: 0.00
[ 164s ] thds: 64 tps: 519.94 qps: 3062.67 (r/w/o: 0.00/1985.79/1076.89) lat (ms,95%): 189.93 err/s: 0.00 reconn/s: 0.00
[ 165s ] thds: 64 tps: 514.98 qps: 3108.88 (r/w/o: 0.00/2033.92/1074.96) lat (ms,95%): 183.21 err/s: 0.00 reconn/s: 0.00
[ 166s ] thds: 64 tps: 518.69 qps: 3117.15 (r/w/o: 0.00/2057.78/1059.37) lat (ms,95%): 189.93 err/s: 0.00 reconn/s: 0.00
[ 167s ] thds: 64 tps: 517.13 qps: 3126.76 (r/w/o: 0.00/2048.50/1078.26) lat (ms,95%): 189.93 err/s: 0.00 reconn/s: 0.00
[ 168s ] thds: 64 tps: 518.30 qps: 3102.77 (r/w/o: 0.00/2031.16/1071.61) lat (ms,95%): 189.93 err/s: 0.00 reconn/s: 0.00
[ 169s ] thds: 64 tps: 515.63 qps: 3098.76 (r/w/o: 0.00/2024.54/1074.22) lat (ms,95%): 189.93 err/s: 0.00 reconn/s: 0.00
[ 170s ] thds: 64 tps: 511.84 qps: 3062.07 (r/w/o: 0.00/2006.39/1055.68) lat (ms,95%): 189.93 err/s: 0.00 reconn/s: 0.00
[ 171s ] thds: 64 tps: 534.13 qps: 3201.80 (r/w/o: 0.00/2095.53/1106.28) lat (ms,95%): 164.45 err/s: 0.00 reconn/s: 0.00
[ 172s ] thds: 64 tps: 538.21 qps: 3185.23 (r/w/o: 0.00/2080.80/1104.43) lat (ms,95%): 164.45 err/s: 0.00 reconn/s: 0.00
[ 173s ] thds: 64 tps: 513.05 qps: 3127.28 (r/w/o: 0.00/2070.18/1057.09) lat (ms,95%): 179.94 err/s: 0.00 reconn/s: 0.00
[ 174s ] thds: 64 tps: 515.77 qps: 3080.63 (r/w/o: 0.00/2021.10/1059.53) lat (ms,95%): 207.82 err/s: 0.00 reconn/s: 0.00
[ 175s ] thds: 64 tps: 508.40 qps: 3043.38 (r/w/o: 0.00/1994.56/1048.82) lat (ms,95%): 207.82 err/s: 0.00 reconn/s: 0.00
[ 176s ] thds: 64 tps: 519.97 qps: 3136.82 (r/w/o: 0.00/2066.88/1069.94) lat (ms,95%): 207.82 err/s: 0.00 reconn/s: 0.00
[ 177s ] thds: 64 tps: 516.99 qps: 3097.96 (r/w/o: 0.00/2034.97/1062.98) lat (ms,95%): 219.36 err/s: 0.00 reconn/s: 0.00
[ 178s ] thds: 64 tps: 515.96 qps: 3075.73 (r/w/o: 0.00/2008.83/1066.91) lat (ms,95%): 219.36 err/s: 0.00 reconn/s: 0.00
[ 179s ] thds: 64 tps: 515.85 qps: 3094.11 (r/w/o: 0.00/2021.42/1072.69) lat (ms,95%): 204.11 err/s: 0.00 reconn/s: 0.00
[ 180s ] thds: 64 tps: 525.97 qps: 3191.83 (r/w/o: 0.00/2103.89/1087.94) lat (ms,95%): 200.47 err/s: 0.00 reconn/s: 0.00
[ 181s ] thds: 64 tps: 540.10 qps: 3210.58 (r/w/o: 0.00/2088.38/1122.20) lat (ms,95%): 193.38 err/s: 0.00 reconn/s: 0.00
[ 182s ] thds: 64 tps: 521.08 qps: 3140.48 (r/w/o: 0.00/2057.31/1083.16) lat (ms,95%): 204.11 err/s: 0.00 reconn/s: 0.00
[ 183s ] thds: 64 tps: 502.76 qps: 3037.54 (r/w/o: 0.00/2010.04/1027.51) lat (ms,95%): 219.36 err/s: 0.00 reconn/s: 0.00
[ 184s ] thds: 64 tps: 508.09 qps: 3036.53 (r/w/o: 0.00/1986.34/1050.18) lat (ms,95%): 207.82 err/s: 0.00 reconn/s: 0.00
[ 185s ] thds: 64 tps: 521.15 qps: 3118.87 (r/w/o: 0.00/2042.57/1076.30) lat (ms,95%): 219.36 err/s: 0.00 reconn/s: 0.00
[ 186s ] thds: 64 tps: 514.06 qps: 3105.35 (r/w/o: 0.00/2040.23/1065.12) lat (ms,95%): 211.60 err/s: 0.00 reconn/s: 0.00
[ 187s ] thds: 64 tps: 517.49 qps: 3068.97 (r/w/o: 0.00/2002.02/1066.95) lat (ms,95%): 215.44 err/s: 0.00 reconn/s: 0.00
[ 188s ] thds: 64 tps: 513.43 qps: 3098.57 (r/w/o: 0.00/2031.68/1066.88) lat (ms,95%): 215.44 err/s: 0.00 reconn/s: 0.00
[ 189s ] thds: 64 tps: 516.87 qps: 3081.24 (r/w/o: 0.00/2019.50/1061.74) lat (ms,95%): 231.53 err/s: 0.00 reconn/s: 0.00
[ 190s ] thds: 64 tps: 517.16 qps: 3130.98 (r/w/o: 0.00/2061.65/1069.33) lat (ms,95%): 193.38 err/s: 0.00 reconn/s: 0.00
[ 191s ] thds: 64 tps: 514.01 qps: 3099.08 (r/w/o: 0.00/2038.05/1061.03) lat (ms,95%): 196.89 err/s: 0.00 reconn/s: 0.00
[ 192s ] thds: 64 tps: 518.05 qps: 3060.29 (r/w/o: 0.00/2002.19/1058.10) lat (ms,95%): 193.38 err/s: 0.00 reconn/s: 0.00
[ 193s ] thds: 64 tps: 511.79 qps: 3139.73 (r/w/o: 0.00/2085.15/1054.57) lat (ms,95%): 193.38 err/s: 0.00 reconn/s: 0.00
[ 194s ] thds: 64 tps: 539.02 qps: 3223.11 (r/w/o: 0.00/2112.07/1111.04) lat (ms,95%): 161.51 err/s: 0.00 reconn/s: 0.00
[ 195s ] thds: 64 tps: 525.14 qps: 3092.81 (r/w/o: 0.00/2009.53/1083.28) lat (ms,95%): 167.44 err/s: 0.00 reconn/s: 0.00
[ 196s ] thds: 64 tps: 511.93 qps: 3128.56 (r/w/o: 0.00/2068.71/1059.85) lat (ms,95%): 167.44 err/s: 0.00 reconn/s: 0.00
[ 197s ] thds: 64 tps: 515.10 qps: 3041.61 (r/w/o: 0.00/1975.39/1066.21) lat (ms,95%): 196.89 err/s: 0.00 reconn/s: 0.00
[ 198s ] thds: 64 tps: 512.91 qps: 3097.44 (r/w/o: 0.00/2044.63/1052.81) lat (ms,95%): 204.11 err/s: 0.00 reconn/s: 0.00
[ 199s ] thds: 64 tps: 515.91 qps: 3117.48 (r/w/o: 0.00/2052.66/1064.82) lat (ms,95%): 196.89 err/s: 0.00 reconn/s: 0.00
[ 200s ] thds: 64 tps: 521.98 qps: 3110.87 (r/w/o: 0.00/2032.91/1077.95) lat (ms,95%): 193.38 err/s: 0.00 reconn/s: 0.00
[ 201s ] thds: 64 tps: 510.10 qps: 3096.63 (r/w/o: 0.00/2046.42/1050.21) lat (ms,95%): 200.47 err/s: 0.00 reconn/s: 0.00
[ 202s ] thds: 64 tps: 533.05 qps: 3186.31 (r/w/o: 0.00/2082.20/1104.11) lat (ms,95%): 196.89 err/s: 0.00 reconn/s: 0.00
[ 203s ] thds: 64 tps: 532.88 qps: 3169.28 (r/w/o: 0.00/2063.53/1105.75) lat (ms,95%): 189.93 err/s: 0.00 reconn/s: 0.00
[ 204s ] thds: 64 tps: 517.04 qps: 3090.27 (r/w/o: 0.00/2022.18/1068.09) lat (ms,95%): 196.89 err/s: 0.00 reconn/s: 0.00
[ 205s ] thds: 64 tps: 511.60 qps: 3059.63 (r/w/o: 0.00/2010.44/1049.19) lat (ms,95%): 196.89 err/s: 0.00 reconn/s: 0.00
[ 206s ] thds: 64 tps: 514.46 qps: 3119.81 (r/w/o: 0.00/2053.85/1065.96) lat (ms,95%): 200.47 err/s: 0.00 reconn/s: 0.00
[ 207s ] thds: 64 tps: 515.03 qps: 3078.16 (r/w/o: 0.00/2013.10/1065.05) lat (ms,95%): 196.89 err/s: 0.00 reconn/s: 0.00
[ 208s ] thds: 64 tps: 516.75 qps: 3109.51 (r/w/o: 0.00/2048.02/1061.49) lat (ms,95%): 193.38 err/s: 0.00 reconn/s: 0.00
[ 209s ] thds: 64 tps: 513.08 qps: 3082.48 (r/w/o: 0.00/2024.31/1058.16) lat (ms,95%): 196.89 err/s: 0.00 reconn/s: 0.00
[ 210s ] thds: 64 tps: 518.15 qps: 3106.90 (r/w/o: 0.00/2033.59/1073.31) lat (ms,95%): 200.47 err/s: 0.00 reconn/s: 0.00
[ 211s ] thds: 64 tps: 519.83 qps: 3106.01 (r/w/o: 0.00/2021.35/1084.65) lat (ms,95%): 200.47 err/s: 0.00 reconn/s: 0.00
[ 212s ] thds: 64 tps: 520.04 qps: 3097.21 (r/w/o: 0.00/2012.14/1085.07) lat (ms,95%): 204.11 err/s: 0.00 reconn/s: 0.00
[ 213s ] thds: 64 tps: 517.21 qps: 3110.29 (r/w/o: 0.00/2045.85/1064.44) lat (ms,95%): 200.47 err/s: 0.00 reconn/s: 0.00
[ 214s ] thds: 64 tps: 505.75 qps: 3099.48 (r/w/o: 0.00/2050.00/1049.49) lat (ms,95%): 196.89 err/s: 0.00 reconn/s: 0.00
[ 215s ] thds: 64 tps: 522.15 qps: 3090.89 (r/w/o: 0.00/2014.58/1076.31) lat (ms,95%): 193.38 err/s: 0.00 reconn/s: 0.00
[ 216s ] thds: 64 tps: 519.01 qps: 3089.06 (r/w/o: 0.00/2022.04/1067.02) lat (ms,95%): 193.38 err/s: 0.00 reconn/s: 0.00
[ 217s ] thds: 64 tps: 519.99 qps: 3121.95 (r/w/o: 0.00/2039.97/1081.98) lat (ms,95%): 193.38 err/s: 0.00 reconn/s: 0.00
[ 218s ] thds: 64 tps: 510.86 qps: 3092.16 (r/w/o: 0.00/2030.45/1061.71) lat (ms,95%): 193.38 err/s: 0.00 reconn/s: 0.00
[ 219s ] thds: 64 tps: 531.98 qps: 3182.87 (r/w/o: 0.00/2091.91/1090.95) lat (ms,95%): 196.89 err/s: 0.00 reconn/s: 0.00
[ 220s ] thds: 64 tps: 535.15 qps: 3186.87 (r/w/o: 0.00/2082.57/1104.30) lat (ms,95%): 186.54 err/s: 0.00 reconn/s: 0.00
[ 221s ] thds: 64 tps: 502.85 qps: 3083.11 (r/w/o: 0.00/2041.41/1041.70) lat (ms,95%): 189.93 err/s: 0.00 reconn/s: 0.00
[ 222s ] thds: 64 tps: 513.16 qps: 3035.97 (r/w/o: 0.00/1978.63/1057.34) lat (ms,95%): 186.54 err/s: 0.00 reconn/s: 0.00
[ 223s ] thds: 64 tps: 510.99 qps: 3069.94 (r/w/o: 0.00/2006.96/1062.98) lat (ms,95%): 183.21 err/s: 0.00 reconn/s: 0.00
[ 224s ] thds: 64 tps: 519.84 qps: 3116.02 (r/w/o: 0.00/2050.36/1065.67) lat (ms,95%): 164.45 err/s: 0.00 reconn/s: 0.00
[ 225s ] thds: 64 tps: 519.90 qps: 3114.40 (r/w/o: 0.00/2035.61/1078.79) lat (ms,95%): 164.45 err/s: 0.00 reconn/s: 0.00
[ 226s ] thds: 64 tps: 510.14 qps: 3052.83 (r/w/o: 0.00/1998.54/1054.29) lat (ms,95%): 164.45 err/s: 0.00 reconn/s: 0.00
[ 227s ] thds: 64 tps: 514.20 qps: 3108.20 (r/w/o: 0.00/2043.79/1064.41) lat (ms,95%): 170.48 err/s: 0.00 reconn/s: 0.00
[ 228s ] thds: 64 tps: 507.78 qps: 3072.69 (r/w/o: 0.00/2027.14/1045.56) lat (ms,95%): 186.54 err/s: 0.00 reconn/s: 0.00
[ 229s ] thds: 64 tps: 519.17 qps: 3072.01 (r/w/o: 0.00/2007.66/1064.35) lat (ms,95%): 170.48 err/s: 0.00 reconn/s: 0.00
[ 230s ] thds: 64 tps: 513.58 qps: 3089.49 (r/w/o: 0.00/2032.35/1057.14) lat (ms,95%): 167.44 err/s: 0.00 reconn/s: 0.00
[ 231s ] thds: 64 tps: 509.43 qps: 3028.59 (r/w/o: 0.00/1977.69/1050.90) lat (ms,95%): 170.48 err/s: 0.00 reconn/s: 0.00
[ 232s ] thds: 64 tps: 518.91 qps: 3133.43 (r/w/o: 0.00/2060.63/1072.81) lat (ms,95%): 173.58 err/s: 0.00 reconn/s: 0.00
[ 233s ] thds: 64 tps: 536.89 qps: 3215.32 (r/w/o: 0.00/2104.56/1110.77) lat (ms,95%): 164.45 err/s: 0.00 reconn/s: 0.00
[ 234s ] thds: 64 tps: 527.08 qps: 3191.48 (r/w/o: 0.00/2107.32/1084.16) lat (ms,95%): 164.45 err/s: 0.00 reconn/s: 0.00
[ 235s ] thds: 64 tps: 517.16 qps: 3090.94 (r/w/o: 0.00/2017.62/1073.33) lat (ms,95%): 189.93 err/s: 0.00 reconn/s: 0.00
[ 236s ] thds: 64 tps: 512.86 qps: 3072.19 (r/w/o: 0.00/2023.47/1048.72) lat (ms,95%): 200.47 err/s: 0.00 reconn/s: 0.00
[ 237s ] thds: 64 tps: 515.64 qps: 3093.84 (r/w/o: 0.00/2031.58/1062.26) lat (ms,95%): 200.47 err/s: 0.00 reconn/s: 0.00
[ 238s ] thds: 64 tps: 516.29 qps: 3119.73 (r/w/o: 0.00/2057.14/1062.59) lat (ms,95%): 189.93 err/s: 0.00 reconn/s: 0.00
[ 239s ] thds: 64 tps: 518.19 qps: 3108.12 (r/w/o: 0.00/2033.74/1074.39) lat (ms,95%): 196.89 err/s: 0.00 reconn/s: 0.00
[ 240s ] thds: 64 tps: 517.94 qps: 3079.65 (r/w/o: 0.00/2008.77/1070.88) lat (ms,95%): 186.54 err/s: 0.00 reconn/s: 0.00
Latency histogram (values are in milliseconds)
       value  ------------- distribution ------------- count
      11.041 |                                         2
      11.242 |                                         3
      11.446 |                                         3
      11.654 |                                         1
      11.866 |                                         8
      12.081 |                                         12
      12.301 |                                         15
      12.524 |                                         23
      12.752 |                                         38
      12.984 |                                         32
      13.219 |                                         39
      13.460 |                                         53
      13.704 |                                         55
      13.953 |                                         57
      14.207 |                                         49
      14.465 |                                         60
      14.728 |                                         57
      14.995 |                                         43
      15.268 |                                         30
      15.545 |                                         25
      15.828 |                                         24
      16.115 |                                         12
      16.408 |                                         11
      16.706 |                                         5
      17.010 |                                         7
      17.319 |                                         2
      17.633 |                                         2
      17.954 |                                         2
      18.612 |                                         4
      18.950 |                                         4
      19.295 |                                         6
      19.645 |                                         11
      20.002 |                                         23
      20.366 |                                         29
      20.736 |                                         49
      21.112 |                                         71
      21.496 |                                         68
      21.886 |                                         86
      22.284 |                                         87
      22.689 |                                         67
      23.101 |*                                        100
      23.521 |*                                        90
      23.948 |                                         84
      24.384 |                                         72
      24.827 |                                         55
      25.278 |                                         59
      25.737 |                                         32
      26.205 |                                         22
      26.681 |                                         10
      27.165 |                                         5
      27.659 |                                         7
      28.162 |                                         1
      28.673 |                                         3
      29.194 |                                         3
      29.725 |                                         1
      30.265 |                                         5
      30.815 |                                         8
      31.375 |                                         8
      31.945 |                                         12
      32.525 |                                         25
      33.116 |                                         27
      33.718 |                                         30
      34.330 |                                         26
      34.954 |                                         46
      35.589 |                                         42
      36.236 |                                         55
      36.894 |*                                        104
      37.565 |*                                        175
      38.247 |**                                       300
      38.942 |***                                      464
      39.650 |***                                      588
      40.370 |*****                                    845
      41.104 |******                                   1034
      41.851 |******                                   1056
      42.611 |*******                                  1145
      43.385 |******                                   1131
      44.173 |******                                   1024
      44.976 |*****                                    791
      45.793 |***                                      602
      46.625 |**                                       370
      47.472 |**                                       311
      48.335 |*                                        229
      49.213 |*                                        146
      50.107 |*                                        136
      51.018 |*                                        156
      51.945 |*                                        119
      52.889 |*                                        161
      53.850 |*                                        134
      54.828 |*                                        203
      55.824 |*                                        214
      56.839 |**                                       282
      57.871 |**                                       343
      58.923 |***                                      456
      59.993 |****                                     634
      61.083 |*****                                    871
      62.193 |*****                                    909
      63.323 |******                                   975
      64.474 |*****                                    855
      65.645 |*****                                    796
      66.838 |***                                      551
      68.053 |**                                       409
      69.289 |**                                       273
      70.548 |**                                       270
      71.830 |*                                        211
      73.135 |*                                        164
      74.464 |*                                        140
      75.817 |*                                        95
      77.194 |*                                        96
      78.597 |*                                        96
      80.025 |*                                        92
      81.479 |*                                        101
      82.959 |                                         85
      84.467 |                                         72
      86.002 |                                         78
      87.564 |*                                        89
      89.155 |*                                        101
      90.775 |*                                        119
      92.424 |*                                        216
      94.104 |**                                       312
      95.814 |***                                      521
      97.555 |****                                     704
      99.327 |*****                                    948
     101.132 |********                                 1421
     102.969 |************                             2137
     104.840 |*****************                        3034
     106.745 |**********************                   3768
     108.685 |**********************                   3743
     110.659 |******************                       3207
     112.670 |**************                           2380
     114.717 |************                             2071
     116.802 |*************                            2292
     118.924 |****************                         2735
     121.085 |********************                     3496
     123.285 |***************************              4633
     125.525 |***********************************      6159
     127.805 |**************************************** 6961
     130.128 |*************************************    6435
     132.492 |****************************             4921
     134.899 |*********************                    3725
     137.350 |******************                       3096
     139.846 |****************                         2853
     142.387 |*****************                        2880
     144.974 |*******************                      3266
     147.608 |*******************                      3336
     150.290 |*********************                    3607
     153.021 |*****************                        3018
     155.801 |**************                           2372
     158.632 |**********                               1683
     161.514 |******                                   1061
     164.449 |****                                     767
     167.437 |***                                      538
     170.479 |***                                      437
     173.577 |**                                       348
     176.731 |**                                       330
     179.942 |**                                       396
     183.211 |***                                      466
     186.540 |***                                      549
     189.929 |****                                     633
     193.380 |***                                      585
     196.894 |***                                      505
     200.472 |***                                      509
     204.114 |***                                      448
     207.823 |**                                       401
     211.599 |**                                       285
     215.443 |*                                        238
     219.358 |*                                        205
     223.344 |*                                        143
     227.402 |*                                        201
     231.534 |*                                        180
     235.740 |*                                        170
     240.024 |*                                        139
     244.385 |                                         74
     248.825 |                                         40
     253.346 |                                         72
     257.950 |                                         76
     262.636 |                                         55
     267.408 |                                         81
     272.267 |                                         82
     277.214 |                                         71
     282.251 |                                         67
     287.379 |                                         81
     292.601 |                                         82
     297.917 |                                         68
     303.330 |                                         54
     308.842 |                                         46
     314.453 |                                         81
     320.167 |                                         81
     325.984 |                                         52
     331.907 |                                         49
     337.938 |                                         40
     344.078 |                                         59
     350.330 |                                         31
     356.695 |                                         35
     363.176 |                                         40
     369.775 |                                         78
     376.494 |                                         39
     383.334 |                                         8
     390.299 |                                         2
     397.391 |                                         6
     404.611 |                                         3
     411.963 |                                         4
     419.448 |                                         11
     427.069 |                                         17
     434.829 |                                         48
     442.730 |                                         38
     450.774 |                                         19
     458.964 |                                         21
     467.304 |                                         27
     475.794 |                                         39
     484.439 |                                         30
     493.242 |                                         27
     502.204 |                                         13
     511.328 |                                         8
     520.619 |                                         5
     530.078 |                                         14
     539.710 |                                         32
     549.516 |                                         29
     559.501 |                                         34
     569.667 |                                         4
     580.017 |                                         1
     590.556 |                                         16
     601.286 |                                         7
     612.211 |                                         13
     623.335 |                                         8
     646.192 |                                         1
     682.059 |                                         1
     802.053 |                                         1
     831.464 |                                         1
     846.572 |                                         3
     861.954 |                                         4
     877.615 |                                         4
     893.561 |                                         8
     909.797 |                                         4
     926.327 |                                         1
     943.158 |                                         1
     960.295 |                                         1
 
SQL statistics:
    queries performed:
        read:                            0
        write:                           496097
        other:                           260427
        total:                           756524
    transactions:                        126116 (525.19 per sec.)
    queries:                             756524 (3150.42 per sec.)
    ignored errors:                      0      (0.00 per sec.)
    reconnects:                          0      (0.00 per sec.)

Throughput:
    events/s (eps):                      525.1892
    time elapsed:                        240.1346s
    total number of events:              126116

Latency (ms):
         min:                                   10.95
         avg:                                  121.86
         max:                                  952.58
         95th percentile:                      189.93
         sum:                             15368505.71

Threads fairness:
    events (avg/stddev):           1970.5625/759.16
    execution time (avg/stddev):   240.1329/0.06

