sysbench 1.1.0-3ceba0b (using bundled LuaJIT 2.1.0-beta3)

Running the test with following options:
Number of threads: 16
Warmup time: 60s
Report intermediate results every 1 second(s)
Initializing random number generator from current time


Initializing worker threads...

Threads started!

Warming up for 60 seconds...

[ 1s ] thds: 16 tps: 344.36 qps: 5512.08 (r/w/o: 4823.11/0.00/688.97) lat (ms,95%): 62.19 err/s: 0.00 reconn/s: 0.00
[ 2s ] thds: 16 tps: 350.11 qps: 5580.73 (r/w/o: 4880.51/0.00/700.22) lat (ms,95%): 62.19 err/s: 0.00 reconn/s: 0.00
[ 3s ] thds: 16 tps: 348.88 qps: 5566.06 (r/w/o: 4869.31/0.00/696.76) lat (ms,95%): 62.19 err/s: 0.00 reconn/s: 0.00
[ 4s ] thds: 16 tps: 345.10 qps: 5538.56 (r/w/o: 4847.37/0.00/691.20) lat (ms,95%): 63.32 err/s: 0.00 reconn/s: 0.00
[ 5s ] thds: 16 tps: 337.01 qps: 5413.11 (r/w/o: 4741.10/0.00/672.01) lat (ms,95%): 62.19 err/s: 0.00 reconn/s: 0.00
[ 6s ] thds: 16 tps: 346.91 qps: 5517.52 (r/w/o: 4822.70/0.00/694.81) lat (ms,95%): 62.19 err/s: 0.00 reconn/s: 0.00
[ 7s ] thds: 16 tps: 348.09 qps: 5605.53 (r/w/o: 4909.34/0.00/696.19) lat (ms,95%): 61.08 err/s: 0.00 reconn/s: 0.00
[ 8s ] thds: 16 tps: 351.90 qps: 5609.39 (r/w/o: 4905.59/0.00/703.80) lat (ms,95%): 62.19 err/s: 0.00 reconn/s: 0.00
[ 9s ] thds: 16 tps: 353.00 qps: 5636.08 (r/w/o: 4930.07/0.00/706.01) lat (ms,95%): 61.08 err/s: 0.00 reconn/s: 0.00
[ 10s ] thds: 16 tps: 351.06 qps: 5621.91 (r/w/o: 4919.79/0.00/702.11) lat (ms,95%): 61.08 err/s: 0.00 reconn/s: 0.00
[ 11s ] thds: 16 tps: 348.95 qps: 5583.22 (r/w/o: 4884.32/0.00/698.90) lat (ms,95%): 62.19 err/s: 0.00 reconn/s: 0.00
[ 12s ] thds: 16 tps: 351.98 qps: 5619.70 (r/w/o: 4915.74/0.00/703.96) lat (ms,95%): 62.19 err/s: 0.00 reconn/s: 0.00
[ 13s ] thds: 16 tps: 351.13 qps: 5625.09 (r/w/o: 4923.83/0.00/701.26) lat (ms,95%): 61.08 err/s: 0.00 reconn/s: 0.00
[ 14s ] thds: 16 tps: 342.87 qps: 5477.93 (r/w/o: 4791.19/0.00/686.74) lat (ms,95%): 63.32 err/s: 0.00 reconn/s: 0.00
[ 15s ] thds: 16 tps: 348.07 qps: 5534.17 (r/w/o: 4840.02/0.00/694.15) lat (ms,95%): 61.08 err/s: 0.00 reconn/s: 0.00
[ 16s ] thds: 16 tps: 344.99 qps: 5551.91 (r/w/o: 4859.92/0.00/691.99) lat (ms,95%): 62.19 err/s: 0.00 reconn/s: 0.00
[ 17s ] thds: 16 tps: 348.02 qps: 5623.33 (r/w/o: 4927.29/0.00/696.04) lat (ms,95%): 61.08 err/s: 0.00 reconn/s: 0.00
[ 18s ] thds: 16 tps: 349.06 qps: 5566.99 (r/w/o: 4868.87/0.00/698.12) lat (ms,95%): 62.19 err/s: 0.00 reconn/s: 0.00
[ 19s ] thds: 16 tps: 354.95 qps: 5618.17 (r/w/o: 4910.27/0.00/707.90) lat (ms,95%): 62.19 err/s: 0.00 reconn/s: 0.00
[ 20s ] thds: 16 tps: 346.87 qps: 5585.90 (r/w/o: 4891.16/0.00/694.74) lat (ms,95%): 61.08 err/s: 0.00 reconn/s: 0.00
[ 21s ] thds: 16 tps: 351.02 qps: 5615.36 (r/w/o: 4912.32/0.00/703.05) lat (ms,95%): 61.08 err/s: 0.00 reconn/s: 0.00
[ 22s ] thds: 16 tps: 353.16 qps: 5651.61 (r/w/o: 4947.28/0.00/704.33) lat (ms,95%): 61.08 err/s: 0.00 reconn/s: 0.00
[ 23s ] thds: 16 tps: 340.90 qps: 5482.41 (r/w/o: 4799.61/0.00/682.80) lat (ms,95%): 63.32 err/s: 0.00 reconn/s: 0.00
[ 24s ] thds: 16 tps: 342.11 qps: 5488.74 (r/w/o: 4803.52/0.00/685.22) lat (ms,95%): 62.19 err/s: 0.00 reconn/s: 0.00
[ 25s ] thds: 16 tps: 349.96 qps: 5570.30 (r/w/o: 4871.38/0.00/698.91) lat (ms,95%): 62.19 err/s: 0.00 reconn/s: 0.00
[ 26s ] thds: 16 tps: 354.92 qps: 5669.72 (r/w/o: 4959.88/0.00/709.84) lat (ms,95%): 61.08 err/s: 0.00 reconn/s: 0.00
[ 27s ] thds: 16 tps: 351.87 qps: 5593.01 (r/w/o: 4890.26/0.00/702.75) lat (ms,95%): 61.08 err/s: 0.00 reconn/s: 0.00
[ 28s ] thds: 16 tps: 342.22 qps: 5523.61 (r/w/o: 4837.16/0.00/686.45) lat (ms,95%): 62.19 err/s: 0.00 reconn/s: 0.00
[ 29s ] thds: 16 tps: 349.97 qps: 5613.49 (r/w/o: 4913.56/0.00/699.94) lat (ms,95%): 62.19 err/s: 0.00 reconn/s: 0.00
[ 30s ] thds: 16 tps: 347.81 qps: 5569.02 (r/w/o: 4873.40/0.00/695.63) lat (ms,95%): 61.08 err/s: 0.00 reconn/s: 0.00
[ 31s ] thds: 16 tps: 346.01 qps: 5528.21 (r/w/o: 4836.19/0.00/692.03) lat (ms,95%): 63.32 err/s: 0.00 reconn/s: 0.00
[ 32s ] thds: 16 tps: 346.08 qps: 5511.27 (r/w/o: 4820.11/0.00/691.16) lat (ms,95%): 62.19 err/s: 0.00 reconn/s: 0.00
[ 33s ] thds: 16 tps: 342.04 qps: 5464.68 (r/w/o: 4780.60/0.00/684.09) lat (ms,95%): 63.32 err/s: 0.00 reconn/s: 0.00
[ 34s ] thds: 16 tps: 347.00 qps: 5573.00 (r/w/o: 4878.00/0.00/695.00) lat (ms,95%): 62.19 err/s: 0.00 reconn/s: 0.00
[ 35s ] thds: 16 tps: 344.89 qps: 5519.24 (r/w/o: 4829.46/0.00/689.78) lat (ms,95%): 62.19 err/s: 0.00 reconn/s: 0.00
[ 36s ] thds: 16 tps: 347.05 qps: 5532.75 (r/w/o: 4838.65/0.00/694.09) lat (ms,95%): 61.08 err/s: 0.00 reconn/s: 0.00
[ 37s ] thds: 16 tps: 348.05 qps: 5591.86 (r/w/o: 4895.75/0.00/696.11) lat (ms,95%): 61.08 err/s: 0.00 reconn/s: 0.00
[ 38s ] thds: 16 tps: 347.97 qps: 5564.45 (r/w/o: 4868.52/0.00/695.93) lat (ms,95%): 61.08 err/s: 0.00 reconn/s: 0.00
[ 39s ] thds: 16 tps: 348.00 qps: 5568.93 (r/w/o: 4872.94/0.00/695.99) lat (ms,95%): 62.19 err/s: 0.00 reconn/s: 0.00
[ 40s ] thds: 16 tps: 348.08 qps: 5599.22 (r/w/o: 4905.07/0.00/694.15) lat (ms,95%): 61.08 err/s: 0.00 reconn/s: 0.00
[ 41s ] thds: 16 tps: 355.00 qps: 5602.06 (r/w/o: 4893.06/0.00/709.01) lat (ms,95%): 62.19 err/s: 0.00 reconn/s: 0.00
[ 42s ] thds: 16 tps: 342.93 qps: 5527.82 (r/w/o: 4838.96/0.00/688.85) lat (ms,95%): 62.19 err/s: 0.00 reconn/s: 0.00
[ 43s ] thds: 16 tps: 354.04 qps: 5636.66 (r/w/o: 4929.58/0.00/707.08) lat (ms,95%): 61.08 err/s: 0.00 reconn/s: 0.00
[ 44s ] thds: 16 tps: 345.92 qps: 5569.70 (r/w/o: 4876.86/0.00/692.84) lat (ms,95%): 61.08 err/s: 0.00 reconn/s: 0.00
[ 45s ] thds: 16 tps: 350.05 qps: 5609.88 (r/w/o: 4909.77/0.00/700.11) lat (ms,95%): 61.08 err/s: 0.00 reconn/s: 0.00
[ 46s ] thds: 16 tps: 351.13 qps: 5609.11 (r/w/o: 4906.85/0.00/702.26) lat (ms,95%): 61.08 err/s: 0.00 reconn/s: 0.00
[ 47s ] thds: 16 tps: 350.94 qps: 5602.08 (r/w/o: 4901.20/0.00/700.88) lat (ms,95%): 61.08 err/s: 0.00 reconn/s: 0.00
[ 48s ] thds: 16 tps: 344.89 qps: 5542.23 (r/w/o: 4851.45/0.00/690.78) lat (ms,95%): 63.32 err/s: 0.00 reconn/s: 0.00
[ 49s ] thds: 16 tps: 347.98 qps: 5568.67 (r/w/o: 4873.71/0.00/694.96) lat (ms,95%): 62.19 err/s: 0.00 reconn/s: 0.00
[ 50s ] thds: 16 tps: 348.03 qps: 5555.49 (r/w/o: 4858.43/0.00/697.06) lat (ms,95%): 61.08 err/s: 0.00 reconn/s: 0.00
[ 51s ] thds: 16 tps: 343.94 qps: 5499.10 (r/w/o: 4813.21/0.00/685.89) lat (ms,95%): 62.19 err/s: 0.00 reconn/s: 0.00
[ 52s ] thds: 16 tps: 347.00 qps: 5560.08 (r/w/o: 4864.07/0.00/696.01) lat (ms,95%): 62.19 err/s: 0.00 reconn/s: 0.00
[ 53s ] thds: 16 tps: 351.21 qps: 5594.33 (r/w/o: 4893.91/0.00/700.42) lat (ms,95%): 59.99 err/s: 0.00 reconn/s: 0.00
[ 54s ] thds: 16 tps: 346.94 qps: 5570.02 (r/w/o: 4875.15/0.00/694.88) lat (ms,95%): 61.08 err/s: 0.00 reconn/s: 0.00
[ 55s ] thds: 16 tps: 348.89 qps: 5588.21 (r/w/o: 4889.43/0.00/698.78) lat (ms,95%): 61.08 err/s: 0.00 reconn/s: 0.00
[ 56s ] thds: 16 tps: 349.99 qps: 5572.85 (r/w/o: 4872.87/0.00/699.98) lat (ms,95%): 62.19 err/s: 0.00 reconn/s: 0.00
[ 57s ] thds: 16 tps: 347.94 qps: 5582.00 (r/w/o: 4886.12/0.00/695.88) lat (ms,95%): 61.08 err/s: 0.00 reconn/s: 0.00
[ 58s ] thds: 16 tps: 344.10 qps: 5499.53 (r/w/o: 4811.34/0.00/688.19) lat (ms,95%): 62.19 err/s: 0.00 reconn/s: 0.00
[ 59s ] thds: 16 tps: 340.13 qps: 5480.12 (r/w/o: 4800.86/0.00/679.26) lat (ms,95%): 63.32 err/s: 0.00 reconn/s: 0.00
[ 60s ] thds: 16 tps: 343.77 qps: 5458.42 (r/w/o: 4769.87/0.00/688.55) lat (ms,95%): 62.19 err/s: 0.00 reconn/s: 0.00
[ 61s ] thds: 16 tps: 342.02 qps: 5483.33 (r/w/o: 4799.29/0.00/684.04) lat (ms,95%): 62.19 err/s: 0.00 reconn/s: 0.00
[ 62s ] thds: 16 tps: 345.00 qps: 5527.96 (r/w/o: 4837.96/0.00/689.99) lat (ms,95%): 61.08 err/s: 0.00 reconn/s: 0.00
[ 63s ] thds: 16 tps: 347.22 qps: 5559.52 (r/w/o: 4865.08/0.00/694.44) lat (ms,95%): 62.19 err/s: 0.00 reconn/s: 0.00
[ 64s ] thds: 16 tps: 349.93 qps: 5594.93 (r/w/o: 4896.07/0.00/698.87) lat (ms,95%): 62.19 err/s: 0.00 reconn/s: 0.00
[ 65s ] thds: 16 tps: 344.99 qps: 5532.92 (r/w/o: 4841.93/0.00/690.99) lat (ms,95%): 62.19 err/s: 0.00 reconn/s: 0.00
[ 66s ] thds: 16 tps: 352.00 qps: 5583.95 (r/w/o: 4881.96/0.00/701.99) lat (ms,95%): 62.19 err/s: 0.00 reconn/s: 0.00
[ 67s ] thds: 16 tps: 345.00 qps: 5545.07 (r/w/o: 4853.06/0.00/692.01) lat (ms,95%): 61.08 err/s: 0.00 reconn/s: 0.00
[ 68s ] thds: 16 tps: 346.84 qps: 5560.51 (r/w/o: 4866.82/0.00/693.69) lat (ms,95%): 61.08 err/s: 0.00 reconn/s: 0.00
[ 69s ] thds: 16 tps: 340.95 qps: 5481.19 (r/w/o: 4799.29/0.00/681.90) lat (ms,95%): 62.19 err/s: 0.00 reconn/s: 0.00
[ 70s ] thds: 16 tps: 345.00 qps: 5492.99 (r/w/o: 4803.99/0.00/689.00) lat (ms,95%): 62.19 err/s: 0.00 reconn/s: 0.00
[ 71s ] thds: 16 tps: 349.02 qps: 5598.34 (r/w/o: 4899.30/0.00/699.04) lat (ms,95%): 61.08 err/s: 0.00 reconn/s: 0.00
[ 72s ] thds: 16 tps: 347.23 qps: 5521.63 (r/w/o: 4828.17/0.00/693.46) lat (ms,95%): 62.19 err/s: 0.00 reconn/s: 0.00
[ 73s ] thds: 16 tps: 346.94 qps: 5592.05 (r/w/o: 4897.17/0.00/694.88) lat (ms,95%): 62.19 err/s: 0.00 reconn/s: 0.00
[ 74s ] thds: 16 tps: 347.80 qps: 5556.88 (r/w/o: 4861.27/0.00/695.61) lat (ms,95%): 61.08 err/s: 0.00 reconn/s: 0.00
[ 75s ] thds: 16 tps: 352.13 qps: 5591.14 (r/w/o: 4886.87/0.00/704.27) lat (ms,95%): 61.08 err/s: 0.00 reconn/s: 0.00
[ 76s ] thds: 16 tps: 346.01 qps: 5564.15 (r/w/o: 4872.13/0.00/692.02) lat (ms,95%): 62.19 err/s: 0.00 reconn/s: 0.00
[ 77s ] thds: 16 tps: 347.87 qps: 5568.87 (r/w/o: 4873.13/0.00/695.73) lat (ms,95%): 63.32 err/s: 0.00 reconn/s: 0.00
[ 78s ] thds: 16 tps: 342.98 qps: 5488.69 (r/w/o: 4802.73/0.00/685.96) lat (ms,95%): 63.32 err/s: 0.00 reconn/s: 0.00
[ 79s ] thds: 16 tps: 349.25 qps: 5580.02 (r/w/o: 4881.52/0.00/698.50) lat (ms,95%): 62.19 err/s: 0.00 reconn/s: 0.00
[ 80s ] thds: 16 tps: 348.96 qps: 5564.29 (r/w/o: 4866.38/0.00/697.91) lat (ms,95%): 61.08 err/s: 0.00 reconn/s: 0.00
[ 81s ] thds: 16 tps: 344.77 qps: 5537.25 (r/w/o: 4848.72/0.00/688.53) lat (ms,95%): 62.19 err/s: 0.00 reconn/s: 0.00
[ 82s ] thds: 16 tps: 349.13 qps: 5609.08 (r/w/o: 4909.82/0.00/699.26) lat (ms,95%): 63.32 err/s: 0.00 reconn/s: 0.00
[ 83s ] thds: 16 tps: 350.02 qps: 5611.35 (r/w/o: 4912.31/0.00/699.04) lat (ms,95%): 61.08 err/s: 0.00 reconn/s: 0.00
[ 84s ] thds: 16 tps: 354.07 qps: 5606.09 (r/w/o: 4898.96/0.00/707.14) lat (ms,95%): 61.08 err/s: 0.00 reconn/s: 0.00
[ 85s ] thds: 16 tps: 345.79 qps: 5560.59 (r/w/o: 4867.01/0.00/693.57) lat (ms,95%): 61.08 err/s: 0.00 reconn/s: 0.00
[ 86s ] thds: 16 tps: 350.12 qps: 5585.93 (r/w/o: 4887.69/0.00/698.24) lat (ms,95%): 62.19 err/s: 0.00 reconn/s: 0.00
[ 87s ] thds: 16 tps: 345.03 qps: 5525.43 (r/w/o: 4833.38/0.00/692.05) lat (ms,95%): 62.19 err/s: 0.00 reconn/s: 0.00
[ 88s ] thds: 16 tps: 344.03 qps: 5535.50 (r/w/o: 4848.44/0.00/687.06) lat (ms,95%): 62.19 err/s: 0.00 reconn/s: 0.00
[ 89s ] thds: 16 tps: 349.05 qps: 5576.79 (r/w/o: 4877.69/0.00/699.10) lat (ms,95%): 62.19 err/s: 0.00 reconn/s: 0.00
[ 90s ] thds: 16 tps: 347.89 qps: 5577.27 (r/w/o: 4881.48/0.00/695.78) lat (ms,95%): 61.08 err/s: 0.00 reconn/s: 0.00
[ 91s ] thds: 16 tps: 353.00 qps: 5628.00 (r/w/o: 4923.00/0.00/705.00) lat (ms,95%): 62.19 err/s: 0.00 reconn/s: 0.00
[ 92s ] thds: 16 tps: 351.99 qps: 5632.86 (r/w/o: 4927.88/0.00/704.98) lat (ms,95%): 62.19 err/s: 0.00 reconn/s: 0.00
[ 93s ] thds: 16 tps: 350.94 qps: 5631.01 (r/w/o: 4929.13/0.00/701.88) lat (ms,95%): 61.08 err/s: 0.00 reconn/s: 0.00
[ 94s ] thds: 16 tps: 350.13 qps: 5581.01 (r/w/o: 4881.76/0.00/699.25) lat (ms,95%): 62.19 err/s: 0.00 reconn/s: 0.00
[ 95s ] thds: 16 tps: 349.06 qps: 5594.92 (r/w/o: 4895.80/0.00/699.11) lat (ms,95%): 61.08 err/s: 0.00 reconn/s: 0.00
[ 96s ] thds: 16 tps: 344.09 qps: 5531.40 (r/w/o: 4844.23/0.00/687.17) lat (ms,95%): 63.32 err/s: 0.00 reconn/s: 0.00
[ 97s ] thds: 16 tps: 349.88 qps: 5536.07 (r/w/o: 4835.31/0.00/700.76) lat (ms,95%): 63.32 err/s: 0.00 reconn/s: 0.00
[ 98s ] thds: 16 tps: 345.01 qps: 5566.13 (r/w/o: 4876.11/0.00/690.02) lat (ms,95%): 62.19 err/s: 0.00 reconn/s: 0.00
[ 99s ] thds: 16 tps: 347.00 qps: 5564.04 (r/w/o: 4870.03/0.00/694.00) lat (ms,95%): 62.19 err/s: 0.00 reconn/s: 0.00
[ 100s ] thds: 16 tps: 355.12 qps: 5618.96 (r/w/o: 4908.71/0.00/710.25) lat (ms,95%): 62.19 err/s: 0.00 reconn/s: 0.00
[ 101s ] thds: 16 tps: 349.85 qps: 5618.57 (r/w/o: 4919.88/0.00/698.70) lat (ms,95%): 61.08 err/s: 0.00 reconn/s: 0.00
[ 102s ] thds: 16 tps: 350.14 qps: 5597.18 (r/w/o: 4896.91/0.00/700.27) lat (ms,95%): 62.19 err/s: 0.00 reconn/s: 0.00
[ 103s ] thds: 16 tps: 347.99 qps: 5622.91 (r/w/o: 4925.92/0.00/696.99) lat (ms,95%): 62.19 err/s: 0.00 reconn/s: 0.00
[ 104s ] thds: 16 tps: 351.75 qps: 5572.01 (r/w/o: 4869.51/0.00/702.50) lat (ms,95%): 62.19 err/s: 0.00 reconn/s: 0.00
[ 105s ] thds: 16 tps: 347.25 qps: 5560.01 (r/w/o: 4865.51/0.00/694.50) lat (ms,95%): 61.08 err/s: 0.00 reconn/s: 0.00
[ 106s ] thds: 16 tps: 343.79 qps: 5514.65 (r/w/o: 4826.07/0.00/688.58) lat (ms,95%): 63.32 err/s: 0.00 reconn/s: 0.00
[ 107s ] thds: 16 tps: 348.03 qps: 5563.54 (r/w/o: 4867.47/0.00/696.07) lat (ms,95%): 62.19 err/s: 0.00 reconn/s: 0.00
[ 108s ] thds: 16 tps: 352.98 qps: 5611.62 (r/w/o: 4906.66/0.00/704.95) lat (ms,95%): 61.08 err/s: 0.00 reconn/s: 0.00
[ 109s ] thds: 16 tps: 346.04 qps: 5583.64 (r/w/o: 4890.56/0.00/693.08) lat (ms,95%): 61.08 err/s: 0.00 reconn/s: 0.00
[ 110s ] thds: 16 tps: 346.90 qps: 5589.31 (r/w/o: 4895.52/0.00/693.79) lat (ms,95%): 61.08 err/s: 0.00 reconn/s: 0.00
[ 111s ] thds: 16 tps: 352.07 qps: 5597.08 (r/w/o: 4892.94/0.00/704.14) lat (ms,95%): 62.19 err/s: 0.00 reconn/s: 0.00
[ 112s ] thds: 16 tps: 350.03 qps: 5611.56 (r/w/o: 4911.49/0.00/700.07) lat (ms,95%): 59.99 err/s: 0.00 reconn/s: 0.00
[ 113s ] thds: 16 tps: 349.99 qps: 5584.84 (r/w/o: 4884.86/0.00/699.98) lat (ms,95%): 61.08 err/s: 0.00 reconn/s: 0.00
[ 114s ] thds: 16 tps: 349.95 qps: 5574.13 (r/w/o: 4875.24/0.00/698.89) lat (ms,95%): 61.08 err/s: 0.00 reconn/s: 0.00
[ 115s ] thds: 16 tps: 340.00 qps: 5465.02 (r/w/o: 4785.02/0.00/680.00) lat (ms,95%): 62.19 err/s: 0.00 reconn/s: 0.00
[ 116s ] thds: 16 tps: 347.10 qps: 5522.56 (r/w/o: 4828.37/0.00/694.20) lat (ms,95%): 63.32 err/s: 0.00 reconn/s: 0.00
[ 117s ] thds: 16 tps: 346.09 qps: 5558.46 (r/w/o: 4866.28/0.00/692.18) lat (ms,95%): 62.19 err/s: 0.00 reconn/s: 0.00
[ 118s ] thds: 16 tps: 349.84 qps: 5596.44 (r/w/o: 4895.76/0.00/700.68) lat (ms,95%): 61.08 err/s: 0.00 reconn/s: 0.00
[ 119s ] thds: 16 tps: 348.98 qps: 5546.67 (r/w/o: 4850.71/0.00/695.96) lat (ms,95%): 62.19 err/s: 0.00 reconn/s: 0.00
[ 120s ] thds: 16 tps: 343.92 qps: 5537.64 (r/w/o: 4849.81/0.00/687.83) lat (ms,95%): 61.08 err/s: 0.00 reconn/s: 0.00
[ 121s ] thds: 16 tps: 352.17 qps: 5633.72 (r/w/o: 4927.38/0.00/706.34) lat (ms,95%): 61.08 err/s: 0.00 reconn/s: 0.00
[ 122s ] thds: 16 tps: 351.15 qps: 5609.33 (r/w/o: 4908.04/0.00/701.29) lat (ms,95%): 61.08 err/s: 0.00 reconn/s: 0.00
[ 123s ] thds: 16 tps: 346.94 qps: 5587.05 (r/w/o: 4892.17/0.00/694.88) lat (ms,95%): 62.19 err/s: 0.00 reconn/s: 0.00
[ 124s ] thds: 16 tps: 347.76 qps: 5542.22 (r/w/o: 4847.69/0.00/694.53) lat (ms,95%): 61.08 err/s: 0.00 reconn/s: 0.00
[ 125s ] thds: 16 tps: 345.14 qps: 5532.31 (r/w/o: 4841.03/0.00/691.29) lat (ms,95%): 63.32 err/s: 0.00 reconn/s: 0.00
[ 126s ] thds: 16 tps: 349.08 qps: 5567.23 (r/w/o: 4870.07/0.00/697.15) lat (ms,95%): 62.19 err/s: 0.00 reconn/s: 0.00
[ 127s ] thds: 16 tps: 350.90 qps: 5594.40 (r/w/o: 4892.60/0.00/701.80) lat (ms,95%): 61.08 err/s: 0.00 reconn/s: 0.00
[ 128s ] thds: 16 tps: 344.93 qps: 5548.89 (r/w/o: 4858.03/0.00/690.86) lat (ms,95%): 62.19 err/s: 0.00 reconn/s: 0.00
[ 129s ] thds: 16 tps: 346.26 qps: 5524.09 (r/w/o: 4832.58/0.00/691.51) lat (ms,95%): 63.32 err/s: 0.00 reconn/s: 0.00
[ 130s ] thds: 16 tps: 345.98 qps: 5541.74 (r/w/o: 4848.77/0.00/692.97) lat (ms,95%): 62.19 err/s: 0.00 reconn/s: 0.00
[ 131s ] thds: 16 tps: 345.82 qps: 5546.10 (r/w/o: 4855.46/0.00/690.64) lat (ms,95%): 62.19 err/s: 0.00 reconn/s: 0.00
[ 132s ] thds: 16 tps: 344.97 qps: 5530.44 (r/w/o: 4839.51/0.00/690.93) lat (ms,95%): 61.08 err/s: 0.00 reconn/s: 0.00
[ 133s ] thds: 16 tps: 347.18 qps: 5528.83 (r/w/o: 4836.48/0.00/692.35) lat (ms,95%): 62.19 err/s: 0.00 reconn/s: 0.00
[ 134s ] thds: 16 tps: 343.99 qps: 5520.85 (r/w/o: 4830.87/0.00/689.98) lat (ms,95%): 63.32 err/s: 0.00 reconn/s: 0.00
[ 135s ] thds: 16 tps: 346.83 qps: 5546.30 (r/w/o: 4852.64/0.00/693.66) lat (ms,95%): 63.32 err/s: 0.00 reconn/s: 0.00
[ 136s ] thds: 16 tps: 345.19 qps: 5510.08 (r/w/o: 4821.69/0.00/688.38) lat (ms,95%): 62.19 err/s: 0.00 reconn/s: 0.00
[ 137s ] thds: 16 tps: 343.87 qps: 5509.92 (r/w/o: 4823.18/0.00/686.74) lat (ms,95%): 62.19 err/s: 0.00 reconn/s: 0.00
[ 138s ] thds: 16 tps: 347.96 qps: 5545.36 (r/w/o: 4847.44/0.00/697.92) lat (ms,95%): 62.19 err/s: 0.00 reconn/s: 0.00
[ 139s ] thds: 16 tps: 345.21 qps: 5523.39 (r/w/o: 4831.97/0.00/691.42) lat (ms,95%): 63.32 err/s: 0.00 reconn/s: 0.00
[ 140s ] thds: 16 tps: 347.76 qps: 5570.21 (r/w/o: 4875.68/0.00/694.53) lat (ms,95%): 62.19 err/s: 0.00 reconn/s: 0.00
[ 141s ] thds: 16 tps: 345.06 qps: 5553.03 (r/w/o: 4861.90/0.00/691.13) lat (ms,95%): 62.19 err/s: 0.00 reconn/s: 0.00
[ 142s ] thds: 16 tps: 343.02 qps: 5480.37 (r/w/o: 4795.33/0.00/685.05) lat (ms,95%): 62.19 err/s: 0.00 reconn/s: 0.00
[ 143s ] thds: 16 tps: 344.88 qps: 5509.00 (r/w/o: 4819.25/0.00/689.75) lat (ms,95%): 61.08 err/s: 0.00 reconn/s: 0.00
[ 144s ] thds: 16 tps: 346.03 qps: 5531.45 (r/w/o: 4838.39/0.00/693.06) lat (ms,95%): 62.19 err/s: 0.00 reconn/s: 0.00
[ 145s ] thds: 16 tps: 348.00 qps: 5583.98 (r/w/o: 4887.98/0.00/696.00) lat (ms,95%): 61.08 err/s: 0.00 reconn/s: 0.00
[ 146s ] thds: 16 tps: 347.19 qps: 5543.04 (r/w/o: 4848.66/0.00/694.38) lat (ms,95%): 62.19 err/s: 0.00 reconn/s: 0.00
[ 147s ] thds: 16 tps: 346.03 qps: 5548.49 (r/w/o: 4858.43/0.00/690.06) lat (ms,95%): 62.19 err/s: 0.00 reconn/s: 0.00
[ 148s ] thds: 16 tps: 348.98 qps: 5559.62 (r/w/o: 4859.66/0.00/699.95) lat (ms,95%): 62.19 err/s: 0.00 reconn/s: 0.00
[ 149s ] thds: 16 tps: 344.88 qps: 5555.07 (r/w/o: 4866.31/0.00/688.76) lat (ms,95%): 62.19 err/s: 0.00 reconn/s: 0.00
[ 150s ] thds: 16 tps: 349.81 qps: 5589.99 (r/w/o: 4889.36/0.00/700.62) lat (ms,95%): 62.19 err/s: 0.00 reconn/s: 0.00
[ 151s ] thds: 16 tps: 348.16 qps: 5562.59 (r/w/o: 4868.26/0.00/694.32) lat (ms,95%): 62.19 err/s: 0.00 reconn/s: 0.00
[ 152s ] thds: 16 tps: 344.16 qps: 5484.55 (r/w/o: 4796.23/0.00/688.32) lat (ms,95%): 62.19 err/s: 0.00 reconn/s: 0.00
[ 153s ] thds: 16 tps: 342.75 qps: 5501.94 (r/w/o: 4814.45/0.00/687.49) lat (ms,95%): 63.32 err/s: 0.00 reconn/s: 0.00
[ 154s ] thds: 16 tps: 352.25 qps: 5613.01 (r/w/o: 4909.51/0.00/703.50) lat (ms,95%): 61.08 err/s: 0.00 reconn/s: 0.00
[ 155s ] thds: 16 tps: 348.84 qps: 5575.42 (r/w/o: 4876.74/0.00/698.68) lat (ms,95%): 61.08 err/s: 0.00 reconn/s: 0.00
[ 156s ] thds: 16 tps: 352.16 qps: 5656.54 (r/w/o: 4952.22/0.00/704.32) lat (ms,95%): 62.19 err/s: 0.00 reconn/s: 0.00
[ 157s ] thds: 16 tps: 351.82 qps: 5621.07 (r/w/o: 4917.43/0.00/703.63) lat (ms,95%): 62.19 err/s: 0.00 reconn/s: 0.00
[ 158s ] thds: 16 tps: 350.95 qps: 5610.26 (r/w/o: 4909.35/0.00/700.91) lat (ms,95%): 62.19 err/s: 0.00 reconn/s: 0.00
[ 159s ] thds: 16 tps: 347.17 qps: 5559.68 (r/w/o: 4864.35/0.00/695.34) lat (ms,95%): 62.19 err/s: 0.00 reconn/s: 0.00
[ 160s ] thds: 16 tps: 346.87 qps: 5561.99 (r/w/o: 4868.24/0.00/693.75) lat (ms,95%): 62.19 err/s: 0.00 reconn/s: 0.00
[ 161s ] thds: 16 tps: 346.06 qps: 5514.93 (r/w/o: 4823.81/0.00/691.12) lat (ms,95%): 62.19 err/s: 0.00 reconn/s: 0.00
[ 162s ] thds: 16 tps: 342.82 qps: 5505.18 (r/w/o: 4818.53/0.00/686.65) lat (ms,95%): 62.19 err/s: 0.00 reconn/s: 0.00
[ 163s ] thds: 16 tps: 347.26 qps: 5583.26 (r/w/o: 4888.73/0.00/694.53) lat (ms,95%): 62.19 err/s: 0.00 reconn/s: 0.00
[ 164s ] thds: 16 tps: 354.81 qps: 5647.98 (r/w/o: 4940.36/0.00/707.62) lat (ms,95%): 61.08 err/s: 0.00 reconn/s: 0.00
[ 165s ] thds: 16 tps: 351.04 qps: 5615.71 (r/w/o: 4911.62/0.00/704.09) lat (ms,95%): 61.08 err/s: 0.00 reconn/s: 0.00
[ 166s ] thds: 16 tps: 351.19 qps: 5604.95 (r/w/o: 4904.58/0.00/700.37) lat (ms,95%): 62.19 err/s: 0.00 reconn/s: 0.00
[ 167s ] thds: 16 tps: 347.79 qps: 5555.60 (r/w/o: 4859.03/0.00/696.57) lat (ms,95%): 62.19 err/s: 0.00 reconn/s: 0.00
[ 168s ] thds: 16 tps: 351.24 qps: 5630.79 (r/w/o: 4927.32/0.00/703.47) lat (ms,95%): 62.19 err/s: 0.00 reconn/s: 0.00
[ 169s ] thds: 16 tps: 344.75 qps: 5524.05 (r/w/o: 4835.55/0.00/688.51) lat (ms,95%): 62.19 err/s: 0.00 reconn/s: 0.00
[ 170s ] thds: 16 tps: 346.08 qps: 5556.24 (r/w/o: 4863.08/0.00/693.15) lat (ms,95%): 62.19 err/s: 0.00 reconn/s: 0.00
[ 171s ] thds: 16 tps: 350.16 qps: 5549.53 (r/w/o: 4849.21/0.00/700.32) lat (ms,95%): 63.32 err/s: 0.00 reconn/s: 0.00
[ 172s ] thds: 16 tps: 343.96 qps: 5547.28 (r/w/o: 4860.37/0.00/686.91) lat (ms,95%): 62.19 err/s: 0.00 reconn/s: 0.00
[ 173s ] thds: 16 tps: 347.85 qps: 5569.53 (r/w/o: 4873.84/0.00/695.69) lat (ms,95%): 61.08 err/s: 0.00 reconn/s: 0.00
[ 174s ] thds: 16 tps: 350.03 qps: 5615.46 (r/w/o: 4914.40/0.00/701.06) lat (ms,95%): 62.19 err/s: 0.00 reconn/s: 0.00
[ 175s ] thds: 16 tps: 350.17 qps: 5572.68 (r/w/o: 4872.34/0.00/700.34) lat (ms,95%): 62.19 err/s: 0.00 reconn/s: 0.00
[ 176s ] thds: 16 tps: 350.81 qps: 5612.93 (r/w/o: 4912.32/0.00/700.62) lat (ms,95%): 62.19 err/s: 0.00 reconn/s: 0.00
[ 177s ] thds: 16 tps: 348.01 qps: 5562.16 (r/w/o: 4866.14/0.00/696.02) lat (ms,95%): 62.19 err/s: 0.00 reconn/s: 0.00
[ 178s ] thds: 16 tps: 346.98 qps: 5578.72 (r/w/o: 4884.76/0.00/693.97) lat (ms,95%): 62.19 err/s: 0.00 reconn/s: 0.00
[ 179s ] thds: 16 tps: 343.20 qps: 5478.14 (r/w/o: 4790.75/0.00/687.39) lat (ms,95%): 63.32 err/s: 0.00 reconn/s: 0.00
[ 180s ] thds: 16 tps: 344.75 qps: 5538.01 (r/w/o: 4848.51/0.00/689.50) lat (ms,95%): 62.19 err/s: 0.00 reconn/s: 0.00
[ 181s ] thds: 16 tps: 349.18 qps: 5564.91 (r/w/o: 4866.54/0.00/698.37) lat (ms,95%): 62.19 err/s: 0.00 reconn/s: 0.00
[ 182s ] thds: 16 tps: 347.06 qps: 5561.95 (r/w/o: 4868.83/0.00/693.12) lat (ms,95%): 61.08 err/s: 0.00 reconn/s: 0.00
[ 183s ] thds: 16 tps: 350.79 qps: 5579.68 (r/w/o: 4878.10/0.00/701.58) lat (ms,95%): 62.19 err/s: 0.00 reconn/s: 0.00
[ 184s ] thds: 16 tps: 348.09 qps: 5582.51 (r/w/o: 4885.32/0.00/697.19) lat (ms,95%): 61.08 err/s: 0.00 reconn/s: 0.00
[ 185s ] thds: 16 tps: 348.91 qps: 5597.55 (r/w/o: 4900.73/0.00/696.82) lat (ms,95%): 61.08 err/s: 0.00 reconn/s: 0.00
[ 186s ] thds: 16 tps: 345.06 qps: 5542.98 (r/w/o: 4852.86/0.00/690.12) lat (ms,95%): 62.19 err/s: 0.00 reconn/s: 0.00
[ 187s ] thds: 16 tps: 345.10 qps: 5481.59 (r/w/o: 4791.39/0.00/690.20) lat (ms,95%): 62.19 err/s: 0.00 reconn/s: 0.00
[ 188s ] thds: 16 tps: 341.92 qps: 5501.74 (r/w/o: 4817.90/0.00/683.84) lat (ms,95%): 62.19 err/s: 0.00 reconn/s: 0.00
[ 189s ] thds: 16 tps: 340.93 qps: 5459.95 (r/w/o: 4777.08/0.00/682.87) lat (ms,95%): 63.32 err/s: 0.00 reconn/s: 0.00
[ 190s ] thds: 16 tps: 346.19 qps: 5547.09 (r/w/o: 4854.70/0.00/692.39) lat (ms,95%): 62.19 err/s: 0.00 reconn/s: 0.00
[ 191s ] thds: 16 tps: 348.96 qps: 5543.31 (r/w/o: 4845.39/0.00/697.91) lat (ms,95%): 62.19 err/s: 0.00 reconn/s: 0.00
[ 192s ] thds: 16 tps: 346.00 qps: 5572.95 (r/w/o: 4880.95/0.00/691.99) lat (ms,95%): 62.19 err/s: 0.00 reconn/s: 0.00
[ 193s ] thds: 16 tps: 348.01 qps: 5547.21 (r/w/o: 4851.19/0.00/696.03) lat (ms,95%): 61.08 err/s: 0.00 reconn/s: 0.00
[ 194s ] thds: 16 tps: 351.03 qps: 5612.52 (r/w/o: 4910.45/0.00/702.07) lat (ms,95%): 61.08 err/s: 0.00 reconn/s: 0.00
[ 195s ] thds: 16 tps: 344.99 qps: 5492.86 (r/w/o: 4803.87/0.00/688.98) lat (ms,95%): 62.19 err/s: 0.00 reconn/s: 0.00
[ 196s ] thds: 16 tps: 346.88 qps: 5563.07 (r/w/o: 4868.31/0.00/694.76) lat (ms,95%): 61.08 err/s: 0.00 reconn/s: 0.00
[ 197s ] thds: 16 tps: 342.11 qps: 5520.72 (r/w/o: 4836.51/0.00/684.21) lat (ms,95%): 62.19 err/s: 0.00 reconn/s: 0.00
[ 198s ] thds: 16 tps: 342.95 qps: 5449.13 (r/w/o: 4764.24/0.00/684.89) lat (ms,95%): 62.19 err/s: 0.00 reconn/s: 0.00
[ 199s ] thds: 16 tps: 345.01 qps: 5518.20 (r/w/o: 4827.18/0.00/691.03) lat (ms,95%): 62.19 err/s: 0.00 reconn/s: 0.00
[ 200s ] thds: 16 tps: 349.07 qps: 5559.10 (r/w/o: 4862.97/0.00/696.14) lat (ms,95%): 61.08 err/s: 0.00 reconn/s: 0.00
[ 201s ] thds: 16 tps: 344.75 qps: 5554.95 (r/w/o: 4863.46/0.00/691.50) lat (ms,95%): 61.08 err/s: 0.00 reconn/s: 0.00
[ 202s ] thds: 16 tps: 350.01 qps: 5601.13 (r/w/o: 4901.12/0.00/700.02) lat (ms,95%): 61.08 err/s: 0.00 reconn/s: 0.00
[ 203s ] thds: 16 tps: 353.23 qps: 5623.71 (r/w/o: 4918.25/0.00/705.47) lat (ms,95%): 61.08 err/s: 0.00 reconn/s: 0.00
[ 204s ] thds: 16 tps: 347.01 qps: 5576.11 (r/w/o: 4881.10/0.00/695.01) lat (ms,95%): 61.08 err/s: 0.00 reconn/s: 0.00
[ 205s ] thds: 16 tps: 345.89 qps: 5530.27 (r/w/o: 4839.49/0.00/690.78) lat (ms,95%): 62.19 err/s: 0.00 reconn/s: 0.00
[ 206s ] thds: 16 tps: 346.04 qps: 5551.59 (r/w/o: 4858.52/0.00/693.07) lat (ms,95%): 62.19 err/s: 0.00 reconn/s: 0.00
[ 207s ] thds: 16 tps: 348.78 qps: 5557.48 (r/w/o: 4859.92/0.00/697.56) lat (ms,95%): 61.08 err/s: 0.00 reconn/s: 0.00
[ 208s ] thds: 16 tps: 345.31 qps: 5524.00 (r/w/o: 4833.38/0.00/690.63) lat (ms,95%): 62.19 err/s: 0.00 reconn/s: 0.00
[ 209s ] thds: 16 tps: 345.94 qps: 5537.07 (r/w/o: 4846.18/0.00/690.88) lat (ms,95%): 62.19 err/s: 0.00 reconn/s: 0.00
[ 210s ] thds: 16 tps: 353.79 qps: 5679.70 (r/w/o: 4972.11/0.00/707.59) lat (ms,95%): 61.08 err/s: 0.00 reconn/s: 0.00
[ 211s ] thds: 16 tps: 351.24 qps: 5642.85 (r/w/o: 4939.37/0.00/703.48) lat (ms,95%): 61.08 err/s: 0.00 reconn/s: 0.00
[ 212s ] thds: 16 tps: 354.94 qps: 5619.97 (r/w/o: 4910.10/0.00/709.87) lat (ms,95%): 61.08 err/s: 0.00 reconn/s: 0.00
[ 213s ] thds: 16 tps: 346.96 qps: 5583.43 (r/w/o: 4891.50/0.00/691.93) lat (ms,95%): 62.19 err/s: 0.00 reconn/s: 0.00
[ 214s ] thds: 16 tps: 350.14 qps: 5604.32 (r/w/o: 4903.03/0.00/701.29) lat (ms,95%): 62.19 err/s: 0.00 reconn/s: 0.00
[ 215s ] thds: 16 tps: 347.73 qps: 5547.63 (r/w/o: 4852.18/0.00/695.45) lat (ms,95%): 62.19 err/s: 0.00 reconn/s: 0.00
[ 216s ] thds: 16 tps: 349.24 qps: 5566.87 (r/w/o: 4869.38/0.00/697.48) lat (ms,95%): 61.08 err/s: 0.00 reconn/s: 0.00
[ 217s ] thds: 16 tps: 344.99 qps: 5539.88 (r/w/o: 4847.89/0.00/691.98) lat (ms,95%): 63.32 err/s: 0.00 reconn/s: 0.00
[ 218s ] thds: 16 tps: 347.76 qps: 5587.16 (r/w/o: 4891.64/0.00/695.52) lat (ms,95%): 62.19 err/s: 0.00 reconn/s: 0.00
[ 219s ] thds: 16 tps: 351.15 qps: 5594.43 (r/w/o: 4892.12/0.00/702.30) lat (ms,95%): 61.08 err/s: 0.00 reconn/s: 0.00
[ 220s ] thds: 16 tps: 349.96 qps: 5605.30 (r/w/o: 4906.39/0.00/698.91) lat (ms,95%): 61.08 err/s: 0.00 reconn/s: 0.00
[ 221s ] thds: 16 tps: 347.92 qps: 5571.64 (r/w/o: 4874.81/0.00/696.83) lat (ms,95%): 61.08 err/s: 0.00 reconn/s: 0.00
[ 222s ] thds: 16 tps: 350.18 qps: 5583.91 (r/w/o: 4884.54/0.00/699.36) lat (ms,95%): 59.99 err/s: 0.00 reconn/s: 0.00
[ 223s ] thds: 16 tps: 348.75 qps: 5563.98 (r/w/o: 4867.48/0.00/696.50) lat (ms,95%): 61.08 err/s: 0.00 reconn/s: 0.00
[ 224s ] thds: 16 tps: 344.03 qps: 5552.48 (r/w/o: 4864.42/0.00/688.06) lat (ms,95%): 61.08 err/s: 0.00 reconn/s: 0.00
[ 225s ] thds: 16 tps: 347.28 qps: 5559.43 (r/w/o: 4863.88/0.00/695.55) lat (ms,95%): 62.19 err/s: 0.00 reconn/s: 0.00
[ 226s ] thds: 16 tps: 346.70 qps: 5540.21 (r/w/o: 4845.81/0.00/694.40) lat (ms,95%): 62.19 err/s: 0.00 reconn/s: 0.00
[ 227s ] thds: 16 tps: 343.23 qps: 5494.62 (r/w/o: 4808.17/0.00/686.45) lat (ms,95%): 63.32 err/s: 0.00 reconn/s: 0.00
[ 228s ] thds: 16 tps: 350.02 qps: 5587.32 (r/w/o: 4887.28/0.00/700.04) lat (ms,95%): 61.08 err/s: 0.00 reconn/s: 0.00
[ 229s ] thds: 16 tps: 341.99 qps: 5495.82 (r/w/o: 4811.84/0.00/683.98) lat (ms,95%): 62.19 err/s: 0.00 reconn/s: 0.00
[ 230s ] thds: 16 tps: 351.03 qps: 5604.43 (r/w/o: 4902.38/0.00/702.05) lat (ms,95%): 61.08 err/s: 0.00 reconn/s: 0.00
[ 231s ] thds: 16 tps: 349.94 qps: 5564.06 (r/w/o: 4864.18/0.00/699.88) lat (ms,95%): 61.08 err/s: 0.00 reconn/s: 0.00
[ 232s ] thds: 16 tps: 347.08 qps: 5574.35 (r/w/o: 4881.18/0.00/693.17) lat (ms,95%): 62.19 err/s: 0.00 reconn/s: 0.00
[ 233s ] thds: 16 tps: 344.88 qps: 5509.15 (r/w/o: 4819.38/0.00/689.77) lat (ms,95%): 62.19 err/s: 0.00 reconn/s: 0.00
[ 234s ] thds: 16 tps: 346.10 qps: 5557.62 (r/w/o: 4864.42/0.00/693.20) lat (ms,95%): 62.19 err/s: 0.00 reconn/s: 0.00
[ 235s ] thds: 16 tps: 349.97 qps: 5542.60 (r/w/o: 4843.65/0.00/698.95) lat (ms,95%): 62.19 err/s: 0.00 reconn/s: 0.00
[ 236s ] thds: 16 tps: 340.87 qps: 5506.89 (r/w/o: 4825.15/0.00/681.74) lat (ms,95%): 62.19 err/s: 0.00 reconn/s: 0.00
[ 237s ] thds: 16 tps: 348.88 qps: 5560.12 (r/w/o: 4864.36/0.00/695.77) lat (ms,95%): 62.19 err/s: 0.00 reconn/s: 0.00
[ 238s ] thds: 16 tps: 344.23 qps: 5553.71 (r/w/o: 4862.25/0.00/691.46) lat (ms,95%): 62.19 err/s: 0.00 reconn/s: 0.00
[ 239s ] thds: 16 tps: 349.00 qps: 5548.00 (r/w/o: 4851.00/0.00/697.00) lat (ms,95%): 62.19 err/s: 0.00 reconn/s: 0.00
[ 240s ] thds: 16 tps: 347.01 qps: 5594.11 (r/w/o: 4899.10/0.00/695.01) lat (ms,95%): 61.08 err/s: 0.00 reconn/s: 0.00
Latency histogram (values are in milliseconds)
       value  ------------- distribution ------------- count
      22.284 |                                         1
      23.948 |                                         1
      24.384 |                                         4
      24.827 |                                         17
      25.278 |                                         20
      25.737 |                                         37
      26.205 |*                                        64
      26.681 |*                                        102
      27.165 |*                                        124
      27.659 |**                                       166
      28.162 |***                                      244
      28.673 |***                                      269
      29.194 |****                                     340
      29.725 |*****                                    404
      30.265 |******                                   490
      30.815 |*******                                  560
      31.375 |*******                                  608
      31.945 |**********                               799
      32.525 |************                             970
      33.116 |*************                            1065
      33.718 |***************                          1218
      34.330 |***************                          1280
      34.954 |*****************                        1460
      35.589 |*****************                        1441
      36.236 |*******************                      1549
      36.894 |*******************                      1630
      37.565 |********************                     1682
      38.247 |*********************                    1800
      38.942 |***********************                  1961
      39.650 |**************************               2178
      40.370 |****************************             2343
      41.104 |*******************************          2566
      41.851 |*********************************        2800
      42.611 |**********************************       2874
      43.385 |***********************************      2927
      44.173 |********************************         2718
      44.976 |******************************           2473
      45.793 |****************************             2344
      46.625 |*******************************          2578
      47.472 |*********************************        2732
      48.335 |***********************************      2942
      49.213 |************************************     3041
      50.107 |**************************************** 3349
      51.018 |***************************************  3271
      51.945 |***********************************      2917
      52.889 |*****************************            2443
      53.850 |***********************                  1913
      54.828 |******************                       1535
      55.824 |****************                         1315
      56.839 |***************                          1244
      57.871 |***************                          1242
      58.923 |****************                         1365
      59.993 |*******************                      1596
      61.083 |*********************                    1754
      62.193 |********************                     1644
      63.323 |***************                          1273
      64.474 |***********                              937
      65.645 |******                                   483
      66.838 |***                                      228
      68.053 |*                                        77
      69.289 |                                         26
      70.548 |                                         5
      71.830 |                                         3
      73.135 |                                         3
      74.464 |                                         2
      75.817 |                                         1
      81.479 |                                         1
      82.959 |                                         1
      84.467 |                                         1
      90.775 |                                         1
 
SQL statistics:
    queries performed:
        read:                            1168234
        write:                           0
        other:                           166888
        total:                           1335122
    transactions:                        83452  (347.64 per sec.)
    queries:                             1335122 (5561.72 per sec.)
    ignored errors:                      0      (0.00 per sec.)
    reconnects:                          0      (0.00 per sec.)

Throughput:
    events/s (eps):                      347.6360
    time elapsed:                        240.0559s
    total number of events:              83452

Latency (ms):
         min:                                   22.25
         avg:                                   46.02
         max:                                   91.00
         95th percentile:                       62.19
         sum:                              3840389.01

Threads fairness:
    events (avg/stddev):           5215.7500/973.95
    execution time (avg/stddev):   240.0243/0.03

