sysbench 1.1.0-3ceba0b (using bundled LuaJIT 2.1.0-beta3)

Running the test with following options:
Number of threads: 1
Warmup time: 60s
Report intermediate results every 1 second(s)
Initializing random number generator from current time


Initializing worker threads...

Threads started!

Warming up for 60 seconds...

[ 1s ] thds: 1 tps: 122.45 qps: 122.45 (r/w/o: 0.00/119.67/2.79) lat (ms,95%): 9.56 err/s: 0.00 reconn/s: 0.00
[ 2s ] thds: 1 tps: 124.90 qps: 124.90 (r/w/o: 0.00/119.91/5.00) lat (ms,95%): 9.73 err/s: 0.00 reconn/s: 0.00
[ 3s ] thds: 1 tps: 124.03 qps: 124.03 (r/w/o: 0.00/122.03/2.00) lat (ms,95%): 9.56 err/s: 0.00 reconn/s: 0.00
[ 4s ] thds: 1 tps: 122.99 qps: 122.99 (r/w/o: 0.00/117.99/5.00) lat (ms,95%): 9.56 err/s: 0.00 reconn/s: 0.00
[ 5s ] thds: 1 tps: 123.00 qps: 123.00 (r/w/o: 0.00/121.00/2.00) lat (ms,95%): 9.56 err/s: 0.00 reconn/s: 0.00
[ 6s ] thds: 1 tps: 123.98 qps: 123.98 (r/w/o: 0.00/123.98/0.00) lat (ms,95%): 9.56 err/s: 0.00 reconn/s: 0.00
[ 7s ] thds: 1 tps: 124.01 qps: 124.01 (r/w/o: 0.00/120.01/4.00) lat (ms,95%): 9.73 err/s: 0.00 reconn/s: 0.00
[ 8s ] thds: 1 tps: 123.08 qps: 123.08 (r/w/o: 0.00/117.08/6.00) lat (ms,95%): 9.73 err/s: 0.00 reconn/s: 0.00
[ 9s ] thds: 1 tps: 125.99 qps: 125.99 (r/w/o: 0.00/121.99/4.00) lat (ms,95%): 9.39 err/s: 0.00 reconn/s: 0.00
[ 10s ] thds: 1 tps: 123.94 qps: 123.94 (r/w/o: 0.00/118.94/5.00) lat (ms,95%): 9.39 err/s: 0.00 reconn/s: 0.00
[ 11s ] thds: 1 tps: 123.99 qps: 123.99 (r/w/o: 0.00/120.99/3.00) lat (ms,95%): 9.56 err/s: 0.00 reconn/s: 0.00
[ 12s ] thds: 1 tps: 125.00 qps: 125.00 (r/w/o: 0.00/122.00/3.00) lat (ms,95%): 9.56 err/s: 0.00 reconn/s: 0.00
[ 13s ] thds: 1 tps: 124.01 qps: 124.01 (r/w/o: 0.00/122.00/2.00) lat (ms,95%): 9.56 err/s: 0.00 reconn/s: 0.00
[ 14s ] thds: 1 tps: 123.08 qps: 123.08 (r/w/o: 0.00/122.07/1.00) lat (ms,95%): 9.56 err/s: 0.00 reconn/s: 0.00
[ 15s ] thds: 1 tps: 123.98 qps: 123.98 (r/w/o: 0.00/119.98/4.00) lat (ms,95%): 9.56 err/s: 0.00 reconn/s: 0.00
[ 16s ] thds: 1 tps: 124.93 qps: 124.93 (r/w/o: 0.00/124.93/0.00) lat (ms,95%): 9.56 err/s: 0.00 reconn/s: 0.00
[ 17s ] thds: 1 tps: 123.99 qps: 123.99 (r/w/o: 0.00/123.99/0.00) lat (ms,95%): 9.39 err/s: 0.00 reconn/s: 0.00
[ 18s ] thds: 1 tps: 122.09 qps: 122.09 (r/w/o: 0.00/119.09/3.00) lat (ms,95%): 9.56 err/s: 0.00 reconn/s: 0.00
[ 19s ] thds: 1 tps: 123.00 qps: 123.00 (r/w/o: 0.00/122.00/1.00) lat (ms,95%): 9.56 err/s: 0.00 reconn/s: 0.00
[ 20s ] thds: 1 tps: 126.99 qps: 126.99 (r/w/o: 0.00/122.99/4.00) lat (ms,95%): 9.56 err/s: 0.00 reconn/s: 0.00
[ 21s ] thds: 1 tps: 123.00 qps: 123.00 (r/w/o: 0.00/122.00/1.00) lat (ms,95%): 9.73 err/s: 0.00 reconn/s: 0.00
[ 22s ] thds: 1 tps: 125.84 qps: 125.84 (r/w/o: 0.00/122.84/3.00) lat (ms,95%): 9.39 err/s: 0.00 reconn/s: 0.00
[ 23s ] thds: 1 tps: 128.16 qps: 128.16 (r/w/o: 0.00/127.16/1.00) lat (ms,95%): 9.56 err/s: 0.00 reconn/s: 0.00
[ 24s ] thds: 1 tps: 127.01 qps: 127.01 (r/w/o: 0.00/121.01/6.00) lat (ms,95%): 9.39 err/s: 0.00 reconn/s: 0.00
[ 25s ] thds: 1 tps: 122.90 qps: 122.90 (r/w/o: 0.00/119.90/3.00) lat (ms,95%): 9.56 err/s: 0.00 reconn/s: 0.00
[ 26s ] thds: 1 tps: 124.00 qps: 124.00 (r/w/o: 0.00/122.00/2.00) lat (ms,95%): 9.39 err/s: 0.00 reconn/s: 0.00
[ 27s ] thds: 1 tps: 124.11 qps: 124.11 (r/w/o: 0.00/122.10/2.00) lat (ms,95%): 9.56 err/s: 0.00 reconn/s: 0.00
[ 28s ] thds: 1 tps: 121.90 qps: 121.90 (r/w/o: 0.00/115.91/6.00) lat (ms,95%): 9.56 err/s: 0.00 reconn/s: 0.00
[ 29s ] thds: 1 tps: 126.10 qps: 126.10 (r/w/o: 0.00/121.09/5.00) lat (ms,95%): 9.56 err/s: 0.00 reconn/s: 0.00
[ 30s ] thds: 1 tps: 125.91 qps: 125.91 (r/w/o: 0.00/124.91/1.00) lat (ms,95%): 9.39 err/s: 0.00 reconn/s: 0.00
[ 31s ] thds: 1 tps: 123.99 qps: 123.99 (r/w/o: 0.00/118.99/5.00) lat (ms,95%): 9.39 err/s: 0.00 reconn/s: 0.00
[ 32s ] thds: 1 tps: 125.02 qps: 125.02 (r/w/o: 0.00/122.02/3.00) lat (ms,95%): 9.22 err/s: 0.00 reconn/s: 0.00
[ 33s ] thds: 1 tps: 126.00 qps: 126.00 (r/w/o: 0.00/125.00/1.00) lat (ms,95%): 9.39 err/s: 0.00 reconn/s: 0.00
[ 34s ] thds: 1 tps: 126.08 qps: 126.08 (r/w/o: 0.00/124.08/2.00) lat (ms,95%): 9.39 err/s: 0.00 reconn/s: 0.00
[ 35s ] thds: 1 tps: 122.90 qps: 122.90 (r/w/o: 0.00/122.90/0.00) lat (ms,95%): 9.39 err/s: 0.00 reconn/s: 0.00
[ 36s ] thds: 1 tps: 125.01 qps: 125.01 (r/w/o: 0.00/123.01/2.00) lat (ms,95%): 9.39 err/s: 0.00 reconn/s: 0.00
[ 37s ] thds: 1 tps: 128.10 qps: 128.10 (r/w/o: 0.00/123.10/5.00) lat (ms,95%): 9.56 err/s: 0.00 reconn/s: 0.00
[ 38s ] thds: 1 tps: 125.90 qps: 125.90 (r/w/o: 0.00/122.90/3.00) lat (ms,95%): 9.22 err/s: 0.00 reconn/s: 0.00
[ 39s ] thds: 1 tps: 120.99 qps: 120.99 (r/w/o: 0.00/120.99/0.00) lat (ms,95%): 9.73 err/s: 0.00 reconn/s: 0.00
[ 40s ] thds: 1 tps: 126.11 qps: 126.11 (r/w/o: 0.00/120.10/6.01) lat (ms,95%): 9.73 err/s: 0.00 reconn/s: 0.00
[ 41s ] thds: 1 tps: 123.00 qps: 123.00 (r/w/o: 0.00/123.00/0.00) lat (ms,95%): 9.56 err/s: 0.00 reconn/s: 0.00
[ 42s ] thds: 1 tps: 125.92 qps: 125.92 (r/w/o: 0.00/124.92/1.00) lat (ms,95%): 9.39 err/s: 0.00 reconn/s: 0.00
[ 43s ] thds: 1 tps: 127.08 qps: 127.08 (r/w/o: 0.00/125.08/2.00) lat (ms,95%): 9.22 err/s: 0.00 reconn/s: 0.00
[ 44s ] thds: 1 tps: 124.91 qps: 124.91 (r/w/o: 0.00/121.91/3.00) lat (ms,95%): 9.39 err/s: 0.00 reconn/s: 0.00
[ 45s ] thds: 1 tps: 126.08 qps: 126.08 (r/w/o: 0.00/124.08/2.00) lat (ms,95%): 9.39 err/s: 0.00 reconn/s: 0.00
[ 46s ] thds: 1 tps: 124.93 qps: 124.93 (r/w/o: 0.00/122.93/2.00) lat (ms,95%): 9.73 err/s: 0.00 reconn/s: 0.00
[ 47s ] thds: 1 tps: 124.08 qps: 124.08 (r/w/o: 0.00/123.08/1.00) lat (ms,95%): 9.73 err/s: 0.00 reconn/s: 0.00
[ 48s ] thds: 1 tps: 125.98 qps: 125.98 (r/w/o: 0.00/122.98/3.00) lat (ms,95%): 9.39 err/s: 0.00 reconn/s: 0.00
[ 49s ] thds: 1 tps: 126.93 qps: 126.93 (r/w/o: 0.00/123.93/3.00) lat (ms,95%): 9.56 err/s: 0.00 reconn/s: 0.00
[ 50s ] thds: 1 tps: 124.98 qps: 124.98 (r/w/o: 0.00/124.98/0.00) lat (ms,95%): 9.39 err/s: 0.00 reconn/s: 0.00
[ 51s ] thds: 1 tps: 126.11 qps: 126.11 (r/w/o: 0.00/123.10/3.00) lat (ms,95%): 9.56 err/s: 0.00 reconn/s: 0.00
[ 52s ] thds: 1 tps: 126.88 qps: 126.88 (r/w/o: 0.00/124.88/2.00) lat (ms,95%): 9.39 err/s: 0.00 reconn/s: 0.00
[ 53s ] thds: 1 tps: 125.12 qps: 125.12 (r/w/o: 0.00/121.11/4.00) lat (ms,95%): 9.73 err/s: 0.00 reconn/s: 0.00
[ 54s ] thds: 1 tps: 123.91 qps: 123.91 (r/w/o: 0.00/119.91/4.00) lat (ms,95%): 9.73 err/s: 0.00 reconn/s: 0.00
[ 55s ] thds: 1 tps: 125.07 qps: 125.07 (r/w/o: 0.00/122.07/3.00) lat (ms,95%): 9.56 err/s: 0.00 reconn/s: 0.00
[ 56s ] thds: 1 tps: 126.00 qps: 126.00 (r/w/o: 0.00/121.00/5.00) lat (ms,95%): 9.73 err/s: 0.00 reconn/s: 0.00
[ 57s ] thds: 1 tps: 125.02 qps: 125.02 (r/w/o: 0.00/121.01/4.00) lat (ms,95%): 9.73 err/s: 0.00 reconn/s: 0.00
[ 58s ] thds: 1 tps: 126.00 qps: 126.00 (r/w/o: 0.00/122.00/4.00) lat (ms,95%): 9.39 err/s: 0.00 reconn/s: 0.00
[ 59s ] thds: 1 tps: 127.99 qps: 127.99 (r/w/o: 0.00/124.99/3.00) lat (ms,95%): 9.06 err/s: 0.00 reconn/s: 0.00
[ 60s ] thds: 1 tps: 129.02 qps: 129.02 (r/w/o: 0.00/126.01/3.00) lat (ms,95%): 9.06 err/s: 0.00 reconn/s: 0.00
[ 61s ] thds: 1 tps: 126.91 qps: 126.91 (r/w/o: 0.00/122.91/4.00) lat (ms,95%): 9.22 err/s: 0.00 reconn/s: 0.00
[ 62s ] thds: 1 tps: 127.02 qps: 127.02 (r/w/o: 0.00/124.02/3.00) lat (ms,95%): 9.39 err/s: 0.00 reconn/s: 0.00
[ 63s ] thds: 1 tps: 128.97 qps: 128.97 (r/w/o: 0.00/125.97/3.00) lat (ms,95%): 9.22 err/s: 0.00 reconn/s: 0.00
[ 64s ] thds: 1 tps: 127.99 qps: 127.99 (r/w/o: 0.00/125.99/2.00) lat (ms,95%): 8.90 err/s: 0.00 reconn/s: 0.00
[ 65s ] thds: 1 tps: 125.09 qps: 125.09 (r/w/o: 0.00/124.09/1.00) lat (ms,95%): 9.39 err/s: 0.00 reconn/s: 0.00
[ 66s ] thds: 1 tps: 127.89 qps: 127.89 (r/w/o: 0.00/125.89/2.00) lat (ms,95%): 9.39 err/s: 0.00 reconn/s: 0.00
[ 67s ] thds: 1 tps: 126.11 qps: 126.11 (r/w/o: 0.00/123.11/3.00) lat (ms,95%): 9.39 err/s: 0.00 reconn/s: 0.00
[ 68s ] thds: 1 tps: 126.00 qps: 126.00 (r/w/o: 0.00/123.00/3.00) lat (ms,95%): 9.39 err/s: 0.00 reconn/s: 0.00
[ 69s ] thds: 1 tps: 128.89 qps: 128.89 (r/w/o: 0.00/127.89/1.00) lat (ms,95%): 9.39 err/s: 0.00 reconn/s: 0.00
[ 70s ] thds: 1 tps: 127.13 qps: 127.13 (r/w/o: 0.00/124.12/3.00) lat (ms,95%): 9.39 err/s: 0.00 reconn/s: 0.00
[ 71s ] thds: 1 tps: 126.89 qps: 126.89 (r/w/o: 0.00/122.89/4.00) lat (ms,95%): 9.06 err/s: 0.00 reconn/s: 0.00
[ 72s ] thds: 1 tps: 130.09 qps: 130.09 (r/w/o: 0.00/128.09/2.00) lat (ms,95%): 9.22 err/s: 0.00 reconn/s: 0.00
[ 73s ] thds: 1 tps: 128.92 qps: 128.92 (r/w/o: 0.00/126.92/2.00) lat (ms,95%): 9.56 err/s: 0.00 reconn/s: 0.00
[ 74s ] thds: 1 tps: 126.08 qps: 126.08 (r/w/o: 0.00/123.08/3.00) lat (ms,95%): 9.56 err/s: 0.00 reconn/s: 0.00
[ 75s ] thds: 1 tps: 126.90 qps: 126.90 (r/w/o: 0.00/122.91/4.00) lat (ms,95%): 9.39 err/s: 0.00 reconn/s: 0.00
[ 76s ] thds: 1 tps: 125.11 qps: 125.11 (r/w/o: 0.00/121.10/4.00) lat (ms,95%): 9.56 err/s: 0.00 reconn/s: 0.00
[ 77s ] thds: 1 tps: 128.01 qps: 128.01 (r/w/o: 0.00/125.01/3.00) lat (ms,95%): 9.39 err/s: 0.00 reconn/s: 0.00
[ 78s ] thds: 1 tps: 128.99 qps: 128.99 (r/w/o: 0.00/127.99/1.00) lat (ms,95%): 9.06 err/s: 0.00 reconn/s: 0.00
[ 79s ] thds: 1 tps: 127.89 qps: 127.89 (r/w/o: 0.00/124.89/3.00) lat (ms,95%): 9.39 err/s: 0.00 reconn/s: 0.00
[ 80s ] thds: 1 tps: 125.09 qps: 125.09 (r/w/o: 0.00/125.09/0.00) lat (ms,95%): 9.39 err/s: 0.00 reconn/s: 0.00
[ 81s ] thds: 1 tps: 125.91 qps: 125.91 (r/w/o: 0.00/122.91/3.00) lat (ms,95%): 9.22 err/s: 0.00 reconn/s: 0.00
[ 82s ] thds: 1 tps: 129.06 qps: 129.06 (r/w/o: 0.00/126.06/3.00) lat (ms,95%): 9.22 err/s: 0.00 reconn/s: 0.00
[ 83s ] thds: 1 tps: 129.04 qps: 129.04 (r/w/o: 0.00/129.04/0.00) lat (ms,95%): 8.90 err/s: 0.00 reconn/s: 0.00
[ 84s ] thds: 1 tps: 129.01 qps: 129.01 (r/w/o: 0.00/124.01/5.00) lat (ms,95%): 9.56 err/s: 0.00 reconn/s: 0.00
[ 85s ] thds: 1 tps: 125.89 qps: 125.89 (r/w/o: 0.00/124.90/1.00) lat (ms,95%): 9.39 err/s: 0.00 reconn/s: 0.00
[ 86s ] thds: 1 tps: 128.99 qps: 128.99 (r/w/o: 0.00/126.99/2.00) lat (ms,95%): 9.22 err/s: 0.00 reconn/s: 0.00
[ 87s ] thds: 1 tps: 130.10 qps: 130.10 (r/w/o: 0.00/127.09/3.00) lat (ms,95%): 9.22 err/s: 0.00 reconn/s: 0.00
[ 88s ] thds: 1 tps: 128.00 qps: 128.00 (r/w/o: 0.00/127.00/1.00) lat (ms,95%): 9.39 err/s: 0.00 reconn/s: 0.00
[ 89s ] thds: 1 tps: 126.01 qps: 126.01 (r/w/o: 0.00/125.01/1.00) lat (ms,95%): 9.56 err/s: 0.00 reconn/s: 0.00
[ 90s ] thds: 1 tps: 125.98 qps: 125.98 (r/w/o: 0.00/123.98/2.00) lat (ms,95%): 9.73 err/s: 0.00 reconn/s: 0.00
[ 91s ] thds: 1 tps: 130.02 qps: 130.02 (r/w/o: 0.00/123.02/7.00) lat (ms,95%): 9.39 err/s: 0.00 reconn/s: 0.00
[ 92s ] thds: 1 tps: 128.93 qps: 128.93 (r/w/o: 0.00/124.93/4.00) lat (ms,95%): 9.22 err/s: 0.00 reconn/s: 0.00
[ 93s ] thds: 1 tps: 127.07 qps: 127.07 (r/w/o: 0.00/123.07/4.00) lat (ms,95%): 9.22 err/s: 0.00 reconn/s: 0.00
[ 94s ] thds: 1 tps: 128.01 qps: 128.01 (r/w/o: 0.00/124.01/4.00) lat (ms,95%): 9.56 err/s: 0.00 reconn/s: 0.00
[ 95s ] thds: 1 tps: 129.00 qps: 129.00 (r/w/o: 0.00/128.00/1.00) lat (ms,95%): 9.06 err/s: 0.00 reconn/s: 0.00
[ 96s ] thds: 1 tps: 125.92 qps: 125.92 (r/w/o: 0.00/123.92/2.00) lat (ms,95%): 9.39 err/s: 0.00 reconn/s: 0.00
[ 97s ] thds: 1 tps: 129.10 qps: 129.10 (r/w/o: 0.00/125.10/4.00) lat (ms,95%): 9.56 err/s: 0.00 reconn/s: 0.00
[ 98s ] thds: 1 tps: 128.99 qps: 128.99 (r/w/o: 0.00/125.99/3.00) lat (ms,95%): 9.39 err/s: 0.00 reconn/s: 0.00
[ 99s ] thds: 1 tps: 128.99 qps: 128.99 (r/w/o: 0.00/127.99/1.00) lat (ms,95%): 9.39 err/s: 0.00 reconn/s: 0.00
[ 100s ] thds: 1 tps: 129.99 qps: 129.99 (r/w/o: 0.00/128.99/1.00) lat (ms,95%): 9.22 err/s: 0.00 reconn/s: 0.00
[ 101s ] thds: 1 tps: 128.97 qps: 128.97 (r/w/o: 0.00/126.97/2.00) lat (ms,95%): 9.06 err/s: 0.00 reconn/s: 0.00
[ 102s ] thds: 1 tps: 129.04 qps: 129.04 (r/w/o: 0.00/124.04/5.00) lat (ms,95%): 8.90 err/s: 0.00 reconn/s: 0.00
[ 103s ] thds: 1 tps: 131.01 qps: 131.01 (r/w/o: 0.00/127.01/4.00) lat (ms,95%): 9.22 err/s: 0.00 reconn/s: 0.00
[ 104s ] thds: 1 tps: 127.99 qps: 127.99 (r/w/o: 0.00/126.99/1.00) lat (ms,95%): 9.22 err/s: 0.00 reconn/s: 0.00
[ 105s ] thds: 1 tps: 128.96 qps: 128.96 (r/w/o: 0.00/124.96/4.00) lat (ms,95%): 9.39 err/s: 0.00 reconn/s: 0.00
[ 106s ] thds: 1 tps: 130.95 qps: 130.95 (r/w/o: 0.00/126.96/4.00) lat (ms,95%): 9.22 err/s: 0.00 reconn/s: 0.00
[ 107s ] thds: 1 tps: 130.09 qps: 130.09 (r/w/o: 0.00/129.09/1.00) lat (ms,95%): 9.22 err/s: 0.00 reconn/s: 0.00
[ 108s ] thds: 1 tps: 128.95 qps: 128.95 (r/w/o: 0.00/127.95/1.00) lat (ms,95%): 9.39 err/s: 0.00 reconn/s: 0.00
[ 109s ] thds: 1 tps: 132.02 qps: 132.02 (r/w/o: 0.00/129.02/3.00) lat (ms,95%): 9.22 err/s: 0.00 reconn/s: 0.00
[ 110s ] thds: 1 tps: 132.98 qps: 132.98 (r/w/o: 0.00/132.98/0.00) lat (ms,95%): 9.06 err/s: 0.00 reconn/s: 0.00
[ 111s ] thds: 1 tps: 130.02 qps: 130.02 (r/w/o: 0.00/128.02/2.00) lat (ms,95%): 9.39 err/s: 0.00 reconn/s: 0.00
[ 112s ] thds: 1 tps: 130.00 qps: 130.00 (r/w/o: 0.00/125.00/5.00) lat (ms,95%): 9.39 err/s: 0.00 reconn/s: 0.00
[ 113s ] thds: 1 tps: 130.98 qps: 130.98 (r/w/o: 0.00/125.98/5.00) lat (ms,95%): 9.56 err/s: 0.00 reconn/s: 0.00
[ 114s ] thds: 1 tps: 130.04 qps: 130.04 (r/w/o: 0.00/126.03/4.00) lat (ms,95%): 9.39 err/s: 0.00 reconn/s: 0.00
[ 115s ] thds: 1 tps: 132.00 qps: 132.00 (r/w/o: 0.00/128.00/4.00) lat (ms,95%): 9.39 err/s: 0.00 reconn/s: 0.00
[ 116s ] thds: 1 tps: 129.95 qps: 129.95 (r/w/o: 0.00/127.96/2.00) lat (ms,95%): 9.39 err/s: 0.00 reconn/s: 0.00
[ 117s ] thds: 1 tps: 130.04 qps: 130.04 (r/w/o: 0.00/128.04/2.00) lat (ms,95%): 9.06 err/s: 0.00 reconn/s: 0.00
[ 118s ] thds: 1 tps: 131.96 qps: 131.96 (r/w/o: 0.00/128.96/3.00) lat (ms,95%): 9.06 err/s: 0.00 reconn/s: 0.00
[ 119s ] thds: 1 tps: 127.94 qps: 127.94 (r/w/o: 0.00/126.94/1.00) lat (ms,95%): 9.39 err/s: 0.00 reconn/s: 0.00
[ 120s ] thds: 1 tps: 133.08 qps: 133.08 (r/w/o: 0.00/128.08/5.00) lat (ms,95%): 8.90 err/s: 0.00 reconn/s: 0.00
[ 121s ] thds: 1 tps: 129.02 qps: 129.02 (r/w/o: 0.00/127.02/2.00) lat (ms,95%): 9.06 err/s: 0.00 reconn/s: 0.00
[ 122s ] thds: 1 tps: 128.96 qps: 128.96 (r/w/o: 0.00/123.96/5.00) lat (ms,95%): 9.22 err/s: 0.00 reconn/s: 0.00
[ 123s ] thds: 1 tps: 132.02 qps: 132.02 (r/w/o: 0.00/130.02/2.00) lat (ms,95%): 8.90 err/s: 0.00 reconn/s: 0.00
[ 124s ] thds: 1 tps: 132.02 qps: 132.02 (r/w/o: 0.00/125.02/7.00) lat (ms,95%): 9.22 err/s: 0.00 reconn/s: 0.00
[ 125s ] thds: 1 tps: 133.00 qps: 133.00 (r/w/o: 0.00/130.00/3.00) lat (ms,95%): 9.22 err/s: 0.00 reconn/s: 0.00
[ 126s ] thds: 1 tps: 129.00 qps: 129.00 (r/w/o: 0.00/127.00/2.00) lat (ms,95%): 9.06 err/s: 0.00 reconn/s: 0.00
[ 127s ] thds: 1 tps: 131.00 qps: 131.00 (r/w/o: 0.00/127.00/4.00) lat (ms,95%): 9.22 err/s: 0.00 reconn/s: 0.00
[ 128s ] thds: 1 tps: 130.96 qps: 130.96 (r/w/o: 0.00/128.96/2.00) lat (ms,95%): 9.06 err/s: 0.00 reconn/s: 0.00
[ 129s ] thds: 1 tps: 129.04 qps: 129.04 (r/w/o: 0.00/129.04/0.00) lat (ms,95%): 9.39 err/s: 0.00 reconn/s: 0.00
[ 130s ] thds: 1 tps: 128.98 qps: 128.98 (r/w/o: 0.00/124.99/4.00) lat (ms,95%): 9.22 err/s: 0.00 reconn/s: 0.00
[ 131s ] thds: 1 tps: 129.97 qps: 129.97 (r/w/o: 0.00/127.97/2.00) lat (ms,95%): 9.06 err/s: 0.00 reconn/s: 0.00
[ 132s ] thds: 1 tps: 131.01 qps: 131.01 (r/w/o: 0.00/127.01/4.00) lat (ms,95%): 9.22 err/s: 0.00 reconn/s: 0.00
[ 133s ] thds: 1 tps: 129.01 qps: 129.01 (r/w/o: 0.00/128.01/1.00) lat (ms,95%): 9.22 err/s: 0.00 reconn/s: 0.00
[ 134s ] thds: 1 tps: 130.98 qps: 130.98 (r/w/o: 0.00/127.98/3.00) lat (ms,95%): 9.39 err/s: 0.00 reconn/s: 0.00
[ 135s ] thds: 1 tps: 130.01 qps: 130.01 (r/w/o: 0.00/128.01/2.00) lat (ms,95%): 9.06 err/s: 0.00 reconn/s: 0.00
[ 136s ] thds: 1 tps: 128.03 qps: 128.03 (r/w/o: 0.00/122.02/6.00) lat (ms,95%): 9.39 err/s: 0.00 reconn/s: 0.00
[ 137s ] thds: 1 tps: 131.02 qps: 131.02 (r/w/o: 0.00/127.02/4.00) lat (ms,95%): 9.06 err/s: 0.00 reconn/s: 0.00
[ 138s ] thds: 1 tps: 129.94 qps: 129.94 (r/w/o: 0.00/126.94/3.00) lat (ms,95%): 9.22 err/s: 0.00 reconn/s: 0.00
[ 139s ] thds: 1 tps: 130.04 qps: 130.04 (r/w/o: 0.00/128.04/2.00) lat (ms,95%): 9.22 err/s: 0.00 reconn/s: 0.00
[ 140s ] thds: 1 tps: 130.97 qps: 130.97 (r/w/o: 0.00/129.97/1.00) lat (ms,95%): 9.06 err/s: 0.00 reconn/s: 0.00
[ 141s ] thds: 1 tps: 128.03 qps: 128.03 (r/w/o: 0.00/125.02/3.00) lat (ms,95%): 9.22 err/s: 0.00 reconn/s: 0.00
[ 142s ] thds: 1 tps: 129.01 qps: 129.01 (r/w/o: 0.00/125.01/4.00) lat (ms,95%): 9.73 err/s: 0.00 reconn/s: 0.00
[ 143s ] thds: 1 tps: 129.97 qps: 129.97 (r/w/o: 0.00/126.97/3.00) lat (ms,95%): 9.06 err/s: 0.00 reconn/s: 0.00
[ 144s ] thds: 1 tps: 132.02 qps: 132.02 (r/w/o: 0.00/131.02/1.00) lat (ms,95%): 8.74 err/s: 0.00 reconn/s: 0.00
[ 145s ] thds: 1 tps: 131.98 qps: 131.98 (r/w/o: 0.00/128.98/3.00) lat (ms,95%): 9.06 err/s: 0.00 reconn/s: 0.00
[ 146s ] thds: 1 tps: 131.01 qps: 131.01 (r/w/o: 0.00/130.01/1.00) lat (ms,95%): 9.06 err/s: 0.00 reconn/s: 0.00
[ 147s ] thds: 1 tps: 130.00 qps: 130.00 (r/w/o: 0.00/129.00/1.00) lat (ms,95%): 9.39 err/s: 0.00 reconn/s: 0.00
[ 148s ] thds: 1 tps: 133.01 qps: 133.01 (r/w/o: 0.00/130.01/3.00) lat (ms,95%): 9.22 err/s: 0.00 reconn/s: 0.00
[ 149s ] thds: 1 tps: 127.97 qps: 127.97 (r/w/o: 0.00/126.97/1.00) lat (ms,95%): 9.39 err/s: 0.00 reconn/s: 0.00
[ 150s ] thds: 1 tps: 129.03 qps: 129.03 (r/w/o: 0.00/125.03/4.00) lat (ms,95%): 9.22 err/s: 0.00 reconn/s: 0.00
[ 151s ] thds: 1 tps: 128.97 qps: 128.97 (r/w/o: 0.00/127.97/1.00) lat (ms,95%): 9.39 err/s: 0.00 reconn/s: 0.00
[ 152s ] thds: 1 tps: 131.04 qps: 131.04 (r/w/o: 0.00/128.04/3.00) lat (ms,95%): 9.22 err/s: 0.00 reconn/s: 0.00
[ 153s ] thds: 1 tps: 131.99 qps: 131.99 (r/w/o: 0.00/128.99/3.00) lat (ms,95%): 9.06 err/s: 0.00 reconn/s: 0.00
[ 154s ] thds: 1 tps: 134.96 qps: 134.96 (r/w/o: 0.00/132.96/2.00) lat (ms,95%): 8.90 err/s: 0.00 reconn/s: 0.00
[ 155s ] thds: 1 tps: 130.00 qps: 130.00 (r/w/o: 0.00/130.00/0.00) lat (ms,95%): 9.22 err/s: 0.00 reconn/s: 0.00
[ 156s ] thds: 1 tps: 133.04 qps: 133.04 (r/w/o: 0.00/132.04/1.00) lat (ms,95%): 9.06 err/s: 0.00 reconn/s: 0.00
[ 157s ] thds: 1 tps: 133.02 qps: 133.02 (r/w/o: 0.00/128.02/5.00) lat (ms,95%): 9.06 err/s: 0.00 reconn/s: 0.00
[ 158s ] thds: 1 tps: 131.95 qps: 131.95 (r/w/o: 0.00/127.95/4.00) lat (ms,95%): 9.06 err/s: 0.00 reconn/s: 0.00
[ 159s ] thds: 1 tps: 133.00 qps: 133.00 (r/w/o: 0.00/130.00/3.00) lat (ms,95%): 9.06 err/s: 0.00 reconn/s: 0.00
[ 160s ] thds: 1 tps: 136.03 qps: 136.03 (r/w/o: 0.00/129.03/7.00) lat (ms,95%): 8.90 err/s: 0.00 reconn/s: 0.00
[ 161s ] thds: 1 tps: 132.01 qps: 132.01 (r/w/o: 0.00/130.01/2.00) lat (ms,95%): 9.22 err/s: 0.00 reconn/s: 0.00
[ 162s ] thds: 1 tps: 133.96 qps: 133.96 (r/w/o: 0.00/131.96/2.00) lat (ms,95%): 9.06 err/s: 0.00 reconn/s: 0.00
[ 163s ] thds: 1 tps: 133.00 qps: 133.00 (r/w/o: 0.00/130.00/3.00) lat (ms,95%): 8.90 err/s: 0.00 reconn/s: 0.00
[ 164s ] thds: 1 tps: 131.00 qps: 131.00 (r/w/o: 0.00/131.00/0.00) lat (ms,95%): 9.06 err/s: 0.00 reconn/s: 0.00
[ 165s ] thds: 1 tps: 129.04 qps: 129.04 (r/w/o: 0.00/127.04/2.00) lat (ms,95%): 9.39 err/s: 0.00 reconn/s: 0.00
[ 166s ] thds: 1 tps: 131.00 qps: 131.00 (r/w/o: 0.00/129.00/2.00) lat (ms,95%): 9.06 err/s: 0.00 reconn/s: 0.00
[ 167s ] thds: 1 tps: 129.99 qps: 129.99 (r/w/o: 0.00/127.99/2.00) lat (ms,95%): 9.06 err/s: 0.00 reconn/s: 0.00
[ 168s ] thds: 1 tps: 132.99 qps: 132.99 (r/w/o: 0.00/127.99/5.00) lat (ms,95%): 9.06 err/s: 0.00 reconn/s: 0.00
[ 169s ] thds: 1 tps: 133.01 qps: 133.01 (r/w/o: 0.00/128.01/5.00) lat (ms,95%): 9.06 err/s: 0.00 reconn/s: 0.00
[ 170s ] thds: 1 tps: 132.02 qps: 132.02 (r/w/o: 0.00/129.02/3.00) lat (ms,95%): 8.90 err/s: 0.00 reconn/s: 0.00
[ 171s ] thds: 1 tps: 129.96 qps: 129.96 (r/w/o: 0.00/126.96/3.00) lat (ms,95%): 9.06 err/s: 0.00 reconn/s: 0.00
[ 172s ] thds: 1 tps: 131.99 qps: 131.99 (r/w/o: 0.00/126.99/5.00) lat (ms,95%): 9.06 err/s: 0.00 reconn/s: 0.00
[ 173s ] thds: 1 tps: 132.02 qps: 132.02 (r/w/o: 0.00/125.02/7.00) lat (ms,95%): 9.22 err/s: 0.00 reconn/s: 0.00
[ 174s ] thds: 1 tps: 132.02 qps: 132.02 (r/w/o: 0.00/130.02/2.00) lat (ms,95%): 8.90 err/s: 0.00 reconn/s: 0.00
[ 175s ] thds: 1 tps: 131.97 qps: 131.97 (r/w/o: 0.00/128.97/3.00) lat (ms,95%): 8.90 err/s: 0.00 reconn/s: 0.00
[ 176s ] thds: 1 tps: 132.00 qps: 132.00 (r/w/o: 0.00/131.00/1.00) lat (ms,95%): 9.22 err/s: 0.00 reconn/s: 0.00
[ 177s ] thds: 1 tps: 133.00 qps: 133.00 (r/w/o: 0.00/131.00/2.00) lat (ms,95%): 9.06 err/s: 0.00 reconn/s: 0.00
[ 178s ] thds: 1 tps: 133.00 qps: 133.00 (r/w/o: 0.00/127.00/6.00) lat (ms,95%): 9.06 err/s: 0.00 reconn/s: 0.00
[ 179s ] thds: 1 tps: 131.99 qps: 131.99 (r/w/o: 0.00/128.99/3.00) lat (ms,95%): 9.06 err/s: 0.00 reconn/s: 0.00
[ 180s ] thds: 1 tps: 135.05 qps: 135.05 (r/w/o: 0.00/130.05/5.00) lat (ms,95%): 9.39 err/s: 0.00 reconn/s: 0.00
[ 181s ] thds: 1 tps: 131.97 qps: 131.97 (r/w/o: 0.00/130.97/1.00) lat (ms,95%): 9.06 err/s: 0.00 reconn/s: 0.00
[ 182s ] thds: 1 tps: 130.00 qps: 130.00 (r/w/o: 0.00/126.00/4.00) lat (ms,95%): 9.22 err/s: 0.00 reconn/s: 0.00
[ 183s ] thds: 1 tps: 131.99 qps: 131.99 (r/w/o: 0.00/128.99/3.00) lat (ms,95%): 9.06 err/s: 0.00 reconn/s: 0.00
[ 184s ] thds: 1 tps: 130.01 qps: 130.01 (r/w/o: 0.00/127.01/3.00) lat (ms,95%): 8.90 err/s: 0.00 reconn/s: 0.00
[ 185s ] thds: 1 tps: 132.01 qps: 132.01 (r/w/o: 0.00/126.01/6.00) lat (ms,95%): 8.90 err/s: 0.00 reconn/s: 0.00
[ 186s ] thds: 1 tps: 131.97 qps: 131.97 (r/w/o: 0.00/129.97/2.00) lat (ms,95%): 8.90 err/s: 0.00 reconn/s: 0.00
[ 187s ] thds: 1 tps: 137.04 qps: 137.04 (r/w/o: 0.00/132.04/5.00) lat (ms,95%): 8.90 err/s: 0.00 reconn/s: 0.00
[ 188s ] thds: 1 tps: 130.96 qps: 130.96 (r/w/o: 0.00/127.96/3.00) lat (ms,95%): 9.39 err/s: 0.00 reconn/s: 0.00
[ 189s ] thds: 1 tps: 129.99 qps: 129.99 (r/w/o: 0.00/127.99/2.00) lat (ms,95%): 9.22 err/s: 0.00 reconn/s: 0.00
[ 190s ] thds: 1 tps: 131.03 qps: 131.03 (r/w/o: 0.00/131.03/0.00) lat (ms,95%): 9.22 err/s: 0.00 reconn/s: 0.00
[ 191s ] thds: 1 tps: 132.00 qps: 132.00 (r/w/o: 0.00/129.00/3.00) lat (ms,95%): 9.39 err/s: 0.00 reconn/s: 0.00
[ 192s ] thds: 1 tps: 132.02 qps: 132.02 (r/w/o: 0.00/131.02/1.00) lat (ms,95%): 9.06 err/s: 0.00 reconn/s: 0.00
[ 193s ] thds: 1 tps: 132.00 qps: 132.00 (r/w/o: 0.00/129.00/3.00) lat (ms,95%): 9.06 err/s: 0.00 reconn/s: 0.00
[ 194s ] thds: 1 tps: 131.97 qps: 131.97 (r/w/o: 0.00/125.98/6.00) lat (ms,95%): 9.22 err/s: 0.00 reconn/s: 0.00
[ 195s ] thds: 1 tps: 130.99 qps: 130.99 (r/w/o: 0.00/126.99/4.00) lat (ms,95%): 8.90 err/s: 0.00 reconn/s: 0.00
[ 196s ] thds: 1 tps: 132.00 qps: 132.00 (r/w/o: 0.00/131.00/1.00) lat (ms,95%): 9.22 err/s: 0.00 reconn/s: 0.00
[ 197s ] thds: 1 tps: 133.03 qps: 133.03 (r/w/o: 0.00/128.03/5.00) lat (ms,95%): 9.06 err/s: 0.00 reconn/s: 0.00
[ 198s ] thds: 1 tps: 135.00 qps: 135.00 (r/w/o: 0.00/131.00/4.00) lat (ms,95%): 8.90 err/s: 0.00 reconn/s: 0.00
[ 199s ] thds: 1 tps: 133.97 qps: 133.97 (r/w/o: 0.00/132.97/1.00) lat (ms,95%): 8.90 err/s: 0.00 reconn/s: 0.00
[ 200s ] thds: 1 tps: 134.06 qps: 134.06 (r/w/o: 0.00/131.06/3.00) lat (ms,95%): 9.06 err/s: 0.00 reconn/s: 0.00
[ 201s ] thds: 1 tps: 135.97 qps: 135.97 (r/w/o: 0.00/128.97/7.00) lat (ms,95%): 8.74 err/s: 0.00 reconn/s: 0.00
[ 202s ] thds: 1 tps: 135.99 qps: 135.99 (r/w/o: 0.00/131.00/5.00) lat (ms,95%): 8.90 err/s: 0.00 reconn/s: 0.00
[ 203s ] thds: 1 tps: 138.00 qps: 138.00 (r/w/o: 0.00/131.00/7.00) lat (ms,95%): 8.74 err/s: 0.00 reconn/s: 0.00
[ 204s ] thds: 1 tps: 132.99 qps: 132.99 (r/w/o: 0.00/131.99/1.00) lat (ms,95%): 8.90 err/s: 0.00 reconn/s: 0.00
[ 205s ] thds: 1 tps: 133.98 qps: 133.98 (r/w/o: 0.00/128.98/5.00) lat (ms,95%): 8.90 err/s: 0.00 reconn/s: 0.00
[ 206s ] thds: 1 tps: 135.03 qps: 135.03 (r/w/o: 0.00/133.02/2.00) lat (ms,95%): 8.90 err/s: 0.00 reconn/s: 0.00
[ 207s ] thds: 1 tps: 132.00 qps: 132.00 (r/w/o: 0.00/127.00/5.00) lat (ms,95%): 9.22 err/s: 0.00 reconn/s: 0.00
[ 208s ] thds: 1 tps: 133.98 qps: 133.98 (r/w/o: 0.00/129.98/4.00) lat (ms,95%): 8.90 err/s: 0.00 reconn/s: 0.00
[ 209s ] thds: 1 tps: 135.00 qps: 135.00 (r/w/o: 0.00/133.00/2.00) lat (ms,95%): 8.90 err/s: 0.00 reconn/s: 0.00
[ 210s ] thds: 1 tps: 135.01 qps: 135.01 (r/w/o: 0.00/130.01/5.00) lat (ms,95%): 9.06 err/s: 0.00 reconn/s: 0.00
[ 211s ] thds: 1 tps: 134.00 qps: 134.00 (r/w/o: 0.00/130.00/4.00) lat (ms,95%): 9.06 err/s: 0.00 reconn/s: 0.00
[ 212s ] thds: 1 tps: 136.00 qps: 136.00 (r/w/o: 0.00/134.00/2.00) lat (ms,95%): 8.90 err/s: 0.00 reconn/s: 0.00
[ 213s ] thds: 1 tps: 134.99 qps: 134.99 (r/w/o: 0.00/130.99/4.00) lat (ms,95%): 9.06 err/s: 0.00 reconn/s: 0.00
[ 214s ] thds: 1 tps: 133.01 qps: 133.01 (r/w/o: 0.00/131.01/2.00) lat (ms,95%): 8.90 err/s: 0.00 reconn/s: 0.00
[ 215s ] thds: 1 tps: 132.99 qps: 132.99 (r/w/o: 0.00/130.99/2.00) lat (ms,95%): 8.90 err/s: 0.00 reconn/s: 0.00
[ 216s ] thds: 1 tps: 137.02 qps: 137.02 (r/w/o: 0.00/135.02/2.00) lat (ms,95%): 9.06 err/s: 0.00 reconn/s: 0.00
[ 217s ] thds: 1 tps: 130.99 qps: 130.99 (r/w/o: 0.00/129.99/1.00) lat (ms,95%): 9.22 err/s: 0.00 reconn/s: 0.00
[ 218s ] thds: 1 tps: 133.00 qps: 133.00 (r/w/o: 0.00/131.00/2.00) lat (ms,95%): 9.06 err/s: 0.00 reconn/s: 0.00
[ 219s ] thds: 1 tps: 138.01 qps: 138.01 (r/w/o: 0.00/136.01/2.00) lat (ms,95%): 8.90 err/s: 0.00 reconn/s: 0.00
[ 220s ] thds: 1 tps: 135.05 qps: 135.05 (r/w/o: 0.00/132.05/3.00) lat (ms,95%): 9.06 err/s: 0.00 reconn/s: 0.00
[ 221s ] thds: 1 tps: 133.95 qps: 133.95 (r/w/o: 0.00/132.95/1.00) lat (ms,95%): 8.90 err/s: 0.00 reconn/s: 0.00
[ 222s ] thds: 1 tps: 136.00 qps: 136.00 (r/w/o: 0.00/128.00/8.00) lat (ms,95%): 8.90 err/s: 0.00 reconn/s: 0.00
[ 223s ] thds: 1 tps: 133.00 qps: 133.00 (r/w/o: 0.00/131.00/2.00) lat (ms,95%): 9.06 err/s: 0.00 reconn/s: 0.00
[ 224s ] thds: 1 tps: 132.98 qps: 132.98 (r/w/o: 0.00/130.99/2.00) lat (ms,95%): 9.06 err/s: 0.00 reconn/s: 0.00
[ 225s ] thds: 1 tps: 134.01 qps: 134.01 (r/w/o: 0.00/131.01/3.00) lat (ms,95%): 8.90 err/s: 0.00 reconn/s: 0.00
[ 226s ] thds: 1 tps: 137.01 qps: 137.01 (r/w/o: 0.00/135.01/2.00) lat (ms,95%): 8.90 err/s: 0.00 reconn/s: 0.00
[ 227s ] thds: 1 tps: 131.03 qps: 131.03 (r/w/o: 0.00/128.03/3.00) lat (ms,95%): 9.06 err/s: 0.00 reconn/s: 0.00
[ 228s ] thds: 1 tps: 135.02 qps: 135.02 (r/w/o: 0.00/132.02/3.00) lat (ms,95%): 8.74 err/s: 0.00 reconn/s: 0.00
[ 229s ] thds: 1 tps: 135.98 qps: 135.98 (r/w/o: 0.00/130.98/5.00) lat (ms,95%): 8.90 err/s: 0.00 reconn/s: 0.00
[ 230s ] thds: 1 tps: 134.98 qps: 134.98 (r/w/o: 0.00/130.98/4.00) lat (ms,95%): 9.06 err/s: 0.00 reconn/s: 0.00
[ 231s ] thds: 1 tps: 134.02 qps: 134.02 (r/w/o: 0.00/127.02/7.00) lat (ms,95%): 8.90 err/s: 0.00 reconn/s: 0.00
[ 232s ] thds: 1 tps: 133.97 qps: 133.97 (r/w/o: 0.00/130.97/3.00) lat (ms,95%): 8.74 err/s: 0.00 reconn/s: 0.00
[ 233s ] thds: 1 tps: 136.00 qps: 136.00 (r/w/o: 0.00/133.00/3.00) lat (ms,95%): 8.74 err/s: 0.00 reconn/s: 0.00
[ 234s ] thds: 1 tps: 136.00 qps: 136.00 (r/w/o: 0.00/133.00/3.00) lat (ms,95%): 8.74 err/s: 0.00 reconn/s: 0.00
[ 235s ] thds: 1 tps: 135.99 qps: 135.99 (r/w/o: 0.00/129.99/6.00) lat (ms,95%): 8.74 err/s: 0.00 reconn/s: 0.00
[ 236s ] thds: 1 tps: 135.98 qps: 135.98 (r/w/o: 0.00/133.98/2.00) lat (ms,95%): 8.90 err/s: 0.00 reconn/s: 0.00
[ 237s ] thds: 1 tps: 136.03 qps: 136.03 (r/w/o: 0.00/135.03/1.00) lat (ms,95%): 8.58 err/s: 0.00 reconn/s: 0.00
[ 238s ] thds: 1 tps: 133.96 qps: 133.96 (r/w/o: 0.00/131.96/2.00) lat (ms,95%): 9.06 err/s: 0.00 reconn/s: 0.00
[ 239s ] thds: 1 tps: 136.03 qps: 136.03 (r/w/o: 0.00/134.03/2.00) lat (ms,95%): 8.74 err/s: 0.00 reconn/s: 0.00
Latency histogram (values are in milliseconds)
       value  ------------- distribution ------------- count
       4.737 |                                         1
       4.823 |                                         3
       4.910 |                                         2
       4.999 |                                         6
       5.183 |                                         2
       5.277 |                                         1
       5.373 |                                         10
       5.470 |*                                        55
       5.570 |**                                       89
       5.671 |**                                       82
       5.774 |*                                        77
       5.879 |*                                        69
       5.986 |***                                      141
       6.095 |******                                   315
       6.205 |************                             630
       6.318 |****************                         862
       6.433 |*************                            678
       6.550 |***********                              601
       6.669 |***************                          830
       6.790 |*********************                    1149
       6.913 |**************************               1404
       7.039 |**********************************       1803
       7.167 |**************************************** 2137
       7.297 |**************************************** 2149
       7.430 |*******************************          1640
       7.565 |**************************               1408
       7.702 |************************                 1313
       7.842 |**************************               1400
       7.985 |************************                 1287
       8.130 |**********************                   1172
       8.277 |***********************                  1239
       8.428 |*************************                1348
       8.581 |***************************              1439
       8.737 |****************************             1525
       8.895 |************************                 1265
       9.057 |****************                         868
       9.222 |***********                              599
       9.389 |*********                                478
       9.560 |******                                   340
       9.734 |****                                     211
       9.910 |***                                      138
      10.090 |**                                       100
      10.274 |*                                        66
      10.460 |*                                        49
      10.651 |*                                        31
      10.844 |                                         25
      11.041 |                                         18
      11.242 |                                         12
      11.446 |                                         6
      11.654 |                                         4
      11.866 |                                         5
      12.081 |                                         7
      12.301 |                                         5
      12.524 |                                         5
      12.752 |                                         3
      12.984 |                                         4
      13.219 |                                         2
      13.460 |                                         1
      13.704 |                                         3
      14.728 |                                         1
      15.268 |                                         1
      15.828 |                                         1
      16.115 |                                         1
 
SQL statistics:
    queries performed:
        read:                            0
        write:                           30426
        other:                           690
        total:                           31116
    transactions:                        31116  (129.65 per sec.)
    queries:                             31116  (129.65 per sec.)
    ignored errors:                      0      (0.00 per sec.)
    reconnects:                          0      (0.00 per sec.)

Throughput:
    events/s (eps):                      129.6474
    time elapsed:                        240.0049s
    total number of events:              31116

Latency (ms):
         min:                                    4.75
         avg:                                    7.71
         max:                                   16.06
         95th percentile:                        9.22
         sum:                               239953.19

Threads fairness:
    events (avg/stddev):           31116.0000/0.00
    execution time (avg/stddev):   239.9532/0.00

