sysbench 1.1.0-3ceba0b (using bundled LuaJIT 2.1.0-beta3)

Running the test with following options:
Number of threads: 8
Warmup time: 60s
Report intermediate results every 1 second(s)
Initializing random number generator from current time


Initializing worker threads...

Threads started!

Warming up for 60 seconds...

[ 1s ] thds: 8 tps: 116.98 qps: 2340.06 (r/w/o: 1638.07/460.02/241.97) lat (ms,95%): 82.96 err/s: 0.00 reconn/s: 0.00
[ 2s ] thds: 8 tps: 113.99 qps: 2346.88 (r/w/o: 1651.92/462.98/231.99) lat (ms,95%): 81.48 err/s: 0.00 reconn/s: 0.00
[ 3s ] thds: 8 tps: 120.00 qps: 2376.92 (r/w/o: 1665.94/463.98/246.99) lat (ms,95%): 82.96 err/s: 0.00 reconn/s: 0.00
[ 4s ] thds: 8 tps: 118.00 qps: 2364.96 (r/w/o: 1653.97/461.99/249.00) lat (ms,95%): 82.96 err/s: 0.00 reconn/s: 0.00
[ 5s ] thds: 8 tps: 117.01 qps: 2339.11 (r/w/o: 1641.08/450.02/248.01) lat (ms,95%): 82.96 err/s: 0.00 reconn/s: 0.00
[ 6s ] thds: 8 tps: 118.03 qps: 2361.69 (r/w/o: 1649.48/464.14/248.07) lat (ms,95%): 81.48 err/s: 0.00 reconn/s: 0.00
[ 7s ] thds: 8 tps: 118.97 qps: 2364.32 (r/w/o: 1655.52/467.87/240.93) lat (ms,95%): 82.96 err/s: 0.00 reconn/s: 0.00
[ 8s ] thds: 8 tps: 118.00 qps: 2367.07 (r/w/o: 1655.05/464.01/248.01) lat (ms,95%): 82.96 err/s: 0.00 reconn/s: 0.00
[ 9s ] thds: 8 tps: 118.98 qps: 2377.64 (r/w/o: 1660.75/464.93/251.96) lat (ms,95%): 81.48 err/s: 0.00 reconn/s: 0.00
[ 10s ] thds: 8 tps: 119.06 qps: 2371.27 (r/w/o: 1663.89/459.25/248.13) lat (ms,95%): 82.96 err/s: 0.00 reconn/s: 0.00
[ 11s ] thds: 8 tps: 115.97 qps: 2362.36 (r/w/o: 1661.55/460.87/239.93) lat (ms,95%): 81.48 err/s: 0.00 reconn/s: 0.00
[ 12s ] thds: 8 tps: 117.98 qps: 2355.66 (r/w/o: 1644.76/473.93/236.97) lat (ms,95%): 81.48 err/s: 0.00 reconn/s: 0.00
[ 13s ] thds: 8 tps: 118.00 qps: 2351.06 (r/w/o: 1643.04/466.01/242.01) lat (ms,95%): 82.96 err/s: 0.00 reconn/s: 0.00
[ 14s ] thds: 8 tps: 119.01 qps: 2372.16 (r/w/o: 1661.11/467.03/244.02) lat (ms,95%): 84.47 err/s: 0.00 reconn/s: 0.00
[ 15s ] thds: 8 tps: 119.00 qps: 2367.93 (r/w/o: 1654.95/468.99/243.99) lat (ms,95%): 82.96 err/s: 0.00 reconn/s: 0.00
[ 16s ] thds: 8 tps: 118.04 qps: 2353.88 (r/w/o: 1648.62/458.17/247.09) lat (ms,95%): 82.96 err/s: 0.00 reconn/s: 0.00
[ 17s ] thds: 8 tps: 116.98 qps: 2355.50 (r/w/o: 1650.65/460.90/243.95) lat (ms,95%): 82.96 err/s: 0.00 reconn/s: 0.00
[ 18s ] thds: 8 tps: 117.99 qps: 2354.77 (r/w/o: 1649.84/463.95/240.98) lat (ms,95%): 82.96 err/s: 0.00 reconn/s: 0.00
[ 19s ] thds: 8 tps: 116.98 qps: 2343.63 (r/w/o: 1640.74/460.93/241.96) lat (ms,95%): 82.96 err/s: 0.00 reconn/s: 0.00
[ 20s ] thds: 8 tps: 118.01 qps: 2358.22 (r/w/o: 1648.16/465.04/245.02) lat (ms,95%): 82.96 err/s: 0.00 reconn/s: 0.00
[ 21s ] thds: 8 tps: 115.00 qps: 2309.94 (r/w/o: 1617.96/455.99/235.99) lat (ms,95%): 82.96 err/s: 0.00 reconn/s: 0.00
[ 22s ] thds: 8 tps: 117.98 qps: 2373.54 (r/w/o: 1662.68/469.91/240.95) lat (ms,95%): 82.96 err/s: 0.00 reconn/s: 0.00
[ 23s ] thds: 8 tps: 118.02 qps: 2363.35 (r/w/o: 1653.24/468.07/242.04) lat (ms,95%): 82.96 err/s: 0.00 reconn/s: 0.00
[ 24s ] thds: 8 tps: 119.00 qps: 2356.10 (r/w/o: 1650.07/459.02/247.01) lat (ms,95%): 82.96 err/s: 0.00 reconn/s: 0.00
[ 25s ] thds: 8 tps: 118.05 qps: 2362.94 (r/w/o: 1652.65/468.19/242.10) lat (ms,95%): 82.96 err/s: 0.00 reconn/s: 0.00
[ 26s ] thds: 8 tps: 118.95 qps: 2356.92 (r/w/o: 1646.25/468.79/241.89) lat (ms,95%): 86.00 err/s: 0.00 reconn/s: 0.00
[ 27s ] thds: 8 tps: 116.01 qps: 2345.12 (r/w/o: 1646.08/454.02/245.01) lat (ms,95%): 84.47 err/s: 0.00 reconn/s: 0.00
[ 28s ] thds: 8 tps: 120.05 qps: 2365.91 (r/w/o: 1650.63/469.18/246.09) lat (ms,95%): 82.96 err/s: 0.00 reconn/s: 0.00
[ 29s ] thds: 8 tps: 115.94 qps: 2353.87 (r/w/o: 1652.21/461.78/239.89) lat (ms,95%): 82.96 err/s: 0.00 reconn/s: 0.00
[ 30s ] thds: 8 tps: 119.02 qps: 2380.38 (r/w/o: 1669.27/465.07/246.04) lat (ms,95%): 82.96 err/s: 0.00 reconn/s: 0.00
[ 31s ] thds: 8 tps: 117.99 qps: 2373.72 (r/w/o: 1661.81/465.95/245.97) lat (ms,95%): 82.96 err/s: 0.00 reconn/s: 0.00
[ 32s ] thds: 8 tps: 118.00 qps: 2358.03 (r/w/o: 1643.02/471.01/244.00) lat (ms,95%): 81.48 err/s: 0.00 reconn/s: 0.00
[ 33s ] thds: 8 tps: 118.00 qps: 2338.06 (r/w/o: 1641.04/453.01/244.01) lat (ms,95%): 82.96 err/s: 0.00 reconn/s: 0.00
[ 34s ] thds: 8 tps: 117.99 qps: 2358.77 (r/w/o: 1650.84/464.96/242.98) lat (ms,95%): 82.96 err/s: 0.00 reconn/s: 0.00
[ 35s ] thds: 8 tps: 116.05 qps: 2336.08 (r/w/o: 1636.76/458.21/241.11) lat (ms,95%): 84.47 err/s: 0.00 reconn/s: 0.00
[ 36s ] thds: 8 tps: 115.95 qps: 2343.01 (r/w/o: 1642.31/467.80/232.90) lat (ms,95%): 82.96 err/s: 0.00 reconn/s: 0.00
[ 37s ] thds: 8 tps: 119.01 qps: 2365.16 (r/w/o: 1656.11/460.03/249.02) lat (ms,95%): 82.96 err/s: 0.00 reconn/s: 0.00
[ 38s ] thds: 8 tps: 120.99 qps: 2384.74 (r/w/o: 1664.82/472.95/246.97) lat (ms,95%): 82.96 err/s: 0.00 reconn/s: 0.00
[ 39s ] thds: 8 tps: 118.00 qps: 2373.01 (r/w/o: 1658.01/471.00/244.00) lat (ms,95%): 82.96 err/s: 0.00 reconn/s: 0.00
[ 40s ] thds: 8 tps: 119.01 qps: 2369.29 (r/w/o: 1658.20/468.06/243.03) lat (ms,95%): 82.96 err/s: 0.00 reconn/s: 0.00
[ 41s ] thds: 8 tps: 116.98 qps: 2349.61 (r/w/o: 1645.72/462.92/240.96) lat (ms,95%): 84.47 err/s: 0.00 reconn/s: 0.00
[ 42s ] thds: 8 tps: 117.02 qps: 2375.31 (r/w/o: 1674.22/454.06/247.03) lat (ms,95%): 82.96 err/s: 0.00 reconn/s: 0.00
[ 43s ] thds: 8 tps: 121.98 qps: 2370.64 (r/w/o: 1644.75/475.93/249.96) lat (ms,95%): 82.96 err/s: 0.00 reconn/s: 0.00
[ 44s ] thds: 8 tps: 115.06 qps: 2360.25 (r/w/o: 1665.88/456.24/238.13) lat (ms,95%): 82.96 err/s: 0.00 reconn/s: 0.00
[ 45s ] thds: 8 tps: 118.95 qps: 2361.03 (r/w/o: 1646.32/465.81/248.90) lat (ms,95%): 82.96 err/s: 0.00 reconn/s: 0.00
[ 46s ] thds: 8 tps: 117.99 qps: 2358.85 (r/w/o: 1649.90/462.97/245.98) lat (ms,95%): 82.96 err/s: 0.00 reconn/s: 0.00
[ 47s ] thds: 8 tps: 117.00 qps: 2354.08 (r/w/o: 1653.05/463.02/238.01) lat (ms,95%): 82.96 err/s: 0.00 reconn/s: 0.00
[ 48s ] thds: 8 tps: 118.05 qps: 2362.03 (r/w/o: 1649.72/466.20/246.11) lat (ms,95%): 82.96 err/s: 0.00 reconn/s: 0.00
[ 49s ] thds: 8 tps: 119.01 qps: 2364.12 (r/w/o: 1651.08/471.02/242.01) lat (ms,95%): 84.47 err/s: 0.00 reconn/s: 0.00
[ 50s ] thds: 8 tps: 119.96 qps: 2383.11 (r/w/o: 1670.38/467.83/244.91) lat (ms,95%): 82.96 err/s: 0.00 reconn/s: 0.00
[ 51s ] thds: 8 tps: 116.99 qps: 2354.84 (r/w/o: 1652.88/459.97/241.98) lat (ms,95%): 84.47 err/s: 0.00 reconn/s: 0.00
[ 52s ] thds: 8 tps: 119.97 qps: 2357.41 (r/w/o: 1637.59/471.88/247.94) lat (ms,95%): 82.96 err/s: 0.00 reconn/s: 0.00
[ 53s ] thds: 8 tps: 117.00 qps: 2376.97 (r/w/o: 1670.98/459.99/246.00) lat (ms,95%): 86.00 err/s: 0.00 reconn/s: 0.00
[ 54s ] thds: 8 tps: 117.02 qps: 2385.49 (r/w/o: 1673.35/469.10/243.05) lat (ms,95%): 82.96 err/s: 0.00 reconn/s: 0.00
[ 55s ] thds: 8 tps: 120.01 qps: 2359.16 (r/w/o: 1648.11/461.03/250.02) lat (ms,95%): 82.96 err/s: 0.00 reconn/s: 0.00
[ 56s ] thds: 8 tps: 119.01 qps: 2389.14 (r/w/o: 1677.10/464.03/248.01) lat (ms,95%): 81.48 err/s: 0.00 reconn/s: 0.00
[ 57s ] thds: 8 tps: 119.97 qps: 2383.44 (r/w/o: 1660.61/471.89/250.94) lat (ms,95%): 81.48 err/s: 0.00 reconn/s: 0.00
[ 58s ] thds: 8 tps: 118.03 qps: 2376.70 (r/w/o: 1668.49/466.14/242.07) lat (ms,95%): 82.96 err/s: 0.00 reconn/s: 0.00
[ 59s ] thds: 8 tps: 119.96 qps: 2360.23 (r/w/o: 1646.46/463.85/249.92) lat (ms,95%): 84.47 err/s: 0.00 reconn/s: 0.00
[ 60s ] thds: 8 tps: 116.05 qps: 2376.07 (r/w/o: 1673.76/465.21/237.11) lat (ms,95%): 82.96 err/s: 0.00 reconn/s: 0.00
[ 61s ] thds: 8 tps: 119.03 qps: 2365.56 (r/w/o: 1647.39/473.11/245.06) lat (ms,95%): 82.96 err/s: 0.00 reconn/s: 0.00
[ 62s ] thds: 8 tps: 118.93 qps: 2371.60 (r/w/o: 1666.02/459.73/245.85) lat (ms,95%): 82.96 err/s: 0.00 reconn/s: 0.00
[ 63s ] thds: 8 tps: 120.00 qps: 2385.05 (r/w/o: 1664.04/470.01/251.01) lat (ms,95%): 82.96 err/s: 0.00 reconn/s: 0.00
[ 64s ] thds: 8 tps: 119.06 qps: 2377.16 (r/w/o: 1664.81/471.23/241.12) lat (ms,95%): 82.96 err/s: 0.00 reconn/s: 0.00
[ 65s ] thds: 8 tps: 115.97 qps: 2379.31 (r/w/o: 1670.51/468.86/239.93) lat (ms,95%): 82.96 err/s: 0.00 reconn/s: 0.00
[ 66s ] thds: 8 tps: 120.97 qps: 2356.39 (r/w/o: 1641.57/467.88/246.94) lat (ms,95%): 82.96 err/s: 0.00 reconn/s: 0.00
[ 67s ] thds: 8 tps: 119.01 qps: 2385.28 (r/w/o: 1671.19/463.05/251.03) lat (ms,95%): 82.96 err/s: 0.00 reconn/s: 0.00
[ 68s ] thds: 8 tps: 117.00 qps: 2369.05 (r/w/o: 1668.04/463.01/238.01) lat (ms,95%): 84.47 err/s: 0.00 reconn/s: 0.00
[ 69s ] thds: 8 tps: 120.01 qps: 2386.17 (r/w/o: 1660.12/478.03/248.02) lat (ms,95%): 81.48 err/s: 0.00 reconn/s: 0.00
[ 70s ] thds: 8 tps: 117.03 qps: 2353.58 (r/w/o: 1654.41/459.11/240.06) lat (ms,95%): 81.48 err/s: 0.00 reconn/s: 0.00
[ 71s ] thds: 8 tps: 118.92 qps: 2377.49 (r/w/o: 1658.95/472.70/245.84) lat (ms,95%): 82.96 err/s: 0.00 reconn/s: 0.00
[ 72s ] thds: 8 tps: 119.03 qps: 2372.57 (r/w/o: 1665.40/464.11/243.06) lat (ms,95%): 84.47 err/s: 0.00 reconn/s: 0.00
[ 73s ] thds: 8 tps: 120.01 qps: 2378.25 (r/w/o: 1658.17/475.05/245.03) lat (ms,95%): 82.96 err/s: 0.00 reconn/s: 0.00
[ 74s ] thds: 8 tps: 117.99 qps: 2372.83 (r/w/o: 1667.88/462.97/241.98) lat (ms,95%): 82.96 err/s: 0.00 reconn/s: 0.00
[ 75s ] thds: 8 tps: 117.00 qps: 2377.94 (r/w/o: 1669.96/462.99/244.99) lat (ms,95%): 82.96 err/s: 0.00 reconn/s: 0.00
[ 76s ] thds: 8 tps: 119.97 qps: 2392.46 (r/w/o: 1672.62/472.89/246.94) lat (ms,95%): 80.03 err/s: 0.00 reconn/s: 0.00
[ 77s ] thds: 8 tps: 122.00 qps: 2404.99 (r/w/o: 1678.00/469.00/258.00) lat (ms,95%): 81.48 err/s: 0.00 reconn/s: 0.00
[ 78s ] thds: 8 tps: 119.09 qps: 2371.73 (r/w/o: 1655.21/473.35/243.18) lat (ms,95%): 84.47 err/s: 0.00 reconn/s: 0.00
[ 79s ] thds: 8 tps: 117.93 qps: 2388.56 (r/w/o: 1680.98/465.72/241.85) lat (ms,95%): 82.96 err/s: 0.00 reconn/s: 0.00
[ 80s ] thds: 8 tps: 118.01 qps: 2359.17 (r/w/o: 1648.12/464.03/247.02) lat (ms,95%): 81.48 err/s: 0.00 reconn/s: 0.00
[ 81s ] thds: 8 tps: 120.06 qps: 2386.19 (r/w/o: 1667.83/474.24/244.12) lat (ms,95%): 81.48 err/s: 0.00 reconn/s: 0.00
[ 82s ] thds: 8 tps: 116.96 qps: 2358.09 (r/w/o: 1653.37/459.82/244.91) lat (ms,95%): 82.96 err/s: 0.00 reconn/s: 0.00
[ 83s ] thds: 8 tps: 117.98 qps: 2360.63 (r/w/o: 1655.74/464.93/239.96) lat (ms,95%): 82.96 err/s: 0.00 reconn/s: 0.00
[ 84s ] thds: 8 tps: 119.07 qps: 2370.41 (r/w/o: 1654.98/464.28/251.15) lat (ms,95%): 81.48 err/s: 0.00 reconn/s: 0.00
[ 85s ] thds: 8 tps: 119.00 qps: 2362.01 (r/w/o: 1654.01/463.00/245.00) lat (ms,95%): 82.96 err/s: 0.00 reconn/s: 0.00
[ 86s ] thds: 8 tps: 117.89 qps: 2365.76 (r/w/o: 1656.43/464.56/244.77) lat (ms,95%): 81.48 err/s: 0.00 reconn/s: 0.00
[ 87s ] thds: 8 tps: 117.06 qps: 2359.12 (r/w/o: 1653.78/466.22/239.11) lat (ms,95%): 82.96 err/s: 0.00 reconn/s: 0.00
[ 88s ] thds: 8 tps: 118.05 qps: 2379.93 (r/w/o: 1664.65/472.19/243.10) lat (ms,95%): 81.48 err/s: 0.00 reconn/s: 0.00
[ 89s ] thds: 8 tps: 119.95 qps: 2395.97 (r/w/o: 1683.27/466.80/245.89) lat (ms,95%): 80.03 err/s: 0.00 reconn/s: 0.00
[ 90s ] thds: 8 tps: 121.00 qps: 2363.92 (r/w/o: 1641.94/472.98/248.99) lat (ms,95%): 81.48 err/s: 0.00 reconn/s: 0.00
[ 91s ] thds: 8 tps: 116.01 qps: 2360.20 (r/w/o: 1659.14/464.04/237.02) lat (ms,95%): 84.47 err/s: 0.00 reconn/s: 0.00
[ 92s ] thds: 8 tps: 119.05 qps: 2378.05 (r/w/o: 1661.73/471.21/245.11) lat (ms,95%): 81.48 err/s: 0.00 reconn/s: 0.00
[ 93s ] thds: 8 tps: 116.98 qps: 2349.53 (r/w/o: 1647.67/458.91/242.95) lat (ms,95%): 81.48 err/s: 0.00 reconn/s: 0.00
[ 94s ] thds: 8 tps: 119.98 qps: 2373.68 (r/w/o: 1655.78/463.94/253.97) lat (ms,95%): 84.47 err/s: 0.00 reconn/s: 0.00
[ 95s ] thds: 8 tps: 116.97 qps: 2347.34 (r/w/o: 1647.54/461.87/237.93) lat (ms,95%): 82.96 err/s: 0.00 reconn/s: 0.00
[ 96s ] thds: 8 tps: 118.02 qps: 2372.34 (r/w/o: 1662.24/466.07/244.03) lat (ms,95%): 82.96 err/s: 0.00 reconn/s: 0.00
[ 97s ] thds: 8 tps: 118.00 qps: 2355.91 (r/w/o: 1646.94/462.98/245.99) lat (ms,95%): 82.96 err/s: 0.00 reconn/s: 0.00
[ 98s ] thds: 8 tps: 117.98 qps: 2355.54 (r/w/o: 1652.68/459.91/242.95) lat (ms,95%): 82.96 err/s: 0.00 reconn/s: 0.00
[ 99s ] thds: 8 tps: 120.07 qps: 2365.47 (r/w/o: 1642.02/468.29/255.16) lat (ms,95%): 81.48 err/s: 0.00 reconn/s: 0.00
[ 100s ] thds: 8 tps: 116.95 qps: 2367.03 (r/w/o: 1666.32/454.81/245.90) lat (ms,95%): 82.96 err/s: 0.00 reconn/s: 0.00
[ 101s ] thds: 8 tps: 118.06 qps: 2372.25 (r/w/o: 1664.88/465.25/242.13) lat (ms,95%): 81.48 err/s: 0.00 reconn/s: 0.00
[ 102s ] thds: 8 tps: 120.00 qps: 2372.93 (r/w/o: 1650.95/467.99/253.99) lat (ms,95%): 82.96 err/s: 0.00 reconn/s: 0.00
[ 103s ] thds: 8 tps: 116.95 qps: 2366.06 (r/w/o: 1668.34/458.82/238.91) lat (ms,95%): 81.48 err/s: 0.00 reconn/s: 0.00
[ 104s ] thds: 8 tps: 118.98 qps: 2349.65 (r/w/o: 1635.75/470.93/242.96) lat (ms,95%): 82.96 err/s: 0.00 reconn/s: 0.00
[ 105s ] thds: 8 tps: 117.07 qps: 2370.32 (r/w/o: 1662.93/465.26/242.14) lat (ms,95%): 82.96 err/s: 0.00 reconn/s: 0.00
[ 106s ] thds: 8 tps: 117.94 qps: 2350.72 (r/w/o: 1644.10/458.75/247.86) lat (ms,95%): 82.96 err/s: 0.00 reconn/s: 0.00
[ 107s ] thds: 8 tps: 117.00 qps: 2358.03 (r/w/o: 1655.02/462.01/241.00) lat (ms,95%): 82.96 err/s: 0.00 reconn/s: 0.00
[ 108s ] thds: 8 tps: 119.00 qps: 2367.95 (r/w/o: 1653.97/466.99/247.00) lat (ms,95%): 82.96 err/s: 0.00 reconn/s: 0.00
[ 109s ] thds: 8 tps: 119.00 qps: 2389.99 (r/w/o: 1675.99/465.00/249.00) lat (ms,95%): 82.96 err/s: 0.00 reconn/s: 0.00
[ 110s ] thds: 8 tps: 119.01 qps: 2366.22 (r/w/o: 1657.15/466.04/243.02) lat (ms,95%): 84.47 err/s: 0.00 reconn/s: 0.00
[ 111s ] thds: 8 tps: 119.05 qps: 2378.01 (r/w/o: 1660.71/462.20/255.11) lat (ms,95%): 82.96 err/s: 0.00 reconn/s: 0.00
[ 112s ] thds: 8 tps: 117.01 qps: 2367.19 (r/w/o: 1659.13/468.04/240.02) lat (ms,95%): 82.96 err/s: 0.00 reconn/s: 0.00
[ 113s ] thds: 8 tps: 119.00 qps: 2367.00 (r/w/o: 1658.00/461.00/248.00) lat (ms,95%): 84.47 err/s: 0.00 reconn/s: 0.00
[ 114s ] thds: 8 tps: 119.98 qps: 2363.69 (r/w/o: 1648.78/469.94/244.97) lat (ms,95%): 84.47 err/s: 0.00 reconn/s: 0.00
[ 115s ] thds: 8 tps: 116.91 qps: 2365.24 (r/w/o: 1654.77/465.65/244.82) lat (ms,95%): 82.96 err/s: 0.00 reconn/s: 0.00
[ 116s ] thds: 8 tps: 120.09 qps: 2371.79 (r/w/o: 1656.25/466.35/249.19) lat (ms,95%): 82.96 err/s: 0.00 reconn/s: 0.00
[ 117s ] thds: 8 tps: 117.01 qps: 2371.29 (r/w/o: 1672.20/454.06/245.03) lat (ms,95%): 82.96 err/s: 0.00 reconn/s: 0.00
[ 118s ] thds: 8 tps: 116.99 qps: 2353.87 (r/w/o: 1651.91/462.97/238.99) lat (ms,95%): 84.47 err/s: 0.00 reconn/s: 0.00
[ 119s ] thds: 8 tps: 118.99 qps: 2362.78 (r/w/o: 1642.85/474.96/244.98) lat (ms,95%): 84.47 err/s: 0.00 reconn/s: 0.00
[ 120s ] thds: 8 tps: 120.00 qps: 2390.04 (r/w/o: 1672.03/467.01/251.00) lat (ms,95%): 82.96 err/s: 0.00 reconn/s: 0.00
[ 121s ] thds: 8 tps: 118.93 qps: 2367.53 (r/w/o: 1653.97/467.71/245.85) lat (ms,95%): 82.96 err/s: 0.00 reconn/s: 0.00
[ 122s ] thds: 8 tps: 115.09 qps: 2351.76 (r/w/o: 1654.24/460.34/237.18) lat (ms,95%): 82.96 err/s: 0.00 reconn/s: 0.00
[ 123s ] thds: 8 tps: 121.95 qps: 2395.08 (r/w/o: 1674.36/472.82/247.90) lat (ms,95%): 82.96 err/s: 0.00 reconn/s: 0.00
[ 124s ] thds: 8 tps: 118.03 qps: 2364.51 (r/w/o: 1656.36/464.10/244.05) lat (ms,95%): 82.96 err/s: 0.00 reconn/s: 0.00
[ 125s ] thds: 8 tps: 118.01 qps: 2378.27 (r/w/o: 1664.19/465.05/249.03) lat (ms,95%): 82.96 err/s: 0.00 reconn/s: 0.00
[ 126s ] thds: 8 tps: 120.00 qps: 2383.97 (r/w/o: 1669.98/464.99/249.00) lat (ms,95%): 82.96 err/s: 0.00 reconn/s: 0.00
[ 127s ] thds: 8 tps: 119.00 qps: 2381.97 (r/w/o: 1663.98/474.99/243.00) lat (ms,95%): 82.96 err/s: 0.00 reconn/s: 0.00
[ 128s ] thds: 8 tps: 119.00 qps: 2377.98 (r/w/o: 1665.98/464.00/248.00) lat (ms,95%): 84.47 err/s: 0.00 reconn/s: 0.00
[ 129s ] thds: 8 tps: 116.92 qps: 2356.47 (r/w/o: 1652.93/466.70/236.85) lat (ms,95%): 82.96 err/s: 0.00 reconn/s: 0.00
[ 130s ] thds: 8 tps: 119.05 qps: 2371.09 (r/w/o: 1655.76/469.22/246.11) lat (ms,95%): 82.96 err/s: 0.00 reconn/s: 0.00
[ 131s ] thds: 8 tps: 117.03 qps: 2350.53 (r/w/o: 1644.37/467.11/239.05) lat (ms,95%): 84.47 err/s: 0.00 reconn/s: 0.00
[ 132s ] thds: 8 tps: 120.00 qps: 2360.96 (r/w/o: 1649.97/463.99/247.00) lat (ms,95%): 82.96 err/s: 0.00 reconn/s: 0.00
[ 133s ] thds: 8 tps: 116.00 qps: 2368.08 (r/w/o: 1664.06/465.02/239.01) lat (ms,95%): 82.96 err/s: 0.00 reconn/s: 0.00
[ 134s ] thds: 8 tps: 118.92 qps: 2372.44 (r/w/o: 1658.91/467.69/245.84) lat (ms,95%): 84.47 err/s: 0.00 reconn/s: 0.00
[ 135s ] thds: 8 tps: 119.00 qps: 2356.06 (r/w/o: 1647.04/468.01/241.01) lat (ms,95%): 82.96 err/s: 0.00 reconn/s: 0.00
[ 136s ] thds: 8 tps: 117.07 qps: 2346.45 (r/w/o: 1643.01/460.28/243.15) lat (ms,95%): 82.96 err/s: 0.00 reconn/s: 0.00
[ 137s ] thds: 8 tps: 117.91 qps: 2364.19 (r/w/o: 1656.73/464.64/242.81) lat (ms,95%): 84.47 err/s: 0.00 reconn/s: 0.00
[ 138s ] thds: 8 tps: 118.02 qps: 2352.50 (r/w/o: 1642.35/467.10/243.05) lat (ms,95%): 84.47 err/s: 0.00 reconn/s: 0.00
[ 139s ] thds: 8 tps: 117.97 qps: 2351.47 (r/w/o: 1650.63/455.90/244.94) lat (ms,95%): 82.96 err/s: 0.00 reconn/s: 0.00
[ 140s ] thds: 8 tps: 120.00 qps: 2373.02 (r/w/o: 1652.01/472.00/249.00) lat (ms,95%): 81.48 err/s: 0.00 reconn/s: 0.00
[ 141s ] thds: 8 tps: 115.08 qps: 2352.61 (r/w/o: 1657.14/458.31/237.16) lat (ms,95%): 82.96 err/s: 0.00 reconn/s: 0.00
[ 142s ] thds: 8 tps: 117.92 qps: 2361.46 (r/w/o: 1658.92/459.70/242.84) lat (ms,95%): 84.47 err/s: 0.00 reconn/s: 0.00
[ 143s ] thds: 8 tps: 119.06 qps: 2357.20 (r/w/o: 1643.83/470.24/243.12) lat (ms,95%): 81.48 err/s: 0.00 reconn/s: 0.00
[ 144s ] thds: 8 tps: 117.01 qps: 2353.30 (r/w/o: 1647.21/467.06/239.03) lat (ms,95%): 82.96 err/s: 0.00 reconn/s: 0.00
[ 145s ] thds: 8 tps: 115.97 qps: 2361.43 (r/w/o: 1653.60/465.89/241.94) lat (ms,95%): 84.47 err/s: 0.00 reconn/s: 0.00
[ 146s ] thds: 8 tps: 121.01 qps: 2368.21 (r/w/o: 1657.14/462.04/249.02) lat (ms,95%): 81.48 err/s: 0.00 reconn/s: 0.00
[ 147s ] thds: 8 tps: 117.03 qps: 2361.58 (r/w/o: 1653.40/465.11/243.06) lat (ms,95%): 84.47 err/s: 0.00 reconn/s: 0.00
[ 148s ] thds: 8 tps: 116.94 qps: 2339.85 (r/w/o: 1639.20/457.78/242.88) lat (ms,95%): 82.96 err/s: 0.00 reconn/s: 0.00
[ 149s ] thds: 8 tps: 118.97 qps: 2367.46 (r/w/o: 1650.62/472.89/243.94) lat (ms,95%): 84.47 err/s: 0.00 reconn/s: 0.00
[ 150s ] thds: 8 tps: 119.03 qps: 2367.64 (r/w/o: 1661.45/462.13/244.07) lat (ms,95%): 81.48 err/s: 0.00 reconn/s: 0.00
[ 151s ] thds: 8 tps: 118.06 qps: 2378.18 (r/w/o: 1660.83/467.23/250.12) lat (ms,95%): 84.47 err/s: 0.00 reconn/s: 0.00
[ 152s ] thds: 8 tps: 118.99 qps: 2373.70 (r/w/o: 1666.79/460.94/245.97) lat (ms,95%): 82.96 err/s: 0.00 reconn/s: 0.00
[ 153s ] thds: 8 tps: 116.00 qps: 2336.02 (r/w/o: 1638.02/459.00/239.00) lat (ms,95%): 82.96 err/s: 0.00 reconn/s: 0.00
[ 154s ] thds: 8 tps: 120.01 qps: 2367.17 (r/w/o: 1651.12/467.03/249.02) lat (ms,95%): 82.96 err/s: 0.00 reconn/s: 0.00
[ 155s ] thds: 8 tps: 116.99 qps: 2366.82 (r/w/o: 1659.87/460.96/245.98) lat (ms,95%): 81.48 err/s: 0.00 reconn/s: 0.00
[ 156s ] thds: 8 tps: 116.91 qps: 2356.28 (r/w/o: 1649.80/464.66/241.82) lat (ms,95%): 82.96 err/s: 0.00 reconn/s: 0.00
[ 157s ] thds: 8 tps: 120.10 qps: 2374.95 (r/w/o: 1659.37/472.39/243.20) lat (ms,95%): 84.47 err/s: 0.00 reconn/s: 0.00
[ 158s ] thds: 8 tps: 119.00 qps: 2349.96 (r/w/o: 1640.97/467.99/241.00) lat (ms,95%): 84.47 err/s: 0.00 reconn/s: 0.00
[ 159s ] thds: 8 tps: 116.99 qps: 2378.78 (r/w/o: 1670.85/462.96/244.98) lat (ms,95%): 82.96 err/s: 0.00 reconn/s: 0.00
[ 160s ] thds: 8 tps: 119.02 qps: 2358.32 (r/w/o: 1646.22/462.06/250.03) lat (ms,95%): 82.96 err/s: 0.00 reconn/s: 0.00
[ 161s ] thds: 8 tps: 116.98 qps: 2355.70 (r/w/o: 1657.79/451.94/245.97) lat (ms,95%): 82.96 err/s: 0.00 reconn/s: 0.00
[ 162s ] thds: 8 tps: 118.01 qps: 2372.15 (r/w/o: 1663.10/464.03/245.02) lat (ms,95%): 84.47 err/s: 0.00 reconn/s: 0.00
[ 163s ] thds: 8 tps: 119.98 qps: 2363.61 (r/w/o: 1637.73/480.92/244.96) lat (ms,95%): 82.96 err/s: 0.00 reconn/s: 0.00
[ 164s ] thds: 8 tps: 116.93 qps: 2363.62 (r/w/o: 1669.03/456.73/237.86) lat (ms,95%): 82.96 err/s: 0.00 reconn/s: 0.00
[ 165s ] thds: 8 tps: 120.00 qps: 2374.07 (r/w/o: 1650.05/471.01/253.01) lat (ms,95%): 82.96 err/s: 0.00 reconn/s: 0.00
[ 166s ] thds: 8 tps: 116.99 qps: 2373.86 (r/w/o: 1670.90/460.97/241.99) lat (ms,95%): 82.96 err/s: 0.00 reconn/s: 0.00
[ 167s ] thds: 8 tps: 117.98 qps: 2347.66 (r/w/o: 1641.76/462.93/242.96) lat (ms,95%): 82.96 err/s: 0.00 reconn/s: 0.00
[ 168s ] thds: 8 tps: 119.10 qps: 2382.92 (r/w/o: 1667.34/468.38/247.20) lat (ms,95%): 82.96 err/s: 0.00 reconn/s: 0.00
[ 169s ] thds: 8 tps: 119.02 qps: 2367.30 (r/w/o: 1657.21/467.06/243.03) lat (ms,95%): 82.96 err/s: 0.00 reconn/s: 0.00
[ 170s ] thds: 8 tps: 117.99 qps: 2360.85 (r/w/o: 1648.89/468.97/242.98) lat (ms,95%): 82.96 err/s: 0.00 reconn/s: 0.00
[ 171s ] thds: 8 tps: 118.99 qps: 2365.78 (r/w/o: 1656.85/461.96/246.98) lat (ms,95%): 82.96 err/s: 0.00 reconn/s: 0.00
[ 172s ] thds: 8 tps: 115.01 qps: 2349.20 (r/w/o: 1649.14/464.04/236.02) lat (ms,95%): 84.47 err/s: 0.00 reconn/s: 0.00
[ 173s ] thds: 8 tps: 120.99 qps: 2385.75 (r/w/o: 1664.83/471.95/248.97) lat (ms,95%): 82.96 err/s: 0.00 reconn/s: 0.00
[ 174s ] thds: 8 tps: 117.94 qps: 2384.85 (r/w/o: 1677.19/463.78/243.88) lat (ms,95%): 82.96 err/s: 0.00 reconn/s: 0.00
[ 175s ] thds: 8 tps: 118.07 qps: 2348.42 (r/w/o: 1636.99/466.28/245.15) lat (ms,95%): 82.96 err/s: 0.00 reconn/s: 0.00
[ 176s ] thds: 8 tps: 116.93 qps: 2355.51 (r/w/o: 1652.95/460.71/241.85) lat (ms,95%): 82.96 err/s: 0.00 reconn/s: 0.00
[ 177s ] thds: 8 tps: 119.08 qps: 2369.62 (r/w/o: 1662.13/464.32/243.17) lat (ms,95%): 81.48 err/s: 0.00 reconn/s: 0.00
[ 178s ] thds: 8 tps: 119.98 qps: 2373.59 (r/w/o: 1653.71/472.92/246.96) lat (ms,95%): 82.96 err/s: 0.00 reconn/s: 0.00
[ 179s ] thds: 8 tps: 117.93 qps: 2375.51 (r/w/o: 1666.96/465.71/242.85) lat (ms,95%): 81.48 err/s: 0.00 reconn/s: 0.00
[ 180s ] thds: 8 tps: 118.08 qps: 2366.53 (r/w/o: 1654.07/465.30/247.16) lat (ms,95%): 82.96 err/s: 0.00 reconn/s: 0.00
[ 181s ] thds: 8 tps: 118.02 qps: 2378.35 (r/w/o: 1664.24/473.07/241.04) lat (ms,95%): 81.48 err/s: 0.00 reconn/s: 0.00
[ 182s ] thds: 8 tps: 120.00 qps: 2362.04 (r/w/o: 1652.03/463.01/247.00) lat (ms,95%): 82.96 err/s: 0.00 reconn/s: 0.00
[ 183s ] thds: 8 tps: 117.99 qps: 2375.81 (r/w/o: 1664.87/464.96/245.98) lat (ms,95%): 81.48 err/s: 0.00 reconn/s: 0.00
[ 184s ] thds: 8 tps: 117.99 qps: 2383.82 (r/w/o: 1673.87/466.96/242.98) lat (ms,95%): 84.47 err/s: 0.00 reconn/s: 0.00
[ 185s ] thds: 8 tps: 118.93 qps: 2366.64 (r/w/o: 1651.05/473.73/241.86) lat (ms,95%): 81.48 err/s: 0.00 reconn/s: 0.00
[ 186s ] thds: 8 tps: 120.09 qps: 2379.70 (r/w/o: 1666.19/468.33/245.17) lat (ms,95%): 81.48 err/s: 0.00 reconn/s: 0.00
[ 187s ] thds: 8 tps: 120.00 qps: 2373.96 (r/w/o: 1655.97/466.99/251.00) lat (ms,95%): 82.96 err/s: 0.00 reconn/s: 0.00
[ 188s ] thds: 8 tps: 117.00 qps: 2363.01 (r/w/o: 1660.00/465.00/238.00) lat (ms,95%): 82.96 err/s: 0.00 reconn/s: 0.00
[ 189s ] thds: 8 tps: 118.99 qps: 2393.71 (r/w/o: 1676.80/470.94/245.97) lat (ms,95%): 82.96 err/s: 0.00 reconn/s: 0.00
[ 190s ] thds: 8 tps: 118.01 qps: 2391.30 (r/w/o: 1674.21/478.06/239.03) lat (ms,95%): 81.48 err/s: 0.00 reconn/s: 0.00
[ 191s ] thds: 8 tps: 121.98 qps: 2390.58 (r/w/o: 1672.70/463.92/253.96) lat (ms,95%): 81.48 err/s: 0.00 reconn/s: 0.00
[ 192s ] thds: 8 tps: 118.01 qps: 2375.25 (r/w/o: 1659.18/473.05/243.03) lat (ms,95%): 81.48 err/s: 0.00 reconn/s: 0.00
[ 193s ] thds: 8 tps: 119.01 qps: 2374.26 (r/w/o: 1663.18/467.05/244.03) lat (ms,95%): 81.48 err/s: 0.00 reconn/s: 0.00
[ 194s ] thds: 8 tps: 119.00 qps: 2375.08 (r/w/o: 1661.06/472.02/242.01) lat (ms,95%): 81.48 err/s: 0.00 reconn/s: 0.00
[ 195s ] thds: 8 tps: 118.97 qps: 2365.40 (r/w/o: 1654.58/462.88/247.94) lat (ms,95%): 82.96 err/s: 0.00 reconn/s: 0.00
[ 196s ] thds: 8 tps: 117.03 qps: 2374.52 (r/w/o: 1668.37/463.10/243.05) lat (ms,95%): 82.96 err/s: 0.00 reconn/s: 0.00
[ 197s ] thds: 8 tps: 118.97 qps: 2373.49 (r/w/o: 1660.65/465.90/246.95) lat (ms,95%): 84.47 err/s: 0.00 reconn/s: 0.00
[ 198s ] thds: 8 tps: 117.92 qps: 2376.48 (r/w/o: 1660.94/465.70/249.84) lat (ms,95%): 82.96 err/s: 0.00 reconn/s: 0.00
[ 199s ] thds: 8 tps: 121.09 qps: 2398.80 (r/w/o: 1677.26/470.35/251.19) lat (ms,95%): 82.96 err/s: 0.00 reconn/s: 0.00
[ 200s ] thds: 8 tps: 116.97 qps: 2360.31 (r/w/o: 1656.51/464.86/238.93) lat (ms,95%): 82.96 err/s: 0.00 reconn/s: 0.00
[ 201s ] thds: 8 tps: 118.04 qps: 2365.77 (r/w/o: 1658.54/463.15/244.08) lat (ms,95%): 82.96 err/s: 0.00 reconn/s: 0.00
[ 202s ] thds: 8 tps: 118.88 qps: 2371.66 (r/w/o: 1661.36/461.54/248.75) lat (ms,95%): 82.96 err/s: 0.00 reconn/s: 0.00
[ 203s ] thds: 8 tps: 121.12 qps: 2385.36 (r/w/o: 1662.64/473.47/249.25) lat (ms,95%): 82.96 err/s: 0.00 reconn/s: 0.00
[ 204s ] thds: 8 tps: 117.00 qps: 2364.08 (r/w/o: 1661.06/459.02/244.01) lat (ms,95%): 81.48 err/s: 0.00 reconn/s: 0.00
[ 205s ] thds: 8 tps: 117.99 qps: 2366.71 (r/w/o: 1658.79/462.94/244.97) lat (ms,95%): 84.47 err/s: 0.00 reconn/s: 0.00
[ 206s ] thds: 8 tps: 119.93 qps: 2368.53 (r/w/o: 1647.98/473.71/246.85) lat (ms,95%): 82.96 err/s: 0.00 reconn/s: 0.00
[ 207s ] thds: 8 tps: 117.08 qps: 2371.52 (r/w/o: 1666.07/468.30/237.15) lat (ms,95%): 84.47 err/s: 0.00 reconn/s: 0.00
[ 208s ] thds: 8 tps: 120.01 qps: 2379.26 (r/w/o: 1662.18/473.05/244.03) lat (ms,95%): 84.47 err/s: 0.00 reconn/s: 0.00
[ 209s ] thds: 8 tps: 117.98 qps: 2388.66 (r/w/o: 1672.76/470.93/244.96) lat (ms,95%): 81.48 err/s: 0.00 reconn/s: 0.00
[ 210s ] thds: 8 tps: 121.02 qps: 2401.44 (r/w/o: 1687.31/468.09/246.05) lat (ms,95%): 82.96 err/s: 0.00 reconn/s: 0.00
[ 211s ] thds: 8 tps: 117.87 qps: 2358.42 (r/w/o: 1642.20/473.48/242.73) lat (ms,95%): 82.96 err/s: 0.00 reconn/s: 0.00
[ 212s ] thds: 8 tps: 119.12 qps: 2357.42 (r/w/o: 1647.69/464.48/245.25) lat (ms,95%): 84.47 err/s: 0.00 reconn/s: 0.00
[ 213s ] thds: 8 tps: 114.99 qps: 2323.77 (r/w/o: 1628.84/455.95/238.98) lat (ms,95%): 86.00 err/s: 0.00 reconn/s: 0.00
[ 214s ] thds: 8 tps: 116.99 qps: 2347.74 (r/w/o: 1647.82/459.95/239.97) lat (ms,95%): 84.47 err/s: 0.00 reconn/s: 0.00
[ 215s ] thds: 8 tps: 118.93 qps: 2368.61 (r/w/o: 1662.03/459.73/246.86) lat (ms,95%): 84.47 err/s: 0.00 reconn/s: 0.00
[ 216s ] thds: 8 tps: 116.10 qps: 2345.02 (r/w/o: 1635.41/472.41/237.20) lat (ms,95%): 84.47 err/s: 0.00 reconn/s: 0.00
[ 217s ] thds: 8 tps: 119.88 qps: 2351.66 (r/w/o: 1644.36/457.54/249.75) lat (ms,95%): 81.48 err/s: 0.00 reconn/s: 0.00
[ 218s ] thds: 8 tps: 117.02 qps: 2357.38 (r/w/o: 1655.27/460.07/242.04) lat (ms,95%): 82.96 err/s: 0.00 reconn/s: 0.00
[ 219s ] thds: 8 tps: 118.09 qps: 2362.86 (r/w/o: 1650.30/469.37/243.19) lat (ms,95%): 82.96 err/s: 0.00 reconn/s: 0.00
[ 220s ] thds: 8 tps: 117.99 qps: 2364.84 (r/w/o: 1660.89/453.97/249.98) lat (ms,95%): 82.96 err/s: 0.00 reconn/s: 0.00
[ 221s ] thds: 8 tps: 117.98 qps: 2348.56 (r/w/o: 1638.69/468.91/240.95) lat (ms,95%): 86.00 err/s: 0.00 reconn/s: 0.00
[ 222s ] thds: 8 tps: 117.02 qps: 2376.31 (r/w/o: 1672.22/465.06/239.03) lat (ms,95%): 81.48 err/s: 0.00 reconn/s: 0.00
[ 223s ] thds: 8 tps: 119.01 qps: 2354.15 (r/w/o: 1637.11/469.03/248.02) lat (ms,95%): 84.47 err/s: 0.00 reconn/s: 0.00
[ 224s ] thds: 8 tps: 116.99 qps: 2365.88 (r/w/o: 1657.91/468.98/238.99) lat (ms,95%): 84.47 err/s: 0.00 reconn/s: 0.00
[ 225s ] thds: 8 tps: 119.98 qps: 2349.58 (r/w/o: 1642.70/461.92/244.96) lat (ms,95%): 84.47 err/s: 0.00 reconn/s: 0.00
[ 226s ] thds: 8 tps: 118.03 qps: 2360.58 (r/w/o: 1652.41/464.11/244.06) lat (ms,95%): 86.00 err/s: 0.00 reconn/s: 0.00
[ 227s ] thds: 8 tps: 116.98 qps: 2358.58 (r/w/o: 1656.70/457.92/243.96) lat (ms,95%): 82.96 err/s: 0.00 reconn/s: 0.00
[ 228s ] thds: 8 tps: 117.99 qps: 2376.80 (r/w/o: 1662.86/469.96/243.98) lat (ms,95%): 82.96 err/s: 0.00 reconn/s: 0.00
[ 229s ] thds: 8 tps: 120.01 qps: 2376.14 (r/w/o: 1663.10/466.03/247.01) lat (ms,95%): 82.96 err/s: 0.00 reconn/s: 0.00
[ 230s ] thds: 8 tps: 115.95 qps: 2353.09 (r/w/o: 1648.36/463.82/240.91) lat (ms,95%): 82.96 err/s: 0.00 reconn/s: 0.00
[ 231s ] thds: 8 tps: 118.98 qps: 2379.53 (r/w/o: 1665.67/468.91/244.95) lat (ms,95%): 82.96 err/s: 0.00 reconn/s: 0.00
[ 232s ] thds: 8 tps: 120.10 qps: 2367.97 (r/w/o: 1653.37/467.39/247.21) lat (ms,95%): 84.47 err/s: 0.00 reconn/s: 0.00
[ 233s ] thds: 8 tps: 117.97 qps: 2378.30 (r/w/o: 1668.51/467.86/241.93) lat (ms,95%): 82.96 err/s: 0.00 reconn/s: 0.00
[ 234s ] thds: 8 tps: 121.02 qps: 2388.48 (r/w/o: 1663.33/474.09/251.05) lat (ms,95%): 81.48 err/s: 0.00 reconn/s: 0.00
[ 235s ] thds: 8 tps: 115.99 qps: 2359.85 (r/w/o: 1665.89/451.97/241.98) lat (ms,95%): 82.96 err/s: 0.00 reconn/s: 0.00
[ 236s ] thds: 8 tps: 118.99 qps: 2359.74 (r/w/o: 1646.82/467.95/244.97) lat (ms,95%): 82.96 err/s: 0.00 reconn/s: 0.00
[ 237s ] thds: 8 tps: 118.02 qps: 2367.44 (r/w/o: 1651.31/471.09/245.05) lat (ms,95%): 82.96 err/s: 0.00 reconn/s: 0.00
[ 238s ] thds: 8 tps: 119.01 qps: 2377.14 (r/w/o: 1664.10/466.03/247.01) lat (ms,95%): 84.47 err/s: 0.00 reconn/s: 0.00
[ 239s ] thds: 8 tps: 118.98 qps: 2391.69 (r/w/o: 1683.78/456.94/250.97) lat (ms,95%): 82.96 err/s: 0.00 reconn/s: 0.00
[ 240s ] thds: 8 tps: 118.97 qps: 2388.40 (r/w/o: 1666.58/475.88/245.94) lat (ms,95%): 82.96 err/s: 0.00 reconn/s: 0.00
Latency histogram (values are in milliseconds)
       value  ------------- distribution ------------- count
      48.335 |                                         3
      49.213 |                                         8
      50.107 |                                         16
      51.018 |*                                        49
      51.945 |***                                      120
      52.889 |*****                                    194
      53.850 |********                                 327
      54.828 |*************                            513
      55.824 |*********************                    811
      56.839 |****************************             1086
      57.871 |********************************         1230
      58.923 |***********************************      1364
      59.993 |***********************************      1381
      61.083 |**************************************   1487
      62.193 |**************************************** 1560
      63.323 |***************************************  1540
      64.474 |**************************************   1484
      65.645 |**************************************   1477
      66.838 |************************************     1403
      68.053 |**********************************       1316
      69.289 |********************************         1240
      70.548 |***********************                  884
      71.830 |*****************                        646
      73.135 |*****************                        653
      74.464 |*******************                      755
      75.817 |*********************                    822
      77.194 |**********************                   860
      78.597 |************************                 919
      80.025 |***************************              1063
      81.479 |****************************             1087
      82.959 |*************************                957
      84.467 |****************                         642
      86.002 |*********                                337
      87.564 |***                                      119
      89.155 |*                                        38
      90.775 |                                         6
      92.424 |                                         5
      94.104 |                                         5
      95.814 |                                         2
     287.379 |                                         1
 
SQL statistics:
    queries performed:
        read:                            397668
        write:                           111749
        other:                           58700
        total:                           568117
    transactions:                        28411  (118.34 per sec.)
    queries:                             568117 (2366.40 per sec.)
    ignored errors:                      0      (0.00 per sec.)
    reconnects:                          0      (0.00 per sec.)

Throughput:
    events/s (eps):                      118.3416
    time elapsed:                        240.0765s
    total number of events:              28411

Latency (ms):
         min:                                   47.94
         avg:                                   67.60
         max:                                  287.92
         95th percentile:                       82.96
         sum:                              1920457.04

Threads fairness:
    events (avg/stddev):           3551.2500/433.22
    execution time (avg/stddev):   240.0571/0.04

