sysbench 1.1.0-3ceba0b (using bundled LuaJIT 2.1.0-beta3)

Running the test with following options:
Number of threads: 16
Warmup time: 60s
Report intermediate results every 1 second(s)
Initializing random number generator from current time


Initializing worker threads...

Threads started!

Warming up for 60 seconds...

[ 1s ] thds: 16 tps: 2102.76 qps: 2102.76 (r/w/o: 0.00/2057.39/45.37) lat (ms,95%): 8.90 err/s: 0.00 reconn/s: 0.00
[ 2s ] thds: 16 tps: 2126.72 qps: 2126.72 (r/w/o: 0.00/2085.73/40.99) lat (ms,95%): 8.90 err/s: 0.00 reconn/s: 0.00
[ 3s ] thds: 16 tps: 2131.92 qps: 2131.92 (r/w/o: 0.00/2081.92/50.00) lat (ms,95%): 8.74 err/s: 0.00 reconn/s: 0.00
[ 4s ] thds: 16 tps: 2122.93 qps: 2122.93 (r/w/o: 0.00/2070.93/52.00) lat (ms,95%): 8.90 err/s: 0.00 reconn/s: 0.00
[ 5s ] thds: 16 tps: 2115.45 qps: 2115.45 (r/w/o: 0.00/2075.43/40.03) lat (ms,95%): 8.90 err/s: 0.00 reconn/s: 0.00
[ 6s ] thds: 16 tps: 2117.63 qps: 2117.63 (r/w/o: 0.00/2064.66/52.97) lat (ms,95%): 8.90 err/s: 0.00 reconn/s: 0.00
[ 7s ] thds: 16 tps: 2113.29 qps: 2113.29 (r/w/o: 0.00/2069.29/44.01) lat (ms,95%): 8.90 err/s: 0.00 reconn/s: 0.00
[ 8s ] thds: 16 tps: 2136.82 qps: 2136.82 (r/w/o: 0.00/2090.83/46.00) lat (ms,95%): 8.90 err/s: 0.00 reconn/s: 0.00
[ 9s ] thds: 16 tps: 2124.46 qps: 2124.46 (r/w/o: 0.00/2078.47/45.99) lat (ms,95%): 8.90 err/s: 0.00 reconn/s: 0.00
[ 10s ] thds: 16 tps: 2114.70 qps: 2114.70 (r/w/o: 0.00/2074.69/40.01) lat (ms,95%): 8.90 err/s: 0.00 reconn/s: 0.00
[ 11s ] thds: 16 tps: 2122.96 qps: 2122.96 (r/w/o: 0.00/2081.94/41.02) lat (ms,95%): 8.90 err/s: 0.00 reconn/s: 0.00
[ 12s ] thds: 16 tps: 2118.74 qps: 2118.74 (r/w/o: 0.00/2072.77/45.97) lat (ms,95%): 8.90 err/s: 0.00 reconn/s: 0.00
[ 13s ] thds: 16 tps: 2111.21 qps: 2111.21 (r/w/o: 0.00/2065.23/45.98) lat (ms,95%): 8.90 err/s: 0.00 reconn/s: 0.00
[ 14s ] thds: 16 tps: 2102.86 qps: 2102.86 (r/w/o: 0.00/2047.84/55.02) lat (ms,95%): 8.90 err/s: 0.00 reconn/s: 0.00
[ 15s ] thds: 16 tps: 2127.22 qps: 2127.22 (r/w/o: 0.00/2087.22/40.00) lat (ms,95%): 8.90 err/s: 0.00 reconn/s: 0.00
[ 16s ] thds: 16 tps: 2132.16 qps: 2132.16 (r/w/o: 0.00/2082.13/50.03) lat (ms,95%): 8.74 err/s: 0.00 reconn/s: 0.00
[ 17s ] thds: 16 tps: 2124.04 qps: 2124.04 (r/w/o: 0.00/2062.04/62.00) lat (ms,95%): 8.90 err/s: 0.00 reconn/s: 0.00
[ 18s ] thds: 16 tps: 2120.76 qps: 2120.76 (r/w/o: 0.00/2081.76/39.00) lat (ms,95%): 8.74 err/s: 0.00 reconn/s: 0.00
[ 19s ] thds: 16 tps: 2112.13 qps: 2112.13 (r/w/o: 0.00/2072.14/39.98) lat (ms,95%): 8.90 err/s: 0.00 reconn/s: 0.00
[ 20s ] thds: 16 tps: 2126.28 qps: 2126.28 (r/w/o: 0.00/2074.25/52.03) lat (ms,95%): 8.90 err/s: 0.00 reconn/s: 0.00
[ 21s ] thds: 16 tps: 2121.63 qps: 2121.63 (r/w/o: 0.00/2077.66/43.97) lat (ms,95%): 8.74 err/s: 0.00 reconn/s: 0.00
[ 22s ] thds: 16 tps: 2119.68 qps: 2119.68 (r/w/o: 0.00/2080.68/38.99) lat (ms,95%): 8.90 err/s: 0.00 reconn/s: 0.00
[ 23s ] thds: 16 tps: 2121.17 qps: 2121.17 (r/w/o: 0.00/2064.17/57.00) lat (ms,95%): 8.90 err/s: 0.00 reconn/s: 0.00
[ 24s ] thds: 16 tps: 2126.96 qps: 2126.96 (r/w/o: 0.00/2079.96/47.00) lat (ms,95%): 8.90 err/s: 0.00 reconn/s: 0.00
[ 25s ] thds: 16 tps: 2139.92 qps: 2139.92 (r/w/o: 0.00/2101.92/38.00) lat (ms,95%): 8.90 err/s: 0.00 reconn/s: 0.00
[ 26s ] thds: 16 tps: 2124.31 qps: 2124.31 (r/w/o: 0.00/2075.31/49.01) lat (ms,95%): 8.74 err/s: 0.00 reconn/s: 0.00
[ 27s ] thds: 16 tps: 2130.11 qps: 2130.11 (r/w/o: 0.00/2075.11/55.00) lat (ms,95%): 8.90 err/s: 0.00 reconn/s: 0.00
[ 28s ] thds: 16 tps: 2126.63 qps: 2126.63 (r/w/o: 0.00/2084.64/41.99) lat (ms,95%): 8.90 err/s: 0.00 reconn/s: 0.00
[ 29s ] thds: 16 tps: 2108.14 qps: 2108.14 (r/w/o: 0.00/2074.14/34.00) lat (ms,95%): 8.90 err/s: 0.00 reconn/s: 0.00
[ 30s ] thds: 16 tps: 2115.85 qps: 2115.85 (r/w/o: 0.00/2075.85/40.00) lat (ms,95%): 8.90 err/s: 0.00 reconn/s: 0.00
[ 31s ] thds: 16 tps: 2102.26 qps: 2102.26 (r/w/o: 0.00/2054.26/48.01) lat (ms,95%): 8.90 err/s: 0.00 reconn/s: 0.00
[ 32s ] thds: 16 tps: 2118.03 qps: 2118.03 (r/w/o: 0.00/2068.03/50.00) lat (ms,95%): 8.90 err/s: 0.00 reconn/s: 0.00
[ 33s ] thds: 16 tps: 2123.96 qps: 2123.96 (r/w/o: 0.00/2079.96/44.00) lat (ms,95%): 8.90 err/s: 0.00 reconn/s: 0.00
[ 34s ] thds: 16 tps: 2118.06 qps: 2118.06 (r/w/o: 0.00/2071.04/47.02) lat (ms,95%): 8.90 err/s: 0.00 reconn/s: 0.00
[ 35s ] thds: 16 tps: 2117.07 qps: 2117.07 (r/w/o: 0.00/2067.07/50.00) lat (ms,95%): 8.90 err/s: 0.00 reconn/s: 0.00
[ 36s ] thds: 16 tps: 2122.96 qps: 2122.96 (r/w/o: 0.00/2072.98/49.98) lat (ms,95%): 8.90 err/s: 0.00 reconn/s: 0.00
[ 37s ] thds: 16 tps: 2129.73 qps: 2129.73 (r/w/o: 0.00/2082.72/47.02) lat (ms,95%): 8.74 err/s: 0.00 reconn/s: 0.00
[ 38s ] thds: 16 tps: 2138.38 qps: 2138.38 (r/w/o: 0.00/2090.37/48.01) lat (ms,95%): 8.74 err/s: 0.00 reconn/s: 0.00
[ 39s ] thds: 16 tps: 2134.78 qps: 2134.78 (r/w/o: 0.00/2095.79/39.00) lat (ms,95%): 8.74 err/s: 0.00 reconn/s: 0.00
[ 40s ] thds: 16 tps: 2135.78 qps: 2135.78 (r/w/o: 0.00/2089.81/45.97) lat (ms,95%): 8.90 err/s: 0.00 reconn/s: 0.00
[ 41s ] thds: 16 tps: 2120.33 qps: 2120.33 (r/w/o: 0.00/2073.30/47.03) lat (ms,95%): 8.90 err/s: 0.00 reconn/s: 0.00
[ 42s ] thds: 16 tps: 2124.91 qps: 2124.91 (r/w/o: 0.00/2078.91/46.00) lat (ms,95%): 8.74 err/s: 0.00 reconn/s: 0.00
[ 43s ] thds: 16 tps: 2106.78 qps: 2106.78 (r/w/o: 0.00/2049.81/56.97) lat (ms,95%): 8.90 err/s: 0.00 reconn/s: 0.00
[ 44s ] thds: 16 tps: 2120.91 qps: 2120.91 (r/w/o: 0.00/2069.91/51.00) lat (ms,95%): 8.90 err/s: 0.00 reconn/s: 0.00
[ 45s ] thds: 16 tps: 2122.00 qps: 2122.00 (r/w/o: 0.00/2085.00/37.00) lat (ms,95%): 8.90 err/s: 0.00 reconn/s: 0.00
[ 46s ] thds: 16 tps: 2111.11 qps: 2111.11 (r/w/o: 0.00/2067.11/44.00) lat (ms,95%): 8.90 err/s: 0.00 reconn/s: 0.00
[ 47s ] thds: 16 tps: 2135.28 qps: 2135.28 (r/w/o: 0.00/2093.25/42.03) lat (ms,95%): 8.90 err/s: 0.00 reconn/s: 0.00
[ 48s ] thds: 16 tps: 2130.37 qps: 2130.37 (r/w/o: 0.00/2080.41/49.96) lat (ms,95%): 8.74 err/s: 0.00 reconn/s: 0.00
[ 49s ] thds: 16 tps: 2113.97 qps: 2113.97 (r/w/o: 0.00/2066.97/47.00) lat (ms,95%): 8.90 err/s: 0.00 reconn/s: 0.00
[ 50s ] thds: 16 tps: 2112.74 qps: 2112.74 (r/w/o: 0.00/2061.70/51.04) lat (ms,95%): 9.06 err/s: 0.00 reconn/s: 0.00
[ 51s ] thds: 16 tps: 2121.18 qps: 2121.18 (r/w/o: 0.00/2063.20/57.98) lat (ms,95%): 8.90 err/s: 0.00 reconn/s: 0.00
[ 52s ] thds: 16 tps: 2116.05 qps: 2116.05 (r/w/o: 0.00/2074.07/41.98) lat (ms,95%): 8.90 err/s: 0.00 reconn/s: 0.00
[ 53s ] thds: 16 tps: 2111.92 qps: 2111.92 (r/w/o: 0.00/2072.89/39.04) lat (ms,95%): 8.90 err/s: 0.00 reconn/s: 0.00
[ 54s ] thds: 16 tps: 2114.40 qps: 2114.40 (r/w/o: 0.00/2065.44/48.96) lat (ms,95%): 8.74 err/s: 0.00 reconn/s: 0.00
[ 55s ] thds: 16 tps: 2117.61 qps: 2117.61 (r/w/o: 0.00/2063.62/53.99) lat (ms,95%): 8.90 err/s: 0.00 reconn/s: 0.00
[ 56s ] thds: 16 tps: 2117.78 qps: 2117.78 (r/w/o: 0.00/2070.74/47.04) lat (ms,95%): 8.90 err/s: 0.00 reconn/s: 0.00
[ 57s ] thds: 16 tps: 2121.98 qps: 2121.98 (r/w/o: 0.00/2076.98/45.00) lat (ms,95%): 8.74 err/s: 0.00 reconn/s: 0.00
[ 58s ] thds: 16 tps: 2142.09 qps: 2142.09 (r/w/o: 0.00/2092.09/50.00) lat (ms,95%): 8.74 err/s: 0.00 reconn/s: 0.00
[ 59s ] thds: 16 tps: 2136.75 qps: 2136.75 (r/w/o: 0.00/2090.75/45.99) lat (ms,95%): 8.90 err/s: 0.00 reconn/s: 0.00
[ 60s ] thds: 16 tps: 2119.43 qps: 2119.43 (r/w/o: 0.00/2071.47/47.96) lat (ms,95%): 8.90 err/s: 0.00 reconn/s: 0.00
[ 61s ] thds: 16 tps: 2115.38 qps: 2115.38 (r/w/o: 0.00/2067.37/48.01) lat (ms,95%): 8.90 err/s: 0.00 reconn/s: 0.00
[ 62s ] thds: 16 tps: 2125.17 qps: 2125.17 (r/w/o: 0.00/2081.15/44.02) lat (ms,95%): 8.90 err/s: 0.00 reconn/s: 0.00
[ 63s ] thds: 16 tps: 2109.75 qps: 2109.75 (r/w/o: 0.00/2065.78/43.97) lat (ms,95%): 8.90 err/s: 0.00 reconn/s: 0.00
[ 64s ] thds: 16 tps: 2105.61 qps: 2105.61 (r/w/o: 0.00/2058.62/46.99) lat (ms,95%): 8.90 err/s: 0.00 reconn/s: 0.00
[ 65s ] thds: 16 tps: 2119.80 qps: 2119.80 (r/w/o: 0.00/2064.76/55.05) lat (ms,95%): 8.90 err/s: 0.00 reconn/s: 0.00
[ 66s ] thds: 16 tps: 2134.91 qps: 2134.91 (r/w/o: 0.00/2091.91/43.00) lat (ms,95%): 8.74 err/s: 0.00 reconn/s: 0.00
[ 67s ] thds: 16 tps: 2117.43 qps: 2117.43 (r/w/o: 0.00/2067.47/49.96) lat (ms,95%): 8.90 err/s: 0.00 reconn/s: 0.00
[ 68s ] thds: 16 tps: 2134.68 qps: 2134.68 (r/w/o: 0.00/2097.68/36.99) lat (ms,95%): 8.74 err/s: 0.00 reconn/s: 0.00
[ 69s ] thds: 16 tps: 2129.75 qps: 2129.75 (r/w/o: 0.00/2080.73/49.02) lat (ms,95%): 8.90 err/s: 0.00 reconn/s: 0.00
[ 70s ] thds: 16 tps: 2119.71 qps: 2119.71 (r/w/o: 0.00/2065.69/54.02) lat (ms,95%): 8.74 err/s: 0.00 reconn/s: 0.00
[ 71s ] thds: 16 tps: 2120.09 qps: 2120.09 (r/w/o: 0.00/2074.11/45.98) lat (ms,95%): 8.90 err/s: 0.00 reconn/s: 0.00
[ 72s ] thds: 16 tps: 2132.35 qps: 2132.35 (r/w/o: 0.00/2083.32/49.03) lat (ms,95%): 8.74 err/s: 0.00 reconn/s: 0.00
[ 73s ] thds: 16 tps: 2115.41 qps: 2115.41 (r/w/o: 0.00/2078.44/36.97) lat (ms,95%): 8.90 err/s: 0.00 reconn/s: 0.00
[ 74s ] thds: 16 tps: 2125.45 qps: 2125.45 (r/w/o: 0.00/2073.43/52.01) lat (ms,95%): 8.90 err/s: 0.00 reconn/s: 0.00
[ 75s ] thds: 16 tps: 2129.12 qps: 2129.12 (r/w/o: 0.00/2080.09/49.03) lat (ms,95%): 8.90 err/s: 0.00 reconn/s: 0.00
[ 76s ] thds: 16 tps: 2108.96 qps: 2108.96 (r/w/o: 0.00/2060.96/48.00) lat (ms,95%): 8.90 err/s: 0.00 reconn/s: 0.00
[ 77s ] thds: 16 tps: 2120.87 qps: 2120.87 (r/w/o: 0.00/2072.90/47.97) lat (ms,95%): 8.90 err/s: 0.00 reconn/s: 0.00
[ 78s ] thds: 16 tps: 2121.46 qps: 2121.46 (r/w/o: 0.00/2082.43/39.03) lat (ms,95%): 8.90 err/s: 0.00 reconn/s: 0.00
[ 79s ] thds: 16 tps: 2114.69 qps: 2114.69 (r/w/o: 0.00/2064.70/49.99) lat (ms,95%): 8.90 err/s: 0.00 reconn/s: 0.00
[ 80s ] thds: 16 tps: 2103.95 qps: 2103.95 (r/w/o: 0.00/2045.95/58.00) lat (ms,95%): 8.90 err/s: 0.00 reconn/s: 0.00
[ 81s ] thds: 16 tps: 2121.57 qps: 2121.57 (r/w/o: 0.00/2075.60/45.97) lat (ms,95%): 8.90 err/s: 0.00 reconn/s: 0.00
[ 82s ] thds: 16 tps: 2123.53 qps: 2123.53 (r/w/o: 0.00/2079.50/44.03) lat (ms,95%): 8.90 err/s: 0.00 reconn/s: 0.00
[ 83s ] thds: 16 tps: 2109.20 qps: 2109.20 (r/w/o: 0.00/2065.23/43.96) lat (ms,95%): 8.90 err/s: 0.00 reconn/s: 0.00
[ 84s ] thds: 16 tps: 2130.07 qps: 2130.07 (r/w/o: 0.00/2086.07/44.00) lat (ms,95%): 8.90 err/s: 0.00 reconn/s: 0.00
[ 85s ] thds: 16 tps: 2095.68 qps: 2095.68 (r/w/o: 0.00/2059.65/36.03) lat (ms,95%): 9.06 err/s: 0.00 reconn/s: 0.00
[ 86s ] thds: 16 tps: 2126.14 qps: 2126.14 (r/w/o: 0.00/2092.13/34.00) lat (ms,95%): 8.90 err/s: 0.00 reconn/s: 0.00
[ 87s ] thds: 16 tps: 2127.93 qps: 2127.93 (r/w/o: 0.00/2081.93/46.00) lat (ms,95%): 8.74 err/s: 0.00 reconn/s: 0.00
[ 88s ] thds: 16 tps: 2112.05 qps: 2112.05 (r/w/o: 0.00/2073.05/39.00) lat (ms,95%): 8.90 err/s: 0.00 reconn/s: 0.00
[ 89s ] thds: 16 tps: 2114.44 qps: 2114.44 (r/w/o: 0.00/2068.48/45.97) lat (ms,95%): 8.90 err/s: 0.00 reconn/s: 0.00
[ 90s ] thds: 16 tps: 2120.42 qps: 2120.42 (r/w/o: 0.00/2062.38/58.04) lat (ms,95%): 8.90 err/s: 0.00 reconn/s: 0.00
[ 91s ] thds: 16 tps: 2113.97 qps: 2113.97 (r/w/o: 0.00/2058.97/55.00) lat (ms,95%): 8.90 err/s: 0.00 reconn/s: 0.00
[ 92s ] thds: 16 tps: 2129.74 qps: 2129.74 (r/w/o: 0.00/2079.74/49.99) lat (ms,95%): 8.90 err/s: 0.00 reconn/s: 0.00
[ 93s ] thds: 16 tps: 2115.52 qps: 2115.52 (r/w/o: 0.00/2075.51/40.01) lat (ms,95%): 8.90 err/s: 0.00 reconn/s: 0.00
[ 94s ] thds: 16 tps: 2101.94 qps: 2101.94 (r/w/o: 0.00/2054.99/46.95) lat (ms,95%): 9.06 err/s: 0.00 reconn/s: 0.00
[ 95s ] thds: 16 tps: 2096.73 qps: 2096.73 (r/w/o: 0.00/2057.72/39.01) lat (ms,95%): 8.90 err/s: 0.00 reconn/s: 0.00
[ 96s ] thds: 16 tps: 2116.01 qps: 2116.01 (r/w/o: 0.00/2083.01/33.00) lat (ms,95%): 8.90 err/s: 0.00 reconn/s: 0.00
[ 97s ] thds: 16 tps: 2124.11 qps: 2124.11 (r/w/o: 0.00/2077.09/47.02) lat (ms,95%): 8.90 err/s: 0.00 reconn/s: 0.00
[ 98s ] thds: 16 tps: 2106.03 qps: 2106.03 (r/w/o: 0.00/2066.03/40.00) lat (ms,95%): 8.90 err/s: 0.00 reconn/s: 0.00
[ 99s ] thds: 16 tps: 2112.14 qps: 2112.14 (r/w/o: 0.00/2064.13/48.00) lat (ms,95%): 8.90 err/s: 0.00 reconn/s: 0.00
[ 100s ] thds: 16 tps: 2131.53 qps: 2131.53 (r/w/o: 0.00/2079.56/51.96) lat (ms,95%): 8.74 err/s: 0.00 reconn/s: 0.00
[ 101s ] thds: 16 tps: 2130.26 qps: 2130.26 (r/w/o: 0.00/2096.24/34.02) lat (ms,95%): 8.90 err/s: 0.00 reconn/s: 0.00
[ 102s ] thds: 16 tps: 2107.55 qps: 2107.55 (r/w/o: 0.00/2069.57/37.97) lat (ms,95%): 9.06 err/s: 0.00 reconn/s: 0.00
[ 103s ] thds: 16 tps: 2118.78 qps: 2118.78 (r/w/o: 0.00/2072.76/46.02) lat (ms,95%): 8.90 err/s: 0.00 reconn/s: 0.00
[ 104s ] thds: 16 tps: 2125.84 qps: 2125.84 (r/w/o: 0.00/2081.82/44.02) lat (ms,95%): 8.90 err/s: 0.00 reconn/s: 0.00
[ 105s ] thds: 16 tps: 2122.75 qps: 2122.75 (r/w/o: 0.00/2069.76/52.99) lat (ms,95%): 8.90 err/s: 0.00 reconn/s: 0.00
[ 106s ] thds: 16 tps: 2098.83 qps: 2098.83 (r/w/o: 0.00/2056.85/41.98) lat (ms,95%): 9.06 err/s: 0.00 reconn/s: 0.00
[ 107s ] thds: 16 tps: 2094.00 qps: 2094.00 (r/w/o: 0.00/2061.98/32.02) lat (ms,95%): 9.06 err/s: 0.00 reconn/s: 0.00
[ 108s ] thds: 16 tps: 2122.59 qps: 2122.59 (r/w/o: 0.00/2078.62/43.97) lat (ms,95%): 8.90 err/s: 0.00 reconn/s: 0.00
[ 109s ] thds: 16 tps: 2122.35 qps: 2122.35 (r/w/o: 0.00/2083.32/39.02) lat (ms,95%): 8.90 err/s: 0.00 reconn/s: 0.00
[ 110s ] thds: 16 tps: 2125.56 qps: 2125.56 (r/w/o: 0.00/2073.55/52.01) lat (ms,95%): 8.74 err/s: 0.00 reconn/s: 0.00
[ 111s ] thds: 16 tps: 2114.99 qps: 2114.99 (r/w/o: 0.00/2070.99/44.00) lat (ms,95%): 8.90 err/s: 0.00 reconn/s: 0.00
[ 112s ] thds: 16 tps: 2116.93 qps: 2116.93 (r/w/o: 0.00/2064.93/52.00) lat (ms,95%): 8.90 err/s: 0.00 reconn/s: 0.00
[ 113s ] thds: 16 tps: 2123.13 qps: 2123.13 (r/w/o: 0.00/2076.13/47.00) lat (ms,95%): 8.90 err/s: 0.00 reconn/s: 0.00
[ 114s ] thds: 16 tps: 2124.89 qps: 2124.89 (r/w/o: 0.00/2071.89/53.00) lat (ms,95%): 8.90 err/s: 0.00 reconn/s: 0.00
[ 115s ] thds: 16 tps: 2115.95 qps: 2115.95 (r/w/o: 0.00/2075.95/40.00) lat (ms,95%): 8.90 err/s: 0.00 reconn/s: 0.00
[ 116s ] thds: 16 tps: 2119.17 qps: 2119.17 (r/w/o: 0.00/2066.16/53.00) lat (ms,95%): 8.90 err/s: 0.00 reconn/s: 0.00
[ 117s ] thds: 16 tps: 2115.62 qps: 2115.62 (r/w/o: 0.00/2076.63/38.99) lat (ms,95%): 8.90 err/s: 0.00 reconn/s: 0.00
[ 118s ] thds: 16 tps: 2100.16 qps: 2100.16 (r/w/o: 0.00/2054.15/46.00) lat (ms,95%): 8.90 err/s: 0.00 reconn/s: 0.00
[ 119s ] thds: 16 tps: 2110.05 qps: 2110.05 (r/w/o: 0.00/2068.05/42.00) lat (ms,95%): 8.90 err/s: 0.00 reconn/s: 0.00
[ 120s ] thds: 16 tps: 2112.91 qps: 2112.91 (r/w/o: 0.00/2062.91/50.00) lat (ms,95%): 8.90 err/s: 0.00 reconn/s: 0.00
[ 121s ] thds: 16 tps: 2111.89 qps: 2111.89 (r/w/o: 0.00/2073.89/38.00) lat (ms,95%): 8.90 err/s: 0.00 reconn/s: 0.00
[ 122s ] thds: 16 tps: 2121.37 qps: 2121.37 (r/w/o: 0.00/2067.36/54.01) lat (ms,95%): 8.90 err/s: 0.00 reconn/s: 0.00
[ 123s ] thds: 16 tps: 2123.80 qps: 2123.80 (r/w/o: 0.00/2073.80/50.00) lat (ms,95%): 8.90 err/s: 0.00 reconn/s: 0.00
[ 124s ] thds: 16 tps: 2136.68 qps: 2136.68 (r/w/o: 0.00/2097.69/38.99) lat (ms,95%): 8.90 err/s: 0.00 reconn/s: 0.00
[ 125s ] thds: 16 tps: 2131.08 qps: 2131.08 (r/w/o: 0.00/2097.07/34.00) lat (ms,95%): 8.90 err/s: 0.00 reconn/s: 0.00
[ 126s ] thds: 16 tps: 2115.29 qps: 2115.29 (r/w/o: 0.00/2068.28/47.01) lat (ms,95%): 8.90 err/s: 0.00 reconn/s: 0.00
[ 127s ] thds: 16 tps: 2125.97 qps: 2125.97 (r/w/o: 0.00/2086.97/39.00) lat (ms,95%): 8.90 err/s: 0.00 reconn/s: 0.00
[ 128s ] thds: 16 tps: 2122.38 qps: 2122.38 (r/w/o: 0.00/2078.39/43.99) lat (ms,95%): 8.90 err/s: 0.00 reconn/s: 0.00
[ 129s ] thds: 16 tps: 2119.95 qps: 2119.95 (r/w/o: 0.00/2073.95/46.00) lat (ms,95%): 8.90 err/s: 0.00 reconn/s: 0.00
[ 130s ] thds: 16 tps: 2090.79 qps: 2090.79 (r/w/o: 0.00/2045.78/45.02) lat (ms,95%): 9.06 err/s: 0.00 reconn/s: 0.00
[ 131s ] thds: 16 tps: 2123.67 qps: 2123.67 (r/w/o: 0.00/2089.67/33.99) lat (ms,95%): 8.90 err/s: 0.00 reconn/s: 0.00
[ 132s ] thds: 16 tps: 2098.70 qps: 2098.70 (r/w/o: 0.00/2048.73/49.97) lat (ms,95%): 8.90 err/s: 0.00 reconn/s: 0.00
[ 133s ] thds: 16 tps: 2100.65 qps: 2100.65 (r/w/o: 0.00/2064.64/36.01) lat (ms,95%): 8.90 err/s: 0.00 reconn/s: 0.00
[ 134s ] thds: 16 tps: 2107.47 qps: 2107.47 (r/w/o: 0.00/2052.46/55.01) lat (ms,95%): 9.06 err/s: 0.00 reconn/s: 0.00
[ 135s ] thds: 16 tps: 2118.47 qps: 2118.47 (r/w/o: 0.00/2056.46/62.01) lat (ms,95%): 8.90 err/s: 0.00 reconn/s: 0.00
[ 136s ] thds: 16 tps: 2114.83 qps: 2114.83 (r/w/o: 0.00/2075.84/39.00) lat (ms,95%): 8.90 err/s: 0.00 reconn/s: 0.00
[ 137s ] thds: 16 tps: 2126.70 qps: 2126.70 (r/w/o: 0.00/2076.73/49.97) lat (ms,95%): 8.74 err/s: 0.00 reconn/s: 0.00
[ 138s ] thds: 16 tps: 2121.25 qps: 2121.25 (r/w/o: 0.00/2068.22/53.03) lat (ms,95%): 8.90 err/s: 0.00 reconn/s: 0.00
[ 139s ] thds: 16 tps: 2125.77 qps: 2125.77 (r/w/o: 0.00/2067.77/57.99) lat (ms,95%): 8.90 err/s: 0.00 reconn/s: 0.00
[ 140s ] thds: 16 tps: 2117.78 qps: 2117.78 (r/w/o: 0.00/2070.80/46.97) lat (ms,95%): 8.90 err/s: 0.00 reconn/s: 0.00
[ 141s ] thds: 16 tps: 2125.21 qps: 2125.21 (r/w/o: 0.00/2069.18/56.03) lat (ms,95%): 8.90 err/s: 0.00 reconn/s: 0.00
[ 142s ] thds: 16 tps: 2114.30 qps: 2114.30 (r/w/o: 0.00/2068.29/46.01) lat (ms,95%): 8.90 err/s: 0.00 reconn/s: 0.00
[ 143s ] thds: 16 tps: 2112.68 qps: 2112.68 (r/w/o: 0.00/2059.69/52.99) lat (ms,95%): 8.90 err/s: 0.00 reconn/s: 0.00
[ 144s ] thds: 16 tps: 2117.47 qps: 2117.47 (r/w/o: 0.00/2074.46/43.01) lat (ms,95%): 8.90 err/s: 0.00 reconn/s: 0.00
[ 145s ] thds: 16 tps: 2119.82 qps: 2119.82 (r/w/o: 0.00/2068.83/51.00) lat (ms,95%): 8.90 err/s: 0.00 reconn/s: 0.00
[ 146s ] thds: 16 tps: 2128.32 qps: 2128.32 (r/w/o: 0.00/2080.34/47.98) lat (ms,95%): 8.90 err/s: 0.00 reconn/s: 0.00
[ 147s ] thds: 16 tps: 2110.92 qps: 2110.92 (r/w/o: 0.00/2059.90/51.02) lat (ms,95%): 8.90 err/s: 0.00 reconn/s: 0.00
[ 148s ] thds: 16 tps: 2132.25 qps: 2132.25 (r/w/o: 0.00/2093.27/38.99) lat (ms,95%): 8.90 err/s: 0.00 reconn/s: 0.00
[ 149s ] thds: 16 tps: 2126.45 qps: 2126.45 (r/w/o: 0.00/2077.44/49.01) lat (ms,95%): 8.90 err/s: 0.00 reconn/s: 0.00
[ 150s ] thds: 16 tps: 2132.88 qps: 2132.88 (r/w/o: 0.00/2090.89/42.00) lat (ms,95%): 8.74 err/s: 0.00 reconn/s: 0.00
[ 151s ] thds: 16 tps: 2119.83 qps: 2119.83 (r/w/o: 0.00/2069.84/50.00) lat (ms,95%): 8.90 err/s: 0.00 reconn/s: 0.00
[ 152s ] thds: 16 tps: 2106.59 qps: 2106.59 (r/w/o: 0.00/2050.60/55.99) lat (ms,95%): 9.06 err/s: 0.00 reconn/s: 0.00
[ 153s ] thds: 16 tps: 2118.05 qps: 2118.05 (r/w/o: 0.00/2061.05/57.00) lat (ms,95%): 8.90 err/s: 0.00 reconn/s: 0.00
[ 154s ] thds: 16 tps: 2105.00 qps: 2105.00 (r/w/o: 0.00/2051.00/54.00) lat (ms,95%): 9.06 err/s: 0.00 reconn/s: 0.00
[ 155s ] thds: 16 tps: 2109.81 qps: 2109.81 (r/w/o: 0.00/2078.80/31.01) lat (ms,95%): 8.90 err/s: 0.00 reconn/s: 0.00
[ 156s ] thds: 16 tps: 2108.45 qps: 2108.45 (r/w/o: 0.00/2061.48/46.97) lat (ms,95%): 8.90 err/s: 0.00 reconn/s: 0.00
[ 157s ] thds: 16 tps: 2106.88 qps: 2106.88 (r/w/o: 0.00/2061.86/45.02) lat (ms,95%): 8.90 err/s: 0.00 reconn/s: 0.00
[ 158s ] thds: 16 tps: 2121.24 qps: 2121.24 (r/w/o: 0.00/2068.23/53.01) lat (ms,95%): 8.90 err/s: 0.00 reconn/s: 0.00
[ 159s ] thds: 16 tps: 2127.66 qps: 2127.66 (r/w/o: 0.00/2073.67/53.99) lat (ms,95%): 8.90 err/s: 0.00 reconn/s: 0.00
[ 160s ] thds: 16 tps: 2121.17 qps: 2121.17 (r/w/o: 0.00/2076.18/44.98) lat (ms,95%): 8.90 err/s: 0.00 reconn/s: 0.00
[ 161s ] thds: 16 tps: 2115.52 qps: 2115.52 (r/w/o: 0.00/2070.49/45.03) lat (ms,95%): 8.90 err/s: 0.00 reconn/s: 0.00
[ 162s ] thds: 16 tps: 2112.42 qps: 2112.42 (r/w/o: 0.00/2064.43/47.99) lat (ms,95%): 8.90 err/s: 0.00 reconn/s: 0.00
[ 163s ] thds: 16 tps: 2104.65 qps: 2104.65 (r/w/o: 0.00/2052.64/52.02) lat (ms,95%): 8.90 err/s: 0.00 reconn/s: 0.00
[ 164s ] thds: 16 tps: 2112.11 qps: 2112.11 (r/w/o: 0.00/2064.13/47.98) lat (ms,95%): 8.90 err/s: 0.00 reconn/s: 0.00
[ 165s ] thds: 16 tps: 2106.82 qps: 2106.82 (r/w/o: 0.00/2064.80/42.02) lat (ms,95%): 8.90 err/s: 0.00 reconn/s: 0.00
[ 166s ] thds: 16 tps: 2107.69 qps: 2107.69 (r/w/o: 0.00/2071.70/35.99) lat (ms,95%): 8.90 err/s: 0.00 reconn/s: 0.00
[ 167s ] thds: 16 tps: 2098.33 qps: 2098.33 (r/w/o: 0.00/2058.33/40.01) lat (ms,95%): 9.06 err/s: 0.00 reconn/s: 0.00
[ 168s ] thds: 16 tps: 2114.21 qps: 2114.21 (r/w/o: 0.00/2089.21/25.00) lat (ms,95%): 8.90 err/s: 0.00 reconn/s: 0.00
[ 169s ] thds: 16 tps: 2114.73 qps: 2114.73 (r/w/o: 0.00/2070.73/43.99) lat (ms,95%): 8.90 err/s: 0.00 reconn/s: 0.00
[ 170s ] thds: 16 tps: 2121.72 qps: 2121.72 (r/w/o: 0.00/2067.72/53.99) lat (ms,95%): 8.90 err/s: 0.00 reconn/s: 0.00
[ 171s ] thds: 16 tps: 2118.25 qps: 2118.25 (r/w/o: 0.00/2080.24/38.00) lat (ms,95%): 8.90 err/s: 0.00 reconn/s: 0.00
[ 172s ] thds: 16 tps: 2108.31 qps: 2108.31 (r/w/o: 0.00/2055.32/52.98) lat (ms,95%): 8.90 err/s: 0.00 reconn/s: 0.00
[ 173s ] thds: 16 tps: 2115.58 qps: 2115.58 (r/w/o: 0.00/2070.56/45.01) lat (ms,95%): 8.90 err/s: 0.00 reconn/s: 0.00
[ 174s ] thds: 16 tps: 2109.52 qps: 2109.52 (r/w/o: 0.00/2063.53/45.99) lat (ms,95%): 9.06 err/s: 0.00 reconn/s: 0.00
[ 175s ] thds: 16 tps: 2115.25 qps: 2115.25 (r/w/o: 0.00/2059.24/56.01) lat (ms,95%): 8.90 err/s: 0.00 reconn/s: 0.00
[ 176s ] thds: 16 tps: 2108.01 qps: 2108.01 (r/w/o: 0.00/2060.01/48.00) lat (ms,95%): 8.90 err/s: 0.00 reconn/s: 0.00
[ 177s ] thds: 16 tps: 2121.06 qps: 2121.06 (r/w/o: 0.00/2070.06/51.00) lat (ms,95%): 8.90 err/s: 0.00 reconn/s: 0.00
[ 178s ] thds: 16 tps: 2116.70 qps: 2116.70 (r/w/o: 0.00/2069.71/46.99) lat (ms,95%): 8.90 err/s: 0.00 reconn/s: 0.00
[ 179s ] thds: 16 tps: 2094.72 qps: 2094.72 (r/w/o: 0.00/2044.70/50.02) lat (ms,95%): 8.90 err/s: 0.00 reconn/s: 0.00
[ 180s ] thds: 16 tps: 2111.30 qps: 2111.30 (r/w/o: 0.00/2055.32/55.98) lat (ms,95%): 8.90 err/s: 0.00 reconn/s: 0.00
[ 181s ] thds: 16 tps: 2106.03 qps: 2106.03 (r/w/o: 0.00/2076.03/30.00) lat (ms,95%): 9.06 err/s: 0.00 reconn/s: 0.00
[ 182s ] thds: 16 tps: 2120.00 qps: 2120.00 (r/w/o: 0.00/2073.00/47.00) lat (ms,95%): 8.90 err/s: 0.00 reconn/s: 0.00
[ 183s ] thds: 16 tps: 2119.00 qps: 2119.00 (r/w/o: 0.00/2077.00/42.00) lat (ms,95%): 8.90 err/s: 0.00 reconn/s: 0.00
[ 184s ] thds: 16 tps: 2123.54 qps: 2123.54 (r/w/o: 0.00/2071.53/52.01) lat (ms,95%): 8.90 err/s: 0.00 reconn/s: 0.00
[ 185s ] thds: 16 tps: 2102.45 qps: 2102.45 (r/w/o: 0.00/2059.46/42.99) lat (ms,95%): 8.90 err/s: 0.00 reconn/s: 0.00
[ 186s ] thds: 16 tps: 2125.58 qps: 2125.58 (r/w/o: 0.00/2070.56/55.01) lat (ms,95%): 8.90 err/s: 0.00 reconn/s: 0.00
[ 187s ] thds: 16 tps: 2118.27 qps: 2118.27 (r/w/o: 0.00/2072.29/45.98) lat (ms,95%): 8.90 err/s: 0.00 reconn/s: 0.00
[ 188s ] thds: 16 tps: 2118.66 qps: 2118.66 (r/w/o: 0.00/2075.67/42.99) lat (ms,95%): 8.90 err/s: 0.00 reconn/s: 0.00
[ 189s ] thds: 16 tps: 2106.59 qps: 2106.59 (r/w/o: 0.00/2053.58/53.01) lat (ms,95%): 8.90 err/s: 0.00 reconn/s: 0.00
[ 190s ] thds: 16 tps: 2118.62 qps: 2118.62 (r/w/o: 0.00/2067.60/51.01) lat (ms,95%): 8.90 err/s: 0.00 reconn/s: 0.00
[ 191s ] thds: 16 tps: 2112.61 qps: 2112.61 (r/w/o: 0.00/2068.62/43.99) lat (ms,95%): 8.90 err/s: 0.00 reconn/s: 0.00
[ 192s ] thds: 16 tps: 2114.69 qps: 2114.69 (r/w/o: 0.00/2075.70/38.99) lat (ms,95%): 8.90 err/s: 0.00 reconn/s: 0.00
[ 193s ] thds: 16 tps: 2104.07 qps: 2104.07 (r/w/o: 0.00/2059.07/45.00) lat (ms,95%): 8.90 err/s: 0.00 reconn/s: 0.00
[ 194s ] thds: 16 tps: 2100.37 qps: 2100.37 (r/w/o: 0.00/2047.36/53.01) lat (ms,95%): 8.90 err/s: 0.00 reconn/s: 0.00
[ 195s ] thds: 16 tps: 2109.48 qps: 2109.48 (r/w/o: 0.00/2045.47/64.01) lat (ms,95%): 8.90 err/s: 0.00 reconn/s: 0.00
[ 196s ] thds: 16 tps: 2112.13 qps: 2112.13 (r/w/o: 0.00/2069.15/42.98) lat (ms,95%): 8.90 err/s: 0.00 reconn/s: 0.00
[ 197s ] thds: 16 tps: 2143.06 qps: 2143.06 (r/w/o: 0.00/2096.06/47.00) lat (ms,95%): 8.90 err/s: 0.00 reconn/s: 0.00
[ 198s ] thds: 16 tps: 2127.76 qps: 2127.76 (r/w/o: 0.00/2081.77/45.99) lat (ms,95%): 8.90 err/s: 0.00 reconn/s: 0.00
[ 199s ] thds: 16 tps: 2114.92 qps: 2114.92 (r/w/o: 0.00/2063.92/51.00) lat (ms,95%): 8.90 err/s: 0.00 reconn/s: 0.00
[ 200s ] thds: 16 tps: 2105.19 qps: 2105.19 (r/w/o: 0.00/2064.19/41.00) lat (ms,95%): 8.90 err/s: 0.00 reconn/s: 0.00
[ 201s ] thds: 16 tps: 2127.91 qps: 2127.91 (r/w/o: 0.00/2086.91/41.00) lat (ms,95%): 8.90 err/s: 0.00 reconn/s: 0.00
[ 202s ] thds: 16 tps: 2118.60 qps: 2118.60 (r/w/o: 0.00/2068.61/49.99) lat (ms,95%): 8.90 err/s: 0.00 reconn/s: 0.00
[ 203s ] thds: 16 tps: 2126.52 qps: 2126.52 (r/w/o: 0.00/2075.51/51.01) lat (ms,95%): 8.90 err/s: 0.00 reconn/s: 0.00
[ 204s ] thds: 16 tps: 2116.40 qps: 2116.40 (r/w/o: 0.00/2075.40/41.01) lat (ms,95%): 8.90 err/s: 0.00 reconn/s: 0.00
[ 205s ] thds: 16 tps: 2111.83 qps: 2111.83 (r/w/o: 0.00/2066.84/45.00) lat (ms,95%): 8.90 err/s: 0.00 reconn/s: 0.00
[ 206s ] thds: 16 tps: 2114.21 qps: 2115.21 (r/w/o: 0.00/2071.22/43.98) lat (ms,95%): 8.90 err/s: 0.00 reconn/s: 0.00
[ 207s ] thds: 16 tps: 2123.32 qps: 2122.32 (r/w/o: 0.00/2078.31/44.01) lat (ms,95%): 8.90 err/s: 0.00 reconn/s: 0.00
[ 208s ] thds: 16 tps: 2127.10 qps: 2127.10 (r/w/o: 0.00/2084.10/43.00) lat (ms,95%): 8.90 err/s: 0.00 reconn/s: 0.00
[ 209s ] thds: 16 tps: 2124.36 qps: 2124.36 (r/w/o: 0.00/2085.35/39.01) lat (ms,95%): 8.90 err/s: 0.00 reconn/s: 0.00
[ 210s ] thds: 16 tps: 2123.84 qps: 2123.84 (r/w/o: 0.00/2075.84/48.00) lat (ms,95%): 8.90 err/s: 0.00 reconn/s: 0.00
[ 211s ] thds: 16 tps: 2111.69 qps: 2111.69 (r/w/o: 0.00/2077.70/34.00) lat (ms,95%): 8.90 err/s: 0.00 reconn/s: 0.00
[ 212s ] thds: 16 tps: 2109.25 qps: 2109.25 (r/w/o: 0.00/2064.24/45.01) lat (ms,95%): 8.90 err/s: 0.00 reconn/s: 0.00
[ 213s ] thds: 16 tps: 2103.29 qps: 2103.29 (r/w/o: 0.00/2059.29/44.01) lat (ms,95%): 8.90 err/s: 0.00 reconn/s: 0.00
[ 214s ] thds: 16 tps: 2104.82 qps: 2104.82 (r/w/o: 0.00/2059.83/45.00) lat (ms,95%): 8.90 err/s: 0.00 reconn/s: 0.00
[ 215s ] thds: 16 tps: 2119.97 qps: 2119.97 (r/w/o: 0.00/2058.97/61.00) lat (ms,95%): 8.90 err/s: 0.00 reconn/s: 0.00
[ 216s ] thds: 16 tps: 2112.76 qps: 2112.76 (r/w/o: 0.00/2064.77/47.99) lat (ms,95%): 8.90 err/s: 0.00 reconn/s: 0.00
[ 217s ] thds: 16 tps: 2114.37 qps: 2114.37 (r/w/o: 0.00/2066.36/48.01) lat (ms,95%): 8.90 err/s: 0.00 reconn/s: 0.00
[ 218s ] thds: 16 tps: 2119.35 qps: 2119.35 (r/w/o: 0.00/2086.36/32.99) lat (ms,95%): 8.90 err/s: 0.00 reconn/s: 0.00
[ 219s ] thds: 16 tps: 2106.69 qps: 2106.69 (r/w/o: 0.00/2061.67/45.01) lat (ms,95%): 9.06 err/s: 0.00 reconn/s: 0.00
[ 220s ] thds: 16 tps: 2107.80 qps: 2107.80 (r/w/o: 0.00/2060.81/47.00) lat (ms,95%): 8.90 err/s: 0.00 reconn/s: 0.00
[ 221s ] thds: 16 tps: 2114.20 qps: 2114.20 (r/w/o: 0.00/2076.20/38.00) lat (ms,95%): 8.74 err/s: 0.00 reconn/s: 0.00
[ 222s ] thds: 16 tps: 2123.53 qps: 2123.53 (r/w/o: 0.00/2066.54/56.99) lat (ms,95%): 8.90 err/s: 0.00 reconn/s: 0.00
[ 223s ] thds: 16 tps: 2107.62 qps: 2107.62 (r/w/o: 0.00/2064.63/42.99) lat (ms,95%): 8.90 err/s: 0.00 reconn/s: 0.00
[ 224s ] thds: 16 tps: 2112.35 qps: 2112.35 (r/w/o: 0.00/2070.34/42.01) lat (ms,95%): 8.90 err/s: 0.00 reconn/s: 0.00
[ 225s ] thds: 16 tps: 2106.27 qps: 2106.27 (r/w/o: 0.00/2064.26/42.01) lat (ms,95%): 8.74 err/s: 0.00 reconn/s: 0.00
[ 226s ] thds: 16 tps: 2118.49 qps: 2118.49 (r/w/o: 0.00/2087.48/31.01) lat (ms,95%): 8.90 err/s: 0.00 reconn/s: 0.00
[ 227s ] thds: 16 tps: 2117.62 qps: 2117.62 (r/w/o: 0.00/2072.63/44.99) lat (ms,95%): 8.90 err/s: 0.00 reconn/s: 0.00
[ 228s ] thds: 16 tps: 2127.97 qps: 2127.97 (r/w/o: 0.00/2087.97/40.00) lat (ms,95%): 8.90 err/s: 0.00 reconn/s: 0.00
[ 229s ] thds: 16 tps: 2120.88 qps: 2120.88 (r/w/o: 0.00/2079.88/41.00) lat (ms,95%): 8.90 err/s: 0.00 reconn/s: 0.00
[ 230s ] thds: 16 tps: 2121.89 qps: 2121.89 (r/w/o: 0.00/2074.87/47.02) lat (ms,95%): 8.90 err/s: 0.00 reconn/s: 0.00
[ 231s ] thds: 16 tps: 2112.97 qps: 2112.97 (r/w/o: 0.00/2070.99/41.98) lat (ms,95%): 8.90 err/s: 0.00 reconn/s: 0.00
[ 232s ] thds: 16 tps: 2120.16 qps: 2120.16 (r/w/o: 0.00/2086.16/34.00) lat (ms,95%): 8.90 err/s: 0.00 reconn/s: 0.00
[ 233s ] thds: 16 tps: 2108.88 qps: 2108.88 (r/w/o: 0.00/2051.89/57.00) lat (ms,95%): 8.90 err/s: 0.00 reconn/s: 0.00
[ 234s ] thds: 16 tps: 2104.63 qps: 2104.63 (r/w/o: 0.00/2054.64/49.99) lat (ms,95%): 8.90 err/s: 0.00 reconn/s: 0.00
[ 235s ] thds: 16 tps: 2108.06 qps: 2108.06 (r/w/o: 0.00/2059.03/49.02) lat (ms,95%): 9.06 err/s: 0.00 reconn/s: 0.00
[ 236s ] thds: 16 tps: 2105.42 qps: 2105.42 (r/w/o: 0.00/2051.44/53.99) lat (ms,95%): 9.06 err/s: 0.00 reconn/s: 0.00
[ 237s ] thds: 16 tps: 2112.26 qps: 2112.26 (r/w/o: 0.00/2067.25/45.01) lat (ms,95%): 8.90 err/s: 0.00 reconn/s: 0.00
[ 238s ] thds: 16 tps: 2115.63 qps: 2115.63 (r/w/o: 0.00/2077.64/37.99) lat (ms,95%): 8.90 err/s: 0.00 reconn/s: 0.00
[ 239s ] thds: 16 tps: 2114.82 qps: 2114.82 (r/w/o: 0.00/2070.83/44.00) lat (ms,95%): 9.06 err/s: 0.00 reconn/s: 0.00
[ 240s ] thds: 16 tps: 2097.88 qps: 2097.88 (r/w/o: 0.00/2058.86/39.02) lat (ms,95%): 9.06 err/s: 0.00 reconn/s: 0.00
Latency histogram (values are in milliseconds)
       value  ------------- distribution ------------- count
       4.329 |                                         1
       4.487 |                                         1
       4.569 |                                         3
       4.652 |                                         4
       4.737 |                                         11
       4.823 |                                         18
       4.910 |                                         32
       4.999 |                                         69
       5.090 |                                         78
       5.183 |                                         164
       5.277 |                                         279
       5.373 |                                         322
       5.470 |                                         326
       5.570 |                                         453
       5.671 |*                                        871
       5.774 |*                                        1776
       5.879 |**                                       3135
       5.986 |***                                      4271
       6.095 |****                                     5172
       6.205 |*******                                  8933
       6.318 |************                             15793
       6.433 |************                             16214
       6.550 |*********                                12465
       6.669 |**********                               12803
       6.790 |************                             15888
       6.913 |***************                          19669
       7.039 |*****************                        22585
       7.167 |*******************                      24731
       7.297 |*******************************          41661
       7.430 |**************************************** 53003
       7.565 |*************************                32906
       7.702 |********************                     26801
       7.842 |********************                     26258
       7.985 |******************                       23790
       8.130 |*****************                        22002
       8.277 |****************                         20767
       8.428 |***********************                  30184
       8.581 |***************                          20461
       8.737 |**********                               13367
       8.895 |********                                 11139
       9.057 |****                                     5827
       9.222 |***                                      3655
       9.389 |***                                      3548
       9.560 |**                                       3162
       9.734 |*                                        1377
       9.910 |*                                        936
      10.090 |                                         396
      10.274 |                                         215
      10.460 |                                         192
      10.651 |                                         166
      10.844 |                                         93
      11.041 |                                         60
      11.242 |                                         50
      11.446 |                                         23
      11.654 |                                         36
      11.866 |                                         17
      12.081 |                                         14
      12.301 |                                         9
      12.524 |                                         8
      12.752 |                                         8
      12.984 |                                         7
      13.219 |                                         3
      13.460 |                                         5
      13.704 |                                         2
      13.953 |                                         3
      14.465 |                                         3
      14.728 |                                         1
      15.268 |                                         2
      15.545 |                                         1
      15.828 |                                         1
      16.115 |                                         1
      17.954 |                                         1
      18.950 |                                         2
      25.737 |                                         1
      26.205 |                                         1
      29.725 |                                         1
      44.976 |                                         1
 
SQL statistics:
    queries performed:
        read:                            0
        write:                           497184
        other:                           11051
        total:                           508235
    transactions:                        508235 (2117.55 per sec.)
    queries:                             508235 (2117.55 per sec.)
    ignored errors:                      0      (0.00 per sec.)
    reconnects:                          0      (0.00 per sec.)

Throughput:
    events/s (eps):                      2117.5467
    time elapsed:                        240.0115s
    total number of events:              508235

Latency (ms):
         min:                                    4.33
         avg:                                    7.55
         max:                                   45.31
         95th percentile:                        8.90
         sum:                              3839172.45

Threads fairness:
    events (avg/stddev):           31764.5000/2560.03
    execution time (avg/stddev):   239.9483/0.01

