sysbench 1.1.0-3ceba0b (using bundled LuaJIT 2.1.0-beta3)

Running the test with following options:
Number of threads: 4
Warmup time: 60s
Report intermediate results every 1 second(s)
Initializing random number generator from current time


Initializing worker threads...

Threads started!

Warming up for 60 seconds...

[ 1s ] thds: 4 tps: 53.24 qps: 1065.39 (r/w/o: 745.80/209.67/109.91) lat (ms,95%): 86.00 err/s: 0.00 reconn/s: 0.00
[ 2s ] thds: 4 tps: 54.00 qps: 1081.04 (r/w/o: 761.03/208.01/112.00) lat (ms,95%): 82.96 err/s: 0.00 reconn/s: 0.00
[ 3s ] thds: 4 tps: 55.01 qps: 1092.12 (r/w/o: 763.08/215.02/114.01) lat (ms,95%): 84.47 err/s: 0.00 reconn/s: 0.00
[ 4s ] thds: 4 tps: 52.99 qps: 1079.74 (r/w/o: 760.82/206.95/111.97) lat (ms,95%): 84.47 err/s: 0.00 reconn/s: 0.00
[ 5s ] thds: 4 tps: 54.00 qps: 1081.09 (r/w/o: 753.06/214.02/114.01) lat (ms,95%): 86.00 err/s: 0.00 reconn/s: 0.00
[ 6s ] thds: 4 tps: 54.00 qps: 1084.94 (r/w/o: 762.96/209.99/111.99) lat (ms,95%): 84.47 err/s: 0.00 reconn/s: 0.00
[ 7s ] thds: 4 tps: 54.00 qps: 1076.99 (r/w/o: 750.99/216.00/110.00) lat (ms,95%): 82.96 err/s: 0.00 reconn/s: 0.00
[ 8s ] thds: 4 tps: 55.97 qps: 1088.37 (r/w/o: 757.56/216.87/113.93) lat (ms,95%): 82.96 err/s: 0.00 reconn/s: 0.00
[ 9s ] thds: 4 tps: 53.04 qps: 1086.88 (r/w/o: 763.62/213.17/110.09) lat (ms,95%): 82.96 err/s: 0.00 reconn/s: 0.00
[ 10s ] thds: 4 tps: 54.99 qps: 1081.71 (r/w/o: 755.80/212.94/112.97) lat (ms,95%): 84.47 err/s: 0.00 reconn/s: 0.00
[ 11s ] thds: 4 tps: 53.01 qps: 1079.13 (r/w/o: 761.09/209.02/109.01) lat (ms,95%): 82.96 err/s: 0.00 reconn/s: 0.00
[ 12s ] thds: 4 tps: 55.99 qps: 1085.84 (r/w/o: 751.89/220.97/112.98) lat (ms,95%): 84.47 err/s: 0.00 reconn/s: 0.00
[ 13s ] thds: 4 tps: 53.02 qps: 1089.33 (r/w/o: 769.23/209.06/111.03) lat (ms,95%): 82.96 err/s: 0.00 reconn/s: 0.00
[ 14s ] thds: 4 tps: 53.95 qps: 1089.05 (r/w/o: 761.33/217.81/109.90) lat (ms,95%): 82.96 err/s: 0.00 reconn/s: 0.00
[ 15s ] thds: 4 tps: 54.04 qps: 1079.80 (r/w/o: 755.56/213.16/111.08) lat (ms,95%): 82.96 err/s: 0.00 reconn/s: 0.00
[ 16s ] thds: 4 tps: 54.99 qps: 1086.75 (r/w/o: 756.82/215.95/113.97) lat (ms,95%): 82.96 err/s: 0.00 reconn/s: 0.00
[ 17s ] thds: 4 tps: 54.01 qps: 1083.20 (r/w/o: 759.14/214.04/110.02) lat (ms,95%): 86.00 err/s: 0.00 reconn/s: 0.00
[ 18s ] thds: 4 tps: 53.01 qps: 1066.23 (r/w/o: 748.16/208.04/110.02) lat (ms,95%): 87.56 err/s: 0.00 reconn/s: 0.00
[ 19s ] thds: 4 tps: 54.95 qps: 1073.94 (r/w/o: 748.26/213.79/111.89) lat (ms,95%): 82.96 err/s: 0.00 reconn/s: 0.00
[ 20s ] thds: 4 tps: 53.04 qps: 1088.73 (r/w/o: 770.52/206.14/112.08) lat (ms,95%): 82.96 err/s: 0.00 reconn/s: 0.00
[ 21s ] thds: 4 tps: 54.96 qps: 1085.28 (r/w/o: 755.50/214.86/114.92) lat (ms,95%): 84.47 err/s: 0.00 reconn/s: 0.00
[ 22s ] thds: 4 tps: 54.05 qps: 1082.94 (r/w/o: 754.65/215.19/113.10) lat (ms,95%): 84.47 err/s: 0.00 reconn/s: 0.00
[ 23s ] thds: 4 tps: 54.00 qps: 1085.92 (r/w/o: 763.94/209.98/111.99) lat (ms,95%): 84.47 err/s: 0.00 reconn/s: 0.00
[ 24s ] thds: 4 tps: 53.97 qps: 1076.49 (r/w/o: 754.64/208.90/112.95) lat (ms,95%): 84.47 err/s: 0.00 reconn/s: 0.00
[ 25s ] thds: 4 tps: 54.01 qps: 1078.27 (r/w/o: 754.19/214.05/110.03) lat (ms,95%): 84.47 err/s: 0.00 reconn/s: 0.00
[ 26s ] thds: 4 tps: 54.00 qps: 1094.05 (r/w/o: 769.03/213.01/112.00) lat (ms,95%): 84.47 err/s: 0.00 reconn/s: 0.00
[ 27s ] thds: 4 tps: 54.01 qps: 1088.12 (r/w/o: 759.08/217.02/112.01) lat (ms,95%): 84.47 err/s: 0.00 reconn/s: 0.00
[ 28s ] thds: 4 tps: 55.99 qps: 1094.82 (r/w/o: 764.87/215.96/113.98) lat (ms,95%): 81.48 err/s: 0.00 reconn/s: 0.00
[ 29s ] thds: 4 tps: 54.01 qps: 1087.15 (r/w/o: 760.10/213.03/114.02) lat (ms,95%): 84.47 err/s: 0.00 reconn/s: 0.00
[ 30s ] thds: 4 tps: 55.01 qps: 1093.24 (r/w/o: 766.17/213.05/114.02) lat (ms,95%): 82.96 err/s: 0.00 reconn/s: 0.00
[ 31s ] thds: 4 tps: 54.99 qps: 1090.74 (r/w/o: 760.82/213.95/115.97) lat (ms,95%): 81.48 err/s: 0.00 reconn/s: 0.00
[ 32s ] thds: 4 tps: 53.01 qps: 1083.16 (r/w/o: 765.11/211.03/107.02) lat (ms,95%): 82.96 err/s: 0.00 reconn/s: 0.00
[ 33s ] thds: 4 tps: 55.00 qps: 1094.04 (r/w/o: 764.03/215.01/115.00) lat (ms,95%): 84.47 err/s: 0.00 reconn/s: 0.00
[ 34s ] thds: 4 tps: 53.99 qps: 1086.76 (r/w/o: 762.83/214.95/108.98) lat (ms,95%): 84.47 err/s: 0.00 reconn/s: 0.00
[ 35s ] thds: 4 tps: 55.00 qps: 1091.05 (r/w/o: 759.04/217.01/115.01) lat (ms,95%): 84.47 err/s: 0.00 reconn/s: 0.00
[ 36s ] thds: 4 tps: 54.98 qps: 1094.53 (r/w/o: 763.67/215.91/114.95) lat (ms,95%): 84.47 err/s: 0.00 reconn/s: 0.00
[ 37s ] thds: 4 tps: 54.03 qps: 1092.57 (r/w/o: 770.40/207.11/115.06) lat (ms,95%): 82.96 err/s: 0.00 reconn/s: 0.00
[ 38s ] thds: 4 tps: 55.00 qps: 1099.08 (r/w/o: 767.06/219.02/113.01) lat (ms,95%): 81.48 err/s: 0.00 reconn/s: 0.00
[ 39s ] thds: 4 tps: 53.99 qps: 1083.71 (r/w/o: 754.80/216.94/111.97) lat (ms,95%): 84.47 err/s: 0.00 reconn/s: 0.00
[ 40s ] thds: 4 tps: 55.02 qps: 1083.30 (r/w/o: 757.21/213.06/113.03) lat (ms,95%): 86.00 err/s: 0.00 reconn/s: 0.00
[ 41s ] thds: 4 tps: 54.00 qps: 1091.01 (r/w/o: 771.01/206.00/114.00) lat (ms,95%): 82.96 err/s: 0.00 reconn/s: 0.00
[ 42s ] thds: 4 tps: 55.00 qps: 1101.95 (r/w/o: 766.96/218.99/115.99) lat (ms,95%): 82.96 err/s: 0.00 reconn/s: 0.00
[ 43s ] thds: 4 tps: 55.01 qps: 1082.11 (r/w/o: 755.08/217.02/110.01) lat (ms,95%): 82.96 err/s: 0.00 reconn/s: 0.00
[ 44s ] thds: 4 tps: 53.98 qps: 1090.70 (r/w/o: 768.79/210.94/110.97) lat (ms,95%): 84.47 err/s: 0.00 reconn/s: 0.00
[ 45s ] thds: 4 tps: 54.01 qps: 1081.17 (r/w/o: 757.12/214.03/110.02) lat (ms,95%): 84.47 err/s: 0.00 reconn/s: 0.00
[ 46s ] thds: 4 tps: 53.99 qps: 1082.86 (r/w/o: 756.90/213.97/111.99) lat (ms,95%): 82.96 err/s: 0.00 reconn/s: 0.00
[ 47s ] thds: 4 tps: 54.01 qps: 1083.19 (r/w/o: 761.13/209.04/113.02) lat (ms,95%): 84.47 err/s: 0.00 reconn/s: 0.00
[ 48s ] thds: 4 tps: 53.98 qps: 1071.52 (r/w/o: 747.67/214.90/108.95) lat (ms,95%): 86.00 err/s: 0.00 reconn/s: 0.00
[ 49s ] thds: 4 tps: 53.03 qps: 1073.61 (r/w/o: 755.43/208.12/110.06) lat (ms,95%): 84.47 err/s: 0.00 reconn/s: 0.00
[ 50s ] thds: 4 tps: 52.98 qps: 1074.65 (r/w/o: 749.76/215.93/108.96) lat (ms,95%): 84.47 err/s: 0.00 reconn/s: 0.00
[ 51s ] thds: 4 tps: 55.01 qps: 1079.11 (r/w/o: 754.08/211.02/114.01) lat (ms,95%): 84.47 err/s: 0.00 reconn/s: 0.00
[ 52s ] thds: 4 tps: 53.96 qps: 1079.28 (r/w/o: 752.50/215.86/110.93) lat (ms,95%): 82.96 err/s: 0.00 reconn/s: 0.00
[ 53s ] thds: 4 tps: 54.04 qps: 1073.84 (r/w/o: 750.59/213.17/110.09) lat (ms,95%): 84.47 err/s: 0.00 reconn/s: 0.00
[ 54s ] thds: 4 tps: 52.99 qps: 1070.82 (r/w/o: 753.88/203.97/112.98) lat (ms,95%): 84.47 err/s: 0.00 reconn/s: 0.00
[ 55s ] thds: 4 tps: 54.00 qps: 1075.97 (r/w/o: 752.98/209.99/113.00) lat (ms,95%): 82.96 err/s: 0.00 reconn/s: 0.00
[ 56s ] thds: 4 tps: 53.99 qps: 1075.84 (r/w/o: 752.89/211.97/110.98) lat (ms,95%): 86.00 err/s: 0.00 reconn/s: 0.00
[ 57s ] thds: 4 tps: 54.02 qps: 1080.32 (r/w/o: 754.22/216.06/110.03) lat (ms,95%): 84.47 err/s: 0.00 reconn/s: 0.00
[ 58s ] thds: 4 tps: 55.00 qps: 1076.06 (r/w/o: 750.04/215.01/111.01) lat (ms,95%): 82.96 err/s: 0.00 reconn/s: 0.00
[ 59s ] thds: 4 tps: 53.00 qps: 1078.00 (r/w/o: 759.00/212.00/107.00) lat (ms,95%): 82.96 err/s: 0.00 reconn/s: 0.00
[ 60s ] thds: 4 tps: 54.00 qps: 1070.97 (r/w/o: 747.98/213.99/109.00) lat (ms,95%): 84.47 err/s: 0.00 reconn/s: 0.00
[ 61s ] thds: 4 tps: 53.00 qps: 1080.06 (r/w/o: 759.04/210.01/111.01) lat (ms,95%): 84.47 err/s: 0.00 reconn/s: 0.00
[ 62s ] thds: 4 tps: 54.00 qps: 1083.97 (r/w/o: 753.98/219.99/110.00) lat (ms,95%): 82.96 err/s: 0.00 reconn/s: 0.00
[ 63s ] thds: 4 tps: 54.99 qps: 1076.71 (r/w/o: 754.80/206.94/114.97) lat (ms,95%): 86.00 err/s: 0.00 reconn/s: 0.00
[ 64s ] thds: 4 tps: 54.02 qps: 1077.31 (r/w/o: 753.22/213.06/111.03) lat (ms,95%): 86.00 err/s: 0.00 reconn/s: 0.00
[ 65s ] thds: 4 tps: 53.01 qps: 1073.12 (r/w/o: 751.09/213.02/109.01) lat (ms,95%): 86.00 err/s: 0.00 reconn/s: 0.00
[ 66s ] thds: 4 tps: 53.99 qps: 1074.86 (r/w/o: 754.90/209.97/109.99) lat (ms,95%): 86.00 err/s: 0.00 reconn/s: 0.00
[ 67s ] thds: 4 tps: 52.98 qps: 1074.69 (r/w/o: 754.78/211.94/107.97) lat (ms,95%): 86.00 err/s: 0.00 reconn/s: 0.00
[ 68s ] thds: 4 tps: 53.00 qps: 1076.97 (r/w/o: 754.98/211.99/110.00) lat (ms,95%): 86.00 err/s: 0.00 reconn/s: 0.00
[ 69s ] thds: 4 tps: 55.01 qps: 1091.26 (r/w/o: 762.18/212.05/117.03) lat (ms,95%): 82.96 err/s: 0.00 reconn/s: 0.00
[ 70s ] thds: 4 tps: 54.99 qps: 1074.83 (r/w/o: 745.88/215.97/112.98) lat (ms,95%): 84.47 err/s: 0.00 reconn/s: 0.00
[ 71s ] thds: 4 tps: 53.01 qps: 1065.11 (r/w/o: 749.07/207.02/109.01) lat (ms,95%): 87.56 err/s: 0.00 reconn/s: 0.00
[ 72s ] thds: 4 tps: 54.01 qps: 1081.11 (r/w/o: 756.08/215.02/110.01) lat (ms,95%): 84.47 err/s: 0.00 reconn/s: 0.00
[ 73s ] thds: 4 tps: 53.99 qps: 1075.73 (r/w/o: 752.81/210.95/111.97) lat (ms,95%): 86.00 err/s: 0.00 reconn/s: 0.00
[ 74s ] thds: 4 tps: 53.01 qps: 1077.11 (r/w/o: 753.08/212.02/112.01) lat (ms,95%): 86.00 err/s: 0.00 reconn/s: 0.00
[ 75s ] thds: 4 tps: 56.00 qps: 1085.08 (r/w/o: 757.06/212.02/116.01) lat (ms,95%): 86.00 err/s: 0.00 reconn/s: 0.00
[ 76s ] thds: 4 tps: 53.01 qps: 1085.15 (r/w/o: 765.11/214.03/106.02) lat (ms,95%): 84.47 err/s: 0.00 reconn/s: 0.00
[ 77s ] thds: 4 tps: 53.99 qps: 1081.74 (r/w/o: 759.82/209.95/111.97) lat (ms,95%): 86.00 err/s: 0.00 reconn/s: 0.00
[ 78s ] thds: 4 tps: 54.01 qps: 1078.21 (r/w/o: 749.14/219.04/110.02) lat (ms,95%): 84.47 err/s: 0.00 reconn/s: 0.00
[ 79s ] thds: 4 tps: 53.00 qps: 1076.00 (r/w/o: 755.00/213.00/108.00) lat (ms,95%): 87.56 err/s: 0.00 reconn/s: 0.00
[ 80s ] thds: 4 tps: 56.00 qps: 1079.99 (r/w/o: 751.99/209.00/119.00) lat (ms,95%): 84.47 err/s: 0.00 reconn/s: 0.00
[ 81s ] thds: 4 tps: 52.00 qps: 1074.95 (r/w/o: 758.97/210.99/105.00) lat (ms,95%): 86.00 err/s: 0.00 reconn/s: 0.00
[ 82s ] thds: 4 tps: 54.97 qps: 1075.43 (r/w/o: 749.61/211.89/113.94) lat (ms,95%): 84.47 err/s: 0.00 reconn/s: 0.00
[ 83s ] thds: 4 tps: 53.03 qps: 1082.63 (r/w/o: 764.45/209.12/109.06) lat (ms,95%): 84.47 err/s: 0.00 reconn/s: 0.00
[ 84s ] thds: 4 tps: 54.98 qps: 1076.66 (r/w/o: 746.77/217.93/111.96) lat (ms,95%): 84.47 err/s: 0.00 reconn/s: 0.00
[ 85s ] thds: 4 tps: 53.02 qps: 1085.33 (r/w/o: 763.23/215.06/107.03) lat (ms,95%): 84.47 err/s: 0.00 reconn/s: 0.00
[ 86s ] thds: 4 tps: 53.99 qps: 1084.76 (r/w/o: 756.83/211.95/115.97) lat (ms,95%): 82.96 err/s: 0.00 reconn/s: 0.00
[ 87s ] thds: 4 tps: 55.02 qps: 1078.34 (r/w/o: 753.24/213.07/112.04) lat (ms,95%): 84.47 err/s: 0.00 reconn/s: 0.00
[ 88s ] thds: 4 tps: 52.99 qps: 1081.85 (r/w/o: 762.89/207.97/110.98) lat (ms,95%): 86.00 err/s: 0.00 reconn/s: 0.00
[ 89s ] thds: 4 tps: 56.00 qps: 1091.99 (r/w/o: 759.99/217.00/115.00) lat (ms,95%): 84.47 err/s: 0.00 reconn/s: 0.00
[ 90s ] thds: 4 tps: 53.99 qps: 1086.82 (r/w/o: 762.88/210.97/112.98) lat (ms,95%): 82.96 err/s: 0.00 reconn/s: 0.00
[ 91s ] thds: 4 tps: 53.01 qps: 1077.19 (r/w/o: 756.13/210.04/111.02) lat (ms,95%): 82.96 err/s: 0.00 reconn/s: 0.00
[ 92s ] thds: 4 tps: 54.99 qps: 1084.77 (r/w/o: 754.84/216.95/112.98) lat (ms,95%): 82.96 err/s: 0.00 reconn/s: 0.00
[ 93s ] thds: 4 tps: 54.00 qps: 1081.01 (r/w/o: 760.01/210.00/111.00) lat (ms,95%): 82.96 err/s: 0.00 reconn/s: 0.00
[ 94s ] thds: 4 tps: 54.01 qps: 1089.11 (r/w/o: 765.08/215.02/109.01) lat (ms,95%): 82.96 err/s: 0.00 reconn/s: 0.00
[ 95s ] thds: 4 tps: 53.99 qps: 1083.88 (r/w/o: 754.92/216.98/111.99) lat (ms,95%): 81.48 err/s: 0.00 reconn/s: 0.00
[ 96s ] thds: 4 tps: 55.00 qps: 1085.96 (r/w/o: 760.97/211.99/113.00) lat (ms,95%): 84.47 err/s: 0.00 reconn/s: 0.00
[ 97s ] thds: 4 tps: 53.00 qps: 1081.02 (r/w/o: 759.01/214.00/108.00) lat (ms,95%): 84.47 err/s: 0.00 reconn/s: 0.00
[ 98s ] thds: 4 tps: 55.00 qps: 1092.02 (r/w/o: 759.01/220.00/113.00) lat (ms,95%): 81.48 err/s: 0.00 reconn/s: 0.00
[ 99s ] thds: 4 tps: 55.93 qps: 1090.58 (r/w/o: 763.01/214.72/112.85) lat (ms,95%): 82.96 err/s: 0.00 reconn/s: 0.00
[ 100s ] thds: 4 tps: 53.08 qps: 1084.63 (r/w/o: 765.15/205.31/114.17) lat (ms,95%): 81.48 err/s: 0.00 reconn/s: 0.00
[ 101s ] thds: 4 tps: 54.01 qps: 1079.11 (r/w/o: 754.07/211.02/114.01) lat (ms,95%): 86.00 err/s: 0.00 reconn/s: 0.00
[ 102s ] thds: 4 tps: 52.96 qps: 1084.14 (r/w/o: 757.40/215.83/110.91) lat (ms,95%): 82.96 err/s: 0.00 reconn/s: 0.00
[ 103s ] thds: 4 tps: 57.03 qps: 1097.67 (r/w/o: 766.47/215.13/116.07) lat (ms,95%): 82.96 err/s: 0.00 reconn/s: 0.00
[ 104s ] thds: 4 tps: 53.00 qps: 1084.09 (r/w/o: 762.07/210.02/112.01) lat (ms,95%): 82.96 err/s: 0.00 reconn/s: 0.00
[ 105s ] thds: 4 tps: 55.00 qps: 1081.01 (r/w/o: 754.00/212.00/115.00) lat (ms,95%): 82.96 err/s: 0.00 reconn/s: 0.00
[ 106s ] thds: 4 tps: 52.96 qps: 1083.21 (r/w/o: 757.45/215.84/109.92) lat (ms,95%): 81.48 err/s: 0.00 reconn/s: 0.00
[ 107s ] thds: 4 tps: 55.04 qps: 1085.76 (r/w/o: 763.53/207.15/115.08) lat (ms,95%): 82.96 err/s: 0.00 reconn/s: 0.00
[ 108s ] thds: 4 tps: 53.00 qps: 1083.02 (r/w/o: 761.02/212.00/110.00) lat (ms,95%): 82.96 err/s: 0.00 reconn/s: 0.00
[ 109s ] thds: 4 tps: 56.00 qps: 1082.08 (r/w/o: 750.06/215.02/117.01) lat (ms,95%): 82.96 err/s: 0.00 reconn/s: 0.00
[ 110s ] thds: 4 tps: 52.99 qps: 1078.86 (r/w/o: 760.90/207.97/109.99) lat (ms,95%): 81.48 err/s: 0.00 reconn/s: 0.00
[ 111s ] thds: 4 tps: 55.00 qps: 1085.02 (r/w/o: 754.02/211.00/120.00) lat (ms,95%): 84.47 err/s: 0.00 reconn/s: 0.00
[ 112s ] thds: 4 tps: 53.97 qps: 1086.33 (r/w/o: 760.53/209.87/115.93) lat (ms,95%): 82.96 err/s: 0.00 reconn/s: 0.00
[ 113s ] thds: 4 tps: 55.03 qps: 1091.66 (r/w/o: 764.46/215.13/112.07) lat (ms,95%): 81.48 err/s: 0.00 reconn/s: 0.00
[ 114s ] thds: 4 tps: 52.95 qps: 1079.01 (r/w/o: 761.30/207.81/109.90) lat (ms,95%): 82.96 err/s: 0.00 reconn/s: 0.00
[ 115s ] thds: 4 tps: 55.05 qps: 1076.98 (r/w/o: 745.68/221.20/110.10) lat (ms,95%): 84.47 err/s: 0.00 reconn/s: 0.00
[ 116s ] thds: 4 tps: 54.01 qps: 1090.24 (r/w/o: 767.17/210.05/113.03) lat (ms,95%): 81.48 err/s: 0.00 reconn/s: 0.00
[ 117s ] thds: 4 tps: 52.99 qps: 1069.75 (r/w/o: 751.82/209.95/107.97) lat (ms,95%): 84.47 err/s: 0.00 reconn/s: 0.00
[ 118s ] thds: 4 tps: 54.00 qps: 1081.97 (r/w/o: 755.98/214.99/111.00) lat (ms,95%): 84.47 err/s: 0.00 reconn/s: 0.00
[ 119s ] thds: 4 tps: 54.00 qps: 1074.08 (r/w/o: 749.06/216.02/109.01) lat (ms,95%): 84.47 err/s: 0.00 reconn/s: 0.00
[ 120s ] thds: 4 tps: 54.00 qps: 1087.97 (r/w/o: 764.98/211.99/111.00) lat (ms,95%): 82.96 err/s: 0.00 reconn/s: 0.00
[ 121s ] thds: 4 tps: 54.96 qps: 1086.29 (r/w/o: 755.51/217.86/112.93) lat (ms,95%): 81.48 err/s: 0.00 reconn/s: 0.00
[ 122s ] thds: 4 tps: 54.00 qps: 1086.06 (r/w/o: 764.04/211.01/111.01) lat (ms,95%): 82.96 err/s: 0.00 reconn/s: 0.00
[ 123s ] thds: 4 tps: 55.03 qps: 1083.58 (r/w/o: 754.40/215.11/114.06) lat (ms,95%): 84.47 err/s: 0.00 reconn/s: 0.00
[ 124s ] thds: 4 tps: 53.01 qps: 1082.17 (r/w/o: 764.12/208.03/110.02) lat (ms,95%): 81.48 err/s: 0.00 reconn/s: 0.00
[ 125s ] thds: 4 tps: 54.00 qps: 1073.07 (r/w/o: 749.05/216.01/108.01) lat (ms,95%): 86.00 err/s: 0.00 reconn/s: 0.00
[ 126s ] thds: 4 tps: 53.00 qps: 1071.91 (r/w/o: 749.93/210.98/110.99) lat (ms,95%): 82.96 err/s: 0.00 reconn/s: 0.00
[ 127s ] thds: 4 tps: 56.00 qps: 1082.96 (r/w/o: 751.97/218.99/112.00) lat (ms,95%): 82.96 err/s: 0.00 reconn/s: 0.00
[ 128s ] thds: 4 tps: 53.00 qps: 1072.96 (r/w/o: 755.97/207.99/109.00) lat (ms,95%): 86.00 err/s: 0.00 reconn/s: 0.00
[ 129s ] thds: 4 tps: 54.00 qps: 1088.02 (r/w/o: 762.01/213.00/113.00) lat (ms,95%): 84.47 err/s: 0.00 reconn/s: 0.00
[ 130s ] thds: 4 tps: 53.01 qps: 1081.23 (r/w/o: 759.16/214.04/108.02) lat (ms,95%): 82.96 err/s: 0.00 reconn/s: 0.00
[ 131s ] thds: 4 tps: 55.00 qps: 1078.97 (r/w/o: 753.98/213.99/111.00) lat (ms,95%): 82.96 err/s: 0.00 reconn/s: 0.00
[ 132s ] thds: 4 tps: 52.98 qps: 1079.65 (r/w/o: 758.75/212.93/107.96) lat (ms,95%): 84.47 err/s: 0.00 reconn/s: 0.00
[ 133s ] thds: 4 tps: 55.00 qps: 1082.00 (r/w/o: 752.00/213.00/117.00) lat (ms,95%): 86.00 err/s: 0.00 reconn/s: 0.00
[ 134s ] thds: 4 tps: 54.01 qps: 1093.21 (r/w/o: 767.14/215.04/111.02) lat (ms,95%): 82.96 err/s: 0.00 reconn/s: 0.00
[ 135s ] thds: 4 tps: 54.99 qps: 1094.70 (r/w/o: 766.79/213.94/113.97) lat (ms,95%): 84.47 err/s: 0.00 reconn/s: 0.00
[ 136s ] thds: 4 tps: 54.02 qps: 1081.43 (r/w/o: 755.30/213.08/113.04) lat (ms,95%): 84.47 err/s: 0.00 reconn/s: 0.00
[ 137s ] thds: 4 tps: 53.99 qps: 1077.75 (r/w/o: 750.82/215.95/110.97) lat (ms,95%): 84.47 err/s: 0.00 reconn/s: 0.00
[ 138s ] thds: 4 tps: 54.00 qps: 1087.08 (r/w/o: 770.06/204.01/113.01) lat (ms,95%): 82.96 err/s: 0.00 reconn/s: 0.00
[ 139s ] thds: 4 tps: 54.96 qps: 1086.28 (r/w/o: 756.50/214.86/114.92) lat (ms,95%): 81.48 err/s: 0.00 reconn/s: 0.00
[ 140s ] thds: 4 tps: 55.03 qps: 1103.68 (r/w/o: 769.47/215.13/119.07) lat (ms,95%): 81.48 err/s: 0.00 reconn/s: 0.00
[ 141s ] thds: 4 tps: 54.00 qps: 1091.05 (r/w/o: 769.03/208.01/114.00) lat (ms,95%): 84.47 err/s: 0.00 reconn/s: 0.00
[ 142s ] thds: 4 tps: 54.01 qps: 1080.14 (r/w/o: 755.10/213.03/112.01) lat (ms,95%): 82.96 err/s: 0.00 reconn/s: 0.00
[ 143s ] thds: 4 tps: 55.98 qps: 1085.58 (r/w/o: 753.71/215.92/115.96) lat (ms,95%): 84.47 err/s: 0.00 reconn/s: 0.00
[ 144s ] thds: 4 tps: 53.98 qps: 1080.55 (r/w/o: 755.69/209.91/114.95) lat (ms,95%): 84.47 err/s: 0.00 reconn/s: 0.00
[ 145s ] thds: 4 tps: 53.05 qps: 1088.94 (r/w/o: 770.67/206.18/112.10) lat (ms,95%): 82.96 err/s: 0.00 reconn/s: 0.00
[ 146s ] thds: 4 tps: 55.00 qps: 1091.99 (r/w/o: 759.99/220.00/112.00) lat (ms,95%): 84.47 err/s: 0.00 reconn/s: 0.00
[ 147s ] thds: 4 tps: 53.99 qps: 1083.89 (r/w/o: 757.93/213.98/111.99) lat (ms,95%): 82.96 err/s: 0.00 reconn/s: 0.00
[ 148s ] thds: 4 tps: 54.99 qps: 1089.76 (r/w/o: 763.83/210.95/114.98) lat (ms,95%): 82.96 err/s: 0.00 reconn/s: 0.00
[ 149s ] thds: 4 tps: 53.00 qps: 1084.91 (r/w/o: 762.94/208.98/112.99) lat (ms,95%): 84.47 err/s: 0.00 reconn/s: 0.00
[ 150s ] thds: 4 tps: 55.01 qps: 1078.24 (r/w/o: 752.17/211.05/115.03) lat (ms,95%): 84.47 err/s: 0.00 reconn/s: 0.00
[ 151s ] thds: 4 tps: 53.99 qps: 1086.74 (r/w/o: 761.82/209.95/114.97) lat (ms,95%): 84.47 err/s: 0.00 reconn/s: 0.00
[ 152s ] thds: 4 tps: 54.02 qps: 1084.36 (r/w/o: 757.25/217.07/110.04) lat (ms,95%): 82.96 err/s: 0.00 reconn/s: 0.00
[ 153s ] thds: 4 tps: 56.00 qps: 1092.10 (r/w/o: 760.07/215.02/117.01) lat (ms,95%): 84.47 err/s: 0.00 reconn/s: 0.00
[ 154s ] thds: 4 tps: 52.99 qps: 1075.70 (r/w/o: 757.79/209.94/107.97) lat (ms,95%): 84.47 err/s: 0.00 reconn/s: 0.00
[ 155s ] thds: 4 tps: 54.00 qps: 1078.07 (r/w/o: 755.05/215.01/108.01) lat (ms,95%): 82.96 err/s: 0.00 reconn/s: 0.00
[ 156s ] thds: 4 tps: 53.01 qps: 1081.22 (r/w/o: 762.16/211.04/108.02) lat (ms,95%): 84.47 err/s: 0.00 reconn/s: 0.00
[ 157s ] thds: 4 tps: 52.98 qps: 1070.59 (r/w/o: 746.71/213.92/109.96) lat (ms,95%): 84.47 err/s: 0.00 reconn/s: 0.00
[ 158s ] thds: 4 tps: 55.02 qps: 1076.40 (r/w/o: 749.28/210.08/117.04) lat (ms,95%): 86.00 err/s: 0.00 reconn/s: 0.00
[ 159s ] thds: 4 tps: 53.99 qps: 1084.76 (r/w/o: 763.83/209.95/110.98) lat (ms,95%): 81.48 err/s: 0.00 reconn/s: 0.00
[ 160s ] thds: 4 tps: 54.00 qps: 1076.94 (r/w/o: 752.96/207.99/115.99) lat (ms,95%): 82.96 err/s: 0.00 reconn/s: 0.00
[ 161s ] thds: 4 tps: 52.99 qps: 1082.89 (r/w/o: 754.93/217.98/109.99) lat (ms,95%): 82.96 err/s: 0.00 reconn/s: 0.00
[ 162s ] thds: 4 tps: 56.00 qps: 1084.06 (r/w/o: 756.04/217.01/111.01) lat (ms,95%): 84.47 err/s: 0.00 reconn/s: 0.00
[ 163s ] thds: 4 tps: 54.02 qps: 1088.33 (r/w/o: 766.23/209.06/113.03) lat (ms,95%): 82.96 err/s: 0.00 reconn/s: 0.00
[ 164s ] thds: 4 tps: 55.00 qps: 1088.04 (r/w/o: 758.03/215.01/115.00) lat (ms,95%): 82.96 err/s: 0.00 reconn/s: 0.00
[ 165s ] thds: 4 tps: 52.99 qps: 1097.81 (r/w/o: 771.87/215.96/109.98) lat (ms,95%): 82.96 err/s: 0.00 reconn/s: 0.00
[ 166s ] thds: 4 tps: 56.00 qps: 1090.00 (r/w/o: 762.00/213.00/115.00) lat (ms,95%): 82.96 err/s: 0.00 reconn/s: 0.00
[ 167s ] thds: 4 tps: 53.00 qps: 1082.92 (r/w/o: 764.94/209.98/107.99) lat (ms,95%): 81.48 err/s: 0.00 reconn/s: 0.00
[ 168s ] thds: 4 tps: 54.00 qps: 1086.04 (r/w/o: 756.03/216.01/114.00) lat (ms,95%): 84.47 err/s: 0.00 reconn/s: 0.00
[ 169s ] thds: 4 tps: 54.01 qps: 1076.13 (r/w/o: 751.09/211.03/114.01) lat (ms,95%): 82.96 err/s: 0.00 reconn/s: 0.00
[ 170s ] thds: 4 tps: 54.97 qps: 1077.36 (r/w/o: 754.56/210.88/111.93) lat (ms,95%): 86.00 err/s: 0.00 reconn/s: 0.00
[ 171s ] thds: 4 tps: 55.02 qps: 1082.41 (r/w/o: 753.28/218.08/111.04) lat (ms,95%): 81.48 err/s: 0.00 reconn/s: 0.00
[ 172s ] thds: 4 tps: 53.01 qps: 1082.22 (r/w/o: 763.16/212.04/107.02) lat (ms,95%): 82.96 err/s: 0.00 reconn/s: 0.00
[ 173s ] thds: 4 tps: 53.99 qps: 1081.87 (r/w/o: 756.91/214.97/109.99) lat (ms,95%): 82.96 err/s: 0.00 reconn/s: 0.00
[ 174s ] thds: 4 tps: 53.99 qps: 1081.89 (r/w/o: 757.93/210.98/112.99) lat (ms,95%): 82.96 err/s: 0.00 reconn/s: 0.00
[ 175s ] thds: 4 tps: 54.00 qps: 1088.05 (r/w/o: 757.03/220.01/111.00) lat (ms,95%): 84.47 err/s: 0.00 reconn/s: 0.00
[ 176s ] thds: 4 tps: 55.00 qps: 1090.94 (r/w/o: 764.96/211.99/113.99) lat (ms,95%): 82.96 err/s: 0.00 reconn/s: 0.00
[ 177s ] thds: 4 tps: 54.01 qps: 1084.27 (r/w/o: 760.19/212.05/112.03) lat (ms,95%): 82.96 err/s: 0.00 reconn/s: 0.00
[ 178s ] thds: 4 tps: 52.97 qps: 1079.48 (r/w/o: 759.63/209.90/109.95) lat (ms,95%): 82.96 err/s: 0.00 reconn/s: 0.00
[ 179s ] thds: 4 tps: 57.01 qps: 1091.23 (r/w/o: 755.16/220.05/116.02) lat (ms,95%): 81.48 err/s: 0.00 reconn/s: 0.00
[ 180s ] thds: 4 tps: 53.00 qps: 1074.98 (r/w/o: 756.99/208.00/110.00) lat (ms,95%): 84.47 err/s: 0.00 reconn/s: 0.00
[ 181s ] thds: 4 tps: 54.00 qps: 1093.93 (r/w/o: 768.95/213.99/110.99) lat (ms,95%): 84.47 err/s: 0.00 reconn/s: 0.00
[ 182s ] thds: 4 tps: 54.01 qps: 1084.18 (r/w/o: 760.13/212.04/112.02) lat (ms,95%): 84.47 err/s: 0.00 reconn/s: 0.00
[ 183s ] thds: 4 tps: 54.01 qps: 1078.15 (r/w/o: 751.10/217.03/110.02) lat (ms,95%): 86.00 err/s: 0.00 reconn/s: 0.00
[ 184s ] thds: 4 tps: 54.00 qps: 1082.01 (r/w/o: 758.01/215.00/109.00) lat (ms,95%): 84.47 err/s: 0.00 reconn/s: 0.00
[ 185s ] thds: 4 tps: 54.99 qps: 1089.73 (r/w/o: 761.81/209.95/117.97) lat (ms,95%): 82.96 err/s: 0.00 reconn/s: 0.00
[ 186s ] thds: 4 tps: 54.00 qps: 1081.06 (r/w/o: 755.04/212.01/114.01) lat (ms,95%): 84.47 err/s: 0.00 reconn/s: 0.00
[ 187s ] thds: 4 tps: 54.00 qps: 1094.91 (r/w/o: 766.93/213.98/113.99) lat (ms,95%): 82.96 err/s: 0.00 reconn/s: 0.00
[ 188s ] thds: 4 tps: 55.01 qps: 1085.14 (r/w/o: 763.10/211.03/111.01) lat (ms,95%): 82.96 err/s: 0.00 reconn/s: 0.00
[ 189s ] thds: 4 tps: 54.00 qps: 1080.06 (r/w/o: 756.04/214.01/110.01) lat (ms,95%): 82.96 err/s: 0.00 reconn/s: 0.00
[ 190s ] thds: 4 tps: 52.99 qps: 1085.74 (r/w/o: 758.82/217.95/108.97) lat (ms,95%): 82.96 err/s: 0.00 reconn/s: 0.00
[ 191s ] thds: 4 tps: 56.02 qps: 1086.39 (r/w/o: 757.27/216.08/113.04) lat (ms,95%): 84.47 err/s: 0.00 reconn/s: 0.00
[ 192s ] thds: 4 tps: 53.98 qps: 1084.65 (r/w/o: 758.75/214.93/110.96) lat (ms,95%): 84.47 err/s: 0.00 reconn/s: 0.00
[ 193s ] thds: 4 tps: 54.02 qps: 1087.31 (r/w/o: 764.22/214.06/109.03) lat (ms,95%): 87.56 err/s: 0.00 reconn/s: 0.00
[ 194s ] thds: 4 tps: 53.99 qps: 1084.73 (r/w/o: 762.81/206.95/114.97) lat (ms,95%): 82.96 err/s: 0.00 reconn/s: 0.00
[ 195s ] thds: 4 tps: 55.02 qps: 1091.34 (r/w/o: 762.24/216.07/113.04) lat (ms,95%): 84.47 err/s: 0.00 reconn/s: 0.00
[ 196s ] thds: 4 tps: 52.99 qps: 1073.86 (r/w/o: 747.91/215.97/109.99) lat (ms,95%): 84.47 err/s: 0.00 reconn/s: 0.00
[ 197s ] thds: 4 tps: 54.00 qps: 1076.10 (r/w/o: 758.07/206.02/112.01) lat (ms,95%): 84.47 err/s: 0.00 reconn/s: 0.00
[ 198s ] thds: 4 tps: 54.98 qps: 1074.55 (r/w/o: 746.69/215.91/111.95) lat (ms,95%): 84.47 err/s: 0.00 reconn/s: 0.00
[ 199s ] thds: 4 tps: 54.02 qps: 1085.45 (r/w/o: 761.31/213.09/111.05) lat (ms,95%): 82.96 err/s: 0.00 reconn/s: 0.00
[ 200s ] thds: 4 tps: 53.00 qps: 1075.97 (r/w/o: 753.98/212.99/109.00) lat (ms,95%): 87.56 err/s: 0.00 reconn/s: 0.00
[ 201s ] thds: 4 tps: 53.99 qps: 1078.77 (r/w/o: 758.84/211.96/107.98) lat (ms,95%): 84.47 err/s: 0.00 reconn/s: 0.00
[ 202s ] thds: 4 tps: 54.00 qps: 1082.03 (r/w/o: 756.02/217.01/109.00) lat (ms,95%): 82.96 err/s: 0.00 reconn/s: 0.00
[ 203s ] thds: 4 tps: 53.99 qps: 1082.87 (r/w/o: 753.91/219.97/108.99) lat (ms,95%): 82.96 err/s: 0.00 reconn/s: 0.00
[ 204s ] thds: 4 tps: 55.00 qps: 1078.09 (r/w/o: 755.06/211.02/112.01) lat (ms,95%): 82.96 err/s: 0.00 reconn/s: 0.00
[ 205s ] thds: 4 tps: 53.00 qps: 1076.92 (r/w/o: 757.94/207.98/110.99) lat (ms,95%): 84.47 err/s: 0.00 reconn/s: 0.00
[ 206s ] thds: 4 tps: 55.99 qps: 1087.73 (r/w/o: 753.82/219.95/113.97) lat (ms,95%): 84.47 err/s: 0.00 reconn/s: 0.00
[ 207s ] thds: 4 tps: 54.02 qps: 1092.37 (r/w/o: 767.26/212.07/113.04) lat (ms,95%): 86.00 err/s: 0.00 reconn/s: 0.00
[ 208s ] thds: 4 tps: 53.00 qps: 1086.90 (r/w/o: 766.93/208.98/110.99) lat (ms,95%): 82.96 err/s: 0.00 reconn/s: 0.00
[ 209s ] thds: 4 tps: 54.01 qps: 1076.15 (r/w/o: 750.11/212.03/114.02) lat (ms,95%): 84.47 err/s: 0.00 reconn/s: 0.00
[ 210s ] thds: 4 tps: 55.00 qps: 1086.04 (r/w/o: 760.03/214.01/112.00) lat (ms,95%): 82.96 err/s: 0.00 reconn/s: 0.00
[ 211s ] thds: 4 tps: 55.00 qps: 1093.95 (r/w/o: 761.96/222.99/108.99) lat (ms,95%): 84.47 err/s: 0.00 reconn/s: 0.00
[ 212s ] thds: 4 tps: 53.00 qps: 1085.04 (r/w/o: 765.03/207.01/113.00) lat (ms,95%): 86.00 err/s: 0.00 reconn/s: 0.00
[ 213s ] thds: 4 tps: 55.00 qps: 1078.04 (r/w/o: 748.03/218.01/112.00) lat (ms,95%): 84.47 err/s: 0.00 reconn/s: 0.00
[ 214s ] thds: 4 tps: 54.98 qps: 1085.68 (r/w/o: 759.77/208.94/116.97) lat (ms,95%): 84.47 err/s: 0.00 reconn/s: 0.00
[ 215s ] thds: 4 tps: 54.00 qps: 1095.09 (r/w/o: 771.06/215.02/109.01) lat (ms,95%): 84.47 err/s: 0.00 reconn/s: 0.00
[ 216s ] thds: 4 tps: 54.01 qps: 1087.16 (r/w/o: 763.12/211.03/113.02) lat (ms,95%): 81.48 err/s: 0.00 reconn/s: 0.00
[ 217s ] thds: 4 tps: 53.00 qps: 1076.95 (r/w/o: 756.96/212.99/106.99) lat (ms,95%): 84.47 err/s: 0.00 reconn/s: 0.00
[ 218s ] thds: 4 tps: 55.01 qps: 1085.12 (r/w/o: 757.08/214.02/114.01) lat (ms,95%): 84.47 err/s: 0.00 reconn/s: 0.00
[ 219s ] thds: 4 tps: 53.99 qps: 1080.72 (r/w/o: 753.81/212.95/113.97) lat (ms,95%): 82.96 err/s: 0.00 reconn/s: 0.00
[ 220s ] thds: 4 tps: 54.00 qps: 1091.00 (r/w/o: 762.00/217.00/112.00) lat (ms,95%): 84.47 err/s: 0.00 reconn/s: 0.00
[ 221s ] thds: 4 tps: 56.02 qps: 1085.38 (r/w/o: 758.27/212.08/115.04) lat (ms,95%): 84.47 err/s: 0.00 reconn/s: 0.00
[ 222s ] thds: 4 tps: 53.99 qps: 1082.74 (r/w/o: 757.82/209.95/114.97) lat (ms,95%): 82.96 err/s: 0.00 reconn/s: 0.00
[ 223s ] thds: 4 tps: 53.00 qps: 1084.93 (r/w/o: 766.95/208.99/108.99) lat (ms,95%): 84.47 err/s: 0.00 reconn/s: 0.00
[ 224s ] thds: 4 tps: 54.00 qps: 1076.94 (r/w/o: 751.96/214.99/109.99) lat (ms,95%): 84.47 err/s: 0.00 reconn/s: 0.00
[ 225s ] thds: 4 tps: 54.02 qps: 1073.31 (r/w/o: 751.22/211.06/111.03) lat (ms,95%): 86.00 err/s: 0.00 reconn/s: 0.00
[ 226s ] thds: 4 tps: 53.99 qps: 1080.74 (r/w/o: 754.82/216.95/108.97) lat (ms,95%): 84.47 err/s: 0.00 reconn/s: 0.00
[ 227s ] thds: 4 tps: 53.01 qps: 1071.10 (r/w/o: 752.07/209.02/110.01) lat (ms,95%): 86.00 err/s: 0.00 reconn/s: 0.00
[ 228s ] thds: 4 tps: 55.00 qps: 1084.07 (r/w/o: 753.05/217.01/114.01) lat (ms,95%): 82.96 err/s: 0.00 reconn/s: 0.00
[ 229s ] thds: 4 tps: 53.00 qps: 1059.03 (r/w/o: 744.02/204.01/111.00) lat (ms,95%): 84.47 err/s: 0.00 reconn/s: 0.00
[ 230s ] thds: 4 tps: 53.00 qps: 1081.03 (r/w/o: 757.02/214.01/110.00) lat (ms,95%): 84.47 err/s: 0.00 reconn/s: 0.00
[ 231s ] thds: 4 tps: 54.00 qps: 1070.96 (r/w/o: 746.97/206.99/117.00) lat (ms,95%): 84.47 err/s: 0.00 reconn/s: 0.00
[ 232s ] thds: 4 tps: 54.99 qps: 1077.80 (r/w/o: 753.86/208.96/114.98) lat (ms,95%): 84.47 err/s: 0.00 reconn/s: 0.00
[ 233s ] thds: 4 tps: 54.00 qps: 1081.95 (r/w/o: 758.96/213.99/108.99) lat (ms,95%): 86.00 err/s: 0.00 reconn/s: 0.00
[ 234s ] thds: 4 tps: 53.00 qps: 1080.05 (r/w/o: 760.04/207.01/113.01) lat (ms,95%): 86.00 err/s: 0.00 reconn/s: 0.00
[ 235s ] thds: 4 tps: 55.00 qps: 1088.96 (r/w/o: 759.97/212.99/116.00) lat (ms,95%): 82.96 err/s: 0.00 reconn/s: 0.00
[ 236s ] thds: 4 tps: 53.01 qps: 1083.12 (r/w/o: 764.09/209.02/110.01) lat (ms,95%): 84.47 err/s: 0.00 reconn/s: 0.00
[ 237s ] thds: 4 tps: 53.99 qps: 1074.90 (r/w/o: 748.93/213.98/111.99) lat (ms,95%): 84.47 err/s: 0.00 reconn/s: 0.00
[ 238s ] thds: 4 tps: 54.00 qps: 1081.96 (r/w/o: 755.97/212.99/113.00) lat (ms,95%): 82.96 err/s: 0.00 reconn/s: 0.00
[ 239s ] thds: 4 tps: 56.00 qps: 1087.08 (r/w/o: 756.06/215.02/116.01) lat (ms,95%): 82.96 err/s: 0.00 reconn/s: 0.00
[ 240s ] thds: 4 tps: 53.01 qps: 1080.23 (r/w/o: 760.16/211.05/109.02) lat (ms,95%): 84.47 err/s: 0.00 reconn/s: 0.00
Latency histogram (values are in milliseconds)
       value  ------------- distribution ------------- count
      59.993 |                                         3
      61.083 |                                         9
      62.193 |*                                        36
      63.323 |***                                      97
      64.474 |********                                 274
      65.645 |************                             420
      66.838 |********************                     675
      68.053 |*****************************            998
      69.289 |************************************     1225
      70.548 |**************************************** 1358
      71.830 |**************************************** 1342
      73.135 |******************************           1012
      74.464 |***********************                  796
      75.817 |*********************                    697
      77.194 |********************                     694
      78.597 |*******************                      639
      80.025 |******************                       606
      81.479 |******************                       616
      82.959 |*****************                        566
      84.467 |*************                            450
      86.002 |********                                 285
      87.564 |****                                     126
      89.155 |**                                       56
      90.775 |                                         11
      92.424 |                                         4
      94.104 |                                         2
      95.814 |                                         1
      97.555 |                                         1
 
SQL statistics:
    queries performed:
        read:                            181948
        write:                           51111
        other:                           26875
        total:                           259934
    transactions:                        12999  (54.15 per sec.)
    queries:                             259934 (1082.75 per sec.)
    ignored errors:                      0      (0.00 per sec.)
    reconnects:                          0      (0.00 per sec.)

Throughput:
    events/s (eps):                      54.1469
    time elapsed:                        240.0697s
    total number of events:              12999

Latency (ms):
         min:                                   60.16
         avg:                                   73.87
         max:                                   97.04
         95th percentile:                       84.47
         sum:                               960294.43

Threads fairness:
    events (avg/stddev):           3249.7500/218.06
    execution time (avg/stddev):   240.0736/0.03

