sysbench 1.1.0-3ceba0b (using bundled LuaJIT 2.1.0-beta3)

Running the test with following options:
Number of threads: 1024
Warmup time: 60s
Report intermediate results every 1 second(s)
Initializing random number generator from current time


Initializing worker threads...

Threads started!

Warming up for 60 seconds...

[ 1s ] thds: 1024 tps: 721.53 qps: 4375.76 (r/w/o: 0.00/2868.45/1507.32) lat (ms,95%): 4128.91 err/s: 0.00 reconn/s: 0.00
[ 2s ] thds: 1024 tps: 537.93 qps: 3258.57 (r/w/o: 0.00/2146.72/1111.85) lat (ms,95%): 3511.19 err/s: 0.00 reconn/s: 0.00
[ 3s ] thds: 1024 tps: 507.10 qps: 2995.57 (r/w/o: 0.00/1950.37/1045.20) lat (ms,95%): 3574.99 err/s: 0.00 reconn/s: 0.00
[ 4s ] thds: 1024 tps: 568.91 qps: 3251.50 (r/w/o: 0.00/2078.68/1172.82) lat (ms,95%): 4128.91 err/s: 0.00 reconn/s: 0.00
[ 5s ] thds: 1024 tps: 505.15 qps: 3083.94 (r/w/o: 0.00/2038.62/1045.32) lat (ms,95%): 3267.19 err/s: 0.00 reconn/s: 0.00
[ 6s ] thds: 1024 tps: 508.75 qps: 3127.45 (r/w/o: 0.00/2077.97/1049.48) lat (ms,95%): 3386.99 err/s: 0.00 reconn/s: 0.00
[ 7s ] thds: 1024 tps: 502.19 qps: 2977.12 (r/w/o: 0.00/1941.73/1035.39) lat (ms,95%): 3911.79 err/s: 0.00 reconn/s: 0.00
[ 8s ] thds: 1024 tps: 525.97 qps: 3186.83 (r/w/o: 0.00/2097.89/1088.94) lat (ms,95%): 3386.99 err/s: 0.00 reconn/s: 0.00
[ 9s ] thds: 1024 tps: 491.85 qps: 3026.07 (r/w/o: 0.00/2001.38/1024.68) lat (ms,95%): 3267.19 err/s: 0.00 reconn/s: 0.00
[ 10s ] thds: 1024 tps: 557.02 qps: 3299.12 (r/w/o: 0.00/2164.08/1135.04) lat (ms,95%): 3911.79 err/s: 0.00 reconn/s: 0.00
[ 11s ] thds: 1024 tps: 499.11 qps: 3044.66 (r/w/o: 0.00/2008.44/1036.23) lat (ms,95%): 3095.38 err/s: 0.00 reconn/s: 0.00
[ 12s ] thds: 1024 tps: 502.91 qps: 2925.50 (r/w/o: 0.00/1877.68/1047.82) lat (ms,95%): 3511.19 err/s: 0.00 reconn/s: 0.00
[ 13s ] thds: 1024 tps: 527.12 qps: 3177.71 (r/w/o: 0.00/2088.46/1089.24) lat (ms,95%): 3267.19 err/s: 0.00 reconn/s: 0.00
[ 14s ] thds: 1024 tps: 539.98 qps: 3309.85 (r/w/o: 0.00/2208.90/1100.95) lat (ms,95%): 3706.08 err/s: 0.00 reconn/s: 0.00
[ 15s ] thds: 1024 tps: 621.73 qps: 3721.39 (r/w/o: 0.00/2443.94/1277.45) lat (ms,95%): 2880.27 err/s: 0.00 reconn/s: 0.00
[ 16s ] thds: 1024 tps: 762.36 qps: 4531.12 (r/w/o: 0.00/2964.39/1566.73) lat (ms,95%): 3386.99 err/s: 0.00 reconn/s: 0.00
[ 17s ] thds: 1024 tps: 453.89 qps: 2875.32 (r/w/o: 0.00/1943.54/931.78) lat (ms,95%): 5409.26 err/s: 0.00 reconn/s: 0.00
[ 18s ] thds: 1024 tps: 525.02 qps: 3011.13 (r/w/o: 0.00/1934.08/1077.05) lat (ms,95%): 4855.31 err/s: 0.00 reconn/s: 0.00
[ 19s ] thds: 1024 tps: 527.11 qps: 3063.62 (r/w/o: 0.00/1965.40/1098.22) lat (ms,95%): 4280.32 err/s: 0.00 reconn/s: 0.00
[ 20s ] thds: 1024 tps: 585.94 qps: 3449.67 (r/w/o: 0.00/2246.78/1202.88) lat (ms,95%): 4128.91 err/s: 0.00 reconn/s: 0.00
[ 21s ] thds: 1024 tps: 485.01 qps: 3041.06 (r/w/o: 0.00/2039.04/1002.02) lat (ms,95%): 5312.73 err/s: 0.00 reconn/s: 0.00
[ 22s ] thds: 1024 tps: 495.92 qps: 3078.48 (r/w/o: 0.00/2055.66/1022.83) lat (ms,95%): 3911.79 err/s: 0.00 reconn/s: 0.00
[ 23s ] thds: 1024 tps: 517.03 qps: 2831.16 (r/w/o: 0.00/1770.10/1061.06) lat (ms,95%): 3706.08 err/s: 0.00 reconn/s: 0.00
[ 24s ] thds: 1024 tps: 504.98 qps: 3189.88 (r/w/o: 0.00/2153.92/1035.96) lat (ms,95%): 3841.98 err/s: 0.00 reconn/s: 0.00
[ 25s ] thds: 1024 tps: 579.96 qps: 3515.78 (r/w/o: 0.00/2312.85/1202.92) lat (ms,95%): 4358.09 err/s: 0.00 reconn/s: 0.00
[ 26s ] thds: 1024 tps: 508.05 qps: 2968.28 (r/w/o: 0.00/1917.18/1051.10) lat (ms,95%): 4055.23 err/s: 0.00 reconn/s: 0.00
[ 27s ] thds: 1024 tps: 496.18 qps: 3035.11 (r/w/o: 0.00/2003.73/1031.38) lat (ms,95%): 4280.32 err/s: 0.00 reconn/s: 0.00
[ 28s ] thds: 1024 tps: 469.89 qps: 2896.34 (r/w/o: 0.00/1921.56/974.78) lat (ms,95%): 3208.88 err/s: 0.00 reconn/s: 0.00
[ 29s ] thds: 1024 tps: 536.80 qps: 3150.82 (r/w/o: 0.00/2036.24/1114.58) lat (ms,95%): 4280.32 err/s: 0.00 reconn/s: 0.00
[ 30s ] thds: 1024 tps: 533.33 qps: 3116.96 (r/w/o: 0.00/2012.26/1104.69) lat (ms,95%): 4128.91 err/s: 0.00 reconn/s: 0.00
[ 31s ] thds: 1024 tps: 535.87 qps: 3274.22 (r/w/o: 0.00/2166.48/1107.73) lat (ms,95%): 4128.91 err/s: 0.00 reconn/s: 0.00
[ 32s ] thds: 1024 tps: 497.05 qps: 2930.30 (r/w/o: 0.00/1894.19/1036.11) lat (ms,95%): 3911.79 err/s: 0.00 reconn/s: 0.00
[ 33s ] thds: 1024 tps: 499.03 qps: 3098.20 (r/w/o: 0.00/2069.14/1029.07) lat (ms,95%): 3841.98 err/s: 0.00 reconn/s: 0.00
[ 34s ] thds: 1024 tps: 475.87 qps: 3002.16 (r/w/o: 0.00/2011.44/990.72) lat (ms,95%): 3448.53 err/s: 0.00 reconn/s: 0.00
[ 35s ] thds: 1024 tps: 552.02 qps: 3163.11 (r/w/o: 0.00/2035.07/1128.04) lat (ms,95%): 5124.81 err/s: 0.00 reconn/s: 0.00
[ 36s ] thds: 1024 tps: 552.89 qps: 3183.36 (r/w/o: 0.00/2032.59/1150.77) lat (ms,95%): 4599.99 err/s: 0.00 reconn/s: 0.00
[ 37s ] thds: 1024 tps: 507.22 qps: 3140.38 (r/w/o: 0.00/2083.92/1056.46) lat (ms,95%): 5312.73 err/s: 0.00 reconn/s: 0.00
[ 38s ] thds: 1024 tps: 534.71 qps: 3109.33 (r/w/o: 0.00/2009.92/1099.41) lat (ms,95%): 3706.08 err/s: 0.00 reconn/s: 0.00
[ 39s ] thds: 1024 tps: 516.05 qps: 3342.33 (r/w/o: 0.00/2281.23/1061.11) lat (ms,95%): 3773.42 err/s: 0.00 reconn/s: 0.00
[ 40s ] thds: 1024 tps: 526.05 qps: 3082.31 (r/w/o: 0.00/1991.20/1091.11) lat (ms,95%): 3574.99 err/s: 0.00 reconn/s: 0.00
[ 41s ] thds: 1024 tps: 511.91 qps: 2943.51 (r/w/o: 0.00/1882.69/1060.82) lat (ms,95%): 3773.42 err/s: 0.00 reconn/s: 0.00
[ 42s ] thds: 1024 tps: 531.09 qps: 3215.53 (r/w/o: 0.00/2120.35/1095.18) lat (ms,95%): 3208.88 err/s: 0.00 reconn/s: 0.00
[ 43s ] thds: 1024 tps: 537.07 qps: 3195.39 (r/w/o: 0.00/2083.26/1112.14) lat (ms,95%): 2728.81 err/s: 0.00 reconn/s: 0.00
[ 44s ] thds: 1024 tps: 480.06 qps: 3097.42 (r/w/o: 0.00/2102.28/995.13) lat (ms,95%): 2405.65 err/s: 0.00 reconn/s: 0.00
[ 45s ] thds: 1024 tps: 524.91 qps: 2937.51 (r/w/o: 0.00/1860.69/1076.82) lat (ms,95%): 2828.87 err/s: 0.00 reconn/s: 0.00
[ 46s ] thds: 1024 tps: 486.95 qps: 2932.69 (r/w/o: 0.00/1931.80/1000.90) lat (ms,95%): 2880.27 err/s: 0.00 reconn/s: 0.00
[ 47s ] thds: 1024 tps: 494.05 qps: 3031.32 (r/w/o: 0.00/2005.21/1026.11) lat (ms,95%): 3911.79 err/s: 0.00 reconn/s: 0.00
[ 48s ] thds: 1024 tps: 572.15 qps: 3432.88 (r/w/o: 0.00/2256.58/1176.30) lat (ms,95%): 3639.94 err/s: 0.00 reconn/s: 0.00
[ 49s ] thds: 1024 tps: 517.80 qps: 3033.84 (r/w/o: 0.00/1960.25/1073.59) lat (ms,95%): 3773.42 err/s: 0.00 reconn/s: 0.00
[ 50s ] thds: 1024 tps: 507.94 qps: 3139.65 (r/w/o: 0.00/2091.77/1047.88) lat (ms,95%): 3639.94 err/s: 0.00 reconn/s: 0.00
[ 51s ] thds: 1024 tps: 534.03 qps: 3168.15 (r/w/o: 0.00/2074.10/1094.05) lat (ms,95%): 3706.08 err/s: 0.00 reconn/s: 0.00
[ 52s ] thds: 1024 tps: 547.21 qps: 3087.21 (r/w/o: 0.00/1969.77/1117.44) lat (ms,95%): 3574.99 err/s: 0.00 reconn/s: 0.00
[ 53s ] thds: 1024 tps: 483.03 qps: 3178.22 (r/w/o: 0.00/2161.15/1017.07) lat (ms,95%): 3982.86 err/s: 0.00 reconn/s: 0.00
[ 54s ] thds: 1024 tps: 526.72 qps: 3152.33 (r/w/o: 0.00/2068.90/1083.42) lat (ms,95%): 3448.53 err/s: 0.00 reconn/s: 0.00
[ 55s ] thds: 1024 tps: 496.92 qps: 2861.57 (r/w/o: 0.00/1834.72/1026.84) lat (ms,95%): 4203.93 err/s: 0.00 reconn/s: 0.00
[ 56s ] thds: 1024 tps: 489.21 qps: 2989.26 (r/w/o: 0.00/1983.84/1005.42) lat (ms,95%): 3639.94 err/s: 0.00 reconn/s: 0.00
[ 57s ] thds: 1024 tps: 521.85 qps: 3090.14 (r/w/o: 0.00/2017.44/1072.70) lat (ms,95%): 4055.23 err/s: 0.00 reconn/s: 0.00
[ 58s ] thds: 1024 tps: 614.97 qps: 3813.84 (r/w/o: 0.00/2539.89/1273.95) lat (ms,95%): 3574.99 err/s: 0.00 reconn/s: 0.00
[ 59s ] thds: 1024 tps: 789.95 qps: 4637.69 (r/w/o: 0.00/3001.80/1635.89) lat (ms,95%): 2828.87 err/s: 0.00 reconn/s: 0.00
[ 60s ] thds: 1024 tps: 483.02 qps: 2950.15 (r/w/o: 0.00/1945.10/1005.05) lat (ms,95%): 3841.98 err/s: 0.00 reconn/s: 0.00
[ 61s ] thds: 1024 tps: 480.10 qps: 2925.60 (r/w/o: 0.00/1937.40/988.20) lat (ms,95%): 4055.23 err/s: 0.00 reconn/s: 0.00
[ 62s ] thds: 1024 tps: 537.03 qps: 3209.18 (r/w/o: 0.00/2099.12/1110.06) lat (ms,95%): 3448.53 err/s: 0.00 reconn/s: 0.00
[ 63s ] thds: 1024 tps: 533.94 qps: 3037.67 (r/w/o: 0.00/1933.79/1103.88) lat (ms,95%): 3095.38 err/s: 0.00 reconn/s: 0.00
[ 64s ] thds: 1024 tps: 509.93 qps: 3087.59 (r/w/o: 0.00/2042.73/1044.86) lat (ms,95%): 2985.89 err/s: 0.00 reconn/s: 0.00
[ 65s ] thds: 1024 tps: 497.24 qps: 3056.50 (r/w/o: 0.00/2032.00/1024.50) lat (ms,95%): 3574.99 err/s: 0.00 reconn/s: 0.00
[ 66s ] thds: 1024 tps: 502.88 qps: 3035.30 (r/w/o: 0.00/1999.54/1035.76) lat (ms,95%): 4055.23 err/s: 0.00 reconn/s: 0.00
[ 67s ] thds: 1024 tps: 501.89 qps: 2975.36 (r/w/o: 0.00/1945.58/1029.78) lat (ms,95%): 4517.90 err/s: 0.00 reconn/s: 0.00
[ 68s ] thds: 1024 tps: 547.14 qps: 3196.82 (r/w/o: 0.00/2066.53/1130.29) lat (ms,95%): 4599.99 err/s: 0.00 reconn/s: 0.00
[ 69s ] thds: 1024 tps: 548.81 qps: 3351.82 (r/w/o: 0.00/2208.22/1143.60) lat (ms,95%): 4203.93 err/s: 0.00 reconn/s: 0.00
[ 70s ] thds: 1024 tps: 500.27 qps: 3110.68 (r/w/o: 0.00/2073.12/1037.56) lat (ms,95%): 3706.08 err/s: 0.00 reconn/s: 0.00
[ 71s ] thds: 1024 tps: 495.83 qps: 2926.99 (r/w/o: 0.00/1909.34/1017.65) lat (ms,95%): 4517.90 err/s: 0.00 reconn/s: 0.00
[ 72s ] thds: 1024 tps: 519.84 qps: 3057.08 (r/w/o: 0.00/1984.40/1072.68) lat (ms,95%): 4517.90 err/s: 0.00 reconn/s: 0.00
[ 73s ] thds: 1024 tps: 557.18 qps: 3479.14 (r/w/o: 0.00/2326.77/1152.38) lat (ms,95%): 5033.35 err/s: 0.00 reconn/s: 0.00
[ 74s ] thds: 1024 tps: 484.00 qps: 2802.99 (r/w/o: 0.00/1801.99/1001.00) lat (ms,95%): 3911.79 err/s: 0.00 reconn/s: 0.00
[ 75s ] thds: 1024 tps: 503.98 qps: 2965.85 (r/w/o: 0.00/1921.91/1043.95) lat (ms,95%): 3386.99 err/s: 0.00 reconn/s: 0.00
[ 76s ] thds: 1024 tps: 552.03 qps: 3204.17 (r/w/o: 0.00/2065.11/1139.06) lat (ms,95%): 3773.42 err/s: 0.00 reconn/s: 0.00
[ 77s ] thds: 1024 tps: 526.88 qps: 3413.21 (r/w/o: 0.00/2319.46/1093.75) lat (ms,95%): 3095.38 err/s: 0.00 reconn/s: 0.00
[ 78s ] thds: 1024 tps: 535.05 qps: 3166.32 (r/w/o: 0.00/2068.21/1098.11) lat (ms,95%): 3706.08 err/s: 0.00 reconn/s: 0.00
[ 79s ] thds: 1024 tps: 489.92 qps: 2878.53 (r/w/o: 0.00/1873.69/1004.84) lat (ms,95%): 3448.53 err/s: 0.00 reconn/s: 0.00
[ 80s ] thds: 1024 tps: 533.13 qps: 3150.77 (r/w/o: 0.00/2052.50/1098.27) lat (ms,95%): 3639.94 err/s: 0.00 reconn/s: 0.00
[ 81s ] thds: 1024 tps: 553.00 qps: 3378.01 (r/w/o: 0.00/2231.01/1147.00) lat (ms,95%): 3574.99 err/s: 0.00 reconn/s: 0.00
[ 82s ] thds: 1024 tps: 527.28 qps: 3254.71 (r/w/o: 0.00/2167.14/1087.57) lat (ms,95%): 3326.55 err/s: 0.00 reconn/s: 0.00
[ 83s ] thds: 1024 tps: 462.93 qps: 2552.60 (r/w/o: 0.00/1601.75/950.85) lat (ms,95%): 3448.53 err/s: 0.00 reconn/s: 0.00
[ 84s ] thds: 1024 tps: 469.84 qps: 3059.98 (r/w/o: 0.00/2088.30/971.68) lat (ms,95%): 3639.94 err/s: 0.00 reconn/s: 0.00
[ 85s ] thds: 1024 tps: 553.04 qps: 3240.22 (r/w/o: 0.00/2097.14/1143.08) lat (ms,95%): 4128.91 err/s: 0.00 reconn/s: 0.00
[ 86s ] thds: 1024 tps: 552.23 qps: 3257.34 (r/w/o: 0.00/2116.87/1140.47) lat (ms,95%): 4437.27 err/s: 0.00 reconn/s: 0.00
[ 87s ] thds: 1024 tps: 468.83 qps: 2890.93 (r/w/o: 0.00/1915.29/975.64) lat (ms,95%): 2985.89 err/s: 0.00 reconn/s: 0.00
[ 88s ] thds: 1024 tps: 526.10 qps: 3149.62 (r/w/o: 0.00/2064.41/1085.21) lat (ms,95%): 3208.88 err/s: 0.00 reconn/s: 0.00
[ 89s ] thds: 1024 tps: 554.68 qps: 3263.13 (r/w/o: 0.00/2124.78/1138.35) lat (ms,95%): 4203.93 err/s: 0.00 reconn/s: 0.00
[ 90s ] thds: 1024 tps: 472.20 qps: 2761.14 (r/w/o: 0.00/1784.74/976.40) lat (ms,95%): 4517.90 err/s: 0.00 reconn/s: 0.00
[ 91s ] thds: 1024 tps: 497.77 qps: 3132.54 (r/w/o: 0.00/2110.02/1022.52) lat (ms,95%): 4203.93 err/s: 0.00 reconn/s: 0.00
[ 92s ] thds: 1024 tps: 505.35 qps: 3131.14 (r/w/o: 0.00/2093.43/1037.71) lat (ms,95%): 3773.42 err/s: 0.00 reconn/s: 0.00
[ 93s ] thds: 1024 tps: 564.03 qps: 3136.15 (r/w/o: 0.00/1980.09/1156.05) lat (ms,95%): 4203.93 err/s: 0.00 reconn/s: 0.00
[ 94s ] thds: 1024 tps: 540.01 qps: 3279.03 (r/w/o: 0.00/2162.02/1117.01) lat (ms,95%): 4517.90 err/s: 0.00 reconn/s: 0.00
[ 95s ] thds: 1024 tps: 544.76 qps: 3273.58 (r/w/o: 0.00/2163.06/1110.52) lat (ms,95%): 4943.53 err/s: 0.00 reconn/s: 0.00
[ 96s ] thds: 1024 tps: 483.21 qps: 2976.27 (r/w/o: 0.00/1977.84/998.43) lat (ms,95%): 3773.42 err/s: 0.00 reconn/s: 0.00
[ 97s ] thds: 1024 tps: 821.48 qps: 4941.89 (r/w/o: 0.00/3249.96/1691.94) lat (ms,95%): 3639.94 err/s: 0.00 reconn/s: 0.00
[ 98s ] thds: 1024 tps: 530.12 qps: 3151.73 (r/w/o: 0.00/2054.48/1097.25) lat (ms,95%): 3706.08 err/s: 0.00 reconn/s: 0.00
[ 99s ] thds: 1024 tps: 545.95 qps: 3202.70 (r/w/o: 0.00/2075.81/1126.89) lat (ms,95%): 3095.38 err/s: 0.00 reconn/s: 0.00
[ 100s ] thds: 1024 tps: 524.23 qps: 3266.46 (r/w/o: 0.00/2174.97/1091.49) lat (ms,95%): 3095.38 err/s: 0.00 reconn/s: 0.00
[ 101s ] thds: 1024 tps: 457.71 qps: 2800.22 (r/w/o: 0.00/1852.83/947.40) lat (ms,95%): 3151.62 err/s: 0.00 reconn/s: 0.00
[ 102s ] thds: 1024 tps: 557.12 qps: 3286.73 (r/w/o: 0.00/2135.47/1151.25) lat (ms,95%): 4855.31 err/s: 0.00 reconn/s: 0.00
[ 103s ] thds: 1024 tps: 539.90 qps: 3177.39 (r/w/o: 0.00/2071.60/1105.79) lat (ms,95%): 4280.32 err/s: 0.00 reconn/s: 0.00
[ 104s ] thds: 1024 tps: 529.27 qps: 3158.64 (r/w/o: 0.00/2069.07/1089.57) lat (ms,95%): 4055.23 err/s: 0.00 reconn/s: 0.00
[ 105s ] thds: 1024 tps: 492.78 qps: 2896.69 (r/w/o: 0.00/1886.15/1010.54) lat (ms,95%): 3448.53 err/s: 0.00 reconn/s: 0.00
[ 106s ] thds: 1024 tps: 421.99 qps: 2775.97 (r/w/o: 0.00/1900.98/874.99) lat (ms,95%): 3511.19 err/s: 0.00 reconn/s: 0.00
[ 107s ] thds: 1024 tps: 545.33 qps: 3007.80 (r/w/o: 0.00/1888.13/1119.67) lat (ms,95%): 3706.08 err/s: 0.00 reconn/s: 0.00
[ 108s ] thds: 1024 tps: 548.73 qps: 3450.32 (r/w/o: 0.00/2314.87/1135.45) lat (ms,95%): 4203.93 err/s: 0.00 reconn/s: 0.00
[ 109s ] thds: 1024 tps: 560.02 qps: 3258.10 (r/w/o: 0.00/2111.07/1147.04) lat (ms,95%): 2985.89 err/s: 0.00 reconn/s: 0.00
[ 110s ] thds: 1024 tps: 412.88 qps: 2701.23 (r/w/o: 0.00/1854.47/846.76) lat (ms,95%): 2632.28 err/s: 0.00 reconn/s: 0.00
[ 111s ] thds: 1024 tps: 511.33 qps: 2887.86 (r/w/o: 0.00/1829.18/1058.68) lat (ms,95%): 3040.14 err/s: 0.00 reconn/s: 0.00
[ 112s ] thds: 1024 tps: 507.03 qps: 3027.18 (r/w/o: 0.00/1981.12/1046.06) lat (ms,95%): 3448.53 err/s: 0.00 reconn/s: 0.00
[ 113s ] thds: 1024 tps: 548.02 qps: 3286.10 (r/w/o: 0.00/2149.06/1137.03) lat (ms,95%): 3982.86 err/s: 0.00 reconn/s: 0.00
[ 114s ] thds: 1024 tps: 520.96 qps: 3209.74 (r/w/o: 0.00/2127.82/1081.91) lat (ms,95%): 3095.38 err/s: 0.00 reconn/s: 0.00
[ 115s ] thds: 1024 tps: 511.69 qps: 3099.13 (r/w/o: 0.00/2041.77/1057.36) lat (ms,95%): 3151.62 err/s: 0.00 reconn/s: 0.00
[ 116s ] thds: 1024 tps: 521.39 qps: 2912.18 (r/w/o: 0.00/1850.38/1061.79) lat (ms,95%): 3326.55 err/s: 0.00 reconn/s: 0.00
[ 117s ] thds: 1024 tps: 480.98 qps: 3055.88 (r/w/o: 0.00/2056.92/998.96) lat (ms,95%): 3326.55 err/s: 0.00 reconn/s: 0.00
[ 118s ] thds: 1024 tps: 573.61 qps: 3336.72 (r/w/o: 0.00/2152.53/1184.19) lat (ms,95%): 3841.98 err/s: 0.00 reconn/s: 0.00
[ 119s ] thds: 1024 tps: 486.04 qps: 3068.22 (r/w/o: 0.00/2067.15/1001.07) lat (ms,95%): 4128.91 err/s: 0.00 reconn/s: 0.00
[ 120s ] thds: 1024 tps: 454.23 qps: 2518.27 (r/w/o: 0.00/1577.79/940.47) lat (ms,95%): 4358.09 err/s: 0.00 reconn/s: 0.00
[ 121s ] thds: 1024 tps: 466.03 qps: 2937.21 (r/w/o: 0.00/1963.14/974.07) lat (ms,95%): 3639.94 err/s: 0.00 reconn/s: 0.00
[ 122s ] thds: 1024 tps: 585.99 qps: 3485.92 (r/w/o: 0.00/2277.95/1207.97) lat (ms,95%): 4280.32 err/s: 0.00 reconn/s: 0.00
[ 123s ] thds: 1024 tps: 494.71 qps: 2896.29 (r/w/o: 0.00/1881.89/1014.40) lat (ms,95%): 4855.31 err/s: 0.00 reconn/s: 0.00
[ 124s ] thds: 1024 tps: 466.29 qps: 2867.80 (r/w/o: 0.00/1899.20/968.61) lat (ms,95%): 4943.53 err/s: 0.00 reconn/s: 0.00
[ 125s ] thds: 1024 tps: 544.92 qps: 3367.53 (r/w/o: 0.00/2231.69/1135.84) lat (ms,95%): 4768.67 err/s: 0.00 reconn/s: 0.00
[ 126s ] thds: 1024 tps: 1193.91 qps: 7035.45 (r/w/o: 0.00/4556.64/2478.81) lat (ms,95%): 4128.91 err/s: 0.00 reconn/s: 0.00
[ 127s ] thds: 1024 tps: 514.74 qps: 3123.40 (r/w/o: 0.00/2064.94/1058.46) lat (ms,95%): 4203.93 err/s: 0.00 reconn/s: 0.00
[ 128s ] thds: 1024 tps: 446.25 qps: 2796.57 (r/w/o: 0.00/1872.05/924.52) lat (ms,95%): 3208.88 err/s: 0.00 reconn/s: 0.00
[ 129s ] thds: 1024 tps: 509.07 qps: 2895.40 (r/w/o: 0.00/1838.25/1057.14) lat (ms,95%): 3911.79 err/s: 0.00 reconn/s: 0.00
[ 130s ] thds: 1024 tps: 523.67 qps: 3205.98 (r/w/o: 0.00/2123.66/1082.32) lat (ms,95%): 4437.27 err/s: 0.00 reconn/s: 0.00
[ 131s ] thds: 1024 tps: 557.00 qps: 3313.03 (r/w/o: 0.00/2169.02/1144.01) lat (ms,95%): 4768.67 err/s: 0.00 reconn/s: 0.00
[ 132s ] thds: 1024 tps: 503.93 qps: 3041.61 (r/w/o: 0.00/2006.74/1034.87) lat (ms,95%): 4128.91 err/s: 0.00 reconn/s: 0.00
[ 133s ] thds: 1024 tps: 529.36 qps: 3069.08 (r/w/o: 0.00/1966.34/1102.75) lat (ms,95%): 3773.42 err/s: 0.00 reconn/s: 0.00
[ 134s ] thds: 1024 tps: 493.06 qps: 3166.37 (r/w/o: 0.00/2153.25/1013.12) lat (ms,95%): 3511.19 err/s: 0.00 reconn/s: 0.00
[ 135s ] thds: 1024 tps: 628.98 qps: 3658.86 (r/w/o: 0.00/2352.91/1305.95) lat (ms,95%): 4943.53 err/s: 0.00 reconn/s: 0.00
[ 136s ] thds: 1024 tps: 551.90 qps: 3429.39 (r/w/o: 0.00/2277.59/1151.79) lat (ms,95%): 2932.60 err/s: 0.00 reconn/s: 0.00
[ 137s ] thds: 1024 tps: 502.73 qps: 2862.45 (r/w/o: 0.00/1830.01/1032.44) lat (ms,95%): 5124.81 err/s: 0.00 reconn/s: 0.00
[ 138s ] thds: 1024 tps: 419.94 qps: 2492.66 (r/w/o: 0.00/1624.78/867.88) lat (ms,95%): 4358.09 err/s: 0.00 reconn/s: 0.00
[ 139s ] thds: 1024 tps: 471.42 qps: 2911.61 (r/w/o: 0.00/1932.73/978.88) lat (ms,95%): 4203.93 err/s: 0.00 reconn/s: 0.00
[ 140s ] thds: 1024 tps: 520.67 qps: 3186.95 (r/w/o: 0.00/2110.64/1076.31) lat (ms,95%): 3982.86 err/s: 0.00 reconn/s: 0.00
[ 141s ] thds: 1024 tps: 593.92 qps: 3494.52 (r/w/o: 0.00/2269.69/1224.83) lat (ms,95%): 4599.99 err/s: 0.00 reconn/s: 0.00
[ 142s ] thds: 1024 tps: 544.37 qps: 3232.19 (r/w/o: 0.00/2099.42/1132.77) lat (ms,95%): 3639.94 err/s: 0.00 reconn/s: 0.00
[ 143s ] thds: 1024 tps: 553.06 qps: 3300.37 (r/w/o: 0.00/2161.24/1139.13) lat (ms,95%): 4768.67 err/s: 0.00 reconn/s: 0.00
[ 144s ] thds: 1024 tps: 485.96 qps: 2952.75 (r/w/o: 0.00/1950.84/1001.92) lat (ms,95%): 4280.32 err/s: 0.00 reconn/s: 0.00
[ 145s ] thds: 1024 tps: 520.67 qps: 3255.91 (r/w/o: 0.00/2173.61/1082.31) lat (ms,95%): 4943.53 err/s: 0.00 reconn/s: 0.00
[ 146s ] thds: 1024 tps: 555.32 qps: 3180.86 (r/w/o: 0.00/2043.20/1137.67) lat (ms,95%): 4437.27 err/s: 0.00 reconn/s: 0.00
[ 147s ] thds: 1024 tps: 558.63 qps: 3308.78 (r/w/o: 0.00/2151.56/1157.22) lat (ms,95%): 3911.79 err/s: 0.00 reconn/s: 0.00
[ 148s ] thds: 1024 tps: 531.98 qps: 3178.88 (r/w/o: 0.00/2076.92/1101.96) lat (ms,95%): 3040.14 err/s: 0.00 reconn/s: 0.00
[ 149s ] thds: 1024 tps: 499.36 qps: 3043.17 (r/w/o: 0.00/2003.43/1039.74) lat (ms,95%): 2585.31 err/s: 0.00 reconn/s: 0.00
[ 150s ] thds: 1024 tps: 530.78 qps: 3227.68 (r/w/o: 0.00/2135.13/1092.55) lat (ms,95%): 4203.93 err/s: 0.00 reconn/s: 0.00
[ 151s ] thds: 1024 tps: 522.25 qps: 3172.55 (r/w/o: 0.00/2089.02/1083.53) lat (ms,95%): 4855.31 err/s: 0.00 reconn/s: 0.00
[ 152s ] thds: 1024 tps: 527.63 qps: 3123.83 (r/w/o: 0.00/2037.58/1086.25) lat (ms,95%): 5312.73 err/s: 0.00 reconn/s: 0.00
[ 153s ] thds: 1024 tps: 500.33 qps: 2928.93 (r/w/o: 0.00/1903.25/1025.68) lat (ms,95%): 4855.31 err/s: 0.00 reconn/s: 0.00
[ 154s ] thds: 1024 tps: 505.94 qps: 3174.63 (r/w/o: 0.00/2129.75/1044.88) lat (ms,95%): 3982.86 err/s: 0.00 reconn/s: 0.00
[ 155s ] thds: 1024 tps: 544.68 qps: 3240.11 (r/w/o: 0.00/2113.77/1126.34) lat (ms,95%): 3208.88 err/s: 0.00 reconn/s: 0.00
[ 156s ] thds: 1024 tps: 560.41 qps: 3358.48 (r/w/o: 0.00/2210.64/1147.85) lat (ms,95%): 3911.79 err/s: 0.00 reconn/s: 0.00
[ 157s ] thds: 1024 tps: 468.97 qps: 2808.82 (r/w/o: 0.00/1838.88/969.94) lat (ms,95%): 3982.86 err/s: 0.00 reconn/s: 0.00
[ 158s ] thds: 1024 tps: 475.75 qps: 2813.53 (r/w/o: 0.00/1832.04/981.49) lat (ms,95%): 3095.38 err/s: 0.00 reconn/s: 0.00
[ 159s ] thds: 1024 tps: 536.88 qps: 3158.30 (r/w/o: 0.00/2049.54/1108.75) lat (ms,95%): 3639.94 err/s: 0.00 reconn/s: 0.00
[ 160s ] thds: 1024 tps: 588.13 qps: 3604.80 (r/w/o: 0.00/2388.53/1216.27) lat (ms,95%): 4128.91 err/s: 0.00 reconn/s: 0.00
[ 161s ] thds: 1024 tps: 505.22 qps: 2970.30 (r/w/o: 0.00/1938.85/1031.45) lat (ms,95%): 2632.28 err/s: 0.00 reconn/s: 0.00
[ 162s ] thds: 1024 tps: 460.08 qps: 2929.51 (r/w/o: 0.00/1981.35/948.17) lat (ms,95%): 2539.17 err/s: 0.00 reconn/s: 0.00
[ 163s ] thds: 1024 tps: 483.95 qps: 2923.71 (r/w/o: 0.00/1917.81/1005.90) lat (ms,95%): 4203.93 err/s: 0.00 reconn/s: 0.00
[ 164s ] thds: 1024 tps: 633.00 qps: 3662.99 (r/w/o: 0.00/2363.00/1300.00) lat (ms,95%): 3448.53 err/s: 0.00 reconn/s: 0.00
[ 165s ] thds: 1024 tps: 893.08 qps: 5318.45 (r/w/o: 0.00/3476.29/1842.15) lat (ms,95%): 2828.87 err/s: 0.00 reconn/s: 0.00
[ 166s ] thds: 1024 tps: 967.80 qps: 5969.76 (r/w/o: 0.00/3966.18/2003.58) lat (ms,95%): 2880.27 err/s: 0.00 reconn/s: 0.00
[ 167s ] thds: 1024 tps: 545.12 qps: 3187.70 (r/w/o: 0.00/2058.45/1129.25) lat (ms,95%): 4055.23 err/s: 0.00 reconn/s: 0.00
[ 168s ] thds: 1024 tps: 523.91 qps: 3189.46 (r/w/o: 0.00/2111.64/1077.82) lat (ms,95%): 3639.94 err/s: 0.00 reconn/s: 0.00
[ 169s ] thds: 1024 tps: 525.02 qps: 2982.13 (r/w/o: 0.00/1886.08/1096.05) lat (ms,95%): 3040.14 err/s: 0.00 reconn/s: 0.00
[ 170s ] thds: 1024 tps: 503.98 qps: 3098.87 (r/w/o: 0.00/2049.92/1048.96) lat (ms,95%): 3208.88 err/s: 0.00 reconn/s: 0.00
[ 171s ] thds: 1024 tps: 568.04 qps: 3254.21 (r/w/o: 0.00/2068.13/1186.08) lat (ms,95%): 4517.90 err/s: 0.00 reconn/s: 0.00
[ 172s ] thds: 1024 tps: 507.90 qps: 3263.34 (r/w/o: 0.00/2215.55/1047.79) lat (ms,95%): 5124.81 err/s: 0.00 reconn/s: 0.00
[ 173s ] thds: 1024 tps: 506.71 qps: 2972.27 (r/w/o: 0.00/1932.88/1039.40) lat (ms,95%): 3639.94 err/s: 0.00 reconn/s: 0.00
[ 174s ] thds: 1024 tps: 544.01 qps: 3301.05 (r/w/o: 0.00/2166.03/1135.02) lat (ms,95%): 3326.55 err/s: 0.00 reconn/s: 0.00
[ 175s ] thds: 1024 tps: 547.42 qps: 3335.55 (r/w/o: 0.00/2192.68/1142.87) lat (ms,95%): 2632.28 err/s: 0.00 reconn/s: 0.00
[ 176s ] thds: 1024 tps: 500.61 qps: 2828.82 (r/w/o: 0.00/1799.61/1029.21) lat (ms,95%): 2985.89 err/s: 0.00 reconn/s: 0.00
[ 177s ] thds: 1024 tps: 458.41 qps: 2840.55 (r/w/o: 0.00/1886.69/953.85) lat (ms,95%): 3151.62 err/s: 0.00 reconn/s: 0.00
[ 178s ] thds: 1024 tps: 496.67 qps: 3049.95 (r/w/o: 0.00/2019.64/1030.31) lat (ms,95%): 3639.94 err/s: 0.00 reconn/s: 0.00
[ 179s ] thds: 1024 tps: 590.92 qps: 3468.56 (r/w/o: 0.00/2240.71/1227.84) lat (ms,95%): 4055.23 err/s: 0.00 reconn/s: 0.00
[ 180s ] thds: 1024 tps: 567.45 qps: 3358.66 (r/w/o: 0.00/2189.73/1168.92) lat (ms,95%): 4280.32 err/s: 0.00 reconn/s: 0.00
[ 181s ] thds: 1024 tps: 517.85 qps: 3154.11 (r/w/o: 0.00/2080.41/1073.70) lat (ms,95%): 4203.93 err/s: 0.00 reconn/s: 0.00
[ 182s ] thds: 1024 tps: 493.06 qps: 2834.36 (r/w/o: 0.00/1815.23/1019.13) lat (ms,95%): 3095.38 err/s: 0.00 reconn/s: 0.00
[ 183s ] thds: 1024 tps: 476.99 qps: 3113.95 (r/w/o: 0.00/2115.96/997.98) lat (ms,95%): 3326.55 err/s: 0.00 reconn/s: 0.00
[ 184s ] thds: 1024 tps: 534.61 qps: 3013.79 (r/w/o: 0.00/1920.59/1093.20) lat (ms,95%): 2828.87 err/s: 0.00 reconn/s: 0.00
[ 185s ] thds: 1024 tps: 545.51 qps: 3418.19 (r/w/o: 0.00/2302.15/1116.04) lat (ms,95%): 4517.90 err/s: 0.00 reconn/s: 0.00
[ 186s ] thds: 1024 tps: 501.93 qps: 2931.61 (r/w/o: 0.00/1903.75/1027.86) lat (ms,95%): 5124.81 err/s: 0.00 reconn/s: 0.00
[ 187s ] thds: 1024 tps: 488.58 qps: 2907.48 (r/w/o: 0.00/1892.36/1015.12) lat (ms,95%): 4128.91 err/s: 0.00 reconn/s: 0.00
[ 188s ] thds: 1024 tps: 558.07 qps: 3403.44 (r/w/o: 0.00/2254.29/1149.15) lat (ms,95%): 4358.09 err/s: 0.00 reconn/s: 0.00
[ 189s ] thds: 1024 tps: 497.39 qps: 2966.31 (r/w/o: 0.00/1939.51/1026.80) lat (ms,95%): 3095.38 err/s: 0.00 reconn/s: 0.00
[ 190s ] thds: 1024 tps: 550.02 qps: 3345.14 (r/w/o: 0.00/2207.09/1138.05) lat (ms,95%): 2932.60 err/s: 0.00 reconn/s: 0.00
[ 191s ] thds: 1024 tps: 533.99 qps: 3182.92 (r/w/o: 0.00/2079.94/1102.97) lat (ms,95%): 2778.39 err/s: 0.00 reconn/s: 0.00
[ 192s ] thds: 1024 tps: 499.01 qps: 2955.03 (r/w/o: 0.00/1933.02/1022.01) lat (ms,95%): 3040.14 err/s: 0.00 reconn/s: 0.00
[ 193s ] thds: 1024 tps: 445.94 qps: 2794.60 (r/w/o: 0.00/1866.73/927.87) lat (ms,95%): 2932.60 err/s: 0.00 reconn/s: 0.00
[ 194s ] thds: 1024 tps: 509.91 qps: 2954.49 (r/w/o: 0.00/1906.67/1047.82) lat (ms,95%): 4203.93 err/s: 0.00 reconn/s: 0.00
[ 195s ] thds: 1024 tps: 573.13 qps: 3452.81 (r/w/o: 0.00/2269.53/1183.28) lat (ms,95%): 3326.55 err/s: 0.00 reconn/s: 0.00
[ 196s ] thds: 1024 tps: 470.00 qps: 2907.01 (r/w/o: 0.00/1929.01/978.00) lat (ms,95%): 3773.42 err/s: 0.00 reconn/s: 0.00
[ 197s ] thds: 1024 tps: 529.92 qps: 3101.55 (r/w/o: 0.00/2010.71/1090.84) lat (ms,95%): 5507.54 err/s: 0.00 reconn/s: 0.00
[ 198s ] thds: 1024 tps: 532.12 qps: 3085.68 (r/w/o: 0.00/1990.44/1095.24) lat (ms,95%): 4358.09 err/s: 0.00 reconn/s: 0.00
[ 199s ] thds: 1024 tps: 508.94 qps: 3226.62 (r/w/o: 0.00/2174.74/1051.88) lat (ms,95%): 4517.90 err/s: 0.00 reconn/s: 0.00
[ 200s ] thds: 1024 tps: 516.96 qps: 3132.77 (r/w/o: 0.00/2064.85/1067.92) lat (ms,95%): 4683.57 err/s: 0.00 reconn/s: 0.00
[ 201s ] thds: 1024 tps: 583.63 qps: 3314.92 (r/w/o: 0.00/2102.68/1212.24) lat (ms,95%): 4683.57 err/s: 0.00 reconn/s: 0.00
[ 202s ] thds: 1024 tps: 497.96 qps: 3093.77 (r/w/o: 0.00/2054.85/1038.92) lat (ms,95%): 3773.42 err/s: 0.00 reconn/s: 0.00
[ 203s ] thds: 1024 tps: 493.01 qps: 3064.05 (r/w/o: 0.00/2047.03/1017.02) lat (ms,95%): 3267.19 err/s: 0.00 reconn/s: 0.00
[ 204s ] thds: 1024 tps: 515.48 qps: 2897.67 (r/w/o: 0.00/1832.69/1064.98) lat (ms,95%): 3326.55 err/s: 0.00 reconn/s: 0.00
[ 205s ] thds: 1024 tps: 480.97 qps: 3033.79 (r/w/o: 0.00/2032.86/1000.93) lat (ms,95%): 3386.99 err/s: 0.00 reconn/s: 0.00
[ 206s ] thds: 1024 tps: 566.01 qps: 3274.03 (r/w/o: 0.00/2108.02/1166.01) lat (ms,95%): 5124.81 err/s: 0.00 reconn/s: 0.00
[ 207s ] thds: 1024 tps: 530.85 qps: 3179.08 (r/w/o: 0.00/2081.40/1097.68) lat (ms,95%): 4943.53 err/s: 0.00 reconn/s: 0.00
[ 208s ] thds: 1024 tps: 532.15 qps: 3232.89 (r/w/o: 0.00/2139.59/1093.30) lat (ms,95%): 3511.19 err/s: 0.00 reconn/s: 0.00
[ 209s ] thds: 1024 tps: 488.02 qps: 2802.13 (r/w/o: 0.00/1806.09/996.05) lat (ms,95%): 3574.99 err/s: 0.00 reconn/s: 0.00
[ 210s ] thds: 1024 tps: 462.80 qps: 3005.72 (r/w/o: 0.00/2046.13/959.59) lat (ms,95%): 4280.32 err/s: 0.00 reconn/s: 0.00
[ 211s ] thds: 1024 tps: 586.03 qps: 3338.17 (r/w/o: 0.00/2133.11/1205.06) lat (ms,95%): 4437.27 err/s: 0.00 reconn/s: 0.00
[ 212s ] thds: 1024 tps: 509.04 qps: 3100.22 (r/w/o: 0.00/2054.15/1046.08) lat (ms,95%): 4517.90 err/s: 0.00 reconn/s: 0.00
[ 213s ] thds: 1024 tps: 495.02 qps: 3001.14 (r/w/o: 0.00/1982.09/1019.05) lat (ms,95%): 5033.35 err/s: 0.00 reconn/s: 0.00
[ 214s ] thds: 1024 tps: 597.06 qps: 3523.34 (r/w/o: 0.00/2297.22/1226.12) lat (ms,95%): 4358.09 err/s: 0.00 reconn/s: 0.00
[ 215s ] thds: 1024 tps: 519.96 qps: 3171.76 (r/w/o: 0.00/2103.84/1067.92) lat (ms,95%): 3448.53 err/s: 0.00 reconn/s: 0.00
[ 216s ] thds: 1024 tps: 478.98 qps: 2768.88 (r/w/o: 0.00/1778.92/989.96) lat (ms,95%): 3208.88 err/s: 0.00 reconn/s: 0.00
[ 217s ] thds: 1024 tps: 478.11 qps: 2961.70 (r/w/o: 0.00/1970.47/991.24) lat (ms,95%): 3326.55 err/s: 0.00 reconn/s: 0.00
[ 218s ] thds: 1024 tps: 544.86 qps: 3279.13 (r/w/o: 0.00/2154.43/1124.70) lat (ms,95%): 3095.38 err/s: 0.00 reconn/s: 0.00
[ 219s ] thds: 1024 tps: 579.15 qps: 3525.92 (r/w/o: 0.00/2332.61/1193.31) lat (ms,95%): 4128.91 err/s: 0.00 reconn/s: 0.00
[ 220s ] thds: 1024 tps: 476.91 qps: 2860.46 (r/w/o: 0.00/1880.65/979.82) lat (ms,95%): 4683.57 err/s: 0.00 reconn/s: 0.00
[ 221s ] thds: 1024 tps: 453.06 qps: 2644.35 (r/w/o: 0.00/1713.22/931.12) lat (ms,95%): 3773.42 err/s: 0.00 reconn/s: 0.00
[ 222s ] thds: 1024 tps: 501.96 qps: 2998.76 (r/w/o: 0.00/1960.84/1037.92) lat (ms,95%): 3267.19 err/s: 0.00 reconn/s: 0.00
[ 223s ] thds: 1024 tps: 527.97 qps: 3201.80 (r/w/o: 0.00/2102.87/1098.93) lat (ms,95%): 3706.08 err/s: 0.00 reconn/s: 0.00
[ 224s ] thds: 1024 tps: 555.07 qps: 3309.41 (r/w/o: 0.00/2174.27/1135.14) lat (ms,95%): 3982.86 err/s: 0.00 reconn/s: 0.00
[ 225s ] thds: 1024 tps: 562.92 qps: 3296.53 (r/w/o: 0.00/2136.69/1159.83) lat (ms,95%): 3773.42 err/s: 0.00 reconn/s: 0.00
[ 226s ] thds: 1024 tps: 439.00 qps: 2870.99 (r/w/o: 0.00/1965.99/905.00) lat (ms,95%): 3841.98 err/s: 0.00 reconn/s: 0.00
[ 227s ] thds: 1024 tps: 506.98 qps: 2923.88 (r/w/o: 0.00/1883.92/1039.96) lat (ms,95%): 4055.23 err/s: 0.00 reconn/s: 0.00
[ 228s ] thds: 1024 tps: 567.04 qps: 3383.27 (r/w/o: 0.00/2209.17/1174.09) lat (ms,95%): 4128.91 err/s: 0.00 reconn/s: 0.00
[ 229s ] thds: 1024 tps: 569.04 qps: 3307.22 (r/w/o: 0.00/2128.14/1179.08) lat (ms,95%): 4280.32 err/s: 0.00 reconn/s: 0.00
[ 230s ] thds: 1024 tps: 471.97 qps: 2850.82 (r/w/o: 0.00/1871.88/978.94) lat (ms,95%): 4055.23 err/s: 0.00 reconn/s: 0.00
[ 231s ] thds: 1024 tps: 479.93 qps: 3157.53 (r/w/o: 0.00/2155.68/1001.85) lat (ms,95%): 3326.55 err/s: 0.00 reconn/s: 0.00
[ 232s ] thds: 1024 tps: 571.09 qps: 3144.49 (r/w/o: 0.00/1970.31/1174.18) lat (ms,95%): 3773.42 err/s: 0.00 reconn/s: 0.00
[ 233s ] thds: 1024 tps: 481.10 qps: 3095.67 (r/w/o: 0.00/2088.45/1007.22) lat (ms,95%): 3639.94 err/s: 0.00 reconn/s: 0.00
[ 234s ] thds: 1024 tps: 498.81 qps: 2708.96 (r/w/o: 0.00/1689.35/1019.61) lat (ms,95%): 2728.81 err/s: 0.00 reconn/s: 0.00
[ 235s ] thds: 1024 tps: 468.05 qps: 3041.30 (r/w/o: 0.00/2074.20/967.09) lat (ms,95%): 3267.19 err/s: 0.00 reconn/s: 0.00
[ 236s ] thds: 1024 tps: 585.08 qps: 3438.44 (r/w/o: 0.00/2233.29/1205.16) lat (ms,95%): 4358.09 err/s: 0.00 reconn/s: 0.00
[ 237s ] thds: 1024 tps: 544.97 qps: 3364.83 (r/w/o: 0.00/2241.89/1122.94) lat (ms,95%): 4517.90 err/s: 0.00 reconn/s: 0.00
[ 238s ] thds: 1024 tps: 549.99 qps: 3273.94 (r/w/o: 0.00/2141.96/1131.98) lat (ms,95%): 2493.86 err/s: 0.00 reconn/s: 0.00
[ 239s ] thds: 1024 tps: 538.12 qps: 3083.69 (r/w/o: 0.00/1979.44/1104.25) lat (ms,95%): 3706.08 err/s: 0.00 reconn/s: 0.00
[ 240s ] thds: 1024 tps: 481.00 qps: 2975.98 (r/w/o: 0.00/1981.99/993.99) lat (ms,95%): 2985.89 err/s: 0.00 reconn/s: 0.00
[ 241s ] thds: 1020 tps: 491.94 qps: 2086.73 (r/w/o: 0.00/1577.80/508.93) lat (ms,95%): 3448.53 err/s: 0.00 reconn/s: 0.00
[ 242s ] thds: 1020 tps: 326.06 qps: 863.15 (r/w/o: 0.00/530.09/333.06) lat (ms,95%): 3841.98 err/s: 0.00 reconn/s: 0.00
[ 243s ] thds: 1020 tps: 156.95 qps: 300.90 (r/w/o: 0.00/141.95/158.95) lat (ms,95%): 4437.27 err/s: 0.00 reconn/s: 0.00
[ 244s ] thds: 1007 tps: 32.00 qps: 60.00 (r/w/o: 0.00/27.00/33.00) lat (ms,95%): 6713.97 err/s: 0.00 reconn/s: 0.00
Latency histogram (values are in milliseconds)
       value  ------------- distribution ------------- count
      12.524 |                                         1
      12.752 |                                         3
      13.219 |                                         2
      13.460 |                                         2
      13.704 |                                         10
      13.953 |                                         2
      14.207 |                                         6
      14.465 |                                         5
      14.728 |                                         10
      14.995 |                                         14
      15.268 |                                         11
      15.545 |                                         24
      15.828 |                                         18
      16.115 |                                         16
      16.408 |                                         20
      16.706 |                                         22
      17.010 |                                         34
      17.319 |                                         35
      17.633 |                                         42
      17.954 |                                         49
      18.280 |                                         49
      18.612 |                                         47
      18.950 |*                                        87
      19.295 |*                                        71
      19.645 |*                                        73
      20.002 |*                                        106
      20.366 |*                                        118
      20.736 |*                                        106
      21.112 |*                                        120
      21.496 |*                                        102
      21.886 |*                                        95
      22.284 |*                                        92
      22.689 |*                                        66
      23.101 |*                                        71
      23.521 |*                                        60
      23.948 |                                         48
      24.384 |                                         37
      24.827 |                                         56
      25.278 |                                         35
      25.737 |                                         44
      26.205 |                                         25
      26.681 |                                         29
      27.165 |                                         35
      27.659 |                                         24
      28.162 |                                         23
      28.673 |                                         31
      29.194 |                                         25
      29.725 |                                         22
      30.265 |                                         25
      30.815 |                                         35
      31.375 |                                         31
      31.945 |                                         22
      32.525 |                                         18
      33.116 |                                         15
      33.718 |                                         23
      34.330 |                                         14
      34.954 |                                         19
      35.589 |                                         25
      36.236 |                                         23
      36.894 |                                         15
      37.565 |                                         17
      38.247 |                                         10
      38.942 |                                         11
      39.650 |                                         16
      40.370 |                                         16
      41.104 |                                         8
      41.851 |                                         8
      42.611 |                                         6
      43.385 |                                         11
      44.173 |                                         9
      44.976 |                                         5
      45.793 |                                         5
      46.625 |                                         6
      47.472 |                                         10
      48.335 |                                         7
      49.213 |                                         10
      50.107 |                                         10
      51.018 |                                         12
      51.945 |                                         10
      52.889 |                                         11
      53.850 |                                         8
      54.828 |                                         8
      55.824 |                                         8
      56.839 |                                         12
      57.871 |                                         10
      58.923 |                                         3
      59.993 |                                         5
      61.083 |                                         5
      62.193 |                                         5
      63.323 |                                         4
      64.474 |                                         6
      65.645 |                                         2
      66.838 |                                         7
      68.053 |                                         9
      69.289 |                                         7
      70.548 |                                         4
      71.830 |                                         3
      73.135 |                                         2
      74.464 |                                         3
      77.194 |                                         2
      78.597 |                                         1
      80.025 |                                         2
      81.479 |                                         1
      82.959 |                                         4
      86.002 |                                         1
      87.564 |                                         2
      90.775 |                                         1
      92.424 |                                         1
      99.327 |                                         1
     101.132 |                                         1
     108.685 |                                         1
     114.717 |                                         1
     118.924 |                                         1
     125.525 |                                         1
     132.492 |                                         2
     134.899 |                                         2
     137.350 |                                         1
     142.387 |                                         2
     144.974 |                                         1
     147.608 |                                         1
     150.290 |                                         2
     153.021 |                                         3
     155.801 |                                         8
     158.632 |                                         5
     161.514 |                                         2
     164.449 |                                         2
     167.437 |                                         4
     170.479 |                                         2
     173.577 |                                         6
     176.731 |                                         2
     179.942 |                                         4
     183.211 |                                         2
     186.540 |                                         12
     189.929 |                                         9
     193.380 |                                         6
     196.894 |                                         1
     200.472 |                                         3
     204.114 |                                         4
     207.823 |                                         6
     211.599 |                                         3
     215.443 |                                         3
     219.358 |                                         4
     223.344 |                                         2
     231.534 |                                         10
     235.740 |                                         12
     240.024 |                                         1
     244.385 |                                         9
     248.825 |                                         2
     253.346 |                                         6
     257.950 |                                         4
     262.636 |                                         3
     267.408 |                                         5
     272.267 |                                         8
     277.214 |                                         7
     282.251 |                                         7
     287.379 |                                         3
     292.601 |                                         6
     297.917 |                                         8
     303.330 |                                         9
     308.842 |                                         2
     314.453 |                                         3
     320.167 |                                         4
     325.984 |                                         9
     331.907 |                                         6
     337.938 |                                         3
     344.078 |                                         7
     350.330 |                                         3
     356.695 |                                         4
     363.176 |                                         2
     369.775 |                                         4
     376.494 |                                         3
     383.334 |                                         3
     390.299 |                                         6
     397.391 |                                         3
     404.611 |                                         3
     411.963 |                                         2
     419.448 |                                         6
     434.829 |                                         4
     442.730 |                                         6
     450.774 |                                         8
     458.964 |                                         13
     467.304 |                                         14
     475.794 |                                         8
     484.439 |                                         9
     493.242 |                                         6
     502.204 |                                         12
     511.328 |                                         11
     520.619 |                                         7
     530.078 |                                         17
     539.710 |                                         5
     549.516 |                                         11
     559.501 |                                         13
     569.667 |                                         19
     580.017 |                                         14
     590.556 |                                         10
     601.286 |                                         18
     612.211 |                                         22
     623.335 |                                         16
     634.661 |                                         15
     646.192 |                                         19
     657.933 |                                         17
     669.888 |                                         31
     682.059 |                                         15
     694.452 |                                         12
     707.070 |                                         19
     719.917 |                                         29
     732.998 |                                         14
     746.316 |                                         17
     759.876 |                                         13
     773.683 |                                         19
     787.741 |                                         16
     802.053 |                                         23
     816.626 |                                         24
     831.464 |                                         24
     846.572 |                                         18
     861.954 |                                         31
     877.615 |                                         26
     893.561 |                                         33
     909.797 |                                         46
     926.327 |                                         26
     943.158 |                                         31
     960.295 |                                         38
     977.743 |                                         30
     995.508 |                                         38
    1013.597 |                                         31
    1032.013 |**                                       177
    1050.764 |*                                        108
    1069.856 |                                         52
    1089.295 |*                                        101
    1109.087 |****                                     436
    1129.239 |*****                                    599
    1149.757 |**********                               1108
    1170.648 |**************                           1649
    1191.918 |********************                     2281
    1213.575 |************************                 2786
    1235.625 |**************************               2959
    1258.076 |*******************************          3550
    1280.934 |********************************         3717
    1304.208 |****************************             3198
    1327.905 |****************************             3268
    1352.033 |**************************************** 4631
    1376.599 |**********************************       3909
    1401.611 |*************************************    4306
    1427.078 |*******************************          3557
    1453.007 |***************************              3112
    1479.408 |****************************             3229
    1506.288 |*****************************            3308
    1533.657 |***********************                  2688
    1561.523 |*******************                      2161
    1589.895 |*******************                      2236
    1618.783 |*********************                    2379
    1648.196 |***************                          1774
    1678.143 |****************                         1829
    1708.634 |*******************                      2164
    1739.679 |********************                     2333
    1771.289 |**************                           1649
    1803.472 |***************                          1727
    1836.241 |*****************                        1920
    1869.605 |****************                         1904
    1903.575 |******************                       2028
    1938.162 |*****************                        2011
    1973.377 |****************                         1875
    2009.233 |**************                           1576
    2045.740 |***********                              1318
    2082.910 |**************                           1574
    2120.756 |**************                           1605
    2159.289 |*************                            1561
    2198.523 |***********                              1245
    2238.469 |*********                                1024
    2279.141 |*********                                986
    2320.552 |**********                               1149
    2362.716 |**********                               1167
    2405.646 |***********                              1242
    2449.355 |***********                              1254
    2493.859 |*********                                1017
    2539.172 |*********                                1055
    2585.308 |*********                                1012
    2632.282 |*********                                986
    2680.109 |**********                               1130
    2728.806 |********                                 869
    2778.387 |*******                                  841
    2828.869 |*******                                  844
    2880.269 |***********                              1233
    2932.602 |********                                 897
    2985.887 |********                                 901
    3040.139 |******                                   697
    3095.377 |*******                                  789
    3151.619 |******                                   718
    3208.883 |******                                   682
    3267.187 |******                                   734
    3326.551 |*****                                    590
    3386.993 |*****                                    608
    3448.533 |*****                                    587
    3511.192 |*****                                    553
    3574.989 |****                                     510
    3639.945 |****                                     453
    3706.081 |****                                     514
    3773.420 |*****                                    544
    3841.981 |***                                      388
    3911.789 |***                                      363
    3982.864 |***                                      405
    4055.231 |***                                      340
    4128.913 |****                                     449
    4203.934 |***                                      380
    4280.318 |***                                      358
    4358.090 |***                                      319
    4437.275 |**                                       274
    4517.898 |***                                      370
    4599.987 |***                                      296
    4683.567 |***                                      295
    4768.666 |**                                       253
    4855.311 |**                                       229
    4943.530 |**                                       227
    5033.352 |**                                       225
    5124.806 |**                                       181
    5217.922 |*                                        155
    5312.729 |*                                        113
    5409.260 |*                                        87
    5507.544 |*                                        86
    5607.614 |*                                        97
    5709.502 |*                                        86
    5813.242 |*                                        83
    5918.866 |*                                        90
    6026.410 |*                                        75
    6135.907 |*                                        86
    6247.394 |*                                        64
    6360.907 |                                         47
    6476.483 |                                         30
    6594.158 |                                         31
    6713.971 |                                         44
    6835.962 |                                         26
    6960.168 |                                         18
    7086.632 |                                         10
    7215.393 |                                         29
    7346.494 |                                         32
    7479.978 |                                         28
    7615.886 |                                         19
    7754.264 |                                         17
    7895.156 |                                         12
    8038.608 |                                         26
    8184.666 |                                         3
    8333.379 |                                         3
    8484.793 |                                         11
    8638.959 |                                         4
    8795.925 |                                         6
    8955.744 |                                         6
    9118.466 |                                         7
    9284.145 |                                         8
    9452.835 |                                         6
    9624.589 |                                         5
    9799.465 |                                         3
    9977.517 |                                         7
   10158.805 |                                         2
   10343.387 |                                         4
   10531.322 |                                         4
   10722.672 |                                         8
   10917.499 |                                         4
   11115.866 |                                         5
   11523.478 |                                         1
   11732.855 |                                         2
   12163.092 |                                         1
   12384.091 |                                         2
   12609.105 |                                         4
   12838.208 |                                         2
   13071.473 |                                         4
   13308.977 |                                         1
   13550.796 |                                         2
   13797.009 |                                         3
   14047.695 |                                         2
   14302.937 |                                         1
   14562.816 |                                         6
   14827.417 |                                         2
   15096.825 |                                         8
   15371.129 |                                         6
   15650.417 |                                         4
   15934.779 |                                         4
   16224.308 |                                         4
   16519.097 |                                         4
   16819.243 |                                         4
   17124.843 |                                         2
   17435.995 |                                         3
   18075.362 |                                         2
   18403.784 |                                         1
   18738.174 |                                         1
   19078.640 |                                         1
 
SQL statistics:
    queries performed:
        read:                            0
        write:                           501671
        other:                           263051
        total:                           764722
    transactions:                        127894 (522.79 per sec.)
    queries:                             764722 (3125.97 per sec.)
    ignored errors:                      0      (0.00 per sec.)
    reconnects:                          0      (0.00 per sec.)

Throughput:
    events/s (eps):                      522.7950
    time elapsed:                        244.6355s
    total number of events:              127894

Latency (ms):
         min:                                   12.59
         avg:                                 1940.60
         max:                                18960.88
         95th percentile:                     3911.79
         sum:                            248189158.52

Threads fairness:
    events (avg/stddev):           124.8955/16.06
    execution time (avg/stddev):   242.3722/1.35

