sysbench 1.1.0-3ceba0b (using bundled LuaJIT 2.1.0-beta3)

Running the test with following options:
Number of threads: 512
Warmup time: 60s
Report intermediate results every 1 second(s)
Initializing random number generator from current time


Initializing worker threads...

Threads started!

Warming up for 60 seconds...

[ 1s ] thds: 512 tps: 18549.95 qps: 18549.95 (r/w/o: 18549.95/0.00/0.00) lat (ms,95%): 78.60 err/s: 0.00 reconn/s: 0.00
[ 2s ] thds: 512 tps: 19284.66 qps: 19284.66 (r/w/o: 19284.66/0.00/0.00) lat (ms,95%): 77.19 err/s: 0.00 reconn/s: 0.00
[ 3s ] thds: 512 tps: 19219.33 qps: 19219.33 (r/w/o: 19219.33/0.00/0.00) lat (ms,95%): 77.19 err/s: 0.00 reconn/s: 0.00
[ 4s ] thds: 512 tps: 18866.96 qps: 18866.96 (r/w/o: 18866.96/0.00/0.00) lat (ms,95%): 78.60 err/s: 0.00 reconn/s: 0.00
[ 5s ] thds: 512 tps: 18911.02 qps: 18911.02 (r/w/o: 18911.02/0.00/0.00) lat (ms,95%): 77.19 err/s: 0.00 reconn/s: 0.00
[ 6s ] thds: 512 tps: 18925.78 qps: 18924.78 (r/w/o: 18924.78/0.00/0.00) lat (ms,95%): 80.03 err/s: 0.00 reconn/s: 0.00
[ 7s ] thds: 512 tps: 19418.77 qps: 19419.77 (r/w/o: 19419.77/0.00/0.00) lat (ms,95%): 75.82 err/s: 0.00 reconn/s: 0.00
[ 8s ] thds: 512 tps: 18931.49 qps: 18931.49 (r/w/o: 18931.49/0.00/0.00) lat (ms,95%): 78.60 err/s: 0.00 reconn/s: 0.00
[ 9s ] thds: 512 tps: 19024.12 qps: 19024.12 (r/w/o: 19024.12/0.00/0.00) lat (ms,95%): 77.19 err/s: 0.00 reconn/s: 0.00
[ 10s ] thds: 512 tps: 19113.56 qps: 19113.56 (r/w/o: 19113.56/0.00/0.00) lat (ms,95%): 77.19 err/s: 0.00 reconn/s: 0.00
[ 11s ] thds: 512 tps: 18652.08 qps: 18652.08 (r/w/o: 18652.08/0.00/0.00) lat (ms,95%): 77.19 err/s: 0.00 reconn/s: 0.00
[ 12s ] thds: 512 tps: 19200.16 qps: 19200.16 (r/w/o: 19200.16/0.00/0.00) lat (ms,95%): 78.60 err/s: 0.00 reconn/s: 0.00
[ 13s ] thds: 512 tps: 18758.87 qps: 18758.87 (r/w/o: 18758.87/0.00/0.00) lat (ms,95%): 77.19 err/s: 0.00 reconn/s: 0.00
[ 14s ] thds: 512 tps: 19333.36 qps: 19333.36 (r/w/o: 19333.36/0.00/0.00) lat (ms,95%): 77.19 err/s: 0.00 reconn/s: 0.00
[ 15s ] thds: 512 tps: 19211.33 qps: 19211.33 (r/w/o: 19211.33/0.00/0.00) lat (ms,95%): 78.60 err/s: 0.00 reconn/s: 0.00
[ 16s ] thds: 512 tps: 19479.05 qps: 19479.05 (r/w/o: 19479.05/0.00/0.00) lat (ms,95%): 77.19 err/s: 0.00 reconn/s: 0.00
[ 17s ] thds: 512 tps: 19161.07 qps: 19161.07 (r/w/o: 19161.07/0.00/0.00) lat (ms,95%): 77.19 err/s: 0.00 reconn/s: 0.00
[ 18s ] thds: 512 tps: 18705.43 qps: 18705.43 (r/w/o: 18705.43/0.00/0.00) lat (ms,95%): 78.60 err/s: 0.00 reconn/s: 0.00
[ 19s ] thds: 512 tps: 19339.59 qps: 19339.59 (r/w/o: 19339.59/0.00/0.00) lat (ms,95%): 77.19 err/s: 0.00 reconn/s: 0.00
[ 20s ] thds: 512 tps: 19265.53 qps: 19265.53 (r/w/o: 19265.53/0.00/0.00) lat (ms,95%): 78.60 err/s: 0.00 reconn/s: 0.00
[ 21s ] thds: 512 tps: 19147.03 qps: 19147.03 (r/w/o: 19147.03/0.00/0.00) lat (ms,95%): 78.60 err/s: 0.00 reconn/s: 0.00
[ 22s ] thds: 512 tps: 19037.32 qps: 19037.32 (r/w/o: 19037.32/0.00/0.00) lat (ms,95%): 77.19 err/s: 0.00 reconn/s: 0.00
[ 23s ] thds: 512 tps: 18885.61 qps: 18885.61 (r/w/o: 18885.61/0.00/0.00) lat (ms,95%): 78.60 err/s: 0.00 reconn/s: 0.00
[ 24s ] thds: 512 tps: 19202.63 qps: 19202.63 (r/w/o: 19202.63/0.00/0.00) lat (ms,95%): 75.82 err/s: 0.00 reconn/s: 0.00
[ 25s ] thds: 512 tps: 19228.52 qps: 19228.52 (r/w/o: 19228.52/0.00/0.00) lat (ms,95%): 77.19 err/s: 0.00 reconn/s: 0.00
[ 26s ] thds: 512 tps: 19040.67 qps: 19040.67 (r/w/o: 19040.67/0.00/0.00) lat (ms,95%): 77.19 err/s: 0.00 reconn/s: 0.00
[ 27s ] thds: 512 tps: 19077.05 qps: 19077.05 (r/w/o: 19077.05/0.00/0.00) lat (ms,95%): 78.60 err/s: 0.00 reconn/s: 0.00
[ 28s ] thds: 512 tps: 19631.09 qps: 19631.09 (r/w/o: 19631.09/0.00/0.00) lat (ms,95%): 77.19 err/s: 0.00 reconn/s: 0.00
[ 29s ] thds: 512 tps: 19035.49 qps: 19035.49 (r/w/o: 19035.49/0.00/0.00) lat (ms,95%): 77.19 err/s: 0.00 reconn/s: 0.00
[ 30s ] thds: 512 tps: 19176.65 qps: 19176.65 (r/w/o: 19176.65/0.00/0.00) lat (ms,95%): 77.19 err/s: 0.00 reconn/s: 0.00
[ 31s ] thds: 512 tps: 18505.08 qps: 18505.08 (r/w/o: 18505.08/0.00/0.00) lat (ms,95%): 77.19 err/s: 0.00 reconn/s: 0.00
[ 32s ] thds: 512 tps: 19473.96 qps: 19473.96 (r/w/o: 19473.96/0.00/0.00) lat (ms,95%): 77.19 err/s: 0.00 reconn/s: 0.00
[ 33s ] thds: 512 tps: 18830.78 qps: 18829.78 (r/w/o: 18829.78/0.00/0.00) lat (ms,95%): 78.60 err/s: 0.00 reconn/s: 0.00
[ 34s ] thds: 512 tps: 18776.27 qps: 18777.27 (r/w/o: 18777.27/0.00/0.00) lat (ms,95%): 78.60 err/s: 0.00 reconn/s: 0.00
[ 35s ] thds: 512 tps: 19138.17 qps: 19138.17 (r/w/o: 19138.17/0.00/0.00) lat (ms,95%): 77.19 err/s: 0.00 reconn/s: 0.00
[ 36s ] thds: 512 tps: 18972.35 qps: 18972.35 (r/w/o: 18972.35/0.00/0.00) lat (ms,95%): 77.19 err/s: 0.00 reconn/s: 0.00
[ 37s ] thds: 512 tps: 19319.13 qps: 19319.13 (r/w/o: 19319.13/0.00/0.00) lat (ms,95%): 77.19 err/s: 0.00 reconn/s: 0.00
[ 38s ] thds: 512 tps: 19315.02 qps: 19315.02 (r/w/o: 19315.02/0.00/0.00) lat (ms,95%): 77.19 err/s: 0.00 reconn/s: 0.00
[ 39s ] thds: 512 tps: 19178.14 qps: 19178.14 (r/w/o: 19178.14/0.00/0.00) lat (ms,95%): 77.19 err/s: 0.00 reconn/s: 0.00
[ 40s ] thds: 512 tps: 18867.63 qps: 18867.63 (r/w/o: 18867.63/0.00/0.00) lat (ms,95%): 77.19 err/s: 0.00 reconn/s: 0.00
[ 41s ] thds: 512 tps: 18756.38 qps: 18756.38 (r/w/o: 18756.38/0.00/0.00) lat (ms,95%): 78.60 err/s: 0.00 reconn/s: 0.00
[ 42s ] thds: 512 tps: 18696.83 qps: 18696.83 (r/w/o: 18696.83/0.00/0.00) lat (ms,95%): 78.60 err/s: 0.00 reconn/s: 0.00
[ 43s ] thds: 512 tps: 19394.20 qps: 19394.20 (r/w/o: 19394.20/0.00/0.00) lat (ms,95%): 77.19 err/s: 0.00 reconn/s: 0.00
[ 44s ] thds: 512 tps: 18736.49 qps: 18736.49 (r/w/o: 18736.49/0.00/0.00) lat (ms,95%): 78.60 err/s: 0.00 reconn/s: 0.00
[ 45s ] thds: 512 tps: 19037.71 qps: 19037.71 (r/w/o: 19037.71/0.00/0.00) lat (ms,95%): 77.19 err/s: 0.00 reconn/s: 0.00
[ 46s ] thds: 512 tps: 19072.16 qps: 19072.16 (r/w/o: 19072.16/0.00/0.00) lat (ms,95%): 77.19 err/s: 0.00 reconn/s: 0.00
[ 47s ] thds: 512 tps: 19266.88 qps: 19266.88 (r/w/o: 19266.88/0.00/0.00) lat (ms,95%): 78.60 err/s: 0.00 reconn/s: 0.00
[ 48s ] thds: 512 tps: 19087.77 qps: 19087.77 (r/w/o: 19087.77/0.00/0.00) lat (ms,95%): 78.60 err/s: 0.00 reconn/s: 0.00
[ 49s ] thds: 512 tps: 19003.14 qps: 19003.14 (r/w/o: 19003.14/0.00/0.00) lat (ms,95%): 78.60 err/s: 0.00 reconn/s: 0.00
[ 50s ] thds: 512 tps: 19255.32 qps: 19255.32 (r/w/o: 19255.32/0.00/0.00) lat (ms,95%): 77.19 err/s: 0.00 reconn/s: 0.00
[ 51s ] thds: 512 tps: 19032.31 qps: 19032.31 (r/w/o: 19032.31/0.00/0.00) lat (ms,95%): 78.60 err/s: 0.00 reconn/s: 0.00
[ 52s ] thds: 512 tps: 19006.64 qps: 19006.64 (r/w/o: 19006.64/0.00/0.00) lat (ms,95%): 77.19 err/s: 0.00 reconn/s: 0.00
[ 53s ] thds: 512 tps: 19074.82 qps: 19074.82 (r/w/o: 19074.82/0.00/0.00) lat (ms,95%): 77.19 err/s: 0.00 reconn/s: 0.00
[ 54s ] thds: 512 tps: 19240.45 qps: 19240.45 (r/w/o: 19240.45/0.00/0.00) lat (ms,95%): 78.60 err/s: 0.00 reconn/s: 0.00
[ 55s ] thds: 512 tps: 19009.42 qps: 19009.42 (r/w/o: 19009.42/0.00/0.00) lat (ms,95%): 77.19 err/s: 0.00 reconn/s: 0.00
[ 56s ] thds: 512 tps: 19221.14 qps: 19221.14 (r/w/o: 19221.14/0.00/0.00) lat (ms,95%): 77.19 err/s: 0.00 reconn/s: 0.00
[ 57s ] thds: 512 tps: 19285.50 qps: 19285.50 (r/w/o: 19285.50/0.00/0.00) lat (ms,95%): 78.60 err/s: 0.00 reconn/s: 0.00
[ 58s ] thds: 512 tps: 19081.39 qps: 19081.39 (r/w/o: 19081.39/0.00/0.00) lat (ms,95%): 77.19 err/s: 0.00 reconn/s: 0.00
[ 59s ] thds: 512 tps: 18870.46 qps: 18870.46 (r/w/o: 18870.46/0.00/0.00) lat (ms,95%): 77.19 err/s: 0.00 reconn/s: 0.00
[ 60s ] thds: 512 tps: 18871.98 qps: 18871.98 (r/w/o: 18871.98/0.00/0.00) lat (ms,95%): 78.60 err/s: 0.00 reconn/s: 0.00
[ 61s ] thds: 512 tps: 18731.54 qps: 18730.54 (r/w/o: 18730.54/0.00/0.00) lat (ms,95%): 78.60 err/s: 0.00 reconn/s: 0.00
[ 62s ] thds: 512 tps: 18929.87 qps: 18930.87 (r/w/o: 18930.87/0.00/0.00) lat (ms,95%): 77.19 err/s: 0.00 reconn/s: 0.00
[ 63s ] thds: 512 tps: 18869.73 qps: 18869.73 (r/w/o: 18869.73/0.00/0.00) lat (ms,95%): 78.60 err/s: 0.00 reconn/s: 0.00
[ 64s ] thds: 512 tps: 18873.14 qps: 18873.14 (r/w/o: 18873.14/0.00/0.00) lat (ms,95%): 78.60 err/s: 0.00 reconn/s: 0.00
[ 65s ] thds: 512 tps: 18957.56 qps: 18957.56 (r/w/o: 18957.56/0.00/0.00) lat (ms,95%): 78.60 err/s: 0.00 reconn/s: 0.00
[ 66s ] thds: 512 tps: 19289.64 qps: 19289.64 (r/w/o: 19289.64/0.00/0.00) lat (ms,95%): 77.19 err/s: 0.00 reconn/s: 0.00
[ 67s ] thds: 512 tps: 18973.01 qps: 18973.01 (r/w/o: 18973.01/0.00/0.00) lat (ms,95%): 77.19 err/s: 0.00 reconn/s: 0.00
[ 68s ] thds: 512 tps: 19295.18 qps: 19295.18 (r/w/o: 19295.18/0.00/0.00) lat (ms,95%): 77.19 err/s: 0.00 reconn/s: 0.00
[ 69s ] thds: 512 tps: 19130.57 qps: 19130.57 (r/w/o: 19130.57/0.00/0.00) lat (ms,95%): 75.82 err/s: 0.00 reconn/s: 0.00
[ 70s ] thds: 512 tps: 19168.40 qps: 19168.40 (r/w/o: 19168.40/0.00/0.00) lat (ms,95%): 77.19 err/s: 0.00 reconn/s: 0.00
[ 71s ] thds: 512 tps: 19011.84 qps: 19011.84 (r/w/o: 19011.84/0.00/0.00) lat (ms,95%): 78.60 err/s: 0.00 reconn/s: 0.00
[ 72s ] thds: 512 tps: 19146.17 qps: 19146.17 (r/w/o: 19146.17/0.00/0.00) lat (ms,95%): 77.19 err/s: 0.00 reconn/s: 0.00
[ 73s ] thds: 512 tps: 18745.06 qps: 18745.06 (r/w/o: 18745.06/0.00/0.00) lat (ms,95%): 78.60 err/s: 0.00 reconn/s: 0.00
[ 74s ] thds: 512 tps: 18919.05 qps: 18919.05 (r/w/o: 18919.05/0.00/0.00) lat (ms,95%): 78.60 err/s: 0.00 reconn/s: 0.00
[ 75s ] thds: 512 tps: 19330.58 qps: 19330.58 (r/w/o: 19330.58/0.00/0.00) lat (ms,95%): 78.60 err/s: 0.00 reconn/s: 0.00
[ 76s ] thds: 512 tps: 19275.84 qps: 19275.84 (r/w/o: 19275.84/0.00/0.00) lat (ms,95%): 77.19 err/s: 0.00 reconn/s: 0.00
[ 77s ] thds: 512 tps: 18671.45 qps: 18671.45 (r/w/o: 18671.45/0.00/0.00) lat (ms,95%): 77.19 err/s: 0.00 reconn/s: 0.00
[ 78s ] thds: 512 tps: 19020.86 qps: 19020.86 (r/w/o: 19020.86/0.00/0.00) lat (ms,95%): 78.60 err/s: 0.00 reconn/s: 0.00
[ 79s ] thds: 512 tps: 18935.93 qps: 18935.93 (r/w/o: 18935.93/0.00/0.00) lat (ms,95%): 77.19 err/s: 0.00 reconn/s: 0.00
[ 80s ] thds: 512 tps: 18609.15 qps: 18609.15 (r/w/o: 18609.15/0.00/0.00) lat (ms,95%): 78.60 err/s: 0.00 reconn/s: 0.00
[ 81s ] thds: 512 tps: 18798.64 qps: 18798.64 (r/w/o: 18798.64/0.00/0.00) lat (ms,95%): 78.60 err/s: 0.00 reconn/s: 0.00
[ 82s ] thds: 512 tps: 18751.60 qps: 18750.60 (r/w/o: 18750.60/0.00/0.00) lat (ms,95%): 78.60 err/s: 0.00 reconn/s: 0.00
[ 83s ] thds: 512 tps: 18995.04 qps: 18996.04 (r/w/o: 18996.04/0.00/0.00) lat (ms,95%): 78.60 err/s: 0.00 reconn/s: 0.00
[ 84s ] thds: 512 tps: 18866.71 qps: 18866.71 (r/w/o: 18866.71/0.00/0.00) lat (ms,95%): 78.60 err/s: 0.00 reconn/s: 0.00
[ 85s ] thds: 512 tps: 18787.20 qps: 18787.20 (r/w/o: 18787.20/0.00/0.00) lat (ms,95%): 77.19 err/s: 0.00 reconn/s: 0.00
[ 86s ] thds: 512 tps: 19205.53 qps: 19205.53 (r/w/o: 19205.53/0.00/0.00) lat (ms,95%): 77.19 err/s: 0.00 reconn/s: 0.00
[ 87s ] thds: 512 tps: 19188.61 qps: 19188.61 (r/w/o: 19188.61/0.00/0.00) lat (ms,95%): 78.60 err/s: 0.00 reconn/s: 0.00
[ 88s ] thds: 512 tps: 18677.62 qps: 18677.62 (r/w/o: 18677.62/0.00/0.00) lat (ms,95%): 78.60 err/s: 0.00 reconn/s: 0.00
[ 89s ] thds: 512 tps: 18836.21 qps: 18836.21 (r/w/o: 18836.21/0.00/0.00) lat (ms,95%): 78.60 err/s: 0.00 reconn/s: 0.00
[ 90s ] thds: 512 tps: 19112.54 qps: 19112.54 (r/w/o: 19112.54/0.00/0.00) lat (ms,95%): 78.60 err/s: 0.00 reconn/s: 0.00
[ 91s ] thds: 512 tps: 19128.70 qps: 19128.70 (r/w/o: 19128.70/0.00/0.00) lat (ms,95%): 77.19 err/s: 0.00 reconn/s: 0.00
[ 92s ] thds: 512 tps: 18945.02 qps: 18945.02 (r/w/o: 18945.02/0.00/0.00) lat (ms,95%): 78.60 err/s: 0.00 reconn/s: 0.00
[ 93s ] thds: 512 tps: 19273.53 qps: 19273.53 (r/w/o: 19273.53/0.00/0.00) lat (ms,95%): 78.60 err/s: 0.00 reconn/s: 0.00
[ 94s ] thds: 512 tps: 18758.13 qps: 18758.13 (r/w/o: 18758.13/0.00/0.00) lat (ms,95%): 78.60 err/s: 0.00 reconn/s: 0.00
[ 95s ] thds: 512 tps: 18956.25 qps: 18956.25 (r/w/o: 18956.25/0.00/0.00) lat (ms,95%): 77.19 err/s: 0.00 reconn/s: 0.00
[ 96s ] thds: 512 tps: 18968.12 qps: 18967.12 (r/w/o: 18967.12/0.00/0.00) lat (ms,95%): 78.60 err/s: 0.00 reconn/s: 0.00
[ 97s ] thds: 512 tps: 18872.21 qps: 18873.21 (r/w/o: 18873.21/0.00/0.00) lat (ms,95%): 78.60 err/s: 0.00 reconn/s: 0.00
[ 98s ] thds: 512 tps: 18803.87 qps: 18803.87 (r/w/o: 18803.87/0.00/0.00) lat (ms,95%): 78.60 err/s: 0.00 reconn/s: 0.00
[ 99s ] thds: 512 tps: 18672.21 qps: 18672.21 (r/w/o: 18672.21/0.00/0.00) lat (ms,95%): 78.60 err/s: 0.00 reconn/s: 0.00
[ 100s ] thds: 512 tps: 18806.61 qps: 18806.61 (r/w/o: 18806.61/0.00/0.00) lat (ms,95%): 77.19 err/s: 0.00 reconn/s: 0.00
[ 101s ] thds: 512 tps: 18762.11 qps: 18762.11 (r/w/o: 18762.11/0.00/0.00) lat (ms,95%): 78.60 err/s: 0.00 reconn/s: 0.00
[ 102s ] thds: 512 tps: 18882.03 qps: 18882.03 (r/w/o: 18882.03/0.00/0.00) lat (ms,95%): 78.60 err/s: 0.00 reconn/s: 0.00
[ 103s ] thds: 512 tps: 18985.57 qps: 18985.57 (r/w/o: 18985.57/0.00/0.00) lat (ms,95%): 78.60 err/s: 0.00 reconn/s: 0.00
[ 104s ] thds: 512 tps: 19190.30 qps: 19190.30 (r/w/o: 19190.30/0.00/0.00) lat (ms,95%): 77.19 err/s: 0.00 reconn/s: 0.00
[ 105s ] thds: 512 tps: 18829.81 qps: 18829.81 (r/w/o: 18829.81/0.00/0.00) lat (ms,95%): 78.60 err/s: 0.00 reconn/s: 0.00
[ 106s ] thds: 512 tps: 19153.19 qps: 19153.19 (r/w/o: 19153.19/0.00/0.00) lat (ms,95%): 78.60 err/s: 0.00 reconn/s: 0.00
[ 107s ] thds: 512 tps: 19101.76 qps: 19101.76 (r/w/o: 19101.76/0.00/0.00) lat (ms,95%): 78.60 err/s: 0.00 reconn/s: 0.00
[ 108s ] thds: 512 tps: 19357.95 qps: 19357.95 (r/w/o: 19357.95/0.00/0.00) lat (ms,95%): 78.60 err/s: 0.00 reconn/s: 0.00
[ 109s ] thds: 512 tps: 18864.43 qps: 18864.43 (r/w/o: 18864.43/0.00/0.00) lat (ms,95%): 78.60 err/s: 0.00 reconn/s: 0.00
[ 110s ] thds: 512 tps: 18921.64 qps: 18921.64 (r/w/o: 18921.64/0.00/0.00) lat (ms,95%): 77.19 err/s: 0.00 reconn/s: 0.00
[ 111s ] thds: 512 tps: 18653.16 qps: 18653.16 (r/w/o: 18653.16/0.00/0.00) lat (ms,95%): 78.60 err/s: 0.00 reconn/s: 0.00
[ 112s ] thds: 512 tps: 18931.15 qps: 18931.15 (r/w/o: 18931.15/0.00/0.00) lat (ms,95%): 78.60 err/s: 0.00 reconn/s: 0.00
[ 113s ] thds: 512 tps: 19024.94 qps: 19024.94 (r/w/o: 19024.94/0.00/0.00) lat (ms,95%): 78.60 err/s: 0.00 reconn/s: 0.00
[ 114s ] thds: 512 tps: 18898.43 qps: 18898.43 (r/w/o: 18898.43/0.00/0.00) lat (ms,95%): 77.19 err/s: 0.00 reconn/s: 0.00
[ 115s ] thds: 512 tps: 18597.17 qps: 18597.17 (r/w/o: 18597.17/0.00/0.00) lat (ms,95%): 78.60 err/s: 0.00 reconn/s: 0.00
[ 116s ] thds: 512 tps: 18959.79 qps: 18959.79 (r/w/o: 18959.79/0.00/0.00) lat (ms,95%): 78.60 err/s: 0.00 reconn/s: 0.00
[ 117s ] thds: 512 tps: 18989.34 qps: 18989.34 (r/w/o: 18989.34/0.00/0.00) lat (ms,95%): 78.60 err/s: 0.00 reconn/s: 0.00
[ 118s ] thds: 512 tps: 18757.38 qps: 18757.38 (r/w/o: 18757.38/0.00/0.00) lat (ms,95%): 77.19 err/s: 0.00 reconn/s: 0.00
[ 119s ] thds: 512 tps: 19339.57 qps: 19339.57 (r/w/o: 19339.57/0.00/0.00) lat (ms,95%): 77.19 err/s: 0.00 reconn/s: 0.00
[ 120s ] thds: 512 tps: 19111.17 qps: 19111.17 (r/w/o: 19111.17/0.00/0.00) lat (ms,95%): 77.19 err/s: 0.00 reconn/s: 0.00
[ 121s ] thds: 512 tps: 19070.22 qps: 19070.22 (r/w/o: 19070.22/0.00/0.00) lat (ms,95%): 78.60 err/s: 0.00 reconn/s: 0.00
[ 122s ] thds: 512 tps: 19051.76 qps: 19051.76 (r/w/o: 19051.76/0.00/0.00) lat (ms,95%): 78.60 err/s: 0.00 reconn/s: 0.00
[ 123s ] thds: 512 tps: 19224.22 qps: 19224.22 (r/w/o: 19224.22/0.00/0.00) lat (ms,95%): 77.19 err/s: 0.00 reconn/s: 0.00
[ 124s ] thds: 512 tps: 19201.18 qps: 19201.18 (r/w/o: 19201.18/0.00/0.00) lat (ms,95%): 78.60 err/s: 0.00 reconn/s: 0.00
[ 125s ] thds: 512 tps: 19138.46 qps: 19138.46 (r/w/o: 19138.46/0.00/0.00) lat (ms,95%): 78.60 err/s: 0.00 reconn/s: 0.00
[ 126s ] thds: 512 tps: 19151.19 qps: 19151.19 (r/w/o: 19151.19/0.00/0.00) lat (ms,95%): 78.60 err/s: 0.00 reconn/s: 0.00
[ 127s ] thds: 512 tps: 18898.21 qps: 18898.21 (r/w/o: 18898.21/0.00/0.00) lat (ms,95%): 78.60 err/s: 0.00 reconn/s: 0.00
[ 128s ] thds: 512 tps: 19138.12 qps: 19138.12 (r/w/o: 19138.12/0.00/0.00) lat (ms,95%): 77.19 err/s: 0.00 reconn/s: 0.00
[ 129s ] thds: 512 tps: 18812.64 qps: 18812.64 (r/w/o: 18812.64/0.00/0.00) lat (ms,95%): 78.60 err/s: 0.00 reconn/s: 0.00
[ 130s ] thds: 512 tps: 19486.85 qps: 19486.85 (r/w/o: 19486.85/0.00/0.00) lat (ms,95%): 77.19 err/s: 0.00 reconn/s: 0.00
[ 131s ] thds: 512 tps: 19079.11 qps: 19079.11 (r/w/o: 19079.11/0.00/0.00) lat (ms,95%): 77.19 err/s: 0.00 reconn/s: 0.00
[ 132s ] thds: 512 tps: 19246.80 qps: 19246.80 (r/w/o: 19246.80/0.00/0.00) lat (ms,95%): 78.60 err/s: 0.00 reconn/s: 0.00
[ 133s ] thds: 512 tps: 19186.28 qps: 19186.28 (r/w/o: 19186.28/0.00/0.00) lat (ms,95%): 75.82 err/s: 0.00 reconn/s: 0.00
[ 134s ] thds: 512 tps: 18801.35 qps: 18801.35 (r/w/o: 18801.35/0.00/0.00) lat (ms,95%): 78.60 err/s: 0.00 reconn/s: 0.00
[ 135s ] thds: 512 tps: 19161.54 qps: 19161.54 (r/w/o: 19161.54/0.00/0.00) lat (ms,95%): 77.19 err/s: 0.00 reconn/s: 0.00
[ 136s ] thds: 512 tps: 19423.51 qps: 19423.51 (r/w/o: 19423.51/0.00/0.00) lat (ms,95%): 77.19 err/s: 0.00 reconn/s: 0.00
[ 137s ] thds: 512 tps: 18746.13 qps: 18746.13 (r/w/o: 18746.13/0.00/0.00) lat (ms,95%): 77.19 err/s: 0.00 reconn/s: 0.00
[ 138s ] thds: 512 tps: 18850.88 qps: 18850.88 (r/w/o: 18850.88/0.00/0.00) lat (ms,95%): 77.19 err/s: 0.00 reconn/s: 0.00
[ 139s ] thds: 512 tps: 18964.68 qps: 18964.68 (r/w/o: 18964.68/0.00/0.00) lat (ms,95%): 77.19 err/s: 0.00 reconn/s: 0.00
[ 140s ] thds: 512 tps: 18893.56 qps: 18893.56 (r/w/o: 18893.56/0.00/0.00) lat (ms,95%): 78.60 err/s: 0.00 reconn/s: 0.00
[ 141s ] thds: 512 tps: 18952.51 qps: 18952.51 (r/w/o: 18952.51/0.00/0.00) lat (ms,95%): 78.60 err/s: 0.00 reconn/s: 0.00
[ 142s ] thds: 512 tps: 18981.76 qps: 18981.76 (r/w/o: 18981.76/0.00/0.00) lat (ms,95%): 77.19 err/s: 0.00 reconn/s: 0.00
[ 143s ] thds: 512 tps: 19164.01 qps: 19164.01 (r/w/o: 19164.01/0.00/0.00) lat (ms,95%): 78.60 err/s: 0.00 reconn/s: 0.00
[ 144s ] thds: 512 tps: 19158.66 qps: 19158.66 (r/w/o: 19158.66/0.00/0.00) lat (ms,95%): 78.60 err/s: 0.00 reconn/s: 0.00
[ 145s ] thds: 512 tps: 19181.99 qps: 19181.99 (r/w/o: 19181.99/0.00/0.00) lat (ms,95%): 78.60 err/s: 0.00 reconn/s: 0.00
[ 146s ] thds: 512 tps: 19403.76 qps: 19403.76 (r/w/o: 19403.76/0.00/0.00) lat (ms,95%): 78.60 err/s: 0.00 reconn/s: 0.00
[ 147s ] thds: 512 tps: 19006.26 qps: 19006.26 (r/w/o: 19006.26/0.00/0.00) lat (ms,95%): 78.60 err/s: 0.00 reconn/s: 0.00
[ 148s ] thds: 512 tps: 18979.69 qps: 18979.69 (r/w/o: 18979.69/0.00/0.00) lat (ms,95%): 78.60 err/s: 0.00 reconn/s: 0.00
[ 149s ] thds: 512 tps: 19209.55 qps: 19209.55 (r/w/o: 19209.55/0.00/0.00) lat (ms,95%): 78.60 err/s: 0.00 reconn/s: 0.00
[ 150s ] thds: 512 tps: 18957.39 qps: 18957.39 (r/w/o: 18957.39/0.00/0.00) lat (ms,95%): 78.60 err/s: 0.00 reconn/s: 0.00
[ 151s ] thds: 512 tps: 19105.87 qps: 19105.87 (r/w/o: 19105.87/0.00/0.00) lat (ms,95%): 78.60 err/s: 0.00 reconn/s: 0.00
[ 152s ] thds: 512 tps: 19066.18 qps: 19066.18 (r/w/o: 19066.18/0.00/0.00) lat (ms,95%): 77.19 err/s: 0.00 reconn/s: 0.00
[ 153s ] thds: 512 tps: 19327.34 qps: 19327.34 (r/w/o: 19327.34/0.00/0.00) lat (ms,95%): 77.19 err/s: 0.00 reconn/s: 0.00
[ 154s ] thds: 512 tps: 19132.12 qps: 19132.12 (r/w/o: 19132.12/0.00/0.00) lat (ms,95%): 77.19 err/s: 0.00 reconn/s: 0.00
[ 155s ] thds: 512 tps: 18970.35 qps: 18970.35 (r/w/o: 18970.35/0.00/0.00) lat (ms,95%): 78.60 err/s: 0.00 reconn/s: 0.00
[ 156s ] thds: 512 tps: 18959.70 qps: 18959.70 (r/w/o: 18959.70/0.00/0.00) lat (ms,95%): 77.19 err/s: 0.00 reconn/s: 0.00
[ 157s ] thds: 512 tps: 19233.94 qps: 19233.94 (r/w/o: 19233.94/0.00/0.00) lat (ms,95%): 77.19 err/s: 0.00 reconn/s: 0.00
[ 158s ] thds: 512 tps: 19004.01 qps: 19004.01 (r/w/o: 19004.01/0.00/0.00) lat (ms,95%): 78.60 err/s: 0.00 reconn/s: 0.00
[ 159s ] thds: 512 tps: 19247.73 qps: 19247.73 (r/w/o: 19247.73/0.00/0.00) lat (ms,95%): 78.60 err/s: 0.00 reconn/s: 0.00
[ 160s ] thds: 512 tps: 19176.42 qps: 19176.42 (r/w/o: 19176.42/0.00/0.00) lat (ms,95%): 78.60 err/s: 0.00 reconn/s: 0.00
[ 161s ] thds: 512 tps: 18856.55 qps: 18856.55 (r/w/o: 18856.55/0.00/0.00) lat (ms,95%): 77.19 err/s: 0.00 reconn/s: 0.00
[ 162s ] thds: 512 tps: 19382.81 qps: 19382.81 (r/w/o: 19382.81/0.00/0.00) lat (ms,95%): 77.19 err/s: 0.00 reconn/s: 0.00
[ 163s ] thds: 512 tps: 19009.06 qps: 19009.06 (r/w/o: 19009.06/0.00/0.00) lat (ms,95%): 78.60 err/s: 0.00 reconn/s: 0.00
[ 164s ] thds: 512 tps: 18893.77 qps: 18893.77 (r/w/o: 18893.77/0.00/0.00) lat (ms,95%): 77.19 err/s: 0.00 reconn/s: 0.00
[ 165s ] thds: 512 tps: 18877.05 qps: 18876.05 (r/w/o: 18876.05/0.00/0.00) lat (ms,95%): 78.60 err/s: 0.00 reconn/s: 0.00
[ 166s ] thds: 512 tps: 18938.27 qps: 18938.27 (r/w/o: 18938.27/0.00/0.00) lat (ms,95%): 75.82 err/s: 0.00 reconn/s: 0.00
[ 167s ] thds: 512 tps: 18999.93 qps: 19000.93 (r/w/o: 19000.93/0.00/0.00) lat (ms,95%): 77.19 err/s: 0.00 reconn/s: 0.00
[ 168s ] thds: 512 tps: 19056.63 qps: 19056.63 (r/w/o: 19056.63/0.00/0.00) lat (ms,95%): 78.60 err/s: 0.00 reconn/s: 0.00
[ 169s ] thds: 512 tps: 18997.82 qps: 18997.82 (r/w/o: 18997.82/0.00/0.00) lat (ms,95%): 77.19 err/s: 0.00 reconn/s: 0.00
[ 170s ] thds: 512 tps: 18802.11 qps: 18801.11 (r/w/o: 18801.11/0.00/0.00) lat (ms,95%): 78.60 err/s: 0.00 reconn/s: 0.00
[ 171s ] thds: 512 tps: 18773.35 qps: 18774.35 (r/w/o: 18774.35/0.00/0.00) lat (ms,95%): 77.19 err/s: 0.00 reconn/s: 0.00
[ 172s ] thds: 512 tps: 18853.93 qps: 18853.93 (r/w/o: 18853.93/0.00/0.00) lat (ms,95%): 80.03 err/s: 0.00 reconn/s: 0.00
[ 173s ] thds: 512 tps: 18854.10 qps: 18854.10 (r/w/o: 18854.10/0.00/0.00) lat (ms,95%): 78.60 err/s: 0.00 reconn/s: 0.00
[ 174s ] thds: 512 tps: 18907.18 qps: 18907.18 (r/w/o: 18907.18/0.00/0.00) lat (ms,95%): 77.19 err/s: 0.00 reconn/s: 0.00
[ 175s ] thds: 512 tps: 19072.47 qps: 19072.47 (r/w/o: 19072.47/0.00/0.00) lat (ms,95%): 77.19 err/s: 0.00 reconn/s: 0.00
[ 176s ] thds: 512 tps: 18872.13 qps: 18872.13 (r/w/o: 18872.13/0.00/0.00) lat (ms,95%): 78.60 err/s: 0.00 reconn/s: 0.00
[ 177s ] thds: 512 tps: 18878.67 qps: 18878.67 (r/w/o: 18878.67/0.00/0.00) lat (ms,95%): 78.60 err/s: 0.00 reconn/s: 0.00
[ 178s ] thds: 512 tps: 19000.09 qps: 19000.09 (r/w/o: 19000.09/0.00/0.00) lat (ms,95%): 77.19 err/s: 0.00 reconn/s: 0.00
[ 179s ] thds: 512 tps: 18654.79 qps: 18654.79 (r/w/o: 18654.79/0.00/0.00) lat (ms,95%): 78.60 err/s: 0.00 reconn/s: 0.00
[ 180s ] thds: 512 tps: 18853.50 qps: 18853.50 (r/w/o: 18853.50/0.00/0.00) lat (ms,95%): 78.60 err/s: 0.00 reconn/s: 0.00
[ 181s ] thds: 512 tps: 18791.40 qps: 18791.40 (r/w/o: 18791.40/0.00/0.00) lat (ms,95%): 78.60 err/s: 0.00 reconn/s: 0.00
[ 182s ] thds: 512 tps: 18938.02 qps: 18938.02 (r/w/o: 18938.02/0.00/0.00) lat (ms,95%): 78.60 err/s: 0.00 reconn/s: 0.00
[ 183s ] thds: 512 tps: 19137.96 qps: 19137.96 (r/w/o: 19137.96/0.00/0.00) lat (ms,95%): 77.19 err/s: 0.00 reconn/s: 0.00
[ 184s ] thds: 512 tps: 19230.65 qps: 19230.65 (r/w/o: 19230.65/0.00/0.00) lat (ms,95%): 78.60 err/s: 0.00 reconn/s: 0.00
[ 185s ] thds: 512 tps: 18889.48 qps: 18889.48 (r/w/o: 18889.48/0.00/0.00) lat (ms,95%): 77.19 err/s: 0.00 reconn/s: 0.00
[ 186s ] thds: 512 tps: 19097.17 qps: 19097.17 (r/w/o: 19097.17/0.00/0.00) lat (ms,95%): 77.19 err/s: 0.00 reconn/s: 0.00
[ 187s ] thds: 512 tps: 18936.35 qps: 18936.35 (r/w/o: 18936.35/0.00/0.00) lat (ms,95%): 78.60 err/s: 0.00 reconn/s: 0.00
[ 188s ] thds: 512 tps: 19015.19 qps: 19015.19 (r/w/o: 19015.19/0.00/0.00) lat (ms,95%): 77.19 err/s: 0.00 reconn/s: 0.00
[ 189s ] thds: 512 tps: 18951.96 qps: 18950.96 (r/w/o: 18950.96/0.00/0.00) lat (ms,95%): 77.19 err/s: 0.00 reconn/s: 0.00
[ 190s ] thds: 512 tps: 18796.85 qps: 18797.85 (r/w/o: 18797.85/0.00/0.00) lat (ms,95%): 78.60 err/s: 0.00 reconn/s: 0.00
[ 191s ] thds: 512 tps: 19339.65 qps: 19339.65 (r/w/o: 19339.65/0.00/0.00) lat (ms,95%): 77.19 err/s: 0.00 reconn/s: 0.00
[ 192s ] thds: 512 tps: 19062.40 qps: 19062.40 (r/w/o: 19062.40/0.00/0.00) lat (ms,95%): 77.19 err/s: 0.00 reconn/s: 0.00
[ 193s ] thds: 512 tps: 19171.00 qps: 19171.00 (r/w/o: 19171.00/0.00/0.00) lat (ms,95%): 78.60 err/s: 0.00 reconn/s: 0.00
[ 194s ] thds: 512 tps: 19127.83 qps: 19127.83 (r/w/o: 19127.83/0.00/0.00) lat (ms,95%): 77.19 err/s: 0.00 reconn/s: 0.00
[ 195s ] thds: 512 tps: 19215.36 qps: 19215.36 (r/w/o: 19215.36/0.00/0.00) lat (ms,95%): 78.60 err/s: 0.00 reconn/s: 0.00
[ 196s ] thds: 512 tps: 19059.60 qps: 19059.60 (r/w/o: 19059.60/0.00/0.00) lat (ms,95%): 78.60 err/s: 0.00 reconn/s: 0.00
[ 197s ] thds: 512 tps: 19200.69 qps: 19200.69 (r/w/o: 19200.69/0.00/0.00) lat (ms,95%): 78.60 err/s: 0.00 reconn/s: 0.00
[ 198s ] thds: 512 tps: 18665.66 qps: 18665.66 (r/w/o: 18665.66/0.00/0.00) lat (ms,95%): 78.60 err/s: 0.00 reconn/s: 0.00
[ 199s ] thds: 512 tps: 18898.05 qps: 18898.05 (r/w/o: 18898.05/0.00/0.00) lat (ms,95%): 77.19 err/s: 0.00 reconn/s: 0.00
[ 200s ] thds: 512 tps: 18807.16 qps: 18807.16 (r/w/o: 18807.16/0.00/0.00) lat (ms,95%): 77.19 err/s: 0.00 reconn/s: 0.00
[ 201s ] thds: 512 tps: 18718.87 qps: 18718.87 (r/w/o: 18718.87/0.00/0.00) lat (ms,95%): 78.60 err/s: 0.00 reconn/s: 0.00
[ 202s ] thds: 512 tps: 18751.61 qps: 18751.61 (r/w/o: 18751.61/0.00/0.00) lat (ms,95%): 78.60 err/s: 0.00 reconn/s: 0.00
[ 203s ] thds: 512 tps: 19034.88 qps: 19034.88 (r/w/o: 19034.88/0.00/0.00) lat (ms,95%): 78.60 err/s: 0.00 reconn/s: 0.00
[ 204s ] thds: 512 tps: 18808.78 qps: 18808.78 (r/w/o: 18808.78/0.00/0.00) lat (ms,95%): 78.60 err/s: 0.00 reconn/s: 0.00
[ 205s ] thds: 512 tps: 18962.86 qps: 18962.86 (r/w/o: 18962.86/0.00/0.00) lat (ms,95%): 77.19 err/s: 0.00 reconn/s: 0.00
[ 206s ] thds: 512 tps: 19159.29 qps: 19159.29 (r/w/o: 19159.29/0.00/0.00) lat (ms,95%): 77.19 err/s: 0.00 reconn/s: 0.00
[ 207s ] thds: 512 tps: 18810.46 qps: 18810.46 (r/w/o: 18810.46/0.00/0.00) lat (ms,95%): 80.03 err/s: 0.00 reconn/s: 0.00
[ 208s ] thds: 512 tps: 18931.40 qps: 18931.40 (r/w/o: 18931.40/0.00/0.00) lat (ms,95%): 78.60 err/s: 0.00 reconn/s: 0.00
[ 209s ] thds: 512 tps: 18999.03 qps: 18999.03 (r/w/o: 18999.03/0.00/0.00) lat (ms,95%): 77.19 err/s: 0.00 reconn/s: 0.00
[ 210s ] thds: 512 tps: 18772.70 qps: 18772.70 (r/w/o: 18772.70/0.00/0.00) lat (ms,95%): 78.60 err/s: 0.00 reconn/s: 0.00
[ 211s ] thds: 512 tps: 18925.23 qps: 18925.23 (r/w/o: 18925.23/0.00/0.00) lat (ms,95%): 77.19 err/s: 0.00 reconn/s: 0.00
[ 212s ] thds: 512 tps: 19030.31 qps: 19030.31 (r/w/o: 19030.31/0.00/0.00) lat (ms,95%): 77.19 err/s: 0.00 reconn/s: 0.00
[ 213s ] thds: 512 tps: 19249.73 qps: 19249.73 (r/w/o: 19249.73/0.00/0.00) lat (ms,95%): 77.19 err/s: 0.00 reconn/s: 0.00
[ 214s ] thds: 512 tps: 19211.41 qps: 19211.41 (r/w/o: 19211.41/0.00/0.00) lat (ms,95%): 77.19 err/s: 0.00 reconn/s: 0.00
[ 215s ] thds: 512 tps: 19175.57 qps: 19175.57 (r/w/o: 19175.57/0.00/0.00) lat (ms,95%): 77.19 err/s: 0.00 reconn/s: 0.00
[ 216s ] thds: 512 tps: 18956.79 qps: 18956.79 (r/w/o: 18956.79/0.00/0.00) lat (ms,95%): 78.60 err/s: 0.00 reconn/s: 0.00
[ 217s ] thds: 512 tps: 19251.91 qps: 19251.91 (r/w/o: 19251.91/0.00/0.00) lat (ms,95%): 78.60 err/s: 0.00 reconn/s: 0.00
[ 218s ] thds: 512 tps: 19167.66 qps: 19167.66 (r/w/o: 19167.66/0.00/0.00) lat (ms,95%): 77.19 err/s: 0.00 reconn/s: 0.00
[ 219s ] thds: 512 tps: 18982.89 qps: 18982.89 (r/w/o: 18982.89/0.00/0.00) lat (ms,95%): 77.19 err/s: 0.00 reconn/s: 0.00
[ 220s ] thds: 512 tps: 19061.38 qps: 19061.38 (r/w/o: 19061.38/0.00/0.00) lat (ms,95%): 78.60 err/s: 0.00 reconn/s: 0.00
[ 221s ] thds: 512 tps: 18755.64 qps: 18755.64 (r/w/o: 18755.64/0.00/0.00) lat (ms,95%): 77.19 err/s: 0.00 reconn/s: 0.00
[ 222s ] thds: 512 tps: 18632.53 qps: 18632.53 (r/w/o: 18632.53/0.00/0.00) lat (ms,95%): 78.60 err/s: 0.00 reconn/s: 0.00
[ 223s ] thds: 512 tps: 19254.61 qps: 19254.61 (r/w/o: 19254.61/0.00/0.00) lat (ms,95%): 77.19 err/s: 0.00 reconn/s: 0.00
[ 224s ] thds: 512 tps: 19167.14 qps: 19167.14 (r/w/o: 19167.14/0.00/0.00) lat (ms,95%): 77.19 err/s: 0.00 reconn/s: 0.00
[ 225s ] thds: 512 tps: 19022.14 qps: 19022.14 (r/w/o: 19022.14/0.00/0.00) lat (ms,95%): 77.19 err/s: 0.00 reconn/s: 0.00
[ 226s ] thds: 512 tps: 18933.77 qps: 18933.77 (r/w/o: 18933.77/0.00/0.00) lat (ms,95%): 78.60 err/s: 0.00 reconn/s: 0.00
[ 227s ] thds: 512 tps: 18981.95 qps: 18981.95 (r/w/o: 18981.95/0.00/0.00) lat (ms,95%): 78.60 err/s: 0.00 reconn/s: 0.00
[ 228s ] thds: 512 tps: 18674.00 qps: 18674.00 (r/w/o: 18674.00/0.00/0.00) lat (ms,95%): 78.60 err/s: 0.00 reconn/s: 0.00
[ 229s ] thds: 512 tps: 19040.33 qps: 19040.33 (r/w/o: 19040.33/0.00/0.00) lat (ms,95%): 78.60 err/s: 0.00 reconn/s: 0.00
[ 230s ] thds: 512 tps: 19109.77 qps: 19109.77 (r/w/o: 19109.77/0.00/0.00) lat (ms,95%): 78.60 err/s: 0.00 reconn/s: 0.00
[ 231s ] thds: 512 tps: 18845.88 qps: 18845.88 (r/w/o: 18845.88/0.00/0.00) lat (ms,95%): 78.60 err/s: 0.00 reconn/s: 0.00
[ 232s ] thds: 512 tps: 18770.97 qps: 18770.97 (r/w/o: 18770.97/0.00/0.00) lat (ms,95%): 78.60 err/s: 0.00 reconn/s: 0.00
[ 233s ] thds: 512 tps: 18812.27 qps: 18812.27 (r/w/o: 18812.27/0.00/0.00) lat (ms,95%): 78.60 err/s: 0.00 reconn/s: 0.00
[ 234s ] thds: 512 tps: 19095.71 qps: 19095.71 (r/w/o: 19095.71/0.00/0.00) lat (ms,95%): 77.19 err/s: 0.00 reconn/s: 0.00
[ 235s ] thds: 512 tps: 18959.02 qps: 18959.02 (r/w/o: 18959.02/0.00/0.00) lat (ms,95%): 77.19 err/s: 0.00 reconn/s: 0.00
[ 236s ] thds: 512 tps: 18777.29 qps: 18777.29 (r/w/o: 18777.29/0.00/0.00) lat (ms,95%): 77.19 err/s: 0.00 reconn/s: 0.00
[ 237s ] thds: 512 tps: 18853.38 qps: 18853.38 (r/w/o: 18853.38/0.00/0.00) lat (ms,95%): 78.60 err/s: 0.00 reconn/s: 0.00
[ 238s ] thds: 512 tps: 19396.23 qps: 19396.23 (r/w/o: 19396.23/0.00/0.00) lat (ms,95%): 78.60 err/s: 0.00 reconn/s: 0.00
[ 239s ] thds: 512 tps: 19053.78 qps: 19053.78 (r/w/o: 19053.78/0.00/0.00) lat (ms,95%): 77.19 err/s: 0.00 reconn/s: 0.00
[ 240s ] thds: 511 tps: 19292.25 qps: 19292.25 (r/w/o: 19292.25/0.00/0.00) lat (ms,95%): 77.19 err/s: 0.00 reconn/s: 0.00
Latency histogram (values are in milliseconds)
       value  ------------- distribution ------------- count
       0.499 |                                         4
       0.508 |                                         10
       0.517 |                                         10
       0.527 |                                         37
       0.536 |                                         39
       0.546 |                                         68
       0.556 |                                         85
       0.566 |                                         94
       0.576 |                                         121
       0.587 |                                         150
       0.597 |                                         173
       0.608 |                                         182
       0.619 |                                         228
       0.630 |                                         237
       0.642 |                                         297
       0.654 |                                         270
       0.665 |                                         305
       0.677 |                                         305
       0.690 |                                         326
       0.702 |                                         332
       0.715 |                                         338
       0.728 |                                         362
       0.741 |                                         388
       0.755 |                                         361
       0.768 |                                         331
       0.782 |                                         382
       0.797 |                                         341
       0.811 |                                         357
       0.826 |                                         303
       0.841 |                                         338
       0.856 |                                         300
       0.872 |                                         320
       0.888 |                                         303
       0.904 |                                         285
       0.920 |                                         275
       0.937 |                                         250
       0.954 |                                         244
       0.971 |                                         265
       0.989 |                                         324
       1.007 |                                         326
       1.025 |                                         414
       1.044 |                                         556
       1.063 |                                         671
       1.082 |                                         761
       1.102 |                                         942
       1.122 |                                         1073
       1.142 |                                         1186
       1.163 |*                                        1502
       1.184 |*                                        1732
       1.205 |*                                        2355
       1.227 |*                                        2984
       1.250 |*                                        3937
       1.272 |**                                       4877
       1.295 |**                                       5831
       1.319 |**                                       6740
       1.343 |**                                       7430
       1.367 |***                                      7829
       1.392 |***                                      8269
       1.417 |***                                      8492
       1.443 |***                                      8409
       1.469 |***                                      8207
       1.496 |***                                      8018
       1.523 |***                                      7809
       1.551 |***                                      7580
       1.579 |**                                       7297
       1.608 |**                                       7205
       1.637 |***                                      7585
       1.667 |***                                      8420
       1.697 |***                                      10031
       1.728 |****                                     12407
       1.759 |*****                                    15185
       1.791 |******                                   18197
       1.824 |*******                                  21132
       1.857 |********                                 23405
       1.891 |*********                                25418
       1.925 |*********                                27034
       1.960 |*********                                28199
       1.996 |**********                               29228
       2.032 |**********                               29429
       2.069 |**********                               29466
       2.106 |**********                               28591
       2.145 |*********                                28078
       2.184 |**********                               28809
       2.223 |**********                               30154
       2.264 |***********                              31480
       2.305 |***********                              32875
       2.347 |***********                              33805
       2.389 |************                             35981
       2.433 |*************                            40013
       2.477 |****************                         46651
       2.522 |*******************                      56194
       2.568 |**********************                   65233
       2.615 |************************                 71520
       2.662 |*************************                75406
       2.710 |**************************               77093
       2.760 |**************************               78324
       2.810 |***************************              81603
       2.861 |*****************************            87266
       2.913 |********************************         96273
       2.966 |***********************************      105452
       3.020 |**************************************   114578
       3.075 |**************************************** 119304
       3.130 |***************************************  117103
       3.187 |*************************************    109914
       3.245 |*********************************        99892
       3.304 |******************************           88739
       3.364 |**************************               78841
       3.425 |************************                 72838
       3.488 |***********************                  67764
       3.551 |*********************                    61219
       3.615 |******************                       54022
       3.681 |****************                         46261
       3.748 |*************                            39480
       3.816 |***********                              32580
       3.885 |*********                                27443
       3.956 |********                                 23078
       4.028 |*******                                  19398
       4.101 |*****                                    16229
       4.176 |*****                                    13919
       4.252 |****                                     11836
       4.329 |***                                      9983
       4.407 |***                                      8360
       4.487 |**                                       7154
       4.569 |**                                       5846
       4.652 |**                                       4937
       4.737 |*                                        4259
       4.823 |*                                        3586
       4.910 |*                                        3250
       4.999 |*                                        2692
       5.090 |*                                        2267
       5.183 |*                                        1825
       5.277 |*                                        1618
       5.373 |                                         1299
       5.470 |                                         1100
       5.570 |                                         923
       5.671 |                                         825
       5.774 |                                         693
       5.879 |                                         585
       5.986 |                                         545
       6.095 |                                         417
       6.205 |                                         366
       6.318 |                                         311
       6.433 |                                         221
       6.550 |                                         221
       6.669 |                                         235
       6.790 |                                         182
       6.913 |                                         164
       7.039 |                                         146
       7.167 |                                         136
       7.297 |                                         94
       7.430 |                                         93
       7.565 |                                         61
       7.702 |                                         61
       7.842 |                                         59
       7.985 |                                         51
       8.130 |                                         30
       8.277 |                                         28
       8.428 |                                         18
       8.581 |                                         29
       8.737 |                                         21
       8.895 |                                         8
       9.057 |                                         9
       9.222 |                                         21
       9.389 |                                         14
       9.560 |                                         5
       9.734 |                                         6
       9.910 |                                         6
      10.090 |                                         4
      10.274 |                                         4
      10.460 |                                         5
      10.651 |                                         5
      10.844 |                                         5
      11.041 |                                         2
      11.242 |                                         2
      11.446 |                                         2
      11.866 |                                         4
      12.081 |                                         1
      12.524 |                                         1
      13.460 |                                         4
      13.953 |                                         1
      14.207 |                                         1
      14.465 |                                         3
      14.995 |                                         1
      15.268 |                                         1
      17.319 |                                         1
      17.633 |                                         2
      20.002 |                                         1
      21.112 |                                         2
      22.284 |                                         1
      23.101 |                                         1
      27.165 |                                         1
      29.194 |                                         1
      29.725 |                                         1
      30.265 |                                         1
      30.815 |                                         6
      31.375 |                                         15
      31.945 |                                         27
      32.525 |                                         42
      33.116 |                                         85
      33.718 |                                         125
      34.330 |                                         216
      34.954 |                                         277
      35.589 |                                         332
      36.236 |                                         422
      36.894 |                                         571
      37.565 |                                         677
      38.247 |                                         928
      38.942 |                                         1145
      39.650 |                                         1406
      40.370 |*                                        1903
      41.104 |*                                        2359
      41.851 |*                                        3016
      42.611 |*                                        3800
      43.385 |**                                       4704
      44.173 |**                                       5702
      44.976 |**                                       6928
      45.793 |***                                      8189
      46.625 |***                                      9663
      47.472 |****                                     11713
      48.335 |*****                                    13830
      49.213 |******                                   16429
      50.107 |*******                                  19514
      51.018 |********                                 22660
      51.945 |*********                                26237
      52.889 |**********                               29991
      53.850 |************                             34395
      54.828 |*************                            39069
      55.824 |***************                          43912
      56.839 |*****************                        49282
      57.871 |******************                       54118
      58.923 |********************                     59557
      59.993 |**********************                   64424
      61.083 |************************                 70092
      62.193 |*************************                73851
      63.323 |**************************               78326
      64.474 |***************************              80437
      65.645 |***************************              81760
      66.838 |***************************              80886
      68.053 |**************************               78758
      69.289 |*************************                75372
      70.548 |************************                 70910
      71.830 |**********************                   66514
      73.135 |*********************                    62055
      74.464 |*******************                      55908
      75.817 |*****************                        50332
      77.194 |***************                          45328
      78.597 |*************                            40165
      80.025 |************                             35232
      81.479 |**********                               30933
      82.959 |*********                                26461
      84.467 |*******                                  22355
      86.002 |******                                   18537
      87.564 |*****                                    14868
      89.155 |****                                     11439
      90.775 |***                                      8516
      92.424 |**                                       5943
      94.104 |*                                        3879
      95.814 |*                                        2370
      97.555 |                                         1391
      99.327 |                                         645
     101.132 |                                         267
     102.969 |                                         150
     104.840 |                                         144
     106.745 |                                         180
     108.685 |                                         244
     110.659 |                                         252
     112.670 |                                         292
     114.717 |                                         332
     116.802 |                                         375
     118.924 |                                         376
     121.085 |                                         394
     123.285 |                                         408
     125.525 |                                         448
     127.805 |                                         415
     130.128 |                                         408
     132.492 |                                         375
     134.899 |                                         355
     137.350 |                                         300
     139.846 |                                         244
     142.387 |                                         210
     144.974 |                                         181
     147.608 |                                         155
     150.290 |                                         124
     153.021 |                                         77
     155.801 |                                         52
     158.632 |                                         40
     161.514 |                                         18
     164.449 |                                         14
     167.437 |                                         9
     170.479 |                                         4
 
SQL statistics:
    queries performed:
        read:                            4564751
        write:                           0
        other:                           0
        total:                           4564751
    transactions:                        4564751 (19009.62 per sec.)
    queries:                             4564751 (19009.62 per sec.)
    ignored errors:                      0      (0.00 per sec.)
    reconnects:                          0      (0.00 per sec.)

Throughput:
    events/s (eps):                      19009.6163
    time elapsed:                        240.1373s
    total number of events:              4564751

Latency (ms):
         min:                                    0.50
         avg:                                   26.92
         max:                                  171.13
         95th percentile:                       78.60
         sum:                            122903022.16

Threads fairness:
    events (avg/stddev):           8915.4844/187.44
    execution time (avg/stddev):   240.0450/0.03

