sysbench 1.1.0-3ceba0b (using bundled LuaJIT 2.1.0-beta3)

Running the test with following options:
Number of threads: 16
Warmup time: 60s
Report intermediate results every 1 second(s)
Initializing random number generator from current time


Initializing worker threads...

Threads started!

Warming up for 60 seconds...

[ 1s ] thds: 16 tps: 1779.21 qps: 1779.21 (r/w/o: 0.00/1741.38/37.83) lat (ms,95%): 15.27 err/s: 0.00 reconn/s: 0.00
[ 2s ] thds: 16 tps: 1607.92 qps: 1607.92 (r/w/o: 0.00/1563.93/44.00) lat (ms,95%): 15.27 err/s: 0.00 reconn/s: 0.00
[ 3s ] thds: 16 tps: 1600.11 qps: 1600.11 (r/w/o: 0.00/1563.11/37.00) lat (ms,95%): 15.27 err/s: 0.00 reconn/s: 0.00
[ 4s ] thds: 16 tps: 1595.02 qps: 1595.02 (r/w/o: 0.00/1546.02/49.00) lat (ms,95%): 15.27 err/s: 0.00 reconn/s: 0.00
[ 5s ] thds: 16 tps: 1562.65 qps: 1562.65 (r/w/o: 0.00/1533.64/29.01) lat (ms,95%): 16.41 err/s: 0.00 reconn/s: 0.00
[ 6s ] thds: 16 tps: 1526.20 qps: 1526.20 (r/w/o: 0.00/1499.22/26.99) lat (ms,95%): 16.41 err/s: 0.00 reconn/s: 0.00
[ 7s ] thds: 16 tps: 1533.20 qps: 1533.20 (r/w/o: 0.00/1496.19/37.00) lat (ms,95%): 16.12 err/s: 0.00 reconn/s: 0.00
[ 8s ] thds: 16 tps: 1522.00 qps: 1522.00 (r/w/o: 0.00/1485.00/37.00) lat (ms,95%): 15.83 err/s: 0.00 reconn/s: 0.00
[ 9s ] thds: 16 tps: 1557.73 qps: 1557.73 (r/w/o: 0.00/1521.73/35.99) lat (ms,95%): 15.55 err/s: 0.00 reconn/s: 0.00
[ 10s ] thds: 16 tps: 1579.09 qps: 1579.09 (r/w/o: 0.00/1541.09/38.00) lat (ms,95%): 15.27 err/s: 0.00 reconn/s: 0.00
[ 11s ] thds: 16 tps: 1591.72 qps: 1591.72 (r/w/o: 0.00/1554.73/36.99) lat (ms,95%): 15.27 err/s: 0.00 reconn/s: 0.00
[ 12s ] thds: 16 tps: 1589.35 qps: 1589.35 (r/w/o: 0.00/1555.34/34.01) lat (ms,95%): 15.83 err/s: 0.00 reconn/s: 0.00
[ 13s ] thds: 16 tps: 1574.06 qps: 1574.06 (r/w/o: 0.00/1545.06/29.00) lat (ms,95%): 15.83 err/s: 0.00 reconn/s: 0.00
[ 14s ] thds: 16 tps: 1575.72 qps: 1575.72 (r/w/o: 0.00/1538.73/36.99) lat (ms,95%): 15.83 err/s: 0.00 reconn/s: 0.00
[ 15s ] thds: 16 tps: 1577.90 qps: 1577.90 (r/w/o: 0.00/1536.88/41.02) lat (ms,95%): 15.83 err/s: 0.00 reconn/s: 0.00
[ 16s ] thds: 16 tps: 1589.21 qps: 1589.21 (r/w/o: 0.00/1555.23/33.98) lat (ms,95%): 15.27 err/s: 0.00 reconn/s: 0.00
[ 17s ] thds: 16 tps: 1611.80 qps: 1611.80 (r/w/o: 0.00/1576.78/35.02) lat (ms,95%): 15.27 err/s: 0.00 reconn/s: 0.00
[ 18s ] thds: 16 tps: 1606.34 qps: 1606.34 (r/w/o: 0.00/1570.35/35.99) lat (ms,95%): 15.27 err/s: 0.00 reconn/s: 0.00
[ 19s ] thds: 16 tps: 1596.66 qps: 1596.66 (r/w/o: 0.00/1563.64/33.01) lat (ms,95%): 15.55 err/s: 0.00 reconn/s: 0.00
[ 20s ] thds: 16 tps: 1561.95 qps: 1561.95 (r/w/o: 0.00/1539.95/22.00) lat (ms,95%): 16.12 err/s: 0.00 reconn/s: 0.00
[ 21s ] thds: 16 tps: 1521.01 qps: 1521.01 (r/w/o: 0.00/1493.01/28.00) lat (ms,95%): 16.12 err/s: 0.00 reconn/s: 0.00
[ 22s ] thds: 16 tps: 1521.05 qps: 1521.05 (r/w/o: 0.00/1492.05/29.00) lat (ms,95%): 16.12 err/s: 0.00 reconn/s: 0.00
[ 23s ] thds: 16 tps: 1520.68 qps: 1520.68 (r/w/o: 0.00/1484.71/35.97) lat (ms,95%): 15.83 err/s: 0.00 reconn/s: 0.00
[ 24s ] thds: 16 tps: 1544.31 qps: 1544.31 (r/w/o: 0.00/1512.28/32.03) lat (ms,95%): 15.55 err/s: 0.00 reconn/s: 0.00
[ 25s ] thds: 16 tps: 1567.50 qps: 1567.50 (r/w/o: 0.00/1532.51/34.99) lat (ms,95%): 15.27 err/s: 0.00 reconn/s: 0.00
[ 26s ] thds: 16 tps: 1580.52 qps: 1580.52 (r/w/o: 0.00/1550.51/30.01) lat (ms,95%): 15.27 err/s: 0.00 reconn/s: 0.00
[ 27s ] thds: 16 tps: 1589.43 qps: 1589.43 (r/w/o: 0.00/1546.45/42.98) lat (ms,95%): 15.83 err/s: 0.00 reconn/s: 0.00
[ 28s ] thds: 16 tps: 1566.19 qps: 1566.19 (r/w/o: 0.00/1536.21/29.98) lat (ms,95%): 16.12 err/s: 0.00 reconn/s: 0.00
[ 29s ] thds: 16 tps: 1570.56 qps: 1570.56 (r/w/o: 0.00/1527.55/43.02) lat (ms,95%): 15.83 err/s: 0.00 reconn/s: 0.00
[ 30s ] thds: 16 tps: 1556.82 qps: 1556.82 (r/w/o: 0.00/1526.83/30.00) lat (ms,95%): 16.12 err/s: 0.00 reconn/s: 0.00
[ 31s ] thds: 16 tps: 1588.04 qps: 1588.04 (r/w/o: 0.00/1557.02/31.02) lat (ms,95%): 15.27 err/s: 0.00 reconn/s: 0.00
[ 32s ] thds: 16 tps: 1603.86 qps: 1603.86 (r/w/o: 0.00/1563.87/40.00) lat (ms,95%): 15.00 err/s: 0.00 reconn/s: 0.00
[ 33s ] thds: 16 tps: 1606.29 qps: 1606.29 (r/w/o: 0.00/1577.30/28.99) lat (ms,95%): 15.00 err/s: 0.00 reconn/s: 0.00
[ 34s ] thds: 16 tps: 1591.04 qps: 1591.04 (r/w/o: 0.00/1563.04/28.00) lat (ms,95%): 15.27 err/s: 0.00 reconn/s: 0.00
[ 35s ] thds: 16 tps: 1564.90 qps: 1564.90 (r/w/o: 0.00/1524.90/40.00) lat (ms,95%): 16.12 err/s: 0.00 reconn/s: 0.00
[ 36s ] thds: 16 tps: 1533.14 qps: 1533.14 (r/w/o: 0.00/1496.14/37.00) lat (ms,95%): 16.12 err/s: 0.00 reconn/s: 0.00
[ 37s ] thds: 16 tps: 1521.32 qps: 1521.32 (r/w/o: 0.00/1492.31/29.01) lat (ms,95%): 16.12 err/s: 0.00 reconn/s: 0.00
[ 38s ] thds: 16 tps: 1517.50 qps: 1517.50 (r/w/o: 0.00/1493.49/24.01) lat (ms,95%): 15.83 err/s: 0.00 reconn/s: 0.00
[ 39s ] thds: 16 tps: 1553.79 qps: 1553.79 (r/w/o: 0.00/1520.80/33.00) lat (ms,95%): 15.00 err/s: 0.00 reconn/s: 0.00
[ 40s ] thds: 16 tps: 1569.88 qps: 1569.88 (r/w/o: 0.00/1537.91/31.98) lat (ms,95%): 14.73 err/s: 0.00 reconn/s: 0.00
[ 41s ] thds: 16 tps: 1587.81 qps: 1587.81 (r/w/o: 0.00/1559.81/28.00) lat (ms,95%): 15.00 err/s: 0.00 reconn/s: 0.00
[ 42s ] thds: 16 tps: 1588.37 qps: 1588.37 (r/w/o: 0.00/1547.34/41.04) lat (ms,95%): 16.12 err/s: 0.00 reconn/s: 0.00
[ 43s ] thds: 16 tps: 1565.07 qps: 1565.07 (r/w/o: 0.00/1527.09/37.98) lat (ms,95%): 16.41 err/s: 0.00 reconn/s: 0.00
[ 44s ] thds: 16 tps: 1560.04 qps: 1560.04 (r/w/o: 0.00/1530.03/30.00) lat (ms,95%): 16.41 err/s: 0.00 reconn/s: 0.00
[ 45s ] thds: 16 tps: 1555.68 qps: 1555.68 (r/w/o: 0.00/1530.67/25.01) lat (ms,95%): 16.41 err/s: 0.00 reconn/s: 0.00
[ 46s ] thds: 16 tps: 1587.50 qps: 1587.50 (r/w/o: 0.00/1550.51/36.99) lat (ms,95%): 15.27 err/s: 0.00 reconn/s: 0.00
[ 47s ] thds: 16 tps: 1604.07 qps: 1604.07 (r/w/o: 0.00/1564.07/40.00) lat (ms,95%): 15.00 err/s: 0.00 reconn/s: 0.00
[ 48s ] thds: 16 tps: 1603.36 qps: 1603.36 (r/w/o: 0.00/1571.36/32.01) lat (ms,95%): 15.27 err/s: 0.00 reconn/s: 0.00
[ 49s ] thds: 16 tps: 1590.18 qps: 1590.18 (r/w/o: 0.00/1556.17/34.00) lat (ms,95%): 15.27 err/s: 0.00 reconn/s: 0.00
[ 50s ] thds: 16 tps: 1563.87 qps: 1563.87 (r/w/o: 0.00/1523.90/39.97) lat (ms,95%): 16.12 err/s: 0.00 reconn/s: 0.00
[ 51s ] thds: 16 tps: 1535.98 qps: 1535.98 (r/w/o: 0.00/1501.98/34.00) lat (ms,95%): 16.12 err/s: 0.00 reconn/s: 0.00
[ 52s ] thds: 16 tps: 1530.93 qps: 1530.93 (r/w/o: 0.00/1502.91/28.02) lat (ms,95%): 16.12 err/s: 0.00 reconn/s: 0.00
[ 53s ] thds: 16 tps: 1536.47 qps: 1536.47 (r/w/o: 0.00/1498.48/37.99) lat (ms,95%): 15.83 err/s: 0.00 reconn/s: 0.00
[ 54s ] thds: 16 tps: 1557.47 qps: 1557.47 (r/w/o: 0.00/1520.48/36.99) lat (ms,95%): 15.00 err/s: 0.00 reconn/s: 0.00
[ 55s ] thds: 16 tps: 1584.11 qps: 1584.11 (r/w/o: 0.00/1545.11/39.00) lat (ms,95%): 15.00 err/s: 0.00 reconn/s: 0.00
[ 56s ] thds: 16 tps: 1595.04 qps: 1595.04 (r/w/o: 0.00/1553.01/42.03) lat (ms,95%): 15.00 err/s: 0.00 reconn/s: 0.00
[ 57s ] thds: 16 tps: 1587.49 qps: 1587.49 (r/w/o: 0.00/1556.50/30.99) lat (ms,95%): 15.55 err/s: 0.00 reconn/s: 0.00
[ 58s ] thds: 16 tps: 1588.03 qps: 1588.03 (r/w/o: 0.00/1556.01/32.02) lat (ms,95%): 15.83 err/s: 0.00 reconn/s: 0.00
[ 59s ] thds: 16 tps: 1583.92 qps: 1583.92 (r/w/o: 0.00/1541.92/42.00) lat (ms,95%): 15.83 err/s: 0.00 reconn/s: 0.00
[ 60s ] thds: 16 tps: 1579.87 qps: 1579.87 (r/w/o: 0.00/1545.88/34.00) lat (ms,95%): 15.83 err/s: 0.00 reconn/s: 0.00
[ 61s ] thds: 16 tps: 1605.98 qps: 1605.98 (r/w/o: 0.00/1564.01/41.97) lat (ms,95%): 15.00 err/s: 0.00 reconn/s: 0.00
[ 62s ] thds: 16 tps: 1611.20 qps: 1611.20 (r/w/o: 0.00/1578.20/33.00) lat (ms,95%): 15.00 err/s: 0.00 reconn/s: 0.00
[ 63s ] thds: 16 tps: 1613.66 qps: 1613.66 (r/w/o: 0.00/1577.65/36.01) lat (ms,95%): 14.73 err/s: 0.00 reconn/s: 0.00
[ 64s ] thds: 16 tps: 1596.20 qps: 1596.20 (r/w/o: 0.00/1560.19/36.00) lat (ms,95%): 15.00 err/s: 0.00 reconn/s: 0.00
[ 65s ] thds: 16 tps: 1553.90 qps: 1553.90 (r/w/o: 0.00/1530.90/23.00) lat (ms,95%): 16.12 err/s: 0.00 reconn/s: 0.00
[ 66s ] thds: 16 tps: 1532.86 qps: 1532.86 (r/w/o: 0.00/1495.86/37.00) lat (ms,95%): 16.12 err/s: 0.00 reconn/s: 0.00
[ 67s ] thds: 16 tps: 1526.85 qps: 1526.85 (r/w/o: 0.00/1493.86/33.00) lat (ms,95%): 16.12 err/s: 0.00 reconn/s: 0.00
[ 68s ] thds: 16 tps: 1525.43 qps: 1525.43 (r/w/o: 0.00/1490.44/34.99) lat (ms,95%): 15.83 err/s: 0.00 reconn/s: 0.00
[ 69s ] thds: 16 tps: 1560.74 qps: 1560.74 (r/w/o: 0.00/1525.73/35.02) lat (ms,95%): 15.55 err/s: 0.00 reconn/s: 0.00
[ 70s ] thds: 16 tps: 1572.00 qps: 1572.00 (r/w/o: 0.00/1542.00/30.00) lat (ms,95%): 15.27 err/s: 0.00 reconn/s: 0.00
[ 71s ] thds: 16 tps: 1587.28 qps: 1587.28 (r/w/o: 0.00/1556.29/30.99) lat (ms,95%): 15.27 err/s: 0.00 reconn/s: 0.00
[ 72s ] thds: 16 tps: 1590.76 qps: 1590.76 (r/w/o: 0.00/1552.76/37.99) lat (ms,95%): 15.83 err/s: 0.00 reconn/s: 0.00
[ 73s ] thds: 16 tps: 1561.92 qps: 1561.92 (r/w/o: 0.00/1531.90/30.02) lat (ms,95%): 16.12 err/s: 0.00 reconn/s: 0.00
[ 74s ] thds: 16 tps: 1558.88 qps: 1558.88 (r/w/o: 0.00/1530.90/27.98) lat (ms,95%): 16.12 err/s: 0.00 reconn/s: 0.00
[ 75s ] thds: 16 tps: 1566.20 qps: 1566.20 (r/w/o: 0.00/1536.18/30.02) lat (ms,95%): 16.12 err/s: 0.00 reconn/s: 0.00
[ 76s ] thds: 16 tps: 1592.31 qps: 1592.31 (r/w/o: 0.00/1563.30/29.01) lat (ms,95%): 15.27 err/s: 0.00 reconn/s: 0.00
[ 77s ] thds: 16 tps: 1599.00 qps: 1599.00 (r/w/o: 0.00/1578.01/20.99) lat (ms,95%): 15.00 err/s: 0.00 reconn/s: 0.00
[ 78s ] thds: 16 tps: 1606.57 qps: 1606.57 (r/w/o: 0.00/1577.56/29.01) lat (ms,95%): 15.00 err/s: 0.00 reconn/s: 0.00
[ 79s ] thds: 16 tps: 1601.12 qps: 1601.12 (r/w/o: 0.00/1557.12/44.00) lat (ms,95%): 15.27 err/s: 0.00 reconn/s: 0.00
[ 80s ] thds: 16 tps: 1569.16 qps: 1569.16 (r/w/o: 0.00/1541.15/28.00) lat (ms,95%): 15.83 err/s: 0.00 reconn/s: 0.00
[ 81s ] thds: 16 tps: 1531.80 qps: 1531.80 (r/w/o: 0.00/1495.81/36.00) lat (ms,95%): 15.83 err/s: 0.00 reconn/s: 0.00
[ 82s ] thds: 16 tps: 1535.10 qps: 1535.10 (r/w/o: 0.00/1500.09/35.00) lat (ms,95%): 16.12 err/s: 0.00 reconn/s: 0.00
[ 83s ] thds: 16 tps: 1524.11 qps: 1524.11 (r/w/o: 0.00/1491.13/32.98) lat (ms,95%): 15.83 err/s: 0.00 reconn/s: 0.00
[ 84s ] thds: 16 tps: 1552.60 qps: 1552.60 (r/w/o: 0.00/1517.59/35.01) lat (ms,95%): 15.55 err/s: 0.00 reconn/s: 0.00
[ 85s ] thds: 16 tps: 1574.25 qps: 1574.25 (r/w/o: 0.00/1538.24/36.01) lat (ms,95%): 15.55 err/s: 0.00 reconn/s: 0.00
[ 86s ] thds: 16 tps: 1577.99 qps: 1577.99 (r/w/o: 0.00/1552.01/25.98) lat (ms,95%): 15.55 err/s: 0.00 reconn/s: 0.00
[ 87s ] thds: 16 tps: 1587.06 qps: 1587.06 (r/w/o: 0.00/1544.03/43.03) lat (ms,95%): 16.12 err/s: 0.00 reconn/s: 0.00
[ 88s ] thds: 16 tps: 1558.72 qps: 1558.72 (r/w/o: 0.00/1526.72/31.99) lat (ms,95%): 16.12 err/s: 0.00 reconn/s: 0.00
[ 89s ] thds: 16 tps: 1562.91 qps: 1562.91 (r/w/o: 0.00/1527.91/35.00) lat (ms,95%): 16.12 err/s: 0.00 reconn/s: 0.00
[ 90s ] thds: 16 tps: 1566.21 qps: 1566.21 (r/w/o: 0.00/1528.20/38.00) lat (ms,95%): 16.12 err/s: 0.00 reconn/s: 0.00
[ 91s ] thds: 16 tps: 1586.24 qps: 1586.24 (r/w/o: 0.00/1554.23/32.00) lat (ms,95%): 15.27 err/s: 0.00 reconn/s: 0.00
[ 92s ] thds: 16 tps: 1597.65 qps: 1597.65 (r/w/o: 0.00/1566.66/30.99) lat (ms,95%): 15.00 err/s: 0.00 reconn/s: 0.00
[ 93s ] thds: 16 tps: 1604.99 qps: 1604.99 (r/w/o: 0.00/1565.02/39.97) lat (ms,95%): 15.27 err/s: 0.00 reconn/s: 0.00
[ 94s ] thds: 16 tps: 1590.40 qps: 1590.40 (r/w/o: 0.00/1553.37/37.03) lat (ms,95%): 15.27 err/s: 0.00 reconn/s: 0.00
[ 95s ] thds: 16 tps: 1570.99 qps: 1570.99 (r/w/o: 0.00/1534.01/36.98) lat (ms,95%): 16.12 err/s: 0.00 reconn/s: 0.00
[ 96s ] thds: 16 tps: 1528.83 qps: 1528.83 (r/w/o: 0.00/1499.82/29.02) lat (ms,95%): 16.12 err/s: 0.00 reconn/s: 0.00
[ 97s ] thds: 16 tps: 1538.50 qps: 1538.50 (r/w/o: 0.00/1502.51/35.99) lat (ms,95%): 16.12 err/s: 0.00 reconn/s: 0.00
[ 98s ] thds: 16 tps: 1522.49 qps: 1522.49 (r/w/o: 0.00/1502.50/19.99) lat (ms,95%): 15.83 err/s: 0.00 reconn/s: 0.00
[ 99s ] thds: 16 tps: 1566.30 qps: 1566.30 (r/w/o: 0.00/1520.26/46.04) lat (ms,95%): 15.27 err/s: 0.00 reconn/s: 0.00
[ 100s ] thds: 16 tps: 1581.62 qps: 1581.62 (r/w/o: 0.00/1544.65/36.97) lat (ms,95%): 15.00 err/s: 0.00 reconn/s: 0.00
[ 101s ] thds: 16 tps: 1592.92 qps: 1592.92 (r/w/o: 0.00/1557.90/35.02) lat (ms,95%): 15.27 err/s: 0.00 reconn/s: 0.00
[ 102s ] thds: 16 tps: 1601.19 qps: 1601.19 (r/w/o: 0.00/1570.18/31.00) lat (ms,95%): 15.83 err/s: 0.00 reconn/s: 0.00
[ 103s ] thds: 16 tps: 1578.68 qps: 1578.68 (r/w/o: 0.00/1549.68/28.99) lat (ms,95%): 15.83 err/s: 0.00 reconn/s: 0.00
[ 104s ] thds: 16 tps: 1578.13 qps: 1578.13 (r/w/o: 0.00/1549.14/28.98) lat (ms,95%): 15.83 err/s: 0.00 reconn/s: 0.00
[ 105s ] thds: 16 tps: 1586.35 qps: 1586.35 (r/w/o: 0.00/1557.35/29.01) lat (ms,95%): 15.83 err/s: 0.00 reconn/s: 0.00
[ 106s ] thds: 16 tps: 1604.74 qps: 1604.74 (r/w/o: 0.00/1565.72/39.02) lat (ms,95%): 15.00 err/s: 0.00 reconn/s: 0.00
[ 107s ] thds: 16 tps: 1610.92 qps: 1610.92 (r/w/o: 0.00/1580.93/30.00) lat (ms,95%): 15.00 err/s: 0.00 reconn/s: 0.00
[ 108s ] thds: 16 tps: 1610.40 qps: 1610.40 (r/w/o: 0.00/1581.39/29.01) lat (ms,95%): 15.00 err/s: 0.00 reconn/s: 0.00
[ 109s ] thds: 16 tps: 1598.68 qps: 1598.68 (r/w/o: 0.00/1566.71/31.97) lat (ms,95%): 15.27 err/s: 0.00 reconn/s: 0.00
[ 110s ] thds: 16 tps: 1563.28 qps: 1563.28 (r/w/o: 0.00/1538.27/25.00) lat (ms,95%): 16.12 err/s: 0.00 reconn/s: 0.00
[ 111s ] thds: 16 tps: 1527.41 qps: 1527.41 (r/w/o: 0.00/1497.40/30.01) lat (ms,95%): 16.12 err/s: 0.00 reconn/s: 0.00
[ 112s ] thds: 16 tps: 1527.39 qps: 1527.39 (r/w/o: 0.00/1500.38/27.01) lat (ms,95%): 16.12 err/s: 0.00 reconn/s: 0.00
[ 113s ] thds: 16 tps: 1527.07 qps: 1527.07 (r/w/o: 0.00/1490.09/36.98) lat (ms,95%): 15.83 err/s: 0.00 reconn/s: 0.00
[ 114s ] thds: 16 tps: 1546.06 qps: 1546.06 (r/w/o: 0.00/1512.04/34.02) lat (ms,95%): 15.27 err/s: 0.00 reconn/s: 0.00
[ 115s ] thds: 16 tps: 1572.78 qps: 1572.78 (r/w/o: 0.00/1537.80/34.97) lat (ms,95%): 15.27 err/s: 0.00 reconn/s: 0.00
[ 116s ] thds: 16 tps: 1572.74 qps: 1572.74 (r/w/o: 0.00/1550.73/22.01) lat (ms,95%): 15.55 err/s: 0.00 reconn/s: 0.00
[ 117s ] thds: 16 tps: 1589.52 qps: 1589.52 (r/w/o: 0.00/1558.51/31.01) lat (ms,95%): 15.83 err/s: 0.00 reconn/s: 0.00
[ 118s ] thds: 16 tps: 1565.70 qps: 1565.70 (r/w/o: 0.00/1535.70/29.99) lat (ms,95%): 16.12 err/s: 0.00 reconn/s: 0.00
[ 119s ] thds: 16 tps: 1563.35 qps: 1563.35 (r/w/o: 0.00/1532.36/30.99) lat (ms,95%): 16.12 err/s: 0.00 reconn/s: 0.00
[ 120s ] thds: 16 tps: 1563.64 qps: 1563.64 (r/w/o: 0.00/1527.65/35.99) lat (ms,95%): 16.12 err/s: 0.00 reconn/s: 0.00
[ 121s ] thds: 16 tps: 1592.17 qps: 1592.17 (r/w/o: 0.00/1553.14/39.03) lat (ms,95%): 15.00 err/s: 0.00 reconn/s: 0.00
[ 122s ] thds: 16 tps: 1621.92 qps: 1621.92 (r/w/o: 0.00/1577.95/43.97) lat (ms,95%): 15.00 err/s: 0.00 reconn/s: 0.00
[ 123s ] thds: 16 tps: 1613.98 qps: 1613.98 (r/w/o: 0.00/1584.96/29.02) lat (ms,95%): 15.00 err/s: 0.00 reconn/s: 0.00
[ 124s ] thds: 16 tps: 1604.07 qps: 1604.07 (r/w/o: 0.00/1567.06/37.00) lat (ms,95%): 15.27 err/s: 0.00 reconn/s: 0.00
[ 125s ] thds: 16 tps: 1574.86 qps: 1574.86 (r/w/o: 0.00/1534.87/40.00) lat (ms,95%): 15.83 err/s: 0.00 reconn/s: 0.00
[ 126s ] thds: 16 tps: 1542.29 qps: 1542.29 (r/w/o: 0.00/1509.29/33.01) lat (ms,95%): 16.12 err/s: 0.00 reconn/s: 0.00
[ 127s ] thds: 16 tps: 1533.86 qps: 1533.86 (r/w/o: 0.00/1510.86/23.00) lat (ms,95%): 16.12 err/s: 0.00 reconn/s: 0.00
[ 128s ] thds: 16 tps: 1528.64 qps: 1528.64 (r/w/o: 0.00/1493.65/34.99) lat (ms,95%): 15.83 err/s: 0.00 reconn/s: 0.00
[ 129s ] thds: 16 tps: 1561.42 qps: 1561.42 (r/w/o: 0.00/1521.41/40.01) lat (ms,95%): 15.27 err/s: 0.00 reconn/s: 0.00
[ 130s ] thds: 16 tps: 1579.65 qps: 1579.65 (r/w/o: 0.00/1546.65/32.99) lat (ms,95%): 15.27 err/s: 0.00 reconn/s: 0.00
[ 131s ] thds: 16 tps: 1581.84 qps: 1581.84 (r/w/o: 0.00/1549.84/32.00) lat (ms,95%): 15.27 err/s: 0.00 reconn/s: 0.00
[ 132s ] thds: 16 tps: 1598.07 qps: 1598.07 (r/w/o: 0.00/1567.07/31.00) lat (ms,95%): 15.83 err/s: 0.00 reconn/s: 0.00
[ 133s ] thds: 16 tps: 1573.71 qps: 1573.71 (r/w/o: 0.00/1534.70/39.02) lat (ms,95%): 16.12 err/s: 0.00 reconn/s: 0.00
[ 134s ] thds: 16 tps: 1569.32 qps: 1569.32 (r/w/o: 0.00/1533.34/35.98) lat (ms,95%): 16.12 err/s: 0.00 reconn/s: 0.00
[ 135s ] thds: 16 tps: 1572.60 qps: 1572.60 (r/w/o: 0.00/1544.59/28.01) lat (ms,95%): 16.12 err/s: 0.00 reconn/s: 0.00
[ 136s ] thds: 16 tps: 1597.95 qps: 1597.95 (r/w/o: 0.00/1557.95/40.00) lat (ms,95%): 15.27 err/s: 0.00 reconn/s: 0.00
[ 137s ] thds: 16 tps: 1603.99 qps: 1603.99 (r/w/o: 0.00/1567.99/36.00) lat (ms,95%): 15.00 err/s: 0.00 reconn/s: 0.00
[ 138s ] thds: 16 tps: 1606.45 qps: 1606.45 (r/w/o: 0.00/1568.47/37.99) lat (ms,95%): 15.00 err/s: 0.00 reconn/s: 0.00
[ 139s ] thds: 16 tps: 1598.06 qps: 1598.06 (r/w/o: 0.00/1559.06/39.00) lat (ms,95%): 15.27 err/s: 0.00 reconn/s: 0.00
[ 140s ] thds: 16 tps: 1565.23 qps: 1565.23 (r/w/o: 0.00/1537.23/28.00) lat (ms,95%): 15.83 err/s: 0.00 reconn/s: 0.00
[ 141s ] thds: 16 tps: 1548.17 qps: 1548.17 (r/w/o: 0.00/1505.16/43.00) lat (ms,95%): 15.83 err/s: 0.00 reconn/s: 0.00
[ 142s ] thds: 16 tps: 1548.62 qps: 1548.62 (r/w/o: 0.00/1509.63/38.99) lat (ms,95%): 15.83 err/s: 0.00 reconn/s: 0.00
[ 143s ] thds: 16 tps: 1552.04 qps: 1552.04 (r/w/o: 0.00/1512.04/40.00) lat (ms,95%): 15.55 err/s: 0.00 reconn/s: 0.00
[ 144s ] thds: 16 tps: 1559.88 qps: 1559.88 (r/w/o: 0.00/1531.88/28.00) lat (ms,95%): 15.00 err/s: 0.00 reconn/s: 0.00
[ 145s ] thds: 16 tps: 1590.35 qps: 1590.35 (r/w/o: 0.00/1551.34/39.01) lat (ms,95%): 15.00 err/s: 0.00 reconn/s: 0.00
[ 146s ] thds: 16 tps: 1583.71 qps: 1583.71 (r/w/o: 0.00/1561.72/22.00) lat (ms,95%): 15.00 err/s: 0.00 reconn/s: 0.00
[ 147s ] thds: 16 tps: 1582.29 qps: 1582.29 (r/w/o: 0.00/1544.29/38.01) lat (ms,95%): 15.83 err/s: 0.00 reconn/s: 0.00
[ 148s ] thds: 16 tps: 1562.50 qps: 1562.50 (r/w/o: 0.00/1534.51/27.99) lat (ms,95%): 16.12 err/s: 0.00 reconn/s: 0.00
[ 149s ] thds: 16 tps: 1549.66 qps: 1549.66 (r/w/o: 0.00/1521.65/28.01) lat (ms,95%): 16.12 err/s: 0.00 reconn/s: 0.00
[ 150s ] thds: 16 tps: 1560.87 qps: 1560.87 (r/w/o: 0.00/1526.87/34.00) lat (ms,95%): 16.12 err/s: 0.00 reconn/s: 0.00
[ 151s ] thds: 16 tps: 1591.65 qps: 1591.65 (r/w/o: 0.00/1561.65/29.99) lat (ms,95%): 15.27 err/s: 0.00 reconn/s: 0.00
[ 152s ] thds: 16 tps: 1610.00 qps: 1610.00 (r/w/o: 0.00/1573.00/37.00) lat (ms,95%): 15.00 err/s: 0.00 reconn/s: 0.00
[ 153s ] thds: 16 tps: 1611.47 qps: 1611.47 (r/w/o: 0.00/1580.46/31.01) lat (ms,95%): 15.00 err/s: 0.00 reconn/s: 0.00
[ 154s ] thds: 16 tps: 1592.84 qps: 1592.84 (r/w/o: 0.00/1559.84/33.00) lat (ms,95%): 15.27 err/s: 0.00 reconn/s: 0.00
[ 155s ] thds: 16 tps: 1567.63 qps: 1567.63 (r/w/o: 0.00/1533.64/33.99) lat (ms,95%): 15.83 err/s: 0.00 reconn/s: 0.00
[ 156s ] thds: 16 tps: 1541.19 qps: 1541.19 (r/w/o: 0.00/1504.19/37.00) lat (ms,95%): 16.12 err/s: 0.00 reconn/s: 0.00
[ 157s ] thds: 16 tps: 1541.26 qps: 1541.26 (r/w/o: 0.00/1503.25/38.01) lat (ms,95%): 15.83 err/s: 0.00 reconn/s: 0.00
[ 158s ] thds: 16 tps: 1537.41 qps: 1537.41 (r/w/o: 0.00/1507.42/29.99) lat (ms,95%): 15.83 err/s: 0.00 reconn/s: 0.00
[ 159s ] thds: 16 tps: 1562.62 qps: 1562.62 (r/w/o: 0.00/1533.61/29.01) lat (ms,95%): 15.00 err/s: 0.00 reconn/s: 0.00
[ 160s ] thds: 16 tps: 1584.31 qps: 1584.31 (r/w/o: 0.00/1556.30/28.01) lat (ms,95%): 14.73 err/s: 0.00 reconn/s: 0.00
[ 161s ] thds: 16 tps: 1590.06 qps: 1590.06 (r/w/o: 0.00/1563.07/26.98) lat (ms,95%): 14.73 err/s: 0.00 reconn/s: 0.00
[ 162s ] thds: 16 tps: 1598.28 qps: 1598.28 (r/w/o: 0.00/1561.27/37.01) lat (ms,95%): 15.83 err/s: 0.00 reconn/s: 0.00
[ 163s ] thds: 16 tps: 1580.81 qps: 1580.81 (r/w/o: 0.00/1542.81/38.00) lat (ms,95%): 16.41 err/s: 0.00 reconn/s: 0.00
[ 164s ] thds: 16 tps: 1576.55 qps: 1576.55 (r/w/o: 0.00/1546.54/30.01) lat (ms,95%): 16.41 err/s: 0.00 reconn/s: 0.00
[ 165s ] thds: 16 tps: 1574.39 qps: 1574.39 (r/w/o: 0.00/1541.41/32.99) lat (ms,95%): 16.12 err/s: 0.00 reconn/s: 0.00
[ 166s ] thds: 16 tps: 1597.57 qps: 1597.57 (r/w/o: 0.00/1568.56/29.01) lat (ms,95%): 15.27 err/s: 0.00 reconn/s: 0.00
[ 167s ] thds: 16 tps: 1606.01 qps: 1606.01 (r/w/o: 0.00/1566.01/40.00) lat (ms,95%): 15.00 err/s: 0.00 reconn/s: 0.00
[ 168s ] thds: 16 tps: 1606.45 qps: 1606.45 (r/w/o: 0.00/1572.47/33.99) lat (ms,95%): 15.27 err/s: 0.00 reconn/s: 0.00
[ 169s ] thds: 16 tps: 1585.53 qps: 1585.53 (r/w/o: 0.00/1554.52/31.01) lat (ms,95%): 15.55 err/s: 0.00 reconn/s: 0.00
[ 170s ] thds: 16 tps: 1573.97 qps: 1573.97 (r/w/o: 0.00/1533.97/40.00) lat (ms,95%): 15.83 err/s: 0.00 reconn/s: 0.00
[ 171s ] thds: 16 tps: 1537.61 qps: 1537.61 (r/w/o: 0.00/1500.62/36.99) lat (ms,95%): 15.83 err/s: 0.00 reconn/s: 0.00
[ 172s ] thds: 16 tps: 1547.45 qps: 1547.45 (r/w/o: 0.00/1518.44/29.01) lat (ms,95%): 15.83 err/s: 0.00 reconn/s: 0.00
[ 173s ] thds: 16 tps: 1539.45 qps: 1539.45 (r/w/o: 0.00/1497.47/41.99) lat (ms,95%): 15.55 err/s: 0.00 reconn/s: 0.00
[ 174s ] thds: 16 tps: 1556.80 qps: 1556.80 (r/w/o: 0.00/1526.78/30.02) lat (ms,95%): 15.00 err/s: 0.00 reconn/s: 0.00
[ 175s ] thds: 16 tps: 1576.50 qps: 1576.50 (r/w/o: 0.00/1543.51/32.99) lat (ms,95%): 15.00 err/s: 0.00 reconn/s: 0.00
[ 176s ] thds: 16 tps: 1579.59 qps: 1579.59 (r/w/o: 0.00/1552.60/26.99) lat (ms,95%): 15.27 err/s: 0.00 reconn/s: 0.00
[ 177s ] thds: 16 tps: 1583.99 qps: 1583.99 (r/w/o: 0.00/1549.97/34.02) lat (ms,95%): 15.83 err/s: 0.00 reconn/s: 0.00
[ 178s ] thds: 16 tps: 1561.01 qps: 1561.01 (r/w/o: 0.00/1529.03/31.98) lat (ms,95%): 16.12 err/s: 0.00 reconn/s: 0.00
[ 179s ] thds: 16 tps: 1567.18 qps: 1567.18 (r/w/o: 0.00/1529.18/38.00) lat (ms,95%): 16.12 err/s: 0.00 reconn/s: 0.00
[ 180s ] thds: 16 tps: 1567.97 qps: 1567.97 (r/w/o: 0.00/1532.97/35.00) lat (ms,95%): 16.12 err/s: 0.00 reconn/s: 0.00
[ 181s ] thds: 16 tps: 1598.16 qps: 1598.16 (r/w/o: 0.00/1550.16/48.00) lat (ms,95%): 15.27 err/s: 0.00 reconn/s: 0.00
[ 182s ] thds: 16 tps: 1605.76 qps: 1605.76 (r/w/o: 0.00/1568.76/36.99) lat (ms,95%): 15.27 err/s: 0.00 reconn/s: 0.00
[ 183s ] thds: 16 tps: 1608.08 qps: 1608.08 (r/w/o: 0.00/1562.08/46.00) lat (ms,95%): 15.00 err/s: 0.00 reconn/s: 0.00
[ 184s ] thds: 16 tps: 1596.37 qps: 1596.37 (r/w/o: 0.00/1564.37/32.01) lat (ms,95%): 15.00 err/s: 0.00 reconn/s: 0.00
[ 185s ] thds: 16 tps: 1579.79 qps: 1579.79 (r/w/o: 0.00/1540.80/38.99) lat (ms,95%): 15.83 err/s: 0.00 reconn/s: 0.00
[ 186s ] thds: 16 tps: 1555.15 qps: 1555.15 (r/w/o: 0.00/1523.15/32.00) lat (ms,95%): 15.55 err/s: 0.00 reconn/s: 0.00
[ 187s ] thds: 16 tps: 1547.78 qps: 1547.78 (r/w/o: 0.00/1517.79/30.00) lat (ms,95%): 15.55 err/s: 0.00 reconn/s: 0.00
[ 188s ] thds: 16 tps: 1540.87 qps: 1540.87 (r/w/o: 0.00/1510.87/30.00) lat (ms,95%): 15.27 err/s: 0.00 reconn/s: 0.00
[ 189s ] thds: 16 tps: 1557.98 qps: 1557.98 (r/w/o: 0.00/1540.98/17.00) lat (ms,95%): 15.00 err/s: 0.00 reconn/s: 0.00
[ 190s ] thds: 16 tps: 1579.14 qps: 1579.14 (r/w/o: 0.00/1544.13/35.00) lat (ms,95%): 15.00 err/s: 0.00 reconn/s: 0.00
[ 191s ] thds: 16 tps: 1596.71 qps: 1596.71 (r/w/o: 0.00/1556.72/39.99) lat (ms,95%): 14.73 err/s: 0.00 reconn/s: 0.00
[ 192s ] thds: 16 tps: 1590.25 qps: 1590.25 (r/w/o: 0.00/1555.24/35.01) lat (ms,95%): 15.83 err/s: 0.00 reconn/s: 0.00
[ 193s ] thds: 16 tps: 1569.42 qps: 1569.42 (r/w/o: 0.00/1535.41/34.01) lat (ms,95%): 16.12 err/s: 0.00 reconn/s: 0.00
[ 194s ] thds: 16 tps: 1578.56 qps: 1578.56 (r/w/o: 0.00/1539.57/38.99) lat (ms,95%): 16.12 err/s: 0.00 reconn/s: 0.00
[ 195s ] thds: 16 tps: 1577.36 qps: 1577.36 (r/w/o: 0.00/1555.35/22.00) lat (ms,95%): 16.12 err/s: 0.00 reconn/s: 0.00
[ 196s ] thds: 16 tps: 1592.69 qps: 1592.69 (r/w/o: 0.00/1566.69/25.99) lat (ms,95%): 15.55 err/s: 0.00 reconn/s: 0.00
[ 197s ] thds: 16 tps: 1611.37 qps: 1611.37 (r/w/o: 0.00/1572.36/39.01) lat (ms,95%): 15.27 err/s: 0.00 reconn/s: 0.00
[ 198s ] thds: 16 tps: 1605.59 qps: 1605.59 (r/w/o: 0.00/1567.60/37.99) lat (ms,95%): 15.27 err/s: 0.00 reconn/s: 0.00
[ 199s ] thds: 16 tps: 1593.96 qps: 1593.96 (r/w/o: 0.00/1559.96/34.00) lat (ms,95%): 15.55 err/s: 0.00 reconn/s: 0.00
[ 200s ] thds: 16 tps: 1569.22 qps: 1569.22 (r/w/o: 0.00/1542.22/27.00) lat (ms,95%): 15.83 err/s: 0.00 reconn/s: 0.00
[ 201s ] thds: 16 tps: 1542.92 qps: 1542.92 (r/w/o: 0.00/1515.92/27.00) lat (ms,95%): 15.83 err/s: 0.00 reconn/s: 0.00
[ 202s ] thds: 16 tps: 1538.10 qps: 1538.10 (r/w/o: 0.00/1505.10/33.00) lat (ms,95%): 15.83 err/s: 0.00 reconn/s: 0.00
[ 203s ] thds: 16 tps: 1538.85 qps: 1538.85 (r/w/o: 0.00/1502.86/36.00) lat (ms,95%): 15.55 err/s: 0.00 reconn/s: 0.00
[ 204s ] thds: 16 tps: 1550.69 qps: 1550.69 (r/w/o: 0.00/1515.70/34.99) lat (ms,95%): 14.73 err/s: 0.00 reconn/s: 0.00
[ 205s ] thds: 16 tps: 1581.44 qps: 1581.44 (r/w/o: 0.00/1546.43/35.01) lat (ms,95%): 15.00 err/s: 0.00 reconn/s: 0.00
[ 206s ] thds: 16 tps: 1591.04 qps: 1591.04 (r/w/o: 0.00/1557.04/34.00) lat (ms,95%): 14.73 err/s: 0.00 reconn/s: 0.00
[ 207s ] thds: 16 tps: 1576.60 qps: 1576.60 (r/w/o: 0.00/1541.61/34.99) lat (ms,95%): 15.83 err/s: 0.00 reconn/s: 0.00
[ 208s ] thds: 16 tps: 1554.25 qps: 1554.25 (r/w/o: 0.00/1523.25/31.00) lat (ms,95%): 16.41 err/s: 0.00 reconn/s: 0.00
[ 209s ] thds: 16 tps: 1556.29 qps: 1556.29 (r/w/o: 0.00/1528.28/28.01) lat (ms,95%): 16.71 err/s: 0.00 reconn/s: 0.00
[ 210s ] thds: 16 tps: 1561.30 qps: 1561.30 (r/w/o: 0.00/1532.32/28.99) lat (ms,95%): 16.41 err/s: 0.00 reconn/s: 0.00
[ 211s ] thds: 16 tps: 1590.58 qps: 1590.58 (r/w/o: 0.00/1557.57/33.01) lat (ms,95%): 15.55 err/s: 0.00 reconn/s: 0.00
[ 212s ] thds: 16 tps: 1610.06 qps: 1610.06 (r/w/o: 0.00/1567.06/43.00) lat (ms,95%): 15.27 err/s: 0.00 reconn/s: 0.00
[ 213s ] thds: 16 tps: 1609.44 qps: 1609.44 (r/w/o: 0.00/1566.45/42.99) lat (ms,95%): 15.27 err/s: 0.00 reconn/s: 0.00
[ 214s ] thds: 16 tps: 1599.33 qps: 1599.33 (r/w/o: 0.00/1558.32/41.01) lat (ms,95%): 15.27 err/s: 0.00 reconn/s: 0.00
[ 215s ] thds: 16 tps: 1594.25 qps: 1594.25 (r/w/o: 0.00/1562.24/32.00) lat (ms,95%): 15.55 err/s: 0.00 reconn/s: 0.00
[ 216s ] thds: 16 tps: 1557.66 qps: 1557.66 (r/w/o: 0.00/1530.66/26.99) lat (ms,95%): 15.55 err/s: 0.00 reconn/s: 0.00
[ 217s ] thds: 16 tps: 1555.15 qps: 1555.15 (r/w/o: 0.00/1517.15/38.00) lat (ms,95%): 15.55 err/s: 0.00 reconn/s: 0.00
[ 218s ] thds: 16 tps: 1538.70 qps: 1538.70 (r/w/o: 0.00/1500.71/37.99) lat (ms,95%): 15.27 err/s: 0.00 reconn/s: 0.00
[ 219s ] thds: 16 tps: 1553.01 qps: 1553.01 (r/w/o: 0.00/1525.01/28.00) lat (ms,95%): 15.00 err/s: 0.00 reconn/s: 0.00
[ 220s ] thds: 16 tps: 1589.92 qps: 1589.92 (r/w/o: 0.00/1545.92/44.00) lat (ms,95%): 14.73 err/s: 0.00 reconn/s: 0.00
[ 221s ] thds: 16 tps: 1590.07 qps: 1590.07 (r/w/o: 0.00/1555.07/35.00) lat (ms,95%): 15.00 err/s: 0.00 reconn/s: 0.00
[ 222s ] thds: 16 tps: 1594.42 qps: 1594.42 (r/w/o: 0.00/1556.41/38.01) lat (ms,95%): 15.83 err/s: 0.00 reconn/s: 0.00
[ 223s ] thds: 16 tps: 1562.93 qps: 1562.93 (r/w/o: 0.00/1523.94/39.00) lat (ms,95%): 16.71 err/s: 0.00 reconn/s: 0.00
[ 224s ] thds: 16 tps: 1568.07 qps: 1568.07 (r/w/o: 0.00/1525.07/43.00) lat (ms,95%): 16.41 err/s: 0.00 reconn/s: 0.00
[ 225s ] thds: 16 tps: 1565.60 qps: 1565.60 (r/w/o: 0.00/1525.61/39.99) lat (ms,95%): 16.71 err/s: 0.00 reconn/s: 0.00
[ 226s ] thds: 16 tps: 1601.29 qps: 1601.29 (r/w/o: 0.00/1574.29/27.00) lat (ms,95%): 15.27 err/s: 0.00 reconn/s: 0.00
[ 227s ] thds: 16 tps: 1614.07 qps: 1614.07 (r/w/o: 0.00/1586.07/28.00) lat (ms,95%): 15.00 err/s: 0.00 reconn/s: 0.00
[ 228s ] thds: 16 tps: 1611.52 qps: 1611.52 (r/w/o: 0.00/1583.53/27.99) lat (ms,95%): 15.27 err/s: 0.00 reconn/s: 0.00
[ 229s ] thds: 16 tps: 1606.46 qps: 1606.46 (r/w/o: 0.00/1561.44/45.01) lat (ms,95%): 15.00 err/s: 0.00 reconn/s: 0.00
[ 230s ] thds: 16 tps: 1576.78 qps: 1576.78 (r/w/o: 0.00/1534.79/41.99) lat (ms,95%): 15.83 err/s: 0.00 reconn/s: 0.00
[ 231s ] thds: 16 tps: 1554.24 qps: 1554.24 (r/w/o: 0.00/1523.23/31.00) lat (ms,95%): 15.83 err/s: 0.00 reconn/s: 0.00
[ 232s ] thds: 16 tps: 1548.87 qps: 1548.87 (r/w/o: 0.00/1515.87/33.00) lat (ms,95%): 15.83 err/s: 0.00 reconn/s: 0.00
[ 233s ] thds: 16 tps: 1546.09 qps: 1546.09 (r/w/o: 0.00/1514.09/32.00) lat (ms,95%): 15.83 err/s: 0.00 reconn/s: 0.00
[ 234s ] thds: 16 tps: 1556.12 qps: 1556.12 (r/w/o: 0.00/1528.12/28.00) lat (ms,95%): 14.73 err/s: 0.00 reconn/s: 0.00
[ 235s ] thds: 16 tps: 1581.77 qps: 1581.77 (r/w/o: 0.00/1541.78/39.99) lat (ms,95%): 14.73 err/s: 0.00 reconn/s: 0.00
[ 236s ] thds: 16 tps: 1585.69 qps: 1585.69 (r/w/o: 0.00/1553.69/31.99) lat (ms,95%): 14.73 err/s: 0.00 reconn/s: 0.00
[ 237s ] thds: 16 tps: 1591.11 qps: 1591.11 (r/w/o: 0.00/1553.11/38.00) lat (ms,95%): 15.83 err/s: 0.00 reconn/s: 0.00
[ 238s ] thds: 16 tps: 1564.16 qps: 1564.16 (r/w/o: 0.00/1533.15/31.00) lat (ms,95%): 16.41 err/s: 0.00 reconn/s: 0.00
[ 239s ] thds: 16 tps: 1563.85 qps: 1563.85 (r/w/o: 0.00/1525.85/38.00) lat (ms,95%): 16.41 err/s: 0.00 reconn/s: 0.00
[ 240s ] thds: 16 tps: 1563.14 qps: 1563.14 (r/w/o: 0.00/1532.14/31.00) lat (ms,95%): 16.71 err/s: 0.00 reconn/s: 0.00
Latency histogram (values are in milliseconds)
       value  ------------- distribution ------------- count
       4.737 |                                         1
       4.823 |                                         1
       4.999 |                                         2
       5.090 |                                         3
       5.183 |                                         19
       5.277 |                                         30
       5.373 |                                         44
       5.470 |                                         47
       5.570 |                                         77
       5.671 |                                         136
       5.774 |*                                        269
       5.879 |*                                        425
       5.986 |*                                        564
       6.095 |**                                       946
       6.205 |***                                      1643
       6.318 |******                                   3070
       6.433 |*******                                  3710
       6.550 |*******                                  3366
       6.669 |******                                   3158
       6.790 |*******                                  3761
       6.913 |*********                                4483
       7.039 |***********                              5478
       7.167 |**************                           7175
       7.297 |***********************                  11732
       7.430 |****************************             14385
       7.565 |******************                       9389
       7.702 |************                             5894
       7.842 |***********                              5495
       7.985 |************                             5998
       8.130 |***********                              5530
       8.277 |***********                              5719
       8.428 |****************                         8012
       8.581 |*************                            6746
       8.737 |**********                               4988
       8.895 |**********                               5340
       9.057 |************                             6333
       9.222 |***************                          7588
       9.389 |**********************                   11102
       9.560 |******************************           15218
       9.734 |***********************                  11911
       9.910 |*********************                    10930
      10.090 |***********************                  11907
      10.274 |*************************                12668
      10.460 |************************************     18270
      10.651 |**************************************** 20475
      10.844 |*************************                12834
      11.041 |*********************                    10495
      11.242 |****************                         8362
      11.446 |****************                         8409
      11.654 |********************                     10408
      11.866 |*************                            6612
      12.081 |**********                               4979
      12.301 |*******                                  3509
      12.524 |*******                                  3730
      12.752 |********                                 4189
      12.984 |*****                                    2318
      13.219 |****                                     1973
      13.460 |****                                     1943
      13.704 |*****                                    2586
      13.953 |****                                     2291
      14.207 |****                                     2250
      14.465 |*****                                    2766
      14.728 |********                                 4144
      14.995 |********                                 3858
      15.268 |*******                                  3455
      15.545 |*******                                  3556
      15.828 |*********                                4797
      16.115 |*******                                  3436
      16.408 |*****                                    2475
      16.706 |****                                     1937
      17.010 |****                                     2097
      17.319 |**                                       1229
      17.633 |*                                        704
      17.954 |**                                       772
      18.280 |*                                        488
      18.612 |*                                        327
      18.950 |*                                        258
      19.295 |                                         195
      19.645 |                                         92
      20.002 |                                         46
      20.366 |                                         23
      20.736 |                                         4
      21.112 |                                         1
      21.496 |                                         4
      21.886 |                                         2
      22.689 |                                         1
      26.681 |                                         1
      27.659 |                                         1
      40.370 |                                         1
 
SQL statistics:
    queries performed:
        read:                            0
        write:                           369459
        other:                           8138
        total:                           377597
    transactions:                        377597 (1573.24 per sec.)
    queries:                             377597 (1573.24 per sec.)
    ignored errors:                      0      (0.00 per sec.)
    reconnects:                          0      (0.00 per sec.)

Throughput:
    events/s (eps):                      1573.2401
    time elapsed:                        240.0126s
    total number of events:              377597

Latency (ms):
         min:                                    4.75
         avg:                                   10.17
         max:                                   40.69
         95th percentile:                       15.83
         sum:                              3839484.09

Threads fairness:
    events (avg/stddev):           23599.7500/5228.46
    execution time (avg/stddev):   239.9678/0.01

