sysbench 1.1.0-3ceba0b (using bundled LuaJIT 2.1.0-beta3)

Running the test with following options:
Number of threads: 32
Warmup time: 60s
Report intermediate results every 1 second(s)
Initializing random number generator from current time


Initializing worker threads...

Threads started!

Warming up for 60 seconds...

[ 1s ] thds: 32 tps: 1949.22 qps: 1949.22 (r/w/o: 0.00/1905.19/44.03) lat (ms,95%): 34.95 err/s: 0.00 reconn/s: 0.00
[ 2s ] thds: 32 tps: 1553.37 qps: 1553.37 (r/w/o: 0.00/1521.39/31.99) lat (ms,95%): 34.95 err/s: 0.00 reconn/s: 0.00
[ 3s ] thds: 32 tps: 1582.52 qps: 1582.52 (r/w/o: 0.00/1553.51/29.01) lat (ms,95%): 33.72 err/s: 0.00 reconn/s: 0.00
[ 4s ] thds: 32 tps: 1626.10 qps: 1626.10 (r/w/o: 0.00/1590.09/36.00) lat (ms,95%): 31.94 err/s: 0.00 reconn/s: 0.00
[ 5s ] thds: 32 tps: 1613.93 qps: 1613.93 (r/w/o: 0.00/1574.93/39.00) lat (ms,95%): 31.94 err/s: 0.00 reconn/s: 0.00
[ 6s ] thds: 32 tps: 1498.47 qps: 1498.47 (r/w/o: 0.00/1465.48/32.99) lat (ms,95%): 33.12 err/s: 0.00 reconn/s: 0.00
[ 7s ] thds: 32 tps: 1490.63 qps: 1490.63 (r/w/o: 0.00/1461.62/29.01) lat (ms,95%): 33.72 err/s: 0.00 reconn/s: 0.00
[ 8s ] thds: 32 tps: 1487.96 qps: 1487.96 (r/w/o: 0.00/1451.96/36.00) lat (ms,95%): 32.53 err/s: 0.00 reconn/s: 0.00
[ 9s ] thds: 32 tps: 1509.47 qps: 1509.47 (r/w/o: 0.00/1474.48/34.99) lat (ms,95%): 31.37 err/s: 0.00 reconn/s: 0.00
[ 10s ] thds: 32 tps: 1545.00 qps: 1545.00 (r/w/o: 0.00/1515.00/30.00) lat (ms,95%): 31.37 err/s: 0.00 reconn/s: 0.00
[ 11s ] thds: 32 tps: 1551.88 qps: 1551.88 (r/w/o: 0.00/1513.88/38.00) lat (ms,95%): 31.37 err/s: 0.00 reconn/s: 0.00
[ 12s ] thds: 32 tps: 1556.10 qps: 1556.10 (r/w/o: 0.00/1511.09/45.00) lat (ms,95%): 30.81 err/s: 0.00 reconn/s: 0.00
[ 13s ] thds: 32 tps: 1589.50 qps: 1589.50 (r/w/o: 0.00/1553.49/36.01) lat (ms,95%): 30.26 err/s: 0.00 reconn/s: 0.00
[ 14s ] thds: 32 tps: 1627.31 qps: 1627.31 (r/w/o: 0.00/1589.30/38.01) lat (ms,95%): 29.72 err/s: 0.00 reconn/s: 0.00
[ 15s ] thds: 32 tps: 1583.76 qps: 1583.76 (r/w/o: 0.00/1551.76/32.00) lat (ms,95%): 30.81 err/s: 0.00 reconn/s: 0.00
[ 16s ] thds: 32 tps: 1483.80 qps: 1483.80 (r/w/o: 0.00/1454.80/29.00) lat (ms,95%): 30.81 err/s: 0.00 reconn/s: 0.00
[ 17s ] thds: 32 tps: 1527.73 qps: 1527.73 (r/w/o: 0.00/1507.73/20.00) lat (ms,95%): 30.81 err/s: 0.00 reconn/s: 0.00
[ 18s ] thds: 32 tps: 1662.31 qps: 1662.31 (r/w/o: 0.00/1631.30/31.01) lat (ms,95%): 30.81 err/s: 0.00 reconn/s: 0.00
[ 19s ] thds: 32 tps: 1656.11 qps: 1656.11 (r/w/o: 0.00/1620.10/36.00) lat (ms,95%): 31.37 err/s: 0.00 reconn/s: 0.00
[ 20s ] thds: 32 tps: 1627.60 qps: 1627.60 (r/w/o: 0.00/1584.61/42.99) lat (ms,95%): 31.37 err/s: 0.00 reconn/s: 0.00
[ 21s ] thds: 32 tps: 1575.26 qps: 1575.26 (r/w/o: 0.00/1525.25/50.01) lat (ms,95%): 31.94 err/s: 0.00 reconn/s: 0.00
[ 22s ] thds: 32 tps: 1562.29 qps: 1562.29 (r/w/o: 0.00/1532.28/30.01) lat (ms,95%): 31.94 err/s: 0.00 reconn/s: 0.00
[ 23s ] thds: 32 tps: 1556.40 qps: 1556.40 (r/w/o: 0.00/1532.41/23.99) lat (ms,95%): 31.37 err/s: 0.00 reconn/s: 0.00
[ 24s ] thds: 32 tps: 1558.19 qps: 1558.19 (r/w/o: 0.00/1527.19/31.00) lat (ms,95%): 31.37 err/s: 0.00 reconn/s: 0.00
[ 25s ] thds: 32 tps: 1557.00 qps: 1557.00 (r/w/o: 0.00/1516.00/41.00) lat (ms,95%): 31.37 err/s: 0.00 reconn/s: 0.00
[ 26s ] thds: 32 tps: 1509.88 qps: 1509.88 (r/w/o: 0.00/1484.88/25.00) lat (ms,95%): 31.37 err/s: 0.00 reconn/s: 0.00
[ 27s ] thds: 32 tps: 1520.39 qps: 1520.39 (r/w/o: 0.00/1488.38/32.01) lat (ms,95%): 30.81 err/s: 0.00 reconn/s: 0.00
[ 28s ] thds: 32 tps: 1582.69 qps: 1582.69 (r/w/o: 0.00/1544.70/37.99) lat (ms,95%): 30.81 err/s: 0.00 reconn/s: 0.00
[ 29s ] thds: 32 tps: 1574.50 qps: 1574.50 (r/w/o: 0.00/1520.52/53.98) lat (ms,95%): 30.81 err/s: 0.00 reconn/s: 0.00
[ 30s ] thds: 32 tps: 1489.46 qps: 1489.46 (r/w/o: 0.00/1460.45/29.01) lat (ms,95%): 31.94 err/s: 0.00 reconn/s: 0.00
[ 31s ] thds: 32 tps: 1555.01 qps: 1555.01 (r/w/o: 0.00/1523.01/32.00) lat (ms,95%): 30.81 err/s: 0.00 reconn/s: 0.00
[ 32s ] thds: 32 tps: 1607.35 qps: 1607.35 (r/w/o: 0.00/1574.35/33.01) lat (ms,95%): 29.72 err/s: 0.00 reconn/s: 0.00
[ 33s ] thds: 32 tps: 1594.66 qps: 1594.66 (r/w/o: 0.00/1561.67/32.99) lat (ms,95%): 30.81 err/s: 0.00 reconn/s: 0.00
[ 34s ] thds: 32 tps: 1586.29 qps: 1587.29 (r/w/o: 0.00/1549.28/38.01) lat (ms,95%): 30.81 err/s: 0.00 reconn/s: 0.00
[ 35s ] thds: 32 tps: 1552.37 qps: 1551.37 (r/w/o: 0.00/1519.39/31.99) lat (ms,95%): 30.81 err/s: 0.00 reconn/s: 0.00
[ 36s ] thds: 32 tps: 1585.28 qps: 1585.28 (r/w/o: 0.00/1545.27/40.01) lat (ms,95%): 30.81 err/s: 0.00 reconn/s: 0.00
[ 37s ] thds: 32 tps: 1561.95 qps: 1561.95 (r/w/o: 0.00/1518.96/43.00) lat (ms,95%): 36.89 err/s: 0.00 reconn/s: 0.00
[ 38s ] thds: 32 tps: 1523.91 qps: 1523.91 (r/w/o: 0.00/1487.91/36.00) lat (ms,95%): 43.39 err/s: 0.00 reconn/s: 0.00
[ 39s ] thds: 32 tps: 1531.83 qps: 1531.83 (r/w/o: 0.00/1508.83/23.00) lat (ms,95%): 46.63 err/s: 0.00 reconn/s: 0.00
[ 40s ] thds: 32 tps: 1563.22 qps: 1563.22 (r/w/o: 0.00/1521.22/42.01) lat (ms,95%): 42.61 err/s: 0.00 reconn/s: 0.00
[ 41s ] thds: 32 tps: 1590.92 qps: 1590.92 (r/w/o: 0.00/1564.92/26.00) lat (ms,95%): 34.95 err/s: 0.00 reconn/s: 0.00
[ 42s ] thds: 32 tps: 1595.16 qps: 1595.16 (r/w/o: 0.00/1555.15/40.00) lat (ms,95%): 34.95 err/s: 0.00 reconn/s: 0.00
[ 43s ] thds: 32 tps: 1542.90 qps: 1542.90 (r/w/o: 0.00/1511.91/31.00) lat (ms,95%): 34.95 err/s: 0.00 reconn/s: 0.00
[ 44s ] thds: 32 tps: 1529.23 qps: 1529.23 (r/w/o: 0.00/1493.22/36.01) lat (ms,95%): 35.59 err/s: 0.00 reconn/s: 0.00
[ 45s ] thds: 32 tps: 1544.82 qps: 1544.82 (r/w/o: 0.00/1509.82/35.00) lat (ms,95%): 33.72 err/s: 0.00 reconn/s: 0.00
[ 46s ] thds: 32 tps: 1553.38 qps: 1553.38 (r/w/o: 0.00/1506.37/47.01) lat (ms,95%): 33.12 err/s: 0.00 reconn/s: 0.00
[ 47s ] thds: 32 tps: 1525.36 qps: 1525.36 (r/w/o: 0.00/1487.37/37.98) lat (ms,95%): 31.94 err/s: 0.00 reconn/s: 0.00
[ 48s ] thds: 32 tps: 1499.42 qps: 1499.42 (r/w/o: 0.00/1465.41/34.01) lat (ms,95%): 31.94 err/s: 0.00 reconn/s: 0.00
[ 49s ] thds: 32 tps: 1498.52 qps: 1498.52 (r/w/o: 0.00/1468.53/29.99) lat (ms,95%): 31.94 err/s: 0.00 reconn/s: 0.00
[ 50s ] thds: 32 tps: 1498.38 qps: 1498.38 (r/w/o: 0.00/1481.38/17.00) lat (ms,95%): 31.37 err/s: 0.00 reconn/s: 0.00
[ 51s ] thds: 32 tps: 1527.15 qps: 1527.15 (r/w/o: 0.00/1494.14/33.00) lat (ms,95%): 30.81 err/s: 0.00 reconn/s: 0.00
[ 52s ] thds: 32 tps: 1517.49 qps: 1517.49 (r/w/o: 0.00/1492.49/24.99) lat (ms,95%): 34.33 err/s: 0.00 reconn/s: 0.00
[ 53s ] thds: 32 tps: 1521.03 qps: 1521.03 (r/w/o: 0.00/1488.03/33.00) lat (ms,95%): 34.33 err/s: 0.00 reconn/s: 0.00
[ 54s ] thds: 32 tps: 1543.09 qps: 1543.09 (r/w/o: 0.00/1507.09/36.00) lat (ms,95%): 34.33 err/s: 0.00 reconn/s: 0.00
[ 55s ] thds: 32 tps: 1601.05 qps: 1601.05 (r/w/o: 0.00/1569.05/32.00) lat (ms,95%): 31.94 err/s: 0.00 reconn/s: 0.00
[ 56s ] thds: 32 tps: 1597.95 qps: 1597.95 (r/w/o: 0.00/1568.95/29.00) lat (ms,95%): 32.53 err/s: 0.00 reconn/s: 0.00
[ 57s ] thds: 32 tps: 1598.22 qps: 1598.22 (r/w/o: 0.00/1560.21/38.01) lat (ms,95%): 31.94 err/s: 0.00 reconn/s: 0.00
[ 58s ] thds: 32 tps: 1530.90 qps: 1530.90 (r/w/o: 0.00/1508.90/22.00) lat (ms,95%): 33.72 err/s: 0.00 reconn/s: 0.00
[ 59s ] thds: 32 tps: 1523.08 qps: 1523.08 (r/w/o: 0.00/1491.08/32.00) lat (ms,95%): 36.24 err/s: 0.00 reconn/s: 0.00
[ 60s ] thds: 32 tps: 1568.06 qps: 1568.06 (r/w/o: 0.00/1527.06/41.00) lat (ms,95%): 36.24 err/s: 0.00 reconn/s: 0.00
[ 61s ] thds: 32 tps: 1554.19 qps: 1554.19 (r/w/o: 0.00/1522.18/32.00) lat (ms,95%): 36.24 err/s: 0.00 reconn/s: 0.00
[ 62s ] thds: 32 tps: 1474.71 qps: 1474.71 (r/w/o: 0.00/1439.72/34.99) lat (ms,95%): 31.37 err/s: 0.00 reconn/s: 0.00
[ 63s ] thds: 32 tps: 1481.00 qps: 1481.00 (r/w/o: 0.00/1441.00/40.00) lat (ms,95%): 30.81 err/s: 0.00 reconn/s: 0.00
[ 64s ] thds: 32 tps: 1486.00 qps: 1486.00 (r/w/o: 0.00/1456.00/30.00) lat (ms,95%): 30.81 err/s: 0.00 reconn/s: 0.00
[ 65s ] thds: 32 tps: 1505.06 qps: 1505.06 (r/w/o: 0.00/1475.06/30.00) lat (ms,95%): 30.81 err/s: 0.00 reconn/s: 0.00
[ 66s ] thds: 32 tps: 1502.94 qps: 1502.94 (r/w/o: 0.00/1473.94/29.00) lat (ms,95%): 30.81 err/s: 0.00 reconn/s: 0.00
[ 67s ] thds: 32 tps: 1494.97 qps: 1494.97 (r/w/o: 0.00/1461.97/33.00) lat (ms,95%): 30.81 err/s: 0.00 reconn/s: 0.00
[ 68s ] thds: 32 tps: 1464.94 qps: 1464.94 (r/w/o: 0.00/1434.94/30.00) lat (ms,95%): 30.81 err/s: 0.00 reconn/s: 0.00
[ 69s ] thds: 32 tps: 1579.00 qps: 1579.00 (r/w/o: 0.00/1548.00/31.00) lat (ms,95%): 29.72 err/s: 0.00 reconn/s: 0.00
[ 70s ] thds: 32 tps: 1627.08 qps: 1627.08 (r/w/o: 0.00/1595.07/32.00) lat (ms,95%): 29.72 err/s: 0.00 reconn/s: 0.00
[ 71s ] thds: 32 tps: 1577.92 qps: 1577.92 (r/w/o: 0.00/1548.92/29.00) lat (ms,95%): 41.85 err/s: 0.00 reconn/s: 0.00
[ 72s ] thds: 32 tps: 1576.45 qps: 1576.45 (r/w/o: 0.00/1546.44/30.01) lat (ms,95%): 41.85 err/s: 0.00 reconn/s: 0.00
[ 73s ] thds: 32 tps: 1566.42 qps: 1566.42 (r/w/o: 0.00/1543.41/23.01) lat (ms,95%): 41.10 err/s: 0.00 reconn/s: 0.00
[ 74s ] thds: 32 tps: 1582.43 qps: 1582.43 (r/w/o: 0.00/1544.44/37.99) lat (ms,95%): 31.94 err/s: 0.00 reconn/s: 0.00
[ 75s ] thds: 32 tps: 1586.12 qps: 1586.12 (r/w/o: 0.00/1553.11/33.00) lat (ms,95%): 31.94 err/s: 0.00 reconn/s: 0.00
[ 76s ] thds: 32 tps: 1584.70 qps: 1584.70 (r/w/o: 0.00/1545.71/38.99) lat (ms,95%): 31.94 err/s: 0.00 reconn/s: 0.00
[ 77s ] thds: 32 tps: 1569.88 qps: 1569.88 (r/w/o: 0.00/1539.88/30.00) lat (ms,95%): 31.94 err/s: 0.00 reconn/s: 0.00
[ 78s ] thds: 32 tps: 1567.13 qps: 1567.13 (r/w/o: 0.00/1542.13/25.00) lat (ms,95%): 31.37 err/s: 0.00 reconn/s: 0.00
[ 79s ] thds: 32 tps: 1569.12 qps: 1569.12 (r/w/o: 0.00/1532.12/37.00) lat (ms,95%): 31.37 err/s: 0.00 reconn/s: 0.00
[ 80s ] thds: 32 tps: 1543.72 qps: 1543.72 (r/w/o: 0.00/1509.72/33.99) lat (ms,95%): 31.37 err/s: 0.00 reconn/s: 0.00
[ 81s ] thds: 32 tps: 1510.29 qps: 1510.29 (r/w/o: 0.00/1491.28/19.00) lat (ms,95%): 31.94 err/s: 0.00 reconn/s: 0.00
[ 82s ] thds: 32 tps: 1528.83 qps: 1528.83 (r/w/o: 0.00/1497.84/31.00) lat (ms,95%): 31.37 err/s: 0.00 reconn/s: 0.00
[ 83s ] thds: 32 tps: 1526.73 qps: 1526.73 (r/w/o: 0.00/1500.74/26.00) lat (ms,95%): 31.37 err/s: 0.00 reconn/s: 0.00
[ 84s ] thds: 32 tps: 1547.65 qps: 1547.65 (r/w/o: 0.00/1514.63/33.01) lat (ms,95%): 30.81 err/s: 0.00 reconn/s: 0.00
[ 85s ] thds: 32 tps: 1538.66 qps: 1538.66 (r/w/o: 0.00/1510.67/27.99) lat (ms,95%): 31.37 err/s: 0.00 reconn/s: 0.00
[ 86s ] thds: 32 tps: 1512.98 qps: 1512.98 (r/w/o: 0.00/1480.98/32.00) lat (ms,95%): 39.65 err/s: 0.00 reconn/s: 0.00
[ 87s ] thds: 32 tps: 1514.80 qps: 1514.80 (r/w/o: 0.00/1481.78/33.02) lat (ms,95%): 41.10 err/s: 0.00 reconn/s: 0.00
[ 88s ] thds: 32 tps: 1528.95 qps: 1528.95 (r/w/o: 0.00/1499.97/28.98) lat (ms,95%): 41.10 err/s: 0.00 reconn/s: 0.00
[ 89s ] thds: 32 tps: 1547.11 qps: 1547.11 (r/w/o: 0.00/1516.11/31.00) lat (ms,95%): 32.53 err/s: 0.00 reconn/s: 0.00
[ 90s ] thds: 32 tps: 1576.95 qps: 1576.95 (r/w/o: 0.00/1535.93/41.02) lat (ms,95%): 31.94 err/s: 0.00 reconn/s: 0.00
[ 91s ] thds: 32 tps: 1571.39 qps: 1571.39 (r/w/o: 0.00/1538.40/32.99) lat (ms,95%): 31.94 err/s: 0.00 reconn/s: 0.00
[ 92s ] thds: 32 tps: 1571.55 qps: 1571.55 (r/w/o: 0.00/1543.54/28.01) lat (ms,95%): 31.94 err/s: 0.00 reconn/s: 0.00
[ 93s ] thds: 32 tps: 1582.18 qps: 1582.18 (r/w/o: 0.00/1537.20/44.98) lat (ms,95%): 31.37 err/s: 0.00 reconn/s: 0.00
[ 94s ] thds: 32 tps: 1567.17 qps: 1567.17 (r/w/o: 0.00/1536.17/31.00) lat (ms,95%): 31.37 err/s: 0.00 reconn/s: 0.00
[ 95s ] thds: 32 tps: 1541.68 qps: 1541.68 (r/w/o: 0.00/1516.68/24.99) lat (ms,95%): 31.94 err/s: 0.00 reconn/s: 0.00
[ 96s ] thds: 32 tps: 1510.34 qps: 1510.34 (r/w/o: 0.00/1474.33/36.01) lat (ms,95%): 31.94 err/s: 0.00 reconn/s: 0.00
[ 97s ] thds: 32 tps: 1523.97 qps: 1523.97 (r/w/o: 0.00/1490.97/33.00) lat (ms,95%): 31.37 err/s: 0.00 reconn/s: 0.00
[ 98s ] thds: 32 tps: 1524.87 qps: 1524.87 (r/w/o: 0.00/1495.87/29.00) lat (ms,95%): 30.81 err/s: 0.00 reconn/s: 0.00
[ 99s ] thds: 32 tps: 1532.14 qps: 1532.14 (r/w/o: 0.00/1505.13/27.00) lat (ms,95%): 30.81 err/s: 0.00 reconn/s: 0.00
[ 100s ] thds: 32 tps: 1548.19 qps: 1548.19 (r/w/o: 0.00/1507.18/41.00) lat (ms,95%): 31.37 err/s: 0.00 reconn/s: 0.00
[ 101s ] thds: 32 tps: 1524.51 qps: 1524.51 (r/w/o: 0.00/1485.52/38.99) lat (ms,95%): 38.94 err/s: 0.00 reconn/s: 0.00
[ 102s ] thds: 32 tps: 1519.28 qps: 1519.28 (r/w/o: 0.00/1484.28/35.01) lat (ms,95%): 38.25 err/s: 0.00 reconn/s: 0.00
[ 103s ] thds: 32 tps: 1534.04 qps: 1534.04 (r/w/o: 0.00/1495.04/39.00) lat (ms,95%): 38.25 err/s: 0.00 reconn/s: 0.00
[ 104s ] thds: 32 tps: 1550.99 qps: 1550.99 (r/w/o: 0.00/1516.99/34.00) lat (ms,95%): 31.94 err/s: 0.00 reconn/s: 0.00
[ 105s ] thds: 32 tps: 1565.07 qps: 1565.07 (r/w/o: 0.00/1530.07/35.00) lat (ms,95%): 31.37 err/s: 0.00 reconn/s: 0.00
[ 106s ] thds: 32 tps: 1576.34 qps: 1576.34 (r/w/o: 0.00/1529.36/46.98) lat (ms,95%): 31.94 err/s: 0.00 reconn/s: 0.00
[ 107s ] thds: 32 tps: 1578.49 qps: 1578.49 (r/w/o: 0.00/1544.48/34.01) lat (ms,95%): 31.94 err/s: 0.00 reconn/s: 0.00
[ 108s ] thds: 32 tps: 1576.82 qps: 1576.82 (r/w/o: 0.00/1547.81/29.02) lat (ms,95%): 31.37 err/s: 0.00 reconn/s: 0.00
[ 109s ] thds: 32 tps: 1566.76 qps: 1566.76 (r/w/o: 0.00/1539.76/27.00) lat (ms,95%): 31.37 err/s: 0.00 reconn/s: 0.00
[ 110s ] thds: 32 tps: 1553.26 qps: 1553.26 (r/w/o: 0.00/1518.26/35.01) lat (ms,95%): 31.37 err/s: 0.00 reconn/s: 0.00
[ 111s ] thds: 32 tps: 1514.24 qps: 1514.24 (r/w/o: 0.00/1483.25/30.98) lat (ms,95%): 31.94 err/s: 0.00 reconn/s: 0.00
[ 112s ] thds: 32 tps: 1528.11 qps: 1528.11 (r/w/o: 0.00/1500.11/28.00) lat (ms,95%): 31.37 err/s: 0.00 reconn/s: 0.00
[ 113s ] thds: 32 tps: 1537.04 qps: 1537.04 (r/w/o: 0.00/1496.04/41.00) lat (ms,95%): 30.81 err/s: 0.00 reconn/s: 0.00
[ 114s ] thds: 32 tps: 1555.55 qps: 1555.55 (r/w/o: 0.00/1506.57/48.99) lat (ms,95%): 30.81 err/s: 0.00 reconn/s: 0.00
[ 115s ] thds: 32 tps: 1544.02 qps: 1544.02 (r/w/o: 0.00/1513.00/31.02) lat (ms,95%): 31.37 err/s: 0.00 reconn/s: 0.00
[ 116s ] thds: 32 tps: 1527.74 qps: 1527.74 (r/w/o: 0.00/1482.78/44.96) lat (ms,95%): 39.65 err/s: 0.00 reconn/s: 0.00
[ 117s ] thds: 32 tps: 1522.13 qps: 1522.13 (r/w/o: 0.00/1493.12/29.00) lat (ms,95%): 39.65 err/s: 0.00 reconn/s: 0.00
[ 118s ] thds: 32 tps: 1530.05 qps: 1530.05 (r/w/o: 0.00/1502.03/28.02) lat (ms,95%): 39.65 err/s: 0.00 reconn/s: 0.00
[ 119s ] thds: 32 tps: 1558.37 qps: 1558.37 (r/w/o: 0.00/1530.38/27.99) lat (ms,95%): 31.94 err/s: 0.00 reconn/s: 0.00
[ 120s ] thds: 32 tps: 1560.09 qps: 1560.09 (r/w/o: 0.00/1517.09/43.00) lat (ms,95%): 31.37 err/s: 0.00 reconn/s: 0.00
[ 121s ] thds: 32 tps: 1578.51 qps: 1578.51 (r/w/o: 0.00/1537.49/41.01) lat (ms,95%): 31.94 err/s: 0.00 reconn/s: 0.00
[ 122s ] thds: 32 tps: 1576.19 qps: 1576.19 (r/w/o: 0.00/1542.20/33.98) lat (ms,95%): 31.94 err/s: 0.00 reconn/s: 0.00
[ 123s ] thds: 32 tps: 1586.21 qps: 1586.21 (r/w/o: 0.00/1545.21/41.01) lat (ms,95%): 31.37 err/s: 0.00 reconn/s: 0.00
[ 124s ] thds: 32 tps: 1573.81 qps: 1573.81 (r/w/o: 0.00/1539.79/34.02) lat (ms,95%): 31.37 err/s: 0.00 reconn/s: 0.00
[ 125s ] thds: 32 tps: 1551.28 qps: 1551.28 (r/w/o: 0.00/1516.30/34.98) lat (ms,95%): 31.37 err/s: 0.00 reconn/s: 0.00
[ 126s ] thds: 32 tps: 1509.45 qps: 1509.45 (r/w/o: 0.00/1471.46/37.99) lat (ms,95%): 31.37 err/s: 0.00 reconn/s: 0.00
[ 127s ] thds: 32 tps: 1515.97 qps: 1515.97 (r/w/o: 0.00/1484.97/31.00) lat (ms,95%): 30.81 err/s: 0.00 reconn/s: 0.00
[ 128s ] thds: 32 tps: 1524.13 qps: 1524.13 (r/w/o: 0.00/1492.11/32.02) lat (ms,95%): 30.81 err/s: 0.00 reconn/s: 0.00
[ 129s ] thds: 32 tps: 1552.42 qps: 1552.42 (r/w/o: 0.00/1513.43/38.99) lat (ms,95%): 30.81 err/s: 0.00 reconn/s: 0.00
[ 130s ] thds: 32 tps: 1540.05 qps: 1540.05 (r/w/o: 0.00/1506.05/34.00) lat (ms,95%): 31.37 err/s: 0.00 reconn/s: 0.00
[ 131s ] thds: 32 tps: 1508.88 qps: 1508.88 (r/w/o: 0.00/1482.88/26.00) lat (ms,95%): 38.94 err/s: 0.00 reconn/s: 0.00
[ 132s ] thds: 32 tps: 1524.58 qps: 1524.58 (r/w/o: 0.00/1481.57/43.02) lat (ms,95%): 38.25 err/s: 0.00 reconn/s: 0.00
[ 133s ] thds: 32 tps: 1531.30 qps: 1531.30 (r/w/o: 0.00/1499.32/31.99) lat (ms,95%): 39.65 err/s: 0.00 reconn/s: 0.00
[ 134s ] thds: 32 tps: 1559.02 qps: 1559.02 (r/w/o: 0.00/1516.02/43.00) lat (ms,95%): 31.94 err/s: 0.00 reconn/s: 0.00
[ 135s ] thds: 32 tps: 1571.78 qps: 1571.78 (r/w/o: 0.00/1540.76/31.02) lat (ms,95%): 31.94 err/s: 0.00 reconn/s: 0.00
[ 136s ] thds: 32 tps: 1563.48 qps: 1563.48 (r/w/o: 0.00/1532.49/30.99) lat (ms,95%): 31.37 err/s: 0.00 reconn/s: 0.00
[ 137s ] thds: 32 tps: 1575.84 qps: 1575.84 (r/w/o: 0.00/1553.84/22.00) lat (ms,95%): 31.37 err/s: 0.00 reconn/s: 0.00
[ 138s ] thds: 32 tps: 1580.07 qps: 1580.07 (r/w/o: 0.00/1553.07/27.00) lat (ms,95%): 31.37 err/s: 0.00 reconn/s: 0.00
[ 139s ] thds: 32 tps: 1579.99 qps: 1579.99 (r/w/o: 0.00/1546.99/33.00) lat (ms,95%): 31.37 err/s: 0.00 reconn/s: 0.00
[ 140s ] thds: 32 tps: 1556.51 qps: 1556.51 (r/w/o: 0.00/1519.49/37.01) lat (ms,95%): 31.37 err/s: 0.00 reconn/s: 0.00
[ 141s ] thds: 32 tps: 1509.08 qps: 1509.08 (r/w/o: 0.00/1478.08/31.00) lat (ms,95%): 31.37 err/s: 0.00 reconn/s: 0.00
[ 142s ] thds: 32 tps: 1518.85 qps: 1518.85 (r/w/o: 0.00/1482.88/35.97) lat (ms,95%): 30.81 err/s: 0.00 reconn/s: 0.00
[ 143s ] thds: 32 tps: 1521.19 qps: 1521.19 (r/w/o: 0.00/1497.17/24.02) lat (ms,95%): 30.81 err/s: 0.00 reconn/s: 0.00
[ 144s ] thds: 32 tps: 1540.65 qps: 1540.65 (r/w/o: 0.00/1511.67/28.97) lat (ms,95%): 30.81 err/s: 0.00 reconn/s: 0.00
[ 145s ] thds: 32 tps: 1540.27 qps: 1540.27 (r/w/o: 0.00/1510.26/30.01) lat (ms,95%): 30.81 err/s: 0.00 reconn/s: 0.00
[ 146s ] thds: 32 tps: 1509.95 qps: 1509.95 (r/w/o: 0.00/1472.93/37.02) lat (ms,95%): 42.61 err/s: 0.00 reconn/s: 0.00
[ 147s ] thds: 32 tps: 1511.96 qps: 1511.96 (r/w/o: 0.00/1471.98/39.97) lat (ms,95%): 41.10 err/s: 0.00 reconn/s: 0.00
[ 148s ] thds: 32 tps: 1524.08 qps: 1524.08 (r/w/o: 0.00/1486.05/38.03) lat (ms,95%): 44.17 err/s: 0.00 reconn/s: 0.00
[ 149s ] thds: 32 tps: 1547.46 qps: 1547.46 (r/w/o: 0.00/1508.47/38.99) lat (ms,95%): 33.12 err/s: 0.00 reconn/s: 0.00
[ 150s ] thds: 32 tps: 1565.58 qps: 1565.58 (r/w/o: 0.00/1533.56/32.01) lat (ms,95%): 31.94 err/s: 0.00 reconn/s: 0.00
[ 151s ] thds: 32 tps: 1572.39 qps: 1572.39 (r/w/o: 0.00/1542.40/29.99) lat (ms,95%): 32.53 err/s: 0.00 reconn/s: 0.00
[ 152s ] thds: 32 tps: 1582.79 qps: 1582.79 (r/w/o: 0.00/1535.76/47.02) lat (ms,95%): 32.53 err/s: 0.00 reconn/s: 0.00
[ 153s ] thds: 32 tps: 1573.15 qps: 1573.15 (r/w/o: 0.00/1544.17/28.98) lat (ms,95%): 31.37 err/s: 0.00 reconn/s: 0.00
[ 154s ] thds: 32 tps: 1581.03 qps: 1581.03 (r/w/o: 0.00/1550.03/31.00) lat (ms,95%): 31.37 err/s: 0.00 reconn/s: 0.00
[ 155s ] thds: 32 tps: 1550.12 qps: 1550.12 (r/w/o: 0.00/1522.12/28.00) lat (ms,95%): 31.37 err/s: 0.00 reconn/s: 0.00
[ 156s ] thds: 32 tps: 1502.91 qps: 1502.91 (r/w/o: 0.00/1464.91/38.00) lat (ms,95%): 31.37 err/s: 0.00 reconn/s: 0.00
[ 157s ] thds: 32 tps: 1511.33 qps: 1511.33 (r/w/o: 0.00/1491.34/19.99) lat (ms,95%): 30.81 err/s: 0.00 reconn/s: 0.00
[ 158s ] thds: 32 tps: 1523.06 qps: 1523.06 (r/w/o: 0.00/1492.06/31.00) lat (ms,95%): 30.81 err/s: 0.00 reconn/s: 0.00
[ 159s ] thds: 32 tps: 1546.13 qps: 1546.13 (r/w/o: 0.00/1511.12/35.00) lat (ms,95%): 30.26 err/s: 0.00 reconn/s: 0.00
[ 160s ] thds: 32 tps: 1552.15 qps: 1552.15 (r/w/o: 0.00/1516.12/36.03) lat (ms,95%): 30.81 err/s: 0.00 reconn/s: 0.00
[ 161s ] thds: 32 tps: 1505.13 qps: 1505.13 (r/w/o: 0.00/1469.13/36.00) lat (ms,95%): 44.98 err/s: 0.00 reconn/s: 0.00
[ 162s ] thds: 32 tps: 1508.88 qps: 1508.88 (r/w/o: 0.00/1482.88/26.00) lat (ms,95%): 44.98 err/s: 0.00 reconn/s: 0.00
[ 163s ] thds: 32 tps: 1526.07 qps: 1526.07 (r/w/o: 0.00/1494.07/32.00) lat (ms,95%): 43.39 err/s: 0.00 reconn/s: 0.00
[ 164s ] thds: 32 tps: 1543.80 qps: 1543.80 (r/w/o: 0.00/1514.82/28.98) lat (ms,95%): 33.12 err/s: 0.00 reconn/s: 0.00
[ 165s ] thds: 32 tps: 1570.39 qps: 1570.39 (r/w/o: 0.00/1533.38/37.01) lat (ms,95%): 32.53 err/s: 0.00 reconn/s: 0.00
[ 166s ] thds: 32 tps: 1570.43 qps: 1570.43 (r/w/o: 0.00/1530.44/39.99) lat (ms,95%): 32.53 err/s: 0.00 reconn/s: 0.00
[ 167s ] thds: 32 tps: 1585.33 qps: 1585.33 (r/w/o: 0.00/1546.32/39.01) lat (ms,95%): 33.12 err/s: 0.00 reconn/s: 0.00
[ 168s ] thds: 32 tps: 1579.43 qps: 1579.43 (r/w/o: 0.00/1549.42/30.01) lat (ms,95%): 30.81 err/s: 0.00 reconn/s: 0.00
[ 169s ] thds: 32 tps: 1511.60 qps: 1511.60 (r/w/o: 0.00/1474.58/37.01) lat (ms,95%): 44.17 err/s: 0.00 reconn/s: 0.00
[ 170s ] thds: 32 tps: 1512.24 qps: 1512.24 (r/w/o: 0.00/1488.25/23.99) lat (ms,95%): 43.39 err/s: 0.00 reconn/s: 0.00
[ 171s ] thds: 32 tps: 1532.39 qps: 1532.39 (r/w/o: 0.00/1496.40/35.99) lat (ms,95%): 46.63 err/s: 0.00 reconn/s: 0.00
[ 172s ] thds: 32 tps: 1546.26 qps: 1546.26 (r/w/o: 0.00/1529.25/17.01) lat (ms,95%): 31.94 err/s: 0.00 reconn/s: 0.00
[ 173s ] thds: 32 tps: 1576.30 qps: 1576.30 (r/w/o: 0.00/1539.31/36.98) lat (ms,95%): 31.37 err/s: 0.00 reconn/s: 0.00
[ 174s ] thds: 32 tps: 1545.98 qps: 1545.98 (r/w/o: 0.00/1507.98/38.00) lat (ms,95%): 33.72 err/s: 0.00 reconn/s: 0.00
[ 175s ] thds: 32 tps: 1516.85 qps: 1516.85 (r/w/o: 0.00/1480.83/36.02) lat (ms,95%): 33.12 err/s: 0.00 reconn/s: 0.00
[ 176s ] thds: 32 tps: 1532.90 qps: 1532.90 (r/w/o: 0.00/1497.92/34.97) lat (ms,95%): 38.25 err/s: 0.00 reconn/s: 0.00
[ 177s ] thds: 32 tps: 1546.97 qps: 1546.97 (r/w/o: 0.00/1513.95/33.02) lat (ms,95%): 38.94 err/s: 0.00 reconn/s: 0.00
[ 178s ] thds: 32 tps: 1517.06 qps: 1517.06 (r/w/o: 0.00/1492.06/25.00) lat (ms,95%): 38.25 err/s: 0.00 reconn/s: 0.00
[ 179s ] thds: 32 tps: 1522.88 qps: 1522.88 (r/w/o: 0.00/1490.88/32.00) lat (ms,95%): 38.25 err/s: 0.00 reconn/s: 0.00
[ 180s ] thds: 32 tps: 1563.44 qps: 1563.44 (r/w/o: 0.00/1530.45/32.99) lat (ms,95%): 29.72 err/s: 0.00 reconn/s: 0.00
[ 181s ] thds: 32 tps: 1536.80 qps: 1536.80 (r/w/o: 0.00/1506.79/30.02) lat (ms,95%): 29.72 err/s: 0.00 reconn/s: 0.00
[ 182s ] thds: 32 tps: 1608.59 qps: 1608.59 (r/w/o: 0.00/1567.62/40.96) lat (ms,95%): 29.72 err/s: 0.00 reconn/s: 0.00
[ 183s ] thds: 32 tps: 1545.41 qps: 1545.41 (r/w/o: 0.00/1512.40/33.01) lat (ms,95%): 36.24 err/s: 0.00 reconn/s: 0.00
[ 184s ] thds: 32 tps: 1390.66 qps: 1390.66 (r/w/o: 0.00/1354.64/36.02) lat (ms,95%): 38.25 err/s: 0.00 reconn/s: 0.00
[ 185s ] thds: 32 tps: 1449.08 qps: 1449.08 (r/w/o: 0.00/1419.08/30.00) lat (ms,95%): 38.25 err/s: 0.00 reconn/s: 0.00
[ 186s ] thds: 32 tps: 1560.07 qps: 1560.07 (r/w/o: 0.00/1523.07/37.00) lat (ms,95%): 38.25 err/s: 0.00 reconn/s: 0.00
[ 187s ] thds: 32 tps: 1499.01 qps: 1499.01 (r/w/o: 0.00/1465.03/33.98) lat (ms,95%): 45.79 err/s: 0.00 reconn/s: 0.00
[ 188s ] thds: 32 tps: 1492.78 qps: 1492.78 (r/w/o: 0.00/1461.79/31.00) lat (ms,95%): 46.63 err/s: 0.00 reconn/s: 0.00
[ 189s ] thds: 32 tps: 1494.08 qps: 1494.08 (r/w/o: 0.00/1466.06/28.02) lat (ms,95%): 46.63 err/s: 0.00 reconn/s: 0.00
[ 190s ] thds: 32 tps: 1494.40 qps: 1494.40 (r/w/o: 0.00/1456.41/37.98) lat (ms,95%): 46.63 err/s: 0.00 reconn/s: 0.00
[ 191s ] thds: 32 tps: 1670.68 qps: 1670.68 (r/w/o: 0.00/1633.66/37.02) lat (ms,95%): 44.98 err/s: 0.00 reconn/s: 0.00
[ 192s ] thds: 32 tps: 1702.10 qps: 1702.10 (r/w/o: 0.00/1671.10/31.00) lat (ms,95%): 33.72 err/s: 0.00 reconn/s: 0.00
[ 193s ] thds: 32 tps: 1711.80 qps: 1711.80 (r/w/o: 0.00/1669.80/42.00) lat (ms,95%): 33.72 err/s: 0.00 reconn/s: 0.00
[ 194s ] thds: 32 tps: 1806.12 qps: 1806.12 (r/w/o: 0.00/1774.14/31.98) lat (ms,95%): 30.81 err/s: 0.00 reconn/s: 0.00
[ 195s ] thds: 32 tps: 1929.07 qps: 1929.07 (r/w/o: 0.00/1881.04/48.03) lat (ms,95%): 27.66 err/s: 0.00 reconn/s: 0.00
[ 196s ] thds: 32 tps: 1881.55 qps: 1881.55 (r/w/o: 0.00/1846.57/34.97) lat (ms,95%): 27.66 err/s: 0.00 reconn/s: 0.00
[ 197s ] thds: 32 tps: 1771.15 qps: 1771.15 (r/w/o: 0.00/1736.13/35.02) lat (ms,95%): 33.12 err/s: 0.00 reconn/s: 0.00
[ 198s ] thds: 32 tps: 1459.19 qps: 1459.19 (r/w/o: 0.00/1432.19/27.00) lat (ms,95%): 33.72 err/s: 0.00 reconn/s: 0.00
[ 199s ] thds: 32 tps: 1419.80 qps: 1419.80 (r/w/o: 0.00/1398.80/21.00) lat (ms,95%): 34.33 err/s: 0.00 reconn/s: 0.00
[ 200s ] thds: 32 tps: 1544.70 qps: 1544.70 (r/w/o: 0.00/1516.70/27.99) lat (ms,95%): 29.72 err/s: 0.00 reconn/s: 0.00
[ 201s ] thds: 32 tps: 1577.35 qps: 1577.35 (r/w/o: 0.00/1542.34/35.01) lat (ms,95%): 29.72 err/s: 0.00 reconn/s: 0.00
[ 202s ] thds: 32 tps: 1521.83 qps: 1521.83 (r/w/o: 0.00/1489.85/31.98) lat (ms,95%): 34.95 err/s: 0.00 reconn/s: 0.00
[ 203s ] thds: 32 tps: 1564.59 qps: 1564.59 (r/w/o: 0.00/1533.58/31.01) lat (ms,95%): 34.95 err/s: 0.00 reconn/s: 0.00
[ 204s ] thds: 32 tps: 1529.23 qps: 1529.23 (r/w/o: 0.00/1493.24/35.98) lat (ms,95%): 34.95 err/s: 0.00 reconn/s: 0.00
[ 205s ] thds: 32 tps: 1573.39 qps: 1573.39 (r/w/o: 0.00/1546.37/27.02) lat (ms,95%): 34.33 err/s: 0.00 reconn/s: 0.00
[ 206s ] thds: 32 tps: 1547.10 qps: 1547.10 (r/w/o: 0.00/1515.12/31.98) lat (ms,95%): 40.37 err/s: 0.00 reconn/s: 0.00
[ 207s ] thds: 32 tps: 1551.97 qps: 1551.97 (r/w/o: 0.00/1507.94/44.03) lat (ms,95%): 41.10 err/s: 0.00 reconn/s: 0.00
[ 208s ] thds: 32 tps: 1490.00 qps: 1490.00 (r/w/o: 0.00/1446.00/44.00) lat (ms,95%): 41.10 err/s: 0.00 reconn/s: 0.00
[ 209s ] thds: 32 tps: 1520.78 qps: 1520.78 (r/w/o: 0.00/1483.79/36.99) lat (ms,95%): 39.65 err/s: 0.00 reconn/s: 0.00
[ 210s ] thds: 32 tps: 1496.14 qps: 1496.14 (r/w/o: 0.00/1463.14/33.00) lat (ms,95%): 38.94 err/s: 0.00 reconn/s: 0.00
[ 211s ] thds: 32 tps: 1504.92 qps: 1504.92 (r/w/o: 0.00/1469.93/35.00) lat (ms,95%): 38.25 err/s: 0.00 reconn/s: 0.00
[ 212s ] thds: 32 tps: 1513.34 qps: 1513.34 (r/w/o: 0.00/1476.33/37.01) lat (ms,95%): 31.94 err/s: 0.00 reconn/s: 0.00
[ 213s ] thds: 32 tps: 1514.77 qps: 1514.77 (r/w/o: 0.00/1475.77/38.99) lat (ms,95%): 31.37 err/s: 0.00 reconn/s: 0.00
[ 214s ] thds: 32 tps: 1519.92 qps: 1519.92 (r/w/o: 0.00/1483.92/36.00) lat (ms,95%): 31.37 err/s: 0.00 reconn/s: 0.00
[ 215s ] thds: 32 tps: 1511.17 qps: 1511.17 (r/w/o: 0.00/1473.17/38.00) lat (ms,95%): 31.94 err/s: 0.00 reconn/s: 0.00
[ 216s ] thds: 32 tps: 1500.10 qps: 1500.10 (r/w/o: 0.00/1473.10/27.00) lat (ms,95%): 31.94 err/s: 0.00 reconn/s: 0.00
[ 217s ] thds: 32 tps: 1574.02 qps: 1574.02 (r/w/o: 0.00/1526.02/48.00) lat (ms,95%): 31.94 err/s: 0.00 reconn/s: 0.00
[ 218s ] thds: 32 tps: 1575.87 qps: 1575.87 (r/w/o: 0.00/1547.87/28.00) lat (ms,95%): 31.37 err/s: 0.00 reconn/s: 0.00
[ 219s ] thds: 32 tps: 1561.03 qps: 1561.03 (r/w/o: 0.00/1527.03/34.00) lat (ms,95%): 31.94 err/s: 0.00 reconn/s: 0.00
[ 220s ] thds: 32 tps: 1564.83 qps: 1564.83 (r/w/o: 0.00/1537.83/27.00) lat (ms,95%): 32.53 err/s: 0.00 reconn/s: 0.00
[ 221s ] thds: 32 tps: 1562.13 qps: 1562.13 (r/w/o: 0.00/1536.13/26.00) lat (ms,95%): 31.94 err/s: 0.00 reconn/s: 0.00
[ 222s ] thds: 32 tps: 1561.29 qps: 1561.29 (r/w/o: 0.00/1529.31/31.99) lat (ms,95%): 31.94 err/s: 0.00 reconn/s: 0.00
[ 223s ] thds: 32 tps: 1434.96 qps: 1434.96 (r/w/o: 0.00/1392.96/42.00) lat (ms,95%): 31.37 err/s: 0.00 reconn/s: 0.00
[ 224s ] thds: 32 tps: 1462.49 qps: 1462.49 (r/w/o: 0.00/1431.48/31.01) lat (ms,95%): 31.37 err/s: 0.00 reconn/s: 0.00
[ 225s ] thds: 32 tps: 1472.06 qps: 1472.06 (r/w/o: 0.00/1440.06/32.00) lat (ms,95%): 31.37 err/s: 0.00 reconn/s: 0.00
[ 226s ] thds: 32 tps: 1535.26 qps: 1535.26 (r/w/o: 0.00/1502.25/33.01) lat (ms,95%): 30.81 err/s: 0.00 reconn/s: 0.00
[ 227s ] thds: 32 tps: 1617.98 qps: 1617.98 (r/w/o: 0.00/1582.98/35.00) lat (ms,95%): 28.67 err/s: 0.00 reconn/s: 0.00
[ 228s ] thds: 32 tps: 1599.89 qps: 1599.89 (r/w/o: 0.00/1554.90/45.00) lat (ms,95%): 28.67 err/s: 0.00 reconn/s: 0.00
[ 229s ] thds: 32 tps: 1591.53 qps: 1591.53 (r/w/o: 0.00/1554.54/36.99) lat (ms,95%): 28.67 err/s: 0.00 reconn/s: 0.00
[ 230s ] thds: 32 tps: 1577.91 qps: 1577.91 (r/w/o: 0.00/1547.91/30.00) lat (ms,95%): 29.72 err/s: 0.00 reconn/s: 0.00
[ 231s ] thds: 32 tps: 1516.45 qps: 1516.45 (r/w/o: 0.00/1484.44/32.01) lat (ms,95%): 29.72 err/s: 0.00 reconn/s: 0.00
[ 232s ] thds: 32 tps: 1532.33 qps: 1532.33 (r/w/o: 0.00/1497.32/35.01) lat (ms,95%): 29.19 err/s: 0.00 reconn/s: 0.00
[ 233s ] thds: 32 tps: 1515.58 qps: 1515.58 (r/w/o: 0.00/1476.59/38.99) lat (ms,95%): 29.19 err/s: 0.00 reconn/s: 0.00
[ 234s ] thds: 32 tps: 1471.06 qps: 1471.06 (r/w/o: 0.00/1435.06/36.00) lat (ms,95%): 36.24 err/s: 0.00 reconn/s: 0.00
[ 235s ] thds: 32 tps: 1482.69 qps: 1482.69 (r/w/o: 0.00/1446.70/35.99) lat (ms,95%): 36.24 err/s: 0.00 reconn/s: 0.00
[ 236s ] thds: 32 tps: 1476.60 qps: 1476.60 (r/w/o: 0.00/1450.59/26.01) lat (ms,95%): 36.24 err/s: 0.00 reconn/s: 0.00
[ 237s ] thds: 32 tps: 1504.91 qps: 1504.91 (r/w/o: 0.00/1468.93/35.97) lat (ms,95%): 36.24 err/s: 0.00 reconn/s: 0.00
[ 238s ] thds: 32 tps: 1540.64 qps: 1540.64 (r/w/o: 0.00/1513.63/27.01) lat (ms,95%): 28.16 err/s: 0.00 reconn/s: 0.00
[ 239s ] thds: 32 tps: 1513.77 qps: 1513.77 (r/w/o: 0.00/1479.78/33.99) lat (ms,95%): 28.67 err/s: 0.00 reconn/s: 0.00
[ 240s ] thds: 32 tps: 1507.54 qps: 1507.54 (r/w/o: 0.00/1478.53/29.01) lat (ms,95%): 29.19 err/s: 0.00 reconn/s: 0.00
Latency histogram (values are in milliseconds)
       value  ------------- distribution ------------- count
       6.205 |                                         7
       6.318 |                                         12
       6.433 |                                         38
       6.550 |                                         51
       6.669 |                                         99
       6.790 |                                         172
       6.913 |*                                        334
       7.039 |**                                       777
       7.167 |***                                      1174
       7.297 |******                                   2494
       7.430 |**********                               4275
       7.565 |***********                              4487
       7.702 |************                             4965
       7.842 |***************                          6087
       7.985 |*******************                      7651
       8.130 |*******************                      7657
       8.277 |*******************                      7822
       8.428 |************************                 9907
       8.581 |*******************                      7810
       8.737 |*************                            5392
       8.895 |***********                              4422
       9.057 |******                                   2643
       9.222 |****                                     1726
       9.389 |****                                     1529
       9.560 |***                                      1308
       9.734 |**                                       801
       9.910 |*                                        613
      10.090 |*                                        453
      10.274 |*                                        423
      10.460 |*                                        446
      10.651 |*                                        516
      10.844 |*                                        398
      11.041 |*                                        446
      11.242 |*                                        581
      11.446 |**                                       730
      11.654 |**                                       1020
      11.866 |**                                       761
      12.081 |**                                       855
      12.301 |**                                       1020
      12.524 |***                                      1247
      12.752 |****                                     1700
      12.984 |***                                      1417
      13.219 |****                                     1702
      13.460 |*****                                    2066
      13.704 |*******                                  3054
      13.953 |*******                                  2987
      14.207 |*******                                  2992
      14.465 |********                                 3380
      14.728 |************                             4784
      14.995 |***********                              4365
      15.268 |*********                                3578
      15.545 |*******                                  3031
      15.828 |*********                                3590
      16.115 |******                                   2654
      16.408 |*****                                    2053
      16.706 |****                                     1825
      17.010 |*****                                    2135
      17.319 |****                                     1610
      17.633 |****                                     1622
      17.954 |*****                                    2238
      18.280 |****                                     1712
      18.612 |****                                     1608
      18.950 |*****                                    2106
      19.295 |*****                                    1935
      19.645 |*****                                    2170
      20.002 |*********                                3539
      20.366 |********                                 3446
      20.736 |**********                               4195
      21.112 |*****************                        7088
      21.496 |*****************                        6837
      21.886 |*********************                    8771
      22.284 |********************************         13310
      22.689 |***********************                  9527
      23.101 |*************************                10482
      23.521 |********************                     8199
      23.948 |************                             5075
      24.384 |************                             4800
      24.827 |*******                                  2783
      25.278 |********                                 3304
      25.737 |*******                                  2897
      26.205 |*********                                3683
      26.681 |***********                              4669
      27.165 |************                             4889
      27.659 |*******************                      7637
      28.162 |******************                       7345
      28.673 |******************************           12298
      29.194 |**************************               10675
      29.725 |**************************************** 16492
      30.265 |*****************************            11885
      30.815 |*********************************        13711
      31.375 |*****************                        7153
      31.945 |**************                           5721
      32.525 |******                                   2606
      33.116 |****                                     1664
      33.718 |***                                      1063
      34.330 |*                                        600
      34.954 |**                                       643
      35.589 |*                                        436
      36.236 |*                                        586
      36.894 |*                                        558
      37.565 |*                                        359
      38.247 |*                                        395
      38.942 |*                                        446
      39.650 |*                                        475
      40.370 |*                                        575
      41.104 |*                                        516
      41.851 |*                                        466
      42.611 |*                                        495
      43.385 |*                                        251
      44.173 |                                         198
      44.976 |*                                        286
      45.793 |*                                        363
      46.625 |*                                        246
      47.472 |                                         201
      48.335 |*                                        258
      49.213 |                                         166
      50.107 |                                         133
      51.018 |                                         163
      51.945 |                                         174
      52.889 |*                                        262
      53.850 |*                                        222
      54.828 |                                         54
      55.824 |                                         23
      56.839 |                                         13
      57.871 |                                         4
      58.923 |                                         10
      59.993 |                                         11
      61.083 |                                         56
      62.193 |                                         158
      63.323 |                                         163
      64.474 |                                         83
      65.645 |                                         17
      66.838 |                                         8
      68.053 |                                         19
      69.289 |                                         13
      70.548 |                                         23
      71.830 |                                         80
      73.135 |                                         83
      74.464 |                                         69
      75.817 |                                         75
      77.194 |                                         12
      78.597 |                                         7
      80.025 |                                         2
      86.002 |                                         1
      89.155 |                                         1
      92.424 |                                         1
      94.104 |                                         5
      95.814 |                                         1
      97.555 |                                         6
     102.969 |                                         78
     104.840 |                                         51
     123.285 |                                         1
     139.846 |                                         1
     147.608 |                                         2
     155.801 |                                         1
     161.514 |                                         1
     170.479 |                                         1
     173.577 |                                         1
     183.211 |                                         3
     186.540 |                                         38
     189.929 |                                         3
     267.408 |                                         6
     277.214 |                                         1
 
SQL statistics:
    queries performed:
        read:                            0
        write:                           363797
        other:                           8069
        total:                           371866
    transactions:                        371866 (1548.82 per sec.)
    queries:                             371866 (1548.82 per sec.)
    ignored errors:                      0      (0.00 per sec.)
    reconnects:                          0      (0.00 per sec.)

Throughput:
    events/s (eps):                      1548.8182
    time elapsed:                        240.0968s
    total number of events:              371866

Latency (ms):
         min:                                    6.17
         avg:                                   20.65
         max:                                  276.71
         95th percentile:                       31.94
         sum:                              7680279.70

Threads fairness:
    events (avg/stddev):           11620.8125/5966.49
    execution time (avg/stddev):   240.0087/0.03

