sysbench 1.1.0-3ceba0b (using bundled LuaJIT 2.1.0-beta3)

Running the test with following options:
Number of threads: 256
Warmup time: 60s
Report intermediate results every 1 second(s)
Initializing random number generator from current time


Initializing worker threads...

Threads started!

Warming up for 60 seconds...

[ 1s ] thds: 256 tps: 18475.30 qps: 18475.30 (r/w/o: 18475.30/0.00/0.00) lat (ms,95%): 42.61 err/s: 0.00 reconn/s: 0.00
[ 2s ] thds: 256 tps: 18994.21 qps: 18994.21 (r/w/o: 18994.21/0.00/0.00) lat (ms,95%): 41.85 err/s: 0.00 reconn/s: 0.00
[ 3s ] thds: 256 tps: 19100.75 qps: 19100.75 (r/w/o: 19100.75/0.00/0.00) lat (ms,95%): 41.85 err/s: 0.00 reconn/s: 0.00
[ 4s ] thds: 256 tps: 18738.77 qps: 18738.77 (r/w/o: 18738.77/0.00/0.00) lat (ms,95%): 42.61 err/s: 0.00 reconn/s: 0.00
[ 5s ] thds: 256 tps: 18796.19 qps: 18796.19 (r/w/o: 18796.19/0.00/0.00) lat (ms,95%): 42.61 err/s: 0.00 reconn/s: 0.00
[ 6s ] thds: 256 tps: 18900.12 qps: 18900.12 (r/w/o: 18900.12/0.00/0.00) lat (ms,95%): 41.10 err/s: 0.00 reconn/s: 0.00
[ 7s ] thds: 256 tps: 19334.55 qps: 19334.55 (r/w/o: 19334.55/0.00/0.00) lat (ms,95%): 41.85 err/s: 0.00 reconn/s: 0.00
[ 8s ] thds: 256 tps: 18945.13 qps: 18945.13 (r/w/o: 18945.13/0.00/0.00) lat (ms,95%): 41.85 err/s: 0.00 reconn/s: 0.00
[ 9s ] thds: 256 tps: 18795.80 qps: 18795.80 (r/w/o: 18795.80/0.00/0.00) lat (ms,95%): 42.61 err/s: 0.00 reconn/s: 0.00
[ 10s ] thds: 256 tps: 19149.80 qps: 19149.80 (r/w/o: 19149.80/0.00/0.00) lat (ms,95%): 41.10 err/s: 0.00 reconn/s: 0.00
[ 11s ] thds: 256 tps: 19016.30 qps: 19016.30 (r/w/o: 19016.30/0.00/0.00) lat (ms,95%): 41.85 err/s: 0.00 reconn/s: 0.00
[ 12s ] thds: 256 tps: 19396.58 qps: 19396.58 (r/w/o: 19396.58/0.00/0.00) lat (ms,95%): 40.37 err/s: 0.00 reconn/s: 0.00
[ 13s ] thds: 256 tps: 19040.42 qps: 19040.42 (r/w/o: 19040.42/0.00/0.00) lat (ms,95%): 41.85 err/s: 0.00 reconn/s: 0.00
[ 14s ] thds: 256 tps: 18985.49 qps: 18985.49 (r/w/o: 18985.49/0.00/0.00) lat (ms,95%): 43.39 err/s: 0.00 reconn/s: 0.00
[ 15s ] thds: 256 tps: 19095.87 qps: 19095.87 (r/w/o: 19095.87/0.00/0.00) lat (ms,95%): 41.10 err/s: 0.00 reconn/s: 0.00
[ 16s ] thds: 256 tps: 18916.56 qps: 18916.56 (r/w/o: 18916.56/0.00/0.00) lat (ms,95%): 43.39 err/s: 0.00 reconn/s: 0.00
[ 17s ] thds: 256 tps: 18864.37 qps: 18864.37 (r/w/o: 18864.37/0.00/0.00) lat (ms,95%): 41.10 err/s: 0.00 reconn/s: 0.00
[ 18s ] thds: 256 tps: 19017.48 qps: 19017.48 (r/w/o: 19017.48/0.00/0.00) lat (ms,95%): 41.85 err/s: 0.00 reconn/s: 0.00
[ 19s ] thds: 256 tps: 18817.39 qps: 18817.39 (r/w/o: 18817.39/0.00/0.00) lat (ms,95%): 43.39 err/s: 0.00 reconn/s: 0.00
[ 20s ] thds: 256 tps: 18752.94 qps: 18752.94 (r/w/o: 18752.94/0.00/0.00) lat (ms,95%): 42.61 err/s: 0.00 reconn/s: 0.00
[ 21s ] thds: 256 tps: 18854.12 qps: 18854.12 (r/w/o: 18854.12/0.00/0.00) lat (ms,95%): 41.85 err/s: 0.00 reconn/s: 0.00
[ 22s ] thds: 256 tps: 18803.22 qps: 18803.22 (r/w/o: 18803.22/0.00/0.00) lat (ms,95%): 42.61 err/s: 0.00 reconn/s: 0.00
[ 23s ] thds: 256 tps: 18813.51 qps: 18813.51 (r/w/o: 18813.51/0.00/0.00) lat (ms,95%): 41.85 err/s: 0.00 reconn/s: 0.00
[ 24s ] thds: 256 tps: 19100.83 qps: 19100.83 (r/w/o: 19100.83/0.00/0.00) lat (ms,95%): 42.61 err/s: 0.00 reconn/s: 0.00
[ 25s ] thds: 256 tps: 18852.53 qps: 18852.53 (r/w/o: 18852.53/0.00/0.00) lat (ms,95%): 42.61 err/s: 0.00 reconn/s: 0.00
[ 26s ] thds: 256 tps: 19283.21 qps: 19283.21 (r/w/o: 19283.21/0.00/0.00) lat (ms,95%): 41.10 err/s: 0.00 reconn/s: 0.00
[ 27s ] thds: 256 tps: 19085.22 qps: 19085.22 (r/w/o: 19085.22/0.00/0.00) lat (ms,95%): 41.85 err/s: 0.00 reconn/s: 0.00
[ 28s ] thds: 256 tps: 18985.26 qps: 18985.26 (r/w/o: 18985.26/0.00/0.00) lat (ms,95%): 41.85 err/s: 0.00 reconn/s: 0.00
[ 29s ] thds: 256 tps: 19105.92 qps: 19105.92 (r/w/o: 19105.92/0.00/0.00) lat (ms,95%): 42.61 err/s: 0.00 reconn/s: 0.00
[ 30s ] thds: 256 tps: 19240.55 qps: 19240.55 (r/w/o: 19240.55/0.00/0.00) lat (ms,95%): 41.85 err/s: 0.00 reconn/s: 0.00
[ 31s ] thds: 256 tps: 19019.92 qps: 19019.92 (r/w/o: 19019.92/0.00/0.00) lat (ms,95%): 42.61 err/s: 0.00 reconn/s: 0.00
[ 32s ] thds: 256 tps: 18991.56 qps: 18991.56 (r/w/o: 18991.56/0.00/0.00) lat (ms,95%): 42.61 err/s: 0.00 reconn/s: 0.00
[ 33s ] thds: 256 tps: 19060.51 qps: 19060.51 (r/w/o: 19060.51/0.00/0.00) lat (ms,95%): 41.85 err/s: 0.00 reconn/s: 0.00
[ 34s ] thds: 256 tps: 18880.81 qps: 18880.81 (r/w/o: 18880.81/0.00/0.00) lat (ms,95%): 41.10 err/s: 0.00 reconn/s: 0.00
[ 35s ] thds: 256 tps: 18894.88 qps: 18894.88 (r/w/o: 18894.88/0.00/0.00) lat (ms,95%): 43.39 err/s: 0.00 reconn/s: 0.00
[ 36s ] thds: 256 tps: 19040.21 qps: 19040.21 (r/w/o: 19040.21/0.00/0.00) lat (ms,95%): 41.85 err/s: 0.00 reconn/s: 0.00
[ 37s ] thds: 256 tps: 18790.58 qps: 18790.58 (r/w/o: 18790.58/0.00/0.00) lat (ms,95%): 42.61 err/s: 0.00 reconn/s: 0.00
[ 38s ] thds: 256 tps: 18865.55 qps: 18865.55 (r/w/o: 18865.55/0.00/0.00) lat (ms,95%): 42.61 err/s: 0.00 reconn/s: 0.00
[ 39s ] thds: 256 tps: 19120.54 qps: 19120.54 (r/w/o: 19120.54/0.00/0.00) lat (ms,95%): 41.85 err/s: 0.00 reconn/s: 0.00
[ 40s ] thds: 256 tps: 18788.72 qps: 18788.72 (r/w/o: 18788.72/0.00/0.00) lat (ms,95%): 43.39 err/s: 0.00 reconn/s: 0.00
[ 41s ] thds: 256 tps: 18796.86 qps: 18796.86 (r/w/o: 18796.86/0.00/0.00) lat (ms,95%): 42.61 err/s: 0.00 reconn/s: 0.00
[ 42s ] thds: 256 tps: 18597.05 qps: 18597.05 (r/w/o: 18597.05/0.00/0.00) lat (ms,95%): 42.61 err/s: 0.00 reconn/s: 0.00
[ 43s ] thds: 256 tps: 19018.19 qps: 19018.19 (r/w/o: 19018.19/0.00/0.00) lat (ms,95%): 41.85 err/s: 0.00 reconn/s: 0.00
[ 44s ] thds: 256 tps: 18847.05 qps: 18847.05 (r/w/o: 18847.05/0.00/0.00) lat (ms,95%): 42.61 err/s: 0.00 reconn/s: 0.00
[ 45s ] thds: 256 tps: 18902.21 qps: 18902.21 (r/w/o: 18902.21/0.00/0.00) lat (ms,95%): 41.85 err/s: 0.00 reconn/s: 0.00
[ 46s ] thds: 256 tps: 19003.14 qps: 19003.14 (r/w/o: 19003.14/0.00/0.00) lat (ms,95%): 42.61 err/s: 0.00 reconn/s: 0.00
[ 47s ] thds: 256 tps: 18930.09 qps: 18930.09 (r/w/o: 18930.09/0.00/0.00) lat (ms,95%): 41.10 err/s: 0.00 reconn/s: 0.00
[ 48s ] thds: 256 tps: 18580.44 qps: 18580.44 (r/w/o: 18580.44/0.00/0.00) lat (ms,95%): 41.85 err/s: 0.00 reconn/s: 0.00
[ 49s ] thds: 256 tps: 18951.61 qps: 18951.61 (r/w/o: 18951.61/0.00/0.00) lat (ms,95%): 42.61 err/s: 0.00 reconn/s: 0.00
[ 50s ] thds: 256 tps: 19036.63 qps: 19036.63 (r/w/o: 19036.63/0.00/0.00) lat (ms,95%): 42.61 err/s: 0.00 reconn/s: 0.00
[ 51s ] thds: 256 tps: 19008.35 qps: 19008.35 (r/w/o: 19008.35/0.00/0.00) lat (ms,95%): 42.61 err/s: 0.00 reconn/s: 0.00
[ 52s ] thds: 256 tps: 19027.92 qps: 19027.92 (r/w/o: 19027.92/0.00/0.00) lat (ms,95%): 41.10 err/s: 0.00 reconn/s: 0.00
[ 53s ] thds: 256 tps: 18957.04 qps: 18957.04 (r/w/o: 18957.04/0.00/0.00) lat (ms,95%): 42.61 err/s: 0.00 reconn/s: 0.00
[ 54s ] thds: 256 tps: 18810.09 qps: 18810.09 (r/w/o: 18810.09/0.00/0.00) lat (ms,95%): 42.61 err/s: 0.00 reconn/s: 0.00
[ 55s ] thds: 256 tps: 18689.65 qps: 18689.65 (r/w/o: 18689.65/0.00/0.00) lat (ms,95%): 42.61 err/s: 0.00 reconn/s: 0.00
[ 56s ] thds: 256 tps: 18984.74 qps: 18984.74 (r/w/o: 18984.74/0.00/0.00) lat (ms,95%): 42.61 err/s: 0.00 reconn/s: 0.00
[ 57s ] thds: 256 tps: 18913.59 qps: 18913.59 (r/w/o: 18913.59/0.00/0.00) lat (ms,95%): 41.85 err/s: 0.00 reconn/s: 0.00
[ 58s ] thds: 256 tps: 18669.32 qps: 18669.32 (r/w/o: 18669.32/0.00/0.00) lat (ms,95%): 42.61 err/s: 0.00 reconn/s: 0.00
[ 59s ] thds: 256 tps: 18939.27 qps: 18939.27 (r/w/o: 18939.27/0.00/0.00) lat (ms,95%): 42.61 err/s: 0.00 reconn/s: 0.00
[ 60s ] thds: 256 tps: 19152.00 qps: 19152.00 (r/w/o: 19152.00/0.00/0.00) lat (ms,95%): 41.85 err/s: 0.00 reconn/s: 0.00
[ 61s ] thds: 256 tps: 18970.30 qps: 18970.30 (r/w/o: 18970.30/0.00/0.00) lat (ms,95%): 41.10 err/s: 0.00 reconn/s: 0.00
[ 62s ] thds: 256 tps: 18986.25 qps: 18986.25 (r/w/o: 18986.25/0.00/0.00) lat (ms,95%): 41.85 err/s: 0.00 reconn/s: 0.00
[ 63s ] thds: 256 tps: 18731.04 qps: 18731.04 (r/w/o: 18731.04/0.00/0.00) lat (ms,95%): 42.61 err/s: 0.00 reconn/s: 0.00
[ 64s ] thds: 256 tps: 19026.25 qps: 19026.25 (r/w/o: 19026.25/0.00/0.00) lat (ms,95%): 42.61 err/s: 0.00 reconn/s: 0.00
[ 65s ] thds: 256 tps: 18978.31 qps: 18978.31 (r/w/o: 18978.31/0.00/0.00) lat (ms,95%): 41.85 err/s: 0.00 reconn/s: 0.00
[ 66s ] thds: 256 tps: 18979.64 qps: 18979.64 (r/w/o: 18979.64/0.00/0.00) lat (ms,95%): 42.61 err/s: 0.00 reconn/s: 0.00
[ 67s ] thds: 256 tps: 19291.91 qps: 19291.91 (r/w/o: 19291.91/0.00/0.00) lat (ms,95%): 42.61 err/s: 0.00 reconn/s: 0.00
[ 68s ] thds: 256 tps: 18988.47 qps: 18988.47 (r/w/o: 18988.47/0.00/0.00) lat (ms,95%): 41.85 err/s: 0.00 reconn/s: 0.00
[ 69s ] thds: 256 tps: 18820.50 qps: 18820.50 (r/w/o: 18820.50/0.00/0.00) lat (ms,95%): 42.61 err/s: 0.00 reconn/s: 0.00
[ 70s ] thds: 256 tps: 18830.95 qps: 18830.95 (r/w/o: 18830.95/0.00/0.00) lat (ms,95%): 42.61 err/s: 0.00 reconn/s: 0.00
[ 71s ] thds: 256 tps: 18825.16 qps: 18825.16 (r/w/o: 18825.16/0.00/0.00) lat (ms,95%): 41.85 err/s: 0.00 reconn/s: 0.00
[ 72s ] thds: 256 tps: 19170.22 qps: 19170.22 (r/w/o: 19170.22/0.00/0.00) lat (ms,95%): 41.85 err/s: 0.00 reconn/s: 0.00
[ 73s ] thds: 256 tps: 19069.79 qps: 19069.79 (r/w/o: 19069.79/0.00/0.00) lat (ms,95%): 41.10 err/s: 0.00 reconn/s: 0.00
[ 74s ] thds: 256 tps: 19138.71 qps: 19138.71 (r/w/o: 19138.71/0.00/0.00) lat (ms,95%): 42.61 err/s: 0.00 reconn/s: 0.00
[ 75s ] thds: 256 tps: 19115.37 qps: 19115.37 (r/w/o: 19115.37/0.00/0.00) lat (ms,95%): 41.10 err/s: 0.00 reconn/s: 0.00
[ 76s ] thds: 256 tps: 18989.93 qps: 18989.93 (r/w/o: 18989.93/0.00/0.00) lat (ms,95%): 41.85 err/s: 0.00 reconn/s: 0.00
[ 77s ] thds: 256 tps: 18821.65 qps: 18821.65 (r/w/o: 18821.65/0.00/0.00) lat (ms,95%): 42.61 err/s: 0.00 reconn/s: 0.00
[ 78s ] thds: 256 tps: 19177.48 qps: 19177.48 (r/w/o: 19177.48/0.00/0.00) lat (ms,95%): 42.61 err/s: 0.00 reconn/s: 0.00
[ 79s ] thds: 256 tps: 19127.60 qps: 19127.60 (r/w/o: 19127.60/0.00/0.00) lat (ms,95%): 41.85 err/s: 0.00 reconn/s: 0.00
[ 80s ] thds: 256 tps: 19016.08 qps: 19016.08 (r/w/o: 19016.08/0.00/0.00) lat (ms,95%): 41.85 err/s: 0.00 reconn/s: 0.00
[ 81s ] thds: 256 tps: 19027.44 qps: 19027.44 (r/w/o: 19027.44/0.00/0.00) lat (ms,95%): 41.85 err/s: 0.00 reconn/s: 0.00
[ 82s ] thds: 256 tps: 18599.30 qps: 18599.30 (r/w/o: 18599.30/0.00/0.00) lat (ms,95%): 42.61 err/s: 0.00 reconn/s: 0.00
[ 83s ] thds: 256 tps: 18829.24 qps: 18829.24 (r/w/o: 18829.24/0.00/0.00) lat (ms,95%): 42.61 err/s: 0.00 reconn/s: 0.00
[ 84s ] thds: 256 tps: 19044.90 qps: 19044.90 (r/w/o: 19044.90/0.00/0.00) lat (ms,95%): 41.85 err/s: 0.00 reconn/s: 0.00
[ 85s ] thds: 256 tps: 19164.72 qps: 19164.72 (r/w/o: 19164.72/0.00/0.00) lat (ms,95%): 41.85 err/s: 0.00 reconn/s: 0.00
[ 86s ] thds: 256 tps: 19158.50 qps: 19158.50 (r/w/o: 19158.50/0.00/0.00) lat (ms,95%): 41.85 err/s: 0.00 reconn/s: 0.00
[ 87s ] thds: 256 tps: 19013.32 qps: 19013.32 (r/w/o: 19013.32/0.00/0.00) lat (ms,95%): 42.61 err/s: 0.00 reconn/s: 0.00
[ 88s ] thds: 256 tps: 19353.86 qps: 19353.86 (r/w/o: 19353.86/0.00/0.00) lat (ms,95%): 41.85 err/s: 0.00 reconn/s: 0.00
[ 89s ] thds: 256 tps: 18871.47 qps: 18871.47 (r/w/o: 18871.47/0.00/0.00) lat (ms,95%): 42.61 err/s: 0.00 reconn/s: 0.00
[ 90s ] thds: 256 tps: 18695.91 qps: 18695.91 (r/w/o: 18695.91/0.00/0.00) lat (ms,95%): 42.61 err/s: 0.00 reconn/s: 0.00
[ 91s ] thds: 256 tps: 18997.00 qps: 18997.00 (r/w/o: 18997.00/0.00/0.00) lat (ms,95%): 43.39 err/s: 0.00 reconn/s: 0.00
[ 92s ] thds: 256 tps: 19022.01 qps: 19022.01 (r/w/o: 19022.01/0.00/0.00) lat (ms,95%): 42.61 err/s: 0.00 reconn/s: 0.00
[ 93s ] thds: 256 tps: 18941.06 qps: 18941.06 (r/w/o: 18941.06/0.00/0.00) lat (ms,95%): 43.39 err/s: 0.00 reconn/s: 0.00
[ 94s ] thds: 256 tps: 18847.36 qps: 18847.36 (r/w/o: 18847.36/0.00/0.00) lat (ms,95%): 42.61 err/s: 0.00 reconn/s: 0.00
[ 95s ] thds: 256 tps: 19109.64 qps: 19109.64 (r/w/o: 19109.64/0.00/0.00) lat (ms,95%): 42.61 err/s: 0.00 reconn/s: 0.00
[ 96s ] thds: 256 tps: 18866.31 qps: 18866.31 (r/w/o: 18866.31/0.00/0.00) lat (ms,95%): 42.61 err/s: 0.00 reconn/s: 0.00
[ 97s ] thds: 256 tps: 18657.61 qps: 18657.61 (r/w/o: 18657.61/0.00/0.00) lat (ms,95%): 43.39 err/s: 0.00 reconn/s: 0.00
[ 98s ] thds: 256 tps: 19085.82 qps: 19085.82 (r/w/o: 19085.82/0.00/0.00) lat (ms,95%): 42.61 err/s: 0.00 reconn/s: 0.00
[ 99s ] thds: 256 tps: 19140.70 qps: 19140.70 (r/w/o: 19140.70/0.00/0.00) lat (ms,95%): 41.10 err/s: 0.00 reconn/s: 0.00
[ 100s ] thds: 256 tps: 19280.90 qps: 19280.90 (r/w/o: 19280.90/0.00/0.00) lat (ms,95%): 41.85 err/s: 0.00 reconn/s: 0.00
[ 101s ] thds: 256 tps: 18863.59 qps: 18863.59 (r/w/o: 18863.59/0.00/0.00) lat (ms,95%): 43.39 err/s: 0.00 reconn/s: 0.00
[ 102s ] thds: 256 tps: 19405.42 qps: 19405.42 (r/w/o: 19405.42/0.00/0.00) lat (ms,95%): 40.37 err/s: 0.00 reconn/s: 0.00
[ 103s ] thds: 256 tps: 18812.38 qps: 18812.38 (r/w/o: 18812.38/0.00/0.00) lat (ms,95%): 42.61 err/s: 0.00 reconn/s: 0.00
[ 104s ] thds: 256 tps: 18957.28 qps: 18957.28 (r/w/o: 18957.28/0.00/0.00) lat (ms,95%): 41.85 err/s: 0.00 reconn/s: 0.00
[ 105s ] thds: 256 tps: 18919.46 qps: 18919.46 (r/w/o: 18919.46/0.00/0.00) lat (ms,95%): 42.61 err/s: 0.00 reconn/s: 0.00
[ 106s ] thds: 256 tps: 18762.40 qps: 18762.40 (r/w/o: 18762.40/0.00/0.00) lat (ms,95%): 41.10 err/s: 0.00 reconn/s: 0.00
[ 107s ] thds: 256 tps: 18980.51 qps: 18980.51 (r/w/o: 18980.51/0.00/0.00) lat (ms,95%): 41.85 err/s: 0.00 reconn/s: 0.00
[ 108s ] thds: 256 tps: 18846.50 qps: 18846.50 (r/w/o: 18846.50/0.00/0.00) lat (ms,95%): 42.61 err/s: 0.00 reconn/s: 0.00
[ 109s ] thds: 256 tps: 19062.45 qps: 19062.45 (r/w/o: 19062.45/0.00/0.00) lat (ms,95%): 41.85 err/s: 0.00 reconn/s: 0.00
[ 110s ] thds: 256 tps: 18689.59 qps: 18689.59 (r/w/o: 18689.59/0.00/0.00) lat (ms,95%): 42.61 err/s: 0.00 reconn/s: 0.00
[ 111s ] thds: 256 tps: 18980.16 qps: 18980.16 (r/w/o: 18980.16/0.00/0.00) lat (ms,95%): 41.85 err/s: 0.00 reconn/s: 0.00
[ 112s ] thds: 256 tps: 18582.05 qps: 18582.05 (r/w/o: 18582.05/0.00/0.00) lat (ms,95%): 43.39 err/s: 0.00 reconn/s: 0.00
[ 113s ] thds: 256 tps: 18625.56 qps: 18625.56 (r/w/o: 18625.56/0.00/0.00) lat (ms,95%): 43.39 err/s: 0.00 reconn/s: 0.00
[ 114s ] thds: 256 tps: 19040.16 qps: 19040.16 (r/w/o: 19040.16/0.00/0.00) lat (ms,95%): 42.61 err/s: 0.00 reconn/s: 0.00
[ 115s ] thds: 256 tps: 18807.75 qps: 18807.75 (r/w/o: 18807.75/0.00/0.00) lat (ms,95%): 41.85 err/s: 0.00 reconn/s: 0.00
[ 116s ] thds: 256 tps: 18921.05 qps: 18921.05 (r/w/o: 18921.05/0.00/0.00) lat (ms,95%): 41.85 err/s: 0.00 reconn/s: 0.00
[ 117s ] thds: 256 tps: 18710.68 qps: 18710.68 (r/w/o: 18710.68/0.00/0.00) lat (ms,95%): 42.61 err/s: 0.00 reconn/s: 0.00
[ 118s ] thds: 256 tps: 18908.54 qps: 18908.54 (r/w/o: 18908.54/0.00/0.00) lat (ms,95%): 42.61 err/s: 0.00 reconn/s: 0.00
[ 119s ] thds: 256 tps: 18610.86 qps: 18610.86 (r/w/o: 18610.86/0.00/0.00) lat (ms,95%): 42.61 err/s: 0.00 reconn/s: 0.00
[ 120s ] thds: 256 tps: 19058.72 qps: 19058.72 (r/w/o: 19058.72/0.00/0.00) lat (ms,95%): 42.61 err/s: 0.00 reconn/s: 0.00
[ 121s ] thds: 256 tps: 19143.81 qps: 19143.81 (r/w/o: 19143.81/0.00/0.00) lat (ms,95%): 42.61 err/s: 0.00 reconn/s: 0.00
[ 122s ] thds: 256 tps: 18708.24 qps: 18708.24 (r/w/o: 18708.24/0.00/0.00) lat (ms,95%): 43.39 err/s: 0.00 reconn/s: 0.00
[ 123s ] thds: 256 tps: 19140.11 qps: 19140.11 (r/w/o: 19140.11/0.00/0.00) lat (ms,95%): 41.85 err/s: 0.00 reconn/s: 0.00
[ 124s ] thds: 256 tps: 18835.59 qps: 18835.59 (r/w/o: 18835.59/0.00/0.00) lat (ms,95%): 42.61 err/s: 0.00 reconn/s: 0.00
[ 125s ] thds: 256 tps: 18951.76 qps: 18951.76 (r/w/o: 18951.76/0.00/0.00) lat (ms,95%): 41.85 err/s: 0.00 reconn/s: 0.00
[ 126s ] thds: 256 tps: 18970.59 qps: 18970.59 (r/w/o: 18970.59/0.00/0.00) lat (ms,95%): 42.61 err/s: 0.00 reconn/s: 0.00
[ 127s ] thds: 256 tps: 18912.04 qps: 18912.04 (r/w/o: 18912.04/0.00/0.00) lat (ms,95%): 41.85 err/s: 0.00 reconn/s: 0.00
[ 128s ] thds: 256 tps: 18891.77 qps: 18891.77 (r/w/o: 18891.77/0.00/0.00) lat (ms,95%): 43.39 err/s: 0.00 reconn/s: 0.00
[ 129s ] thds: 256 tps: 18899.41 qps: 18899.41 (r/w/o: 18899.41/0.00/0.00) lat (ms,95%): 42.61 err/s: 0.00 reconn/s: 0.00
[ 130s ] thds: 256 tps: 18872.70 qps: 18872.70 (r/w/o: 18872.70/0.00/0.00) lat (ms,95%): 42.61 err/s: 0.00 reconn/s: 0.00
[ 131s ] thds: 256 tps: 19249.19 qps: 19249.19 (r/w/o: 19249.19/0.00/0.00) lat (ms,95%): 41.10 err/s: 0.00 reconn/s: 0.00
[ 132s ] thds: 256 tps: 18965.96 qps: 18965.96 (r/w/o: 18965.96/0.00/0.00) lat (ms,95%): 42.61 err/s: 0.00 reconn/s: 0.00
[ 133s ] thds: 256 tps: 19091.60 qps: 19091.60 (r/w/o: 19091.60/0.00/0.00) lat (ms,95%): 40.37 err/s: 0.00 reconn/s: 0.00
[ 134s ] thds: 256 tps: 18957.37 qps: 18957.37 (r/w/o: 18957.37/0.00/0.00) lat (ms,95%): 42.61 err/s: 0.00 reconn/s: 0.00
[ 135s ] thds: 256 tps: 18900.42 qps: 18900.42 (r/w/o: 18900.42/0.00/0.00) lat (ms,95%): 41.10 err/s: 0.00 reconn/s: 0.00
[ 136s ] thds: 256 tps: 19005.18 qps: 19005.18 (r/w/o: 19005.18/0.00/0.00) lat (ms,95%): 41.85 err/s: 0.00 reconn/s: 0.00
[ 137s ] thds: 256 tps: 18675.58 qps: 18675.58 (r/w/o: 18675.58/0.00/0.00) lat (ms,95%): 42.61 err/s: 0.00 reconn/s: 0.00
[ 138s ] thds: 256 tps: 18702.94 qps: 18702.94 (r/w/o: 18702.94/0.00/0.00) lat (ms,95%): 42.61 err/s: 0.00 reconn/s: 0.00
[ 139s ] thds: 256 tps: 18803.45 qps: 18803.45 (r/w/o: 18803.45/0.00/0.00) lat (ms,95%): 42.61 err/s: 0.00 reconn/s: 0.00
[ 140s ] thds: 256 tps: 19035.39 qps: 19035.39 (r/w/o: 19035.39/0.00/0.00) lat (ms,95%): 41.85 err/s: 0.00 reconn/s: 0.00
[ 141s ] thds: 256 tps: 18888.60 qps: 18888.60 (r/w/o: 18888.60/0.00/0.00) lat (ms,95%): 42.61 err/s: 0.00 reconn/s: 0.00
[ 142s ] thds: 256 tps: 18950.28 qps: 18950.28 (r/w/o: 18950.28/0.00/0.00) lat (ms,95%): 42.61 err/s: 0.00 reconn/s: 0.00
[ 143s ] thds: 256 tps: 18952.07 qps: 18952.07 (r/w/o: 18952.07/0.00/0.00) lat (ms,95%): 41.85 err/s: 0.00 reconn/s: 0.00
[ 144s ] thds: 256 tps: 18907.32 qps: 18907.32 (r/w/o: 18907.32/0.00/0.00) lat (ms,95%): 41.85 err/s: 0.00 reconn/s: 0.00
[ 145s ] thds: 256 tps: 19251.88 qps: 19251.88 (r/w/o: 19251.88/0.00/0.00) lat (ms,95%): 40.37 err/s: 0.00 reconn/s: 0.00
[ 146s ] thds: 256 tps: 19207.99 qps: 19207.99 (r/w/o: 19207.99/0.00/0.00) lat (ms,95%): 41.85 err/s: 0.00 reconn/s: 0.00
[ 147s ] thds: 256 tps: 19184.99 qps: 19184.99 (r/w/o: 19184.99/0.00/0.00) lat (ms,95%): 39.65 err/s: 0.00 reconn/s: 0.00
[ 148s ] thds: 256 tps: 18787.44 qps: 18787.44 (r/w/o: 18787.44/0.00/0.00) lat (ms,95%): 41.85 err/s: 0.00 reconn/s: 0.00
[ 149s ] thds: 256 tps: 18684.65 qps: 18684.65 (r/w/o: 18684.65/0.00/0.00) lat (ms,95%): 42.61 err/s: 0.00 reconn/s: 0.00
[ 150s ] thds: 256 tps: 18929.92 qps: 18929.92 (r/w/o: 18929.92/0.00/0.00) lat (ms,95%): 42.61 err/s: 0.00 reconn/s: 0.00
[ 151s ] thds: 256 tps: 18865.92 qps: 18865.92 (r/w/o: 18865.92/0.00/0.00) lat (ms,95%): 42.61 err/s: 0.00 reconn/s: 0.00
[ 152s ] thds: 256 tps: 19250.47 qps: 19250.47 (r/w/o: 19250.47/0.00/0.00) lat (ms,95%): 41.85 err/s: 0.00 reconn/s: 0.00
[ 153s ] thds: 256 tps: 18841.45 qps: 18841.45 (r/w/o: 18841.45/0.00/0.00) lat (ms,95%): 42.61 err/s: 0.00 reconn/s: 0.00
[ 154s ] thds: 256 tps: 19287.25 qps: 19287.25 (r/w/o: 19287.25/0.00/0.00) lat (ms,95%): 41.10 err/s: 0.00 reconn/s: 0.00
[ 155s ] thds: 256 tps: 18933.78 qps: 18933.78 (r/w/o: 18933.78/0.00/0.00) lat (ms,95%): 41.85 err/s: 0.00 reconn/s: 0.00
[ 156s ] thds: 256 tps: 19194.72 qps: 19194.72 (r/w/o: 19194.72/0.00/0.00) lat (ms,95%): 42.61 err/s: 0.00 reconn/s: 0.00
[ 157s ] thds: 256 tps: 18560.80 qps: 18560.80 (r/w/o: 18560.80/0.00/0.00) lat (ms,95%): 44.17 err/s: 0.00 reconn/s: 0.00
[ 158s ] thds: 256 tps: 18944.69 qps: 18944.69 (r/w/o: 18944.69/0.00/0.00) lat (ms,95%): 42.61 err/s: 0.00 reconn/s: 0.00
[ 159s ] thds: 256 tps: 18689.02 qps: 18689.02 (r/w/o: 18689.02/0.00/0.00) lat (ms,95%): 41.85 err/s: 0.00 reconn/s: 0.00
[ 160s ] thds: 256 tps: 18880.76 qps: 18880.76 (r/w/o: 18880.76/0.00/0.00) lat (ms,95%): 41.85 err/s: 0.00 reconn/s: 0.00
[ 161s ] thds: 256 tps: 19200.42 qps: 19200.42 (r/w/o: 19200.42/0.00/0.00) lat (ms,95%): 41.10 err/s: 0.00 reconn/s: 0.00
[ 162s ] thds: 256 tps: 19047.58 qps: 19047.58 (r/w/o: 19047.58/0.00/0.00) lat (ms,95%): 42.61 err/s: 0.00 reconn/s: 0.00
[ 163s ] thds: 256 tps: 19161.57 qps: 19161.57 (r/w/o: 19161.57/0.00/0.00) lat (ms,95%): 42.61 err/s: 0.00 reconn/s: 0.00
[ 164s ] thds: 256 tps: 18905.79 qps: 18904.79 (r/w/o: 18904.79/0.00/0.00) lat (ms,95%): 41.85 err/s: 0.00 reconn/s: 0.00
[ 165s ] thds: 256 tps: 19058.12 qps: 19059.12 (r/w/o: 19059.12/0.00/0.00) lat (ms,95%): 42.61 err/s: 0.00 reconn/s: 0.00
[ 166s ] thds: 256 tps: 19052.65 qps: 19052.65 (r/w/o: 19052.65/0.00/0.00) lat (ms,95%): 41.85 err/s: 0.00 reconn/s: 0.00
[ 167s ] thds: 256 tps: 18920.19 qps: 18920.19 (r/w/o: 18920.19/0.00/0.00) lat (ms,95%): 42.61 err/s: 0.00 reconn/s: 0.00
[ 168s ] thds: 256 tps: 19146.81 qps: 19146.81 (r/w/o: 19146.81/0.00/0.00) lat (ms,95%): 42.61 err/s: 0.00 reconn/s: 0.00
[ 169s ] thds: 256 tps: 19010.13 qps: 19010.13 (r/w/o: 19010.13/0.00/0.00) lat (ms,95%): 41.85 err/s: 0.00 reconn/s: 0.00
[ 170s ] thds: 256 tps: 19272.90 qps: 19272.90 (r/w/o: 19272.90/0.00/0.00) lat (ms,95%): 41.85 err/s: 0.00 reconn/s: 0.00
[ 171s ] thds: 256 tps: 18991.52 qps: 18991.52 (r/w/o: 18991.52/0.00/0.00) lat (ms,95%): 41.85 err/s: 0.00 reconn/s: 0.00
[ 172s ] thds: 256 tps: 18923.73 qps: 18923.73 (r/w/o: 18923.73/0.00/0.00) lat (ms,95%): 41.85 err/s: 0.00 reconn/s: 0.00
[ 173s ] thds: 256 tps: 19145.27 qps: 19145.27 (r/w/o: 19145.27/0.00/0.00) lat (ms,95%): 42.61 err/s: 0.00 reconn/s: 0.00
[ 174s ] thds: 256 tps: 18821.63 qps: 18821.63 (r/w/o: 18821.63/0.00/0.00) lat (ms,95%): 43.39 err/s: 0.00 reconn/s: 0.00
[ 175s ] thds: 256 tps: 19111.16 qps: 19111.16 (r/w/o: 19111.16/0.00/0.00) lat (ms,95%): 42.61 err/s: 0.00 reconn/s: 0.00
[ 176s ] thds: 256 tps: 18580.57 qps: 18580.57 (r/w/o: 18580.57/0.00/0.00) lat (ms,95%): 43.39 err/s: 0.00 reconn/s: 0.00
[ 177s ] thds: 256 tps: 19066.49 qps: 19066.49 (r/w/o: 19066.49/0.00/0.00) lat (ms,95%): 41.85 err/s: 0.00 reconn/s: 0.00
[ 178s ] thds: 256 tps: 19153.58 qps: 19153.58 (r/w/o: 19153.58/0.00/0.00) lat (ms,95%): 42.61 err/s: 0.00 reconn/s: 0.00
[ 179s ] thds: 256 tps: 19216.99 qps: 19216.99 (r/w/o: 19216.99/0.00/0.00) lat (ms,95%): 41.85 err/s: 0.00 reconn/s: 0.00
[ 180s ] thds: 256 tps: 18700.41 qps: 18700.41 (r/w/o: 18700.41/0.00/0.00) lat (ms,95%): 42.61 err/s: 0.00 reconn/s: 0.00
[ 181s ] thds: 256 tps: 18810.88 qps: 18810.88 (r/w/o: 18810.88/0.00/0.00) lat (ms,95%): 42.61 err/s: 0.00 reconn/s: 0.00
[ 182s ] thds: 256 tps: 19381.99 qps: 19381.99 (r/w/o: 19381.99/0.00/0.00) lat (ms,95%): 41.10 err/s: 0.00 reconn/s: 0.00
[ 183s ] thds: 256 tps: 18710.13 qps: 18710.13 (r/w/o: 18710.13/0.00/0.00) lat (ms,95%): 42.61 err/s: 0.00 reconn/s: 0.00
[ 184s ] thds: 256 tps: 18694.77 qps: 18694.77 (r/w/o: 18694.77/0.00/0.00) lat (ms,95%): 41.85 err/s: 0.00 reconn/s: 0.00
[ 185s ] thds: 256 tps: 18522.14 qps: 18522.14 (r/w/o: 18522.14/0.00/0.00) lat (ms,95%): 43.39 err/s: 0.00 reconn/s: 0.00
[ 186s ] thds: 256 tps: 18685.85 qps: 18685.85 (r/w/o: 18685.85/0.00/0.00) lat (ms,95%): 42.61 err/s: 0.00 reconn/s: 0.00
[ 187s ] thds: 256 tps: 18594.48 qps: 18594.48 (r/w/o: 18594.48/0.00/0.00) lat (ms,95%): 41.10 err/s: 0.00 reconn/s: 0.00
[ 188s ] thds: 256 tps: 17534.46 qps: 17534.46 (r/w/o: 17534.46/0.00/0.00) lat (ms,95%): 43.39 err/s: 0.00 reconn/s: 0.00
[ 189s ] thds: 256 tps: 17458.13 qps: 17458.13 (r/w/o: 17458.13/0.00/0.00) lat (ms,95%): 43.39 err/s: 0.00 reconn/s: 0.00
[ 190s ] thds: 256 tps: 17201.57 qps: 17201.57 (r/w/o: 17201.57/0.00/0.00) lat (ms,95%): 46.63 err/s: 0.00 reconn/s: 0.00
[ 191s ] thds: 256 tps: 17219.17 qps: 17219.17 (r/w/o: 17219.17/0.00/0.00) lat (ms,95%): 46.63 err/s: 0.00 reconn/s: 0.00
[ 192s ] thds: 256 tps: 16168.55 qps: 16168.55 (r/w/o: 16168.55/0.00/0.00) lat (ms,95%): 48.34 err/s: 0.00 reconn/s: 0.00
[ 193s ] thds: 256 tps: 17090.93 qps: 17090.93 (r/w/o: 17090.93/0.00/0.00) lat (ms,95%): 47.47 err/s: 0.00 reconn/s: 0.00
[ 194s ] thds: 256 tps: 17288.95 qps: 17288.95 (r/w/o: 17288.95/0.00/0.00) lat (ms,95%): 46.63 err/s: 0.00 reconn/s: 0.00
[ 195s ] thds: 256 tps: 17732.54 qps: 17732.54 (r/w/o: 17732.54/0.00/0.00) lat (ms,95%): 46.63 err/s: 0.00 reconn/s: 0.00
[ 196s ] thds: 256 tps: 18195.84 qps: 18195.84 (r/w/o: 18195.84/0.00/0.00) lat (ms,95%): 44.98 err/s: 0.00 reconn/s: 0.00
[ 197s ] thds: 256 tps: 19097.56 qps: 19097.56 (r/w/o: 19097.56/0.00/0.00) lat (ms,95%): 42.61 err/s: 0.00 reconn/s: 0.00
[ 198s ] thds: 256 tps: 19263.06 qps: 19263.06 (r/w/o: 19263.06/0.00/0.00) lat (ms,95%): 42.61 err/s: 0.00 reconn/s: 0.00
[ 199s ] thds: 256 tps: 19126.08 qps: 19126.08 (r/w/o: 19126.08/0.00/0.00) lat (ms,95%): 41.10 err/s: 0.00 reconn/s: 0.00
[ 200s ] thds: 256 tps: 19106.57 qps: 19106.57 (r/w/o: 19106.57/0.00/0.00) lat (ms,95%): 41.85 err/s: 0.00 reconn/s: 0.00
[ 201s ] thds: 256 tps: 19098.17 qps: 19098.17 (r/w/o: 19098.17/0.00/0.00) lat (ms,95%): 41.85 err/s: 0.00 reconn/s: 0.00
[ 202s ] thds: 256 tps: 19098.54 qps: 19098.54 (r/w/o: 19098.54/0.00/0.00) lat (ms,95%): 41.85 err/s: 0.00 reconn/s: 0.00
[ 203s ] thds: 256 tps: 19179.83 qps: 19179.83 (r/w/o: 19179.83/0.00/0.00) lat (ms,95%): 41.85 err/s: 0.00 reconn/s: 0.00
[ 204s ] thds: 256 tps: 18900.56 qps: 18900.56 (r/w/o: 18900.56/0.00/0.00) lat (ms,95%): 41.85 err/s: 0.00 reconn/s: 0.00
[ 205s ] thds: 256 tps: 19015.98 qps: 19015.98 (r/w/o: 19015.98/0.00/0.00) lat (ms,95%): 42.61 err/s: 0.00 reconn/s: 0.00
[ 206s ] thds: 256 tps: 18808.55 qps: 18808.55 (r/w/o: 18808.55/0.00/0.00) lat (ms,95%): 42.61 err/s: 0.00 reconn/s: 0.00
[ 207s ] thds: 256 tps: 19241.61 qps: 19241.61 (r/w/o: 19241.61/0.00/0.00) lat (ms,95%): 41.85 err/s: 0.00 reconn/s: 0.00
[ 208s ] thds: 256 tps: 18788.67 qps: 18788.67 (r/w/o: 18788.67/0.00/0.00) lat (ms,95%): 41.85 err/s: 0.00 reconn/s: 0.00
[ 209s ] thds: 256 tps: 19115.99 qps: 19115.99 (r/w/o: 19115.99/0.00/0.00) lat (ms,95%): 41.85 err/s: 0.00 reconn/s: 0.00
[ 210s ] thds: 256 tps: 18976.98 qps: 18976.98 (r/w/o: 18976.98/0.00/0.00) lat (ms,95%): 42.61 err/s: 0.00 reconn/s: 0.00
[ 211s ] thds: 256 tps: 19344.37 qps: 19344.37 (r/w/o: 19344.37/0.00/0.00) lat (ms,95%): 41.10 err/s: 0.00 reconn/s: 0.00
[ 212s ] thds: 256 tps: 18760.16 qps: 18760.16 (r/w/o: 18760.16/0.00/0.00) lat (ms,95%): 41.85 err/s: 0.00 reconn/s: 0.00
[ 213s ] thds: 256 tps: 19124.30 qps: 19124.30 (r/w/o: 19124.30/0.00/0.00) lat (ms,95%): 41.85 err/s: 0.00 reconn/s: 0.00
[ 214s ] thds: 256 tps: 19031.84 qps: 19031.84 (r/w/o: 19031.84/0.00/0.00) lat (ms,95%): 41.85 err/s: 0.00 reconn/s: 0.00
[ 215s ] thds: 256 tps: 18939.43 qps: 18939.43 (r/w/o: 18939.43/0.00/0.00) lat (ms,95%): 41.10 err/s: 0.00 reconn/s: 0.00
[ 216s ] thds: 256 tps: 19234.51 qps: 19234.51 (r/w/o: 19234.51/0.00/0.00) lat (ms,95%): 41.10 err/s: 0.00 reconn/s: 0.00
[ 217s ] thds: 256 tps: 19331.56 qps: 19331.56 (r/w/o: 19331.56/0.00/0.00) lat (ms,95%): 41.85 err/s: 0.00 reconn/s: 0.00
[ 218s ] thds: 256 tps: 19177.30 qps: 19177.30 (r/w/o: 19177.30/0.00/0.00) lat (ms,95%): 41.10 err/s: 0.00 reconn/s: 0.00
[ 219s ] thds: 256 tps: 18882.81 qps: 18882.81 (r/w/o: 18882.81/0.00/0.00) lat (ms,95%): 42.61 err/s: 0.00 reconn/s: 0.00
[ 220s ] thds: 256 tps: 18974.82 qps: 18974.82 (r/w/o: 18974.82/0.00/0.00) lat (ms,95%): 41.85 err/s: 0.00 reconn/s: 0.00
[ 221s ] thds: 256 tps: 19080.62 qps: 19080.62 (r/w/o: 19080.62/0.00/0.00) lat (ms,95%): 41.85 err/s: 0.00 reconn/s: 0.00
[ 222s ] thds: 256 tps: 19148.42 qps: 19148.42 (r/w/o: 19148.42/0.00/0.00) lat (ms,95%): 41.85 err/s: 0.00 reconn/s: 0.00
[ 223s ] thds: 256 tps: 18863.09 qps: 18863.09 (r/w/o: 18863.09/0.00/0.00) lat (ms,95%): 41.10 err/s: 0.00 reconn/s: 0.00
[ 224s ] thds: 256 tps: 19076.91 qps: 19076.91 (r/w/o: 19076.91/0.00/0.00) lat (ms,95%): 41.85 err/s: 0.00 reconn/s: 0.00
[ 225s ] thds: 256 tps: 18738.15 qps: 18738.15 (r/w/o: 18738.15/0.00/0.00) lat (ms,95%): 41.85 err/s: 0.00 reconn/s: 0.00
[ 226s ] thds: 256 tps: 18939.38 qps: 18939.38 (r/w/o: 18939.38/0.00/0.00) lat (ms,95%): 43.39 err/s: 0.00 reconn/s: 0.00
[ 227s ] thds: 256 tps: 18985.76 qps: 18985.76 (r/w/o: 18985.76/0.00/0.00) lat (ms,95%): 41.85 err/s: 0.00 reconn/s: 0.00
[ 228s ] thds: 256 tps: 19281.86 qps: 19281.86 (r/w/o: 19281.86/0.00/0.00) lat (ms,95%): 41.10 err/s: 0.00 reconn/s: 0.00
[ 229s ] thds: 256 tps: 19299.65 qps: 19299.65 (r/w/o: 19299.65/0.00/0.00) lat (ms,95%): 41.10 err/s: 0.00 reconn/s: 0.00
[ 230s ] thds: 256 tps: 19203.71 qps: 19203.71 (r/w/o: 19203.71/0.00/0.00) lat (ms,95%): 41.85 err/s: 0.00 reconn/s: 0.00
[ 231s ] thds: 256 tps: 19188.52 qps: 19188.52 (r/w/o: 19188.52/0.00/0.00) lat (ms,95%): 42.61 err/s: 0.00 reconn/s: 0.00
[ 232s ] thds: 256 tps: 19361.26 qps: 19361.26 (r/w/o: 19361.26/0.00/0.00) lat (ms,95%): 41.10 err/s: 0.00 reconn/s: 0.00
[ 233s ] thds: 256 tps: 19192.73 qps: 19192.73 (r/w/o: 19192.73/0.00/0.00) lat (ms,95%): 41.85 err/s: 0.00 reconn/s: 0.00
[ 234s ] thds: 256 tps: 19264.59 qps: 19264.59 (r/w/o: 19264.59/0.00/0.00) lat (ms,95%): 41.85 err/s: 0.00 reconn/s: 0.00
[ 235s ] thds: 256 tps: 19103.56 qps: 19103.56 (r/w/o: 19103.56/0.00/0.00) lat (ms,95%): 41.10 err/s: 0.00 reconn/s: 0.00
[ 236s ] thds: 256 tps: 19121.18 qps: 19121.18 (r/w/o: 19121.18/0.00/0.00) lat (ms,95%): 41.85 err/s: 0.00 reconn/s: 0.00
[ 237s ] thds: 256 tps: 19025.13 qps: 19025.13 (r/w/o: 19025.13/0.00/0.00) lat (ms,95%): 41.10 err/s: 0.00 reconn/s: 0.00
[ 238s ] thds: 256 tps: 19480.25 qps: 19480.25 (r/w/o: 19480.25/0.00/0.00) lat (ms,95%): 41.10 err/s: 0.00 reconn/s: 0.00
[ 239s ] thds: 256 tps: 18908.47 qps: 18908.47 (r/w/o: 18908.47/0.00/0.00) lat (ms,95%): 42.61 err/s: 0.00 reconn/s: 0.00
[ 240s ] thds: 256 tps: 19111.49 qps: 19111.49 (r/w/o: 19111.49/0.00/0.00) lat (ms,95%): 41.85 err/s: 0.00 reconn/s: 0.00
Latency histogram (values are in milliseconds)
       value  ------------- distribution ------------- count
       0.473 |                                         1
       0.490 |                                         2
       0.499 |                                         3
       0.508 |                                         7
       0.517 |                                         16
       0.527 |                                         40
       0.536 |                                         52
       0.546 |                                         84
       0.556 |                                         118
       0.566 |                                         156
       0.576 |                                         169
       0.587 |                                         197
       0.597 |                                         227
       0.608 |                                         236
       0.619 |                                         250
       0.630 |                                         325
       0.642 |                                         279
       0.654 |                                         320
       0.665 |                                         347
       0.677 |                                         324
       0.690 |                                         393
       0.702 |                                         369
       0.715 |                                         413
       0.728 |                                         365
       0.741 |                                         368
       0.755 |                                         390
       0.768 |                                         371
       0.782 |                                         379
       0.797 |                                         346
       0.811 |                                         376
       0.826 |                                         348
       0.841 |                                         361
       0.856 |                                         333
       0.872 |                                         341
       0.888 |                                         312
       0.904 |                                         314
       0.920 |                                         274
       0.937 |                                         293
       0.954 |                                         265
       0.971 |                                         264
       0.989 |                                         284
       1.007 |                                         403
       1.025 |                                         498
       1.044 |                                         694
       1.063 |                                         835
       1.082 |                                         1018
       1.102 |                                         1209
       1.122 |                                         1229
       1.142 |*                                        1571
       1.163 |*                                        1867
       1.184 |*                                        2401
       1.205 |*                                        3059
       1.227 |*                                        3896
       1.250 |**                                       4858
       1.272 |**                                       6047
       1.295 |***                                      7060
       1.319 |***                                      7889
       1.343 |***                                      8427
       1.367 |***                                      8719
       1.392 |***                                      9149
       1.417 |***                                      9027
       1.443 |***                                      8893
       1.469 |***                                      8562
       1.496 |***                                      8316
       1.523 |***                                      8152
       1.551 |***                                      7835
       1.579 |***                                      7570
       1.608 |***                                      7811
       1.637 |***                                      8073
       1.667 |***                                      9398
       1.697 |****                                     11757
       1.728 |*****                                    14741
       1.759 |******                                   17763
       1.791 |********                                 21093
       1.824 |*********                                23882
       1.857 |*********                                26224
       1.891 |**********                               28135
       1.925 |***********                              29896
       1.960 |***********                              30834
       1.996 |***********                              31788
       2.032 |***********                              31611
       2.069 |***********                              30891
       2.106 |***********                              30365
       2.145 |***********                              30660
       2.184 |***********                              31197
       2.223 |************                             32685
       2.264 |************                             34180
       2.305 |*************                            35644
       2.347 |*************                            36304
       2.389 |**************                           38305
       2.433 |***************                          42198
       2.477 |******************                       49308
       2.522 |*********************                    57246
       2.568 |***********************                  64621
       2.615 |**************************               70876
       2.662 |***************************              74372
       2.710 |***************************              75918
       2.760 |****************************             77424
       2.810 |*****************************            80676
       2.861 |*******************************          86911
       2.913 |***********************************      95936
       2.966 |*************************************    103018
       3.020 |***************************************  108407
       3.075 |**************************************** 110687
       3.130 |***************************************  108994
       3.187 |*************************************    102290
       3.245 |*********************************        92696
       3.304 |*****************************            81534
       3.364 |***************************              73582
       3.425 |*************************                68146
       3.488 |***********************                  63222
       3.551 |*********************                    56866
       3.615 |******************                       49188
       3.681 |***************                          42053
       3.748 |*************                            35079
       3.816 |***********                              29550
       3.885 |*********                                24857
       3.956 |********                                 21093
       4.028 |******                                   17844
       4.101 |*****                                    15167
       4.176 |*****                                    12931
       4.252 |****                                     11137
       4.329 |***                                      9468
       4.407 |***                                      7894
       4.487 |**                                       6759
       4.569 |**                                       5908
       4.652 |**                                       4948
       4.737 |**                                       4415
       4.823 |*                                        3786
       4.910 |*                                        3250
       4.999 |*                                        2879
       5.090 |*                                        2464
       5.183 |*                                        2185
       5.277 |*                                        1822
       5.373 |*                                        1542
       5.470 |*                                        1397
       5.570 |                                         1243
       5.671 |                                         1094
       5.774 |                                         977
       5.879 |                                         973
       5.986 |                                         851
       6.095 |                                         826
       6.205 |                                         742
       6.318 |                                         707
       6.433 |                                         677
       6.550 |                                         687
       6.669 |                                         682
       6.790 |                                         638
       6.913 |                                         632
       7.039 |                                         675
       7.167 |                                         724
       7.297 |                                         691
       7.430 |                                         691
       7.565 |                                         728
       7.702 |                                         730
       7.842 |                                         834
       7.985 |                                         834
       8.130 |                                         819
       8.277 |                                         905
       8.428 |                                         879
       8.581 |                                         944
       8.737 |                                         993
       8.895 |                                         1084
       9.057 |                                         1067
       9.222 |                                         1192
       9.389 |                                         1257
       9.560 |                                         1258
       9.734 |                                         1370
       9.910 |*                                        1445
      10.090 |*                                        1550
      10.274 |*                                        1571
      10.460 |*                                        1778
      10.651 |*                                        1863
      10.844 |*                                        1866
      11.041 |*                                        2034
      11.242 |*                                        2151
      11.446 |*                                        2322
      11.654 |*                                        2385
      11.866 |*                                        2552
      12.081 |*                                        2737
      12.301 |*                                        2822
      12.524 |*                                        3043
      12.752 |*                                        3214
      12.984 |*                                        3381
      13.219 |*                                        3647
      13.460 |*                                        3939
      13.704 |**                                       4274
      13.953 |**                                       4377
      14.207 |**                                       4737
      14.465 |**                                       5025
      14.728 |**                                       5273
      14.995 |**                                       5593
      15.268 |**                                       6047
      15.545 |**                                       6394
      15.828 |**                                       6766
      16.115 |***                                      7318
      16.408 |***                                      7642
      16.706 |***                                      8223
      17.010 |***                                      8759
      17.319 |***                                      9245
      17.633 |***                                      9614
      17.954 |****                                     10444
      18.280 |****                                     10758
      18.612 |****                                     11657
      18.950 |****                                     12188
      19.295 |*****                                    13050
      19.645 |*****                                    13845
      20.002 |*****                                    14892
      20.366 |******                                   15684
      20.736 |******                                   16443
      21.112 |******                                   17260
      21.496 |*******                                  18347
      21.886 |*******                                  19601
      22.284 |*******                                  20394
      22.689 |********                                 21721
      23.101 |********                                 22818
      23.521 |*********                                23804
      23.948 |*********                                25106
      24.384 |*********                                26127
      24.827 |**********                               27559
      25.278 |**********                               28561
      25.737 |***********                              29917
      26.205 |***********                              30839
      26.681 |************                             31941
      27.165 |************                             33300
      27.659 |************                             34486
      28.162 |*************                            35444
      28.673 |*************                            36829
      29.194 |**************                           37530
      29.725 |**************                           37949
      30.265 |**************                           38902
      30.815 |**************                           39204
      31.375 |**************                           39416
      31.945 |**************                           39730
      32.525 |**************                           39506
      33.116 |**************                           39708
      33.718 |**************                           38837
      34.330 |**************                           38299
      34.954 |**************                           38305
      35.589 |*************                            36763
      36.236 |*************                            35976
      36.894 |*************                            34838
      37.565 |************                             33669
      38.247 |************                             32431
      38.942 |***********                              31079
      39.650 |***********                              29347
      40.370 |**********                               27924
      41.104 |**********                               26760
      41.851 |*********                                25024
      42.611 |********                                 23323
      43.385 |********                                 21638
      44.173 |*******                                  20547
      44.976 |*******                                  19485
      45.793 |******                                   17794
      46.625 |******                                   16552
      47.472 |*****                                    15157
      48.335 |*****                                    13872
      49.213 |*****                                    12565
      50.107 |****                                     11252
      51.018 |****                                     9951
      51.945 |***                                      8658
      52.889 |***                                      7325
      53.850 |**                                       6235
      54.828 |**                                       5215
      55.824 |**                                       4193
      56.839 |*                                        3269
      57.871 |*                                        2605
      58.923 |*                                        2031
      59.993 |*                                        1544
      61.083 |                                         1146
      62.193 |                                         756
      63.323 |                                         611
      64.474 |                                         417
      65.645 |                                         354
      66.838 |                                         276
      68.053 |                                         224
      69.289 |                                         206
      70.548 |                                         190
      71.830 |                                         169
      73.135 |                                         144
      74.464 |                                         156
      75.817 |                                         113
      77.194 |                                         111
      78.597 |                                         92
      80.025 |                                         95
      81.479 |                                         71
      82.959 |                                         38
      84.467 |                                         46
      86.002 |                                         31
      87.564 |                                         32
      89.155 |                                         36
      90.775 |                                         26
      92.424 |                                         15
      94.104 |                                         10
      95.814 |                                         5
      97.555 |                                         8
      99.327 |                                         11
     101.132 |                                         6
     102.969 |                                         5
     104.840 |                                         3
     106.745 |                                         3
     108.685 |                                         1
     110.659 |                                         2
     114.717 |                                         1
     244.385 |                                         1
 
SQL statistics:
    queries performed:
        read:                            4540129
        write:                           0
        other:                           0
        total:                           4540129
    transactions:                        4540129 (18909.19 per sec.)
    queries:                             4540129 (18909.19 per sec.)
    ignored errors:                      0      (0.00 per sec.)
    reconnects:                          0      (0.00 per sec.)

Throughput:
    events/s (eps):                      18909.1934
    time elapsed:                        240.1024s
    total number of events:              4540129

Latency (ms):
         min:                                    0.48
         avg:                                   13.53
         max:                                  242.58
         95th percentile:                       42.61
         sum:                             61442136.98

Threads fairness:
    events (avg/stddev):           17734.7344/646.77
    execution time (avg/stddev):   240.0083/0.01

