sysbench 1.1.0-3ceba0b (using bundled LuaJIT 2.1.0-beta3)

Running the test with following options:
Number of threads: 256
Warmup time: 60s
Report intermediate results every 1 second(s)
Initializing random number generator from current time


Initializing worker threads...

Threads started!

Warming up for 60 seconds...

[ 1s ] thds: 256 tps: 5271.71 qps: 5271.71 (r/w/o: 0.00/5155.47/116.24) lat (ms,95%): 123.28 err/s: 0.00 reconn/s: 0.00
[ 2s ] thds: 256 tps: 3646.18 qps: 3646.18 (r/w/o: 0.00/3565.18/81.00) lat (ms,95%): 123.28 err/s: 0.00 reconn/s: 0.00
[ 3s ] thds: 256 tps: 3589.78 qps: 3589.78 (r/w/o: 0.00/3516.76/73.02) lat (ms,95%): 123.28 err/s: 0.00 reconn/s: 0.00
[ 4s ] thds: 256 tps: 3696.48 qps: 3696.48 (r/w/o: 0.00/3617.49/78.99) lat (ms,95%): 94.10 err/s: 0.00 reconn/s: 0.00
[ 5s ] thds: 256 tps: 3786.10 qps: 3786.10 (r/w/o: 0.00/3699.12/86.98) lat (ms,95%): 94.10 err/s: 0.00 reconn/s: 0.00
[ 6s ] thds: 256 tps: 3531.09 qps: 3531.09 (r/w/o: 0.00/3447.06/84.03) lat (ms,95%): 170.48 err/s: 0.00 reconn/s: 0.00
[ 7s ] thds: 256 tps: 3486.27 qps: 3486.27 (r/w/o: 0.00/3407.29/78.98) lat (ms,95%): 170.48 err/s: 0.00 reconn/s: 0.00
[ 8s ] thds: 256 tps: 3530.71 qps: 3530.71 (r/w/o: 0.00/3459.68/71.03) lat (ms,95%): 170.48 err/s: 0.00 reconn/s: 0.00
[ 9s ] thds: 256 tps: 3729.38 qps: 3729.38 (r/w/o: 0.00/3646.42/82.96) lat (ms,95%): 153.02 err/s: 0.00 reconn/s: 0.00
[ 10s ] thds: 256 tps: 3749.37 qps: 3749.37 (r/w/o: 0.00/3662.39/86.99) lat (ms,95%): 97.55 err/s: 0.00 reconn/s: 0.00
[ 11s ] thds: 256 tps: 3653.75 qps: 3653.75 (r/w/o: 0.00/3576.73/77.02) lat (ms,95%): 77.19 err/s: 0.00 reconn/s: 0.00
[ 12s ] thds: 256 tps: 3807.73 qps: 3807.73 (r/w/o: 0.00/3712.69/95.04) lat (ms,95%): 74.46 err/s: 0.00 reconn/s: 0.00
[ 13s ] thds: 256 tps: 4732.18 qps: 4732.18 (r/w/o: 0.00/4635.24/96.94) lat (ms,95%): 127.81 err/s: 0.00 reconn/s: 0.00
[ 14s ] thds: 256 tps: 6152.25 qps: 6152.25 (r/w/o: 0.00/6000.27/151.98) lat (ms,95%): 71.83 err/s: 0.00 reconn/s: 0.00
[ 15s ] thds: 256 tps: 6126.71 qps: 6126.71 (r/w/o: 0.00/5994.72/131.99) lat (ms,95%): 70.55 err/s: 0.00 reconn/s: 0.00
[ 16s ] thds: 256 tps: 6099.53 qps: 6099.53 (r/w/o: 0.00/5962.52/137.01) lat (ms,95%): 70.55 err/s: 0.00 reconn/s: 0.00
[ 17s ] thds: 256 tps: 6177.10 qps: 6177.10 (r/w/o: 0.00/6030.07/147.03) lat (ms,95%): 63.32 err/s: 0.00 reconn/s: 0.00
[ 18s ] thds: 256 tps: 7438.65 qps: 7438.65 (r/w/o: 0.00/7275.64/163.01) lat (ms,95%): 63.32 err/s: 0.00 reconn/s: 0.00
[ 19s ] thds: 256 tps: 8360.90 qps: 8360.90 (r/w/o: 0.00/8165.93/194.97) lat (ms,95%): 74.46 err/s: 0.00 reconn/s: 0.00
[ 20s ] thds: 256 tps: 8419.61 qps: 8419.61 (r/w/o: 0.00/8245.66/173.95) lat (ms,95%): 75.82 err/s: 0.00 reconn/s: 0.00
[ 21s ] thds: 256 tps: 7197.69 qps: 7197.69 (r/w/o: 0.00/7049.65/148.03) lat (ms,95%): 78.60 err/s: 0.00 reconn/s: 0.00
[ 22s ] thds: 256 tps: 6661.27 qps: 6661.27 (r/w/o: 0.00/6509.26/152.01) lat (ms,95%): 92.42 err/s: 0.00 reconn/s: 0.00
[ 23s ] thds: 256 tps: 4258.78 qps: 4258.78 (r/w/o: 0.00/4159.79/98.99) lat (ms,95%): 123.28 err/s: 0.00 reconn/s: 0.00
[ 24s ] thds: 256 tps: 3753.73 qps: 3753.73 (r/w/o: 0.00/3663.69/90.04) lat (ms,95%): 123.28 err/s: 0.00 reconn/s: 0.00
[ 25s ] thds: 256 tps: 3751.03 qps: 3751.03 (r/w/o: 0.00/3673.05/77.98) lat (ms,95%): 118.92 err/s: 0.00 reconn/s: 0.00
[ 26s ] thds: 256 tps: 3796.14 qps: 3796.14 (r/w/o: 0.00/3702.16/93.98) lat (ms,95%): 121.08 err/s: 0.00 reconn/s: 0.00
[ 27s ] thds: 256 tps: 3744.87 qps: 3744.87 (r/w/o: 0.00/3653.85/91.02) lat (ms,95%): 121.08 err/s: 0.00 reconn/s: 0.00
[ 28s ] thds: 256 tps: 3746.60 qps: 3746.60 (r/w/o: 0.00/3664.61/81.99) lat (ms,95%): 123.28 err/s: 0.00 reconn/s: 0.00
[ 29s ] thds: 256 tps: 3827.41 qps: 3827.41 (r/w/o: 0.00/3743.38/84.03) lat (ms,95%): 130.13 err/s: 0.00 reconn/s: 0.00
[ 30s ] thds: 256 tps: 3640.27 qps: 3640.27 (r/w/o: 0.00/3557.29/82.98) lat (ms,95%): 127.81 err/s: 0.00 reconn/s: 0.00
[ 31s ] thds: 256 tps: 3634.41 qps: 3634.41 (r/w/o: 0.00/3548.42/85.99) lat (ms,95%): 114.72 err/s: 0.00 reconn/s: 0.00
[ 32s ] thds: 256 tps: 3752.60 qps: 3752.60 (r/w/o: 0.00/3657.56/95.04) lat (ms,95%): 112.67 err/s: 0.00 reconn/s: 0.00
[ 33s ] thds: 256 tps: 3749.61 qps: 3749.61 (r/w/o: 0.00/3668.64/80.97) lat (ms,95%): 112.67 err/s: 0.00 reconn/s: 0.00
[ 34s ] thds: 256 tps: 3625.73 qps: 3625.73 (r/w/o: 0.00/3550.73/74.99) lat (ms,95%): 104.84 err/s: 0.00 reconn/s: 0.00
[ 35s ] thds: 256 tps: 3531.12 qps: 3531.12 (r/w/o: 0.00/3463.12/68.00) lat (ms,95%): 106.75 err/s: 0.00 reconn/s: 0.00
[ 36s ] thds: 256 tps: 3541.80 qps: 3541.80 (r/w/o: 0.00/3473.80/68.00) lat (ms,95%): 106.75 err/s: 0.00 reconn/s: 0.00
[ 37s ] thds: 256 tps: 3511.89 qps: 3511.89 (r/w/o: 0.00/3440.90/71.00) lat (ms,95%): 127.81 err/s: 0.00 reconn/s: 0.00
[ 38s ] thds: 256 tps: 3554.90 qps: 3554.90 (r/w/o: 0.00/3468.90/86.00) lat (ms,95%): 127.81 err/s: 0.00 reconn/s: 0.00
[ 39s ] thds: 256 tps: 3697.02 qps: 3697.02 (r/w/o: 0.00/3624.02/73.00) lat (ms,95%): 108.68 err/s: 0.00 reconn/s: 0.00
[ 40s ] thds: 256 tps: 3684.54 qps: 3684.54 (r/w/o: 0.00/3607.50/77.03) lat (ms,95%): 125.52 err/s: 0.00 reconn/s: 0.00
[ 41s ] thds: 256 tps: 3721.34 qps: 3721.34 (r/w/o: 0.00/3639.38/81.96) lat (ms,95%): 106.75 err/s: 0.00 reconn/s: 0.00
[ 42s ] thds: 256 tps: 3691.35 qps: 3691.35 (r/w/o: 0.00/3607.34/84.01) lat (ms,95%): 106.75 err/s: 0.00 reconn/s: 0.00
[ 43s ] thds: 256 tps: 3622.17 qps: 3622.17 (r/w/o: 0.00/3544.17/78.00) lat (ms,95%): 125.52 err/s: 0.00 reconn/s: 0.00
[ 44s ] thds: 256 tps: 3734.92 qps: 3734.92 (r/w/o: 0.00/3636.92/98.00) lat (ms,95%): 123.28 err/s: 0.00 reconn/s: 0.00
[ 45s ] thds: 256 tps: 3778.84 qps: 3778.84 (r/w/o: 0.00/3689.87/88.97) lat (ms,95%): 123.28 err/s: 0.00 reconn/s: 0.00
[ 46s ] thds: 256 tps: 3659.82 qps: 3659.82 (r/w/o: 0.00/3584.81/75.02) lat (ms,95%): 123.28 err/s: 0.00 reconn/s: 0.00
[ 47s ] thds: 256 tps: 3783.51 qps: 3783.51 (r/w/o: 0.00/3687.52/95.99) lat (ms,95%): 121.08 err/s: 0.00 reconn/s: 0.00
[ 48s ] thds: 256 tps: 3760.06 qps: 3760.06 (r/w/o: 0.00/3677.04/83.02) lat (ms,95%): 118.92 err/s: 0.00 reconn/s: 0.00
[ 49s ] thds: 256 tps: 3648.22 qps: 3648.22 (r/w/o: 0.00/3574.19/74.02) lat (ms,95%): 94.10 err/s: 0.00 reconn/s: 0.00
[ 50s ] thds: 256 tps: 3574.82 qps: 3574.82 (r/w/o: 0.00/3490.85/83.97) lat (ms,95%): 186.54 err/s: 0.00 reconn/s: 0.00
[ 51s ] thds: 256 tps: 3550.99 qps: 3550.99 (r/w/o: 0.00/3477.99/73.00) lat (ms,95%): 186.54 err/s: 0.00 reconn/s: 0.00
[ 52s ] thds: 256 tps: 3712.17 qps: 3712.17 (r/w/o: 0.00/3631.19/80.98) lat (ms,95%): 139.85 err/s: 0.00 reconn/s: 0.00
[ 53s ] thds: 256 tps: 3769.81 qps: 3769.81 (r/w/o: 0.00/3687.79/82.02) lat (ms,95%): 123.28 err/s: 0.00 reconn/s: 0.00
[ 54s ] thds: 256 tps: 3696.98 qps: 3696.98 (r/w/o: 0.00/3608.96/88.02) lat (ms,95%): 125.52 err/s: 0.00 reconn/s: 0.00
[ 55s ] thds: 256 tps: 3497.51 qps: 3497.51 (r/w/o: 0.00/3420.52/76.99) lat (ms,95%): 155.80 err/s: 0.00 reconn/s: 0.00
[ 56s ] thds: 256 tps: 3453.73 qps: 3453.73 (r/w/o: 0.00/3371.73/81.99) lat (ms,95%): 155.80 err/s: 0.00 reconn/s: 0.00
[ 57s ] thds: 256 tps: 3869.60 qps: 3869.60 (r/w/o: 0.00/3781.63/87.97) lat (ms,95%): 121.08 err/s: 0.00 reconn/s: 0.00
[ 58s ] thds: 256 tps: 3727.60 qps: 3727.60 (r/w/o: 0.00/3647.55/80.06) lat (ms,95%): 118.92 err/s: 0.00 reconn/s: 0.00
[ 59s ] thds: 256 tps: 3729.10 qps: 3729.10 (r/w/o: 0.00/3665.12/63.98) lat (ms,95%): 102.97 err/s: 0.00 reconn/s: 0.00
[ 60s ] thds: 256 tps: 3663.58 qps: 3663.58 (r/w/o: 0.00/3587.59/75.99) lat (ms,95%): 108.68 err/s: 0.00 reconn/s: 0.00
[ 61s ] thds: 256 tps: 3746.99 qps: 3746.99 (r/w/o: 0.00/3684.99/62.00) lat (ms,95%): 108.68 err/s: 0.00 reconn/s: 0.00
[ 62s ] thds: 256 tps: 3666.95 qps: 3666.95 (r/w/o: 0.00/3589.96/77.00) lat (ms,95%): 139.85 err/s: 0.00 reconn/s: 0.00
[ 63s ] thds: 256 tps: 3849.61 qps: 3849.61 (r/w/o: 0.00/3761.57/88.04) lat (ms,95%): 116.80 err/s: 0.00 reconn/s: 0.00
[ 64s ] thds: 256 tps: 3478.35 qps: 3478.35 (r/w/o: 0.00/3396.38/81.96) lat (ms,95%): 116.80 err/s: 0.00 reconn/s: 0.00
[ 65s ] thds: 256 tps: 3655.23 qps: 3655.23 (r/w/o: 0.00/3577.20/78.03) lat (ms,95%): 114.72 err/s: 0.00 reconn/s: 0.00
[ 66s ] thds: 256 tps: 3954.94 qps: 3954.94 (r/w/o: 0.00/3864.99/89.95) lat (ms,95%): 104.84 err/s: 0.00 reconn/s: 0.00
[ 67s ] thds: 256 tps: 3629.97 qps: 3629.97 (r/w/o: 0.00/3562.95/67.02) lat (ms,95%): 104.84 err/s: 0.00 reconn/s: 0.00
[ 68s ] thds: 256 tps: 3366.81 qps: 3366.81 (r/w/o: 0.00/3309.81/57.00) lat (ms,95%): 170.48 err/s: 0.00 reconn/s: 0.00
[ 69s ] thds: 256 tps: 3421.40 qps: 3421.40 (r/w/o: 0.00/3342.37/79.03) lat (ms,95%): 170.48 err/s: 0.00 reconn/s: 0.00
[ 70s ] thds: 256 tps: 3625.30 qps: 3625.30 (r/w/o: 0.00/3543.34/81.96) lat (ms,95%): 127.81 err/s: 0.00 reconn/s: 0.00
[ 71s ] thds: 256 tps: 3704.84 qps: 3704.84 (r/w/o: 0.00/3626.85/78.00) lat (ms,95%): 127.81 err/s: 0.00 reconn/s: 0.00
[ 72s ] thds: 256 tps: 3645.04 qps: 3645.04 (r/w/o: 0.00/3553.07/91.98) lat (ms,95%): 130.13 err/s: 0.00 reconn/s: 0.00
[ 73s ] thds: 256 tps: 3609.26 qps: 3609.26 (r/w/o: 0.00/3538.23/71.02) lat (ms,95%): 130.13 err/s: 0.00 reconn/s: 0.00
[ 74s ] thds: 256 tps: 3653.38 qps: 3653.38 (r/w/o: 0.00/3562.37/91.01) lat (ms,95%): 144.97 err/s: 0.00 reconn/s: 0.00
[ 75s ] thds: 256 tps: 3791.54 qps: 3791.54 (r/w/o: 0.00/3711.57/79.97) lat (ms,95%): 144.97 err/s: 0.00 reconn/s: 0.00
[ 76s ] thds: 256 tps: 3995.76 qps: 3995.76 (r/w/o: 0.00/3913.75/82.02) lat (ms,95%): 92.42 err/s: 0.00 reconn/s: 0.00
[ 77s ] thds: 256 tps: 3813.83 qps: 3813.83 (r/w/o: 0.00/3742.80/71.03) lat (ms,95%): 92.42 err/s: 0.00 reconn/s: 0.00
[ 78s ] thds: 256 tps: 3521.39 qps: 3521.39 (r/w/o: 0.00/3450.42/70.97) lat (ms,95%): 108.68 err/s: 0.00 reconn/s: 0.00
[ 79s ] thds: 256 tps: 3698.79 qps: 3698.79 (r/w/o: 0.00/3627.79/71.00) lat (ms,95%): 108.68 err/s: 0.00 reconn/s: 0.00
[ 80s ] thds: 256 tps: 3855.46 qps: 3855.46 (r/w/o: 0.00/3788.45/67.01) lat (ms,95%): 108.68 err/s: 0.00 reconn/s: 0.00
[ 81s ] thds: 256 tps: 3802.46 qps: 3802.46 (r/w/o: 0.00/3731.49/70.97) lat (ms,95%): 121.08 err/s: 0.00 reconn/s: 0.00
[ 82s ] thds: 256 tps: 3465.22 qps: 3465.22 (r/w/o: 0.00/3388.15/77.07) lat (ms,95%): 127.81 err/s: 0.00 reconn/s: 0.00
[ 83s ] thds: 256 tps: 3392.52 qps: 3392.52 (r/w/o: 0.00/3319.55/72.97) lat (ms,95%): 125.52 err/s: 0.00 reconn/s: 0.00
[ 84s ] thds: 256 tps: 3549.31 qps: 3549.31 (r/w/o: 0.00/3472.28/77.03) lat (ms,95%): 125.52 err/s: 0.00 reconn/s: 0.00
[ 85s ] thds: 256 tps: 3850.10 qps: 3850.10 (r/w/o: 0.00/3761.15/88.96) lat (ms,95%): 118.92 err/s: 0.00 reconn/s: 0.00
[ 86s ] thds: 256 tps: 3795.03 qps: 3795.03 (r/w/o: 0.00/3705.01/90.02) lat (ms,95%): 97.55 err/s: 0.00 reconn/s: 0.00
[ 87s ] thds: 256 tps: 3699.61 qps: 3699.61 (r/w/o: 0.00/3614.60/85.01) lat (ms,95%): 106.75 err/s: 0.00 reconn/s: 0.00
[ 88s ] thds: 256 tps: 3609.03 qps: 3609.03 (r/w/o: 0.00/3533.05/75.98) lat (ms,95%): 106.75 err/s: 0.00 reconn/s: 0.00
[ 89s ] thds: 256 tps: 3601.95 qps: 3601.95 (r/w/o: 0.00/3527.93/74.02) lat (ms,95%): 108.68 err/s: 0.00 reconn/s: 0.00
[ 90s ] thds: 256 tps: 4130.39 qps: 4130.39 (r/w/o: 0.00/4047.41/82.99) lat (ms,95%): 108.68 err/s: 0.00 reconn/s: 0.00
[ 91s ] thds: 256 tps: 3913.43 qps: 3913.43 (r/w/o: 0.00/3842.42/71.01) lat (ms,95%): 118.92 err/s: 0.00 reconn/s: 0.00
[ 92s ] thds: 256 tps: 3329.28 qps: 3329.28 (r/w/o: 0.00/3262.29/66.99) lat (ms,95%): 121.08 err/s: 0.00 reconn/s: 0.00
[ 93s ] thds: 256 tps: 3264.84 qps: 3264.84 (r/w/o: 0.00/3204.83/60.02) lat (ms,95%): 121.08 err/s: 0.00 reconn/s: 0.00
[ 94s ] thds: 256 tps: 3496.82 qps: 3496.82 (r/w/o: 0.00/3425.86/70.96) lat (ms,95%): 121.08 err/s: 0.00 reconn/s: 0.00
[ 95s ] thds: 256 tps: 3824.52 qps: 3824.52 (r/w/o: 0.00/3734.46/90.06) lat (ms,95%): 121.08 err/s: 0.00 reconn/s: 0.00
[ 96s ] thds: 256 tps: 3555.97 qps: 3555.97 (r/w/o: 0.00/3470.00/85.98) lat (ms,95%): 173.58 err/s: 0.00 reconn/s: 0.00
[ 97s ] thds: 256 tps: 3612.83 qps: 3612.83 (r/w/o: 0.00/3541.82/71.02) lat (ms,95%): 170.48 err/s: 0.00 reconn/s: 0.00
[ 98s ] thds: 256 tps: 3700.59 qps: 3700.59 (r/w/o: 0.00/3632.65/67.94) lat (ms,95%): 170.48 err/s: 0.00 reconn/s: 0.00
[ 99s ] thds: 256 tps: 3738.35 qps: 3738.35 (r/w/o: 0.00/3671.33/67.02) lat (ms,95%): 170.48 err/s: 0.00 reconn/s: 0.00
[ 100s ] thds: 256 tps: 3792.31 qps: 3792.31 (r/w/o: 0.00/3699.30/93.01) lat (ms,95%): 89.16 err/s: 0.00 reconn/s: 0.00
[ 101s ] thds: 256 tps: 3882.33 qps: 3882.33 (r/w/o: 0.00/3803.30/79.03) lat (ms,95%): 74.46 err/s: 0.00 reconn/s: 0.00
[ 102s ] thds: 256 tps: 3677.75 qps: 3677.75 (r/w/o: 0.00/3602.75/74.99) lat (ms,95%): 110.66 err/s: 0.00 reconn/s: 0.00
[ 103s ] thds: 256 tps: 4939.47 qps: 4939.47 (r/w/o: 0.00/4828.48/110.99) lat (ms,95%): 110.66 err/s: 0.00 reconn/s: 0.00
[ 104s ] thds: 256 tps: 5727.10 qps: 5727.10 (r/w/o: 0.00/5616.08/111.02) lat (ms,95%): 95.81 err/s: 0.00 reconn/s: 0.00
[ 105s ] thds: 256 tps: 5762.88 qps: 5762.88 (r/w/o: 0.00/5642.95/119.94) lat (ms,95%): 94.10 err/s: 0.00 reconn/s: 0.00
[ 106s ] thds: 256 tps: 5300.42 qps: 5300.42 (r/w/o: 0.00/5180.42/120.01) lat (ms,95%): 92.42 err/s: 0.00 reconn/s: 0.00
[ 107s ] thds: 256 tps: 3622.17 qps: 3622.17 (r/w/o: 0.00/3551.13/71.04) lat (ms,95%): 94.10 err/s: 0.00 reconn/s: 0.00
[ 108s ] thds: 256 tps: 3670.82 qps: 3670.82 (r/w/o: 0.00/3588.83/82.00) lat (ms,95%): 114.72 err/s: 0.00 reconn/s: 0.00
[ 109s ] thds: 256 tps: 3867.15 qps: 3867.15 (r/w/o: 0.00/3782.15/85.00) lat (ms,95%): 114.72 err/s: 0.00 reconn/s: 0.00
[ 110s ] thds: 256 tps: 3788.35 qps: 3788.35 (r/w/o: 0.00/3695.39/92.96) lat (ms,95%): 114.72 err/s: 0.00 reconn/s: 0.00
[ 111s ] thds: 256 tps: 5676.79 qps: 5676.79 (r/w/o: 0.00/5561.77/115.02) lat (ms,95%): 106.75 err/s: 0.00 reconn/s: 0.00
[ 112s ] thds: 256 tps: 5935.09 qps: 5935.09 (r/w/o: 0.00/5780.06/155.03) lat (ms,95%): 106.75 err/s: 0.00 reconn/s: 0.00
[ 113s ] thds: 256 tps: 5863.55 qps: 5863.55 (r/w/o: 0.00/5731.53/132.01) lat (ms,95%): 106.75 err/s: 0.00 reconn/s: 0.00
[ 114s ] thds: 256 tps: 5911.06 qps: 5911.06 (r/w/o: 0.00/5779.08/131.98) lat (ms,95%): 80.03 err/s: 0.00 reconn/s: 0.00
[ 115s ] thds: 256 tps: 6005.46 qps: 6005.46 (r/w/o: 0.00/5895.45/110.01) lat (ms,95%): 77.19 err/s: 0.00 reconn/s: 0.00
[ 116s ] thds: 256 tps: 5181.82 qps: 5181.82 (r/w/o: 0.00/5071.86/109.95) lat (ms,95%): 78.60 err/s: 0.00 reconn/s: 0.00
[ 117s ] thds: 256 tps: 3730.89 qps: 3730.89 (r/w/o: 0.00/3648.84/82.04) lat (ms,95%): 97.55 err/s: 0.00 reconn/s: 0.00
[ 118s ] thds: 256 tps: 5798.26 qps: 5798.26 (r/w/o: 0.00/5661.33/136.94) lat (ms,95%): 97.55 err/s: 0.00 reconn/s: 0.00
[ 119s ] thds: 256 tps: 5871.31 qps: 5871.31 (r/w/o: 0.00/5749.26/122.05) lat (ms,95%): 97.55 err/s: 0.00 reconn/s: 0.00
[ 120s ] thds: 256 tps: 5981.26 qps: 5981.26 (r/w/o: 0.00/5859.30/121.96) lat (ms,95%): 97.55 err/s: 0.00 reconn/s: 0.00
[ 121s ] thds: 256 tps: 5969.32 qps: 5969.32 (r/w/o: 0.00/5853.35/115.97) lat (ms,95%): 97.55 err/s: 0.00 reconn/s: 0.00
[ 122s ] thds: 256 tps: 6020.24 qps: 6020.24 (r/w/o: 0.00/5913.18/107.06) lat (ms,95%): 97.55 err/s: 0.00 reconn/s: 0.00
[ 123s ] thds: 256 tps: 4809.64 qps: 4809.64 (r/w/o: 0.00/4698.62/111.01) lat (ms,95%): 97.55 err/s: 0.00 reconn/s: 0.00
[ 124s ] thds: 256 tps: 3672.27 qps: 3672.27 (r/w/o: 0.00/3595.29/76.98) lat (ms,95%): 112.67 err/s: 0.00 reconn/s: 0.00
[ 125s ] thds: 256 tps: 3680.76 qps: 3680.76 (r/w/o: 0.00/3608.79/71.98) lat (ms,95%): 110.66 err/s: 0.00 reconn/s: 0.00
[ 126s ] thds: 256 tps: 3829.41 qps: 3829.41 (r/w/o: 0.00/3738.38/91.03) lat (ms,95%): 110.66 err/s: 0.00 reconn/s: 0.00
[ 127s ] thds: 256 tps: 3706.84 qps: 3706.84 (r/w/o: 0.00/3631.85/75.00) lat (ms,95%): 114.72 err/s: 0.00 reconn/s: 0.00
[ 128s ] thds: 256 tps: 3692.99 qps: 3692.99 (r/w/o: 0.00/3634.00/58.98) lat (ms,95%): 114.72 err/s: 0.00 reconn/s: 0.00
[ 129s ] thds: 256 tps: 3682.45 qps: 3682.45 (r/w/o: 0.00/3582.43/100.01) lat (ms,95%): 114.72 err/s: 0.00 reconn/s: 0.00
[ 130s ] thds: 256 tps: 3891.90 qps: 3891.90 (r/w/o: 0.00/3802.95/88.95) lat (ms,95%): 87.56 err/s: 0.00 reconn/s: 0.00
[ 131s ] thds: 256 tps: 3639.07 qps: 3639.07 (r/w/o: 0.00/3551.05/88.03) lat (ms,95%): 90.78 err/s: 0.00 reconn/s: 0.00
[ 132s ] thds: 256 tps: 3656.85 qps: 3656.85 (r/w/o: 0.00/3580.86/76.00) lat (ms,95%): 92.42 err/s: 0.00 reconn/s: 0.00
[ 133s ] thds: 256 tps: 3596.64 qps: 3596.64 (r/w/o: 0.00/3514.67/81.97) lat (ms,95%): 118.92 err/s: 0.00 reconn/s: 0.00
[ 134s ] thds: 256 tps: 3688.76 qps: 3688.76 (r/w/o: 0.00/3615.72/73.03) lat (ms,95%): 118.92 err/s: 0.00 reconn/s: 0.00
[ 135s ] thds: 256 tps: 3657.68 qps: 3657.68 (r/w/o: 0.00/3567.68/89.99) lat (ms,95%): 118.92 err/s: 0.00 reconn/s: 0.00
[ 136s ] thds: 256 tps: 3660.24 qps: 3660.24 (r/w/o: 0.00/3579.23/81.01) lat (ms,95%): 121.08 err/s: 0.00 reconn/s: 0.00
[ 137s ] thds: 256 tps: 3616.03 qps: 3616.03 (r/w/o: 0.00/3530.99/85.05) lat (ms,95%): 121.08 err/s: 0.00 reconn/s: 0.00
[ 138s ] thds: 256 tps: 3533.23 qps: 3533.23 (r/w/o: 0.00/3457.23/76.01) lat (ms,95%): 158.63 err/s: 0.00 reconn/s: 0.00
[ 139s ] thds: 256 tps: 3631.95 qps: 3631.95 (r/w/o: 0.00/3544.97/86.97) lat (ms,95%): 123.28 err/s: 0.00 reconn/s: 0.00
[ 140s ] thds: 256 tps: 3759.79 qps: 3759.79 (r/w/o: 0.00/3671.81/87.97) lat (ms,95%): 121.08 err/s: 0.00 reconn/s: 0.00
[ 141s ] thds: 256 tps: 3693.28 qps: 3693.28 (r/w/o: 0.00/3603.28/90.01) lat (ms,95%): 121.08 err/s: 0.00 reconn/s: 0.00
[ 142s ] thds: 256 tps: 3649.95 qps: 3649.95 (r/w/o: 0.00/3562.93/87.02) lat (ms,95%): 121.08 err/s: 0.00 reconn/s: 0.00
[ 143s ] thds: 256 tps: 3575.94 qps: 3575.94 (r/w/o: 0.00/3510.96/64.98) lat (ms,95%): 125.52 err/s: 0.00 reconn/s: 0.00
[ 144s ] thds: 256 tps: 3585.94 qps: 3585.94 (r/w/o: 0.00/3511.90/74.04) lat (ms,95%): 125.52 err/s: 0.00 reconn/s: 0.00
[ 145s ] thds: 256 tps: 3777.40 qps: 3777.40 (r/w/o: 0.00/3696.41/80.99) lat (ms,95%): 125.52 err/s: 0.00 reconn/s: 0.00
[ 146s ] thds: 256 tps: 6049.23 qps: 6049.23 (r/w/o: 0.00/5941.28/107.95) lat (ms,95%): 82.96 err/s: 0.00 reconn/s: 0.00
[ 147s ] thds: 256 tps: 6033.42 qps: 6033.42 (r/w/o: 0.00/5905.45/127.97) lat (ms,95%): 82.96 err/s: 0.00 reconn/s: 0.00
[ 148s ] thds: 256 tps: 5802.68 qps: 5802.68 (r/w/o: 0.00/5683.58/119.10) lat (ms,95%): 118.92 err/s: 0.00 reconn/s: 0.00
[ 149s ] thds: 256 tps: 5813.06 qps: 5813.06 (r/w/o: 0.00/5669.06/144.00) lat (ms,95%): 118.92 err/s: 0.00 reconn/s: 0.00
[ 150s ] thds: 256 tps: 5964.99 qps: 5964.99 (r/w/o: 0.00/5840.99/124.00) lat (ms,95%): 102.97 err/s: 0.00 reconn/s: 0.00
[ 151s ] thds: 256 tps: 4609.41 qps: 4609.41 (r/w/o: 0.00/4504.47/104.94) lat (ms,95%): 106.75 err/s: 0.00 reconn/s: 0.00
[ 152s ] thds: 256 tps: 3434.69 qps: 3434.69 (r/w/o: 0.00/3356.67/78.02) lat (ms,95%): 147.61 err/s: 0.00 reconn/s: 0.00
[ 153s ] thds: 256 tps: 3579.61 qps: 3579.61 (r/w/o: 0.00/3497.62/81.99) lat (ms,95%): 147.61 err/s: 0.00 reconn/s: 0.00
[ 154s ] thds: 256 tps: 3808.05 qps: 3808.05 (r/w/o: 0.00/3733.01/75.04) lat (ms,95%): 147.61 err/s: 0.00 reconn/s: 0.00
[ 155s ] thds: 256 tps: 3739.18 qps: 3739.18 (r/w/o: 0.00/3657.20/81.98) lat (ms,95%): 173.58 err/s: 0.00 reconn/s: 0.00
[ 156s ] thds: 256 tps: 3681.52 qps: 3681.52 (r/w/o: 0.00/3595.55/85.97) lat (ms,95%): 204.11 err/s: 0.00 reconn/s: 0.00
[ 157s ] thds: 256 tps: 3804.42 qps: 3804.42 (r/w/o: 0.00/3714.36/90.06) lat (ms,95%): 204.11 err/s: 0.00 reconn/s: 0.00
[ 158s ] thds: 256 tps: 3834.82 qps: 3834.82 (r/w/o: 0.00/3760.82/74.00) lat (ms,95%): 204.11 err/s: 0.00 reconn/s: 0.00
[ 159s ] thds: 256 tps: 3763.53 qps: 3763.53 (r/w/o: 0.00/3668.54/94.99) lat (ms,95%): 142.39 err/s: 0.00 reconn/s: 0.00
[ 160s ] thds: 256 tps: 3756.67 qps: 3756.67 (r/w/o: 0.00/3679.65/77.01) lat (ms,95%): 142.39 err/s: 0.00 reconn/s: 0.00
[ 161s ] thds: 256 tps: 3624.07 qps: 3624.07 (r/w/o: 0.00/3552.09/71.98) lat (ms,95%): 142.39 err/s: 0.00 reconn/s: 0.00
[ 162s ] thds: 256 tps: 3619.59 qps: 3619.59 (r/w/o: 0.00/3556.58/63.01) lat (ms,95%): 142.39 err/s: 0.00 reconn/s: 0.00
[ 163s ] thds: 256 tps: 3949.34 qps: 3949.34 (r/w/o: 0.00/3856.35/92.98) lat (ms,95%): 99.33 err/s: 0.00 reconn/s: 0.00
[ 164s ] thds: 256 tps: 3749.11 qps: 3749.11 (r/w/o: 0.00/3666.11/83.00) lat (ms,95%): 118.92 err/s: 0.00 reconn/s: 0.00
[ 165s ] thds: 256 tps: 3605.48 qps: 3605.48 (r/w/o: 0.00/3515.55/89.94) lat (ms,95%): 118.92 err/s: 0.00 reconn/s: 0.00
[ 166s ] thds: 256 tps: 3684.42 qps: 3684.42 (r/w/o: 0.00/3593.41/91.01) lat (ms,95%): 112.67 err/s: 0.00 reconn/s: 0.00
[ 167s ] thds: 256 tps: 3705.29 qps: 3705.29 (r/w/o: 0.00/3627.26/78.03) lat (ms,95%): 106.75 err/s: 0.00 reconn/s: 0.00
[ 168s ] thds: 256 tps: 3694.17 qps: 3694.17 (r/w/o: 0.00/3621.17/73.00) lat (ms,95%): 142.39 err/s: 0.00 reconn/s: 0.00
[ 169s ] thds: 256 tps: 3554.59 qps: 3554.59 (r/w/o: 0.00/3475.65/78.95) lat (ms,95%): 142.39 err/s: 0.00 reconn/s: 0.00
[ 170s ] thds: 256 tps: 3632.33 qps: 3632.33 (r/w/o: 0.00/3551.27/81.05) lat (ms,95%): 142.39 err/s: 0.00 reconn/s: 0.00
[ 171s ] thds: 256 tps: 3730.23 qps: 3730.23 (r/w/o: 0.00/3657.22/73.00) lat (ms,95%): 142.39 err/s: 0.00 reconn/s: 0.00
[ 172s ] thds: 256 tps: 4025.16 qps: 4025.16 (r/w/o: 0.00/3942.20/82.96) lat (ms,95%): 108.68 err/s: 0.00 reconn/s: 0.00
[ 173s ] thds: 256 tps: 3769.59 qps: 3769.59 (r/w/o: 0.00/3685.55/84.04) lat (ms,95%): 132.49 err/s: 0.00 reconn/s: 0.00
[ 174s ] thds: 256 tps: 3497.45 qps: 3497.45 (r/w/o: 0.00/3407.41/90.04) lat (ms,95%): 144.97 err/s: 0.00 reconn/s: 0.00
[ 175s ] thds: 256 tps: 3444.01 qps: 3444.01 (r/w/o: 0.00/3367.01/77.00) lat (ms,95%): 147.61 err/s: 0.00 reconn/s: 0.00
[ 176s ] thds: 256 tps: 3847.15 qps: 3847.15 (r/w/o: 0.00/3771.16/75.98) lat (ms,95%): 134.90 err/s: 0.00 reconn/s: 0.00
[ 177s ] thds: 256 tps: 3679.79 qps: 3679.79 (r/w/o: 0.00/3574.76/105.02) lat (ms,95%): 153.02 err/s: 0.00 reconn/s: 0.00
[ 178s ] thds: 256 tps: 3591.26 qps: 3591.26 (r/w/o: 0.00/3509.26/82.01) lat (ms,95%): 161.51 err/s: 0.00 reconn/s: 0.00
[ 179s ] thds: 256 tps: 3601.75 qps: 3601.75 (r/w/o: 0.00/3527.75/73.99) lat (ms,95%): 161.51 err/s: 0.00 reconn/s: 0.00
[ 180s ] thds: 256 tps: 3604.17 qps: 3604.17 (r/w/o: 0.00/3514.19/89.98) lat (ms,95%): 161.51 err/s: 0.00 reconn/s: 0.00
[ 181s ] thds: 256 tps: 3669.27 qps: 3669.27 (r/w/o: 0.00/3600.29/68.99) lat (ms,95%): 150.29 err/s: 0.00 reconn/s: 0.00
[ 182s ] thds: 256 tps: 3587.46 qps: 3587.46 (r/w/o: 0.00/3512.45/75.01) lat (ms,95%): 150.29 err/s: 0.00 reconn/s: 0.00
[ 183s ] thds: 256 tps: 3599.70 qps: 3599.70 (r/w/o: 0.00/3518.68/81.02) lat (ms,95%): 150.29 err/s: 0.00 reconn/s: 0.00
[ 184s ] thds: 256 tps: 3563.31 qps: 3563.31 (r/w/o: 0.00/3485.32/77.98) lat (ms,95%): 150.29 err/s: 0.00 reconn/s: 0.00
[ 185s ] thds: 256 tps: 3883.15 qps: 3883.15 (r/w/o: 0.00/3811.15/72.00) lat (ms,95%): 106.75 err/s: 0.00 reconn/s: 0.00
[ 186s ] thds: 256 tps: 3892.32 qps: 3892.32 (r/w/o: 0.00/3806.29/86.03) lat (ms,95%): 104.84 err/s: 0.00 reconn/s: 0.00
[ 187s ] thds: 256 tps: 3690.55 qps: 3690.55 (r/w/o: 0.00/3611.56/78.99) lat (ms,95%): 104.84 err/s: 0.00 reconn/s: 0.00
[ 188s ] thds: 256 tps: 3640.31 qps: 3640.31 (r/w/o: 0.00/3565.30/75.01) lat (ms,95%): 104.84 err/s: 0.00 reconn/s: 0.00
[ 189s ] thds: 256 tps: 3602.28 qps: 3602.28 (r/w/o: 0.00/3520.32/81.96) lat (ms,95%): 173.58 err/s: 0.00 reconn/s: 0.00
[ 190s ] thds: 256 tps: 3691.47 qps: 3691.47 (r/w/o: 0.00/3608.46/83.01) lat (ms,95%): 173.58 err/s: 0.00 reconn/s: 0.00
[ 191s ] thds: 256 tps: 3764.99 qps: 3764.99 (r/w/o: 0.00/3674.96/90.02) lat (ms,95%): 125.52 err/s: 0.00 reconn/s: 0.00
[ 192s ] thds: 256 tps: 3691.64 qps: 3691.64 (r/w/o: 0.00/3612.64/78.99) lat (ms,95%): 130.13 err/s: 0.00 reconn/s: 0.00
[ 193s ] thds: 256 tps: 3614.39 qps: 3614.39 (r/w/o: 0.00/3538.39/76.01) lat (ms,95%): 134.90 err/s: 0.00 reconn/s: 0.00
[ 194s ] thds: 256 tps: 5382.01 qps: 5382.01 (r/w/o: 0.00/5268.05/113.96) lat (ms,95%): 130.13 err/s: 0.00 reconn/s: 0.00
[ 195s ] thds: 256 tps: 5896.34 qps: 5896.34 (r/w/o: 0.00/5765.33/131.01) lat (ms,95%): 90.78 err/s: 0.00 reconn/s: 0.00
[ 196s ] thds: 256 tps: 5828.05 qps: 5828.05 (r/w/o: 0.00/5694.05/134.00) lat (ms,95%): 87.56 err/s: 0.00 reconn/s: 0.00
[ 197s ] thds: 256 tps: 5778.33 qps: 5778.33 (r/w/o: 0.00/5667.33/111.01) lat (ms,95%): 90.78 err/s: 0.00 reconn/s: 0.00
[ 198s ] thds: 256 tps: 5690.54 qps: 5690.54 (r/w/o: 0.00/5565.53/125.01) lat (ms,95%): 90.78 err/s: 0.00 reconn/s: 0.00
[ 199s ] thds: 256 tps: 4520.76 qps: 4520.76 (r/w/o: 0.00/4402.74/118.02) lat (ms,95%): 92.42 err/s: 0.00 reconn/s: 0.00
[ 200s ] thds: 256 tps: 3767.26 qps: 3767.26 (r/w/o: 0.00/3691.28/75.99) lat (ms,95%): 92.42 err/s: 0.00 reconn/s: 0.00
[ 201s ] thds: 256 tps: 5121.26 qps: 5121.26 (r/w/o: 0.00/5015.26/106.01) lat (ms,95%): 108.68 err/s: 0.00 reconn/s: 0.00
[ 202s ] thds: 256 tps: 5639.98 qps: 5639.98 (r/w/o: 0.00/5509.96/130.02) lat (ms,95%): 108.68 err/s: 0.00 reconn/s: 0.00
[ 203s ] thds: 256 tps: 5757.84 qps: 5757.84 (r/w/o: 0.00/5646.87/110.98) lat (ms,95%): 108.68 err/s: 0.00 reconn/s: 0.00
[ 204s ] thds: 256 tps: 5847.71 qps: 5847.71 (r/w/o: 0.00/5712.69/135.02) lat (ms,95%): 78.60 err/s: 0.00 reconn/s: 0.00
[ 205s ] thds: 256 tps: 5859.95 qps: 5859.95 (r/w/o: 0.00/5735.93/124.02) lat (ms,95%): 78.60 err/s: 0.00 reconn/s: 0.00
[ 206s ] thds: 256 tps: 4164.21 qps: 4164.21 (r/w/o: 0.00/4059.25/104.95) lat (ms,95%): 110.66 err/s: 0.00 reconn/s: 0.00
[ 207s ] thds: 256 tps: 3651.24 qps: 3651.24 (r/w/o: 0.00/3566.24/85.01) lat (ms,95%): 110.66 err/s: 0.00 reconn/s: 0.00
[ 208s ] thds: 256 tps: 3633.71 qps: 3633.71 (r/w/o: 0.00/3562.72/70.99) lat (ms,95%): 142.39 err/s: 0.00 reconn/s: 0.00
[ 209s ] thds: 256 tps: 3693.16 qps: 3693.16 (r/w/o: 0.00/3623.16/70.00) lat (ms,95%): 142.39 err/s: 0.00 reconn/s: 0.00
[ 210s ] thds: 256 tps: 3725.86 qps: 3725.86 (r/w/o: 0.00/3658.86/67.00) lat (ms,95%): 142.39 err/s: 0.00 reconn/s: 0.00
[ 211s ] thds: 256 tps: 3656.13 qps: 3656.13 (r/w/o: 0.00/3579.13/77.00) lat (ms,95%): 144.97 err/s: 0.00 reconn/s: 0.00
[ 212s ] thds: 256 tps: 3694.00 qps: 3694.00 (r/w/o: 0.00/3617.00/77.00) lat (ms,95%): 130.13 err/s: 0.00 reconn/s: 0.00
[ 213s ] thds: 256 tps: 3719.21 qps: 3719.21 (r/w/o: 0.00/3631.18/88.03) lat (ms,95%): 130.13 err/s: 0.00 reconn/s: 0.00
[ 214s ] thds: 256 tps: 3775.98 qps: 3775.98 (r/w/o: 0.00/3682.00/93.97) lat (ms,95%): 104.84 err/s: 0.00 reconn/s: 0.00
[ 215s ] thds: 256 tps: 3707.17 qps: 3707.17 (r/w/o: 0.00/3615.16/92.00) lat (ms,95%): 104.84 err/s: 0.00 reconn/s: 0.00
[ 216s ] thds: 256 tps: 3701.46 qps: 3701.46 (r/w/o: 0.00/3619.47/81.99) lat (ms,95%): 147.61 err/s: 0.00 reconn/s: 0.00
[ 217s ] thds: 256 tps: 3571.19 qps: 3571.19 (r/w/o: 0.00/3490.21/80.98) lat (ms,95%): 147.61 err/s: 0.00 reconn/s: 0.00
[ 218s ] thds: 256 tps: 3867.07 qps: 3867.07 (r/w/o: 0.00/3766.02/101.05) lat (ms,95%): 95.81 err/s: 0.00 reconn/s: 0.00
[ 219s ] thds: 256 tps: 3647.66 qps: 3647.66 (r/w/o: 0.00/3579.69/67.98) lat (ms,95%): 97.55 err/s: 0.00 reconn/s: 0.00
[ 220s ] thds: 256 tps: 3723.83 qps: 3723.83 (r/w/o: 0.00/3636.81/87.02) lat (ms,95%): 97.55 err/s: 0.00 reconn/s: 0.00
[ 221s ] thds: 256 tps: 3629.05 qps: 3629.05 (r/w/o: 0.00/3543.05/86.00) lat (ms,95%): 101.13 err/s: 0.00 reconn/s: 0.00
[ 222s ] thds: 256 tps: 3635.19 qps: 3635.19 (r/w/o: 0.00/3550.21/84.98) lat (ms,95%): 102.97 err/s: 0.00 reconn/s: 0.00
[ 223s ] thds: 256 tps: 3634.27 qps: 3634.27 (r/w/o: 0.00/3563.27/71.01) lat (ms,95%): 104.84 err/s: 0.00 reconn/s: 0.00
[ 224s ] thds: 256 tps: 3713.08 qps: 3713.08 (r/w/o: 0.00/3635.06/78.02) lat (ms,95%): 102.97 err/s: 0.00 reconn/s: 0.00
[ 225s ] thds: 256 tps: 3823.87 qps: 3823.87 (r/w/o: 0.00/3745.87/78.00) lat (ms,95%): 97.55 err/s: 0.00 reconn/s: 0.00
[ 226s ] thds: 256 tps: 3623.97 qps: 3623.97 (r/w/o: 0.00/3524.99/98.97) lat (ms,95%): 121.08 err/s: 0.00 reconn/s: 0.00
[ 227s ] thds: 256 tps: 3559.25 qps: 3559.25 (r/w/o: 0.00/3496.23/63.02) lat (ms,95%): 121.08 err/s: 0.00 reconn/s: 0.00
[ 228s ] thds: 256 tps: 3627.75 qps: 3627.75 (r/w/o: 0.00/3542.78/84.97) lat (ms,95%): 121.08 err/s: 0.00 reconn/s: 0.00
[ 229s ] thds: 256 tps: 3735.13 qps: 3735.13 (r/w/o: 0.00/3639.11/96.03) lat (ms,95%): 102.97 err/s: 0.00 reconn/s: 0.00
[ 230s ] thds: 256 tps: 3780.89 qps: 3780.89 (r/w/o: 0.00/3683.92/96.97) lat (ms,95%): 114.72 err/s: 0.00 reconn/s: 0.00
[ 231s ] thds: 256 tps: 3701.47 qps: 3701.47 (r/w/o: 0.00/3633.46/68.01) lat (ms,95%): 114.72 err/s: 0.00 reconn/s: 0.00
[ 232s ] thds: 256 tps: 3711.52 qps: 3711.52 (r/w/o: 0.00/3638.55/72.97) lat (ms,95%): 114.72 err/s: 0.00 reconn/s: 0.00
[ 233s ] thds: 256 tps: 3701.23 qps: 3701.23 (r/w/o: 0.00/3605.22/96.01) lat (ms,95%): 116.80 err/s: 0.00 reconn/s: 0.00
[ 234s ] thds: 256 tps: 3852.45 qps: 3852.45 (r/w/o: 0.00/3771.44/81.01) lat (ms,95%): 101.13 err/s: 0.00 reconn/s: 0.00
[ 235s ] thds: 256 tps: 3753.68 qps: 3753.68 (r/w/o: 0.00/3677.69/75.99) lat (ms,95%): 102.97 err/s: 0.00 reconn/s: 0.00
[ 236s ] thds: 256 tps: 3516.69 qps: 3516.69 (r/w/o: 0.00/3436.67/80.02) lat (ms,95%): 106.75 err/s: 0.00 reconn/s: 0.00
[ 237s ] thds: 256 tps: 3502.35 qps: 3502.35 (r/w/o: 0.00/3418.32/84.03) lat (ms,95%): 106.75 err/s: 0.00 reconn/s: 0.00
[ 238s ] thds: 256 tps: 3631.01 qps: 3631.01 (r/w/o: 0.00/3548.05/82.95) lat (ms,95%): 106.75 err/s: 0.00 reconn/s: 0.00
[ 239s ] thds: 256 tps: 3721.76 qps: 3721.76 (r/w/o: 0.00/3657.77/64.00) lat (ms,95%): 108.68 err/s: 0.00 reconn/s: 0.00
[ 240s ] thds: 256 tps: 3829.03 qps: 3829.03 (r/w/o: 0.00/3734.00/95.03) lat (ms,95%): 127.81 err/s: 0.00 reconn/s: 0.00
Latency histogram (values are in milliseconds)
       value  ------------- distribution ------------- count
       5.090 |                                         1
       5.183 |                                         1
       5.373 |                                         5
       5.470 |                                         3
       5.570 |                                         3
       5.671 |                                         15
       5.774 |                                         32
       5.879 |                                         52
       5.986 |                                         83
       6.095 |                                         128
       6.205 |                                         186
       6.318 |                                         302
       6.433 |                                         383
       6.550 |                                         444
       6.669 |                                         592
       6.790 |*                                        785
       6.913 |*                                        1100
       7.039 |*                                        1418
       7.167 |*                                        1850
       7.297 |**                                       2652
       7.430 |**                                       3143
       7.565 |**                                       3242
       7.702 |***                                      3643
       7.842 |***                                      4233
       7.985 |****                                     5271
       8.130 |*****                                    6195
       8.277 |******                                   7247
       8.428 |******                                   8344
       8.581 |******                                   7748
       8.737 |*****                                    6706
       8.895 |****                                     5837
       9.057 |****                                     4969
       9.222 |***                                      4281
       9.389 |***                                      4072
       9.560 |***                                      3539
       9.734 |**                                       2661
       9.910 |**                                       2027
      10.090 |*                                        1416
      10.274 |*                                        1166
      10.460 |*                                        965
      10.651 |*                                        730
      10.844 |                                         578
      11.041 |                                         480
      11.242 |                                         333
      11.446 |                                         264
      11.654 |                                         194
      11.866 |                                         196
      12.081 |                                         160
      12.301 |                                         122
      12.524 |                                         94
      12.752 |                                         85
      12.984 |                                         53
      13.219 |                                         67
      13.460 |                                         55
      13.704 |                                         56
      13.953 |                                         36
      14.207 |                                         26
      14.465 |                                         29
      14.728 |                                         21
      14.995 |                                         17
      15.268 |                                         20
      15.545 |                                         19
      15.828 |                                         11
      16.115 |                                         12
      16.408 |                                         10
      16.706 |                                         8
      17.010 |                                         5
      17.319 |                                         6
      17.633 |                                         1
      17.954 |                                         7
      18.280 |                                         3
      18.612 |                                         2
      18.950 |                                         2
      19.295 |                                         2
      19.645 |                                         1
      20.002 |                                         4
      20.366 |                                         2
      20.736 |                                         6
      21.112 |                                         3
      21.496 |                                         3
      21.886 |                                         6
      22.284 |                                         4
      22.689 |                                         5
      23.101 |                                         4
      23.521 |                                         2
      23.948 |                                         5
      24.384 |                                         5
      24.827 |                                         4
      25.278 |                                         7
      25.737 |                                         5
      26.205 |                                         7
      26.681 |                                         8
      27.165 |                                         10
      27.659 |                                         10
      28.162 |                                         7
      28.673 |                                         15
      29.194 |                                         12
      29.725 |                                         12
      30.265 |                                         11
      30.815 |                                         13
      31.375 |                                         11
      31.945 |                                         16
      32.525 |                                         13
      33.116 |                                         15
      33.718 |                                         18
      34.330 |                                         14
      34.954 |                                         19
      35.589 |                                         22
      36.236 |                                         18
      36.894 |                                         29
      37.565 |                                         23
      38.247 |                                         44
      38.942 |                                         70
      39.650 |                                         139
      40.370 |                                         313
      41.104 |*                                        726
      41.851 |*                                        1242
      42.611 |**                                       2148
      43.385 |***                                      3507
      44.173 |****                                     4877
      44.976 |*****                                    6154
      45.793 |******                                   8262
      46.625 |*******                                  9641
      47.472 |*******                                  9346
      48.335 |********                                 10310
      49.213 |*********                                12305
      50.107 |*************                            16390
      51.018 |*****************                        22061
      51.945 |***********************                  30736
      52.889 |*******************************          40646
      53.850 |*************************************    48058
      54.828 |***************************************  50705
      55.824 |**************************************   50336
      56.839 |**************************************   50346
      57.871 |**************************************** 52420
      58.923 |*************************************    48514
      59.993 |*****************************            38435
      61.083 |**********************                   28462
      62.193 |****************                         20707
      63.323 |************                             15773
      64.474 |************                             15387
      65.645 |***********                              15003
      66.838 |*********                                12054
      68.053 |**********                               13291
      69.289 |**********                               13267
      70.548 |*********                                11552
      71.830 |*********                                11653
      73.135 |*******                                  9424
      74.464 |******                                   8145
      75.817 |******                                   8368
      77.194 |*******                                  9214
      78.597 |******                                   7853
      80.025 |****                                     5817
      81.479 |*****                                    6043
      82.959 |*****                                    5910
      84.467 |****                                     5430
      86.002 |****                                     4724
      87.564 |*****                                    6792
      89.155 |*****                                    7046
      90.775 |*****                                    6524
      92.424 |******                                   7983
      94.104 |*****                                    6098
      95.814 |***                                      3402
      97.555 |****                                     5021
      99.327 |***                                      3820
     101.132 |**                                       2271
     102.969 |***                                      3837
     104.840 |****                                     5842
     106.745 |****                                     5748
     108.685 |***                                      4449
     110.659 |***                                      3898
     112.670 |**                                       2737
     114.717 |**                                       3208
     116.802 |**                                       3179
     118.924 |***                                      4122
     121.085 |*****                                    6531
     123.285 |***                                      4098
     125.525 |**                                       2589
     127.805 |*                                        1593
     130.128 |*                                        1218
     132.492 |*                                        1364
     134.899 |*                                        1727
     137.350 |*                                        1197
     139.846 |*                                        1316
     142.387 |*                                        1837
     144.974 |*                                        1748
     147.608 |*                                        1228
     150.290 |*                                        1084
     153.021 |*                                        1431
     155.801 |*                                        1291
     158.632 |*                                        1082
     161.514 |*                                        1297
     164.449 |                                         489
     167.437 |*                                        659
     170.479 |*                                        1487
     173.577 |*                                        1133
     176.731 |*                                        674
     179.942 |                                         550
     183.211 |                                         127
     186.540 |*                                        834
     189.929 |*                                        988
     193.380 |*                                        926
     196.894 |                                         398
     200.472 |                                         347
     204.114 |                                         195
     207.823 |                                         428
     211.599 |                                         220
     215.443 |                                         75
     219.358 |                                         309
     223.344 |                                         356
     227.402 |                                         120
     231.534 |                                         114
     235.740 |                                         585
     240.024 |                                         37
     244.385 |                                         47
     248.825 |*                                        852
     253.346 |                                         41
     257.950 |                                         26
     262.636 |                                         273
     267.408 |                                         432
     272.267 |                                         322
     277.214 |                                         301
     282.251 |                                         25
     287.379 |                                         6
     292.601 |                                         9
     297.917 |                                         2
     303.330 |                                         9
     308.842 |                                         205
     314.453 |                                         55
     320.167 |                                         14
     325.984 |                                         12
     331.907 |                                         12
     337.938 |                                         8
     344.078 |                                         10
     350.330 |                                         193
     356.695 |                                         5
     363.176 |                                         5
     369.775 |                                         3
     376.494 |                                         168
     383.334 |                                         22
     390.299 |                                         2
     397.391 |                                         158
     404.611 |                                         14
     411.963 |                                         154
     419.448 |                                         10
     434.829 |                                         6
     442.730 |                                         180
     450.774 |                                         3
     458.964 |                                         2
     467.304 |                                         6
     475.794 |                                         5
     484.439 |                                         5
     493.242 |                                         4
     502.204 |                                         4
     511.328 |                                         7
     520.619 |                                         148
     530.078 |                                         92
     539.710 |                                         30
     549.516 |                                         5
     559.501 |                                         2
     569.667 |                                         4
     580.017 |                                         98
     590.556 |                                         6
     601.286 |                                         1
     612.211 |                                         3
     623.335 |                                         2
     634.661 |                                         2
     646.192 |                                         88
     669.888 |                                         2
     682.059 |                                         1
     694.452 |                                         1
     707.070 |                                         1
     732.998 |                                         2
     746.316 |                                         4
     759.876 |                                         2
     773.683 |                                         3
     787.741 |                                         1
     802.053 |                                         1
     816.626 |                                         4
     831.464 |                                         3
     846.572 |                                         1
     861.954 |                                         1
     893.561 |                                         1
     943.158 |                                         1
     977.743 |                                         1
    1013.597 |                                         1
    1050.764 |                                         1
    1069.856 |                                         1
    1109.087 |                                         1
    1129.239 |                                         1
    1149.757 |                                         8
    1170.648 |                                         42
 
SQL statistics:
    queries performed:
        read:                            0
        write:                           959090
        other:                           21378
        total:                           980468
    transactions:                        980468 (4083.54 per sec.)
    queries:                             980468 (4083.54 per sec.)
    ignored errors:                      0      (0.00 per sec.)
    reconnects:                          0      (0.00 per sec.)

Throughput:
    events/s (eps):                      4083.5435
    time elapsed:                        240.1026s
    total number of events:              980468

Latency (ms):
         min:                                    5.08
         avg:                                   62.68
         max:                                 1180.19
         95th percentile:                      118.92
         sum:                             61455483.67

Threads fairness:
    events (avg/stddev):           3829.9297/491.02
    execution time (avg/stddev):   240.0605/0.03

