sysbench 1.1.0-3ceba0b (using bundled LuaJIT 2.1.0-beta3)

Running the test with following options:
Number of threads: 8
Warmup time: 60s
Report intermediate results every 1 second(s)
Initializing random number generator from current time


Initializing worker threads...

Threads started!

Warming up for 60 seconds...

[ 1s ] thds: 8 tps: 172.71 qps: 2764.04 (r/w/o: 2418.51/0.00/345.53) lat (ms,95%): 61.08 err/s: 0.00 reconn/s: 0.00
[ 2s ] thds: 8 tps: 175.05 qps: 2830.85 (r/w/o: 2480.74/0.00/350.10) lat (ms,95%): 59.99 err/s: 0.00 reconn/s: 0.00
[ 3s ] thds: 8 tps: 175.95 qps: 2814.14 (r/w/o: 2461.25/0.00/352.89) lat (ms,95%): 61.08 err/s: 0.00 reconn/s: 0.00
[ 4s ] thds: 8 tps: 177.02 qps: 2797.28 (r/w/o: 2444.25/0.00/353.04) lat (ms,95%): 61.08 err/s: 0.00 reconn/s: 0.00
[ 5s ] thds: 8 tps: 169.92 qps: 2747.65 (r/w/o: 2406.82/0.00/340.83) lat (ms,95%): 62.19 err/s: 0.00 reconn/s: 0.00
[ 6s ] thds: 8 tps: 170.13 qps: 2738.15 (r/w/o: 2397.88/0.00/340.27) lat (ms,95%): 63.32 err/s: 0.00 reconn/s: 0.00
[ 7s ] thds: 8 tps: 172.97 qps: 2735.59 (r/w/o: 2389.64/0.00/345.95) lat (ms,95%): 63.32 err/s: 0.00 reconn/s: 0.00
[ 8s ] thds: 8 tps: 172.01 qps: 2786.23 (r/w/o: 2442.20/0.00/344.03) lat (ms,95%): 62.19 err/s: 0.00 reconn/s: 0.00
[ 9s ] thds: 8 tps: 177.89 qps: 2831.28 (r/w/o: 2475.50/0.00/355.78) lat (ms,95%): 61.08 err/s: 0.00 reconn/s: 0.00
[ 10s ] thds: 8 tps: 175.12 qps: 2808.85 (r/w/o: 2458.62/0.00/350.23) lat (ms,95%): 62.19 err/s: 0.00 reconn/s: 0.00
[ 11s ] thds: 8 tps: 177.00 qps: 2824.94 (r/w/o: 2470.95/0.00/353.99) lat (ms,95%): 62.19 err/s: 0.00 reconn/s: 0.00
[ 12s ] thds: 8 tps: 174.99 qps: 2806.80 (r/w/o: 2456.83/0.00/349.98) lat (ms,95%): 62.19 err/s: 0.00 reconn/s: 0.00
[ 13s ] thds: 8 tps: 175.01 qps: 2801.13 (r/w/o: 2451.11/0.00/350.02) lat (ms,95%): 62.19 err/s: 0.00 reconn/s: 0.00
[ 14s ] thds: 8 tps: 178.94 qps: 2833.02 (r/w/o: 2476.14/0.00/356.88) lat (ms,95%): 63.32 err/s: 0.00 reconn/s: 0.00
[ 15s ] thds: 8 tps: 171.95 qps: 2773.13 (r/w/o: 2428.24/0.00/344.89) lat (ms,95%): 63.32 err/s: 0.00 reconn/s: 0.00
[ 16s ] thds: 8 tps: 168.11 qps: 2691.82 (r/w/o: 2356.59/0.00/335.23) lat (ms,95%): 63.32 err/s: 0.00 reconn/s: 0.00
[ 17s ] thds: 8 tps: 171.89 qps: 2755.28 (r/w/o: 2410.49/0.00/344.78) lat (ms,95%): 62.19 err/s: 0.00 reconn/s: 0.00
[ 18s ] thds: 8 tps: 173.13 qps: 2760.00 (r/w/o: 2413.75/0.00/346.25) lat (ms,95%): 62.19 err/s: 0.00 reconn/s: 0.00
[ 19s ] thds: 8 tps: 174.79 qps: 2801.69 (r/w/o: 2452.11/0.00/349.59) lat (ms,95%): 61.08 err/s: 0.00 reconn/s: 0.00
[ 20s ] thds: 8 tps: 176.20 qps: 2798.23 (r/w/o: 2445.82/0.00/352.41) lat (ms,95%): 61.08 err/s: 0.00 reconn/s: 0.00
[ 21s ] thds: 8 tps: 174.97 qps: 2808.59 (r/w/o: 2458.65/0.00/349.95) lat (ms,95%): 62.19 err/s: 0.00 reconn/s: 0.00
[ 22s ] thds: 8 tps: 176.00 qps: 2813.07 (r/w/o: 2462.06/0.00/351.01) lat (ms,95%): 62.19 err/s: 0.00 reconn/s: 0.00
[ 23s ] thds: 8 tps: 174.88 qps: 2794.01 (r/w/o: 2444.26/0.00/349.75) lat (ms,95%): 62.19 err/s: 0.00 reconn/s: 0.00
[ 24s ] thds: 8 tps: 173.12 qps: 2761.85 (r/w/o: 2414.61/0.00/347.23) lat (ms,95%): 61.08 err/s: 0.00 reconn/s: 0.00
[ 25s ] thds: 8 tps: 170.97 qps: 2759.59 (r/w/o: 2417.64/0.00/341.95) lat (ms,95%): 63.32 err/s: 0.00 reconn/s: 0.00
[ 26s ] thds: 8 tps: 171.02 qps: 2747.38 (r/w/o: 2405.33/0.00/342.05) lat (ms,95%): 62.19 err/s: 0.00 reconn/s: 0.00
[ 27s ] thds: 8 tps: 175.02 qps: 2771.38 (r/w/o: 2421.33/0.00/350.05) lat (ms,95%): 63.32 err/s: 0.00 reconn/s: 0.00
[ 28s ] thds: 8 tps: 175.99 qps: 2810.86 (r/w/o: 2459.88/0.00/350.98) lat (ms,95%): 61.08 err/s: 0.00 reconn/s: 0.00
[ 29s ] thds: 8 tps: 174.94 qps: 2806.03 (r/w/o: 2455.15/0.00/350.88) lat (ms,95%): 59.99 err/s: 0.00 reconn/s: 0.00
[ 30s ] thds: 8 tps: 176.06 qps: 2829.99 (r/w/o: 2477.87/0.00/352.12) lat (ms,95%): 62.19 err/s: 0.00 reconn/s: 0.00
[ 31s ] thds: 8 tps: 174.02 qps: 2801.29 (r/w/o: 2454.25/0.00/347.04) lat (ms,95%): 61.08 err/s: 0.00 reconn/s: 0.00
[ 32s ] thds: 8 tps: 176.97 qps: 2801.54 (r/w/o: 2447.60/0.00/353.94) lat (ms,95%): 62.19 err/s: 0.00 reconn/s: 0.00
[ 33s ] thds: 8 tps: 174.00 qps: 2785.06 (r/w/o: 2437.05/0.00/348.01) lat (ms,95%): 63.32 err/s: 0.00 reconn/s: 0.00
[ 34s ] thds: 8 tps: 171.01 qps: 2774.11 (r/w/o: 2431.10/0.00/343.01) lat (ms,95%): 61.08 err/s: 0.00 reconn/s: 0.00
[ 35s ] thds: 8 tps: 174.01 qps: 2764.09 (r/w/o: 2416.08/0.00/348.01) lat (ms,95%): 63.32 err/s: 0.00 reconn/s: 0.00
[ 36s ] thds: 8 tps: 173.81 qps: 2775.92 (r/w/o: 2428.30/0.00/347.61) lat (ms,95%): 62.19 err/s: 0.00 reconn/s: 0.00
[ 37s ] thds: 8 tps: 172.20 qps: 2771.19 (r/w/o: 2426.80/0.00/344.40) lat (ms,95%): 61.08 err/s: 0.00 reconn/s: 0.00
[ 38s ] thds: 8 tps: 173.99 qps: 2785.92 (r/w/o: 2437.93/0.00/347.99) lat (ms,95%): 62.19 err/s: 0.00 reconn/s: 0.00
[ 39s ] thds: 8 tps: 176.99 qps: 2805.92 (r/w/o: 2451.93/0.00/353.99) lat (ms,95%): 63.32 err/s: 0.00 reconn/s: 0.00
[ 40s ] thds: 8 tps: 174.99 qps: 2782.83 (r/w/o: 2433.85/0.00/348.98) lat (ms,95%): 63.32 err/s: 0.00 reconn/s: 0.00
[ 41s ] thds: 8 tps: 173.01 qps: 2807.11 (r/w/o: 2460.09/0.00/347.01) lat (ms,95%): 61.08 err/s: 0.00 reconn/s: 0.00
[ 42s ] thds: 8 tps: 175.01 qps: 2803.14 (r/w/o: 2453.12/0.00/350.02) lat (ms,95%): 61.08 err/s: 0.00 reconn/s: 0.00
[ 43s ] thds: 8 tps: 177.01 qps: 2791.11 (r/w/o: 2438.10/0.00/353.01) lat (ms,95%): 62.19 err/s: 0.00 reconn/s: 0.00
[ 44s ] thds: 8 tps: 172.99 qps: 2783.92 (r/w/o: 2437.93/0.00/345.99) lat (ms,95%): 62.19 err/s: 0.00 reconn/s: 0.00
[ 45s ] thds: 8 tps: 173.00 qps: 2775.05 (r/w/o: 2428.04/0.00/347.01) lat (ms,95%): 62.19 err/s: 0.00 reconn/s: 0.00
[ 46s ] thds: 8 tps: 174.93 qps: 2792.93 (r/w/o: 2443.07/0.00/349.87) lat (ms,95%): 62.19 err/s: 0.00 reconn/s: 0.00
[ 47s ] thds: 8 tps: 174.03 qps: 2783.42 (r/w/o: 2435.37/0.00/348.05) lat (ms,95%): 62.19 err/s: 0.00 reconn/s: 0.00
[ 48s ] thds: 8 tps: 173.05 qps: 2763.80 (r/w/o: 2417.70/0.00/346.10) lat (ms,95%): 59.99 err/s: 0.00 reconn/s: 0.00
[ 49s ] thds: 8 tps: 171.97 qps: 2761.49 (r/w/o: 2417.56/0.00/343.94) lat (ms,95%): 62.19 err/s: 0.00 reconn/s: 0.00
[ 50s ] thds: 8 tps: 173.99 qps: 2758.86 (r/w/o: 2411.87/0.00/346.98) lat (ms,95%): 62.19 err/s: 0.00 reconn/s: 0.00
[ 51s ] thds: 8 tps: 172.02 qps: 2773.27 (r/w/o: 2428.24/0.00/345.03) lat (ms,95%): 62.19 err/s: 0.00 reconn/s: 0.00
[ 52s ] thds: 8 tps: 174.03 qps: 2777.40 (r/w/o: 2430.35/0.00/347.05) lat (ms,95%): 63.32 err/s: 0.00 reconn/s: 0.00
[ 53s ] thds: 8 tps: 172.98 qps: 2760.61 (r/w/o: 2414.66/0.00/345.95) lat (ms,95%): 63.32 err/s: 0.00 reconn/s: 0.00
[ 54s ] thds: 8 tps: 169.95 qps: 2733.17 (r/w/o: 2392.27/0.00/340.90) lat (ms,95%): 63.32 err/s: 0.00 reconn/s: 0.00
[ 55s ] thds: 8 tps: 174.04 qps: 2775.61 (r/w/o: 2428.54/0.00/347.08) lat (ms,95%): 59.99 err/s: 0.00 reconn/s: 0.00
[ 56s ] thds: 8 tps: 171.85 qps: 2774.64 (r/w/o: 2429.93/0.00/344.71) lat (ms,95%): 62.19 err/s: 0.00 reconn/s: 0.00
[ 57s ] thds: 8 tps: 176.12 qps: 2790.96 (r/w/o: 2439.71/0.00/351.25) lat (ms,95%): 61.08 err/s: 0.00 reconn/s: 0.00
[ 58s ] thds: 8 tps: 174.00 qps: 2792.07 (r/w/o: 2443.06/0.00/349.01) lat (ms,95%): 62.19 err/s: 0.00 reconn/s: 0.00
[ 59s ] thds: 8 tps: 175.06 qps: 2823.04 (r/w/o: 2472.91/0.00/350.13) lat (ms,95%): 62.19 err/s: 0.00 reconn/s: 0.00
[ 60s ] thds: 8 tps: 176.92 qps: 2812.80 (r/w/o: 2458.95/0.00/353.85) lat (ms,95%): 62.19 err/s: 0.00 reconn/s: 0.00
[ 61s ] thds: 8 tps: 173.99 qps: 2785.83 (r/w/o: 2437.85/0.00/347.98) lat (ms,95%): 63.32 err/s: 0.00 reconn/s: 0.00
[ 62s ] thds: 8 tps: 171.00 qps: 2741.92 (r/w/o: 2399.93/0.00/341.99) lat (ms,95%): 63.32 err/s: 0.00 reconn/s: 0.00
[ 63s ] thds: 8 tps: 174.00 qps: 2792.07 (r/w/o: 2444.06/0.00/348.01) lat (ms,95%): 62.19 err/s: 0.00 reconn/s: 0.00
[ 64s ] thds: 8 tps: 173.98 qps: 2783.75 (r/w/o: 2435.78/0.00/347.97) lat (ms,95%): 61.08 err/s: 0.00 reconn/s: 0.00
[ 65s ] thds: 8 tps: 174.11 qps: 2791.73 (r/w/o: 2443.52/0.00/348.22) lat (ms,95%): 63.32 err/s: 0.00 reconn/s: 0.00
[ 66s ] thds: 8 tps: 174.90 qps: 2791.34 (r/w/o: 2441.54/0.00/349.79) lat (ms,95%): 62.19 err/s: 0.00 reconn/s: 0.00
[ 67s ] thds: 8 tps: 173.99 qps: 2761.90 (r/w/o: 2413.91/0.00/347.99) lat (ms,95%): 62.19 err/s: 0.00 reconn/s: 0.00
[ 68s ] thds: 8 tps: 175.95 qps: 2828.27 (r/w/o: 2477.36/0.00/350.91) lat (ms,95%): 63.32 err/s: 0.00 reconn/s: 0.00
[ 69s ] thds: 8 tps: 174.15 qps: 2787.46 (r/w/o: 2438.16/0.00/349.31) lat (ms,95%): 62.19 err/s: 0.00 reconn/s: 0.00
[ 70s ] thds: 8 tps: 170.92 qps: 2710.71 (r/w/o: 2368.87/0.00/341.84) lat (ms,95%): 63.32 err/s: 0.00 reconn/s: 0.00
[ 71s ] thds: 8 tps: 170.00 qps: 2752.01 (r/w/o: 2412.01/0.00/340.00) lat (ms,95%): 62.19 err/s: 0.00 reconn/s: 0.00
[ 72s ] thds: 8 tps: 172.01 qps: 2748.17 (r/w/o: 2404.14/0.00/344.02) lat (ms,95%): 63.32 err/s: 0.00 reconn/s: 0.00
[ 73s ] thds: 8 tps: 169.94 qps: 2733.10 (r/w/o: 2393.21/0.00/339.89) lat (ms,95%): 64.47 err/s: 0.00 reconn/s: 0.00
[ 74s ] thds: 8 tps: 175.03 qps: 2780.46 (r/w/o: 2430.40/0.00/350.06) lat (ms,95%): 62.19 err/s: 0.00 reconn/s: 0.00
[ 75s ] thds: 8 tps: 173.99 qps: 2801.77 (r/w/o: 2453.80/0.00/347.97) lat (ms,95%): 61.08 err/s: 0.00 reconn/s: 0.00
[ 76s ] thds: 8 tps: 176.03 qps: 2805.41 (r/w/o: 2453.36/0.00/352.05) lat (ms,95%): 62.19 err/s: 0.00 reconn/s: 0.00
[ 77s ] thds: 8 tps: 178.09 qps: 2837.40 (r/w/o: 2481.22/0.00/356.18) lat (ms,95%): 62.19 err/s: 0.00 reconn/s: 0.00
[ 78s ] thds: 8 tps: 175.91 qps: 2799.61 (r/w/o: 2447.78/0.00/351.83) lat (ms,95%): 62.19 err/s: 0.00 reconn/s: 0.00
[ 79s ] thds: 8 tps: 173.07 qps: 2788.14 (r/w/o: 2442.00/0.00/346.14) lat (ms,95%): 63.32 err/s: 0.00 reconn/s: 0.00
[ 80s ] thds: 8 tps: 172.86 qps: 2771.78 (r/w/o: 2426.05/0.00/345.72) lat (ms,95%): 63.32 err/s: 0.00 reconn/s: 0.00
[ 81s ] thds: 8 tps: 171.08 qps: 2761.24 (r/w/o: 2419.09/0.00/342.15) lat (ms,95%): 62.19 err/s: 0.00 reconn/s: 0.00
[ 82s ] thds: 8 tps: 178.08 qps: 2825.34 (r/w/o: 2469.17/0.00/356.17) lat (ms,95%): 61.08 err/s: 0.00 reconn/s: 0.00
[ 83s ] thds: 8 tps: 174.89 qps: 2774.33 (r/w/o: 2425.54/0.00/348.79) lat (ms,95%): 63.32 err/s: 0.00 reconn/s: 0.00
[ 84s ] thds: 8 tps: 175.00 qps: 2809.04 (r/w/o: 2458.04/0.00/351.01) lat (ms,95%): 62.19 err/s: 0.00 reconn/s: 0.00
[ 85s ] thds: 8 tps: 174.99 qps: 2804.80 (r/w/o: 2455.83/0.00/348.98) lat (ms,95%): 63.32 err/s: 0.00 reconn/s: 0.00
[ 86s ] thds: 8 tps: 176.10 qps: 2814.56 (r/w/o: 2461.37/0.00/353.20) lat (ms,95%): 61.08 err/s: 0.00 reconn/s: 0.00
[ 87s ] thds: 8 tps: 174.89 qps: 2823.18 (r/w/o: 2473.40/0.00/349.77) lat (ms,95%): 58.92 err/s: 0.00 reconn/s: 0.00
[ 88s ] thds: 8 tps: 174.13 qps: 2794.01 (r/w/o: 2445.76/0.00/348.25) lat (ms,95%): 61.08 err/s: 0.00 reconn/s: 0.00
[ 89s ] thds: 8 tps: 175.00 qps: 2773.05 (r/w/o: 2423.04/0.00/350.01) lat (ms,95%): 63.32 err/s: 0.00 reconn/s: 0.00
[ 90s ] thds: 8 tps: 172.90 qps: 2761.38 (r/w/o: 2415.58/0.00/345.80) lat (ms,95%): 61.08 err/s: 0.00 reconn/s: 0.00
[ 91s ] thds: 8 tps: 172.01 qps: 2754.22 (r/w/o: 2410.19/0.00/344.03) lat (ms,95%): 63.32 err/s: 0.00 reconn/s: 0.00
[ 92s ] thds: 8 tps: 173.08 qps: 2778.22 (r/w/o: 2432.07/0.00/346.15) lat (ms,95%): 62.19 err/s: 0.00 reconn/s: 0.00
[ 93s ] thds: 8 tps: 175.01 qps: 2798.12 (r/w/o: 2448.10/0.00/350.01) lat (ms,95%): 62.19 err/s: 0.00 reconn/s: 0.00
[ 94s ] thds: 8 tps: 174.88 qps: 2790.15 (r/w/o: 2440.38/0.00/349.77) lat (ms,95%): 63.32 err/s: 0.00 reconn/s: 0.00
[ 95s ] thds: 8 tps: 175.12 qps: 2817.89 (r/w/o: 2467.65/0.00/350.23) lat (ms,95%): 58.92 err/s: 0.00 reconn/s: 0.00
[ 96s ] thds: 8 tps: 175.88 qps: 2796.11 (r/w/o: 2445.34/0.00/350.76) lat (ms,95%): 62.19 err/s: 0.00 reconn/s: 0.00
[ 97s ] thds: 8 tps: 174.04 qps: 2792.70 (r/w/o: 2443.62/0.00/349.09) lat (ms,95%): 61.08 err/s: 0.00 reconn/s: 0.00
[ 98s ] thds: 8 tps: 173.95 qps: 2783.14 (r/w/o: 2435.25/0.00/347.89) lat (ms,95%): 62.19 err/s: 0.00 reconn/s: 0.00
[ 99s ] thds: 8 tps: 172.02 qps: 2767.36 (r/w/o: 2423.32/0.00/344.05) lat (ms,95%): 61.08 err/s: 0.00 reconn/s: 0.00
[ 100s ] thds: 8 tps: 171.95 qps: 2751.26 (r/w/o: 2407.35/0.00/343.91) lat (ms,95%): 62.19 err/s: 0.00 reconn/s: 0.00
[ 101s ] thds: 8 tps: 172.99 qps: 2759.84 (r/w/o: 2413.86/0.00/345.98) lat (ms,95%): 63.32 err/s: 0.00 reconn/s: 0.00
[ 102s ] thds: 8 tps: 175.16 qps: 2786.53 (r/w/o: 2436.21/0.00/350.32) lat (ms,95%): 62.19 err/s: 0.00 reconn/s: 0.00
[ 103s ] thds: 8 tps: 173.00 qps: 2777.05 (r/w/o: 2431.04/0.00/346.01) lat (ms,95%): 62.19 err/s: 0.00 reconn/s: 0.00
[ 104s ] thds: 8 tps: 172.92 qps: 2784.63 (r/w/o: 2438.80/0.00/345.83) lat (ms,95%): 62.19 err/s: 0.00 reconn/s: 0.00
[ 105s ] thds: 8 tps: 177.09 qps: 2813.39 (r/w/o: 2459.22/0.00/354.18) lat (ms,95%): 63.32 err/s: 0.00 reconn/s: 0.00
[ 106s ] thds: 8 tps: 174.88 qps: 2807.03 (r/w/o: 2457.27/0.00/349.75) lat (ms,95%): 61.08 err/s: 0.00 reconn/s: 0.00
[ 107s ] thds: 8 tps: 172.11 qps: 2760.83 (r/w/o: 2416.60/0.00/344.23) lat (ms,95%): 62.19 err/s: 0.00 reconn/s: 0.00
[ 108s ] thds: 8 tps: 173.92 qps: 2763.74 (r/w/o: 2415.90/0.00/347.84) lat (ms,95%): 62.19 err/s: 0.00 reconn/s: 0.00
[ 109s ] thds: 8 tps: 173.08 qps: 2749.23 (r/w/o: 2404.08/0.00/345.15) lat (ms,95%): 61.08 err/s: 0.00 reconn/s: 0.00
[ 110s ] thds: 8 tps: 169.89 qps: 2740.27 (r/w/o: 2399.49/0.00/340.79) lat (ms,95%): 63.32 err/s: 0.00 reconn/s: 0.00
[ 111s ] thds: 8 tps: 172.00 qps: 2758.05 (r/w/o: 2414.05/0.00/344.01) lat (ms,95%): 62.19 err/s: 0.00 reconn/s: 0.00
[ 112s ] thds: 8 tps: 174.01 qps: 2776.15 (r/w/o: 2428.13/0.00/348.02) lat (ms,95%): 61.08 err/s: 0.00 reconn/s: 0.00
[ 113s ] thds: 8 tps: 174.10 qps: 2799.60 (r/w/o: 2451.40/0.00/348.20) lat (ms,95%): 62.19 err/s: 0.00 reconn/s: 0.00
[ 114s ] thds: 8 tps: 175.99 qps: 2802.90 (r/w/o: 2450.91/0.00/351.99) lat (ms,95%): 62.19 err/s: 0.00 reconn/s: 0.00
[ 115s ] thds: 8 tps: 173.01 qps: 2785.16 (r/w/o: 2439.14/0.00/346.02) lat (ms,95%): 62.19 err/s: 0.00 reconn/s: 0.00
[ 116s ] thds: 8 tps: 176.87 qps: 2811.97 (r/w/o: 2459.22/0.00/352.75) lat (ms,95%): 61.08 err/s: 0.00 reconn/s: 0.00
[ 117s ] thds: 8 tps: 173.00 qps: 2776.06 (r/w/o: 2429.05/0.00/347.01) lat (ms,95%): 62.19 err/s: 0.00 reconn/s: 0.00
[ 118s ] thds: 8 tps: 172.10 qps: 2743.63 (r/w/o: 2399.43/0.00/344.20) lat (ms,95%): 62.19 err/s: 0.00 reconn/s: 0.00
[ 119s ] thds: 8 tps: 172.02 qps: 2756.28 (r/w/o: 2412.25/0.00/344.04) lat (ms,95%): 63.32 err/s: 0.00 reconn/s: 0.00
[ 120s ] thds: 8 tps: 170.90 qps: 2748.35 (r/w/o: 2406.55/0.00/341.79) lat (ms,95%): 62.19 err/s: 0.00 reconn/s: 0.00
[ 121s ] thds: 8 tps: 173.12 qps: 2795.91 (r/w/o: 2449.67/0.00/346.24) lat (ms,95%): 62.19 err/s: 0.00 reconn/s: 0.00
[ 122s ] thds: 8 tps: 176.99 qps: 2784.88 (r/w/o: 2430.89/0.00/353.98) lat (ms,95%): 62.19 err/s: 0.00 reconn/s: 0.00
[ 123s ] thds: 8 tps: 173.81 qps: 2792.96 (r/w/o: 2445.34/0.00/347.62) lat (ms,95%): 63.32 err/s: 0.00 reconn/s: 0.00
[ 124s ] thds: 8 tps: 176.15 qps: 2822.42 (r/w/o: 2469.12/0.00/353.30) lat (ms,95%): 61.08 err/s: 0.00 reconn/s: 0.00
[ 125s ] thds: 8 tps: 175.90 qps: 2803.44 (r/w/o: 2452.63/0.00/350.80) lat (ms,95%): 62.19 err/s: 0.00 reconn/s: 0.00
[ 126s ] thds: 8 tps: 175.15 qps: 2827.38 (r/w/o: 2477.09/0.00/350.30) lat (ms,95%): 62.19 err/s: 0.00 reconn/s: 0.00
[ 127s ] thds: 8 tps: 172.98 qps: 2757.61 (r/w/o: 2411.66/0.00/345.95) lat (ms,95%): 61.08 err/s: 0.00 reconn/s: 0.00
[ 128s ] thds: 8 tps: 171.88 qps: 2753.13 (r/w/o: 2409.36/0.00/343.77) lat (ms,95%): 62.19 err/s: 0.00 reconn/s: 0.00
[ 129s ] thds: 8 tps: 173.12 qps: 2751.92 (r/w/o: 2405.67/0.00/346.24) lat (ms,95%): 63.32 err/s: 0.00 reconn/s: 0.00
[ 130s ] thds: 8 tps: 171.89 qps: 2750.28 (r/w/o: 2406.50/0.00/343.79) lat (ms,95%): 62.19 err/s: 0.00 reconn/s: 0.00
[ 131s ] thds: 8 tps: 171.99 qps: 2763.89 (r/w/o: 2419.90/0.00/343.99) lat (ms,95%): 62.19 err/s: 0.00 reconn/s: 0.00
[ 132s ] thds: 8 tps: 175.10 qps: 2798.63 (r/w/o: 2448.43/0.00/350.20) lat (ms,95%): 62.19 err/s: 0.00 reconn/s: 0.00
[ 133s ] thds: 8 tps: 174.85 qps: 2787.67 (r/w/o: 2437.96/0.00/349.71) lat (ms,95%): 62.19 err/s: 0.00 reconn/s: 0.00
[ 134s ] thds: 8 tps: 174.15 qps: 2810.46 (r/w/o: 2462.16/0.00/348.31) lat (ms,95%): 61.08 err/s: 0.00 reconn/s: 0.00
[ 135s ] thds: 8 tps: 174.99 qps: 2767.90 (r/w/o: 2418.91/0.00/348.99) lat (ms,95%): 62.19 err/s: 0.00 reconn/s: 0.00
[ 136s ] thds: 8 tps: 172.02 qps: 2766.26 (r/w/o: 2422.23/0.00/344.03) lat (ms,95%): 62.19 err/s: 0.00 reconn/s: 0.00
[ 137s ] thds: 8 tps: 170.00 qps: 2730.99 (r/w/o: 2389.99/0.00/341.00) lat (ms,95%): 64.47 err/s: 0.00 reconn/s: 0.00
[ 138s ] thds: 8 tps: 172.94 qps: 2748.09 (r/w/o: 2402.20/0.00/345.89) lat (ms,95%): 61.08 err/s: 0.00 reconn/s: 0.00
[ 139s ] thds: 8 tps: 171.04 qps: 2744.69 (r/w/o: 2402.60/0.00/342.09) lat (ms,95%): 62.19 err/s: 0.00 reconn/s: 0.00
[ 140s ] thds: 8 tps: 173.02 qps: 2773.32 (r/w/o: 2428.28/0.00/345.04) lat (ms,95%): 62.19 err/s: 0.00 reconn/s: 0.00
[ 141s ] thds: 8 tps: 173.98 qps: 2789.69 (r/w/o: 2440.73/0.00/348.96) lat (ms,95%): 61.08 err/s: 0.00 reconn/s: 0.00
[ 142s ] thds: 8 tps: 175.00 qps: 2802.00 (r/w/o: 2452.00/0.00/350.00) lat (ms,95%): 61.08 err/s: 0.00 reconn/s: 0.00
[ 143s ] thds: 8 tps: 176.01 qps: 2799.15 (r/w/o: 2449.13/0.00/350.02) lat (ms,95%): 61.08 err/s: 0.00 reconn/s: 0.00
[ 144s ] thds: 8 tps: 174.99 qps: 2785.85 (r/w/o: 2434.87/0.00/350.98) lat (ms,95%): 62.19 err/s: 0.00 reconn/s: 0.00
[ 145s ] thds: 8 tps: 171.89 qps: 2768.23 (r/w/o: 2423.45/0.00/344.78) lat (ms,95%): 63.32 err/s: 0.00 reconn/s: 0.00
[ 146s ] thds: 8 tps: 175.12 qps: 2793.89 (r/w/o: 2443.66/0.00/350.24) lat (ms,95%): 62.19 err/s: 0.00 reconn/s: 0.00
[ 147s ] thds: 8 tps: 174.01 qps: 2794.17 (r/w/o: 2446.15/0.00/348.02) lat (ms,95%): 62.19 err/s: 0.00 reconn/s: 0.00
[ 148s ] thds: 8 tps: 171.98 qps: 2747.75 (r/w/o: 2404.78/0.00/342.97) lat (ms,95%): 62.19 err/s: 0.00 reconn/s: 0.00
[ 149s ] thds: 8 tps: 173.89 qps: 2788.17 (r/w/o: 2439.40/0.00/348.77) lat (ms,95%): 62.19 err/s: 0.00 reconn/s: 0.00
[ 150s ] thds: 8 tps: 173.11 qps: 2774.78 (r/w/o: 2428.56/0.00/346.22) lat (ms,95%): 62.19 err/s: 0.00 reconn/s: 0.00
[ 151s ] thds: 8 tps: 172.02 qps: 2771.29 (r/w/o: 2427.25/0.00/344.04) lat (ms,95%): 61.08 err/s: 0.00 reconn/s: 0.00
[ 152s ] thds: 8 tps: 179.87 qps: 2827.93 (r/w/o: 2468.19/0.00/359.74) lat (ms,95%): 62.19 err/s: 0.00 reconn/s: 0.00
[ 153s ] thds: 8 tps: 174.11 qps: 2820.71 (r/w/o: 2472.50/0.00/348.21) lat (ms,95%): 59.99 err/s: 0.00 reconn/s: 0.00
[ 154s ] thds: 8 tps: 174.88 qps: 2818.04 (r/w/o: 2468.28/0.00/349.76) lat (ms,95%): 62.19 err/s: 0.00 reconn/s: 0.00
[ 155s ] thds: 8 tps: 178.01 qps: 2811.11 (r/w/o: 2455.10/0.00/356.01) lat (ms,95%): 62.19 err/s: 0.00 reconn/s: 0.00
[ 156s ] thds: 8 tps: 174.13 qps: 2793.11 (r/w/o: 2444.85/0.00/348.26) lat (ms,95%): 61.08 err/s: 0.00 reconn/s: 0.00
[ 157s ] thds: 8 tps: 173.00 qps: 2773.03 (r/w/o: 2427.02/0.00/346.00) lat (ms,95%): 62.19 err/s: 0.00 reconn/s: 0.00
[ 158s ] thds: 8 tps: 173.87 qps: 2773.90 (r/w/o: 2427.16/0.00/346.74) lat (ms,95%): 59.99 err/s: 0.00 reconn/s: 0.00
[ 159s ] thds: 8 tps: 175.05 qps: 2779.73 (r/w/o: 2428.64/0.00/351.09) lat (ms,95%): 61.08 err/s: 0.00 reconn/s: 0.00
[ 160s ] thds: 8 tps: 175.04 qps: 2804.68 (r/w/o: 2454.60/0.00/350.09) lat (ms,95%): 61.08 err/s: 0.00 reconn/s: 0.00
[ 161s ] thds: 8 tps: 172.91 qps: 2789.55 (r/w/o: 2443.73/0.00/345.82) lat (ms,95%): 62.19 err/s: 0.00 reconn/s: 0.00
[ 162s ] thds: 8 tps: 177.11 qps: 2819.68 (r/w/o: 2465.47/0.00/354.21) lat (ms,95%): 64.47 err/s: 0.00 reconn/s: 0.00
[ 163s ] thds: 8 tps: 173.01 qps: 2783.13 (r/w/o: 2437.12/0.00/346.02) lat (ms,95%): 63.32 err/s: 0.00 reconn/s: 0.00
[ 164s ] thds: 8 tps: 177.99 qps: 2814.88 (r/w/o: 2459.90/0.00/354.99) lat (ms,95%): 62.19 err/s: 0.00 reconn/s: 0.00
[ 165s ] thds: 8 tps: 172.88 qps: 2791.13 (r/w/o: 2444.36/0.00/346.77) lat (ms,95%): 62.19 err/s: 0.00 reconn/s: 0.00
[ 166s ] thds: 8 tps: 174.96 qps: 2788.32 (r/w/o: 2439.40/0.00/348.91) lat (ms,95%): 62.19 err/s: 0.00 reconn/s: 0.00
[ 167s ] thds: 8 tps: 171.13 qps: 2760.16 (r/w/o: 2416.89/0.00/343.27) lat (ms,95%): 63.32 err/s: 0.00 reconn/s: 0.00
[ 168s ] thds: 8 tps: 172.92 qps: 2734.78 (r/w/o: 2388.93/0.00/345.85) lat (ms,95%): 64.47 err/s: 0.00 reconn/s: 0.00
[ 169s ] thds: 8 tps: 172.01 qps: 2769.11 (r/w/o: 2425.09/0.00/344.01) lat (ms,95%): 61.08 err/s: 0.00 reconn/s: 0.00
[ 170s ] thds: 8 tps: 173.98 qps: 2796.68 (r/w/o: 2448.72/0.00/347.96) lat (ms,95%): 62.19 err/s: 0.00 reconn/s: 0.00
[ 171s ] thds: 8 tps: 178.15 qps: 2825.42 (r/w/o: 2470.12/0.00/355.30) lat (ms,95%): 63.32 err/s: 0.00 reconn/s: 0.00
[ 172s ] thds: 8 tps: 173.84 qps: 2791.45 (r/w/o: 2442.77/0.00/348.68) lat (ms,95%): 63.32 err/s: 0.00 reconn/s: 0.00
[ 173s ] thds: 8 tps: 173.01 qps: 2775.23 (r/w/o: 2431.20/0.00/344.03) lat (ms,95%): 62.19 err/s: 0.00 reconn/s: 0.00
[ 174s ] thds: 8 tps: 174.01 qps: 2789.13 (r/w/o: 2439.11/0.00/350.02) lat (ms,95%): 62.19 err/s: 0.00 reconn/s: 0.00
[ 175s ] thds: 8 tps: 174.00 qps: 2777.98 (r/w/o: 2429.98/0.00/348.00) lat (ms,95%): 59.99 err/s: 0.00 reconn/s: 0.00
[ 176s ] thds: 8 tps: 171.13 qps: 2733.05 (r/w/o: 2390.80/0.00/342.26) lat (ms,95%): 62.19 err/s: 0.00 reconn/s: 0.00
[ 177s ] thds: 8 tps: 175.95 qps: 2779.28 (r/w/o: 2427.37/0.00/351.91) lat (ms,95%): 63.32 err/s: 0.00 reconn/s: 0.00
[ 178s ] thds: 8 tps: 171.04 qps: 2792.67 (r/w/o: 2450.59/0.00/342.08) lat (ms,95%): 61.08 err/s: 0.00 reconn/s: 0.00
[ 179s ] thds: 8 tps: 175.95 qps: 2782.16 (r/w/o: 2430.27/0.00/351.89) lat (ms,95%): 62.19 err/s: 0.00 reconn/s: 0.00
[ 180s ] thds: 8 tps: 173.98 qps: 2812.70 (r/w/o: 2464.74/0.00/347.96) lat (ms,95%): 61.08 err/s: 0.00 reconn/s: 0.00
[ 181s ] thds: 8 tps: 173.95 qps: 2773.21 (r/w/o: 2426.31/0.00/346.90) lat (ms,95%): 62.19 err/s: 0.00 reconn/s: 0.00
[ 182s ] thds: 8 tps: 173.14 qps: 2777.21 (r/w/o: 2429.94/0.00/347.28) lat (ms,95%): 63.32 err/s: 0.00 reconn/s: 0.00
[ 183s ] thds: 8 tps: 172.94 qps: 2766.06 (r/w/o: 2420.18/0.00/345.88) lat (ms,95%): 63.32 err/s: 0.00 reconn/s: 0.00
[ 184s ] thds: 8 tps: 172.03 qps: 2755.47 (r/w/o: 2411.41/0.00/344.06) lat (ms,95%): 63.32 err/s: 0.00 reconn/s: 0.00
[ 185s ] thds: 8 tps: 172.02 qps: 2731.33 (r/w/o: 2387.29/0.00/344.04) lat (ms,95%): 61.08 err/s: 0.00 reconn/s: 0.00
[ 186s ] thds: 8 tps: 170.86 qps: 2728.75 (r/w/o: 2388.03/0.00/340.72) lat (ms,95%): 62.19 err/s: 0.00 reconn/s: 0.00
[ 187s ] thds: 8 tps: 172.12 qps: 2771.86 (r/w/o: 2426.62/0.00/345.23) lat (ms,95%): 62.19 err/s: 0.00 reconn/s: 0.00
[ 188s ] thds: 8 tps: 171.96 qps: 2770.29 (r/w/o: 2426.37/0.00/343.91) lat (ms,95%): 62.19 err/s: 0.00 reconn/s: 0.00
[ 189s ] thds: 8 tps: 177.98 qps: 2808.67 (r/w/o: 2453.72/0.00/354.96) lat (ms,95%): 61.08 err/s: 0.00 reconn/s: 0.00
[ 190s ] thds: 8 tps: 173.10 qps: 2805.60 (r/w/o: 2458.40/0.00/347.20) lat (ms,95%): 59.99 err/s: 0.00 reconn/s: 0.00
[ 191s ] thds: 8 tps: 173.91 qps: 2766.58 (r/w/o: 2418.76/0.00/347.82) lat (ms,95%): 62.19 err/s: 0.00 reconn/s: 0.00
[ 192s ] thds: 8 tps: 172.98 qps: 2757.65 (r/w/o: 2411.70/0.00/345.96) lat (ms,95%): 62.19 err/s: 0.00 reconn/s: 0.00
[ 193s ] thds: 8 tps: 174.10 qps: 2782.60 (r/w/o: 2434.40/0.00/348.20) lat (ms,95%): 61.08 err/s: 0.00 reconn/s: 0.00
[ 194s ] thds: 8 tps: 170.88 qps: 2738.15 (r/w/o: 2396.38/0.00/341.77) lat (ms,95%): 62.19 err/s: 0.00 reconn/s: 0.00
[ 195s ] thds: 8 tps: 173.03 qps: 2766.54 (r/w/o: 2420.48/0.00/346.07) lat (ms,95%): 63.32 err/s: 0.00 reconn/s: 0.00
[ 196s ] thds: 8 tps: 174.99 qps: 2795.81 (r/w/o: 2445.83/0.00/349.98) lat (ms,95%): 62.19 err/s: 0.00 reconn/s: 0.00
[ 197s ] thds: 8 tps: 172.02 qps: 2774.38 (r/w/o: 2431.33/0.00/343.05) lat (ms,95%): 62.19 err/s: 0.00 reconn/s: 0.00
[ 198s ] thds: 8 tps: 171.07 qps: 2754.18 (r/w/o: 2411.03/0.00/343.15) lat (ms,95%): 61.08 err/s: 0.00 reconn/s: 0.00
[ 199s ] thds: 8 tps: 174.92 qps: 2785.70 (r/w/o: 2435.86/0.00/349.84) lat (ms,95%): 62.19 err/s: 0.00 reconn/s: 0.00
[ 200s ] thds: 8 tps: 173.07 qps: 2755.12 (r/w/o: 2409.98/0.00/345.14) lat (ms,95%): 62.19 err/s: 0.00 reconn/s: 0.00
[ 201s ] thds: 8 tps: 172.92 qps: 2777.65 (r/w/o: 2431.82/0.00/345.83) lat (ms,95%): 62.19 err/s: 0.00 reconn/s: 0.00
[ 202s ] thds: 8 tps: 174.09 qps: 2767.44 (r/w/o: 2418.25/0.00/349.18) lat (ms,95%): 62.19 err/s: 0.00 reconn/s: 0.00
[ 203s ] thds: 8 tps: 172.90 qps: 2775.42 (r/w/o: 2429.62/0.00/345.80) lat (ms,95%): 62.19 err/s: 0.00 reconn/s: 0.00
[ 204s ] thds: 8 tps: 173.01 qps: 2764.23 (r/w/o: 2419.20/0.00/345.03) lat (ms,95%): 62.19 err/s: 0.00 reconn/s: 0.00
[ 205s ] thds: 8 tps: 174.00 qps: 2793.96 (r/w/o: 2446.96/0.00/346.99) lat (ms,95%): 62.19 err/s: 0.00 reconn/s: 0.00
[ 206s ] thds: 8 tps: 176.02 qps: 2812.39 (r/w/o: 2458.34/0.00/354.05) lat (ms,95%): 59.99 err/s: 0.00 reconn/s: 0.00
[ 207s ] thds: 8 tps: 176.93 qps: 2812.83 (r/w/o: 2458.98/0.00/353.85) lat (ms,95%): 63.32 err/s: 0.00 reconn/s: 0.00
[ 208s ] thds: 8 tps: 175.14 qps: 2818.22 (r/w/o: 2467.94/0.00/350.28) lat (ms,95%): 61.08 err/s: 0.00 reconn/s: 0.00
[ 209s ] thds: 8 tps: 175.92 qps: 2795.66 (r/w/o: 2445.83/0.00/349.83) lat (ms,95%): 63.32 err/s: 0.00 reconn/s: 0.00
[ 210s ] thds: 8 tps: 174.08 qps: 2789.31 (r/w/o: 2439.15/0.00/350.16) lat (ms,95%): 61.08 err/s: 0.00 reconn/s: 0.00
[ 211s ] thds: 8 tps: 174.98 qps: 2817.74 (r/w/o: 2467.77/0.00/349.97) lat (ms,95%): 59.99 err/s: 0.00 reconn/s: 0.00
[ 212s ] thds: 8 tps: 175.02 qps: 2791.33 (r/w/o: 2441.29/0.00/350.04) lat (ms,95%): 62.19 err/s: 0.00 reconn/s: 0.00
[ 213s ] thds: 8 tps: 174.93 qps: 2793.84 (r/w/o: 2443.99/0.00/349.86) lat (ms,95%): 62.19 err/s: 0.00 reconn/s: 0.00
[ 214s ] thds: 8 tps: 173.07 qps: 2778.08 (r/w/o: 2431.94/0.00/346.13) lat (ms,95%): 62.19 err/s: 0.00 reconn/s: 0.00
[ 215s ] thds: 8 tps: 172.95 qps: 2755.17 (r/w/o: 2410.27/0.00/344.90) lat (ms,95%): 63.32 err/s: 0.00 reconn/s: 0.00
[ 216s ] thds: 8 tps: 173.96 qps: 2808.43 (r/w/o: 2459.50/0.00/348.93) lat (ms,95%): 62.19 err/s: 0.00 reconn/s: 0.00
[ 217s ] thds: 8 tps: 174.05 qps: 2787.76 (r/w/o: 2439.66/0.00/348.09) lat (ms,95%): 62.19 err/s: 0.00 reconn/s: 0.00
[ 218s ] thds: 8 tps: 174.88 qps: 2794.12 (r/w/o: 2444.35/0.00/349.76) lat (ms,95%): 63.32 err/s: 0.00 reconn/s: 0.00
[ 219s ] thds: 8 tps: 175.16 qps: 2791.57 (r/w/o: 2441.25/0.00/350.32) lat (ms,95%): 61.08 err/s: 0.00 reconn/s: 0.00
[ 220s ] thds: 8 tps: 174.97 qps: 2799.54 (r/w/o: 2449.60/0.00/349.94) lat (ms,95%): 61.08 err/s: 0.00 reconn/s: 0.00
[ 221s ] thds: 8 tps: 172.92 qps: 2752.79 (r/w/o: 2406.94/0.00/345.85) lat (ms,95%): 62.19 err/s: 0.00 reconn/s: 0.00
[ 222s ] thds: 8 tps: 173.98 qps: 2795.74 (r/w/o: 2447.77/0.00/347.97) lat (ms,95%): 61.08 err/s: 0.00 reconn/s: 0.00
[ 223s ] thds: 8 tps: 172.03 qps: 2739.49 (r/w/o: 2396.43/0.00/343.06) lat (ms,95%): 63.32 err/s: 0.00 reconn/s: 0.00
[ 224s ] thds: 8 tps: 171.92 qps: 2785.63 (r/w/o: 2440.80/0.00/344.83) lat (ms,95%): 61.08 err/s: 0.00 reconn/s: 0.00
[ 225s ] thds: 8 tps: 176.03 qps: 2807.41 (r/w/o: 2455.36/0.00/352.05) lat (ms,95%): 59.99 err/s: 0.00 reconn/s: 0.00
[ 226s ] thds: 8 tps: 174.14 qps: 2790.27 (r/w/o: 2442.99/0.00/347.28) lat (ms,95%): 61.08 err/s: 0.00 reconn/s: 0.00
[ 227s ] thds: 8 tps: 174.01 qps: 2791.20 (r/w/o: 2442.18/0.00/349.03) lat (ms,95%): 62.19 err/s: 0.00 reconn/s: 0.00
[ 228s ] thds: 8 tps: 173.96 qps: 2755.39 (r/w/o: 2408.47/0.00/346.92) lat (ms,95%): 62.19 err/s: 0.00 reconn/s: 0.00
[ 229s ] thds: 8 tps: 172.96 qps: 2775.40 (r/w/o: 2428.48/0.00/346.93) lat (ms,95%): 62.19 err/s: 0.00 reconn/s: 0.00
[ 230s ] thds: 8 tps: 171.07 qps: 2738.09 (r/w/o: 2395.95/0.00/342.14) lat (ms,95%): 63.32 err/s: 0.00 reconn/s: 0.00
[ 231s ] thds: 8 tps: 171.95 qps: 2760.27 (r/w/o: 2416.36/0.00/343.91) lat (ms,95%): 61.08 err/s: 0.00 reconn/s: 0.00
[ 232s ] thds: 8 tps: 174.94 qps: 2790.09 (r/w/o: 2440.21/0.00/349.89) lat (ms,95%): 62.19 err/s: 0.00 reconn/s: 0.00
[ 233s ] thds: 8 tps: 175.03 qps: 2798.42 (r/w/o: 2448.37/0.00/350.05) lat (ms,95%): 62.19 err/s: 0.00 reconn/s: 0.00
[ 234s ] thds: 8 tps: 174.07 qps: 2784.15 (r/w/o: 2437.01/0.00/347.14) lat (ms,95%): 62.19 err/s: 0.00 reconn/s: 0.00
[ 235s ] thds: 8 tps: 174.00 qps: 2783.00 (r/w/o: 2434.00/0.00/349.00) lat (ms,95%): 62.19 err/s: 0.00 reconn/s: 0.00
[ 236s ] thds: 8 tps: 174.95 qps: 2794.15 (r/w/o: 2444.26/0.00/349.89) lat (ms,95%): 59.99 err/s: 0.00 reconn/s: 0.00
[ 237s ] thds: 8 tps: 176.07 qps: 2811.09 (r/w/o: 2459.96/0.00/351.14) lat (ms,95%): 61.08 err/s: 0.00 reconn/s: 0.00
[ 238s ] thds: 8 tps: 172.98 qps: 2761.73 (r/w/o: 2414.76/0.00/346.97) lat (ms,95%): 62.19 err/s: 0.00 reconn/s: 0.00
[ 239s ] thds: 8 tps: 174.02 qps: 2809.26 (r/w/o: 2461.23/0.00/348.03) lat (ms,95%): 61.08 err/s: 0.00 reconn/s: 0.00
[ 240s ] thds: 8 tps: 172.87 qps: 2766.99 (r/w/o: 2421.24/0.00/345.75) lat (ms,95%): 63.32 err/s: 0.00 reconn/s: 0.00
Latency histogram (values are in milliseconds)
       value  ------------- distribution ------------- count
      23.948 |                                         2
      24.384 |                                         3
      24.827 |                                         7
      25.278 |                                         13
      25.737 |                                         13
      26.205 |*                                        26
      26.681 |*                                        29
      27.165 |*                                        41
      27.659 |*                                        76
      28.162 |**                                       83
      28.673 |**                                       125
      29.194 |***                                      178
      29.725 |****                                     186
      30.265 |****                                     208
      30.815 |*****                                    233
      31.375 |******                                   306
      31.945 |*******                                  364
      32.525 |********                                 388
      33.116 |*********                                450
      33.718 |***********                              548
      34.330 |************                             617
      34.954 |*************                            655
      35.589 |*************                            680
      36.236 |**************                           738
      36.894 |***************                          767
      37.565 |****************                         832
      38.247 |*******************                      989
      38.942 |**********************                   1144
      39.650 |***************************              1371
      40.370 |*********************************        1688
      41.104 |************************************     1886
      41.851 |**************************************** 2069
      42.611 |**************************************   1984
      43.385 |**********************************       1775
      44.173 |***************************              1389
      44.976 |********************                     1038
      45.793 |**************                           708
      46.625 |***********                              571
      47.472 |************                             624
      48.335 |**************                           730
      49.213 |*****************                        898
      50.107 |*************************                1282
      51.018 |******************************           1539
      51.945 |********************************         1649
      52.889 |*******************************          1597
      53.850 |***************************              1420
      54.828 |*********************                    1105
      55.824 |******************                       956
      56.839 |****************                         832
      57.871 |**************                           721
      58.923 |************                             601
      59.993 |***********                              551
      61.083 |***********                              557
      62.193 |************                             634
      63.323 |***********                              566
      64.474 |**********                               506
      65.645 |*******                                  381
      66.838 |****                                     224
      68.053 |***                                      135
      69.289 |*                                        37
      70.548 |                                         11
      71.830 |                                         4
      73.135 |                                         2
      74.464 |                                         3
      77.194 |                                         1
      87.564 |                                         1
 
SQL statistics:
    queries performed:
        read:                            584409
        write:                           0
        other:                           83487
        total:                           667896
    transactions:                        41747  (173.91 per sec.)
    queries:                             667896 (2782.31 per sec.)
    ignored errors:                      0      (0.00 per sec.)
    reconnects:                          0      (0.00 per sec.)

Throughput:
    events/s (eps):                      173.9090
    time elapsed:                        240.0510s
    total number of events:              41747

Latency (ms):
         min:                                   23.95
         avg:                                   46.00
         max:                                   87.77
         95th percentile:                       62.19
         sum:                              1920218.85

Threads fairness:
    events (avg/stddev):           5218.3750/970.52
    execution time (avg/stddev):   240.0274/0.02

