sysbench 1.1.0-3ceba0b (using bundled LuaJIT 2.1.0-beta3)

Running the test with following options:
Number of threads: 2048
Warmup time: 60s
Report intermediate results every 1 second(s)
Initializing random number generator from current time


Initializing worker threads...

Threads started!

Warming up for 60 seconds...

[ 1s ] thds: 2048 tps: 1006.62 qps: 16386.58 (r/w/o: 14339.78/0.00/2046.80) lat (ms,95%): 3911.79 err/s: 0.00 reconn/s: 0.00
[ 2s ] thds: 2048 tps: 1100.34 qps: 17240.68 (r/w/o: 15038.99/0.00/2201.68) lat (ms,95%): 3706.08 err/s: 0.00 reconn/s: 0.00
[ 3s ] thds: 2048 tps: 1068.97 qps: 17172.53 (r/w/o: 15035.60/0.00/2136.93) lat (ms,95%): 3982.86 err/s: 0.00 reconn/s: 0.00
[ 4s ] thds: 2048 tps: 1038.93 qps: 16554.92 (r/w/o: 14478.06/0.00/2076.86) lat (ms,95%): 3911.79 err/s: 0.00 reconn/s: 0.00
[ 5s ] thds: 2048 tps: 1056.33 qps: 16927.27 (r/w/o: 14814.61/0.00/2112.66) lat (ms,95%): 3911.79 err/s: 0.00 reconn/s: 0.00
[ 6s ] thds: 2048 tps: 986.55 qps: 15984.90 (r/w/o: 14011.80/0.00/1973.10) lat (ms,95%): 3982.86 err/s: 0.00 reconn/s: 0.00
[ 7s ] thds: 2048 tps: 1057.03 qps: 16758.51 (r/w/o: 14645.44/0.00/2113.06) lat (ms,95%): 3911.79 err/s: 0.00 reconn/s: 0.00
[ 8s ] thds: 2048 tps: 1049.84 qps: 16799.41 (r/w/o: 14698.73/0.00/2100.68) lat (ms,95%): 3982.86 err/s: 0.00 reconn/s: 0.00
[ 9s ] thds: 2048 tps: 1058.87 qps: 16915.86 (r/w/o: 14798.13/0.00/2117.73) lat (ms,95%): 3773.42 err/s: 0.00 reconn/s: 0.00
[ 10s ] thds: 2048 tps: 1033.42 qps: 16575.69 (r/w/o: 14510.86/0.00/2064.83) lat (ms,95%): 3982.86 err/s: 0.00 reconn/s: 0.00
[ 11s ] thds: 2048 tps: 1040.86 qps: 16717.74 (r/w/o: 14634.03/0.00/2083.72) lat (ms,95%): 3982.86 err/s: 0.00 reconn/s: 0.00
[ 12s ] thds: 2048 tps: 1070.74 qps: 17042.80 (r/w/o: 14901.33/0.00/2141.47) lat (ms,95%): 3773.42 err/s: 0.00 reconn/s: 0.00
[ 13s ] thds: 2048 tps: 1036.23 qps: 16585.69 (r/w/o: 14512.23/0.00/2073.46) lat (ms,95%): 3773.42 err/s: 0.00 reconn/s: 0.00
[ 14s ] thds: 2048 tps: 1091.83 qps: 17110.37 (r/w/o: 14934.70/0.00/2175.66) lat (ms,95%): 3706.08 err/s: 0.00 reconn/s: 0.00
[ 15s ] thds: 2048 tps: 1036.30 qps: 16845.92 (r/w/o: 14766.32/0.00/2079.61) lat (ms,95%): 3706.08 err/s: 0.00 reconn/s: 0.00
[ 16s ] thds: 2048 tps: 1008.59 qps: 16530.26 (r/w/o: 14513.08/0.00/2017.18) lat (ms,95%): 3982.86 err/s: 0.00 reconn/s: 0.00
[ 17s ] thds: 2048 tps: 1119.38 qps: 17275.94 (r/w/o: 15035.17/0.00/2240.77) lat (ms,95%): 3982.86 err/s: 0.00 reconn/s: 0.00
[ 18s ] thds: 2048 tps: 1024.88 qps: 16827.97 (r/w/o: 14783.22/0.00/2044.75) lat (ms,95%): 3773.42 err/s: 0.00 reconn/s: 0.00
[ 19s ] thds: 2048 tps: 1071.10 qps: 17103.58 (r/w/o: 14958.38/0.00/2145.20) lat (ms,95%): 3706.08 err/s: 0.00 reconn/s: 0.00
[ 20s ] thds: 2048 tps: 1062.83 qps: 16969.30 (r/w/o: 14841.63/0.00/2127.66) lat (ms,95%): 3706.08 err/s: 0.00 reconn/s: 0.00
[ 21s ] thds: 2048 tps: 1089.21 qps: 17283.33 (r/w/o: 15107.91/0.00/2175.42) lat (ms,95%): 3982.86 err/s: 0.00 reconn/s: 0.00
[ 22s ] thds: 2048 tps: 1045.68 qps: 16552.96 (r/w/o: 14460.60/0.00/2092.36) lat (ms,95%): 3706.08 err/s: 0.00 reconn/s: 0.00
[ 23s ] thds: 2048 tps: 1033.22 qps: 16746.60 (r/w/o: 14681.15/0.00/2065.44) lat (ms,95%): 3982.86 err/s: 0.00 reconn/s: 0.00
[ 24s ] thds: 2048 tps: 1049.15 qps: 16834.48 (r/w/o: 14738.18/0.00/2096.31) lat (ms,95%): 3911.79 err/s: 0.00 reconn/s: 0.00
[ 25s ] thds: 2048 tps: 1025.56 qps: 16691.79 (r/w/o: 14639.67/0.00/2052.11) lat (ms,95%): 3982.86 err/s: 0.00 reconn/s: 0.00
[ 26s ] thds: 2048 tps: 1076.31 qps: 17066.86 (r/w/o: 14913.25/0.00/2153.61) lat (ms,95%): 3773.42 err/s: 0.00 reconn/s: 0.00
[ 27s ] thds: 2048 tps: 1068.77 qps: 16789.32 (r/w/o: 14648.79/0.00/2140.53) lat (ms,95%): 3773.42 err/s: 0.00 reconn/s: 0.00
[ 28s ] thds: 2048 tps: 1022.31 qps: 16702.03 (r/w/o: 14660.41/0.00/2041.61) lat (ms,95%): 3911.79 err/s: 0.00 reconn/s: 0.00
[ 29s ] thds: 2048 tps: 1036.68 qps: 16511.85 (r/w/o: 14436.50/0.00/2075.35) lat (ms,95%): 3982.86 err/s: 0.00 reconn/s: 0.00
[ 30s ] thds: 2048 tps: 1040.89 qps: 16531.21 (r/w/o: 14450.43/0.00/2080.77) lat (ms,95%): 3706.08 err/s: 0.00 reconn/s: 0.00
[ 31s ] thds: 2048 tps: 1045.51 qps: 17007.37 (r/w/o: 14917.34/0.00/2090.03) lat (ms,95%): 3982.86 err/s: 0.00 reconn/s: 0.00
[ 32s ] thds: 2048 tps: 1056.43 qps: 16511.16 (r/w/o: 14401.29/0.00/2109.87) lat (ms,95%): 3911.79 err/s: 0.00 reconn/s: 0.00
[ 33s ] thds: 2048 tps: 1064.18 qps: 16943.84 (r/w/o: 14811.48/0.00/2132.36) lat (ms,95%): 3982.86 err/s: 0.00 reconn/s: 0.00
[ 34s ] thds: 2048 tps: 988.20 qps: 16175.26 (r/w/o: 14196.86/0.00/1978.40) lat (ms,95%): 3911.79 err/s: 0.00 reconn/s: 0.00
[ 35s ] thds: 2048 tps: 1055.19 qps: 16647.95 (r/w/o: 14540.57/0.00/2107.37) lat (ms,95%): 3773.42 err/s: 0.00 reconn/s: 0.00
[ 36s ] thds: 2048 tps: 1010.92 qps: 16249.79 (r/w/o: 14228.94/0.00/2020.85) lat (ms,95%): 3982.86 err/s: 0.00 reconn/s: 0.00
[ 37s ] thds: 2048 tps: 1026.25 qps: 16364.98 (r/w/o: 14312.49/0.00/2052.49) lat (ms,95%): 3982.86 err/s: 0.00 reconn/s: 0.00
[ 38s ] thds: 2048 tps: 1045.36 qps: 16768.85 (r/w/o: 14677.12/0.00/2091.73) lat (ms,95%): 3982.86 err/s: 0.00 reconn/s: 0.00
[ 39s ] thds: 2048 tps: 1015.97 qps: 16399.45 (r/w/o: 14368.52/0.00/2030.93) lat (ms,95%): 3982.86 err/s: 0.00 reconn/s: 0.00
[ 40s ] thds: 2048 tps: 1050.40 qps: 16654.34 (r/w/o: 14550.54/0.00/2103.80) lat (ms,95%): 3982.86 err/s: 0.00 reconn/s: 0.00
[ 41s ] thds: 2048 tps: 1042.47 qps: 16823.37 (r/w/o: 14738.44/0.00/2084.93) lat (ms,95%): 3911.79 err/s: 0.00 reconn/s: 0.00
[ 42s ] thds: 2048 tps: 1037.30 qps: 16566.87 (r/w/o: 14498.26/0.00/2068.61) lat (ms,95%): 3911.79 err/s: 0.00 reconn/s: 0.00
[ 43s ] thds: 2048 tps: 1071.21 qps: 17266.44 (r/w/o: 15117.01/0.00/2149.43) lat (ms,95%): 3911.79 err/s: 0.00 reconn/s: 0.00
[ 44s ] thds: 2048 tps: 1081.55 qps: 17178.80 (r/w/o: 15015.70/0.00/2163.09) lat (ms,95%): 3773.42 err/s: 0.00 reconn/s: 0.00
[ 45s ] thds: 2048 tps: 1106.04 qps: 17226.60 (r/w/o: 15015.52/0.00/2211.08) lat (ms,95%): 3706.08 err/s: 0.00 reconn/s: 0.00
[ 46s ] thds: 2048 tps: 999.50 qps: 16132.10 (r/w/o: 14135.09/0.00/1997.00) lat (ms,95%): 3706.08 err/s: 0.00 reconn/s: 0.00
[ 47s ] thds: 2048 tps: 1011.86 qps: 16203.73 (r/w/o: 14180.01/0.00/2023.72) lat (ms,95%): 3982.86 err/s: 0.00 reconn/s: 0.00
[ 48s ] thds: 2048 tps: 1032.14 qps: 16714.31 (r/w/o: 14649.03/0.00/2065.29) lat (ms,95%): 3982.86 err/s: 0.00 reconn/s: 0.00
[ 49s ] thds: 2048 tps: 1024.51 qps: 16624.05 (r/w/o: 14576.03/0.00/2048.02) lat (ms,95%): 3911.79 err/s: 0.00 reconn/s: 0.00
[ 50s ] thds: 2048 tps: 1074.12 qps: 16954.82 (r/w/o: 14805.59/0.00/2149.23) lat (ms,95%): 3706.08 err/s: 0.00 reconn/s: 0.00
[ 51s ] thds: 2048 tps: 1037.39 qps: 16682.22 (r/w/o: 14610.45/0.00/2071.77) lat (ms,95%): 3911.79 err/s: 0.00 reconn/s: 0.00
[ 52s ] thds: 2048 tps: 1077.49 qps: 17046.89 (r/w/o: 14888.91/0.00/2157.97) lat (ms,95%): 3911.79 err/s: 0.00 reconn/s: 0.00
[ 53s ] thds: 2048 tps: 1053.43 qps: 16881.94 (r/w/o: 14773.08/0.00/2108.87) lat (ms,95%): 3911.79 err/s: 0.00 reconn/s: 0.00
[ 54s ] thds: 2048 tps: 1028.70 qps: 16731.07 (r/w/o: 14677.67/0.00/2053.39) lat (ms,95%): 3706.08 err/s: 0.00 reconn/s: 0.00
[ 55s ] thds: 2048 tps: 1040.75 qps: 16751.96 (r/w/o: 14666.46/0.00/2085.50) lat (ms,95%): 3773.42 err/s: 0.00 reconn/s: 0.00
[ 56s ] thds: 2048 tps: 1065.64 qps: 16735.00 (r/w/o: 14604.72/0.00/2130.27) lat (ms,95%): 3911.79 err/s: 0.00 reconn/s: 0.00
[ 57s ] thds: 2048 tps: 1017.90 qps: 16525.42 (r/w/o: 14490.61/0.00/2034.81) lat (ms,95%): 3773.42 err/s: 0.00 reconn/s: 0.00
[ 58s ] thds: 2048 tps: 1100.65 qps: 17055.61 (r/w/o: 14853.31/0.00/2202.30) lat (ms,95%): 3982.86 err/s: 0.00 reconn/s: 0.00
[ 59s ] thds: 2048 tps: 994.33 qps: 16625.59 (r/w/o: 14637.92/0.00/1987.67) lat (ms,95%): 3982.86 err/s: 0.00 reconn/s: 0.00
[ 60s ] thds: 2048 tps: 1048.77 qps: 16657.41 (r/w/o: 14557.86/0.00/2099.55) lat (ms,95%): 3706.08 err/s: 0.00 reconn/s: 0.00
[ 61s ] thds: 2048 tps: 1069.89 qps: 16759.28 (r/w/o: 14622.50/0.00/2136.78) lat (ms,95%): 3911.79 err/s: 0.00 reconn/s: 0.00
[ 62s ] thds: 2048 tps: 1025.97 qps: 16806.57 (r/w/o: 14755.63/0.00/2050.95) lat (ms,95%): 3982.86 err/s: 0.00 reconn/s: 0.00
[ 63s ] thds: 2048 tps: 1016.95 qps: 16405.27 (r/w/o: 14368.36/0.00/2036.91) lat (ms,95%): 3911.79 err/s: 0.00 reconn/s: 0.00
[ 64s ] thds: 2048 tps: 1087.25 qps: 16521.83 (r/w/o: 14347.33/0.00/2174.50) lat (ms,95%): 3982.86 err/s: 0.00 reconn/s: 0.00
[ 65s ] thds: 2048 tps: 1007.85 qps: 16623.53 (r/w/o: 14606.83/0.00/2016.70) lat (ms,95%): 3982.86 err/s: 0.00 reconn/s: 0.00
[ 66s ] thds: 2048 tps: 1052.76 qps: 16867.22 (r/w/o: 14766.69/0.00/2100.53) lat (ms,95%): 3911.79 err/s: 0.00 reconn/s: 0.00
[ 67s ] thds: 2048 tps: 1046.17 qps: 16879.73 (r/w/o: 14783.39/0.00/2096.34) lat (ms,95%): 3773.42 err/s: 0.00 reconn/s: 0.00
[ 68s ] thds: 2048 tps: 1049.47 qps: 17057.61 (r/w/o: 14958.67/0.00/2098.94) lat (ms,95%): 3911.79 err/s: 0.00 reconn/s: 0.00
[ 69s ] thds: 2048 tps: 1073.45 qps: 16930.30 (r/w/o: 14783.40/0.00/2146.90) lat (ms,95%): 3982.86 err/s: 0.00 reconn/s: 0.00
[ 70s ] thds: 2048 tps: 1058.38 qps: 16825.03 (r/w/o: 14708.27/0.00/2116.76) lat (ms,95%): 3911.79 err/s: 0.00 reconn/s: 0.00
[ 71s ] thds: 2048 tps: 1097.76 qps: 17206.27 (r/w/o: 15011.74/0.00/2194.52) lat (ms,95%): 3911.79 err/s: 0.00 reconn/s: 0.00
[ 72s ] thds: 2048 tps: 1016.82 qps: 16552.07 (r/w/o: 14520.43/0.00/2031.64) lat (ms,95%): 3706.08 err/s: 0.00 reconn/s: 0.00
[ 73s ] thds: 2048 tps: 1082.96 qps: 17262.37 (r/w/o: 15093.45/0.00/2168.92) lat (ms,95%): 3773.42 err/s: 0.00 reconn/s: 0.00
[ 74s ] thds: 2048 tps: 1031.89 qps: 16775.23 (r/w/o: 14712.45/0.00/2062.78) lat (ms,95%): 3706.08 err/s: 0.00 reconn/s: 0.00
[ 75s ] thds: 2048 tps: 1055.17 qps: 16629.72 (r/w/o: 14520.37/0.00/2109.34) lat (ms,95%): 3773.42 err/s: 0.00 reconn/s: 0.00
[ 76s ] thds: 2048 tps: 1060.56 qps: 16841.92 (r/w/o: 14721.80/0.00/2120.12) lat (ms,95%): 3706.08 err/s: 0.00 reconn/s: 0.00
[ 77s ] thds: 2048 tps: 1033.91 qps: 16511.62 (r/w/o: 14440.80/0.00/2070.83) lat (ms,95%): 3911.79 err/s: 0.00 reconn/s: 0.00
[ 78s ] thds: 2048 tps: 984.01 qps: 16345.23 (r/w/o: 14377.20/0.00/1968.03) lat (ms,95%): 3982.86 err/s: 0.00 reconn/s: 0.00
[ 79s ] thds: 2048 tps: 1062.08 qps: 16527.20 (r/w/o: 14402.04/0.00/2125.15) lat (ms,95%): 3982.86 err/s: 0.00 reconn/s: 0.00
[ 80s ] thds: 2048 tps: 1047.25 qps: 16802.05 (r/w/o: 14709.54/0.00/2092.51) lat (ms,95%): 3982.86 err/s: 0.00 reconn/s: 0.00
[ 81s ] thds: 2048 tps: 1057.45 qps: 16985.25 (r/w/o: 14869.35/0.00/2115.90) lat (ms,95%): 3982.86 err/s: 0.00 reconn/s: 0.00
[ 82s ] thds: 2048 tps: 1043.31 qps: 16699.96 (r/w/o: 14613.34/0.00/2086.62) lat (ms,95%): 3982.86 err/s: 0.00 reconn/s: 0.00
[ 83s ] thds: 2048 tps: 1057.62 qps: 16672.95 (r/w/o: 14556.72/0.00/2116.23) lat (ms,95%): 3911.79 err/s: 0.00 reconn/s: 0.00
[ 84s ] thds: 2048 tps: 998.33 qps: 16464.49 (r/w/o: 14469.82/0.00/1994.67) lat (ms,95%): 3706.08 err/s: 0.00 reconn/s: 0.00
[ 85s ] thds: 2048 tps: 1067.59 qps: 16704.51 (r/w/o: 14570.34/0.00/2134.17) lat (ms,95%): 3982.86 err/s: 0.00 reconn/s: 0.00
[ 86s ] thds: 2048 tps: 1047.98 qps: 16761.67 (r/w/o: 14663.71/0.00/2097.96) lat (ms,95%): 3911.79 err/s: 0.00 reconn/s: 0.00
[ 87s ] thds: 2048 tps: 1027.91 qps: 16366.63 (r/w/o: 14311.80/0.00/2054.83) lat (ms,95%): 3982.86 err/s: 0.00 reconn/s: 0.00
[ 88s ] thds: 2048 tps: 1017.52 qps: 16647.55 (r/w/o: 14612.51/0.00/2035.05) lat (ms,95%): 3982.86 err/s: 0.00 reconn/s: 0.00
[ 89s ] thds: 2048 tps: 1106.72 qps: 17377.60 (r/w/o: 15164.16/0.00/2213.44) lat (ms,95%): 3706.08 err/s: 0.00 reconn/s: 0.00
[ 90s ] thds: 2048 tps: 989.82 qps: 16325.09 (r/w/o: 14343.45/0.00/1981.65) lat (ms,95%): 3982.86 err/s: 0.00 reconn/s: 0.00
[ 91s ] thds: 2048 tps: 1087.05 qps: 17051.84 (r/w/o: 14878.73/0.00/2173.11) lat (ms,95%): 3982.86 err/s: 0.00 reconn/s: 0.00
[ 92s ] thds: 2048 tps: 1020.87 qps: 16398.91 (r/w/o: 14357.17/0.00/2041.74) lat (ms,95%): 3841.98 err/s: 0.00 reconn/s: 0.00
[ 93s ] thds: 2048 tps: 1116.89 qps: 17764.29 (r/w/o: 15530.51/0.00/2233.79) lat (ms,95%): 3773.42 err/s: 0.00 reconn/s: 0.00
[ 94s ] thds: 2048 tps: 1044.24 qps: 16663.77 (r/w/o: 14576.30/0.00/2087.47) lat (ms,95%): 3773.42 err/s: 0.00 reconn/s: 0.00
[ 95s ] thds: 2048 tps: 1058.61 qps: 17014.76 (r/w/o: 14900.53/0.00/2114.22) lat (ms,95%): 3773.42 err/s: 0.00 reconn/s: 0.00
[ 96s ] thds: 2048 tps: 1016.69 qps: 16509.23 (r/w/o: 14475.84/0.00/2033.38) lat (ms,95%): 3706.08 err/s: 0.00 reconn/s: 0.00
[ 97s ] thds: 2048 tps: 1093.07 qps: 17060.08 (r/w/o: 14870.94/0.00/2189.14) lat (ms,95%): 3911.79 err/s: 0.00 reconn/s: 0.00
[ 98s ] thds: 2048 tps: 1037.94 qps: 16920.00 (r/w/o: 14843.12/0.00/2076.88) lat (ms,95%): 3911.79 err/s: 0.00 reconn/s: 0.00
[ 99s ] thds: 2048 tps: 1018.65 qps: 16457.35 (r/w/o: 14421.05/0.00/2036.30) lat (ms,95%): 3982.86 err/s: 0.00 reconn/s: 0.00
[ 100s ] thds: 2048 tps: 1072.92 qps: 17143.65 (r/w/o: 14999.82/0.00/2143.83) lat (ms,95%): 3982.86 err/s: 0.00 reconn/s: 0.00
[ 101s ] thds: 2048 tps: 1047.52 qps: 16547.24 (r/w/o: 14452.20/0.00/2095.04) lat (ms,95%): 3982.86 err/s: 0.00 reconn/s: 0.00
[ 102s ] thds: 2048 tps: 1036.87 qps: 16505.93 (r/w/o: 14429.19/0.00/2076.74) lat (ms,95%): 3982.86 err/s: 0.00 reconn/s: 0.00
[ 103s ] thds: 2048 tps: 1064.46 qps: 17011.31 (r/w/o: 14883.39/0.00/2127.91) lat (ms,95%): 3911.79 err/s: 0.00 reconn/s: 0.00
[ 104s ] thds: 2048 tps: 1021.22 qps: 16497.49 (r/w/o: 14458.06/0.00/2039.43) lat (ms,95%): 3982.86 err/s: 0.00 reconn/s: 0.00
[ 105s ] thds: 2048 tps: 1001.35 qps: 15961.55 (r/w/o: 13953.85/0.00/2007.70) lat (ms,95%): 3911.79 err/s: 0.00 reconn/s: 0.00
[ 106s ] thds: 2048 tps: 1025.99 qps: 16463.87 (r/w/o: 14411.88/0.00/2051.98) lat (ms,95%): 3982.86 err/s: 0.00 reconn/s: 0.00
[ 107s ] thds: 2048 tps: 1056.06 qps: 16603.92 (r/w/o: 14495.80/0.00/2108.12) lat (ms,95%): 3982.86 err/s: 0.00 reconn/s: 0.00
[ 108s ] thds: 2048 tps: 984.36 qps: 16204.49 (r/w/o: 14234.77/0.00/1969.72) lat (ms,95%): 3841.98 err/s: 0.00 reconn/s: 0.00
[ 109s ] thds: 2048 tps: 1070.24 qps: 16814.74 (r/w/o: 14675.26/0.00/2139.48) lat (ms,95%): 4055.23 err/s: 0.00 reconn/s: 0.00
[ 110s ] thds: 2048 tps: 1021.39 qps: 16650.40 (r/w/o: 14608.61/0.00/2041.78) lat (ms,95%): 3841.98 err/s: 0.00 reconn/s: 0.00
[ 111s ] thds: 2048 tps: 1046.56 qps: 16405.09 (r/w/o: 14310.97/0.00/2094.12) lat (ms,95%): 3773.42 err/s: 0.00 reconn/s: 0.00
[ 112s ] thds: 2048 tps: 1008.15 qps: 16248.41 (r/w/o: 14229.11/0.00/2019.30) lat (ms,95%): 3773.42 err/s: 0.00 reconn/s: 0.00
[ 113s ] thds: 2048 tps: 1016.89 qps: 16248.32 (r/w/o: 14216.53/0.00/2031.79) lat (ms,95%): 3982.86 err/s: 0.00 reconn/s: 0.00
[ 114s ] thds: 2048 tps: 1007.01 qps: 16177.23 (r/w/o: 14160.20/0.00/2017.03) lat (ms,95%): 3773.42 err/s: 0.00 reconn/s: 0.00
[ 115s ] thds: 2048 tps: 1066.18 qps: 16986.87 (r/w/o: 14856.51/0.00/2130.36) lat (ms,95%): 4055.23 err/s: 0.00 reconn/s: 0.00
[ 116s ] thds: 2048 tps: 1042.68 qps: 16767.79 (r/w/o: 14682.43/0.00/2085.35) lat (ms,95%): 3982.86 err/s: 0.00 reconn/s: 0.00
[ 117s ] thds: 2048 tps: 1084.85 qps: 16887.63 (r/w/o: 14718.93/0.00/2168.70) lat (ms,95%): 3773.42 err/s: 0.00 reconn/s: 0.00
[ 118s ] thds: 2048 tps: 992.51 qps: 16528.51 (r/w/o: 14540.48/0.00/1988.02) lat (ms,95%): 3773.42 err/s: 0.00 reconn/s: 0.00
[ 119s ] thds: 2048 tps: 1022.19 qps: 15986.99 (r/w/o: 13944.61/0.00/2042.38) lat (ms,95%): 3773.42 err/s: 0.00 reconn/s: 0.00
[ 120s ] thds: 2048 tps: 1032.47 qps: 16382.67 (r/w/o: 14318.72/0.00/2063.95) lat (ms,95%): 4055.23 err/s: 0.00 reconn/s: 0.00
[ 121s ] thds: 2048 tps: 1010.51 qps: 16382.21 (r/w/o: 14359.19/0.00/2023.01) lat (ms,95%): 3982.86 err/s: 0.00 reconn/s: 0.00
[ 122s ] thds: 2048 tps: 1022.90 qps: 16634.31 (r/w/o: 14588.51/0.00/2045.79) lat (ms,95%): 3773.42 err/s: 0.00 reconn/s: 0.00
[ 123s ] thds: 2048 tps: 1051.11 qps: 16690.79 (r/w/o: 14590.57/0.00/2100.23) lat (ms,95%): 3982.86 err/s: 0.00 reconn/s: 0.00
[ 124s ] thds: 2048 tps: 1070.88 qps: 16868.12 (r/w/o: 14726.36/0.00/2141.76) lat (ms,95%): 3982.86 err/s: 0.00 reconn/s: 0.00
[ 125s ] thds: 2048 tps: 1033.00 qps: 16765.97 (r/w/o: 14700.97/0.00/2065.00) lat (ms,95%): 3706.08 err/s: 0.00 reconn/s: 0.00
[ 126s ] thds: 2048 tps: 1024.97 qps: 16447.57 (r/w/o: 14393.63/0.00/2053.95) lat (ms,95%): 3982.86 err/s: 0.00 reconn/s: 0.00
[ 127s ] thds: 2048 tps: 1055.06 qps: 16581.97 (r/w/o: 14471.85/0.00/2110.12) lat (ms,95%): 3982.86 err/s: 0.00 reconn/s: 0.00
[ 128s ] thds: 2048 tps: 1030.59 qps: 16399.43 (r/w/o: 14340.25/0.00/2059.17) lat (ms,95%): 3982.86 err/s: 0.00 reconn/s: 0.00
[ 129s ] thds: 2048 tps: 1016.39 qps: 16590.38 (r/w/o: 14556.60/0.00/2033.78) lat (ms,95%): 3773.42 err/s: 0.00 reconn/s: 0.00
[ 130s ] thds: 2048 tps: 1050.73 qps: 16563.70 (r/w/o: 14465.25/0.00/2098.46) lat (ms,95%): 4055.23 err/s: 0.00 reconn/s: 0.00
[ 131s ] thds: 2048 tps: 1014.69 qps: 16635.95 (r/w/o: 14605.56/0.00/2030.38) lat (ms,95%): 3982.86 err/s: 0.00 reconn/s: 0.00
[ 132s ] thds: 2048 tps: 1034.13 qps: 16619.11 (r/w/o: 14548.85/0.00/2070.26) lat (ms,95%): 3982.86 err/s: 0.00 reconn/s: 0.00
[ 133s ] thds: 2048 tps: 1026.08 qps: 16266.29 (r/w/o: 14214.12/0.00/2052.16) lat (ms,95%): 3982.86 err/s: 0.00 reconn/s: 0.00
[ 134s ] thds: 2048 tps: 1083.43 qps: 17065.83 (r/w/o: 14903.97/0.00/2161.87) lat (ms,95%): 4055.23 err/s: 0.00 reconn/s: 0.00
[ 135s ] thds: 2048 tps: 1022.48 qps: 16394.62 (r/w/o: 14343.66/0.00/2050.95) lat (ms,95%): 3773.42 err/s: 0.00 reconn/s: 0.00
[ 136s ] thds: 2048 tps: 1024.58 qps: 16497.29 (r/w/o: 14448.14/0.00/2049.15) lat (ms,95%): 3706.08 err/s: 0.00 reconn/s: 0.00
[ 137s ] thds: 2048 tps: 1053.01 qps: 16956.10 (r/w/o: 14852.09/0.00/2104.01) lat (ms,95%): 4055.23 err/s: 0.00 reconn/s: 0.00
[ 138s ] thds: 2048 tps: 1027.35 qps: 16385.71 (r/w/o: 14330.00/0.00/2055.71) lat (ms,95%): 3773.42 err/s: 0.00 reconn/s: 0.00
[ 139s ] thds: 2048 tps: 1038.53 qps: 16774.59 (r/w/o: 14700.52/0.00/2074.06) lat (ms,95%): 3773.42 err/s: 0.00 reconn/s: 0.00
[ 140s ] thds: 2048 tps: 1045.46 qps: 16866.36 (r/w/o: 14773.43/0.00/2092.93) lat (ms,95%): 3982.86 err/s: 0.00 reconn/s: 0.00
[ 141s ] thds: 2048 tps: 1106.80 qps: 17085.89 (r/w/o: 14871.30/0.00/2214.60) lat (ms,95%): 3982.86 err/s: 0.00 reconn/s: 0.00
[ 142s ] thds: 2048 tps: 1031.46 qps: 16595.39 (r/w/o: 14533.47/0.00/2061.92) lat (ms,95%): 3982.86 err/s: 0.00 reconn/s: 0.00
[ 143s ] thds: 2048 tps: 1051.31 qps: 16832.89 (r/w/o: 14729.28/0.00/2103.61) lat (ms,95%): 3773.42 err/s: 0.00 reconn/s: 0.00
[ 144s ] thds: 2048 tps: 1044.45 qps: 16672.28 (r/w/o: 14585.37/0.00/2086.91) lat (ms,95%): 3773.42 err/s: 0.00 reconn/s: 0.00
[ 145s ] thds: 2048 tps: 1033.49 qps: 16876.01 (r/w/o: 14806.03/0.00/2069.98) lat (ms,95%): 3773.42 err/s: 0.00 reconn/s: 0.00
[ 146s ] thds: 2048 tps: 1021.57 qps: 16529.05 (r/w/o: 14487.91/0.00/2041.14) lat (ms,95%): 3773.42 err/s: 0.00 reconn/s: 0.00
[ 147s ] thds: 2048 tps: 1108.44 qps: 17156.79 (r/w/o: 14937.91/0.00/2218.88) lat (ms,95%): 4055.23 err/s: 0.00 reconn/s: 0.00
[ 148s ] thds: 2048 tps: 1042.60 qps: 16681.53 (r/w/o: 14599.34/0.00/2082.19) lat (ms,95%): 3773.42 err/s: 0.00 reconn/s: 0.00
[ 149s ] thds: 2048 tps: 1026.90 qps: 16675.30 (r/w/o: 14621.51/0.00/2053.79) lat (ms,95%): 3982.86 err/s: 0.00 reconn/s: 0.00
[ 150s ] thds: 2048 tps: 1020.10 qps: 16268.54 (r/w/o: 14227.34/0.00/2041.19) lat (ms,95%): 3982.86 err/s: 0.00 reconn/s: 0.00
[ 151s ] thds: 2048 tps: 1072.13 qps: 16995.08 (r/w/o: 14850.82/0.00/2144.26) lat (ms,95%): 3911.79 err/s: 0.00 reconn/s: 0.00
[ 152s ] thds: 2048 tps: 1034.37 qps: 16637.01 (r/w/o: 14568.26/0.00/2068.75) lat (ms,95%): 3911.79 err/s: 0.00 reconn/s: 0.00
[ 153s ] thds: 2048 tps: 1053.55 qps: 16860.74 (r/w/o: 14754.65/0.00/2106.09) lat (ms,95%): 3982.86 err/s: 0.00 reconn/s: 0.00
[ 154s ] thds: 2048 tps: 1018.92 qps: 16542.68 (r/w/o: 14503.84/0.00/2038.84) lat (ms,95%): 3773.42 err/s: 0.00 reconn/s: 0.00
[ 155s ] thds: 2048 tps: 1068.82 qps: 17008.21 (r/w/o: 14870.56/0.00/2137.65) lat (ms,95%): 3773.42 err/s: 0.00 reconn/s: 0.00
[ 156s ] thds: 2048 tps: 1051.68 qps: 16805.82 (r/w/o: 14701.47/0.00/2104.36) lat (ms,95%): 3982.86 err/s: 0.00 reconn/s: 0.00
[ 157s ] thds: 2048 tps: 1059.51 qps: 17240.04 (r/w/o: 15123.01/0.00/2117.02) lat (ms,95%): 3841.98 err/s: 0.00 reconn/s: 0.00
[ 158s ] thds: 2048 tps: 1081.56 qps: 16882.68 (r/w/o: 14716.57/0.00/2166.11) lat (ms,95%): 3982.86 err/s: 0.00 reconn/s: 0.00
[ 159s ] thds: 2048 tps: 1010.03 qps: 16515.50 (r/w/o: 14497.44/0.00/2018.06) lat (ms,95%): 3706.08 err/s: 0.00 reconn/s: 0.00
[ 160s ] thds: 2048 tps: 1096.00 qps: 17151.00 (r/w/o: 14957.00/0.00/2194.00) lat (ms,95%): 3982.86 err/s: 0.00 reconn/s: 0.00
[ 161s ] thds: 2048 tps: 1038.94 qps: 16954.01 (r/w/o: 14879.13/0.00/2074.88) lat (ms,95%): 3982.86 err/s: 0.00 reconn/s: 0.00
[ 162s ] thds: 2048 tps: 1060.42 qps: 16825.75 (r/w/o: 14705.91/0.00/2119.83) lat (ms,95%): 3982.86 err/s: 0.00 reconn/s: 0.00
[ 163s ] thds: 2048 tps: 1031.56 qps: 16643.01 (r/w/o: 14575.89/0.00/2067.12) lat (ms,95%): 3982.86 err/s: 0.00 reconn/s: 0.00
[ 164s ] thds: 2048 tps: 1053.07 qps: 16593.16 (r/w/o: 14493.01/0.00/2100.15) lat (ms,95%): 3773.42 err/s: 0.00 reconn/s: 0.00
[ 165s ] thds: 2048 tps: 1069.96 qps: 17018.32 (r/w/o: 14873.40/0.00/2144.91) lat (ms,95%): 3773.42 err/s: 0.00 reconn/s: 0.00
[ 166s ] thds: 2048 tps: 1017.00 qps: 16704.04 (r/w/o: 14669.04/0.00/2035.01) lat (ms,95%): 3982.86 err/s: 0.00 reconn/s: 0.00
[ 167s ] thds: 2048 tps: 1045.49 qps: 16597.87 (r/w/o: 14508.90/0.00/2088.98) lat (ms,95%): 3982.86 err/s: 0.00 reconn/s: 0.00
[ 168s ] thds: 2048 tps: 1095.57 qps: 17259.04 (r/w/o: 15067.89/0.00/2191.15) lat (ms,95%): 3982.86 err/s: 0.00 reconn/s: 0.00
[ 169s ] thds: 2048 tps: 1002.57 qps: 16796.77 (r/w/o: 14790.64/0.00/2006.14) lat (ms,95%): 3911.79 err/s: 0.00 reconn/s: 0.00
[ 170s ] thds: 2048 tps: 1155.49 qps: 17491.44 (r/w/o: 15180.46/0.00/2310.98) lat (ms,95%): 3911.79 err/s: 0.00 reconn/s: 0.00
[ 171s ] thds: 2048 tps: 1027.00 qps: 16843.06 (r/w/o: 14791.05/0.00/2052.01) lat (ms,95%): 3982.86 err/s: 0.00 reconn/s: 0.00
[ 172s ] thds: 2048 tps: 1014.61 qps: 16538.61 (r/w/o: 14511.40/0.00/2027.22) lat (ms,95%): 3773.42 err/s: 0.00 reconn/s: 0.00
[ 173s ] thds: 2048 tps: 1054.38 qps: 16924.06 (r/w/o: 14813.30/0.00/2110.76) lat (ms,95%): 3982.86 err/s: 0.00 reconn/s: 0.00
[ 174s ] thds: 2048 tps: 1041.97 qps: 16584.54 (r/w/o: 14500.60/0.00/2083.94) lat (ms,95%): 3773.42 err/s: 0.00 reconn/s: 0.00
[ 175s ] thds: 2048 tps: 1055.06 qps: 16596.95 (r/w/o: 14487.83/0.00/2109.12) lat (ms,95%): 3982.86 err/s: 0.00 reconn/s: 0.00
[ 176s ] thds: 2048 tps: 1069.01 qps: 16916.12 (r/w/o: 14776.11/0.00/2140.02) lat (ms,95%): 3773.42 err/s: 0.00 reconn/s: 0.00
[ 177s ] thds: 2048 tps: 1014.93 qps: 16547.85 (r/w/o: 14517.99/0.00/2029.86) lat (ms,95%): 3773.42 err/s: 0.00 reconn/s: 0.00
[ 178s ] thds: 2048 tps: 1057.81 qps: 16761.92 (r/w/o: 14645.31/0.00/2116.61) lat (ms,95%): 3982.86 err/s: 0.00 reconn/s: 0.00
[ 179s ] thds: 2048 tps: 1037.72 qps: 16784.45 (r/w/o: 14713.02/0.00/2071.44) lat (ms,95%): 3982.86 err/s: 0.00 reconn/s: 0.00
[ 180s ] thds: 2048 tps: 1046.44 qps: 16397.93 (r/w/o: 14301.04/0.00/2096.89) lat (ms,95%): 3982.86 err/s: 0.00 reconn/s: 0.00
[ 181s ] thds: 2048 tps: 1045.05 qps: 16884.78 (r/w/o: 14796.68/0.00/2088.10) lat (ms,95%): 3773.42 err/s: 0.00 reconn/s: 0.00
[ 182s ] thds: 2048 tps: 1027.45 qps: 16587.13 (r/w/o: 14534.22/0.00/2052.90) lat (ms,95%): 3773.42 err/s: 0.00 reconn/s: 0.00
[ 183s ] thds: 2048 tps: 1026.98 qps: 16637.66 (r/w/o: 14583.70/0.00/2053.96) lat (ms,95%): 3982.86 err/s: 0.00 reconn/s: 0.00
[ 184s ] thds: 2048 tps: 1076.12 qps: 16755.93 (r/w/o: 14598.69/0.00/2157.25) lat (ms,95%): 3982.86 err/s: 0.00 reconn/s: 0.00
[ 185s ] thds: 2048 tps: 1011.43 qps: 16554.04 (r/w/o: 14532.18/0.00/2021.86) lat (ms,95%): 3911.79 err/s: 0.00 reconn/s: 0.00
[ 186s ] thds: 2048 tps: 1059.97 qps: 16792.48 (r/w/o: 14671.55/0.00/2120.93) lat (ms,95%): 3911.79 err/s: 0.00 reconn/s: 0.00
[ 187s ] thds: 2048 tps: 1023.09 qps: 16566.50 (r/w/o: 14521.32/0.00/2045.19) lat (ms,95%): 3982.86 err/s: 0.00 reconn/s: 0.00
[ 188s ] thds: 2048 tps: 1050.87 qps: 16629.92 (r/w/o: 14528.18/0.00/2101.74) lat (ms,95%): 3911.79 err/s: 0.00 reconn/s: 0.00
[ 189s ] thds: 2048 tps: 1069.15 qps: 17013.44 (r/w/o: 14878.13/0.00/2135.31) lat (ms,95%): 3982.86 err/s: 0.00 reconn/s: 0.00
[ 190s ] thds: 2048 tps: 1066.88 qps: 17139.14 (r/w/o: 15003.37/0.00/2135.77) lat (ms,95%): 3773.42 err/s: 0.00 reconn/s: 0.00
[ 191s ] thds: 2048 tps: 1079.10 qps: 17132.59 (r/w/o: 14978.39/0.00/2154.20) lat (ms,95%): 4055.23 err/s: 0.00 reconn/s: 0.00
[ 192s ] thds: 2048 tps: 1056.98 qps: 16780.64 (r/w/o: 14662.68/0.00/2117.95) lat (ms,95%): 3982.86 err/s: 0.00 reconn/s: 0.00
[ 193s ] thds: 2048 tps: 1055.21 qps: 16888.35 (r/w/o: 14776.93/0.00/2111.42) lat (ms,95%): 3982.86 err/s: 0.00 reconn/s: 0.00
[ 194s ] thds: 2048 tps: 1027.19 qps: 16753.07 (r/w/o: 14699.69/0.00/2053.38) lat (ms,95%): 3911.79 err/s: 0.00 reconn/s: 0.00
[ 195s ] thds: 2048 tps: 1078.82 qps: 17019.18 (r/w/o: 14861.54/0.00/2157.64) lat (ms,95%): 3911.79 err/s: 0.00 reconn/s: 0.00
[ 196s ] thds: 2048 tps: 1055.79 qps: 16934.75 (r/w/o: 14822.16/0.00/2112.59) lat (ms,95%): 3911.79 err/s: 0.00 reconn/s: 0.00
[ 197s ] thds: 2048 tps: 1076.00 qps: 17183.00 (r/w/o: 15031.00/0.00/2152.00) lat (ms,95%): 3911.79 err/s: 0.00 reconn/s: 0.00
[ 198s ] thds: 2048 tps: 1029.86 qps: 16586.66 (r/w/o: 14529.95/0.00/2056.71) lat (ms,95%): 3773.42 err/s: 0.00 reconn/s: 0.00
[ 199s ] thds: 2048 tps: 1063.52 qps: 16608.57 (r/w/o: 14478.52/0.00/2130.05) lat (ms,95%): 3911.79 err/s: 0.00 reconn/s: 0.00
[ 200s ] thds: 2048 tps: 1002.10 qps: 16283.69 (r/w/o: 14279.49/0.00/2004.21) lat (ms,95%): 3773.42 err/s: 0.00 reconn/s: 0.00
[ 201s ] thds: 2048 tps: 1046.44 qps: 16531.00 (r/w/o: 14439.11/0.00/2091.89) lat (ms,95%): 3982.86 err/s: 0.00 reconn/s: 0.00
[ 202s ] thds: 2048 tps: 1007.04 qps: 16422.61 (r/w/o: 14408.54/0.00/2014.08) lat (ms,95%): 3911.79 err/s: 0.00 reconn/s: 0.00
[ 203s ] thds: 2048 tps: 1056.97 qps: 16816.57 (r/w/o: 14703.63/0.00/2112.95) lat (ms,95%): 3911.79 err/s: 0.00 reconn/s: 0.00
[ 204s ] thds: 2048 tps: 1028.99 qps: 16768.85 (r/w/o: 14707.87/0.00/2060.98) lat (ms,95%): 3911.79 err/s: 0.00 reconn/s: 0.00
[ 205s ] thds: 2048 tps: 1022.34 qps: 16433.47 (r/w/o: 14389.78/0.00/2043.69) lat (ms,95%): 3982.86 err/s: 0.00 reconn/s: 0.00
[ 206s ] thds: 2048 tps: 1043.30 qps: 16835.83 (r/w/o: 14750.23/0.00/2085.60) lat (ms,95%): 3982.86 err/s: 0.00 reconn/s: 0.00
[ 207s ] thds: 2048 tps: 1102.44 qps: 17190.89 (r/w/o: 14988.01/0.00/2202.88) lat (ms,95%): 3773.42 err/s: 0.00 reconn/s: 0.00
[ 208s ] thds: 2048 tps: 980.52 qps: 15849.30 (r/w/o: 13886.26/0.00/1963.05) lat (ms,95%): 3911.79 err/s: 0.00 reconn/s: 0.00
[ 209s ] thds: 2048 tps: 1009.44 qps: 16473.17 (r/w/o: 14454.29/0.00/2018.88) lat (ms,95%): 3982.86 err/s: 0.00 reconn/s: 0.00
[ 210s ] thds: 2048 tps: 1048.06 qps: 16646.94 (r/w/o: 14548.82/0.00/2098.12) lat (ms,95%): 3982.86 err/s: 0.00 reconn/s: 0.00
[ 211s ] thds: 2048 tps: 1086.84 qps: 17009.46 (r/w/o: 14839.79/0.00/2169.68) lat (ms,95%): 3773.42 err/s: 0.00 reconn/s: 0.00
[ 212s ] thds: 2048 tps: 1033.04 qps: 16612.71 (r/w/o: 14544.62/0.00/2068.09) lat (ms,95%): 3982.86 err/s: 0.00 reconn/s: 0.00
[ 213s ] thds: 2048 tps: 988.11 qps: 16075.75 (r/w/o: 14100.54/0.00/1975.22) lat (ms,95%): 3911.79 err/s: 0.00 reconn/s: 0.00
[ 214s ] thds: 2048 tps: 1052.00 qps: 16856.06 (r/w/o: 14753.05/0.00/2103.01) lat (ms,95%): 3773.42 err/s: 0.00 reconn/s: 0.00
[ 215s ] thds: 2048 tps: 1078.54 qps: 17029.69 (r/w/o: 14869.62/0.00/2160.07) lat (ms,95%): 3911.79 err/s: 0.00 reconn/s: 0.00
[ 216s ] thds: 2048 tps: 1053.45 qps: 16917.21 (r/w/o: 14811.31/0.00/2105.90) lat (ms,95%): 3982.86 err/s: 0.00 reconn/s: 0.00
[ 217s ] thds: 2048 tps: 1053.56 qps: 16487.18 (r/w/o: 14380.05/0.00/2107.13) lat (ms,95%): 3982.86 err/s: 0.00 reconn/s: 0.00
[ 218s ] thds: 2048 tps: 1041.03 qps: 16714.44 (r/w/o: 14631.38/0.00/2083.05) lat (ms,95%): 3706.08 err/s: 0.00 reconn/s: 0.00
[ 219s ] thds: 2048 tps: 1068.36 qps: 16984.70 (r/w/o: 14847.98/0.00/2136.72) lat (ms,95%): 3773.42 err/s: 0.00 reconn/s: 0.00
[ 220s ] thds: 2048 tps: 1016.94 qps: 16703.05 (r/w/o: 14671.17/0.00/2031.88) lat (ms,95%): 3773.42 err/s: 0.00 reconn/s: 0.00
[ 221s ] thds: 2048 tps: 998.28 qps: 16090.33 (r/w/o: 14094.78/0.00/1995.55) lat (ms,95%): 3982.86 err/s: 0.00 reconn/s: 0.00
[ 222s ] thds: 2048 tps: 1060.83 qps: 16442.82 (r/w/o: 14323.17/0.00/2119.65) lat (ms,95%): 3982.86 err/s: 0.00 reconn/s: 0.00
[ 223s ] thds: 2048 tps: 987.01 qps: 16076.17 (r/w/o: 14097.15/0.00/1979.02) lat (ms,95%): 3982.86 err/s: 0.00 reconn/s: 0.00
[ 224s ] thds: 2048 tps: 1018.88 qps: 16691.01 (r/w/o: 14657.25/0.00/2033.76) lat (ms,95%): 3982.86 err/s: 0.00 reconn/s: 0.00
[ 225s ] thds: 2048 tps: 1099.32 qps: 17207.38 (r/w/o: 15006.74/0.00/2200.64) lat (ms,95%): 3911.79 err/s: 0.00 reconn/s: 0.00
[ 226s ] thds: 2048 tps: 1035.56 qps: 16316.78 (r/w/o: 14243.67/0.00/2073.12) lat (ms,95%): 3773.42 err/s: 0.00 reconn/s: 0.00
[ 227s ] thds: 2048 tps: 1052.37 qps: 17029.83 (r/w/o: 14928.09/0.00/2101.75) lat (ms,95%): 3773.42 err/s: 0.00 reconn/s: 0.00
[ 228s ] thds: 2048 tps: 1005.61 qps: 16400.93 (r/w/o: 14387.71/0.00/2013.22) lat (ms,95%): 3982.86 err/s: 0.00 reconn/s: 0.00
[ 229s ] thds: 2048 tps: 1081.17 qps: 17062.66 (r/w/o: 14899.32/0.00/2163.34) lat (ms,95%): 3911.79 err/s: 0.00 reconn/s: 0.00
[ 230s ] thds: 2048 tps: 1062.73 qps: 16984.62 (r/w/o: 14858.17/0.00/2126.45) lat (ms,95%): 3706.08 err/s: 0.00 reconn/s: 0.00
[ 231s ] thds: 2048 tps: 1044.27 qps: 16659.31 (r/w/o: 14571.77/0.00/2087.54) lat (ms,95%): 3773.42 err/s: 0.00 reconn/s: 0.00
[ 232s ] thds: 2048 tps: 1015.08 qps: 16293.28 (r/w/o: 14269.12/0.00/2024.16) lat (ms,95%): 3911.79 err/s: 0.00 reconn/s: 0.00
[ 233s ] thds: 2048 tps: 1016.27 qps: 16424.28 (r/w/o: 14385.73/0.00/2038.54) lat (ms,95%): 3706.08 err/s: 0.00 reconn/s: 0.00
[ 234s ] thds: 2048 tps: 1036.71 qps: 17050.61 (r/w/o: 14977.20/0.00/2073.41) lat (ms,95%): 3982.86 err/s: 0.00 reconn/s: 0.00
[ 235s ] thds: 2048 tps: 1092.75 qps: 16999.14 (r/w/o: 14817.64/0.00/2181.51) lat (ms,95%): 3982.86 err/s: 0.00 reconn/s: 0.00
[ 236s ] thds: 2048 tps: 1078.27 qps: 17099.35 (r/w/o: 14940.80/0.00/2158.55) lat (ms,95%): 3982.86 err/s: 0.00 reconn/s: 0.00
[ 237s ] thds: 2048 tps: 1053.82 qps: 16682.17 (r/w/o: 14574.53/0.00/2107.64) lat (ms,95%): 3773.42 err/s: 0.00 reconn/s: 0.00
[ 238s ] thds: 2048 tps: 1007.11 qps: 16362.75 (r/w/o: 14348.53/0.00/2014.22) lat (ms,95%): 3773.42 err/s: 0.00 reconn/s: 0.00
[ 239s ] thds: 2048 tps: 1085.07 qps: 17326.18 (r/w/o: 15155.03/0.00/2171.15) lat (ms,95%): 3706.08 err/s: 0.00 reconn/s: 0.00
[ 240s ] thds: 2048 tps: 1042.84 qps: 16626.53 (r/w/o: 14540.84/0.00/2085.69) lat (ms,95%): 3911.79 err/s: 0.00 reconn/s: 0.00
[ 241s ] thds: 2046 tps: 1130.03 qps: 11045.26 (r/w/o: 9915.23/0.00/1130.03) lat (ms,95%): 3841.98 err/s: 0.00 reconn/s: 0.00
Latency histogram (values are in milliseconds)
       value  ------------- distribution ------------- count
      24.384 |                                         1
      24.827 |                                         3
      25.278 |                                         2
      25.737 |                                         5
      26.205 |                                         4
      26.681 |                                         4
      27.165 |                                         6
      27.659 |                                         9
      28.162 |                                         11
      28.673 |                                         14
      29.194 |                                         22
      29.725 |                                         22
      30.265 |                                         28
      30.815 |                                         46
      31.375 |                                         34
      31.945 |                                         46
      32.525 |                                         42
      33.116 |                                         58
      33.718 |                                         53
      34.330 |                                         72
      34.954 |                                         57
      35.589 |                                         73
      36.236 |                                         81
      36.894 |*                                        115
      37.565 |*                                        108
      38.247 |*                                        114
      38.942 |*                                        122
      39.650 |*                                        126
      40.370 |*                                        137
      41.104 |*                                        145
      41.851 |*                                        157
      42.611 |*                                        140
      43.385 |*                                        148
      44.173 |*                                        163
      44.976 |*                                        166
      45.793 |*                                        174
      46.625 |*                                        186
      47.472 |*                                        216
      48.335 |*                                        235
      49.213 |*                                        270
      50.107 |**                                       350
      51.018 |**                                       361
      51.945 |**                                       421
      52.889 |**                                       443
      53.850 |**                                       506
      54.828 |**                                       526
      55.824 |**                                       481
      56.839 |**                                       526
      57.871 |**                                       419
      58.923 |**                                       416
      59.993 |**                                       373
      61.083 |*                                        313
      62.193 |*                                        279
      63.323 |*                                        218
      64.474 |*                                        213
      65.645 |*                                        182
      66.838 |*                                        134
      68.053 |*                                        130
      69.289 |                                         101
      70.548 |                                         71
      71.830 |                                         49
      73.135 |                                         46
      74.464 |                                         47
      75.817 |                                         31
      77.194 |                                         35
      78.597 |                                         21
      80.025 |                                         24
      81.479 |                                         15
      82.959 |                                         7
      84.467 |                                         8
      86.002 |                                         9
      87.564 |                                         7
      89.155 |                                         9
      90.775 |                                         5
      92.424 |                                         2
      94.104 |                                         5
      95.814 |                                         5
      97.555 |                                         4
      99.327 |                                         2
     101.132 |                                         1
     102.969 |                                         2
     114.717 |                                         1
     116.802 |                                         1
     125.525 |                                         1
     130.128 |                                         1
     132.492 |                                         1
     139.846 |                                         1
     155.801 |                                         1
     158.632 |                                         1
     161.514 |                                         1
     164.449 |                                         1
     167.437 |                                         2
     170.479 |                                         1
     292.601 |                                         1
     297.917 |                                         3
     308.842 |                                         17
     314.453 |                                         57
     320.167 |*                                        156
     325.984 |*                                        285
     331.907 |***                                      611
     337.938 |*****                                    1026
     344.078 |*******                                  1513
     350.330 |*********                                1951
     356.695 |**********                               2101
     363.176 |*********                                1898
     369.775 |*******                                  1426
     376.494 |****                                     858
     383.334 |**                                       504
     390.299 |*                                        256
     397.391 |                                         74
     404.611 |                                         19
     411.963 |                                         6
     419.448 |                                         7
     427.069 |                                         2
     434.829 |                                         2
     442.730 |                                         3
     458.964 |                                         1
     511.328 |                                         1
     559.501 |                                         2
     569.667 |                                         1
     580.017 |                                         9
     590.556 |                                         14
     601.286 |                                         75
     612.211 |**                                       324
     623.335 |*****                                    985
     634.661 |***********                              2404
     646.192 |*********************                    4425
     657.933 |***************************              5808
     669.888 |***********************                  5004
     682.059 |***************                          3144
     694.452 |*******                                  1469
     707.070 |**                                       392
     719.917 |                                         107
     732.998 |                                         21
     746.316 |                                         9
     759.876 |                                         3
     773.683 |                                         1
     787.741 |                                         1
     816.626 |                                         3
     831.464 |                                         4
     846.572 |                                         4
     861.954 |                                         9
     877.615 |                                         16
     893.561 |                                         92
     909.797 |**                                       484
     926.327 |*********                                1902
     943.158 |*********************                    4501
     960.295 |******************************           6348
     977.743 |*************************                5372
     995.508 |*************                            2772
    1013.597 |****                                     893
    1032.013 |*                                        149
    1050.764 |                                         21
    1069.856 |                                         10
    1089.295 |                                         4
    1109.087 |                                         4
    1129.239 |                                         9
    1149.757 |                                         12
    1170.648 |                                         36
    1191.918 |*                                        219
    1213.575 |******                                   1210
    1235.625 |*******************                      4050
    1258.076 |************************************     7767
    1280.934 |***********************************      7414
    1304.208 |****************                         3497
    1327.905 |****                                     826
    1352.033 |                                         103
    1376.599 |                                         25
    1401.611 |                                         11
    1427.078 |                                         17
    1453.007 |                                         30
    1479.408 |*                                        133
    1506.288 |****                                     866
    1533.657 |*****************                        3635
    1561.523 |***********************************      7475
    1589.895 |******************************           6542
    1618.783 |***********                              2387
    1648.196 |**                                       427
    1678.143 |                                         58
    1708.634 |                                         26
    1739.679 |                                         24
    1771.289 |                                         105
    1803.472 |****                                     958
    1836.241 |********************                     4344
    1869.605 |*************************************    8001
    1903.575 |***************************              5729
    1938.162 |*******                                  1546
    1973.377 |*                                        162
    2009.233 |                                         26
    2045.740 |                                         41
    2082.910 |*                                        322
    2120.756 |************                             2481
    2159.289 |*********************************        7186
    2198.523 |*********************************        7058
    2238.469 |***********                              2256
    2279.141 |*                                        222
    2320.552 |                                         38
    2362.716 |*                                        130
    2405.646 |******                                   1351
    2449.355 |****************************             6071
    2493.859 |***************************************  8286
    2539.172 |***************                          3174
    2585.308 |**                                       374
    2632.282 |                                         45
    2680.109 |**                                       398
    2728.806 |*****************                        3588
    2778.387 |**************************************** 8567
    2828.869 |*************************                5363
    2880.269 |****                                     825
    2932.602 |                                         66
    2985.887 |***                                      651
    3040.139 |***********************                  4880
    3095.377 |**************************************** 8591
    3151.619 |****************                         3375
    3208.883 |**                                       335
    3267.187 |*                                        220
    3326.551 |**************                           2904
    3386.993 |**********************************       7401
    3448.533 |******************                       3815
    3511.192 |**                                       428
    3574.989 |*                                        290
    3639.945 |***************                          3277
    3706.081 |****************************             5914
    3773.420 |*********                                1888
    3841.981 |*                                        160
    3911.789 |****                                     892
    3982.864 |*****************                        3634
    4055.231 |**********                               2160
    4128.913 |*                                        213
    4203.934 |**                                       435
    4280.318 |**********                               2069
    4358.090 |******                                   1316
    4437.275 |*                                        126
    4517.898 |**                                       325
    4599.987 |****                                     958
    4683.567 |**                                       385
    4768.666 |                                         43
    4855.311 |*                                        277
    4943.530 |**                                       340
    5033.352 |                                         46
    5124.806 |                                         40
    5217.922 |                                         101
    5312.729 |                                         26
    5409.260 |                                         14
    5507.544 |                                         34
    5607.614 |                                         10
    5709.502 |                                         1
    5813.242 |                                         3
    5918.866 |                                         1
    6247.394 |                                         1
 
SQL statistics:
    queries performed:
        read:                            3525533
        write:                           0
        other:                           503715
        total:                           4029248
    transactions:                        252880 (1045.26 per sec.)
    queries:                             4029248 (16654.63 per sec.)
    ignored errors:                      0      (0.00 per sec.)
    reconnects:                          0      (0.00 per sec.)

Throughput:
    events/s (eps):                      1045.2628
    time elapsed:                        241.9303s
    total number of events:              252880

Latency (ms):
         min:                                   24.41
         avg:                                 1961.09
         max:                                 6234.82
         95th percentile:                     3911.79
         sum:                            495919449.07

Threads fairness:
    events (avg/stddev):           123.4766/6.56
    execution time (avg/stddev):   242.1482/1.03

