sysbench 1.1.0-3ceba0b (using bundled LuaJIT 2.1.0-beta3)

Running the test with following options:
Number of threads: 8
Warmup time: 60s
Report intermediate results every 1 second(s)
Initializing random number generator from current time


Initializing worker threads...

Threads started!

Warming up for 60 seconds...

[ 1s ] thds: 8 tps: 1067.92 qps: 1067.92 (r/w/o: 0.00/1044.76/23.16) lat (ms,95%): 8.90 err/s: 0.00 reconn/s: 0.00
[ 2s ] thds: 8 tps: 1081.06 qps: 1081.06 (r/w/o: 0.00/1064.06/17.00) lat (ms,95%): 8.90 err/s: 0.00 reconn/s: 0.00
[ 3s ] thds: 8 tps: 1077.33 qps: 1077.33 (r/w/o: 0.00/1048.33/29.01) lat (ms,95%): 8.90 err/s: 0.00 reconn/s: 0.00
[ 4s ] thds: 8 tps: 1071.84 qps: 1071.84 (r/w/o: 0.00/1044.85/27.00) lat (ms,95%): 8.90 err/s: 0.00 reconn/s: 0.00
[ 5s ] thds: 8 tps: 1076.75 qps: 1076.75 (r/w/o: 0.00/1051.76/24.99) lat (ms,95%): 8.90 err/s: 0.00 reconn/s: 0.00
[ 6s ] thds: 8 tps: 1071.27 qps: 1071.27 (r/w/o: 0.00/1047.26/24.01) lat (ms,95%): 8.90 err/s: 0.00 reconn/s: 0.00
[ 7s ] thds: 8 tps: 1073.03 qps: 1073.03 (r/w/o: 0.00/1054.03/19.00) lat (ms,95%): 9.06 err/s: 0.00 reconn/s: 0.00
[ 8s ] thds: 8 tps: 1078.71 qps: 1078.71 (r/w/o: 0.00/1051.72/26.99) lat (ms,95%): 8.90 err/s: 0.00 reconn/s: 0.00
[ 9s ] thds: 8 tps: 1078.13 qps: 1078.13 (r/w/o: 0.00/1054.12/24.00) lat (ms,95%): 8.90 err/s: 0.00 reconn/s: 0.00
[ 10s ] thds: 8 tps: 1076.34 qps: 1076.34 (r/w/o: 0.00/1054.33/22.01) lat (ms,95%): 8.90 err/s: 0.00 reconn/s: 0.00
[ 11s ] thds: 8 tps: 1092.84 qps: 1092.84 (r/w/o: 0.00/1067.85/25.00) lat (ms,95%): 8.74 err/s: 0.00 reconn/s: 0.00
[ 12s ] thds: 8 tps: 1076.93 qps: 1076.93 (r/w/o: 0.00/1049.93/27.00) lat (ms,95%): 8.90 err/s: 0.00 reconn/s: 0.00
[ 13s ] thds: 8 tps: 1085.84 qps: 1085.84 (r/w/o: 0.00/1057.84/28.00) lat (ms,95%): 8.90 err/s: 0.00 reconn/s: 0.00
[ 14s ] thds: 8 tps: 1077.19 qps: 1077.19 (r/w/o: 0.00/1058.18/19.00) lat (ms,95%): 8.74 err/s: 0.00 reconn/s: 0.00
[ 15s ] thds: 8 tps: 1064.50 qps: 1064.50 (r/w/o: 0.00/1044.51/19.99) lat (ms,95%): 8.90 err/s: 0.00 reconn/s: 0.00
[ 16s ] thds: 8 tps: 1075.39 qps: 1075.39 (r/w/o: 0.00/1052.38/23.01) lat (ms,95%): 8.90 err/s: 0.00 reconn/s: 0.00
[ 17s ] thds: 8 tps: 1071.08 qps: 1071.08 (r/w/o: 0.00/1047.08/24.00) lat (ms,95%): 8.90 err/s: 0.00 reconn/s: 0.00
[ 18s ] thds: 8 tps: 1071.96 qps: 1071.96 (r/w/o: 0.00/1047.96/24.00) lat (ms,95%): 8.90 err/s: 0.00 reconn/s: 0.00
[ 19s ] thds: 8 tps: 1078.18 qps: 1078.18 (r/w/o: 0.00/1048.18/30.01) lat (ms,95%): 8.90 err/s: 0.00 reconn/s: 0.00
[ 20s ] thds: 8 tps: 1071.86 qps: 1071.86 (r/w/o: 0.00/1052.87/19.00) lat (ms,95%): 8.90 err/s: 0.00 reconn/s: 0.00
[ 21s ] thds: 8 tps: 1082.97 qps: 1082.97 (r/w/o: 0.00/1061.97/21.00) lat (ms,95%): 8.74 err/s: 0.00 reconn/s: 0.00
[ 22s ] thds: 8 tps: 1079.03 qps: 1079.03 (r/w/o: 0.00/1053.03/26.00) lat (ms,95%): 8.90 err/s: 0.00 reconn/s: 0.00
[ 23s ] thds: 8 tps: 1062.04 qps: 1062.04 (r/w/o: 0.00/1039.04/23.00) lat (ms,95%): 8.90 err/s: 0.00 reconn/s: 0.00
[ 24s ] thds: 8 tps: 1066.76 qps: 1066.76 (r/w/o: 0.00/1040.77/25.99) lat (ms,95%): 8.90 err/s: 0.00 reconn/s: 0.00
[ 25s ] thds: 8 tps: 1069.07 qps: 1069.07 (r/w/o: 0.00/1045.06/24.00) lat (ms,95%): 8.90 err/s: 0.00 reconn/s: 0.00
[ 26s ] thds: 8 tps: 1067.04 qps: 1067.04 (r/w/o: 0.00/1042.04/25.00) lat (ms,95%): 9.06 err/s: 0.00 reconn/s: 0.00
[ 27s ] thds: 8 tps: 1068.33 qps: 1068.33 (r/w/o: 0.00/1046.33/22.01) lat (ms,95%): 8.90 err/s: 0.00 reconn/s: 0.00
[ 28s ] thds: 8 tps: 1072.48 qps: 1072.48 (r/w/o: 0.00/1048.49/23.99) lat (ms,95%): 8.90 err/s: 0.00 reconn/s: 0.00
[ 29s ] thds: 8 tps: 1079.17 qps: 1079.17 (r/w/o: 0.00/1057.17/22.00) lat (ms,95%): 8.90 err/s: 0.00 reconn/s: 0.00
[ 30s ] thds: 8 tps: 1078.78 qps: 1078.78 (r/w/o: 0.00/1053.78/24.99) lat (ms,95%): 8.90 err/s: 0.00 reconn/s: 0.00
[ 31s ] thds: 8 tps: 1075.12 qps: 1075.12 (r/w/o: 0.00/1053.12/22.00) lat (ms,95%): 8.90 err/s: 0.00 reconn/s: 0.00
[ 32s ] thds: 8 tps: 1069.28 qps: 1069.28 (r/w/o: 0.00/1052.28/17.00) lat (ms,95%): 9.06 err/s: 0.00 reconn/s: 0.00
[ 33s ] thds: 8 tps: 1067.62 qps: 1067.62 (r/w/o: 0.00/1047.62/19.99) lat (ms,95%): 8.90 err/s: 0.00 reconn/s: 0.00
[ 34s ] thds: 8 tps: 1069.95 qps: 1069.95 (r/w/o: 0.00/1043.95/26.00) lat (ms,95%): 8.90 err/s: 0.00 reconn/s: 0.00
[ 35s ] thds: 8 tps: 1067.24 qps: 1067.24 (r/w/o: 0.00/1052.24/15.00) lat (ms,95%): 9.06 err/s: 0.00 reconn/s: 0.00
[ 36s ] thds: 8 tps: 1068.07 qps: 1068.07 (r/w/o: 0.00/1045.07/23.00) lat (ms,95%): 8.90 err/s: 0.00 reconn/s: 0.00
[ 37s ] thds: 8 tps: 1066.86 qps: 1066.86 (r/w/o: 0.00/1049.86/17.00) lat (ms,95%): 8.90 err/s: 0.00 reconn/s: 0.00
[ 38s ] thds: 8 tps: 1070.04 qps: 1070.04 (r/w/o: 0.00/1041.04/29.00) lat (ms,95%): 8.90 err/s: 0.00 reconn/s: 0.00
[ 39s ] thds: 8 tps: 1072.83 qps: 1072.83 (r/w/o: 0.00/1049.83/23.00) lat (ms,95%): 8.90 err/s: 0.00 reconn/s: 0.00
[ 40s ] thds: 8 tps: 1070.34 qps: 1070.34 (r/w/o: 0.00/1049.34/21.01) lat (ms,95%): 9.06 err/s: 0.00 reconn/s: 0.00
[ 41s ] thds: 8 tps: 1077.18 qps: 1077.18 (r/w/o: 0.00/1051.17/26.00) lat (ms,95%): 8.90 err/s: 0.00 reconn/s: 0.00
[ 42s ] thds: 8 tps: 1073.63 qps: 1073.63 (r/w/o: 0.00/1053.63/19.99) lat (ms,95%): 8.90 err/s: 0.00 reconn/s: 0.00
[ 43s ] thds: 8 tps: 1066.38 qps: 1066.38 (r/w/o: 0.00/1042.37/24.01) lat (ms,95%): 9.06 err/s: 0.00 reconn/s: 0.00
[ 44s ] thds: 8 tps: 1062.03 qps: 1062.03 (r/w/o: 0.00/1043.03/19.00) lat (ms,95%): 9.06 err/s: 0.00 reconn/s: 0.00
[ 45s ] thds: 8 tps: 1065.67 qps: 1065.67 (r/w/o: 0.00/1037.67/27.99) lat (ms,95%): 9.06 err/s: 0.00 reconn/s: 0.00
[ 46s ] thds: 8 tps: 1057.98 qps: 1057.98 (r/w/o: 0.00/1032.98/25.00) lat (ms,95%): 8.90 err/s: 0.00 reconn/s: 0.00
[ 47s ] thds: 8 tps: 1058.98 qps: 1058.98 (r/w/o: 0.00/1041.98/17.00) lat (ms,95%): 8.90 err/s: 0.00 reconn/s: 0.00
[ 48s ] thds: 8 tps: 1071.26 qps: 1071.26 (r/w/o: 0.00/1044.25/27.01) lat (ms,95%): 8.90 err/s: 0.00 reconn/s: 0.00
[ 49s ] thds: 8 tps: 1058.72 qps: 1058.72 (r/w/o: 0.00/1039.72/18.99) lat (ms,95%): 8.90 err/s: 0.00 reconn/s: 0.00
[ 50s ] thds: 8 tps: 1061.15 qps: 1061.15 (r/w/o: 0.00/1038.15/23.00) lat (ms,95%): 8.90 err/s: 0.00 reconn/s: 0.00
[ 51s ] thds: 8 tps: 1074.87 qps: 1074.87 (r/w/o: 0.00/1050.87/24.00) lat (ms,95%): 8.90 err/s: 0.00 reconn/s: 0.00
[ 52s ] thds: 8 tps: 1069.72 qps: 1069.72 (r/w/o: 0.00/1042.73/26.99) lat (ms,95%): 9.06 err/s: 0.00 reconn/s: 0.00
[ 53s ] thds: 8 tps: 1074.21 qps: 1074.21 (r/w/o: 0.00/1053.21/21.00) lat (ms,95%): 8.90 err/s: 0.00 reconn/s: 0.00
[ 54s ] thds: 8 tps: 1073.94 qps: 1073.94 (r/w/o: 0.00/1047.94/26.00) lat (ms,95%): 9.06 err/s: 0.00 reconn/s: 0.00
[ 55s ] thds: 8 tps: 1065.91 qps: 1065.91 (r/w/o: 0.00/1049.91/16.00) lat (ms,95%): 9.06 err/s: 0.00 reconn/s: 0.00
[ 56s ] thds: 8 tps: 1070.19 qps: 1070.19 (r/w/o: 0.00/1045.18/25.00) lat (ms,95%): 8.90 err/s: 0.00 reconn/s: 0.00
[ 57s ] thds: 8 tps: 1075.17 qps: 1075.17 (r/w/o: 0.00/1048.16/27.00) lat (ms,95%): 9.06 err/s: 0.00 reconn/s: 0.00
[ 58s ] thds: 8 tps: 1069.77 qps: 1069.77 (r/w/o: 0.00/1046.78/23.00) lat (ms,95%): 8.90 err/s: 0.00 reconn/s: 0.00
[ 59s ] thds: 8 tps: 1074.92 qps: 1074.92 (r/w/o: 0.00/1042.93/32.00) lat (ms,95%): 8.90 err/s: 0.00 reconn/s: 0.00
[ 60s ] thds: 8 tps: 1067.32 qps: 1067.32 (r/w/o: 0.00/1038.31/29.01) lat (ms,95%): 9.06 err/s: 0.00 reconn/s: 0.00
[ 61s ] thds: 8 tps: 1067.69 qps: 1067.69 (r/w/o: 0.00/1053.69/14.00) lat (ms,95%): 9.06 err/s: 0.00 reconn/s: 0.00
[ 62s ] thds: 8 tps: 1079.04 qps: 1079.04 (r/w/o: 0.00/1055.04/24.00) lat (ms,95%): 8.90 err/s: 0.00 reconn/s: 0.00
[ 63s ] thds: 8 tps: 1055.23 qps: 1055.23 (r/w/o: 0.00/1038.22/17.00) lat (ms,95%): 9.22 err/s: 0.00 reconn/s: 0.00
[ 64s ] thds: 8 tps: 1059.19 qps: 1059.19 (r/w/o: 0.00/1037.18/22.00) lat (ms,95%): 9.06 err/s: 0.00 reconn/s: 0.00
[ 65s ] thds: 8 tps: 1050.55 qps: 1050.55 (r/w/o: 0.00/1031.56/18.99) lat (ms,95%): 9.22 err/s: 0.00 reconn/s: 0.00
[ 66s ] thds: 8 tps: 1064.08 qps: 1064.08 (r/w/o: 0.00/1038.07/26.00) lat (ms,95%): 9.06 err/s: 0.00 reconn/s: 0.00
[ 67s ] thds: 8 tps: 1068.07 qps: 1068.07 (r/w/o: 0.00/1043.07/25.00) lat (ms,95%): 8.90 err/s: 0.00 reconn/s: 0.00
[ 68s ] thds: 8 tps: 1074.09 qps: 1074.09 (r/w/o: 0.00/1052.08/22.00) lat (ms,95%): 8.90 err/s: 0.00 reconn/s: 0.00
[ 69s ] thds: 8 tps: 1070.96 qps: 1070.96 (r/w/o: 0.00/1039.96/31.00) lat (ms,95%): 8.90 err/s: 0.00 reconn/s: 0.00
[ 70s ] thds: 8 tps: 1082.00 qps: 1082.00 (r/w/o: 0.00/1061.00/21.00) lat (ms,95%): 8.90 err/s: 0.00 reconn/s: 0.00
[ 71s ] thds: 8 tps: 1070.92 qps: 1070.92 (r/w/o: 0.00/1043.93/27.00) lat (ms,95%): 8.90 err/s: 0.00 reconn/s: 0.00
[ 72s ] thds: 8 tps: 1075.94 qps: 1075.94 (r/w/o: 0.00/1052.94/23.00) lat (ms,95%): 9.06 err/s: 0.00 reconn/s: 0.00
[ 73s ] thds: 8 tps: 1072.19 qps: 1072.19 (r/w/o: 0.00/1043.19/29.01) lat (ms,95%): 9.06 err/s: 0.00 reconn/s: 0.00
[ 74s ] thds: 8 tps: 1070.79 qps: 1070.79 (r/w/o: 0.00/1046.79/24.00) lat (ms,95%): 9.22 err/s: 0.00 reconn/s: 0.00
[ 75s ] thds: 8 tps: 1064.06 qps: 1064.06 (r/w/o: 0.00/1043.06/21.00) lat (ms,95%): 9.06 err/s: 0.00 reconn/s: 0.00
[ 76s ] thds: 8 tps: 1068.07 qps: 1068.07 (r/w/o: 0.00/1048.07/20.00) lat (ms,95%): 9.06 err/s: 0.00 reconn/s: 0.00
[ 77s ] thds: 8 tps: 1065.68 qps: 1065.68 (r/w/o: 0.00/1042.69/22.99) lat (ms,95%): 9.06 err/s: 0.00 reconn/s: 0.00
[ 78s ] thds: 8 tps: 1071.51 qps: 1071.51 (r/w/o: 0.00/1046.50/25.01) lat (ms,95%): 8.90 err/s: 0.00 reconn/s: 0.00
[ 79s ] thds: 8 tps: 1073.59 qps: 1073.59 (r/w/o: 0.00/1049.60/23.99) lat (ms,95%): 8.90 err/s: 0.00 reconn/s: 0.00
[ 80s ] thds: 8 tps: 1069.20 qps: 1069.20 (r/w/o: 0.00/1039.19/30.01) lat (ms,95%): 9.06 err/s: 0.00 reconn/s: 0.00
[ 81s ] thds: 8 tps: 1078.31 qps: 1078.31 (r/w/o: 0.00/1052.31/26.01) lat (ms,95%): 8.90 err/s: 0.00 reconn/s: 0.00
[ 82s ] thds: 8 tps: 1064.72 qps: 1064.72 (r/w/o: 0.00/1047.72/17.00) lat (ms,95%): 9.06 err/s: 0.00 reconn/s: 0.00
[ 83s ] thds: 8 tps: 1083.96 qps: 1083.96 (r/w/o: 0.00/1053.96/30.00) lat (ms,95%): 8.90 err/s: 0.00 reconn/s: 0.00
[ 84s ] thds: 8 tps: 1063.92 qps: 1063.92 (r/w/o: 0.00/1042.92/21.00) lat (ms,95%): 8.90 err/s: 0.00 reconn/s: 0.00
[ 85s ] thds: 8 tps: 1066.19 qps: 1066.19 (r/w/o: 0.00/1046.18/20.00) lat (ms,95%): 9.06 err/s: 0.00 reconn/s: 0.00
[ 86s ] thds: 8 tps: 1065.83 qps: 1065.83 (r/w/o: 0.00/1045.83/20.00) lat (ms,95%): 9.06 err/s: 0.00 reconn/s: 0.00
[ 87s ] thds: 8 tps: 1064.69 qps: 1064.69 (r/w/o: 0.00/1031.70/32.99) lat (ms,95%): 8.90 err/s: 0.00 reconn/s: 0.00
[ 88s ] thds: 8 tps: 1066.45 qps: 1066.45 (r/w/o: 0.00/1040.43/26.01) lat (ms,95%): 8.90 err/s: 0.00 reconn/s: 0.00
[ 89s ] thds: 8 tps: 1066.78 qps: 1066.78 (r/w/o: 0.00/1050.78/16.00) lat (ms,95%): 8.90 err/s: 0.00 reconn/s: 0.00
[ 90s ] thds: 8 tps: 1072.16 qps: 1072.16 (r/w/o: 0.00/1054.15/18.00) lat (ms,95%): 8.90 err/s: 0.00 reconn/s: 0.00
[ 91s ] thds: 8 tps: 1076.80 qps: 1076.80 (r/w/o: 0.00/1051.81/25.00) lat (ms,95%): 8.90 err/s: 0.00 reconn/s: 0.00
[ 92s ] thds: 8 tps: 1067.80 qps: 1067.80 (r/w/o: 0.00/1038.81/28.99) lat (ms,95%): 9.06 err/s: 0.00 reconn/s: 0.00
[ 93s ] thds: 8 tps: 1060.09 qps: 1060.09 (r/w/o: 0.00/1032.09/28.00) lat (ms,95%): 9.22 err/s: 0.00 reconn/s: 0.00
[ 94s ] thds: 8 tps: 1063.08 qps: 1063.08 (r/w/o: 0.00/1034.08/29.00) lat (ms,95%): 9.06 err/s: 0.00 reconn/s: 0.00
[ 95s ] thds: 8 tps: 1066.22 qps: 1066.22 (r/w/o: 0.00/1042.22/24.01) lat (ms,95%): 8.90 err/s: 0.00 reconn/s: 0.00
[ 96s ] thds: 8 tps: 1061.95 qps: 1061.95 (r/w/o: 0.00/1034.95/27.00) lat (ms,95%): 9.06 err/s: 0.00 reconn/s: 0.00
[ 97s ] thds: 8 tps: 1062.05 qps: 1062.05 (r/w/o: 0.00/1040.05/22.00) lat (ms,95%): 9.06 err/s: 0.00 reconn/s: 0.00
[ 98s ] thds: 8 tps: 1068.03 qps: 1068.03 (r/w/o: 0.00/1047.03/21.00) lat (ms,95%): 9.06 err/s: 0.00 reconn/s: 0.00
[ 99s ] thds: 8 tps: 1071.89 qps: 1071.89 (r/w/o: 0.00/1052.89/19.00) lat (ms,95%): 8.90 err/s: 0.00 reconn/s: 0.00
[ 100s ] thds: 8 tps: 1053.94 qps: 1053.94 (r/w/o: 0.00/1029.94/24.00) lat (ms,95%): 9.22 err/s: 0.00 reconn/s: 0.00
[ 101s ] thds: 8 tps: 1061.46 qps: 1061.46 (r/w/o: 0.00/1042.45/19.01) lat (ms,95%): 9.22 err/s: 0.00 reconn/s: 0.00
[ 102s ] thds: 8 tps: 1063.56 qps: 1063.56 (r/w/o: 0.00/1041.57/21.99) lat (ms,95%): 9.06 err/s: 0.00 reconn/s: 0.00
[ 103s ] thds: 8 tps: 1060.95 qps: 1060.95 (r/w/o: 0.00/1034.95/26.00) lat (ms,95%): 9.06 err/s: 0.00 reconn/s: 0.00
[ 104s ] thds: 8 tps: 1053.99 qps: 1053.99 (r/w/o: 0.00/1035.99/18.00) lat (ms,95%): 9.22 err/s: 0.00 reconn/s: 0.00
[ 105s ] thds: 8 tps: 1058.05 qps: 1058.05 (r/w/o: 0.00/1034.05/24.00) lat (ms,95%): 9.06 err/s: 0.00 reconn/s: 0.00
[ 106s ] thds: 8 tps: 1064.09 qps: 1064.09 (r/w/o: 0.00/1047.09/17.00) lat (ms,95%): 9.06 err/s: 0.00 reconn/s: 0.00
[ 107s ] thds: 8 tps: 1066.42 qps: 1066.42 (r/w/o: 0.00/1040.41/26.01) lat (ms,95%): 9.06 err/s: 0.00 reconn/s: 0.00
[ 108s ] thds: 8 tps: 1067.49 qps: 1067.49 (r/w/o: 0.00/1049.49/17.99) lat (ms,95%): 9.06 err/s: 0.00 reconn/s: 0.00
[ 109s ] thds: 8 tps: 1065.09 qps: 1065.09 (r/w/o: 0.00/1043.08/22.00) lat (ms,95%): 8.90 err/s: 0.00 reconn/s: 0.00
[ 110s ] thds: 8 tps: 1069.00 qps: 1069.00 (r/w/o: 0.00/1040.00/29.00) lat (ms,95%): 8.90 err/s: 0.00 reconn/s: 0.00
[ 111s ] thds: 8 tps: 1068.97 qps: 1068.97 (r/w/o: 0.00/1043.97/25.00) lat (ms,95%): 9.06 err/s: 0.00 reconn/s: 0.00
[ 112s ] thds: 8 tps: 1059.92 qps: 1059.92 (r/w/o: 0.00/1042.92/17.00) lat (ms,95%): 9.06 err/s: 0.00 reconn/s: 0.00
[ 113s ] thds: 8 tps: 1062.56 qps: 1062.56 (r/w/o: 0.00/1043.55/19.01) lat (ms,95%): 8.90 err/s: 0.00 reconn/s: 0.00
[ 114s ] thds: 8 tps: 1070.59 qps: 1070.59 (r/w/o: 0.00/1046.60/23.99) lat (ms,95%): 8.90 err/s: 0.00 reconn/s: 0.00
[ 115s ] thds: 8 tps: 1061.92 qps: 1061.92 (r/w/o: 0.00/1037.92/24.00) lat (ms,95%): 8.90 err/s: 0.00 reconn/s: 0.00
[ 116s ] thds: 8 tps: 1065.03 qps: 1065.03 (r/w/o: 0.00/1040.03/25.00) lat (ms,95%): 8.90 err/s: 0.00 reconn/s: 0.00
[ 117s ] thds: 8 tps: 1068.85 qps: 1068.85 (r/w/o: 0.00/1042.86/26.00) lat (ms,95%): 8.90 err/s: 0.00 reconn/s: 0.00
[ 118s ] thds: 8 tps: 1071.19 qps: 1071.19 (r/w/o: 0.00/1043.19/28.00) lat (ms,95%): 8.90 err/s: 0.00 reconn/s: 0.00
[ 119s ] thds: 8 tps: 1066.99 qps: 1066.99 (r/w/o: 0.00/1043.99/23.00) lat (ms,95%): 8.90 err/s: 0.00 reconn/s: 0.00
[ 120s ] thds: 8 tps: 1079.97 qps: 1079.97 (r/w/o: 0.00/1059.97/20.00) lat (ms,95%): 8.74 err/s: 0.00 reconn/s: 0.00
[ 121s ] thds: 8 tps: 1060.90 qps: 1060.90 (r/w/o: 0.00/1034.90/26.00) lat (ms,95%): 8.90 err/s: 0.00 reconn/s: 0.00
[ 122s ] thds: 8 tps: 1072.12 qps: 1072.12 (r/w/o: 0.00/1041.12/31.00) lat (ms,95%): 8.90 err/s: 0.00 reconn/s: 0.00
[ 123s ] thds: 8 tps: 1066.92 qps: 1066.92 (r/w/o: 0.00/1035.93/31.00) lat (ms,95%): 8.90 err/s: 0.00 reconn/s: 0.00
[ 124s ] thds: 8 tps: 1070.96 qps: 1070.96 (r/w/o: 0.00/1046.96/24.00) lat (ms,95%): 8.90 err/s: 0.00 reconn/s: 0.00
[ 125s ] thds: 8 tps: 1069.95 qps: 1069.95 (r/w/o: 0.00/1046.95/23.00) lat (ms,95%): 8.90 err/s: 0.00 reconn/s: 0.00
[ 126s ] thds: 8 tps: 1073.13 qps: 1073.13 (r/w/o: 0.00/1052.13/21.00) lat (ms,95%): 8.90 err/s: 0.00 reconn/s: 0.00
[ 127s ] thds: 8 tps: 1067.95 qps: 1067.95 (r/w/o: 0.00/1053.95/14.00) lat (ms,95%): 8.90 err/s: 0.00 reconn/s: 0.00
[ 128s ] thds: 8 tps: 1077.06 qps: 1077.06 (r/w/o: 0.00/1050.06/27.00) lat (ms,95%): 8.90 err/s: 0.00 reconn/s: 0.00
[ 129s ] thds: 8 tps: 1074.88 qps: 1074.88 (r/w/o: 0.00/1053.88/21.00) lat (ms,95%): 8.90 err/s: 0.00 reconn/s: 0.00
[ 130s ] thds: 8 tps: 1076.69 qps: 1076.69 (r/w/o: 0.00/1054.68/22.01) lat (ms,95%): 8.90 err/s: 0.00 reconn/s: 0.00
[ 131s ] thds: 8 tps: 1073.94 qps: 1073.94 (r/w/o: 0.00/1047.94/26.00) lat (ms,95%): 8.90 err/s: 0.00 reconn/s: 0.00
[ 132s ] thds: 8 tps: 1067.11 qps: 1067.11 (r/w/o: 0.00/1050.12/16.99) lat (ms,95%): 8.90 err/s: 0.00 reconn/s: 0.00
[ 133s ] thds: 8 tps: 1074.95 qps: 1074.95 (r/w/o: 0.00/1046.93/28.02) lat (ms,95%): 8.90 err/s: 0.00 reconn/s: 0.00
[ 134s ] thds: 8 tps: 1064.37 qps: 1064.37 (r/w/o: 0.00/1030.39/33.98) lat (ms,95%): 9.06 err/s: 0.00 reconn/s: 0.00
[ 135s ] thds: 8 tps: 1072.37 qps: 1072.37 (r/w/o: 0.00/1051.36/21.01) lat (ms,95%): 8.90 err/s: 0.00 reconn/s: 0.00
[ 136s ] thds: 8 tps: 1063.72 qps: 1063.72 (r/w/o: 0.00/1041.73/21.99) lat (ms,95%): 8.90 err/s: 0.00 reconn/s: 0.00
[ 137s ] thds: 8 tps: 1062.72 qps: 1062.72 (r/w/o: 0.00/1036.73/25.99) lat (ms,95%): 8.90 err/s: 0.00 reconn/s: 0.00
[ 138s ] thds: 8 tps: 1065.91 qps: 1065.91 (r/w/o: 0.00/1047.91/18.00) lat (ms,95%): 8.90 err/s: 0.00 reconn/s: 0.00
[ 139s ] thds: 8 tps: 1071.29 qps: 1071.29 (r/w/o: 0.00/1045.28/26.01) lat (ms,95%): 8.90 err/s: 0.00 reconn/s: 0.00
[ 140s ] thds: 8 tps: 1078.81 qps: 1078.81 (r/w/o: 0.00/1055.82/23.00) lat (ms,95%): 8.90 err/s: 0.00 reconn/s: 0.00
[ 141s ] thds: 8 tps: 1077.95 qps: 1077.95 (r/w/o: 0.00/1055.95/22.00) lat (ms,95%): 8.74 err/s: 0.00 reconn/s: 0.00
[ 142s ] thds: 8 tps: 1069.22 qps: 1069.22 (r/w/o: 0.00/1043.21/26.01) lat (ms,95%): 8.90 err/s: 0.00 reconn/s: 0.00
[ 143s ] thds: 8 tps: 1066.86 qps: 1066.86 (r/w/o: 0.00/1040.86/26.00) lat (ms,95%): 8.90 err/s: 0.00 reconn/s: 0.00
[ 144s ] thds: 8 tps: 1074.11 qps: 1074.11 (r/w/o: 0.00/1053.11/21.00) lat (ms,95%): 8.90 err/s: 0.00 reconn/s: 0.00
[ 145s ] thds: 8 tps: 1077.60 qps: 1077.60 (r/w/o: 0.00/1060.59/17.01) lat (ms,95%): 8.90 err/s: 0.00 reconn/s: 0.00
[ 146s ] thds: 8 tps: 1075.43 qps: 1075.43 (r/w/o: 0.00/1052.44/22.99) lat (ms,95%): 8.90 err/s: 0.00 reconn/s: 0.00
[ 147s ] thds: 8 tps: 1075.98 qps: 1075.98 (r/w/o: 0.00/1049.98/26.00) lat (ms,95%): 8.90 err/s: 0.00 reconn/s: 0.00
[ 148s ] thds: 8 tps: 1082.01 qps: 1082.01 (r/w/o: 0.00/1055.01/27.00) lat (ms,95%): 8.74 err/s: 0.00 reconn/s: 0.00
[ 149s ] thds: 8 tps: 1084.10 qps: 1084.10 (r/w/o: 0.00/1064.09/20.00) lat (ms,95%): 8.74 err/s: 0.00 reconn/s: 0.00
[ 150s ] thds: 8 tps: 1073.40 qps: 1073.40 (r/w/o: 0.00/1050.39/23.01) lat (ms,95%): 8.90 err/s: 0.00 reconn/s: 0.00
[ 151s ] thds: 8 tps: 1079.45 qps: 1079.45 (r/w/o: 0.00/1058.46/20.99) lat (ms,95%): 8.90 err/s: 0.00 reconn/s: 0.00
[ 152s ] thds: 8 tps: 1077.08 qps: 1077.08 (r/w/o: 0.00/1043.07/34.00) lat (ms,95%): 8.90 err/s: 0.00 reconn/s: 0.00
[ 153s ] thds: 8 tps: 1080.90 qps: 1080.90 (r/w/o: 0.00/1056.91/24.00) lat (ms,95%): 8.90 err/s: 0.00 reconn/s: 0.00
[ 154s ] thds: 8 tps: 1074.13 qps: 1074.13 (r/w/o: 0.00/1052.13/22.00) lat (ms,95%): 8.90 err/s: 0.00 reconn/s: 0.00
[ 155s ] thds: 8 tps: 1079.55 qps: 1079.55 (r/w/o: 0.00/1059.54/20.01) lat (ms,95%): 8.90 err/s: 0.00 reconn/s: 0.00
[ 156s ] thds: 8 tps: 1079.13 qps: 1079.13 (r/w/o: 0.00/1050.16/28.98) lat (ms,95%): 8.74 err/s: 0.00 reconn/s: 0.00
[ 157s ] thds: 8 tps: 1073.20 qps: 1073.20 (r/w/o: 0.00/1051.20/22.00) lat (ms,95%): 8.90 err/s: 0.00 reconn/s: 0.00
[ 158s ] thds: 8 tps: 1065.78 qps: 1065.78 (r/w/o: 0.00/1033.79/31.99) lat (ms,95%): 8.90 err/s: 0.00 reconn/s: 0.00
[ 159s ] thds: 8 tps: 1073.23 qps: 1073.23 (r/w/o: 0.00/1046.22/27.01) lat (ms,95%): 8.90 err/s: 0.00 reconn/s: 0.00
[ 160s ] thds: 8 tps: 1083.82 qps: 1083.82 (r/w/o: 0.00/1064.82/19.00) lat (ms,95%): 8.74 err/s: 0.00 reconn/s: 0.00
[ 161s ] thds: 8 tps: 1075.90 qps: 1075.90 (r/w/o: 0.00/1050.91/25.00) lat (ms,95%): 8.90 err/s: 0.00 reconn/s: 0.00
[ 162s ] thds: 8 tps: 1078.51 qps: 1078.51 (r/w/o: 0.00/1049.50/29.01) lat (ms,95%): 8.74 err/s: 0.00 reconn/s: 0.00
[ 163s ] thds: 8 tps: 1073.42 qps: 1073.42 (r/w/o: 0.00/1051.41/22.01) lat (ms,95%): 8.74 err/s: 0.00 reconn/s: 0.00
[ 164s ] thds: 8 tps: 1076.91 qps: 1076.91 (r/w/o: 0.00/1049.91/27.00) lat (ms,95%): 8.74 err/s: 0.00 reconn/s: 0.00
[ 165s ] thds: 8 tps: 1074.65 qps: 1074.65 (r/w/o: 0.00/1056.65/17.99) lat (ms,95%): 8.90 err/s: 0.00 reconn/s: 0.00
[ 166s ] thds: 8 tps: 1071.81 qps: 1071.81 (r/w/o: 0.00/1047.81/24.00) lat (ms,95%): 8.74 err/s: 0.00 reconn/s: 0.00
[ 167s ] thds: 8 tps: 1081.81 qps: 1081.81 (r/w/o: 0.00/1055.82/26.00) lat (ms,95%): 8.74 err/s: 0.00 reconn/s: 0.00
[ 168s ] thds: 8 tps: 1082.66 qps: 1082.66 (r/w/o: 0.00/1069.66/13.01) lat (ms,95%): 8.90 err/s: 0.00 reconn/s: 0.00
[ 169s ] thds: 8 tps: 1077.04 qps: 1077.04 (r/w/o: 0.00/1056.04/21.00) lat (ms,95%): 8.90 err/s: 0.00 reconn/s: 0.00
[ 170s ] thds: 8 tps: 1072.52 qps: 1072.52 (r/w/o: 0.00/1049.53/22.99) lat (ms,95%): 8.90 err/s: 0.00 reconn/s: 0.00
[ 171s ] thds: 8 tps: 1076.97 qps: 1076.97 (r/w/o: 0.00/1047.97/29.00) lat (ms,95%): 8.90 err/s: 0.00 reconn/s: 0.00
[ 172s ] thds: 8 tps: 1082.73 qps: 1082.73 (r/w/o: 0.00/1056.71/26.02) lat (ms,95%): 8.74 err/s: 0.00 reconn/s: 0.00
[ 173s ] thds: 8 tps: 1086.17 qps: 1086.17 (r/w/o: 0.00/1068.19/17.99) lat (ms,95%): 8.74 err/s: 0.00 reconn/s: 0.00
[ 174s ] thds: 8 tps: 1080.56 qps: 1080.56 (r/w/o: 0.00/1056.54/24.01) lat (ms,95%): 8.74 err/s: 0.00 reconn/s: 0.00
[ 175s ] thds: 8 tps: 1068.04 qps: 1068.04 (r/w/o: 0.00/1043.04/25.00) lat (ms,95%): 8.90 err/s: 0.00 reconn/s: 0.00
[ 176s ] thds: 8 tps: 1070.37 qps: 1070.37 (r/w/o: 0.00/1043.38/26.98) lat (ms,95%): 8.90 err/s: 0.00 reconn/s: 0.00
[ 177s ] thds: 8 tps: 1073.08 qps: 1073.08 (r/w/o: 0.00/1058.08/15.00) lat (ms,95%): 8.74 err/s: 0.00 reconn/s: 0.00
[ 178s ] thds: 8 tps: 1083.74 qps: 1083.74 (r/w/o: 0.00/1053.72/30.02) lat (ms,95%): 8.90 err/s: 0.00 reconn/s: 0.00
[ 179s ] thds: 8 tps: 1081.28 qps: 1081.28 (r/w/o: 0.00/1053.30/27.98) lat (ms,95%): 8.74 err/s: 0.00 reconn/s: 0.00
[ 180s ] thds: 8 tps: 1077.69 qps: 1077.69 (r/w/o: 0.00/1051.70/25.99) lat (ms,95%): 8.90 err/s: 0.00 reconn/s: 0.00
[ 181s ] thds: 8 tps: 1079.82 qps: 1079.82 (r/w/o: 0.00/1061.80/18.01) lat (ms,95%): 8.90 err/s: 0.00 reconn/s: 0.00
[ 182s ] thds: 8 tps: 1077.53 qps: 1077.53 (r/w/o: 0.00/1053.54/23.99) lat (ms,95%): 8.74 err/s: 0.00 reconn/s: 0.00
[ 183s ] thds: 8 tps: 1073.98 qps: 1073.98 (r/w/o: 0.00/1048.98/25.00) lat (ms,95%): 8.90 err/s: 0.00 reconn/s: 0.00
[ 184s ] thds: 8 tps: 1086.69 qps: 1086.69 (r/w/o: 0.00/1060.67/26.02) lat (ms,95%): 8.74 err/s: 0.00 reconn/s: 0.00
[ 185s ] thds: 8 tps: 1084.96 qps: 1084.96 (r/w/o: 0.00/1054.96/30.00) lat (ms,95%): 8.90 err/s: 0.00 reconn/s: 0.00
[ 186s ] thds: 8 tps: 1082.36 qps: 1082.36 (r/w/o: 0.00/1057.38/24.99) lat (ms,95%): 8.90 err/s: 0.00 reconn/s: 0.00
[ 187s ] thds: 8 tps: 1084.71 qps: 1084.71 (r/w/o: 0.00/1058.72/25.99) lat (ms,95%): 8.74 err/s: 0.00 reconn/s: 0.00
[ 188s ] thds: 8 tps: 1088.26 qps: 1088.26 (r/w/o: 0.00/1059.25/29.01) lat (ms,95%): 8.74 err/s: 0.00 reconn/s: 0.00
[ 189s ] thds: 8 tps: 1084.54 qps: 1084.54 (r/w/o: 0.00/1062.53/22.01) lat (ms,95%): 8.74 err/s: 0.00 reconn/s: 0.00
[ 190s ] thds: 8 tps: 1086.89 qps: 1086.89 (r/w/o: 0.00/1062.90/24.00) lat (ms,95%): 8.74 err/s: 0.00 reconn/s: 0.00
[ 191s ] thds: 8 tps: 1077.21 qps: 1077.21 (r/w/o: 0.00/1061.20/16.00) lat (ms,95%): 8.74 err/s: 0.00 reconn/s: 0.00
[ 192s ] thds: 8 tps: 1075.01 qps: 1075.01 (r/w/o: 0.00/1054.01/21.00) lat (ms,95%): 8.90 err/s: 0.00 reconn/s: 0.00
[ 193s ] thds: 8 tps: 1082.06 qps: 1082.06 (r/w/o: 0.00/1056.08/25.98) lat (ms,95%): 8.74 err/s: 0.00 reconn/s: 0.00
[ 194s ] thds: 8 tps: 1078.23 qps: 1078.23 (r/w/o: 0.00/1053.23/25.01) lat (ms,95%): 8.74 err/s: 0.00 reconn/s: 0.00
[ 195s ] thds: 8 tps: 1088.18 qps: 1088.18 (r/w/o: 0.00/1072.17/16.00) lat (ms,95%): 8.74 err/s: 0.00 reconn/s: 0.00
[ 196s ] thds: 8 tps: 1077.12 qps: 1077.12 (r/w/o: 0.00/1058.12/19.00) lat (ms,95%): 8.74 err/s: 0.00 reconn/s: 0.00
[ 197s ] thds: 8 tps: 1087.46 qps: 1087.46 (r/w/o: 0.00/1065.45/22.01) lat (ms,95%): 8.74 err/s: 0.00 reconn/s: 0.00
[ 198s ] thds: 8 tps: 1076.97 qps: 1076.97 (r/w/o: 0.00/1047.00/29.97) lat (ms,95%): 8.74 err/s: 0.00 reconn/s: 0.00
[ 199s ] thds: 8 tps: 1090.05 qps: 1090.05 (r/w/o: 0.00/1073.03/17.02) lat (ms,95%): 8.74 err/s: 0.00 reconn/s: 0.00
[ 200s ] thds: 8 tps: 1077.82 qps: 1077.82 (r/w/o: 0.00/1054.83/23.00) lat (ms,95%): 8.74 err/s: 0.00 reconn/s: 0.00
[ 201s ] thds: 8 tps: 1080.98 qps: 1080.98 (r/w/o: 0.00/1055.98/25.00) lat (ms,95%): 8.74 err/s: 0.00 reconn/s: 0.00
[ 202s ] thds: 8 tps: 1078.49 qps: 1078.49 (r/w/o: 0.00/1056.50/21.99) lat (ms,95%): 8.74 err/s: 0.00 reconn/s: 0.00
[ 203s ] thds: 8 tps: 1084.63 qps: 1084.63 (r/w/o: 0.00/1065.64/18.99) lat (ms,95%): 8.74 err/s: 0.00 reconn/s: 0.00
[ 204s ] thds: 8 tps: 1087.99 qps: 1087.99 (r/w/o: 0.00/1068.97/19.02) lat (ms,95%): 8.74 err/s: 0.00 reconn/s: 0.00
[ 205s ] thds: 8 tps: 1086.97 qps: 1086.97 (r/w/o: 0.00/1059.97/27.00) lat (ms,95%): 8.74 err/s: 0.00 reconn/s: 0.00
[ 206s ] thds: 8 tps: 1086.91 qps: 1086.91 (r/w/o: 0.00/1055.91/31.00) lat (ms,95%): 8.74 err/s: 0.00 reconn/s: 0.00
[ 207s ] thds: 8 tps: 1088.82 qps: 1088.82 (r/w/o: 0.00/1063.83/25.00) lat (ms,95%): 8.74 err/s: 0.00 reconn/s: 0.00
[ 208s ] thds: 8 tps: 1090.37 qps: 1090.37 (r/w/o: 0.00/1066.39/23.99) lat (ms,95%): 8.74 err/s: 0.00 reconn/s: 0.00
[ 209s ] thds: 8 tps: 1091.03 qps: 1091.03 (r/w/o: 0.00/1068.03/23.00) lat (ms,95%): 8.74 err/s: 0.00 reconn/s: 0.00
[ 210s ] thds: 8 tps: 1080.68 qps: 1080.68 (r/w/o: 0.00/1058.67/22.01) lat (ms,95%): 8.74 err/s: 0.00 reconn/s: 0.00
[ 211s ] thds: 8 tps: 1078.15 qps: 1078.15 (r/w/o: 0.00/1054.17/23.98) lat (ms,95%): 8.74 err/s: 0.00 reconn/s: 0.00
[ 212s ] thds: 8 tps: 1090.93 qps: 1090.93 (r/w/o: 0.00/1071.92/19.02) lat (ms,95%): 8.74 err/s: 0.00 reconn/s: 0.00
[ 213s ] thds: 8 tps: 1088.48 qps: 1088.48 (r/w/o: 0.00/1062.50/25.99) lat (ms,95%): 8.74 err/s: 0.00 reconn/s: 0.00
[ 214s ] thds: 8 tps: 1093.39 qps: 1093.39 (r/w/o: 0.00/1075.39/18.01) lat (ms,95%): 8.74 err/s: 0.00 reconn/s: 0.00
[ 215s ] thds: 8 tps: 1073.53 qps: 1073.53 (r/w/o: 0.00/1045.55/27.99) lat (ms,95%): 8.74 err/s: 0.00 reconn/s: 0.00
[ 216s ] thds: 8 tps: 1088.55 qps: 1088.55 (r/w/o: 0.00/1063.54/25.01) lat (ms,95%): 8.74 err/s: 0.00 reconn/s: 0.00
[ 217s ] thds: 8 tps: 1083.02 qps: 1083.02 (r/w/o: 0.00/1065.02/18.00) lat (ms,95%): 8.74 err/s: 0.00 reconn/s: 0.00
[ 218s ] thds: 8 tps: 1069.17 qps: 1069.17 (r/w/o: 0.00/1048.19/20.98) lat (ms,95%): 8.74 err/s: 0.00 reconn/s: 0.00
[ 219s ] thds: 8 tps: 1087.06 qps: 1087.06 (r/w/o: 0.00/1070.06/17.00) lat (ms,95%): 8.74 err/s: 0.00 reconn/s: 0.00
[ 220s ] thds: 8 tps: 1092.02 qps: 1092.02 (r/w/o: 0.00/1072.02/20.00) lat (ms,95%): 8.74 err/s: 0.00 reconn/s: 0.00
[ 221s ] thds: 8 tps: 1086.94 qps: 1086.94 (r/w/o: 0.00/1064.94/22.00) lat (ms,95%): 8.74 err/s: 0.00 reconn/s: 0.00
[ 222s ] thds: 8 tps: 1085.80 qps: 1085.80 (r/w/o: 0.00/1063.78/22.02) lat (ms,95%): 8.58 err/s: 0.00 reconn/s: 0.00
[ 223s ] thds: 8 tps: 1089.13 qps: 1089.13 (r/w/o: 0.00/1058.13/31.00) lat (ms,95%): 8.74 err/s: 0.00 reconn/s: 0.00
[ 224s ] thds: 8 tps: 1084.28 qps: 1084.28 (r/w/o: 0.00/1055.30/28.98) lat (ms,95%): 8.74 err/s: 0.00 reconn/s: 0.00
[ 225s ] thds: 8 tps: 1092.80 qps: 1092.80 (r/w/o: 0.00/1072.79/20.01) lat (ms,95%): 8.74 err/s: 0.00 reconn/s: 0.00
[ 226s ] thds: 8 tps: 1087.08 qps: 1087.08 (r/w/o: 0.00/1067.09/19.98) lat (ms,95%): 8.74 err/s: 0.00 reconn/s: 0.00
[ 227s ] thds: 8 tps: 1093.08 qps: 1093.08 (r/w/o: 0.00/1069.08/24.00) lat (ms,95%): 8.74 err/s: 0.00 reconn/s: 0.00
[ 228s ] thds: 8 tps: 1095.79 qps: 1095.79 (r/w/o: 0.00/1072.78/23.02) lat (ms,95%): 8.58 err/s: 0.00 reconn/s: 0.00
[ 229s ] thds: 8 tps: 1083.32 qps: 1083.32 (r/w/o: 0.00/1063.34/19.99) lat (ms,95%): 8.74 err/s: 0.00 reconn/s: 0.00
[ 230s ] thds: 8 tps: 1087.73 qps: 1087.73 (r/w/o: 0.00/1057.71/30.02) lat (ms,95%): 8.74 err/s: 0.00 reconn/s: 0.00
[ 231s ] thds: 8 tps: 1090.82 qps: 1090.82 (r/w/o: 0.00/1061.83/29.00) lat (ms,95%): 8.58 err/s: 0.00 reconn/s: 0.00
[ 232s ] thds: 8 tps: 1090.16 qps: 1090.16 (r/w/o: 0.00/1070.17/19.98) lat (ms,95%): 8.74 err/s: 0.00 reconn/s: 0.00
[ 233s ] thds: 8 tps: 1090.99 qps: 1090.99 (r/w/o: 0.00/1071.99/19.00) lat (ms,95%): 8.58 err/s: 0.00 reconn/s: 0.00
[ 234s ] thds: 8 tps: 1088.97 qps: 1088.97 (r/w/o: 0.00/1069.95/19.02) lat (ms,95%): 8.74 err/s: 0.00 reconn/s: 0.00
[ 235s ] thds: 8 tps: 1085.01 qps: 1085.01 (r/w/o: 0.00/1062.01/23.00) lat (ms,95%): 8.58 err/s: 0.00 reconn/s: 0.00
[ 236s ] thds: 8 tps: 1071.09 qps: 1071.09 (r/w/o: 0.00/1038.12/32.97) lat (ms,95%): 8.90 err/s: 0.00 reconn/s: 0.00
[ 237s ] thds: 8 tps: 1086.58 qps: 1086.58 (r/w/o: 0.00/1064.57/22.01) lat (ms,95%): 8.74 err/s: 0.00 reconn/s: 0.00
[ 238s ] thds: 8 tps: 1088.14 qps: 1088.14 (r/w/o: 0.00/1062.14/26.00) lat (ms,95%): 8.58 err/s: 0.00 reconn/s: 0.00
[ 239s ] thds: 8 tps: 1085.24 qps: 1085.24 (r/w/o: 0.00/1061.25/23.98) lat (ms,95%): 8.58 err/s: 0.00 reconn/s: 0.00
[ 240s ] thds: 8 tps: 1086.78 qps: 1086.78 (r/w/o: 0.00/1054.76/32.02) lat (ms,95%): 8.58 err/s: 0.00 reconn/s: 0.00
Latency histogram (values are in milliseconds)
       value  ------------- distribution ------------- count
       4.252 |                                         1
       4.329 |                                         3
       4.407 |                                         2
       4.487 |                                         1
       4.569 |                                         2
       4.652 |                                         7
       4.737 |                                         23
       4.823 |                                         39
       4.910 |                                         44
       4.999 |                                         58
       5.090 |                                         68
       5.183 |                                         153
       5.277 |                                         246
       5.373 |                                         260
       5.470 |                                         242
       5.570 |*                                        343
       5.671 |*                                        654
       5.774 |**                                       1476
       5.879 |****                                     2599
       5.986 |*****                                    3098
       6.095 |*****                                    3357
       6.205 |*********                                6014
       6.318 |******************                       11972
       6.433 |***************                          10175
       6.550 |***********                              7221
       6.669 |************                             7818
       6.790 |**************                           9639
       6.913 |*****************                        11406
       7.039 |****************                         10870
       7.167 |*****************                        11238
       7.297 |********************************         21805
       7.430 |**************************************** 27050
       7.565 |**********************                   14878
       7.702 |******************                       11968
       7.842 |********************                     13352
       7.985 |****************                         10941
       8.130 |*************                            8722
       8.277 |*************                            8534
       8.428 |********************                     13257
       8.581 |***********                              7770
       8.737 |*********                                5863
       8.895 |*******                                  4539
       9.057 |***                                      2210
       9.222 |**                                       1475
       9.389 |**                                       1665
       9.560 |***                                      1798
       9.734 |*                                        913
       9.910 |*                                        772
      10.090 |*                                        362
      10.274 |                                         216
      10.460 |                                         216
      10.651 |                                         227
      10.844 |                                         107
      11.041 |                                         72
      11.242 |                                         45
      11.446 |                                         26
      11.654 |                                         20
      11.866 |                                         10
      12.081 |                                         12
      12.301 |                                         10
      12.524 |                                         8
      12.752 |                                         5
      12.984 |                                         6
      13.219 |                                         6
      13.460 |                                         5
      13.704 |                                         4
      13.953 |                                         3
      14.465 |                                         1
      14.728 |                                         1
      14.995 |                                         4
      15.268 |                                         2
      15.545 |                                         1
      16.408 |                                         1
      17.010 |                                         1
      26.681 |                                         1
 
SQL statistics:
    queries performed:
        read:                            0
        write:                           252271
        other:                           5643
        total:                           257914
    transactions:                        257914 (1074.60 per sec.)
    queries:                             257914 (1074.60 per sec.)
    ignored errors:                      0      (0.00 per sec.)
    reconnects:                          0      (0.00 per sec.)

Throughput:
    events/s (eps):                      1074.5961
    time elapsed:                        240.0111s
    total number of events:              257914

Latency (ms):
         min:                                    4.26
         avg:                                    7.44
         max:                                   26.64
         95th percentile:                        8.90
         sum:                              1919606.18

Threads fairness:
    events (avg/stddev):           32238.8750/2346.80
    execution time (avg/stddev):   239.9508/0.01

