sysbench 1.1.0-3ceba0b (using bundled LuaJIT 2.1.0-beta3)

Running the test with following options:
Number of threads: 64
Warmup time: 60s
Report intermediate results every 1 second(s)
Initializing random number generator from current time


Initializing worker threads...

Threads started!

Warming up for 60 seconds...

[ 1s ] thds: 64 tps: 18431.43 qps: 18431.44 (r/w/o: 18431.44/0.00/0.00) lat (ms,95%): 5.88 err/s: 0.00 reconn/s: 0.00
[ 2s ] thds: 64 tps: 18674.53 qps: 18673.53 (r/w/o: 18673.53/0.00/0.00) lat (ms,95%): 6.21 err/s: 0.00 reconn/s: 0.00
[ 3s ] thds: 64 tps: 18912.19 qps: 18912.19 (r/w/o: 18912.19/0.00/0.00) lat (ms,95%): 6.09 err/s: 0.00 reconn/s: 0.00
[ 4s ] thds: 64 tps: 18637.57 qps: 18637.57 (r/w/o: 18637.57/0.00/0.00) lat (ms,95%): 6.21 err/s: 0.00 reconn/s: 0.00
[ 5s ] thds: 64 tps: 18914.00 qps: 18914.00 (r/w/o: 18914.00/0.00/0.00) lat (ms,95%): 6.09 err/s: 0.00 reconn/s: 0.00
[ 6s ] thds: 64 tps: 18761.02 qps: 18761.02 (r/w/o: 18761.02/0.00/0.00) lat (ms,95%): 6.21 err/s: 0.00 reconn/s: 0.00
[ 7s ] thds: 64 tps: 18992.88 qps: 18992.88 (r/w/o: 18992.88/0.00/0.00) lat (ms,95%): 5.99 err/s: 0.00 reconn/s: 0.00
[ 8s ] thds: 64 tps: 18942.36 qps: 18943.36 (r/w/o: 18943.36/0.00/0.00) lat (ms,95%): 5.88 err/s: 0.00 reconn/s: 0.00
[ 9s ] thds: 64 tps: 19189.05 qps: 19188.05 (r/w/o: 19188.05/0.00/0.00) lat (ms,95%): 5.88 err/s: 0.00 reconn/s: 0.00
[ 10s ] thds: 64 tps: 18987.89 qps: 18987.89 (r/w/o: 18987.89/0.00/0.00) lat (ms,95%): 5.99 err/s: 0.00 reconn/s: 0.00
[ 11s ] thds: 64 tps: 19120.75 qps: 19120.75 (r/w/o: 19120.75/0.00/0.00) lat (ms,95%): 5.88 err/s: 0.00 reconn/s: 0.00
[ 12s ] thds: 64 tps: 19124.63 qps: 19124.63 (r/w/o: 19124.63/0.00/0.00) lat (ms,95%): 5.99 err/s: 0.00 reconn/s: 0.00
[ 13s ] thds: 64 tps: 18829.85 qps: 18829.85 (r/w/o: 18829.85/0.00/0.00) lat (ms,95%): 6.09 err/s: 0.00 reconn/s: 0.00
[ 14s ] thds: 64 tps: 18946.69 qps: 18946.69 (r/w/o: 18946.69/0.00/0.00) lat (ms,95%): 5.99 err/s: 0.00 reconn/s: 0.00
[ 15s ] thds: 64 tps: 19073.61 qps: 19073.61 (r/w/o: 19073.61/0.00/0.00) lat (ms,95%): 5.88 err/s: 0.00 reconn/s: 0.00
[ 16s ] thds: 64 tps: 19043.64 qps: 19043.64 (r/w/o: 19043.64/0.00/0.00) lat (ms,95%): 5.99 err/s: 0.00 reconn/s: 0.00
[ 17s ] thds: 64 tps: 18877.77 qps: 18877.77 (r/w/o: 18877.77/0.00/0.00) lat (ms,95%): 5.99 err/s: 0.00 reconn/s: 0.00
[ 18s ] thds: 64 tps: 18823.73 qps: 18823.73 (r/w/o: 18823.73/0.00/0.00) lat (ms,95%): 6.09 err/s: 0.00 reconn/s: 0.00
[ 19s ] thds: 64 tps: 18785.20 qps: 18785.20 (r/w/o: 18785.20/0.00/0.00) lat (ms,95%): 6.21 err/s: 0.00 reconn/s: 0.00
[ 20s ] thds: 64 tps: 19071.24 qps: 19071.24 (r/w/o: 19071.24/0.00/0.00) lat (ms,95%): 5.99 err/s: 0.00 reconn/s: 0.00
[ 21s ] thds: 64 tps: 18891.89 qps: 18892.89 (r/w/o: 18892.89/0.00/0.00) lat (ms,95%): 6.09 err/s: 0.00 reconn/s: 0.00
[ 22s ] thds: 64 tps: 18755.09 qps: 18754.09 (r/w/o: 18754.09/0.00/0.00) lat (ms,95%): 6.09 err/s: 0.00 reconn/s: 0.00
[ 23s ] thds: 64 tps: 18871.81 qps: 18871.81 (r/w/o: 18871.81/0.00/0.00) lat (ms,95%): 6.09 err/s: 0.00 reconn/s: 0.00
[ 24s ] thds: 64 tps: 18718.43 qps: 18718.43 (r/w/o: 18718.43/0.00/0.00) lat (ms,95%): 6.21 err/s: 0.00 reconn/s: 0.00
[ 25s ] thds: 64 tps: 19161.14 qps: 19161.14 (r/w/o: 19161.14/0.00/0.00) lat (ms,95%): 5.88 err/s: 0.00 reconn/s: 0.00
[ 26s ] thds: 64 tps: 19288.83 qps: 19288.83 (r/w/o: 19288.83/0.00/0.00) lat (ms,95%): 5.77 err/s: 0.00 reconn/s: 0.00
[ 27s ] thds: 64 tps: 19054.36 qps: 19054.36 (r/w/o: 19054.36/0.00/0.00) lat (ms,95%): 5.88 err/s: 0.00 reconn/s: 0.00
[ 28s ] thds: 64 tps: 18798.42 qps: 18798.42 (r/w/o: 18798.42/0.00/0.00) lat (ms,95%): 6.09 err/s: 0.00 reconn/s: 0.00
[ 29s ] thds: 64 tps: 19033.86 qps: 19033.86 (r/w/o: 19033.86/0.00/0.00) lat (ms,95%): 5.99 err/s: 0.00 reconn/s: 0.00
[ 30s ] thds: 64 tps: 18992.15 qps: 18992.15 (r/w/o: 18992.15/0.00/0.00) lat (ms,95%): 5.99 err/s: 0.00 reconn/s: 0.00
[ 31s ] thds: 64 tps: 18968.81 qps: 18968.81 (r/w/o: 18968.81/0.00/0.00) lat (ms,95%): 5.99 err/s: 0.00 reconn/s: 0.00
[ 32s ] thds: 64 tps: 19243.33 qps: 19243.33 (r/w/o: 19243.33/0.00/0.00) lat (ms,95%): 5.77 err/s: 0.00 reconn/s: 0.00
[ 33s ] thds: 64 tps: 19197.33 qps: 19197.33 (r/w/o: 19197.33/0.00/0.00) lat (ms,95%): 5.67 err/s: 0.00 reconn/s: 0.00
[ 34s ] thds: 64 tps: 18940.43 qps: 18940.43 (r/w/o: 18940.43/0.00/0.00) lat (ms,95%): 5.88 err/s: 0.00 reconn/s: 0.00
[ 35s ] thds: 64 tps: 19502.62 qps: 19502.62 (r/w/o: 19502.62/0.00/0.00) lat (ms,95%): 5.67 err/s: 0.00 reconn/s: 0.00
[ 36s ] thds: 64 tps: 19021.17 qps: 19021.17 (r/w/o: 19021.17/0.00/0.00) lat (ms,95%): 5.99 err/s: 0.00 reconn/s: 0.00
[ 37s ] thds: 64 tps: 19106.23 qps: 19106.23 (r/w/o: 19106.23/0.00/0.00) lat (ms,95%): 5.77 err/s: 0.00 reconn/s: 0.00
[ 38s ] thds: 64 tps: 18865.35 qps: 18865.35 (r/w/o: 18865.35/0.00/0.00) lat (ms,95%): 5.99 err/s: 0.00 reconn/s: 0.00
[ 39s ] thds: 64 tps: 18776.11 qps: 18776.11 (r/w/o: 18776.11/0.00/0.00) lat (ms,95%): 6.09 err/s: 0.00 reconn/s: 0.00
[ 40s ] thds: 64 tps: 18877.34 qps: 18877.34 (r/w/o: 18877.34/0.00/0.00) lat (ms,95%): 5.99 err/s: 0.00 reconn/s: 0.00
[ 41s ] thds: 64 tps: 18697.55 qps: 18697.55 (r/w/o: 18697.55/0.00/0.00) lat (ms,95%): 6.21 err/s: 0.00 reconn/s: 0.00
[ 42s ] thds: 64 tps: 19024.73 qps: 19024.73 (r/w/o: 19024.73/0.00/0.00) lat (ms,95%): 5.99 err/s: 0.00 reconn/s: 0.00
[ 43s ] thds: 64 tps: 18915.91 qps: 18915.91 (r/w/o: 18915.91/0.00/0.00) lat (ms,95%): 5.99 err/s: 0.00 reconn/s: 0.00
[ 44s ] thds: 64 tps: 19176.48 qps: 19176.48 (r/w/o: 19176.48/0.00/0.00) lat (ms,95%): 5.88 err/s: 0.00 reconn/s: 0.00
[ 45s ] thds: 64 tps: 19039.31 qps: 19039.31 (r/w/o: 19039.31/0.00/0.00) lat (ms,95%): 5.88 err/s: 0.00 reconn/s: 0.00
[ 46s ] thds: 64 tps: 19067.97 qps: 19067.97 (r/w/o: 19067.97/0.00/0.00) lat (ms,95%): 5.88 err/s: 0.00 reconn/s: 0.00
[ 47s ] thds: 64 tps: 18939.79 qps: 18939.79 (r/w/o: 18939.79/0.00/0.00) lat (ms,95%): 5.99 err/s: 0.00 reconn/s: 0.00
[ 48s ] thds: 64 tps: 18869.48 qps: 18869.48 (r/w/o: 18869.48/0.00/0.00) lat (ms,95%): 6.09 err/s: 0.00 reconn/s: 0.00
[ 49s ] thds: 64 tps: 18910.45 qps: 18910.45 (r/w/o: 18910.45/0.00/0.00) lat (ms,95%): 5.99 err/s: 0.00 reconn/s: 0.00
[ 50s ] thds: 64 tps: 18969.14 qps: 18969.14 (r/w/o: 18969.14/0.00/0.00) lat (ms,95%): 5.88 err/s: 0.00 reconn/s: 0.00
[ 51s ] thds: 64 tps: 18966.91 qps: 18966.91 (r/w/o: 18966.91/0.00/0.00) lat (ms,95%): 5.99 err/s: 0.00 reconn/s: 0.00
[ 52s ] thds: 64 tps: 18983.90 qps: 18983.90 (r/w/o: 18983.90/0.00/0.00) lat (ms,95%): 6.09 err/s: 0.00 reconn/s: 0.00
[ 53s ] thds: 64 tps: 19121.64 qps: 19121.64 (r/w/o: 19121.64/0.00/0.00) lat (ms,95%): 5.99 err/s: 0.00 reconn/s: 0.00
[ 54s ] thds: 64 tps: 18951.70 qps: 18951.70 (r/w/o: 18951.70/0.00/0.00) lat (ms,95%): 6.09 err/s: 0.00 reconn/s: 0.00
[ 55s ] thds: 64 tps: 18853.14 qps: 18853.14 (r/w/o: 18853.14/0.00/0.00) lat (ms,95%): 5.99 err/s: 0.00 reconn/s: 0.00
[ 56s ] thds: 64 tps: 19243.54 qps: 19243.54 (r/w/o: 19243.54/0.00/0.00) lat (ms,95%): 5.67 err/s: 0.00 reconn/s: 0.00
[ 57s ] thds: 64 tps: 19022.97 qps: 19022.97 (r/w/o: 19022.97/0.00/0.00) lat (ms,95%): 5.99 err/s: 0.00 reconn/s: 0.00
[ 58s ] thds: 64 tps: 18878.16 qps: 18878.16 (r/w/o: 18878.16/0.00/0.00) lat (ms,95%): 6.09 err/s: 0.00 reconn/s: 0.00
[ 59s ] thds: 64 tps: 18908.62 qps: 18908.62 (r/w/o: 18908.62/0.00/0.00) lat (ms,95%): 6.09 err/s: 0.00 reconn/s: 0.00
[ 60s ] thds: 64 tps: 19079.79 qps: 19079.79 (r/w/o: 19079.79/0.00/0.00) lat (ms,95%): 5.88 err/s: 0.00 reconn/s: 0.00
[ 61s ] thds: 64 tps: 18856.49 qps: 18856.49 (r/w/o: 18856.49/0.00/0.00) lat (ms,95%): 6.09 err/s: 0.00 reconn/s: 0.00
[ 62s ] thds: 64 tps: 18922.96 qps: 18922.96 (r/w/o: 18922.96/0.00/0.00) lat (ms,95%): 5.99 err/s: 0.00 reconn/s: 0.00
[ 63s ] thds: 64 tps: 19049.94 qps: 19049.94 (r/w/o: 19049.94/0.00/0.00) lat (ms,95%): 5.88 err/s: 0.00 reconn/s: 0.00
[ 64s ] thds: 64 tps: 18985.95 qps: 18985.95 (r/w/o: 18985.95/0.00/0.00) lat (ms,95%): 6.09 err/s: 0.00 reconn/s: 0.00
[ 65s ] thds: 64 tps: 19032.25 qps: 19032.25 (r/w/o: 19032.25/0.00/0.00) lat (ms,95%): 5.99 err/s: 0.00 reconn/s: 0.00
[ 66s ] thds: 64 tps: 18905.39 qps: 18906.39 (r/w/o: 18906.39/0.00/0.00) lat (ms,95%): 6.09 err/s: 0.00 reconn/s: 0.00
[ 67s ] thds: 64 tps: 18814.32 qps: 18813.32 (r/w/o: 18813.32/0.00/0.00) lat (ms,95%): 5.99 err/s: 0.00 reconn/s: 0.00
[ 68s ] thds: 64 tps: 19344.19 qps: 19345.19 (r/w/o: 19345.19/0.00/0.00) lat (ms,95%): 5.77 err/s: 0.00 reconn/s: 0.00
[ 69s ] thds: 64 tps: 18975.97 qps: 18974.97 (r/w/o: 18974.97/0.00/0.00) lat (ms,95%): 5.99 err/s: 0.00 reconn/s: 0.00
[ 70s ] thds: 64 tps: 18967.33 qps: 18967.33 (r/w/o: 18967.33/0.00/0.00) lat (ms,95%): 5.99 err/s: 0.00 reconn/s: 0.00
[ 71s ] thds: 64 tps: 18570.68 qps: 18570.68 (r/w/o: 18570.68/0.00/0.00) lat (ms,95%): 6.21 err/s: 0.00 reconn/s: 0.00
[ 72s ] thds: 64 tps: 18976.77 qps: 18976.77 (r/w/o: 18976.77/0.00/0.00) lat (ms,95%): 5.99 err/s: 0.00 reconn/s: 0.00
[ 73s ] thds: 64 tps: 18951.32 qps: 18951.32 (r/w/o: 18951.32/0.00/0.00) lat (ms,95%): 5.99 err/s: 0.00 reconn/s: 0.00
[ 74s ] thds: 64 tps: 19503.95 qps: 19503.95 (r/w/o: 19503.95/0.00/0.00) lat (ms,95%): 5.57 err/s: 0.00 reconn/s: 0.00
[ 75s ] thds: 64 tps: 19149.76 qps: 19149.76 (r/w/o: 19149.76/0.00/0.00) lat (ms,95%): 5.88 err/s: 0.00 reconn/s: 0.00
[ 76s ] thds: 64 tps: 18823.22 qps: 18823.22 (r/w/o: 18823.22/0.00/0.00) lat (ms,95%): 5.88 err/s: 0.00 reconn/s: 0.00
[ 77s ] thds: 64 tps: 18895.46 qps: 18895.46 (r/w/o: 18895.46/0.00/0.00) lat (ms,95%): 6.09 err/s: 0.00 reconn/s: 0.00
[ 78s ] thds: 64 tps: 18948.88 qps: 18948.88 (r/w/o: 18948.88/0.00/0.00) lat (ms,95%): 5.99 err/s: 0.00 reconn/s: 0.00
[ 79s ] thds: 64 tps: 19127.81 qps: 19127.81 (r/w/o: 19127.81/0.00/0.00) lat (ms,95%): 5.88 err/s: 0.00 reconn/s: 0.00
[ 80s ] thds: 64 tps: 19033.14 qps: 19033.14 (r/w/o: 19033.14/0.00/0.00) lat (ms,95%): 5.99 err/s: 0.00 reconn/s: 0.00
[ 81s ] thds: 64 tps: 19139.67 qps: 19139.67 (r/w/o: 19139.67/0.00/0.00) lat (ms,95%): 5.88 err/s: 0.00 reconn/s: 0.00
[ 82s ] thds: 64 tps: 18816.25 qps: 18816.25 (r/w/o: 18816.25/0.00/0.00) lat (ms,95%): 6.09 err/s: 0.00 reconn/s: 0.00
[ 83s ] thds: 64 tps: 18807.89 qps: 18807.89 (r/w/o: 18807.89/0.00/0.00) lat (ms,95%): 6.21 err/s: 0.00 reconn/s: 0.00
[ 84s ] thds: 64 tps: 19139.14 qps: 19139.14 (r/w/o: 19139.14/0.00/0.00) lat (ms,95%): 5.99 err/s: 0.00 reconn/s: 0.00
[ 85s ] thds: 64 tps: 18778.43 qps: 18778.43 (r/w/o: 18778.43/0.00/0.00) lat (ms,95%): 6.09 err/s: 0.00 reconn/s: 0.00
[ 86s ] thds: 64 tps: 18936.66 qps: 18936.66 (r/w/o: 18936.66/0.00/0.00) lat (ms,95%): 6.09 err/s: 0.00 reconn/s: 0.00
[ 87s ] thds: 64 tps: 18747.62 qps: 18748.62 (r/w/o: 18748.62/0.00/0.00) lat (ms,95%): 6.21 err/s: 0.00 reconn/s: 0.00
[ 88s ] thds: 64 tps: 19017.36 qps: 19016.36 (r/w/o: 19016.36/0.00/0.00) lat (ms,95%): 5.88 err/s: 0.00 reconn/s: 0.00
[ 89s ] thds: 64 tps: 19003.05 qps: 19003.05 (r/w/o: 19003.05/0.00/0.00) lat (ms,95%): 5.99 err/s: 0.00 reconn/s: 0.00
[ 90s ] thds: 64 tps: 19202.14 qps: 19202.14 (r/w/o: 19202.14/0.00/0.00) lat (ms,95%): 5.88 err/s: 0.00 reconn/s: 0.00
[ 91s ] thds: 64 tps: 19276.69 qps: 19276.69 (r/w/o: 19276.69/0.00/0.00) lat (ms,95%): 5.88 err/s: 0.00 reconn/s: 0.00
[ 92s ] thds: 64 tps: 18909.75 qps: 18909.75 (r/w/o: 18909.75/0.00/0.00) lat (ms,95%): 6.09 err/s: 0.00 reconn/s: 0.00
[ 93s ] thds: 64 tps: 18594.16 qps: 18594.16 (r/w/o: 18594.16/0.00/0.00) lat (ms,95%): 6.21 err/s: 0.00 reconn/s: 0.00
[ 94s ] thds: 64 tps: 18775.34 qps: 18775.34 (r/w/o: 18775.34/0.00/0.00) lat (ms,95%): 6.09 err/s: 0.00 reconn/s: 0.00
[ 95s ] thds: 64 tps: 18968.92 qps: 18968.92 (r/w/o: 18968.92/0.00/0.00) lat (ms,95%): 6.09 err/s: 0.00 reconn/s: 0.00
[ 96s ] thds: 64 tps: 19003.78 qps: 19003.78 (r/w/o: 19003.78/0.00/0.00) lat (ms,95%): 5.99 err/s: 0.00 reconn/s: 0.00
[ 97s ] thds: 64 tps: 19220.19 qps: 19220.19 (r/w/o: 19220.19/0.00/0.00) lat (ms,95%): 5.77 err/s: 0.00 reconn/s: 0.00
[ 98s ] thds: 64 tps: 18882.55 qps: 18882.55 (r/w/o: 18882.55/0.00/0.00) lat (ms,95%): 5.99 err/s: 0.00 reconn/s: 0.00
[ 99s ] thds: 64 tps: 18720.01 qps: 18720.01 (r/w/o: 18720.01/0.00/0.00) lat (ms,95%): 6.21 err/s: 0.00 reconn/s: 0.00
[ 100s ] thds: 64 tps: 18767.79 qps: 18767.79 (r/w/o: 18767.79/0.00/0.00) lat (ms,95%): 6.21 err/s: 0.00 reconn/s: 0.00
[ 101s ] thds: 64 tps: 18780.61 qps: 18780.61 (r/w/o: 18780.61/0.00/0.00) lat (ms,95%): 6.09 err/s: 0.00 reconn/s: 0.00
[ 102s ] thds: 64 tps: 18626.00 qps: 18626.00 (r/w/o: 18626.00/0.00/0.00) lat (ms,95%): 6.32 err/s: 0.00 reconn/s: 0.00
[ 103s ] thds: 64 tps: 18642.22 qps: 18642.22 (r/w/o: 18642.22/0.00/0.00) lat (ms,95%): 6.21 err/s: 0.00 reconn/s: 0.00
[ 104s ] thds: 64 tps: 18957.85 qps: 18957.85 (r/w/o: 18957.85/0.00/0.00) lat (ms,95%): 6.09 err/s: 0.00 reconn/s: 0.00
[ 105s ] thds: 64 tps: 18926.69 qps: 18926.69 (r/w/o: 18926.69/0.00/0.00) lat (ms,95%): 5.99 err/s: 0.00 reconn/s: 0.00
[ 106s ] thds: 64 tps: 18724.32 qps: 18725.32 (r/w/o: 18725.32/0.00/0.00) lat (ms,95%): 6.21 err/s: 0.00 reconn/s: 0.00
[ 107s ] thds: 64 tps: 18990.00 qps: 18989.00 (r/w/o: 18989.00/0.00/0.00) lat (ms,95%): 5.99 err/s: 0.00 reconn/s: 0.00
[ 108s ] thds: 64 tps: 18865.12 qps: 18865.12 (r/w/o: 18865.12/0.00/0.00) lat (ms,95%): 6.09 err/s: 0.00 reconn/s: 0.00
[ 109s ] thds: 64 tps: 19029.57 qps: 19029.57 (r/w/o: 19029.57/0.00/0.00) lat (ms,95%): 5.88 err/s: 0.00 reconn/s: 0.00
[ 110s ] thds: 64 tps: 18979.31 qps: 18979.31 (r/w/o: 18979.31/0.00/0.00) lat (ms,95%): 6.09 err/s: 0.00 reconn/s: 0.00
[ 111s ] thds: 64 tps: 19324.04 qps: 19324.04 (r/w/o: 19324.04/0.00/0.00) lat (ms,95%): 5.67 err/s: 0.00 reconn/s: 0.00
[ 112s ] thds: 64 tps: 18803.81 qps: 18803.81 (r/w/o: 18803.81/0.00/0.00) lat (ms,95%): 5.99 err/s: 0.00 reconn/s: 0.00
[ 113s ] thds: 64 tps: 18619.82 qps: 18620.82 (r/w/o: 18620.82/0.00/0.00) lat (ms,95%): 6.32 err/s: 0.00 reconn/s: 0.00
[ 114s ] thds: 64 tps: 19121.65 qps: 19120.65 (r/w/o: 19120.65/0.00/0.00) lat (ms,95%): 5.88 err/s: 0.00 reconn/s: 0.00
[ 115s ] thds: 64 tps: 19305.74 qps: 19305.74 (r/w/o: 19305.74/0.00/0.00) lat (ms,95%): 5.77 err/s: 0.00 reconn/s: 0.00
[ 116s ] thds: 64 tps: 19099.84 qps: 19099.84 (r/w/o: 19099.84/0.00/0.00) lat (ms,95%): 5.88 err/s: 0.00 reconn/s: 0.00
[ 117s ] thds: 64 tps: 19011.31 qps: 19011.31 (r/w/o: 19011.31/0.00/0.00) lat (ms,95%): 5.99 err/s: 0.00 reconn/s: 0.00
[ 118s ] thds: 64 tps: 18798.06 qps: 18798.06 (r/w/o: 18798.06/0.00/0.00) lat (ms,95%): 6.21 err/s: 0.00 reconn/s: 0.00
[ 119s ] thds: 64 tps: 19051.43 qps: 19051.43 (r/w/o: 19051.43/0.00/0.00) lat (ms,95%): 5.99 err/s: 0.00 reconn/s: 0.00
[ 120s ] thds: 64 tps: 18650.21 qps: 18650.21 (r/w/o: 18650.21/0.00/0.00) lat (ms,95%): 6.21 err/s: 0.00 reconn/s: 0.00
[ 121s ] thds: 64 tps: 19103.59 qps: 19103.59 (r/w/o: 19103.59/0.00/0.00) lat (ms,95%): 5.77 err/s: 0.00 reconn/s: 0.00
[ 122s ] thds: 64 tps: 18862.10 qps: 18862.10 (r/w/o: 18862.10/0.00/0.00) lat (ms,95%): 6.09 err/s: 0.00 reconn/s: 0.00
[ 123s ] thds: 64 tps: 18941.81 qps: 18941.81 (r/w/o: 18941.81/0.00/0.00) lat (ms,95%): 5.88 err/s: 0.00 reconn/s: 0.00
[ 124s ] thds: 64 tps: 19265.99 qps: 19265.99 (r/w/o: 19265.99/0.00/0.00) lat (ms,95%): 5.77 err/s: 0.00 reconn/s: 0.00
[ 125s ] thds: 64 tps: 18919.49 qps: 18919.49 (r/w/o: 18919.49/0.00/0.00) lat (ms,95%): 5.99 err/s: 0.00 reconn/s: 0.00
[ 126s ] thds: 64 tps: 19137.13 qps: 19137.13 (r/w/o: 19137.13/0.00/0.00) lat (ms,95%): 5.88 err/s: 0.00 reconn/s: 0.00
[ 127s ] thds: 64 tps: 19003.71 qps: 19003.71 (r/w/o: 19003.71/0.00/0.00) lat (ms,95%): 5.99 err/s: 0.00 reconn/s: 0.00
[ 128s ] thds: 64 tps: 19205.44 qps: 19205.44 (r/w/o: 19205.44/0.00/0.00) lat (ms,95%): 5.77 err/s: 0.00 reconn/s: 0.00
[ 129s ] thds: 64 tps: 18894.63 qps: 18894.63 (r/w/o: 18894.63/0.00/0.00) lat (ms,95%): 6.21 err/s: 0.00 reconn/s: 0.00
[ 130s ] thds: 64 tps: 18867.51 qps: 18867.51 (r/w/o: 18867.51/0.00/0.00) lat (ms,95%): 6.09 err/s: 0.00 reconn/s: 0.00
[ 131s ] thds: 64 tps: 19069.14 qps: 19069.14 (r/w/o: 19069.14/0.00/0.00) lat (ms,95%): 5.99 err/s: 0.00 reconn/s: 0.00
[ 132s ] thds: 64 tps: 18785.41 qps: 18785.41 (r/w/o: 18785.41/0.00/0.00) lat (ms,95%): 5.99 err/s: 0.00 reconn/s: 0.00
[ 133s ] thds: 64 tps: 19077.21 qps: 19077.21 (r/w/o: 19077.21/0.00/0.00) lat (ms,95%): 5.88 err/s: 0.00 reconn/s: 0.00
[ 134s ] thds: 64 tps: 18775.25 qps: 18775.25 (r/w/o: 18775.25/0.00/0.00) lat (ms,95%): 6.21 err/s: 0.00 reconn/s: 0.00
[ 135s ] thds: 64 tps: 19150.06 qps: 19150.06 (r/w/o: 19150.06/0.00/0.00) lat (ms,95%): 5.88 err/s: 0.00 reconn/s: 0.00
[ 136s ] thds: 64 tps: 18872.42 qps: 18872.42 (r/w/o: 18872.42/0.00/0.00) lat (ms,95%): 5.99 err/s: 0.00 reconn/s: 0.00
[ 137s ] thds: 64 tps: 18838.80 qps: 18838.80 (r/w/o: 18838.80/0.00/0.00) lat (ms,95%): 5.99 err/s: 0.00 reconn/s: 0.00
[ 138s ] thds: 64 tps: 19167.15 qps: 19167.15 (r/w/o: 19167.15/0.00/0.00) lat (ms,95%): 5.88 err/s: 0.00 reconn/s: 0.00
[ 139s ] thds: 64 tps: 18949.38 qps: 18949.38 (r/w/o: 18949.38/0.00/0.00) lat (ms,95%): 6.09 err/s: 0.00 reconn/s: 0.00
[ 140s ] thds: 64 tps: 19040.23 qps: 19040.23 (r/w/o: 19040.23/0.00/0.00) lat (ms,95%): 5.88 err/s: 0.00 reconn/s: 0.00
[ 141s ] thds: 64 tps: 18858.67 qps: 18858.67 (r/w/o: 18858.67/0.00/0.00) lat (ms,95%): 6.09 err/s: 0.00 reconn/s: 0.00
[ 142s ] thds: 64 tps: 19013.92 qps: 19013.92 (r/w/o: 19013.92/0.00/0.00) lat (ms,95%): 5.88 err/s: 0.00 reconn/s: 0.00
[ 143s ] thds: 64 tps: 18898.33 qps: 18898.33 (r/w/o: 18898.33/0.00/0.00) lat (ms,95%): 5.99 err/s: 0.00 reconn/s: 0.00
[ 144s ] thds: 64 tps: 19406.16 qps: 19406.16 (r/w/o: 19406.16/0.00/0.00) lat (ms,95%): 5.77 err/s: 0.00 reconn/s: 0.00
[ 145s ] thds: 64 tps: 18891.87 qps: 18891.87 (r/w/o: 18891.87/0.00/0.00) lat (ms,95%): 6.09 err/s: 0.00 reconn/s: 0.00
[ 146s ] thds: 64 tps: 19445.72 qps: 19445.72 (r/w/o: 19445.72/0.00/0.00) lat (ms,95%): 5.67 err/s: 0.00 reconn/s: 0.00
[ 147s ] thds: 64 tps: 19361.20 qps: 19361.20 (r/w/o: 19361.20/0.00/0.00) lat (ms,95%): 5.57 err/s: 0.00 reconn/s: 0.00
[ 148s ] thds: 64 tps: 18889.18 qps: 18889.18 (r/w/o: 18889.18/0.00/0.00) lat (ms,95%): 5.99 err/s: 0.00 reconn/s: 0.00
[ 149s ] thds: 64 tps: 18590.97 qps: 18590.97 (r/w/o: 18590.97/0.00/0.00) lat (ms,95%): 6.32 err/s: 0.00 reconn/s: 0.00
[ 150s ] thds: 64 tps: 19027.30 qps: 19027.30 (r/w/o: 19027.30/0.00/0.00) lat (ms,95%): 5.88 err/s: 0.00 reconn/s: 0.00
[ 151s ] thds: 64 tps: 18907.41 qps: 18908.40 (r/w/o: 18908.40/0.00/0.00) lat (ms,95%): 5.99 err/s: 0.00 reconn/s: 0.00
[ 152s ] thds: 64 tps: 18820.53 qps: 18819.53 (r/w/o: 18819.53/0.00/0.00) lat (ms,95%): 6.09 err/s: 0.00 reconn/s: 0.00
[ 153s ] thds: 64 tps: 19155.54 qps: 19155.54 (r/w/o: 19155.54/0.00/0.00) lat (ms,95%): 5.88 err/s: 0.00 reconn/s: 0.00
[ 154s ] thds: 64 tps: 18774.70 qps: 18774.70 (r/w/o: 18774.70/0.00/0.00) lat (ms,95%): 6.09 err/s: 0.00 reconn/s: 0.00
[ 155s ] thds: 64 tps: 18858.49 qps: 18858.49 (r/w/o: 18858.49/0.00/0.00) lat (ms,95%): 5.99 err/s: 0.00 reconn/s: 0.00
[ 156s ] thds: 64 tps: 18986.74 qps: 18986.74 (r/w/o: 18986.74/0.00/0.00) lat (ms,95%): 5.88 err/s: 0.00 reconn/s: 0.00
[ 157s ] thds: 64 tps: 18537.59 qps: 18537.59 (r/w/o: 18537.59/0.00/0.00) lat (ms,95%): 6.21 err/s: 0.00 reconn/s: 0.00
[ 158s ] thds: 64 tps: 19054.61 qps: 19054.61 (r/w/o: 19054.61/0.00/0.00) lat (ms,95%): 5.99 err/s: 0.00 reconn/s: 0.00
[ 159s ] thds: 64 tps: 19040.61 qps: 19040.61 (r/w/o: 19040.61/0.00/0.00) lat (ms,95%): 5.99 err/s: 0.00 reconn/s: 0.00
[ 160s ] thds: 64 tps: 19066.31 qps: 19067.31 (r/w/o: 19067.31/0.00/0.00) lat (ms,95%): 5.88 err/s: 0.00 reconn/s: 0.00
[ 161s ] thds: 64 tps: 19044.16 qps: 19043.16 (r/w/o: 19043.16/0.00/0.00) lat (ms,95%): 5.99 err/s: 0.00 reconn/s: 0.00
[ 162s ] thds: 64 tps: 18922.51 qps: 18922.51 (r/w/o: 18922.51/0.00/0.00) lat (ms,95%): 5.99 err/s: 0.00 reconn/s: 0.00
[ 163s ] thds: 64 tps: 19294.02 qps: 19295.02 (r/w/o: 19295.02/0.00/0.00) lat (ms,95%): 5.88 err/s: 0.00 reconn/s: 0.00
[ 164s ] thds: 64 tps: 18954.27 qps: 18953.27 (r/w/o: 18953.27/0.00/0.00) lat (ms,95%): 5.88 err/s: 0.00 reconn/s: 0.00
[ 165s ] thds: 64 tps: 18966.85 qps: 18966.85 (r/w/o: 18966.85/0.00/0.00) lat (ms,95%): 5.88 err/s: 0.00 reconn/s: 0.00
[ 166s ] thds: 64 tps: 19007.34 qps: 19007.34 (r/w/o: 19007.34/0.00/0.00) lat (ms,95%): 5.88 err/s: 0.00 reconn/s: 0.00
[ 167s ] thds: 64 tps: 19005.02 qps: 19005.02 (r/w/o: 19005.02/0.00/0.00) lat (ms,95%): 5.99 err/s: 0.00 reconn/s: 0.00
[ 168s ] thds: 64 tps: 19059.55 qps: 19059.55 (r/w/o: 19059.55/0.00/0.00) lat (ms,95%): 5.88 err/s: 0.00 reconn/s: 0.00
[ 169s ] thds: 64 tps: 19075.68 qps: 19075.68 (r/w/o: 19075.68/0.00/0.00) lat (ms,95%): 5.99 err/s: 0.00 reconn/s: 0.00
[ 170s ] thds: 64 tps: 19097.49 qps: 19097.49 (r/w/o: 19097.49/0.00/0.00) lat (ms,95%): 5.99 err/s: 0.00 reconn/s: 0.00
[ 171s ] thds: 64 tps: 19095.47 qps: 19095.47 (r/w/o: 19095.47/0.00/0.00) lat (ms,95%): 5.99 err/s: 0.00 reconn/s: 0.00
[ 172s ] thds: 64 tps: 19057.61 qps: 19057.61 (r/w/o: 19057.61/0.00/0.00) lat (ms,95%): 5.99 err/s: 0.00 reconn/s: 0.00
[ 173s ] thds: 64 tps: 18770.38 qps: 18770.38 (r/w/o: 18770.38/0.00/0.00) lat (ms,95%): 6.21 err/s: 0.00 reconn/s: 0.00
[ 174s ] thds: 64 tps: 18825.51 qps: 18825.51 (r/w/o: 18825.51/0.00/0.00) lat (ms,95%): 6.09 err/s: 0.00 reconn/s: 0.00
[ 175s ] thds: 64 tps: 18948.73 qps: 18948.73 (r/w/o: 18948.73/0.00/0.00) lat (ms,95%): 5.99 err/s: 0.00 reconn/s: 0.00
[ 176s ] thds: 64 tps: 19073.55 qps: 19073.55 (r/w/o: 19073.55/0.00/0.00) lat (ms,95%): 5.88 err/s: 0.00 reconn/s: 0.00
[ 177s ] thds: 64 tps: 19046.15 qps: 19046.15 (r/w/o: 19046.15/0.00/0.00) lat (ms,95%): 5.99 err/s: 0.00 reconn/s: 0.00
[ 178s ] thds: 64 tps: 19118.59 qps: 19118.59 (r/w/o: 19118.59/0.00/0.00) lat (ms,95%): 5.88 err/s: 0.00 reconn/s: 0.00
[ 179s ] thds: 64 tps: 19116.13 qps: 19116.13 (r/w/o: 19116.13/0.00/0.00) lat (ms,95%): 5.77 err/s: 0.00 reconn/s: 0.00
[ 180s ] thds: 64 tps: 19008.86 qps: 19008.86 (r/w/o: 19008.86/0.00/0.00) lat (ms,95%): 5.88 err/s: 0.00 reconn/s: 0.00
[ 181s ] thds: 64 tps: 19193.88 qps: 19193.88 (r/w/o: 19193.88/0.00/0.00) lat (ms,95%): 5.77 err/s: 0.00 reconn/s: 0.00
[ 182s ] thds: 64 tps: 19001.20 qps: 19001.20 (r/w/o: 19001.20/0.00/0.00) lat (ms,95%): 5.99 err/s: 0.00 reconn/s: 0.00
[ 183s ] thds: 64 tps: 19137.27 qps: 19137.27 (r/w/o: 19137.27/0.00/0.00) lat (ms,95%): 5.88 err/s: 0.00 reconn/s: 0.00
[ 184s ] thds: 64 tps: 19159.24 qps: 19159.24 (r/w/o: 19159.24/0.00/0.00) lat (ms,95%): 5.77 err/s: 0.00 reconn/s: 0.00
[ 185s ] thds: 64 tps: 19195.30 qps: 19195.30 (r/w/o: 19195.30/0.00/0.00) lat (ms,95%): 5.77 err/s: 0.00 reconn/s: 0.00
[ 186s ] thds: 64 tps: 19094.51 qps: 19094.51 (r/w/o: 19094.51/0.00/0.00) lat (ms,95%): 5.88 err/s: 0.00 reconn/s: 0.00
[ 187s ] thds: 64 tps: 19034.73 qps: 19034.73 (r/w/o: 19034.73/0.00/0.00) lat (ms,95%): 5.99 err/s: 0.00 reconn/s: 0.00
[ 188s ] thds: 64 tps: 19025.07 qps: 19025.07 (r/w/o: 19025.07/0.00/0.00) lat (ms,95%): 5.99 err/s: 0.00 reconn/s: 0.00
[ 189s ] thds: 64 tps: 18646.02 qps: 18646.02 (r/w/o: 18646.02/0.00/0.00) lat (ms,95%): 6.21 err/s: 0.00 reconn/s: 0.00
[ 190s ] thds: 64 tps: 19095.63 qps: 19095.63 (r/w/o: 19095.63/0.00/0.00) lat (ms,95%): 5.99 err/s: 0.00 reconn/s: 0.00
[ 191s ] thds: 64 tps: 19169.96 qps: 19169.96 (r/w/o: 19169.96/0.00/0.00) lat (ms,95%): 5.77 err/s: 0.00 reconn/s: 0.00
[ 192s ] thds: 64 tps: 19106.58 qps: 19106.58 (r/w/o: 19106.58/0.00/0.00) lat (ms,95%): 5.77 err/s: 0.00 reconn/s: 0.00
[ 193s ] thds: 64 tps: 18956.08 qps: 18956.08 (r/w/o: 18956.08/0.00/0.00) lat (ms,95%): 5.99 err/s: 0.00 reconn/s: 0.00
[ 194s ] thds: 64 tps: 19129.09 qps: 19129.09 (r/w/o: 19129.09/0.00/0.00) lat (ms,95%): 5.88 err/s: 0.00 reconn/s: 0.00
[ 195s ] thds: 64 tps: 19276.67 qps: 19276.67 (r/w/o: 19276.67/0.00/0.00) lat (ms,95%): 5.77 err/s: 0.00 reconn/s: 0.00
[ 196s ] thds: 64 tps: 19094.02 qps: 19094.02 (r/w/o: 19094.02/0.00/0.00) lat (ms,95%): 5.77 err/s: 0.00 reconn/s: 0.00
[ 197s ] thds: 64 tps: 19079.77 qps: 19079.77 (r/w/o: 19079.77/0.00/0.00) lat (ms,95%): 5.99 err/s: 0.00 reconn/s: 0.00
[ 198s ] thds: 64 tps: 19000.12 qps: 19000.12 (r/w/o: 19000.12/0.00/0.00) lat (ms,95%): 5.99 err/s: 0.00 reconn/s: 0.00
[ 199s ] thds: 64 tps: 18798.27 qps: 18798.27 (r/w/o: 18798.27/0.00/0.00) lat (ms,95%): 6.09 err/s: 0.00 reconn/s: 0.00
[ 200s ] thds: 64 tps: 18967.49 qps: 18967.49 (r/w/o: 18967.49/0.00/0.00) lat (ms,95%): 6.09 err/s: 0.00 reconn/s: 0.00
[ 201s ] thds: 64 tps: 18887.02 qps: 18887.02 (r/w/o: 18887.02/0.00/0.00) lat (ms,95%): 6.09 err/s: 0.00 reconn/s: 0.00
[ 202s ] thds: 64 tps: 19115.38 qps: 19115.38 (r/w/o: 19115.38/0.00/0.00) lat (ms,95%): 5.99 err/s: 0.00 reconn/s: 0.00
[ 203s ] thds: 64 tps: 18827.22 qps: 18827.22 (r/w/o: 18827.22/0.00/0.00) lat (ms,95%): 6.09 err/s: 0.00 reconn/s: 0.00
[ 204s ] thds: 64 tps: 18813.71 qps: 18813.71 (r/w/o: 18813.71/0.00/0.00) lat (ms,95%): 6.09 err/s: 0.00 reconn/s: 0.00
[ 205s ] thds: 64 tps: 19171.94 qps: 19171.94 (r/w/o: 19171.94/0.00/0.00) lat (ms,95%): 5.77 err/s: 0.00 reconn/s: 0.00
[ 206s ] thds: 64 tps: 19102.45 qps: 19102.45 (r/w/o: 19102.45/0.00/0.00) lat (ms,95%): 5.88 err/s: 0.00 reconn/s: 0.00
[ 207s ] thds: 64 tps: 18966.76 qps: 18966.76 (r/w/o: 18966.76/0.00/0.00) lat (ms,95%): 5.99 err/s: 0.00 reconn/s: 0.00
[ 208s ] thds: 64 tps: 18623.40 qps: 18623.40 (r/w/o: 18623.40/0.00/0.00) lat (ms,95%): 6.32 err/s: 0.00 reconn/s: 0.00
[ 209s ] thds: 64 tps: 18640.40 qps: 18640.40 (r/w/o: 18640.40/0.00/0.00) lat (ms,95%): 6.21 err/s: 0.00 reconn/s: 0.00
[ 210s ] thds: 64 tps: 18981.99 qps: 18981.99 (r/w/o: 18981.99/0.00/0.00) lat (ms,95%): 5.99 err/s: 0.00 reconn/s: 0.00
[ 211s ] thds: 64 tps: 18870.71 qps: 18870.71 (r/w/o: 18870.71/0.00/0.00) lat (ms,95%): 5.99 err/s: 0.00 reconn/s: 0.00
[ 212s ] thds: 64 tps: 18935.45 qps: 18935.45 (r/w/o: 18935.45/0.00/0.00) lat (ms,95%): 5.99 err/s: 0.00 reconn/s: 0.00
[ 213s ] thds: 64 tps: 19126.30 qps: 19126.30 (r/w/o: 19126.30/0.00/0.00) lat (ms,95%): 5.88 err/s: 0.00 reconn/s: 0.00
[ 214s ] thds: 64 tps: 18904.52 qps: 18904.52 (r/w/o: 18904.52/0.00/0.00) lat (ms,95%): 6.09 err/s: 0.00 reconn/s: 0.00
[ 215s ] thds: 64 tps: 18864.17 qps: 18864.17 (r/w/o: 18864.17/0.00/0.00) lat (ms,95%): 5.99 err/s: 0.00 reconn/s: 0.00
[ 216s ] thds: 64 tps: 19230.73 qps: 19230.73 (r/w/o: 19230.73/0.00/0.00) lat (ms,95%): 5.77 err/s: 0.00 reconn/s: 0.00
[ 217s ] thds: 64 tps: 19177.38 qps: 19177.38 (r/w/o: 19177.38/0.00/0.00) lat (ms,95%): 5.88 err/s: 0.00 reconn/s: 0.00
[ 218s ] thds: 64 tps: 19170.63 qps: 19170.63 (r/w/o: 19170.63/0.00/0.00) lat (ms,95%): 5.88 err/s: 0.00 reconn/s: 0.00
[ 219s ] thds: 64 tps: 19226.52 qps: 19226.52 (r/w/o: 19226.52/0.00/0.00) lat (ms,95%): 5.77 err/s: 0.00 reconn/s: 0.00
[ 220s ] thds: 64 tps: 18967.17 qps: 18967.17 (r/w/o: 18967.17/0.00/0.00) lat (ms,95%): 5.99 err/s: 0.00 reconn/s: 0.00
[ 221s ] thds: 64 tps: 18879.14 qps: 18879.14 (r/w/o: 18879.14/0.00/0.00) lat (ms,95%): 6.09 err/s: 0.00 reconn/s: 0.00
[ 222s ] thds: 64 tps: 19061.67 qps: 19061.67 (r/w/o: 19061.67/0.00/0.00) lat (ms,95%): 5.99 err/s: 0.00 reconn/s: 0.00
[ 223s ] thds: 64 tps: 18897.87 qps: 18897.87 (r/w/o: 18897.87/0.00/0.00) lat (ms,95%): 5.88 err/s: 0.00 reconn/s: 0.00
[ 224s ] thds: 64 tps: 18856.27 qps: 18856.27 (r/w/o: 18856.27/0.00/0.00) lat (ms,95%): 6.09 err/s: 0.00 reconn/s: 0.00
[ 225s ] thds: 64 tps: 18953.29 qps: 18953.29 (r/w/o: 18953.29/0.00/0.00) lat (ms,95%): 5.99 err/s: 0.00 reconn/s: 0.00
[ 226s ] thds: 64 tps: 19070.45 qps: 19070.45 (r/w/o: 19070.45/0.00/0.00) lat (ms,95%): 5.77 err/s: 0.00 reconn/s: 0.00
[ 227s ] thds: 64 tps: 18758.71 qps: 18758.71 (r/w/o: 18758.71/0.00/0.00) lat (ms,95%): 6.21 err/s: 0.00 reconn/s: 0.00
[ 228s ] thds: 64 tps: 19178.04 qps: 19178.04 (r/w/o: 19178.04/0.00/0.00) lat (ms,95%): 5.77 err/s: 0.00 reconn/s: 0.00
[ 229s ] thds: 64 tps: 19112.42 qps: 19112.42 (r/w/o: 19112.42/0.00/0.00) lat (ms,95%): 5.88 err/s: 0.00 reconn/s: 0.00
[ 230s ] thds: 64 tps: 19215.02 qps: 19215.02 (r/w/o: 19215.02/0.00/0.00) lat (ms,95%): 5.88 err/s: 0.00 reconn/s: 0.00
[ 231s ] thds: 64 tps: 19358.08 qps: 19358.08 (r/w/o: 19358.08/0.00/0.00) lat (ms,95%): 5.77 err/s: 0.00 reconn/s: 0.00
[ 232s ] thds: 64 tps: 18866.55 qps: 18866.55 (r/w/o: 18866.55/0.00/0.00) lat (ms,95%): 6.09 err/s: 0.00 reconn/s: 0.00
[ 233s ] thds: 64 tps: 19287.78 qps: 19287.78 (r/w/o: 19287.78/0.00/0.00) lat (ms,95%): 5.77 err/s: 0.00 reconn/s: 0.00
[ 234s ] thds: 64 tps: 18861.25 qps: 18861.25 (r/w/o: 18861.25/0.00/0.00) lat (ms,95%): 6.09 err/s: 0.00 reconn/s: 0.00
[ 235s ] thds: 64 tps: 18895.54 qps: 18895.54 (r/w/o: 18895.54/0.00/0.00) lat (ms,95%): 5.99 err/s: 0.00 reconn/s: 0.00
[ 236s ] thds: 64 tps: 18870.01 qps: 18870.01 (r/w/o: 18870.01/0.00/0.00) lat (ms,95%): 5.99 err/s: 0.00 reconn/s: 0.00
[ 237s ] thds: 64 tps: 19239.36 qps: 19239.36 (r/w/o: 19239.36/0.00/0.00) lat (ms,95%): 5.88 err/s: 0.00 reconn/s: 0.00
[ 238s ] thds: 64 tps: 18883.22 qps: 18883.22 (r/w/o: 18883.22/0.00/0.00) lat (ms,95%): 5.99 err/s: 0.00 reconn/s: 0.00
[ 239s ] thds: 64 tps: 19014.23 qps: 19014.23 (r/w/o: 19014.23/0.00/0.00) lat (ms,95%): 5.88 err/s: 0.00 reconn/s: 0.00
[ 240s ] thds: 64 tps: 19096.37 qps: 19096.37 (r/w/o: 19096.37/0.00/0.00) lat (ms,95%): 5.88 err/s: 0.00 reconn/s: 0.00
Latency histogram (values are in milliseconds)
       value  ------------- distribution ------------- count
       0.481 |                                         1
       0.490 |                                         3
       0.499 |                                         2
       0.508 |                                         9
       0.517 |                                         18
       0.527 |                                         29
       0.536 |                                         53
       0.546 |                                         74
       0.556 |                                         95
       0.566 |                                         118
       0.576 |                                         129
       0.587 |                                         166
       0.597 |                                         224
       0.608 |                                         258
       0.619 |                                         291
       0.630 |                                         340
       0.642 |                                         363
       0.654 |                                         410
       0.665 |                                         440
       0.677 |                                         508
       0.690 |                                         557
       0.702 |                                         582
       0.715 |                                         598
       0.728 |                                         663
       0.741 |                                         651
       0.755 |                                         670
       0.768 |                                         663
       0.782 |                                         707
       0.797 |                                         618
       0.811 |                                         639
       0.826 |                                         692
       0.841 |                                         615
       0.856 |                                         588
       0.872 |                                         579
       0.888 |                                         565
       0.904 |                                         562
       0.920 |                                         512
       0.937 |                                         514
       0.954 |                                         500
       0.971 |                                         464
       0.989 |                                         507
       1.007 |                                         595
       1.025 |                                         647
       1.044 |                                         694
       1.063 |                                         923
       1.082 |                                         1110
       1.102 |                                         1340
       1.122 |*                                        1528
       1.142 |*                                        1902
       1.163 |*                                        2195
       1.184 |*                                        2524
       1.205 |*                                        3159
       1.227 |*                                        4070
       1.250 |**                                       5169
       1.272 |**                                       6392
       1.295 |***                                      8119
       1.319 |***                                      9667
       1.343 |****                                     11315
       1.367 |****                                     12438
       1.392 |****                                     13532
       1.417 |*****                                    14478
       1.443 |*****                                    14919
       1.469 |*****                                    14805
       1.496 |*****                                    14895
       1.523 |*****                                    14439
       1.551 |*****                                    14023
       1.579 |****                                     13363
       1.608 |****                                     12808
       1.637 |****                                     13145
       1.667 |****                                     13290
       1.697 |*****                                    14699
       1.728 |******                                   17678
       1.759 |*******                                  21671
       1.791 |*********                                26629
       1.824 |**********                               31753
       1.857 |************                             36701
       1.891 |*************                            40767
       1.925 |**************                           43147
       1.960 |***************                          44695
       1.996 |***************                          44239
       2.032 |**************                           43570
       2.069 |**************                           42578
       2.106 |**************                           40971
       2.145 |*************                            39824
       2.184 |*************                            39939
       2.223 |**************                           40926
       2.264 |**************                           42712
       2.305 |***************                          45864
       2.347 |****************                         48407
       2.389 |*****************                        51992
       2.433 |*******************                      56502
       2.477 |*********************                    64210
       2.522 |************************                 71304
       2.568 |**************************               78535
       2.615 |***************************              83177
       2.662 |****************************             86172
       2.710 |*****************************            86923
       2.760 |*****************************            88869
       2.810 |*******************************          94678
       2.861 |**********************************       103101
       2.913 |*************************************    111187
       2.966 |***************************************  116781
       3.020 |**************************************** 121054
       3.075 |**************************************** 121210
       3.130 |***************************************  118163
       3.187 |*************************************    111494
       3.245 |**********************************       103660
       3.304 |********************************         96234
       3.364 |******************************           90824
       3.425 |*****************************            86617
       3.488 |***************************              83013
       3.551 |**************************               78247
       3.615 |************************                 72052
       3.681 |**********************                   66410
       3.748 |********************                     61361
       3.816 |*******************                      57164
       3.885 |******************                       53802
       3.956 |*****************                        52685
       4.028 |*****************                        51958
       4.101 |*****************                        52141
       4.176 |*****************                        52648
       4.252 |*****************                        52338
       4.329 |*****************                        51638
       4.407 |****************                         49074
       4.487 |***************                          46763
       4.569 |***************                          44186
       4.652 |**************                           42670
       4.737 |**************                           42055
       4.823 |**************                           42040
       4.910 |**************                           42599
       4.999 |**************                           42126
       5.090 |*************                            39739
       5.183 |************                             37294
       5.277 |***********                              34125
       5.373 |***********                              32269
       5.470 |**********                               31193
       5.570 |**********                               30805
       5.671 |**********                               29674
       5.774 |*********                                28087
       5.879 |********                                 25624
       5.986 |********                                 22951
       6.095 |*******                                  21111
       6.205 |******                                   19694
       6.318 |******                                   19136
       6.433 |******                                   17574
       6.550 |*****                                    16004
       6.669 |*****                                    14296
       6.790 |****                                     12575
       6.913 |****                                     11349
       7.039 |****                                     10761
       7.167 |***                                      9828
       7.297 |***                                      8482
       7.430 |**                                       7395
       7.565 |**                                       6312
       7.702 |**                                       5810
       7.842 |**                                       5433
       7.985 |**                                       4593
       8.130 |*                                        3856
       8.277 |*                                        3341
       8.428 |*                                        2865
       8.581 |*                                        2573
       8.737 |*                                        2031
       8.895 |*                                        1661
       9.057 |                                         1444
       9.222 |                                         1261
       9.389 |                                         1049
       9.560 |                                         800
       9.734 |                                         699
       9.910 |                                         594
      10.090 |                                         489
      10.274 |                                         364
      10.460 |                                         332
      10.651 |                                         255
      10.844 |                                         201
      11.041 |                                         156
      11.242 |                                         131
      11.446 |                                         85
      11.654 |                                         81
      11.866 |                                         68
      12.081 |                                         46
      12.301 |                                         35
      12.524 |                                         29
      12.752 |                                         24
      12.984 |                                         18
      13.219 |                                         9
      13.460 |                                         15
      13.704 |                                         7
      13.953 |                                         9
      14.207 |                                         3
      14.465 |                                         5
      14.728 |                                         4
      14.995 |                                         2
      15.268 |                                         3
      15.545 |                                         1
      15.828 |                                         2
      16.706 |                                         1
      17.319 |                                         1
      17.954 |                                         1
      18.280 |                                         3
      18.950 |                                         1
      19.295 |                                         2
      20.002 |                                         1
      20.366 |                                         1
      21.112 |                                         1
      21.496 |                                         1
      21.886 |                                         2
      22.284 |                                         1
      23.101 |                                         1
      23.948 |                                         1
      25.278 |                                         1
      26.205 |                                         1
      28.162 |                                         1
      28.673 |                                         1
      32.525 |                                         1
      34.954 |                                         2
      41.104 |                                         1
      44.976 |                                         1
     235.740 |                                         1
 
SQL statistics:
    queries performed:
        read:                            4556595
        write:                           0
        other:                           0
        total:                           4556595
    transactions:                        4556595 (18984.04 per sec.)
    queries:                             4556595 (18984.04 per sec.)
    ignored errors:                      0      (0.00 per sec.)
    reconnects:                          0      (0.00 per sec.)

Throughput:
    events/s (eps):                      18984.0406
    time elapsed:                        240.0228s
    total number of events:              4556595

Latency (ms):
         min:                                    0.48
         avg:                                    3.37
         max:                                  234.63
         95th percentile:                        5.99
         sum:                             15355233.02

Threads fairness:
    events (avg/stddev):           71196.4062/9186.18
    execution time (avg/stddev):   239.9255/0.01

