sysbench 1.1.0-3ceba0b (using bundled LuaJIT 2.1.0-beta3)

Running the test with following options:
Number of threads: 512
Warmup time: 60s
Report intermediate results every 1 second(s)
Initializing random number generator from current time


Initializing worker threads...

Threads started!

Warming up for 60 seconds...

[ 1s ] thds: 512 tps: 5201.36 qps: 5201.36 (r/w/o: 0.00/5087.91/113.45) lat (ms,95%): 223.34 err/s: 0.00 reconn/s: 0.00
[ 2s ] thds: 512 tps: 3439.16 qps: 3439.16 (r/w/o: 0.00/3356.16/83.00) lat (ms,95%): 314.45 err/s: 0.00 reconn/s: 0.00
[ 3s ] thds: 512 tps: 3455.91 qps: 3455.91 (r/w/o: 0.00/3377.93/77.98) lat (ms,95%): 314.45 err/s: 0.00 reconn/s: 0.00
[ 4s ] thds: 512 tps: 3573.89 qps: 3573.89 (r/w/o: 0.00/3485.87/88.02) lat (ms,95%): 314.45 err/s: 0.00 reconn/s: 0.00
[ 5s ] thds: 512 tps: 3844.63 qps: 3844.63 (r/w/o: 0.00/3758.64/85.99) lat (ms,95%): 277.21 err/s: 0.00 reconn/s: 0.00
[ 6s ] thds: 512 tps: 3700.49 qps: 3700.49 (r/w/o: 0.00/3609.48/91.01) lat (ms,95%): 227.40 err/s: 0.00 reconn/s: 0.00
[ 7s ] thds: 512 tps: 3657.32 qps: 3657.32 (r/w/o: 0.00/3585.35/71.97) lat (ms,95%): 297.92 err/s: 0.00 reconn/s: 0.00
[ 8s ] thds: 512 tps: 3607.61 qps: 3607.61 (r/w/o: 0.00/3527.57/80.04) lat (ms,95%): 292.60 err/s: 0.00 reconn/s: 0.00
[ 9s ] thds: 512 tps: 5439.87 qps: 5439.87 (r/w/o: 0.00/5333.89/105.98) lat (ms,95%): 223.34 err/s: 0.00 reconn/s: 0.00
[ 10s ] thds: 512 tps: 7829.12 qps: 7829.12 (r/w/o: 0.00/7665.20/163.92) lat (ms,95%): 161.51 err/s: 0.00 reconn/s: 0.00
[ 11s ] thds: 512 tps: 7986.91 qps: 7986.91 (r/w/o: 0.00/7816.78/170.13) lat (ms,95%): 161.51 err/s: 0.00 reconn/s: 0.00
[ 12s ] thds: 512 tps: 7869.83 qps: 7869.83 (r/w/o: 0.00/7695.99/173.84) lat (ms,95%): 161.51 err/s: 0.00 reconn/s: 0.00
[ 13s ] thds: 512 tps: 8080.81 qps: 8080.81 (r/w/o: 0.00/7915.69/165.12) lat (ms,95%): 158.63 err/s: 0.00 reconn/s: 0.00
[ 14s ] thds: 512 tps: 7870.16 qps: 7870.16 (r/w/o: 0.00/7688.16/182.00) lat (ms,95%): 130.13 err/s: 0.00 reconn/s: 0.00
[ 15s ] thds: 512 tps: 3720.61 qps: 3720.61 (r/w/o: 0.00/3641.60/79.01) lat (ms,95%): 153.02 err/s: 0.00 reconn/s: 0.00
[ 16s ] thds: 512 tps: 3732.15 qps: 3732.15 (r/w/o: 0.00/3661.19/70.96) lat (ms,95%): 337.94 err/s: 0.00 reconn/s: 0.00
[ 17s ] thds: 512 tps: 3618.97 qps: 3618.97 (r/w/o: 0.00/3533.00/85.98) lat (ms,95%): 337.94 err/s: 0.00 reconn/s: 0.00
[ 18s ] thds: 512 tps: 3747.63 qps: 3747.63 (r/w/o: 0.00/3670.58/77.05) lat (ms,95%): 337.94 err/s: 0.00 reconn/s: 0.00
[ 19s ] thds: 512 tps: 3653.59 qps: 3653.59 (r/w/o: 0.00/3579.60/73.99) lat (ms,95%): 231.53 err/s: 0.00 reconn/s: 0.00
[ 20s ] thds: 512 tps: 3650.03 qps: 3650.03 (r/w/o: 0.00/3570.07/79.96) lat (ms,95%): 235.74 err/s: 0.00 reconn/s: 0.00
[ 21s ] thds: 512 tps: 3606.64 qps: 3606.64 (r/w/o: 0.00/3518.60/88.04) lat (ms,95%): 227.40 err/s: 0.00 reconn/s: 0.00
[ 22s ] thds: 512 tps: 3795.79 qps: 3795.79 (r/w/o: 0.00/3718.82/76.98) lat (ms,95%): 223.34 err/s: 0.00 reconn/s: 0.00
[ 23s ] thds: 512 tps: 3746.19 qps: 3746.19 (r/w/o: 0.00/3671.18/75.00) lat (ms,95%): 227.40 err/s: 0.00 reconn/s: 0.00
[ 24s ] thds: 512 tps: 3660.88 qps: 3660.88 (r/w/o: 0.00/3588.89/72.00) lat (ms,95%): 235.74 err/s: 0.00 reconn/s: 0.00
[ 25s ] thds: 512 tps: 3720.54 qps: 3720.54 (r/w/o: 0.00/3645.53/75.01) lat (ms,95%): 235.74 err/s: 0.00 reconn/s: 0.00
[ 26s ] thds: 512 tps: 3708.24 qps: 3708.24 (r/w/o: 0.00/3620.24/88.01) lat (ms,95%): 235.74 err/s: 0.00 reconn/s: 0.00
[ 27s ] thds: 512 tps: 3593.45 qps: 3593.45 (r/w/o: 0.00/3511.46/81.99) lat (ms,95%): 350.33 err/s: 0.00 reconn/s: 0.00
[ 28s ] thds: 512 tps: 3578.00 qps: 3578.00 (r/w/o: 0.00/3494.95/83.05) lat (ms,95%): 350.33 err/s: 0.00 reconn/s: 0.00
[ 29s ] thds: 512 tps: 3564.40 qps: 3564.40 (r/w/o: 0.00/3485.46/78.94) lat (ms,95%): 350.33 err/s: 0.00 reconn/s: 0.00
[ 30s ] thds: 512 tps: 3877.36 qps: 3877.36 (r/w/o: 0.00/3784.30/93.06) lat (ms,95%): 350.33 err/s: 0.00 reconn/s: 0.00
[ 31s ] thds: 512 tps: 4040.64 qps: 4040.64 (r/w/o: 0.00/3961.65/78.99) lat (ms,95%): 183.21 err/s: 0.00 reconn/s: 0.00
[ 32s ] thds: 512 tps: 3677.43 qps: 3677.43 (r/w/o: 0.00/3599.42/78.01) lat (ms,95%): 262.64 err/s: 0.00 reconn/s: 0.00
[ 33s ] thds: 512 tps: 3655.26 qps: 3655.26 (r/w/o: 0.00/3579.26/76.01) lat (ms,95%): 262.64 err/s: 0.00 reconn/s: 0.00
[ 34s ] thds: 512 tps: 3569.16 qps: 3569.16 (r/w/o: 0.00/3494.16/75.00) lat (ms,95%): 262.64 err/s: 0.00 reconn/s: 0.00
[ 35s ] thds: 512 tps: 3730.96 qps: 3730.96 (r/w/o: 0.00/3644.96/86.00) lat (ms,95%): 262.64 err/s: 0.00 reconn/s: 0.00
[ 36s ] thds: 512 tps: 3705.84 qps: 3705.84 (r/w/o: 0.00/3619.87/85.97) lat (ms,95%): 363.18 err/s: 0.00 reconn/s: 0.00
[ 37s ] thds: 512 tps: 3666.91 qps: 3666.91 (r/w/o: 0.00/3584.96/81.95) lat (ms,95%): 363.18 err/s: 0.00 reconn/s: 0.00
[ 38s ] thds: 512 tps: 3563.51 qps: 3563.51 (r/w/o: 0.00/3478.49/85.01) lat (ms,95%): 363.18 err/s: 0.00 reconn/s: 0.00
[ 39s ] thds: 512 tps: 3967.30 qps: 3967.30 (r/w/o: 0.00/3874.25/93.05) lat (ms,95%): 176.73 err/s: 0.00 reconn/s: 0.00
[ 40s ] thds: 512 tps: 3761.78 qps: 3761.78 (r/w/o: 0.00/3681.83/79.95) lat (ms,95%): 193.38 err/s: 0.00 reconn/s: 0.00
[ 41s ] thds: 512 tps: 3562.53 qps: 3562.53 (r/w/o: 0.00/3486.48/76.05) lat (ms,95%): 215.44 err/s: 0.00 reconn/s: 0.00
[ 42s ] thds: 512 tps: 3508.89 qps: 3508.89 (r/w/o: 0.00/3431.96/76.93) lat (ms,95%): 215.44 err/s: 0.00 reconn/s: 0.00
[ 43s ] thds: 512 tps: 3624.24 qps: 3624.24 (r/w/o: 0.00/3535.16/89.08) lat (ms,95%): 215.44 err/s: 0.00 reconn/s: 0.00
[ 44s ] thds: 512 tps: 3671.34 qps: 3671.34 (r/w/o: 0.00/3590.35/80.99) lat (ms,95%): 204.11 err/s: 0.00 reconn/s: 0.00
[ 45s ] thds: 512 tps: 3637.60 qps: 3637.60 (r/w/o: 0.00/3548.58/89.01) lat (ms,95%): 207.82 err/s: 0.00 reconn/s: 0.00
[ 46s ] thds: 512 tps: 3612.10 qps: 3612.10 (r/w/o: 0.00/3520.17/91.93) lat (ms,95%): 207.82 err/s: 0.00 reconn/s: 0.00
[ 47s ] thds: 512 tps: 3645.21 qps: 3645.21 (r/w/o: 0.00/3556.15/89.05) lat (ms,95%): 207.82 err/s: 0.00 reconn/s: 0.00
[ 48s ] thds: 512 tps: 3796.70 qps: 3796.70 (r/w/o: 0.00/3694.68/102.02) lat (ms,95%): 207.82 err/s: 0.00 reconn/s: 0.00
[ 49s ] thds: 512 tps: 3688.97 qps: 3688.97 (r/w/o: 0.00/3610.97/78.00) lat (ms,95%): 207.82 err/s: 0.00 reconn/s: 0.00
[ 50s ] thds: 512 tps: 3662.73 qps: 3662.73 (r/w/o: 0.00/3584.78/77.95) lat (ms,95%): 207.82 err/s: 0.00 reconn/s: 0.00
[ 51s ] thds: 512 tps: 3663.48 qps: 3663.48 (r/w/o: 0.00/3578.44/85.03) lat (ms,95%): 207.82 err/s: 0.00 reconn/s: 0.00
[ 52s ] thds: 512 tps: 3711.23 qps: 3711.23 (r/w/o: 0.00/3633.27/77.96) lat (ms,95%): 248.83 err/s: 0.00 reconn/s: 0.00
[ 53s ] thds: 512 tps: 3743.82 qps: 3743.82 (r/w/o: 0.00/3657.76/86.06) lat (ms,95%): 248.83 err/s: 0.00 reconn/s: 0.00
[ 54s ] thds: 512 tps: 3718.57 qps: 3718.57 (r/w/o: 0.00/3652.61/65.96) lat (ms,95%): 240.02 err/s: 0.00 reconn/s: 0.00
[ 55s ] thds: 512 tps: 3516.18 qps: 3516.18 (r/w/o: 0.00/3437.13/79.05) lat (ms,95%): 240.02 err/s: 0.00 reconn/s: 0.00
[ 56s ] thds: 512 tps: 3629.02 qps: 3629.02 (r/w/o: 0.00/3529.05/99.97) lat (ms,95%): 189.93 err/s: 0.00 reconn/s: 0.00
[ 57s ] thds: 512 tps: 3858.87 qps: 3858.87 (r/w/o: 0.00/3777.86/81.02) lat (ms,95%): 186.54 err/s: 0.00 reconn/s: 0.00
[ 58s ] thds: 512 tps: 3737.19 qps: 3737.19 (r/w/o: 0.00/3651.21/85.98) lat (ms,95%): 186.54 err/s: 0.00 reconn/s: 0.00
[ 59s ] thds: 512 tps: 3543.92 qps: 3543.92 (r/w/o: 0.00/3463.90/80.02) lat (ms,95%): 282.25 err/s: 0.00 reconn/s: 0.00
[ 60s ] thds: 512 tps: 3584.08 qps: 3584.08 (r/w/o: 0.00/3512.10/71.98) lat (ms,95%): 282.25 err/s: 0.00 reconn/s: 0.00
[ 61s ] thds: 512 tps: 3666.61 qps: 3666.61 (r/w/o: 0.00/3600.61/65.99) lat (ms,95%): 282.25 err/s: 0.00 reconn/s: 0.00
[ 62s ] thds: 512 tps: 3634.79 qps: 3634.79 (r/w/o: 0.00/3561.77/73.02) lat (ms,95%): 282.25 err/s: 0.00 reconn/s: 0.00
[ 63s ] thds: 512 tps: 3394.59 qps: 3394.59 (r/w/o: 0.00/3315.60/78.99) lat (ms,95%): 383.33 err/s: 0.00 reconn/s: 0.00
[ 64s ] thds: 512 tps: 3534.71 qps: 3534.71 (r/w/o: 0.00/3453.72/80.99) lat (ms,95%): 434.83 err/s: 0.00 reconn/s: 0.00
[ 65s ] thds: 512 tps: 3557.98 qps: 3557.98 (r/w/o: 0.00/3459.95/98.03) lat (ms,95%): 434.83 err/s: 0.00 reconn/s: 0.00
[ 66s ] thds: 512 tps: 3853.49 qps: 3853.49 (r/w/o: 0.00/3751.53/101.96) lat (ms,95%): 297.92 err/s: 0.00 reconn/s: 0.00
[ 67s ] thds: 512 tps: 3799.76 qps: 3799.76 (r/w/o: 0.00/3716.72/83.04) lat (ms,95%): 253.35 err/s: 0.00 reconn/s: 0.00
[ 68s ] thds: 512 tps: 3654.32 qps: 3654.32 (r/w/o: 0.00/3568.36/85.96) lat (ms,95%): 253.35 err/s: 0.00 reconn/s: 0.00
[ 69s ] thds: 512 tps: 3685.93 qps: 3685.93 (r/w/o: 0.00/3596.95/88.97) lat (ms,95%): 207.82 err/s: 0.00 reconn/s: 0.00
[ 70s ] thds: 512 tps: 3686.67 qps: 3686.67 (r/w/o: 0.00/3612.62/74.05) lat (ms,95%): 193.38 err/s: 0.00 reconn/s: 0.00
[ 71s ] thds: 512 tps: 3669.55 qps: 3669.55 (r/w/o: 0.00/3585.56/83.99) lat (ms,95%): 193.38 err/s: 0.00 reconn/s: 0.00
[ 72s ] thds: 512 tps: 3648.61 qps: 3648.61 (r/w/o: 0.00/3559.62/88.99) lat (ms,95%): 193.38 err/s: 0.00 reconn/s: 0.00
[ 73s ] thds: 512 tps: 3708.99 qps: 3708.99 (r/w/o: 0.00/3622.97/86.02) lat (ms,95%): 193.38 err/s: 0.00 reconn/s: 0.00
[ 74s ] thds: 512 tps: 3926.45 qps: 3926.45 (r/w/o: 0.00/3841.51/84.94) lat (ms,95%): 211.60 err/s: 0.00 reconn/s: 0.00
[ 75s ] thds: 512 tps: 3698.20 qps: 3698.20 (r/w/o: 0.00/3626.18/72.02) lat (ms,95%): 211.60 err/s: 0.00 reconn/s: 0.00
[ 76s ] thds: 512 tps: 3682.17 qps: 3682.17 (r/w/o: 0.00/3609.15/73.02) lat (ms,95%): 211.60 err/s: 0.00 reconn/s: 0.00
[ 77s ] thds: 512 tps: 3702.56 qps: 3702.56 (r/w/o: 0.00/3620.57/81.99) lat (ms,95%): 207.82 err/s: 0.00 reconn/s: 0.00
[ 78s ] thds: 512 tps: 3733.78 qps: 3733.78 (r/w/o: 0.00/3653.81/79.97) lat (ms,95%): 186.54 err/s: 0.00 reconn/s: 0.00
[ 79s ] thds: 512 tps: 3735.21 qps: 3735.21 (r/w/o: 0.00/3650.26/84.96) lat (ms,95%): 186.54 err/s: 0.00 reconn/s: 0.00
[ 80s ] thds: 512 tps: 3564.10 qps: 3564.10 (r/w/o: 0.00/3491.03/73.06) lat (ms,95%): 161.51 err/s: 0.00 reconn/s: 0.00
[ 81s ] thds: 512 tps: 3553.15 qps: 3553.15 (r/w/o: 0.00/3463.14/90.00) lat (ms,95%): 161.51 err/s: 0.00 reconn/s: 0.00
[ 82s ] thds: 512 tps: 3768.29 qps: 3768.29 (r/w/o: 0.00/3690.33/77.96) lat (ms,95%): 161.51 err/s: 0.00 reconn/s: 0.00
[ 83s ] thds: 512 tps: 3851.52 qps: 3851.52 (r/w/o: 0.00/3774.51/77.01) lat (ms,95%): 142.39 err/s: 0.00 reconn/s: 0.00
[ 84s ] thds: 512 tps: 3568.37 qps: 3568.37 (r/w/o: 0.00/3491.38/76.99) lat (ms,95%): 142.39 err/s: 0.00 reconn/s: 0.00
[ 85s ] thds: 512 tps: 3552.90 qps: 3552.90 (r/w/o: 0.00/3463.85/89.05) lat (ms,95%): 155.80 err/s: 0.00 reconn/s: 0.00
[ 86s ] thds: 512 tps: 3619.52 qps: 3619.52 (r/w/o: 0.00/3535.53/83.99) lat (ms,95%): 155.80 err/s: 0.00 reconn/s: 0.00
[ 87s ] thds: 512 tps: 3838.62 qps: 3838.62 (r/w/o: 0.00/3763.62/74.99) lat (ms,95%): 155.80 err/s: 0.00 reconn/s: 0.00
[ 88s ] thds: 512 tps: 4062.25 qps: 4062.25 (r/w/o: 0.00/3959.24/103.01) lat (ms,95%): 204.11 err/s: 0.00 reconn/s: 0.00
[ 89s ] thds: 512 tps: 3726.89 qps: 3726.89 (r/w/o: 0.00/3643.92/82.98) lat (ms,95%): 219.36 err/s: 0.00 reconn/s: 0.00
[ 90s ] thds: 512 tps: 3640.93 qps: 3640.93 (r/w/o: 0.00/3550.93/90.00) lat (ms,95%): 219.36 err/s: 0.00 reconn/s: 0.00
[ 91s ] thds: 512 tps: 3477.96 qps: 3477.96 (r/w/o: 0.00/3395.96/82.00) lat (ms,95%): 219.36 err/s: 0.00 reconn/s: 0.00
[ 92s ] thds: 512 tps: 3631.80 qps: 3631.80 (r/w/o: 0.00/3545.80/86.00) lat (ms,95%): 219.36 err/s: 0.00 reconn/s: 0.00
[ 93s ] thds: 512 tps: 3694.21 qps: 3694.21 (r/w/o: 0.00/3618.19/76.02) lat (ms,95%): 262.64 err/s: 0.00 reconn/s: 0.00
[ 94s ] thds: 512 tps: 3656.46 qps: 3656.46 (r/w/o: 0.00/3577.45/79.01) lat (ms,95%): 262.64 err/s: 0.00 reconn/s: 0.00
[ 95s ] thds: 512 tps: 3639.04 qps: 3639.04 (r/w/o: 0.00/3557.06/81.98) lat (ms,95%): 262.64 err/s: 0.00 reconn/s: 0.00
[ 96s ] thds: 512 tps: 3684.02 qps: 3684.02 (r/w/o: 0.00/3613.03/70.98) lat (ms,95%): 262.64 err/s: 0.00 reconn/s: 0.00
[ 97s ] thds: 512 tps: 3673.21 qps: 3673.21 (r/w/o: 0.00/3596.16/77.05) lat (ms,95%): 277.21 err/s: 0.00 reconn/s: 0.00
[ 98s ] thds: 512 tps: 3717.56 qps: 3717.56 (r/w/o: 0.00/3627.59/89.97) lat (ms,95%): 277.21 err/s: 0.00 reconn/s: 0.00
[ 99s ] thds: 512 tps: 3683.79 qps: 3683.79 (r/w/o: 0.00/3606.77/77.02) lat (ms,95%): 277.21 err/s: 0.00 reconn/s: 0.00
[ 100s ] thds: 512 tps: 3727.08 qps: 3727.08 (r/w/o: 0.00/3650.10/76.98) lat (ms,95%): 193.38 err/s: 0.00 reconn/s: 0.00
[ 101s ] thds: 512 tps: 3784.28 qps: 3784.28 (r/w/o: 0.00/3702.26/82.03) lat (ms,95%): 161.51 err/s: 0.00 reconn/s: 0.00
[ 102s ] thds: 512 tps: 3657.90 qps: 3657.90 (r/w/o: 0.00/3585.92/71.98) lat (ms,95%): 231.53 err/s: 0.00 reconn/s: 0.00
[ 103s ] thds: 512 tps: 3675.30 qps: 3675.30 (r/w/o: 0.00/3603.27/72.03) lat (ms,95%): 257.95 err/s: 0.00 reconn/s: 0.00
[ 104s ] thds: 512 tps: 3568.48 qps: 3568.48 (r/w/o: 0.00/3501.49/66.99) lat (ms,95%): 257.95 err/s: 0.00 reconn/s: 0.00
[ 105s ] thds: 512 tps: 3625.56 qps: 3625.56 (r/w/o: 0.00/3541.54/84.01) lat (ms,95%): 257.95 err/s: 0.00 reconn/s: 0.00
[ 106s ] thds: 512 tps: 3622.86 qps: 3622.86 (r/w/o: 0.00/3541.89/80.97) lat (ms,95%): 257.95 err/s: 0.00 reconn/s: 0.00
[ 107s ] thds: 512 tps: 3682.75 qps: 3682.75 (r/w/o: 0.00/3613.73/69.01) lat (ms,95%): 257.95 err/s: 0.00 reconn/s: 0.00
[ 108s ] thds: 512 tps: 3727.33 qps: 3727.33 (r/w/o: 0.00/3661.33/66.01) lat (ms,95%): 193.38 err/s: 0.00 reconn/s: 0.00
[ 109s ] thds: 512 tps: 3662.86 qps: 3662.86 (r/w/o: 0.00/3598.88/63.98) lat (ms,95%): 193.38 err/s: 0.00 reconn/s: 0.00
[ 110s ] thds: 512 tps: 3764.61 qps: 3764.61 (r/w/o: 0.00/3693.61/70.99) lat (ms,95%): 200.47 err/s: 0.00 reconn/s: 0.00
[ 111s ] thds: 512 tps: 3731.59 qps: 3731.59 (r/w/o: 0.00/3640.58/91.01) lat (ms,95%): 200.47 err/s: 0.00 reconn/s: 0.00
[ 112s ] thds: 512 tps: 3734.32 qps: 3734.32 (r/w/o: 0.00/3639.29/95.03) lat (ms,95%): 200.47 err/s: 0.00 reconn/s: 0.00
[ 113s ] thds: 512 tps: 3496.94 qps: 3496.94 (r/w/o: 0.00/3409.96/86.97) lat (ms,95%): 204.11 err/s: 0.00 reconn/s: 0.00
[ 114s ] thds: 512 tps: 3578.69 qps: 3578.69 (r/w/o: 0.00/3496.70/81.99) lat (ms,95%): 207.82 err/s: 0.00 reconn/s: 0.00
[ 115s ] thds: 512 tps: 3661.39 qps: 3661.39 (r/w/o: 0.00/3571.38/90.01) lat (ms,95%): 207.82 err/s: 0.00 reconn/s: 0.00
[ 116s ] thds: 512 tps: 3628.30 qps: 3628.30 (r/w/o: 0.00/3543.31/84.98) lat (ms,95%): 207.82 err/s: 0.00 reconn/s: 0.00
[ 117s ] thds: 512 tps: 3574.22 qps: 3574.22 (r/w/o: 0.00/3508.20/66.02) lat (ms,95%): 196.89 err/s: 0.00 reconn/s: 0.00
[ 118s ] thds: 512 tps: 3645.05 qps: 3645.05 (r/w/o: 0.00/3569.05/76.00) lat (ms,95%): 196.89 err/s: 0.00 reconn/s: 0.00
[ 119s ] thds: 512 tps: 3711.51 qps: 3711.51 (r/w/o: 0.00/3637.54/73.97) lat (ms,95%): 176.73 err/s: 0.00 reconn/s: 0.00
[ 120s ] thds: 512 tps: 3595.77 qps: 3595.77 (r/w/o: 0.00/3505.75/90.02) lat (ms,95%): 211.60 err/s: 0.00 reconn/s: 0.00
[ 121s ] thds: 512 tps: 3571.50 qps: 3571.50 (r/w/o: 0.00/3482.48/89.01) lat (ms,95%): 253.35 err/s: 0.00 reconn/s: 0.00
[ 122s ] thds: 512 tps: 3633.78 qps: 3633.78 (r/w/o: 0.00/3555.78/78.00) lat (ms,95%): 257.95 err/s: 0.00 reconn/s: 0.00
[ 123s ] thds: 512 tps: 3686.87 qps: 3686.87 (r/w/o: 0.00/3597.87/89.00) lat (ms,95%): 257.95 err/s: 0.00 reconn/s: 0.00
[ 124s ] thds: 512 tps: 3809.65 qps: 3809.65 (r/w/o: 0.00/3743.67/65.98) lat (ms,95%): 196.89 err/s: 0.00 reconn/s: 0.00
[ 125s ] thds: 512 tps: 3834.65 qps: 3834.65 (r/w/o: 0.00/3762.62/72.03) lat (ms,95%): 196.89 err/s: 0.00 reconn/s: 0.00
[ 126s ] thds: 512 tps: 3626.40 qps: 3626.40 (r/w/o: 0.00/3559.39/67.01) lat (ms,95%): 196.89 err/s: 0.00 reconn/s: 0.00
[ 127s ] thds: 512 tps: 3590.56 qps: 3590.56 (r/w/o: 0.00/3510.59/79.97) lat (ms,95%): 196.89 err/s: 0.00 reconn/s: 0.00
[ 128s ] thds: 512 tps: 3978.80 qps: 3978.80 (r/w/o: 0.00/3900.80/78.00) lat (ms,95%): 193.38 err/s: 0.00 reconn/s: 0.00
[ 129s ] thds: 512 tps: 3845.38 qps: 3845.38 (r/w/o: 0.00/3760.38/85.01) lat (ms,95%): 193.38 err/s: 0.00 reconn/s: 0.00
[ 130s ] thds: 512 tps: 3686.27 qps: 3686.27 (r/w/o: 0.00/3601.24/85.03) lat (ms,95%): 200.47 err/s: 0.00 reconn/s: 0.00
[ 131s ] thds: 512 tps: 3497.53 qps: 3497.53 (r/w/o: 0.00/3408.57/88.96) lat (ms,95%): 262.64 err/s: 0.00 reconn/s: 0.00
[ 132s ] thds: 512 tps: 3567.78 qps: 3567.78 (r/w/o: 0.00/3480.78/86.99) lat (ms,95%): 244.38 err/s: 0.00 reconn/s: 0.00
[ 133s ] thds: 512 tps: 3697.57 qps: 3697.57 (r/w/o: 0.00/3610.55/87.01) lat (ms,95%): 240.02 err/s: 0.00 reconn/s: 0.00
[ 134s ] thds: 512 tps: 3596.80 qps: 3596.80 (r/w/o: 0.00/3503.81/92.99) lat (ms,95%): 267.41 err/s: 0.00 reconn/s: 0.00
[ 135s ] thds: 512 tps: 3519.55 qps: 3519.55 (r/w/o: 0.00/3440.56/78.99) lat (ms,95%): 277.21 err/s: 0.00 reconn/s: 0.00
[ 136s ] thds: 512 tps: 3480.63 qps: 3480.63 (r/w/o: 0.00/3410.62/70.01) lat (ms,95%): 277.21 err/s: 0.00 reconn/s: 0.00
[ 137s ] thds: 512 tps: 3726.40 qps: 3726.40 (r/w/o: 0.00/3643.40/83.01) lat (ms,95%): 277.21 err/s: 0.00 reconn/s: 0.00
[ 138s ] thds: 512 tps: 3949.89 qps: 3949.89 (r/w/o: 0.00/3852.90/97.00) lat (ms,95%): 211.60 err/s: 0.00 reconn/s: 0.00
[ 139s ] thds: 512 tps: 3999.17 qps: 3999.17 (r/w/o: 0.00/3911.19/87.98) lat (ms,95%): 207.82 err/s: 0.00 reconn/s: 0.00
[ 140s ] thds: 512 tps: 3660.22 qps: 3660.22 (r/w/o: 0.00/3606.21/54.00) lat (ms,95%): 211.60 err/s: 0.00 reconn/s: 0.00
[ 141s ] thds: 512 tps: 3573.70 qps: 3573.70 (r/w/o: 0.00/3496.71/76.99) lat (ms,95%): 211.60 err/s: 0.00 reconn/s: 0.00
[ 142s ] thds: 512 tps: 3636.58 qps: 3636.58 (r/w/o: 0.00/3572.55/64.03) lat (ms,95%): 207.82 err/s: 0.00 reconn/s: 0.00
[ 143s ] thds: 512 tps: 3690.46 qps: 3690.46 (r/w/o: 0.00/3603.49/86.96) lat (ms,95%): 179.94 err/s: 0.00 reconn/s: 0.00
[ 144s ] thds: 512 tps: 3668.16 qps: 3668.16 (r/w/o: 0.00/3589.16/79.00) lat (ms,95%): 167.44 err/s: 0.00 reconn/s: 0.00
[ 145s ] thds: 512 tps: 3668.85 qps: 3668.85 (r/w/o: 0.00/3587.86/81.00) lat (ms,95%): 176.73 err/s: 0.00 reconn/s: 0.00
[ 146s ] thds: 512 tps: 3658.55 qps: 3658.55 (r/w/o: 0.00/3591.56/66.99) lat (ms,95%): 176.73 err/s: 0.00 reconn/s: 0.00
[ 147s ] thds: 512 tps: 3706.69 qps: 3706.69 (r/w/o: 0.00/3639.68/67.01) lat (ms,95%): 176.73 err/s: 0.00 reconn/s: 0.00
[ 148s ] thds: 512 tps: 3691.32 qps: 3691.32 (r/w/o: 0.00/3616.31/75.01) lat (ms,95%): 176.73 err/s: 0.00 reconn/s: 0.00
[ 149s ] thds: 512 tps: 3828.65 qps: 3828.65 (r/w/o: 0.00/3736.65/91.99) lat (ms,95%): 179.94 err/s: 0.00 reconn/s: 0.00
[ 150s ] thds: 512 tps: 3789.29 qps: 3789.29 (r/w/o: 0.00/3706.28/83.01) lat (ms,95%): 179.94 err/s: 0.00 reconn/s: 0.00
[ 151s ] thds: 512 tps: 3636.33 qps: 3636.33 (r/w/o: 0.00/3586.33/50.00) lat (ms,95%): 183.21 err/s: 0.00 reconn/s: 0.00
[ 152s ] thds: 512 tps: 3626.34 qps: 3626.34 (r/w/o: 0.00/3546.35/79.99) lat (ms,95%): 183.21 err/s: 0.00 reconn/s: 0.00
[ 153s ] thds: 512 tps: 3697.41 qps: 3697.41 (r/w/o: 0.00/3616.40/81.01) lat (ms,95%): 183.21 err/s: 0.00 reconn/s: 0.00
[ 154s ] thds: 512 tps: 3686.21 qps: 3686.21 (r/w/o: 0.00/3584.18/102.03) lat (ms,95%): 186.54 err/s: 0.00 reconn/s: 0.00
[ 155s ] thds: 512 tps: 3672.29 qps: 3672.29 (r/w/o: 0.00/3599.30/72.99) lat (ms,95%): 183.21 err/s: 0.00 reconn/s: 0.00
[ 156s ] thds: 512 tps: 3663.03 qps: 3663.03 (r/w/o: 0.00/3575.05/87.98) lat (ms,95%): 183.21 err/s: 0.00 reconn/s: 0.00
[ 157s ] thds: 512 tps: 3680.24 qps: 3680.24 (r/w/o: 0.00/3590.23/90.01) lat (ms,95%): 183.21 err/s: 0.00 reconn/s: 0.00
[ 158s ] thds: 512 tps: 3768.96 qps: 3768.96 (r/w/o: 0.00/3689.96/79.00) lat (ms,95%): 183.21 err/s: 0.00 reconn/s: 0.00
[ 159s ] thds: 512 tps: 3674.38 qps: 3674.38 (r/w/o: 0.00/3605.37/69.01) lat (ms,95%): 215.44 err/s: 0.00 reconn/s: 0.00
[ 160s ] thds: 512 tps: 3682.57 qps: 3682.57 (r/w/o: 0.00/3599.58/82.99) lat (ms,95%): 215.44 err/s: 0.00 reconn/s: 0.00
[ 161s ] thds: 512 tps: 3690.87 qps: 3690.87 (r/w/o: 0.00/3615.85/75.02) lat (ms,95%): 215.44 err/s: 0.00 reconn/s: 0.00
[ 162s ] thds: 512 tps: 3749.54 qps: 3749.54 (r/w/o: 0.00/3668.55/80.99) lat (ms,95%): 179.94 err/s: 0.00 reconn/s: 0.00
[ 163s ] thds: 512 tps: 3640.74 qps: 3640.74 (r/w/o: 0.00/3551.77/88.97) lat (ms,95%): 211.60 err/s: 0.00 reconn/s: 0.00
[ 164s ] thds: 512 tps: 3602.83 qps: 3602.83 (r/w/o: 0.00/3535.80/67.03) lat (ms,95%): 215.44 err/s: 0.00 reconn/s: 0.00
[ 165s ] thds: 512 tps: 3562.39 qps: 3562.39 (r/w/o: 0.00/3486.39/76.01) lat (ms,95%): 267.41 err/s: 0.00 reconn/s: 0.00
[ 166s ] thds: 512 tps: 3627.99 qps: 3627.99 (r/w/o: 0.00/3540.04/87.95) lat (ms,95%): 267.41 err/s: 0.00 reconn/s: 0.00
[ 167s ] thds: 512 tps: 3733.69 qps: 3733.69 (r/w/o: 0.00/3646.70/86.99) lat (ms,95%): 272.27 err/s: 0.00 reconn/s: 0.00
[ 168s ] thds: 512 tps: 3724.63 qps: 3724.63 (r/w/o: 0.00/3640.62/84.01) lat (ms,95%): 272.27 err/s: 0.00 reconn/s: 0.00
[ 169s ] thds: 512 tps: 3564.18 qps: 3564.18 (r/w/o: 0.00/3481.18/83.00) lat (ms,95%): 231.53 err/s: 0.00 reconn/s: 0.00
[ 170s ] thds: 512 tps: 3574.68 qps: 3574.68 (r/w/o: 0.00/3491.69/82.99) lat (ms,95%): 231.53 err/s: 0.00 reconn/s: 0.00
[ 171s ] thds: 512 tps: 3895.22 qps: 3895.22 (r/w/o: 0.00/3807.20/88.03) lat (ms,95%): 193.38 err/s: 0.00 reconn/s: 0.00
[ 172s ] thds: 512 tps: 3818.68 qps: 3818.68 (r/w/o: 0.00/3737.71/80.97) lat (ms,95%): 189.93 err/s: 0.00 reconn/s: 0.00
[ 173s ] thds: 512 tps: 3454.85 qps: 3454.85 (r/w/o: 0.00/3371.80/83.04) lat (ms,95%): 297.92 err/s: 0.00 reconn/s: 0.00
[ 174s ] thds: 512 tps: 3477.85 qps: 3477.85 (r/w/o: 0.00/3412.87/64.98) lat (ms,95%): 297.92 err/s: 0.00 reconn/s: 0.00
[ 175s ] thds: 512 tps: 3583.37 qps: 3583.37 (r/w/o: 0.00/3488.33/95.04) lat (ms,95%): 297.92 err/s: 0.00 reconn/s: 0.00
[ 176s ] thds: 512 tps: 3619.38 qps: 3619.38 (r/w/o: 0.00/3528.44/90.93) lat (ms,95%): 292.60 err/s: 0.00 reconn/s: 0.00
[ 177s ] thds: 512 tps: 3663.38 qps: 3663.38 (r/w/o: 0.00/3589.35/74.03) lat (ms,95%): 308.84 err/s: 0.00 reconn/s: 0.00
[ 178s ] thds: 512 tps: 3617.74 qps: 3617.74 (r/w/o: 0.00/3527.72/90.02) lat (ms,95%): 308.84 err/s: 0.00 reconn/s: 0.00
[ 179s ] thds: 512 tps: 3534.37 qps: 3534.37 (r/w/o: 0.00/3459.41/74.97) lat (ms,95%): 308.84 err/s: 0.00 reconn/s: 0.00
[ 180s ] thds: 512 tps: 3887.37 qps: 3887.37 (r/w/o: 0.00/3804.36/83.01) lat (ms,95%): 253.35 err/s: 0.00 reconn/s: 0.00
[ 181s ] thds: 512 tps: 3874.39 qps: 3874.39 (r/w/o: 0.00/3791.38/83.01) lat (ms,95%): 170.48 err/s: 0.00 reconn/s: 0.00
[ 182s ] thds: 512 tps: 3897.58 qps: 3897.58 (r/w/o: 0.00/3811.59/85.99) lat (ms,95%): 170.48 err/s: 0.00 reconn/s: 0.00
[ 183s ] thds: 512 tps: 3455.87 qps: 3455.87 (r/w/o: 0.00/3377.85/78.02) lat (ms,95%): 253.35 err/s: 0.00 reconn/s: 0.00
[ 184s ] thds: 512 tps: 3393.34 qps: 3393.34 (r/w/o: 0.00/3329.34/64.01) lat (ms,95%): 272.27 err/s: 0.00 reconn/s: 0.00
[ 185s ] thds: 512 tps: 3594.83 qps: 3594.83 (r/w/o: 0.00/3509.83/85.00) lat (ms,95%): 272.27 err/s: 0.00 reconn/s: 0.00
[ 186s ] thds: 512 tps: 3699.76 qps: 3699.76 (r/w/o: 0.00/3616.75/83.02) lat (ms,95%): 272.27 err/s: 0.00 reconn/s: 0.00
[ 187s ] thds: 512 tps: 3646.36 qps: 3646.36 (r/w/o: 0.00/3560.40/85.96) lat (ms,95%): 287.38 err/s: 0.00 reconn/s: 0.00
[ 188s ] thds: 512 tps: 3577.67 qps: 3577.67 (r/w/o: 0.00/3492.63/85.04) lat (ms,95%): 369.77 err/s: 0.00 reconn/s: 0.00
[ 189s ] thds: 512 tps: 3534.38 qps: 3534.38 (r/w/o: 0.00/3462.42/71.97) lat (ms,95%): 267.41 err/s: 0.00 reconn/s: 0.00
[ 190s ] thds: 512 tps: 3794.34 qps: 3794.34 (r/w/o: 0.00/3699.33/95.01) lat (ms,95%): 267.41 err/s: 0.00 reconn/s: 0.00
[ 191s ] thds: 512 tps: 8037.79 qps: 8037.79 (r/w/o: 0.00/7852.82/184.97) lat (ms,95%): 167.44 err/s: 0.00 reconn/s: 0.00
[ 192s ] thds: 512 tps: 8161.49 qps: 8161.49 (r/w/o: 0.00/7978.50/182.99) lat (ms,95%): 153.02 err/s: 0.00 reconn/s: 0.00
[ 193s ] thds: 512 tps: 8113.69 qps: 8113.69 (r/w/o: 0.00/7944.59/169.10) lat (ms,95%): 155.80 err/s: 0.00 reconn/s: 0.00
[ 194s ] thds: 512 tps: 7866.04 qps: 7866.04 (r/w/o: 0.00/7687.06/178.98) lat (ms,95%): 170.48 err/s: 0.00 reconn/s: 0.00
[ 195s ] thds: 512 tps: 6824.56 qps: 6824.56 (r/w/o: 0.00/6670.61/153.94) lat (ms,95%): 196.89 err/s: 0.00 reconn/s: 0.00
[ 196s ] thds: 512 tps: 3759.05 qps: 3759.05 (r/w/o: 0.00/3678.05/81.00) lat (ms,95%): 196.89 err/s: 0.00 reconn/s: 0.00
[ 197s ] thds: 512 tps: 3648.10 qps: 3648.10 (r/w/o: 0.00/3579.10/69.00) lat (ms,95%): 196.89 err/s: 0.00 reconn/s: 0.00
[ 198s ] thds: 512 tps: 3665.39 qps: 3665.39 (r/w/o: 0.00/3583.36/82.03) lat (ms,95%): 193.38 err/s: 0.00 reconn/s: 0.00
[ 199s ] thds: 512 tps: 3733.85 qps: 3733.85 (r/w/o: 0.00/3666.89/66.96) lat (ms,95%): 193.38 err/s: 0.00 reconn/s: 0.00
[ 200s ] thds: 512 tps: 3720.72 qps: 3720.72 (r/w/o: 0.00/3639.70/81.02) lat (ms,95%): 231.53 err/s: 0.00 reconn/s: 0.00
[ 201s ] thds: 512 tps: 3606.47 qps: 3606.47 (r/w/o: 0.00/3534.48/71.99) lat (ms,95%): 231.53 err/s: 0.00 reconn/s: 0.00
[ 202s ] thds: 512 tps: 3622.24 qps: 3622.24 (r/w/o: 0.00/3533.23/89.01) lat (ms,95%): 231.53 err/s: 0.00 reconn/s: 0.00
[ 203s ] thds: 512 tps: 3639.73 qps: 3639.73 (r/w/o: 0.00/3560.74/78.99) lat (ms,95%): 231.53 err/s: 0.00 reconn/s: 0.00
[ 204s ] thds: 512 tps: 3778.08 qps: 3778.08 (r/w/o: 0.00/3693.04/85.05) lat (ms,95%): 244.38 err/s: 0.00 reconn/s: 0.00
[ 205s ] thds: 512 tps: 3898.31 qps: 3898.31 (r/w/o: 0.00/3813.34/84.96) lat (ms,95%): 244.38 err/s: 0.00 reconn/s: 0.00
[ 206s ] thds: 512 tps: 3937.11 qps: 3937.11 (r/w/o: 0.00/3847.11/90.00) lat (ms,95%): 164.45 err/s: 0.00 reconn/s: 0.00
[ 207s ] thds: 512 tps: 3598.50 qps: 3598.50 (r/w/o: 0.00/3532.51/65.99) lat (ms,95%): 257.95 err/s: 0.00 reconn/s: 0.00
[ 208s ] thds: 512 tps: 3746.18 qps: 3746.18 (r/w/o: 0.00/3663.13/83.05) lat (ms,95%): 282.25 err/s: 0.00 reconn/s: 0.00
[ 209s ] thds: 512 tps: 3764.43 qps: 3764.43 (r/w/o: 0.00/3679.46/84.96) lat (ms,95%): 282.25 err/s: 0.00 reconn/s: 0.00
[ 210s ] thds: 512 tps: 3661.99 qps: 3661.99 (r/w/o: 0.00/3584.99/77.00) lat (ms,95%): 282.25 err/s: 0.00 reconn/s: 0.00
[ 211s ] thds: 512 tps: 3546.04 qps: 3546.04 (r/w/o: 0.00/3457.01/89.03) lat (ms,95%): 186.54 err/s: 0.00 reconn/s: 0.00
[ 212s ] thds: 512 tps: 3593.50 qps: 3593.50 (r/w/o: 0.00/3524.53/68.97) lat (ms,95%): 183.21 err/s: 0.00 reconn/s: 0.00
[ 213s ] thds: 512 tps: 3633.30 qps: 3633.30 (r/w/o: 0.00/3557.32/75.99) lat (ms,95%): 183.21 err/s: 0.00 reconn/s: 0.00
[ 214s ] thds: 512 tps: 6115.39 qps: 6115.39 (r/w/o: 0.00/5977.29/138.10) lat (ms,95%): 147.61 err/s: 0.00 reconn/s: 0.00
[ 215s ] thds: 512 tps: 7737.30 qps: 7737.30 (r/w/o: 0.00/7577.30/160.01) lat (ms,95%): 147.61 err/s: 0.00 reconn/s: 0.00
[ 216s ] thds: 512 tps: 7826.74 qps: 7826.74 (r/w/o: 0.00/7658.74/167.99) lat (ms,95%): 147.61 err/s: 0.00 reconn/s: 0.00
[ 217s ] thds: 512 tps: 7879.99 qps: 7879.99 (r/w/o: 0.00/7694.99/185.00) lat (ms,95%): 147.61 err/s: 0.00 reconn/s: 0.00
[ 218s ] thds: 512 tps: 7927.75 qps: 7927.75 (r/w/o: 0.00/7772.81/154.94) lat (ms,95%): 132.49 err/s: 0.00 reconn/s: 0.00
[ 219s ] thds: 512 tps: 3931.99 qps: 3931.99 (r/w/o: 0.00/3853.01/78.98) lat (ms,95%): 142.39 err/s: 0.00 reconn/s: 0.00
[ 220s ] thds: 512 tps: 3731.76 qps: 3731.76 (r/w/o: 0.00/3651.75/80.02) lat (ms,95%): 297.92 err/s: 0.00 reconn/s: 0.00
[ 221s ] thds: 512 tps: 3744.92 qps: 3744.92 (r/w/o: 0.00/3666.94/77.98) lat (ms,95%): 297.92 err/s: 0.00 reconn/s: 0.00
[ 222s ] thds: 512 tps: 3698.87 qps: 3698.87 (r/w/o: 0.00/3611.80/87.07) lat (ms,95%): 297.92 err/s: 0.00 reconn/s: 0.00
[ 223s ] thds: 512 tps: 3780.84 qps: 3780.84 (r/w/o: 0.00/3701.84/79.00) lat (ms,95%): 231.53 err/s: 0.00 reconn/s: 0.00
[ 224s ] thds: 512 tps: 3677.62 qps: 3677.62 (r/w/o: 0.00/3604.67/72.95) lat (ms,95%): 231.53 err/s: 0.00 reconn/s: 0.00
[ 225s ] thds: 512 tps: 3670.32 qps: 3670.32 (r/w/o: 0.00/3577.26/93.06) lat (ms,95%): 231.53 err/s: 0.00 reconn/s: 0.00
[ 226s ] thds: 512 tps: 3785.74 qps: 3785.74 (r/w/o: 0.00/3713.80/71.94) lat (ms,95%): 231.53 err/s: 0.00 reconn/s: 0.00
[ 227s ] thds: 512 tps: 3905.23 qps: 3905.23 (r/w/o: 0.00/3825.21/80.03) lat (ms,95%): 179.94 err/s: 0.00 reconn/s: 0.00
[ 228s ] thds: 512 tps: 3718.76 qps: 3718.76 (r/w/o: 0.00/3643.77/75.00) lat (ms,95%): 179.94 err/s: 0.00 reconn/s: 0.00
[ 229s ] thds: 512 tps: 3528.33 qps: 3528.33 (r/w/o: 0.00/3457.33/71.01) lat (ms,95%): 320.17 err/s: 0.00 reconn/s: 0.00
[ 230s ] thds: 512 tps: 3561.67 qps: 3561.67 (r/w/o: 0.00/3468.65/93.02) lat (ms,95%): 325.98 err/s: 0.00 reconn/s: 0.00
[ 231s ] thds: 512 tps: 3715.08 qps: 3715.08 (r/w/o: 0.00/3634.05/81.02) lat (ms,95%): 320.17 err/s: 0.00 reconn/s: 0.00
[ 232s ] thds: 512 tps: 3725.36 qps: 3725.36 (r/w/o: 0.00/3626.40/98.96) lat (ms,95%): 287.38 err/s: 0.00 reconn/s: 0.00
[ 233s ] thds: 512 tps: 3640.00 qps: 3640.00 (r/w/o: 0.00/3569.96/70.04) lat (ms,95%): 287.38 err/s: 0.00 reconn/s: 0.00
[ 234s ] thds: 512 tps: 3512.97 qps: 3512.97 (r/w/o: 0.00/3411.03/101.94) lat (ms,95%): 287.38 err/s: 0.00 reconn/s: 0.00
[ 235s ] thds: 512 tps: 3733.63 qps: 3733.63 (r/w/o: 0.00/3633.61/100.02) lat (ms,95%): 207.82 err/s: 0.00 reconn/s: 0.00
[ 236s ] thds: 512 tps: 3780.84 qps: 3780.84 (r/w/o: 0.00/3704.83/76.02) lat (ms,95%): 207.82 err/s: 0.00 reconn/s: 0.00
[ 237s ] thds: 512 tps: 3650.54 qps: 3650.54 (r/w/o: 0.00/3559.57/90.96) lat (ms,95%): 193.38 err/s: 0.00 reconn/s: 0.00
[ 238s ] thds: 512 tps: 3461.87 qps: 3461.87 (r/w/o: 0.00/3404.84/57.03) lat (ms,95%): 235.74 err/s: 0.00 reconn/s: 0.00
[ 239s ] thds: 512 tps: 3541.56 qps: 3541.56 (r/w/o: 0.00/3462.59/78.97) lat (ms,95%): 235.74 err/s: 0.00 reconn/s: 0.00
[ 240s ] thds: 512 tps: 3711.41 qps: 3711.41 (r/w/o: 0.00/3630.40/81.01) lat (ms,95%): 235.74 err/s: 0.00 reconn/s: 0.00
Latency histogram (values are in milliseconds)
       value  ------------- distribution ------------- count
       5.470 |                                         1
       5.570 |                                         1
       5.671 |                                         3
       5.774 |                                         1
       5.879 |                                         4
       5.986 |                                         9
       6.095 |                                         16
       6.205 |                                         24
       6.318 |                                         48
       6.433 |                                         66
       6.550 |                                         101
       6.669 |                                         143
       6.790 |                                         203
       6.913 |                                         289
       7.039 |                                         427
       7.167 |                                         550
       7.297 |                                         727
       7.430 |*                                        922
       7.565 |*                                        940
       7.702 |*                                        1068
       7.842 |*                                        1146
       7.985 |*                                        1421
       8.130 |*                                        1508
       8.277 |*                                        1734
       8.428 |*                                        1999
       8.581 |*                                        2107
       8.737 |**                                       2358
       8.895 |**                                       2500
       9.057 |**                                       2662
       9.222 |**                                       2786
       9.389 |**                                       3030
       9.560 |**                                       3025
       9.734 |**                                       2881
       9.910 |**                                       2766
      10.090 |**                                       2596
      10.274 |**                                       2620
      10.460 |**                                       2278
      10.651 |*                                        2182
      10.844 |*                                        2048
      11.041 |*                                        1838
      11.242 |*                                        1575
      11.446 |*                                        1381
      11.654 |*                                        1272
      11.866 |*                                        1078
      12.081 |*                                        1052
      12.301 |*                                        850
      12.524 |                                         713
      12.752 |                                         639
      12.984 |                                         576
      13.219 |                                         479
      13.460 |                                         406
      13.704 |                                         354
      13.953 |                                         316
      14.207 |                                         290
      14.465 |                                         249
      14.728 |                                         243
      14.995 |                                         192
      15.268 |                                         149
      15.545 |                                         151
      15.828 |                                         125
      16.115 |                                         110
      16.408 |                                         96
      16.706 |                                         83
      17.010 |                                         63
      17.319 |                                         75
      17.633 |                                         50
      17.954 |                                         41
      18.280 |                                         51
      18.612 |                                         43
      18.950 |                                         39
      19.295 |                                         30
      19.645 |                                         27
      20.002 |                                         17
      20.366 |                                         23
      20.736 |                                         26
      21.112 |                                         22
      21.496 |                                         11
      21.886 |                                         17
      22.284 |                                         10
      22.689 |                                         18
      23.101 |                                         6
      23.521 |                                         12
      23.948 |                                         15
      24.384 |                                         14
      24.827 |                                         8
      25.278 |                                         5
      25.737 |                                         8
      26.205 |                                         7
      26.681 |                                         12
      27.165 |                                         4
      27.659 |                                         12
      28.162 |                                         7
      28.673 |                                         12
      29.194 |                                         4
      29.725 |                                         17
      30.265 |                                         7
      30.815 |                                         9
      31.375 |                                         13
      31.945 |                                         3
      32.525 |                                         5
      33.116 |                                         10
      33.718 |                                         12
      34.330 |                                         7
      34.954 |                                         10
      35.589 |                                         11
      36.236 |                                         8
      36.894 |                                         9
      37.565 |                                         1
      38.247 |                                         9
      38.942 |                                         14
      39.650 |                                         5
      40.370 |                                         11
      41.104 |                                         11
      41.851 |                                         10
      42.611 |                                         12
      43.385 |                                         11
      44.173 |                                         13
      44.976 |                                         13
      45.793 |                                         7
      46.625 |                                         18
      47.472 |                                         12
      48.335 |                                         15
      49.213 |                                         10
      50.107 |                                         19
      51.018 |                                         22
      51.945 |                                         12
      52.889 |                                         28
      53.850 |                                         20
      54.828 |                                         18
      55.824 |                                         27
      56.839 |                                         23
      57.871 |                                         25
      58.923 |                                         21
      59.993 |                                         18
      61.083 |                                         29
      62.193 |                                         24
      63.323 |                                         25
      64.474 |                                         26
      65.645 |                                         40
      66.838 |                                         35
      68.053 |                                         33
      69.289 |                                         32
      70.548 |                                         35
      71.830 |                                         42
      73.135 |                                         34
      74.464 |                                         38
      75.817 |                                         44
      77.194 |                                         30
      78.597 |                                         45
      80.025 |                                         35
      81.479 |                                         45
      82.959 |                                         60
      84.467 |                                         66
      86.002 |                                         75
      87.564 |                                         91
      89.155 |                                         327
      90.775 |*                                        1022
      92.424 |                                         404
      94.104 |                                         146
      95.814 |                                         448
      97.555 |**                                       2643
      99.327 |****                                     6341
     101.132 |********                                 12275
     102.969 |**************                           20363
     104.840 |***********************                  33651
     106.745 |**************************               38611
     108.685 |**************************               39220
     110.659 |***************************              40675
     112.670 |*********************************        49209
     114.717 |**************************************   56308
     116.802 |**************************************** 59205
     118.924 |***********************************      51497
     121.085 |********************************         47469
     123.285 |*******************************          46187
     125.525 |***********************                  34658
     127.805 |*********************                    31356
     130.128 |*****************                        25686
     132.492 |***********                              16235
     134.899 |**********                               15281
     137.350 |**********                               15469
     139.846 |************                             17591
     142.387 |**********                               14076
     144.974 |**********                               14380
     147.608 |*********                                12878
     150.290 |***********                              16581
     153.021 |********                                 12410
     155.801 |*****                                    7899
     158.632 |*****                                    7228
     161.514 |*****                                    7686
     164.449 |******                                   8899
     167.437 |*****                                    7614
     170.479 |*****                                    7437
     173.577 |****                                     5443
     176.731 |*****                                    7054
     179.942 |***                                      4857
     183.211 |**                                       3444
     186.540 |**                                       3314
     189.929 |**                                       2813
     193.380 |****                                     5347
     196.894 |**                                       3475
     200.472 |***                                      3776
     204.114 |*                                        2086
     207.823 |***                                      3820
     211.599 |**                                       3480
     215.443 |*                                        1938
     219.358 |**                                       2454
     223.344 |**                                       2511
     227.402 |*                                        744
     231.534 |**                                       2975
     235.740 |*                                        1847
     240.024 |*                                        768
     244.385 |                                         626
     248.825 |                                         663
     253.346 |*                                        911
     257.950 |*                                        1843
     262.636 |**                                       2454
     267.408 |*                                        2218
     272.267 |*                                        969
     277.214 |**                                       2278
     282.251 |*                                        2006
     287.379 |*                                        1229
     292.601 |*                                        1259
     297.917 |*                                        1702
     303.330 |*                                        775
     308.842 |                                         623
     314.453 |                                         476
     320.167 |                                         573
     325.984 |                                         551
     331.907 |*                                        902
     337.938 |*                                        1235
     344.078 |*                                        746
     350.330 |                                         613
     356.695 |                                         509
     363.176 |*                                        1245
     369.775 |                                         641
     376.494 |*                                        954
     383.334 |                                         130
     390.299 |                                         296
     397.391 |                                         270
     404.611 |                                         448
     411.963 |                                         739
     419.448 |                                         85
     427.069 |                                         557
     434.829 |                                         567
     442.730 |                                         534
     450.774 |                                         536
     458.964 |                                         340
     467.304 |                                         595
     475.794 |                                         262
     484.439 |*                                        934
     493.242 |*                                        768
     502.204 |                                         236
     511.328 |                                         109
     520.619 |                                         506
     530.078 |                                         45
     539.710 |                                         35
     549.516 |                                         37
     559.501 |                                         470
     569.667 |                                         47
     580.017 |                                         19
     590.556 |                                         42
     601.286 |                                         29
     612.211 |                                         448
     623.335 |                                         15
     634.661 |                                         223
     646.192 |                                         27
     657.933 |                                         16
     669.888 |                                         18
     682.059 |                                         101
     694.452 |                                         132
     707.070 |                                         16
     719.917 |                                         202
     732.998 |                                         14
     746.316 |                                         15
     759.876 |                                         356
     773.683 |                                         15
     787.741 |                                         173
     802.053 |                                         17
     816.626 |                                         14
     831.464 |                                         149
     846.572 |                                         25
     861.954 |                                         9
     877.615 |                                         10
     893.561 |                                         10
     909.797 |                                         6
     926.327 |                                         9
     943.158 |                                         3
     960.295 |                                         4
     977.743 |                                         2
     995.508 |                                         4
    1013.597 |                                         3
    1032.013 |                                         2
    1069.856 |                                         1
    1089.295 |                                         3
    1109.087 |                                         3
    1129.239 |                                         4
    1149.757 |                                         2
    1170.648 |                                         104
    1191.918 |                                         10
    1213.575 |                                         15
    1235.625 |                                         2
    1258.076 |                                         1
    1280.934 |                                         3
    1304.208 |                                         1
    1327.905 |                                         2
    1352.033 |                                         2
    1376.599 |                                         3
    1401.611 |                                         1
    1427.078 |                                         1
    1453.007 |                                         3
    1479.408 |                                         3
    1506.288 |                                         2
    1533.657 |                                         2
    1589.895 |                                         2
    1708.634 |                                         1
    1836.241 |                                         1
    1903.575 |                                         1
    1973.377 |                                         1
    2009.233 |                                         1
    2082.910 |                                         1
    2320.552 |                                         20
    2362.716 |                                         1
    2405.646 |                                         1
    2449.355 |                                         1
    2539.172 |                                         1
    2585.308 |                                         1
    2632.282 |                                         1
    2680.109 |                                         2
    2728.806 |                                         2
    2778.387 |                                         2
    2828.869 |                                         1
    2880.269 |                                         2
    2932.602 |                                         1
    2985.887 |                                         2
    3040.139 |                                         1
    3095.377 |                                         1
    3151.619 |                                         1
    3208.883 |                                         2
    3267.187 |                                         2
    3386.993 |                                         3
    3448.533 |                                         1
 
SQL statistics:
    queries performed:
        read:                            0
        write:                           925140
        other:                           20781
        total:                           945921
    transactions:                        945921 (3937.00 per sec.)
    queries:                             945921 (3937.00 per sec.)
    ignored errors:                      0      (0.00 per sec.)
    reconnects:                          0      (0.00 per sec.)

Throughput:
    events/s (eps):                      3936.9988
    time elapsed:                        240.2651s
    total number of events:              945921

Latency (ms):
         min:                                    5.49
         avg:                                  129.98
         max:                                 3445.49
         95th percentile:                      223.34
         sum:                            122952120.18

Threads fairness:
    events (avg/stddev):           1847.4922/246.87
    execution time (avg/stddev):   240.1409/0.08

