sysbench 1.1.0-3ceba0b (using bundled LuaJIT 2.1.0-beta3)

Running the test with following options:
Number of threads: 128
Warmup time: 60s
Report intermediate results every 1 second(s)
Initializing random number generator from current time


Initializing worker threads...

Threads started!

Warming up for 60 seconds...

[ 1s ] thds: 128 tps: 18508.31 qps: 18508.31 (r/w/o: 18508.31/0.00/0.00) lat (ms,95%): 18.95 err/s: 0.00 reconn/s: 0.00
[ 2s ] thds: 128 tps: 18627.68 qps: 18627.68 (r/w/o: 18627.68/0.00/0.00) lat (ms,95%): 18.95 err/s: 0.00 reconn/s: 0.00
[ 3s ] thds: 128 tps: 19003.55 qps: 19003.55 (r/w/o: 19003.55/0.00/0.00) lat (ms,95%): 18.61 err/s: 0.00 reconn/s: 0.00
[ 4s ] thds: 128 tps: 19046.85 qps: 19046.85 (r/w/o: 19046.85/0.00/0.00) lat (ms,95%): 18.61 err/s: 0.00 reconn/s: 0.00
[ 5s ] thds: 128 tps: 18815.16 qps: 18815.16 (r/w/o: 18815.16/0.00/0.00) lat (ms,95%): 19.65 err/s: 0.00 reconn/s: 0.00
[ 6s ] thds: 128 tps: 18987.67 qps: 18987.67 (r/w/o: 18987.67/0.00/0.00) lat (ms,95%): 18.61 err/s: 0.00 reconn/s: 0.00
[ 7s ] thds: 128 tps: 18993.99 qps: 18993.99 (r/w/o: 18993.99/0.00/0.00) lat (ms,95%): 18.61 err/s: 0.00 reconn/s: 0.00
[ 8s ] thds: 128 tps: 19491.25 qps: 19491.25 (r/w/o: 19491.25/0.00/0.00) lat (ms,95%): 18.28 err/s: 0.00 reconn/s: 0.00
[ 9s ] thds: 128 tps: 19167.94 qps: 19167.94 (r/w/o: 19167.94/0.00/0.00) lat (ms,95%): 18.28 err/s: 0.00 reconn/s: 0.00
[ 10s ] thds: 128 tps: 18995.16 qps: 18995.16 (r/w/o: 18995.16/0.00/0.00) lat (ms,95%): 18.95 err/s: 0.00 reconn/s: 0.00
[ 11s ] thds: 128 tps: 19096.91 qps: 19096.91 (r/w/o: 19096.91/0.00/0.00) lat (ms,95%): 18.61 err/s: 0.00 reconn/s: 0.00
[ 12s ] thds: 128 tps: 19018.98 qps: 19018.98 (r/w/o: 19018.98/0.00/0.00) lat (ms,95%): 18.95 err/s: 0.00 reconn/s: 0.00
[ 13s ] thds: 128 tps: 19046.21 qps: 19046.21 (r/w/o: 19046.21/0.00/0.00) lat (ms,95%): 18.95 err/s: 0.00 reconn/s: 0.00
[ 14s ] thds: 128 tps: 19110.67 qps: 19110.67 (r/w/o: 19110.67/0.00/0.00) lat (ms,95%): 18.28 err/s: 0.00 reconn/s: 0.00
[ 15s ] thds: 128 tps: 19232.25 qps: 19232.25 (r/w/o: 19232.25/0.00/0.00) lat (ms,95%): 18.61 err/s: 0.00 reconn/s: 0.00
[ 16s ] thds: 128 tps: 18820.60 qps: 18820.60 (r/w/o: 18820.60/0.00/0.00) lat (ms,95%): 18.95 err/s: 0.00 reconn/s: 0.00
[ 17s ] thds: 128 tps: 19234.29 qps: 19234.29 (r/w/o: 19234.29/0.00/0.00) lat (ms,95%): 18.28 err/s: 0.00 reconn/s: 0.00
[ 18s ] thds: 128 tps: 19004.14 qps: 19004.14 (r/w/o: 19004.14/0.00/0.00) lat (ms,95%): 18.61 err/s: 0.00 reconn/s: 0.00
[ 19s ] thds: 128 tps: 19399.98 qps: 19399.98 (r/w/o: 19399.98/0.00/0.00) lat (ms,95%): 18.95 err/s: 0.00 reconn/s: 0.00
[ 20s ] thds: 128 tps: 19116.44 qps: 19116.44 (r/w/o: 19116.44/0.00/0.00) lat (ms,95%): 18.28 err/s: 0.00 reconn/s: 0.00
[ 21s ] thds: 128 tps: 18860.66 qps: 18860.66 (r/w/o: 18860.66/0.00/0.00) lat (ms,95%): 18.61 err/s: 0.00 reconn/s: 0.00
[ 22s ] thds: 128 tps: 18907.79 qps: 18907.79 (r/w/o: 18907.79/0.00/0.00) lat (ms,95%): 19.29 err/s: 0.00 reconn/s: 0.00
[ 23s ] thds: 128 tps: 19134.73 qps: 19134.73 (r/w/o: 19134.73/0.00/0.00) lat (ms,95%): 18.61 err/s: 0.00 reconn/s: 0.00
[ 24s ] thds: 128 tps: 19110.26 qps: 19110.26 (r/w/o: 19110.26/0.00/0.00) lat (ms,95%): 18.61 err/s: 0.00 reconn/s: 0.00
[ 25s ] thds: 128 tps: 18906.47 qps: 18906.47 (r/w/o: 18906.47/0.00/0.00) lat (ms,95%): 18.95 err/s: 0.00 reconn/s: 0.00
[ 26s ] thds: 128 tps: 19099.49 qps: 19099.49 (r/w/o: 19099.49/0.00/0.00) lat (ms,95%): 18.95 err/s: 0.00 reconn/s: 0.00
[ 27s ] thds: 128 tps: 19051.35 qps: 19051.35 (r/w/o: 19051.35/0.00/0.00) lat (ms,95%): 18.95 err/s: 0.00 reconn/s: 0.00
[ 28s ] thds: 128 tps: 19125.94 qps: 19125.94 (r/w/o: 19125.94/0.00/0.00) lat (ms,95%): 18.61 err/s: 0.00 reconn/s: 0.00
[ 29s ] thds: 128 tps: 19165.31 qps: 19165.31 (r/w/o: 19165.31/0.00/0.00) lat (ms,95%): 18.95 err/s: 0.00 reconn/s: 0.00
[ 30s ] thds: 128 tps: 19136.75 qps: 19136.75 (r/w/o: 19136.75/0.00/0.00) lat (ms,95%): 18.61 err/s: 0.00 reconn/s: 0.00
[ 31s ] thds: 128 tps: 19032.43 qps: 19032.43 (r/w/o: 19032.43/0.00/0.00) lat (ms,95%): 18.61 err/s: 0.00 reconn/s: 0.00
[ 32s ] thds: 128 tps: 18942.07 qps: 18942.07 (r/w/o: 18942.07/0.00/0.00) lat (ms,95%): 18.95 err/s: 0.00 reconn/s: 0.00
[ 33s ] thds: 128 tps: 19147.43 qps: 19147.43 (r/w/o: 19147.43/0.00/0.00) lat (ms,95%): 18.61 err/s: 0.00 reconn/s: 0.00
[ 34s ] thds: 128 tps: 18894.76 qps: 18894.76 (r/w/o: 18894.76/0.00/0.00) lat (ms,95%): 18.95 err/s: 0.00 reconn/s: 0.00
[ 35s ] thds: 128 tps: 18984.25 qps: 18984.25 (r/w/o: 18984.25/0.00/0.00) lat (ms,95%): 18.61 err/s: 0.00 reconn/s: 0.00
[ 36s ] thds: 128 tps: 18809.36 qps: 18809.36 (r/w/o: 18809.36/0.00/0.00) lat (ms,95%): 18.95 err/s: 0.00 reconn/s: 0.00
[ 37s ] thds: 128 tps: 19250.12 qps: 19250.12 (r/w/o: 19250.12/0.00/0.00) lat (ms,95%): 17.95 err/s: 0.00 reconn/s: 0.00
[ 38s ] thds: 128 tps: 19083.15 qps: 19083.15 (r/w/o: 19083.15/0.00/0.00) lat (ms,95%): 18.61 err/s: 0.00 reconn/s: 0.00
[ 39s ] thds: 128 tps: 18904.60 qps: 18904.60 (r/w/o: 18904.60/0.00/0.00) lat (ms,95%): 18.61 err/s: 0.00 reconn/s: 0.00
[ 40s ] thds: 128 tps: 19304.77 qps: 19304.77 (r/w/o: 19304.77/0.00/0.00) lat (ms,95%): 18.61 err/s: 0.00 reconn/s: 0.00
[ 41s ] thds: 128 tps: 19066.37 qps: 19066.37 (r/w/o: 19066.37/0.00/0.00) lat (ms,95%): 18.95 err/s: 0.00 reconn/s: 0.00
[ 42s ] thds: 128 tps: 19153.86 qps: 19153.86 (r/w/o: 19153.86/0.00/0.00) lat (ms,95%): 18.28 err/s: 0.00 reconn/s: 0.00
[ 43s ] thds: 128 tps: 19117.96 qps: 19117.96 (r/w/o: 19117.96/0.00/0.00) lat (ms,95%): 18.95 err/s: 0.00 reconn/s: 0.00
[ 44s ] thds: 128 tps: 19261.33 qps: 19261.33 (r/w/o: 19261.33/0.00/0.00) lat (ms,95%): 18.61 err/s: 0.00 reconn/s: 0.00
[ 45s ] thds: 128 tps: 19367.41 qps: 19367.41 (r/w/o: 19367.41/0.00/0.00) lat (ms,95%): 18.61 err/s: 0.00 reconn/s: 0.00
[ 46s ] thds: 128 tps: 19227.46 qps: 19227.46 (r/w/o: 19227.46/0.00/0.00) lat (ms,95%): 18.28 err/s: 0.00 reconn/s: 0.00
[ 47s ] thds: 128 tps: 19102.92 qps: 19102.92 (r/w/o: 19102.92/0.00/0.00) lat (ms,95%): 18.61 err/s: 0.00 reconn/s: 0.00
[ 48s ] thds: 128 tps: 18946.39 qps: 18946.39 (r/w/o: 18946.39/0.00/0.00) lat (ms,95%): 18.61 err/s: 0.00 reconn/s: 0.00
[ 49s ] thds: 128 tps: 19006.87 qps: 19006.87 (r/w/o: 19006.87/0.00/0.00) lat (ms,95%): 18.28 err/s: 0.00 reconn/s: 0.00
[ 50s ] thds: 128 tps: 19300.41 qps: 19300.41 (r/w/o: 19300.41/0.00/0.00) lat (ms,95%): 17.95 err/s: 0.00 reconn/s: 0.00
[ 51s ] thds: 128 tps: 18852.35 qps: 18852.35 (r/w/o: 18852.35/0.00/0.00) lat (ms,95%): 18.95 err/s: 0.00 reconn/s: 0.00
[ 52s ] thds: 128 tps: 19022.28 qps: 19022.28 (r/w/o: 19022.28/0.00/0.00) lat (ms,95%): 18.95 err/s: 0.00 reconn/s: 0.00
[ 53s ] thds: 128 tps: 19158.48 qps: 19158.48 (r/w/o: 19158.48/0.00/0.00) lat (ms,95%): 18.28 err/s: 0.00 reconn/s: 0.00
[ 54s ] thds: 128 tps: 19105.05 qps: 19105.05 (r/w/o: 19105.05/0.00/0.00) lat (ms,95%): 18.95 err/s: 0.00 reconn/s: 0.00
[ 55s ] thds: 128 tps: 18739.69 qps: 18739.69 (r/w/o: 18739.69/0.00/0.00) lat (ms,95%): 18.95 err/s: 0.00 reconn/s: 0.00
[ 56s ] thds: 128 tps: 19324.95 qps: 19324.95 (r/w/o: 19324.95/0.00/0.00) lat (ms,95%): 18.61 err/s: 0.00 reconn/s: 0.00
[ 57s ] thds: 128 tps: 19132.84 qps: 19132.84 (r/w/o: 19132.84/0.00/0.00) lat (ms,95%): 18.28 err/s: 0.00 reconn/s: 0.00
[ 58s ] thds: 128 tps: 19302.14 qps: 19302.14 (r/w/o: 19302.14/0.00/0.00) lat (ms,95%): 18.28 err/s: 0.00 reconn/s: 0.00
[ 59s ] thds: 128 tps: 19055.00 qps: 19055.00 (r/w/o: 19055.00/0.00/0.00) lat (ms,95%): 18.95 err/s: 0.00 reconn/s: 0.00
[ 60s ] thds: 128 tps: 19030.43 qps: 19030.43 (r/w/o: 19030.43/0.00/0.00) lat (ms,95%): 18.95 err/s: 0.00 reconn/s: 0.00
[ 61s ] thds: 128 tps: 18810.41 qps: 18810.41 (r/w/o: 18810.41/0.00/0.00) lat (ms,95%): 18.95 err/s: 0.00 reconn/s: 0.00
[ 62s ] thds: 128 tps: 18888.54 qps: 18888.54 (r/w/o: 18888.54/0.00/0.00) lat (ms,95%): 20.00 err/s: 0.00 reconn/s: 0.00
[ 63s ] thds: 128 tps: 19014.41 qps: 19014.41 (r/w/o: 19014.41/0.00/0.00) lat (ms,95%): 18.61 err/s: 0.00 reconn/s: 0.00
[ 64s ] thds: 128 tps: 19052.37 qps: 19052.37 (r/w/o: 19052.37/0.00/0.00) lat (ms,95%): 18.61 err/s: 0.00 reconn/s: 0.00
[ 65s ] thds: 128 tps: 19068.46 qps: 19068.46 (r/w/o: 19068.46/0.00/0.00) lat (ms,95%): 18.61 err/s: 0.00 reconn/s: 0.00
[ 66s ] thds: 128 tps: 18658.28 qps: 18658.28 (r/w/o: 18658.28/0.00/0.00) lat (ms,95%): 18.95 err/s: 0.00 reconn/s: 0.00
[ 67s ] thds: 128 tps: 18882.57 qps: 18882.57 (r/w/o: 18882.57/0.00/0.00) lat (ms,95%): 19.29 err/s: 0.00 reconn/s: 0.00
[ 68s ] thds: 128 tps: 19042.95 qps: 19042.95 (r/w/o: 19042.95/0.00/0.00) lat (ms,95%): 18.61 err/s: 0.00 reconn/s: 0.00
[ 69s ] thds: 128 tps: 19385.46 qps: 19385.46 (r/w/o: 19385.46/0.00/0.00) lat (ms,95%): 18.61 err/s: 0.00 reconn/s: 0.00
[ 70s ] thds: 128 tps: 19075.29 qps: 19075.29 (r/w/o: 19075.29/0.00/0.00) lat (ms,95%): 18.95 err/s: 0.00 reconn/s: 0.00
[ 71s ] thds: 128 tps: 19179.99 qps: 19179.99 (r/w/o: 19179.99/0.00/0.00) lat (ms,95%): 18.61 err/s: 0.00 reconn/s: 0.00
[ 72s ] thds: 128 tps: 18970.79 qps: 18971.79 (r/w/o: 18971.79/0.00/0.00) lat (ms,95%): 18.28 err/s: 0.00 reconn/s: 0.00
[ 73s ] thds: 128 tps: 19047.08 qps: 19046.08 (r/w/o: 19046.08/0.00/0.00) lat (ms,95%): 18.95 err/s: 0.00 reconn/s: 0.00
[ 74s ] thds: 128 tps: 18938.30 qps: 18938.30 (r/w/o: 18938.30/0.00/0.00) lat (ms,95%): 18.28 err/s: 0.00 reconn/s: 0.00
[ 75s ] thds: 128 tps: 19116.72 qps: 19116.72 (r/w/o: 19116.72/0.00/0.00) lat (ms,95%): 18.28 err/s: 0.00 reconn/s: 0.00
[ 76s ] thds: 128 tps: 19255.45 qps: 19255.45 (r/w/o: 19255.45/0.00/0.00) lat (ms,95%): 18.28 err/s: 0.00 reconn/s: 0.00
[ 77s ] thds: 128 tps: 19086.98 qps: 19086.98 (r/w/o: 19086.98/0.00/0.00) lat (ms,95%): 18.61 err/s: 0.00 reconn/s: 0.00
[ 78s ] thds: 128 tps: 19072.95 qps: 19072.95 (r/w/o: 19072.95/0.00/0.00) lat (ms,95%): 18.61 err/s: 0.00 reconn/s: 0.00
[ 79s ] thds: 128 tps: 18917.74 qps: 18917.74 (r/w/o: 18917.74/0.00/0.00) lat (ms,95%): 18.61 err/s: 0.00 reconn/s: 0.00
[ 80s ] thds: 128 tps: 19079.26 qps: 19079.26 (r/w/o: 19079.26/0.00/0.00) lat (ms,95%): 18.28 err/s: 0.00 reconn/s: 0.00
[ 81s ] thds: 128 tps: 19135.07 qps: 19135.07 (r/w/o: 19135.07/0.00/0.00) lat (ms,95%): 18.61 err/s: 0.00 reconn/s: 0.00
[ 82s ] thds: 128 tps: 18991.16 qps: 18991.16 (r/w/o: 18991.16/0.00/0.00) lat (ms,95%): 18.61 err/s: 0.00 reconn/s: 0.00
[ 83s ] thds: 128 tps: 19173.08 qps: 19173.08 (r/w/o: 19173.08/0.00/0.00) lat (ms,95%): 18.28 err/s: 0.00 reconn/s: 0.00
[ 84s ] thds: 128 tps: 18730.39 qps: 18730.39 (r/w/o: 18730.39/0.00/0.00) lat (ms,95%): 18.95 err/s: 0.00 reconn/s: 0.00
[ 85s ] thds: 128 tps: 19067.92 qps: 19067.92 (r/w/o: 19067.92/0.00/0.00) lat (ms,95%): 18.61 err/s: 0.00 reconn/s: 0.00
[ 86s ] thds: 128 tps: 19075.17 qps: 19075.17 (r/w/o: 19075.17/0.00/0.00) lat (ms,95%): 18.95 err/s: 0.00 reconn/s: 0.00
[ 87s ] thds: 128 tps: 18958.25 qps: 18958.25 (r/w/o: 18958.25/0.00/0.00) lat (ms,95%): 18.61 err/s: 0.00 reconn/s: 0.00
[ 88s ] thds: 128 tps: 18952.43 qps: 18952.43 (r/w/o: 18952.43/0.00/0.00) lat (ms,95%): 18.61 err/s: 0.00 reconn/s: 0.00
[ 89s ] thds: 128 tps: 19117.25 qps: 19117.25 (r/w/o: 19117.25/0.00/0.00) lat (ms,95%): 18.61 err/s: 0.00 reconn/s: 0.00
[ 90s ] thds: 128 tps: 19119.20 qps: 19119.20 (r/w/o: 19119.20/0.00/0.00) lat (ms,95%): 18.61 err/s: 0.00 reconn/s: 0.00
[ 91s ] thds: 128 tps: 18991.92 qps: 18991.92 (r/w/o: 18991.92/0.00/0.00) lat (ms,95%): 18.61 err/s: 0.00 reconn/s: 0.00
[ 92s ] thds: 128 tps: 18904.18 qps: 18904.18 (r/w/o: 18904.18/0.00/0.00) lat (ms,95%): 18.95 err/s: 0.00 reconn/s: 0.00
[ 93s ] thds: 128 tps: 18879.86 qps: 18879.86 (r/w/o: 18879.86/0.00/0.00) lat (ms,95%): 19.29 err/s: 0.00 reconn/s: 0.00
[ 94s ] thds: 128 tps: 18833.39 qps: 18833.39 (r/w/o: 18833.39/0.00/0.00) lat (ms,95%): 18.61 err/s: 0.00 reconn/s: 0.00
[ 95s ] thds: 128 tps: 19333.12 qps: 19333.12 (r/w/o: 19333.12/0.00/0.00) lat (ms,95%): 18.61 err/s: 0.00 reconn/s: 0.00
[ 96s ] thds: 128 tps: 19173.66 qps: 19173.66 (r/w/o: 19173.66/0.00/0.00) lat (ms,95%): 18.61 err/s: 0.00 reconn/s: 0.00
[ 97s ] thds: 128 tps: 19146.95 qps: 19146.95 (r/w/o: 19146.95/0.00/0.00) lat (ms,95%): 18.95 err/s: 0.00 reconn/s: 0.00
[ 98s ] thds: 128 tps: 19366.96 qps: 19366.96 (r/w/o: 19366.96/0.00/0.00) lat (ms,95%): 18.28 err/s: 0.00 reconn/s: 0.00
[ 99s ] thds: 128 tps: 19008.00 qps: 19008.00 (r/w/o: 19008.00/0.00/0.00) lat (ms,95%): 18.61 err/s: 0.00 reconn/s: 0.00
[ 100s ] thds: 128 tps: 18858.44 qps: 18858.44 (r/w/o: 18858.44/0.00/0.00) lat (ms,95%): 18.28 err/s: 0.00 reconn/s: 0.00
[ 101s ] thds: 128 tps: 18860.15 qps: 18860.15 (r/w/o: 18860.15/0.00/0.00) lat (ms,95%): 18.61 err/s: 0.00 reconn/s: 0.00
[ 102s ] thds: 128 tps: 19003.42 qps: 19003.42 (r/w/o: 19003.42/0.00/0.00) lat (ms,95%): 19.29 err/s: 0.00 reconn/s: 0.00
[ 103s ] thds: 128 tps: 18937.26 qps: 18937.26 (r/w/o: 18937.26/0.00/0.00) lat (ms,95%): 18.95 err/s: 0.00 reconn/s: 0.00
[ 104s ] thds: 128 tps: 18888.57 qps: 18888.57 (r/w/o: 18888.57/0.00/0.00) lat (ms,95%): 19.29 err/s: 0.00 reconn/s: 0.00
[ 105s ] thds: 128 tps: 19003.95 qps: 19003.95 (r/w/o: 19003.95/0.00/0.00) lat (ms,95%): 18.95 err/s: 0.00 reconn/s: 0.00
[ 106s ] thds: 128 tps: 19125.10 qps: 19125.10 (r/w/o: 19125.10/0.00/0.00) lat (ms,95%): 18.61 err/s: 0.00 reconn/s: 0.00
[ 107s ] thds: 128 tps: 18874.60 qps: 18874.60 (r/w/o: 18874.60/0.00/0.00) lat (ms,95%): 18.95 err/s: 0.00 reconn/s: 0.00
[ 108s ] thds: 128 tps: 19050.06 qps: 19050.06 (r/w/o: 19050.06/0.00/0.00) lat (ms,95%): 18.61 err/s: 0.00 reconn/s: 0.00
[ 109s ] thds: 128 tps: 19100.07 qps: 19100.07 (r/w/o: 19100.07/0.00/0.00) lat (ms,95%): 18.95 err/s: 0.00 reconn/s: 0.00
[ 110s ] thds: 128 tps: 18813.48 qps: 18813.48 (r/w/o: 18813.48/0.00/0.00) lat (ms,95%): 19.29 err/s: 0.00 reconn/s: 0.00
[ 111s ] thds: 128 tps: 19260.59 qps: 19260.59 (r/w/o: 19260.59/0.00/0.00) lat (ms,95%): 18.28 err/s: 0.00 reconn/s: 0.00
[ 112s ] thds: 128 tps: 18954.78 qps: 18954.78 (r/w/o: 18954.78/0.00/0.00) lat (ms,95%): 18.95 err/s: 0.00 reconn/s: 0.00
[ 113s ] thds: 128 tps: 19337.93 qps: 19337.93 (r/w/o: 19337.93/0.00/0.00) lat (ms,95%): 18.61 err/s: 0.00 reconn/s: 0.00
[ 114s ] thds: 128 tps: 18960.62 qps: 18960.62 (r/w/o: 18960.62/0.00/0.00) lat (ms,95%): 18.61 err/s: 0.00 reconn/s: 0.00
[ 115s ] thds: 128 tps: 19078.03 qps: 19078.03 (r/w/o: 19078.03/0.00/0.00) lat (ms,95%): 18.61 err/s: 0.00 reconn/s: 0.00
[ 116s ] thds: 128 tps: 18865.11 qps: 18865.11 (r/w/o: 18865.11/0.00/0.00) lat (ms,95%): 18.95 err/s: 0.00 reconn/s: 0.00
[ 117s ] thds: 128 tps: 19085.36 qps: 19085.36 (r/w/o: 19085.36/0.00/0.00) lat (ms,95%): 18.95 err/s: 0.00 reconn/s: 0.00
[ 118s ] thds: 128 tps: 19138.97 qps: 19138.97 (r/w/o: 19138.97/0.00/0.00) lat (ms,95%): 18.28 err/s: 0.00 reconn/s: 0.00
[ 119s ] thds: 128 tps: 18961.08 qps: 18961.08 (r/w/o: 18961.08/0.00/0.00) lat (ms,95%): 18.95 err/s: 0.00 reconn/s: 0.00
[ 120s ] thds: 128 tps: 18926.43 qps: 18926.43 (r/w/o: 18926.43/0.00/0.00) lat (ms,95%): 19.29 err/s: 0.00 reconn/s: 0.00
[ 121s ] thds: 128 tps: 18465.74 qps: 18465.74 (r/w/o: 18465.74/0.00/0.00) lat (ms,95%): 19.29 err/s: 0.00 reconn/s: 0.00
[ 122s ] thds: 128 tps: 18653.23 qps: 18653.23 (r/w/o: 18653.23/0.00/0.00) lat (ms,95%): 18.95 err/s: 0.00 reconn/s: 0.00
[ 123s ] thds: 128 tps: 18837.07 qps: 18837.07 (r/w/o: 18837.07/0.00/0.00) lat (ms,95%): 18.95 err/s: 0.00 reconn/s: 0.00
[ 124s ] thds: 128 tps: 19131.31 qps: 19131.31 (r/w/o: 19131.31/0.00/0.00) lat (ms,95%): 18.95 err/s: 0.00 reconn/s: 0.00
[ 125s ] thds: 128 tps: 18949.03 qps: 18949.03 (r/w/o: 18949.03/0.00/0.00) lat (ms,95%): 18.61 err/s: 0.00 reconn/s: 0.00
[ 126s ] thds: 128 tps: 18965.67 qps: 18965.67 (r/w/o: 18965.67/0.00/0.00) lat (ms,95%): 18.95 err/s: 0.00 reconn/s: 0.00
[ 127s ] thds: 128 tps: 18917.39 qps: 18917.39 (r/w/o: 18917.39/0.00/0.00) lat (ms,95%): 18.61 err/s: 0.00 reconn/s: 0.00
[ 128s ] thds: 128 tps: 19011.12 qps: 19011.12 (r/w/o: 19011.12/0.00/0.00) lat (ms,95%): 18.95 err/s: 0.00 reconn/s: 0.00
[ 129s ] thds: 128 tps: 18727.14 qps: 18727.14 (r/w/o: 18727.14/0.00/0.00) lat (ms,95%): 19.29 err/s: 0.00 reconn/s: 0.00
[ 130s ] thds: 128 tps: 19110.25 qps: 19110.25 (r/w/o: 19110.25/0.00/0.00) lat (ms,95%): 18.28 err/s: 0.00 reconn/s: 0.00
[ 131s ] thds: 128 tps: 18967.06 qps: 18967.06 (r/w/o: 18967.06/0.00/0.00) lat (ms,95%): 18.28 err/s: 0.00 reconn/s: 0.00
[ 132s ] thds: 128 tps: 19065.52 qps: 19065.52 (r/w/o: 19065.52/0.00/0.00) lat (ms,95%): 18.61 err/s: 0.00 reconn/s: 0.00
[ 133s ] thds: 128 tps: 19440.61 qps: 19440.61 (r/w/o: 19440.61/0.00/0.00) lat (ms,95%): 18.61 err/s: 0.00 reconn/s: 0.00
[ 134s ] thds: 128 tps: 18703.01 qps: 18703.01 (r/w/o: 18703.01/0.00/0.00) lat (ms,95%): 18.95 err/s: 0.00 reconn/s: 0.00
[ 135s ] thds: 128 tps: 18883.60 qps: 18883.60 (r/w/o: 18883.60/0.00/0.00) lat (ms,95%): 18.95 err/s: 0.00 reconn/s: 0.00
[ 136s ] thds: 128 tps: 19200.88 qps: 19200.88 (r/w/o: 19200.88/0.00/0.00) lat (ms,95%): 18.28 err/s: 0.00 reconn/s: 0.00
[ 137s ] thds: 128 tps: 19216.69 qps: 19216.69 (r/w/o: 19216.69/0.00/0.00) lat (ms,95%): 18.61 err/s: 0.00 reconn/s: 0.00
[ 138s ] thds: 128 tps: 18993.38 qps: 18993.38 (r/w/o: 18993.38/0.00/0.00) lat (ms,95%): 18.28 err/s: 0.00 reconn/s: 0.00
[ 139s ] thds: 128 tps: 19258.32 qps: 19258.32 (r/w/o: 19258.32/0.00/0.00) lat (ms,95%): 18.61 err/s: 0.00 reconn/s: 0.00
[ 140s ] thds: 128 tps: 19145.74 qps: 19145.74 (r/w/o: 19145.74/0.00/0.00) lat (ms,95%): 18.61 err/s: 0.00 reconn/s: 0.00
[ 141s ] thds: 128 tps: 18934.97 qps: 18934.97 (r/w/o: 18934.97/0.00/0.00) lat (ms,95%): 18.95 err/s: 0.00 reconn/s: 0.00
[ 142s ] thds: 128 tps: 19252.19 qps: 19252.19 (r/w/o: 19252.19/0.00/0.00) lat (ms,95%): 18.95 err/s: 0.00 reconn/s: 0.00
[ 143s ] thds: 128 tps: 18906.71 qps: 18906.71 (r/w/o: 18906.71/0.00/0.00) lat (ms,95%): 18.61 err/s: 0.00 reconn/s: 0.00
[ 144s ] thds: 128 tps: 19394.26 qps: 19394.26 (r/w/o: 19394.26/0.00/0.00) lat (ms,95%): 18.28 err/s: 0.00 reconn/s: 0.00
[ 145s ] thds: 128 tps: 19150.96 qps: 19150.96 (r/w/o: 19150.96/0.00/0.00) lat (ms,95%): 18.61 err/s: 0.00 reconn/s: 0.00
[ 146s ] thds: 128 tps: 19113.24 qps: 19113.24 (r/w/o: 19113.24/0.00/0.00) lat (ms,95%): 18.61 err/s: 0.00 reconn/s: 0.00
[ 147s ] thds: 128 tps: 18912.28 qps: 18912.28 (r/w/o: 18912.28/0.00/0.00) lat (ms,95%): 18.95 err/s: 0.00 reconn/s: 0.00
[ 148s ] thds: 128 tps: 19047.01 qps: 19047.01 (r/w/o: 19047.01/0.00/0.00) lat (ms,95%): 18.95 err/s: 0.00 reconn/s: 0.00
[ 149s ] thds: 128 tps: 19046.79 qps: 19046.79 (r/w/o: 19046.79/0.00/0.00) lat (ms,95%): 18.61 err/s: 0.00 reconn/s: 0.00
[ 150s ] thds: 128 tps: 19154.68 qps: 19154.68 (r/w/o: 19154.68/0.00/0.00) lat (ms,95%): 19.29 err/s: 0.00 reconn/s: 0.00
[ 151s ] thds: 128 tps: 19257.62 qps: 19257.62 (r/w/o: 19257.62/0.00/0.00) lat (ms,95%): 18.28 err/s: 0.00 reconn/s: 0.00
[ 152s ] thds: 128 tps: 19117.59 qps: 19117.59 (r/w/o: 19117.59/0.00/0.00) lat (ms,95%): 18.61 err/s: 0.00 reconn/s: 0.00
[ 153s ] thds: 128 tps: 18921.09 qps: 18921.09 (r/w/o: 18921.09/0.00/0.00) lat (ms,95%): 18.61 err/s: 0.00 reconn/s: 0.00
[ 154s ] thds: 128 tps: 18954.03 qps: 18954.03 (r/w/o: 18954.03/0.00/0.00) lat (ms,95%): 18.95 err/s: 0.00 reconn/s: 0.00
[ 155s ] thds: 128 tps: 18859.39 qps: 18859.39 (r/w/o: 18859.39/0.00/0.00) lat (ms,95%): 18.95 err/s: 0.00 reconn/s: 0.00
[ 156s ] thds: 128 tps: 19088.58 qps: 19088.58 (r/w/o: 19088.58/0.00/0.00) lat (ms,95%): 18.61 err/s: 0.00 reconn/s: 0.00
[ 157s ] thds: 128 tps: 19260.25 qps: 19260.25 (r/w/o: 19260.25/0.00/0.00) lat (ms,95%): 18.95 err/s: 0.00 reconn/s: 0.00
[ 158s ] thds: 128 tps: 18980.05 qps: 18980.05 (r/w/o: 18980.05/0.00/0.00) lat (ms,95%): 18.61 err/s: 0.00 reconn/s: 0.00
[ 159s ] thds: 128 tps: 18805.98 qps: 18805.98 (r/w/o: 18805.98/0.00/0.00) lat (ms,95%): 18.95 err/s: 0.00 reconn/s: 0.00
[ 160s ] thds: 128 tps: 19168.87 qps: 19168.87 (r/w/o: 19168.87/0.00/0.00) lat (ms,95%): 18.61 err/s: 0.00 reconn/s: 0.00
[ 161s ] thds: 128 tps: 19153.11 qps: 19153.11 (r/w/o: 19153.11/0.00/0.00) lat (ms,95%): 18.61 err/s: 0.00 reconn/s: 0.00
[ 162s ] thds: 128 tps: 19124.76 qps: 19124.76 (r/w/o: 19124.76/0.00/0.00) lat (ms,95%): 18.61 err/s: 0.00 reconn/s: 0.00
[ 163s ] thds: 128 tps: 19145.70 qps: 19145.70 (r/w/o: 19145.70/0.00/0.00) lat (ms,95%): 18.61 err/s: 0.00 reconn/s: 0.00
[ 164s ] thds: 128 tps: 18768.83 qps: 18768.83 (r/w/o: 18768.83/0.00/0.00) lat (ms,95%): 18.95 err/s: 0.00 reconn/s: 0.00
[ 165s ] thds: 128 tps: 18943.96 qps: 18943.96 (r/w/o: 18943.96/0.00/0.00) lat (ms,95%): 18.95 err/s: 0.00 reconn/s: 0.00
[ 166s ] thds: 128 tps: 19086.58 qps: 19086.58 (r/w/o: 19086.58/0.00/0.00) lat (ms,95%): 18.61 err/s: 0.00 reconn/s: 0.00
[ 167s ] thds: 128 tps: 19111.59 qps: 19111.59 (r/w/o: 19111.59/0.00/0.00) lat (ms,95%): 18.28 err/s: 0.00 reconn/s: 0.00
[ 168s ] thds: 128 tps: 19140.56 qps: 19140.56 (r/w/o: 19140.56/0.00/0.00) lat (ms,95%): 18.61 err/s: 0.00 reconn/s: 0.00
[ 169s ] thds: 128 tps: 19217.01 qps: 19217.01 (r/w/o: 19217.01/0.00/0.00) lat (ms,95%): 18.95 err/s: 0.00 reconn/s: 0.00
[ 170s ] thds: 128 tps: 18712.77 qps: 18712.77 (r/w/o: 18712.77/0.00/0.00) lat (ms,95%): 18.95 err/s: 0.00 reconn/s: 0.00
[ 171s ] thds: 128 tps: 19158.81 qps: 19158.81 (r/w/o: 19158.81/0.00/0.00) lat (ms,95%): 18.61 err/s: 0.00 reconn/s: 0.00
[ 172s ] thds: 128 tps: 18993.91 qps: 18993.91 (r/w/o: 18993.91/0.00/0.00) lat (ms,95%): 18.95 err/s: 0.00 reconn/s: 0.00
[ 173s ] thds: 128 tps: 19049.68 qps: 19049.68 (r/w/o: 19049.68/0.00/0.00) lat (ms,95%): 18.61 err/s: 0.00 reconn/s: 0.00
[ 174s ] thds: 128 tps: 18700.61 qps: 18700.61 (r/w/o: 18700.61/0.00/0.00) lat (ms,95%): 18.61 err/s: 0.00 reconn/s: 0.00
[ 175s ] thds: 128 tps: 18965.87 qps: 18965.87 (r/w/o: 18965.87/0.00/0.00) lat (ms,95%): 18.95 err/s: 0.00 reconn/s: 0.00
[ 176s ] thds: 128 tps: 19145.57 qps: 19145.57 (r/w/o: 19145.57/0.00/0.00) lat (ms,95%): 18.95 err/s: 0.00 reconn/s: 0.00
[ 177s ] thds: 128 tps: 18863.84 qps: 18863.84 (r/w/o: 18863.84/0.00/0.00) lat (ms,95%): 18.95 err/s: 0.00 reconn/s: 0.00
[ 178s ] thds: 128 tps: 19126.98 qps: 19126.98 (r/w/o: 19126.98/0.00/0.00) lat (ms,95%): 18.61 err/s: 0.00 reconn/s: 0.00
[ 179s ] thds: 128 tps: 18813.39 qps: 18813.39 (r/w/o: 18813.39/0.00/0.00) lat (ms,95%): 18.61 err/s: 0.00 reconn/s: 0.00
[ 180s ] thds: 128 tps: 19251.82 qps: 19251.82 (r/w/o: 19251.82/0.00/0.00) lat (ms,95%): 18.28 err/s: 0.00 reconn/s: 0.00
[ 181s ] thds: 128 tps: 18991.49 qps: 18991.49 (r/w/o: 18991.49/0.00/0.00) lat (ms,95%): 18.95 err/s: 0.00 reconn/s: 0.00
[ 182s ] thds: 128 tps: 19241.51 qps: 19241.51 (r/w/o: 19241.51/0.00/0.00) lat (ms,95%): 18.28 err/s: 0.00 reconn/s: 0.00
[ 183s ] thds: 128 tps: 19312.38 qps: 19312.38 (r/w/o: 19312.38/0.00/0.00) lat (ms,95%): 18.28 err/s: 0.00 reconn/s: 0.00
[ 184s ] thds: 128 tps: 18907.78 qps: 18907.78 (r/w/o: 18907.78/0.00/0.00) lat (ms,95%): 18.95 err/s: 0.00 reconn/s: 0.00
[ 185s ] thds: 128 tps: 19149.49 qps: 19149.49 (r/w/o: 19149.49/0.00/0.00) lat (ms,95%): 18.61 err/s: 0.00 reconn/s: 0.00
[ 186s ] thds: 128 tps: 18883.45 qps: 18883.45 (r/w/o: 18883.45/0.00/0.00) lat (ms,95%): 18.95 err/s: 0.00 reconn/s: 0.00
[ 187s ] thds: 128 tps: 19109.54 qps: 19109.54 (r/w/o: 19109.54/0.00/0.00) lat (ms,95%): 18.61 err/s: 0.00 reconn/s: 0.00
[ 188s ] thds: 128 tps: 18818.11 qps: 18818.11 (r/w/o: 18818.11/0.00/0.00) lat (ms,95%): 18.95 err/s: 0.00 reconn/s: 0.00
[ 189s ] thds: 128 tps: 19367.95 qps: 19367.95 (r/w/o: 19367.95/0.00/0.00) lat (ms,95%): 18.28 err/s: 0.00 reconn/s: 0.00
[ 190s ] thds: 128 tps: 18793.48 qps: 18793.48 (r/w/o: 18793.48/0.00/0.00) lat (ms,95%): 19.29 err/s: 0.00 reconn/s: 0.00
[ 191s ] thds: 128 tps: 18952.62 qps: 18952.62 (r/w/o: 18952.62/0.00/0.00) lat (ms,95%): 18.95 err/s: 0.00 reconn/s: 0.00
[ 192s ] thds: 128 tps: 19115.75 qps: 19115.75 (r/w/o: 19115.75/0.00/0.00) lat (ms,95%): 18.61 err/s: 0.00 reconn/s: 0.00
[ 193s ] thds: 128 tps: 18805.43 qps: 18805.43 (r/w/o: 18805.43/0.00/0.00) lat (ms,95%): 18.95 err/s: 0.00 reconn/s: 0.00
[ 194s ] thds: 128 tps: 19021.04 qps: 19021.04 (r/w/o: 19021.04/0.00/0.00) lat (ms,95%): 18.95 err/s: 0.00 reconn/s: 0.00
[ 195s ] thds: 128 tps: 19220.08 qps: 19220.08 (r/w/o: 19220.08/0.00/0.00) lat (ms,95%): 18.61 err/s: 0.00 reconn/s: 0.00
[ 196s ] thds: 128 tps: 19313.92 qps: 19313.92 (r/w/o: 19313.92/0.00/0.00) lat (ms,95%): 18.28 err/s: 0.00 reconn/s: 0.00
[ 197s ] thds: 128 tps: 18958.76 qps: 18958.76 (r/w/o: 18958.76/0.00/0.00) lat (ms,95%): 18.95 err/s: 0.00 reconn/s: 0.00
[ 198s ] thds: 128 tps: 19216.11 qps: 19216.11 (r/w/o: 19216.11/0.00/0.00) lat (ms,95%): 18.61 err/s: 0.00 reconn/s: 0.00
[ 199s ] thds: 128 tps: 19056.96 qps: 19056.96 (r/w/o: 19056.96/0.00/0.00) lat (ms,95%): 18.61 err/s: 0.00 reconn/s: 0.00
[ 200s ] thds: 128 tps: 19011.20 qps: 19011.20 (r/w/o: 19011.20/0.00/0.00) lat (ms,95%): 18.95 err/s: 0.00 reconn/s: 0.00
[ 201s ] thds: 128 tps: 18670.22 qps: 18670.22 (r/w/o: 18670.22/0.00/0.00) lat (ms,95%): 19.29 err/s: 0.00 reconn/s: 0.00
[ 202s ] thds: 128 tps: 19020.74 qps: 19020.74 (r/w/o: 19020.74/0.00/0.00) lat (ms,95%): 18.61 err/s: 0.00 reconn/s: 0.00
[ 203s ] thds: 128 tps: 19086.83 qps: 19086.83 (r/w/o: 19086.83/0.00/0.00) lat (ms,95%): 18.61 err/s: 0.00 reconn/s: 0.00
[ 204s ] thds: 128 tps: 18898.99 qps: 18898.99 (r/w/o: 18898.99/0.00/0.00) lat (ms,95%): 18.95 err/s: 0.00 reconn/s: 0.00
[ 205s ] thds: 128 tps: 18999.60 qps: 18999.60 (r/w/o: 18999.60/0.00/0.00) lat (ms,95%): 18.95 err/s: 0.00 reconn/s: 0.00
[ 206s ] thds: 128 tps: 19255.21 qps: 19255.21 (r/w/o: 19255.21/0.00/0.00) lat (ms,95%): 18.28 err/s: 0.00 reconn/s: 0.00
[ 207s ] thds: 128 tps: 18937.36 qps: 18937.36 (r/w/o: 18937.36/0.00/0.00) lat (ms,95%): 19.29 err/s: 0.00 reconn/s: 0.00
[ 208s ] thds: 128 tps: 18942.97 qps: 18942.97 (r/w/o: 18942.97/0.00/0.00) lat (ms,95%): 18.95 err/s: 0.00 reconn/s: 0.00
[ 209s ] thds: 128 tps: 18908.15 qps: 18908.15 (r/w/o: 18908.15/0.00/0.00) lat (ms,95%): 18.95 err/s: 0.00 reconn/s: 0.00
[ 210s ] thds: 128 tps: 18750.00 qps: 18750.00 (r/w/o: 18750.00/0.00/0.00) lat (ms,95%): 19.29 err/s: 0.00 reconn/s: 0.00
[ 211s ] thds: 128 tps: 19029.87 qps: 19029.87 (r/w/o: 19029.87/0.00/0.00) lat (ms,95%): 18.61 err/s: 0.00 reconn/s: 0.00
[ 212s ] thds: 128 tps: 19106.51 qps: 19106.51 (r/w/o: 19106.51/0.00/0.00) lat (ms,95%): 18.61 err/s: 0.00 reconn/s: 0.00
[ 213s ] thds: 128 tps: 19106.39 qps: 19106.39 (r/w/o: 19106.39/0.00/0.00) lat (ms,95%): 18.95 err/s: 0.00 reconn/s: 0.00
[ 214s ] thds: 128 tps: 19048.43 qps: 19048.43 (r/w/o: 19048.43/0.00/0.00) lat (ms,95%): 18.61 err/s: 0.00 reconn/s: 0.00
[ 215s ] thds: 128 tps: 18513.05 qps: 18513.05 (r/w/o: 18513.05/0.00/0.00) lat (ms,95%): 19.29 err/s: 0.00 reconn/s: 0.00
[ 216s ] thds: 128 tps: 18999.83 qps: 18999.83 (r/w/o: 18999.83/0.00/0.00) lat (ms,95%): 18.95 err/s: 0.00 reconn/s: 0.00
[ 217s ] thds: 128 tps: 19021.29 qps: 19021.29 (r/w/o: 19021.29/0.00/0.00) lat (ms,95%): 19.29 err/s: 0.00 reconn/s: 0.00
[ 218s ] thds: 128 tps: 18864.86 qps: 18864.86 (r/w/o: 18864.86/0.00/0.00) lat (ms,95%): 19.29 err/s: 0.00 reconn/s: 0.00
[ 219s ] thds: 128 tps: 18864.33 qps: 18864.33 (r/w/o: 18864.33/0.00/0.00) lat (ms,95%): 18.95 err/s: 0.00 reconn/s: 0.00
[ 220s ] thds: 128 tps: 19192.70 qps: 19192.70 (r/w/o: 19192.70/0.00/0.00) lat (ms,95%): 18.28 err/s: 0.00 reconn/s: 0.00
[ 221s ] thds: 128 tps: 18719.03 qps: 18719.03 (r/w/o: 18719.03/0.00/0.00) lat (ms,95%): 19.29 err/s: 0.00 reconn/s: 0.00
[ 222s ] thds: 128 tps: 18769.28 qps: 18769.28 (r/w/o: 18769.28/0.00/0.00) lat (ms,95%): 18.95 err/s: 0.00 reconn/s: 0.00
[ 223s ] thds: 128 tps: 18819.61 qps: 18819.61 (r/w/o: 18819.61/0.00/0.00) lat (ms,95%): 19.29 err/s: 0.00 reconn/s: 0.00
[ 224s ] thds: 128 tps: 18936.68 qps: 18936.68 (r/w/o: 18936.68/0.00/0.00) lat (ms,95%): 18.95 err/s: 0.00 reconn/s: 0.00
[ 225s ] thds: 128 tps: 18756.97 qps: 18756.97 (r/w/o: 18756.97/0.00/0.00) lat (ms,95%): 18.95 err/s: 0.00 reconn/s: 0.00
[ 226s ] thds: 128 tps: 18874.33 qps: 18874.33 (r/w/o: 18874.33/0.00/0.00) lat (ms,95%): 18.61 err/s: 0.00 reconn/s: 0.00
[ 227s ] thds: 128 tps: 19114.36 qps: 19114.36 (r/w/o: 19114.36/0.00/0.00) lat (ms,95%): 18.61 err/s: 0.00 reconn/s: 0.00
[ 228s ] thds: 128 tps: 18503.59 qps: 18503.59 (r/w/o: 18503.59/0.00/0.00) lat (ms,95%): 19.29 err/s: 0.00 reconn/s: 0.00
[ 229s ] thds: 128 tps: 18953.29 qps: 18953.29 (r/w/o: 18953.29/0.00/0.00) lat (ms,95%): 19.29 err/s: 0.00 reconn/s: 0.00
[ 230s ] thds: 128 tps: 19130.47 qps: 19130.47 (r/w/o: 19130.47/0.00/0.00) lat (ms,95%): 18.61 err/s: 0.00 reconn/s: 0.00
[ 231s ] thds: 128 tps: 18958.33 qps: 18958.33 (r/w/o: 18958.33/0.00/0.00) lat (ms,95%): 18.95 err/s: 0.00 reconn/s: 0.00
[ 232s ] thds: 128 tps: 19373.63 qps: 19373.63 (r/w/o: 19373.63/0.00/0.00) lat (ms,95%): 18.28 err/s: 0.00 reconn/s: 0.00
[ 233s ] thds: 128 tps: 19067.65 qps: 19067.65 (r/w/o: 19067.65/0.00/0.00) lat (ms,95%): 18.95 err/s: 0.00 reconn/s: 0.00
[ 234s ] thds: 128 tps: 18788.86 qps: 18788.86 (r/w/o: 18788.86/0.00/0.00) lat (ms,95%): 18.61 err/s: 0.00 reconn/s: 0.00
[ 235s ] thds: 128 tps: 18953.81 qps: 18953.81 (r/w/o: 18953.81/0.00/0.00) lat (ms,95%): 18.95 err/s: 0.00 reconn/s: 0.00
[ 236s ] thds: 128 tps: 19249.96 qps: 19249.96 (r/w/o: 19249.96/0.00/0.00) lat (ms,95%): 18.28 err/s: 0.00 reconn/s: 0.00
[ 237s ] thds: 128 tps: 19064.34 qps: 19064.34 (r/w/o: 19064.34/0.00/0.00) lat (ms,95%): 18.61 err/s: 0.00 reconn/s: 0.00
[ 238s ] thds: 128 tps: 19167.44 qps: 19167.44 (r/w/o: 19167.44/0.00/0.00) lat (ms,95%): 18.61 err/s: 0.00 reconn/s: 0.00
[ 239s ] thds: 128 tps: 18845.49 qps: 18845.49 (r/w/o: 18845.49/0.00/0.00) lat (ms,95%): 18.95 err/s: 0.00 reconn/s: 0.00
[ 240s ] thds: 128 tps: 18863.74 qps: 18863.74 (r/w/o: 18863.74/0.00/0.00) lat (ms,95%): 18.61 err/s: 0.00 reconn/s: 0.00
Latency histogram (values are in milliseconds)
       value  ------------- distribution ------------- count
       0.481 |                                         1
       0.490 |                                         1
       0.499 |                                         1
       0.508 |                                         7
       0.517 |                                         12
       0.527 |                                         36
       0.536 |                                         67
       0.546 |                                         85
       0.556 |                                         110
       0.566 |                                         138
       0.576 |                                         162
       0.587 |                                         190
       0.597 |                                         215
       0.608 |                                         278
       0.619 |                                         297
       0.630 |                                         348
       0.642 |                                         355
       0.654 |                                         358
       0.665 |                                         346
       0.677 |                                         409
       0.690 |                                         404
       0.702 |                                         434
       0.715 |                                         438
       0.728 |                                         431
       0.741 |                                         473
       0.755 |                                         439
       0.768 |                                         410
       0.782 |                                         436
       0.797 |                                         455
       0.811 |                                         410
       0.826 |                                         417
       0.841 |                                         385
       0.856 |                                         377
       0.872 |                                         385
       0.888 |                                         378
       0.904 |                                         353
       0.920 |                                         340
       0.937 |                                         304
       0.954 |                                         323
       0.971 |                                         348
       0.989 |                                         350
       1.007 |                                         421
       1.025 |                                         540
       1.044 |                                         676
       1.063 |                                         901
       1.082 |                                         1039
       1.102 |                                         1164
       1.122 |*                                        1388
       1.142 |*                                        1515
       1.163 |*                                        1989
       1.184 |*                                        2256
       1.205 |*                                        2821
       1.227 |*                                        3883
       1.250 |**                                       4962
       1.272 |**                                       6076
       1.295 |***                                      7145
       1.319 |***                                      8300
       1.343 |***                                      9259
       1.367 |****                                     9876
       1.392 |****                                     10307
       1.417 |****                                     10535
       1.443 |****                                     10527
       1.469 |****                                     10232
       1.496 |****                                     9908
       1.523 |***                                      9591
       1.551 |***                                      9154
       1.579 |***                                      8742
       1.608 |***                                      8589
       1.637 |***                                      9084
       1.667 |****                                     9961
       1.697 |****                                     12315
       1.728 |******                                   15223
       1.759 |*******                                  18579
       1.791 |********                                 22034
       1.824 |*********                                25282
       1.857 |**********                               28116
       1.891 |***********                              30651
       1.925 |************                             32348
       1.960 |************                             33045
       1.996 |************                             33251
       2.032 |************                             33261
       2.069 |************                             32669
       2.106 |************                             32177
       2.145 |************                             32659
       2.184 |************                             33147
       2.223 |*************                            34612
       2.264 |*************                            35650
       2.305 |**************                           37344
       2.347 |**************                           38323
       2.389 |**************                           39963
       2.433 |****************                         43836
       2.477 |******************                       50942
       2.522 |*********************                    58566
       2.568 |************************                 66506
       2.615 |**************************               72358
       2.662 |***************************              75715
       2.710 |****************************             76338
       2.760 |****************************             77506
       2.810 |*****************************            79580
       2.861 |*******************************          86464
       2.913 |***********************************      95699
       2.966 |**************************************   104023
       3.020 |**************************************** 110096
       3.075 |**************************************** 110451
       3.130 |***************************************  106753
       3.187 |************************************     99604
       3.245 |********************************         89213
       3.304 |*****************************            80235
       3.364 |**************************               73034
       3.425 |*************************                68481
       3.488 |***********************                  63494
       3.551 |********************                     56033
       3.615 |*****************                        48197
       3.681 |***************                          41175
       3.748 |*************                            34743
       3.816 |**********                               28844
       3.885 |*********                                24447
       3.956 |********                                 20759
       4.028 |*******                                  17992
       4.101 |******                                   15630
       4.176 |*****                                    13821
       4.252 |*****                                    12466
       4.329 |****                                     10940
       4.407 |***                                      9567
       4.487 |***                                      8370
       4.569 |***                                      7727
       4.652 |***                                      7200
       4.737 |**                                       6567
       4.823 |**                                       6318
       4.910 |**                                       6337
       4.999 |**                                       6192
       5.090 |**                                       6241
       5.183 |**                                       5941
       5.277 |**                                       5777
       5.373 |**                                       5732
       5.470 |**                                       5983
       5.570 |**                                       6312
       5.671 |**                                       6655
       5.774 |**                                       6902
       5.879 |***                                      7149
       5.986 |***                                      7220
       6.095 |***                                      7225
       6.205 |***                                      7950
       6.318 |***                                      8650
       6.433 |***                                      9002
       6.550 |***                                      9408
       6.669 |***                                      9584
       6.790 |****                                     9718
       6.913 |****                                     10268
       7.039 |****                                     11280
       7.167 |****                                     12023
       7.297 |****                                     12312
       7.430 |****                                     12386
       7.565 |*****                                    12927
       7.702 |*****                                    13568
       7.842 |*****                                    14868
       7.985 |******                                   15330
       8.130 |******                                   15578
       8.277 |******                                   15872
       8.428 |******                                   17175
       8.581 |*******                                  18236
       8.737 |*******                                  18673
       8.895 |*******                                  18530
       9.057 |*******                                  19317
       9.222 |********                                 21024
       9.389 |********                                 21942
       9.560 |********                                 21678
       9.734 |********                                 22545
       9.910 |*********                                24127
      10.090 |*********                                25230
      10.274 |*********                                25171
      10.460 |*********                                25686
      10.651 |**********                               27065
      10.844 |**********                               28157
      11.041 |**********                               28242
      11.242 |**********                               28907
      11.446 |***********                              30571
      11.654 |***********                              30839
      11.866 |***********                              30563
      12.081 |************                             32010
      12.301 |************                             32675
      12.524 |************                             32025
      12.752 |************                             33048
      12.984 |************                             33422
      13.219 |************                             32717
      13.460 |************                             33070
      13.704 |************                             33051
      13.953 |************                             32403
      14.207 |************                             32420
      14.465 |************                             32363
      14.728 |***********                              31059
      14.995 |***********                              31120
      15.268 |***********                              30275
      15.545 |***********                              29562
      15.828 |***********                              29025
      16.115 |**********                               28060
      16.408 |**********                               27195
      16.706 |**********                               26556
      17.010 |*********                                25453
      17.319 |*********                                24541
      17.633 |********                                 23067
      17.954 |********                                 22497
      18.280 |********                                 21514
      18.612 |*******                                  20146
      18.950 |*******                                  19187
      19.295 |*******                                  18224
      19.645 |******                                   17046
      20.002 |******                                   15923
      20.366 |*****                                    14902
      20.736 |*****                                    13912
      21.112 |*****                                    12747
      21.496 |****                                     11935
      21.886 |****                                     11046
      22.284 |****                                     10031
      22.689 |***                                      9294
      23.101 |***                                      8316
      23.521 |***                                      7727
      23.948 |**                                       6781
      24.384 |**                                       6376
      24.827 |**                                       5449
      25.278 |**                                       4866
      25.737 |**                                       4541
      26.205 |*                                        4005
      26.681 |*                                        3574
      27.165 |*                                        3016
      27.659 |*                                        2626
      28.162 |*                                        2238
      28.673 |*                                        2002
      29.194 |*                                        1656
      29.725 |*                                        1409
      30.265 |                                         1174
      30.815 |                                         1001
      31.375 |                                         903
      31.945 |                                         738
      32.525 |                                         615
      33.116 |                                         487
      33.718 |                                         476
      34.330 |                                         336
      34.954 |                                         296
      35.589 |                                         256
      36.236 |                                         208
      36.894 |                                         156
      37.565 |                                         142
      38.247 |                                         123
      38.942 |                                         118
      39.650 |                                         87
      40.370 |                                         79
      41.104 |                                         58
      41.851 |                                         48
      42.611 |                                         36
      43.385 |                                         40
      44.173 |                                         34
      44.976 |                                         28
      45.793 |                                         22
      46.625 |                                         22
      47.472 |                                         8
      48.335 |                                         2
      49.213 |                                         2
      50.107 |                                         2
      51.018 |                                         5
      51.945 |                                         3
      52.889 |                                         5
      53.850 |                                         4
      54.828 |                                         2
      56.839 |                                         4
      57.871 |                                         1
      61.083 |                                         2
      63.323 |                                         2
      65.645 |                                         1
      66.838 |                                         1
      68.053 |                                         1
      69.289 |                                         1
      71.830 |                                         1
     211.599 |                                         1
 
SQL statistics:
    queries performed:
        read:                            4566605
        write:                           0
        other:                           0
        total:                           4566605
    transactions:                        4566605 (19023.98 per sec.)
    queries:                             4566605 (19023.98 per sec.)
    ignored errors:                      0      (0.00 per sec.)
    reconnects:                          0      (0.00 per sec.)

Throughput:
    events/s (eps):                      19023.9767
    time elapsed:                        240.0452s
    total number of events:              4566605

Latency (ms):
         min:                                    0.48
         avg:                                    6.73
         max:                                  212.14
         95th percentile:                       18.61
         sum:                             30716531.82

Threads fairness:
    events (avg/stddev):           35676.3750/2539.21
    execution time (avg/stddev):   239.9729/0.01

