sysbench 1.1.0-3ceba0b (using bundled LuaJIT 2.1.0-beta3)

Running the test with following options:
Number of threads: 512
Warmup time: 60s
Report intermediate results every 1 second(s)
Initializing random number generator from current time


Initializing worker threads...

Threads started!

Warming up for 60 seconds...

[ 1s ] thds: 512 tps: 742.47 qps: 4478.17 (r/w/o: 0.00/2936.10/1542.08) lat (ms,95%): 1069.86 err/s: 0.00 reconn/s: 0.00
[ 2s ] thds: 512 tps: 516.01 qps: 3099.07 (r/w/o: 0.00/2031.05/1068.02) lat (ms,95%): 1069.86 err/s: 0.00 reconn/s: 0.00
[ 3s ] thds: 512 tps: 522.91 qps: 3147.47 (r/w/o: 0.00/2072.65/1074.82) lat (ms,95%): 1213.57 err/s: 0.00 reconn/s: 0.00
[ 4s ] thds: 512 tps: 521.10 qps: 3126.61 (r/w/o: 0.00/2042.40/1084.21) lat (ms,95%): 1235.62 err/s: 0.00 reconn/s: 0.00
[ 5s ] thds: 512 tps: 526.08 qps: 3101.45 (r/w/o: 0.00/2005.29/1096.16) lat (ms,95%): 1213.57 err/s: 0.00 reconn/s: 0.00
[ 6s ] thds: 512 tps: 520.90 qps: 3074.43 (r/w/o: 0.00/2004.63/1069.80) lat (ms,95%): 1235.62 err/s: 0.00 reconn/s: 0.00
[ 7s ] thds: 512 tps: 507.94 qps: 3087.66 (r/w/o: 0.00/2038.78/1048.88) lat (ms,95%): 1235.62 err/s: 0.00 reconn/s: 0.00
[ 8s ] thds: 512 tps: 561.03 qps: 3386.19 (r/w/o: 0.00/2225.12/1161.06) lat (ms,95%): 1401.61 err/s: 0.00 reconn/s: 0.00
[ 9s ] thds: 512 tps: 525.27 qps: 3175.66 (r/w/o: 0.00/2094.09/1081.57) lat (ms,95%): 1235.62 err/s: 0.00 reconn/s: 0.00
[ 10s ] thds: 512 tps: 519.75 qps: 3089.49 (r/w/o: 0.00/2018.01/1071.48) lat (ms,95%): 1304.21 err/s: 0.00 reconn/s: 0.00
[ 11s ] thds: 512 tps: 508.97 qps: 3043.83 (r/w/o: 0.00/1997.89/1045.94) lat (ms,95%): 1479.41 err/s: 0.00 reconn/s: 0.00
[ 12s ] thds: 512 tps: 506.28 qps: 3044.66 (r/w/o: 0.00/2000.09/1044.57) lat (ms,95%): 1258.08 err/s: 0.00 reconn/s: 0.00
[ 13s ] thds: 512 tps: 523.87 qps: 3113.22 (r/w/o: 0.00/2038.49/1074.73) lat (ms,95%): 1506.29 err/s: 0.00 reconn/s: 0.00
[ 14s ] thds: 512 tps: 518.81 qps: 3155.85 (r/w/o: 0.00/2096.23/1059.61) lat (ms,95%): 1327.91 err/s: 0.00 reconn/s: 0.00
[ 15s ] thds: 512 tps: 516.32 qps: 3149.95 (r/w/o: 0.00/2077.29/1072.66) lat (ms,95%): 1304.21 err/s: 0.00 reconn/s: 0.00
[ 16s ] thds: 512 tps: 521.82 qps: 3122.90 (r/w/o: 0.00/2049.28/1073.62) lat (ms,95%): 1327.91 err/s: 0.00 reconn/s: 0.00
[ 17s ] thds: 512 tps: 496.22 qps: 2989.30 (r/w/o: 0.00/1958.85/1030.45) lat (ms,95%): 1376.60 err/s: 0.00 reconn/s: 0.00
[ 18s ] thds: 512 tps: 523.72 qps: 3080.32 (r/w/o: 0.00/1996.91/1083.41) lat (ms,95%): 1427.08 err/s: 0.00 reconn/s: 0.00
[ 19s ] thds: 512 tps: 517.98 qps: 3067.88 (r/w/o: 0.00/1999.92/1067.96) lat (ms,95%): 1533.66 err/s: 0.00 reconn/s: 0.00
[ 20s ] thds: 512 tps: 504.96 qps: 3079.77 (r/w/o: 0.00/2036.85/1042.92) lat (ms,95%): 1401.61 err/s: 0.00 reconn/s: 0.00
[ 21s ] thds: 512 tps: 530.98 qps: 3083.86 (r/w/o: 0.00/1991.91/1091.95) lat (ms,95%): 1352.03 err/s: 0.00 reconn/s: 0.00
[ 22s ] thds: 512 tps: 511.07 qps: 3161.41 (r/w/o: 0.00/2106.28/1055.14) lat (ms,95%): 1352.03 err/s: 0.00 reconn/s: 0.00
[ 23s ] thds: 512 tps: 506.02 qps: 3163.13 (r/w/o: 0.00/2118.09/1045.04) lat (ms,95%): 1352.03 err/s: 0.00 reconn/s: 0.00
[ 24s ] thds: 512 tps: 552.88 qps: 3156.33 (r/w/o: 0.00/2011.58/1144.76) lat (ms,95%): 1648.20 err/s: 0.00 reconn/s: 0.00
[ 25s ] thds: 512 tps: 526.21 qps: 3158.25 (r/w/o: 0.00/2065.82/1092.43) lat (ms,95%): 1170.65 err/s: 0.00 reconn/s: 0.00
[ 26s ] thds: 512 tps: 519.14 qps: 3153.83 (r/w/o: 0.00/2082.55/1071.28) lat (ms,95%): 1213.57 err/s: 0.00 reconn/s: 0.00
[ 27s ] thds: 512 tps: 517.86 qps: 3159.12 (r/w/o: 0.00/2095.42/1063.70) lat (ms,95%): 1258.08 err/s: 0.00 reconn/s: 0.00
[ 28s ] thds: 512 tps: 506.93 qps: 3032.57 (r/w/o: 0.00/1988.72/1043.85) lat (ms,95%): 1280.93 err/s: 0.00 reconn/s: 0.00
[ 29s ] thds: 512 tps: 532.87 qps: 3131.23 (r/w/o: 0.00/2025.50/1105.73) lat (ms,95%): 1304.21 err/s: 0.00 reconn/s: 0.00
[ 30s ] thds: 512 tps: 516.06 qps: 3071.36 (r/w/o: 0.00/2001.23/1070.13) lat (ms,95%): 1401.61 err/s: 0.00 reconn/s: 0.00
[ 31s ] thds: 512 tps: 515.12 qps: 3109.70 (r/w/o: 0.00/2049.46/1060.24) lat (ms,95%): 1533.66 err/s: 0.00 reconn/s: 0.00
[ 32s ] thds: 512 tps: 513.97 qps: 3079.82 (r/w/o: 0.00/2025.88/1053.94) lat (ms,95%): 1506.29 err/s: 0.00 reconn/s: 0.00
[ 33s ] thds: 512 tps: 518.08 qps: 3155.47 (r/w/o: 0.00/2095.31/1060.16) lat (ms,95%): 1506.29 err/s: 0.00 reconn/s: 0.00
[ 34s ] thds: 512 tps: 519.13 qps: 3135.76 (r/w/o: 0.00/2069.50/1066.26) lat (ms,95%): 1453.01 err/s: 0.00 reconn/s: 0.00
[ 35s ] thds: 512 tps: 515.65 qps: 3104.91 (r/w/o: 0.00/2043.62/1061.28) lat (ms,95%): 1401.61 err/s: 0.00 reconn/s: 0.00
[ 36s ] thds: 512 tps: 519.15 qps: 3044.91 (r/w/o: 0.00/1974.59/1070.32) lat (ms,95%): 1376.60 err/s: 0.00 reconn/s: 0.00
[ 37s ] thds: 512 tps: 521.98 qps: 3084.88 (r/w/o: 0.00/2013.92/1070.96) lat (ms,95%): 1401.61 err/s: 0.00 reconn/s: 0.00
[ 38s ] thds: 512 tps: 507.93 qps: 3046.61 (r/w/o: 0.00/1997.74/1048.86) lat (ms,95%): 1191.92 err/s: 0.00 reconn/s: 0.00
[ 39s ] thds: 512 tps: 537.94 qps: 3253.63 (r/w/o: 0.00/2138.76/1114.87) lat (ms,95%): 1213.57 err/s: 0.00 reconn/s: 0.00
[ 40s ] thds: 512 tps: 523.04 qps: 3148.21 (r/w/o: 0.00/2058.14/1090.07) lat (ms,95%): 1170.65 err/s: 0.00 reconn/s: 0.00
[ 41s ] thds: 512 tps: 512.19 qps: 3037.14 (r/w/o: 0.00/1988.75/1048.39) lat (ms,95%): 1213.57 err/s: 0.00 reconn/s: 0.00
[ 42s ] thds: 512 tps: 504.15 qps: 3070.91 (r/w/o: 0.00/2023.60/1047.31) lat (ms,95%): 1506.29 err/s: 0.00 reconn/s: 0.00
[ 43s ] thds: 512 tps: 516.96 qps: 3109.75 (r/w/o: 0.00/2037.84/1071.91) lat (ms,95%): 1479.41 err/s: 0.00 reconn/s: 0.00
[ 44s ] thds: 512 tps: 521.04 qps: 3093.25 (r/w/o: 0.00/2011.16/1082.09) lat (ms,95%): 1479.41 err/s: 0.00 reconn/s: 0.00
[ 45s ] thds: 512 tps: 501.96 qps: 3131.74 (r/w/o: 0.00/2094.83/1036.91) lat (ms,95%): 1648.20 err/s: 0.00 reconn/s: 0.00
[ 46s ] thds: 512 tps: 512.86 qps: 3095.14 (r/w/o: 0.00/2036.43/1058.71) lat (ms,95%): 1708.63 err/s: 0.00 reconn/s: 0.00
[ 47s ] thds: 512 tps: 522.93 qps: 3128.60 (r/w/o: 0.00/2045.74/1082.86) lat (ms,95%): 1648.20 err/s: 0.00 reconn/s: 0.00
[ 48s ] thds: 512 tps: 520.21 qps: 3116.25 (r/w/o: 0.00/2033.82/1082.43) lat (ms,95%): 1618.78 err/s: 0.00 reconn/s: 0.00
[ 49s ] thds: 512 tps: 545.79 qps: 3173.80 (r/w/o: 0.00/2050.23/1123.58) lat (ms,95%): 1533.66 err/s: 0.00 reconn/s: 0.00
[ 50s ] thds: 512 tps: 516.88 qps: 3110.30 (r/w/o: 0.00/2038.54/1071.76) lat (ms,95%): 1479.41 err/s: 0.00 reconn/s: 0.00
[ 51s ] thds: 512 tps: 516.02 qps: 3044.13 (r/w/o: 0.00/1977.08/1067.05) lat (ms,95%): 1479.41 err/s: 0.00 reconn/s: 0.00
[ 52s ] thds: 512 tps: 503.98 qps: 3047.87 (r/w/o: 0.00/1995.91/1051.95) lat (ms,95%): 1506.29 err/s: 0.00 reconn/s: 0.00
[ 53s ] thds: 512 tps: 516.31 qps: 3154.90 (r/w/o: 0.00/2084.26/1070.64) lat (ms,95%): 1561.52 err/s: 0.00 reconn/s: 0.00
[ 54s ] thds: 512 tps: 523.78 qps: 3164.68 (r/w/o: 0.00/2079.13/1085.55) lat (ms,95%): 1618.78 err/s: 0.00 reconn/s: 0.00
[ 55s ] thds: 512 tps: 510.20 qps: 3083.19 (r/w/o: 0.00/2033.78/1049.40) lat (ms,95%): 1618.78 err/s: 0.00 reconn/s: 0.00
[ 56s ] thds: 512 tps: 530.66 qps: 3060.06 (r/w/o: 0.00/1970.75/1089.31) lat (ms,95%): 1648.20 err/s: 0.00 reconn/s: 0.00
[ 57s ] thds: 512 tps: 520.15 qps: 3093.88 (r/w/o: 0.00/2014.57/1079.31) lat (ms,95%): 1618.78 err/s: 0.00 reconn/s: 0.00
[ 58s ] thds: 512 tps: 512.90 qps: 3049.38 (r/w/o: 0.00/1987.60/1061.78) lat (ms,95%): 1648.20 err/s: 0.00 reconn/s: 0.00
[ 59s ] thds: 512 tps: 514.07 qps: 3175.46 (r/w/o: 0.00/2110.30/1065.15) lat (ms,95%): 1618.78 err/s: 0.00 reconn/s: 0.00
[ 60s ] thds: 512 tps: 514.22 qps: 3122.36 (r/w/o: 0.00/2062.90/1059.46) lat (ms,95%): 1280.93 err/s: 0.00 reconn/s: 0.00
[ 61s ] thds: 512 tps: 531.76 qps: 3158.56 (r/w/o: 0.00/2048.07/1110.49) lat (ms,95%): 1648.20 err/s: 0.00 reconn/s: 0.00
[ 62s ] thds: 512 tps: 517.93 qps: 3073.59 (r/w/o: 0.00/2002.73/1070.86) lat (ms,95%): 1013.60 err/s: 0.00 reconn/s: 0.00
[ 63s ] thds: 512 tps: 505.10 qps: 3074.60 (r/w/o: 0.00/2027.39/1047.20) lat (ms,95%): 1013.60 err/s: 0.00 reconn/s: 0.00
[ 64s ] thds: 512 tps: 495.86 qps: 3064.14 (r/w/o: 0.00/2036.43/1027.71) lat (ms,95%): 1069.86 err/s: 0.00 reconn/s: 0.00
[ 65s ] thds: 512 tps: 528.12 qps: 3141.73 (r/w/o: 0.00/2062.48/1079.25) lat (ms,95%): 1170.65 err/s: 0.00 reconn/s: 0.00
[ 66s ] thds: 512 tps: 522.01 qps: 3117.08 (r/w/o: 0.00/2042.05/1075.03) lat (ms,95%): 1129.24 err/s: 0.00 reconn/s: 0.00
[ 67s ] thds: 512 tps: 527.27 qps: 3102.57 (r/w/o: 0.00/2019.02/1083.55) lat (ms,95%): 1129.24 err/s: 0.00 reconn/s: 0.00
[ 68s ] thds: 512 tps: 508.74 qps: 3050.42 (r/w/o: 0.00/2007.96/1042.46) lat (ms,95%): 1149.76 err/s: 0.00 reconn/s: 0.00
[ 69s ] thds: 512 tps: 539.23 qps: 3226.38 (r/w/o: 0.00/2120.91/1105.47) lat (ms,95%): 1903.57 err/s: 0.00 reconn/s: 0.00
[ 70s ] thds: 512 tps: 503.71 qps: 3106.18 (r/w/o: 0.00/2066.79/1039.39) lat (ms,95%): 1280.93 err/s: 0.00 reconn/s: 0.00
[ 71s ] thds: 512 tps: 504.96 qps: 2985.77 (r/w/o: 0.00/1960.85/1024.92) lat (ms,95%): 1235.62 err/s: 0.00 reconn/s: 0.00
[ 72s ] thds: 512 tps: 523.30 qps: 3074.79 (r/w/o: 0.00/1994.16/1080.63) lat (ms,95%): 1280.93 err/s: 0.00 reconn/s: 0.00
[ 73s ] thds: 512 tps: 541.79 qps: 3150.79 (r/w/o: 0.00/2027.22/1123.57) lat (ms,95%): 1280.93 err/s: 0.00 reconn/s: 0.00
[ 74s ] thds: 512 tps: 501.23 qps: 3093.44 (r/w/o: 0.00/2059.96/1033.48) lat (ms,95%): 1280.93 err/s: 0.00 reconn/s: 0.00
[ 75s ] thds: 512 tps: 511.00 qps: 3109.98 (r/w/o: 0.00/2059.99/1049.99) lat (ms,95%): 1258.08 err/s: 0.00 reconn/s: 0.00
[ 76s ] thds: 512 tps: 504.69 qps: 3078.08 (r/w/o: 0.00/2042.73/1035.36) lat (ms,95%): 1213.57 err/s: 0.00 reconn/s: 0.00
[ 77s ] thds: 512 tps: 525.05 qps: 3113.28 (r/w/o: 0.00/2034.18/1079.10) lat (ms,95%): 1213.57 err/s: 0.00 reconn/s: 0.00
[ 78s ] thds: 512 tps: 517.28 qps: 3094.68 (r/w/o: 0.00/2025.10/1069.58) lat (ms,95%): 1235.62 err/s: 0.00 reconn/s: 0.00
[ 79s ] thds: 512 tps: 521.64 qps: 3054.88 (r/w/o: 0.00/1979.63/1075.25) lat (ms,95%): 1376.60 err/s: 0.00 reconn/s: 0.00
[ 80s ] thds: 512 tps: 496.16 qps: 3054.97 (r/w/o: 0.00/2024.64/1030.33) lat (ms,95%): 1376.60 err/s: 0.00 reconn/s: 0.00
[ 81s ] thds: 512 tps: 513.95 qps: 3171.68 (r/w/o: 0.00/2120.79/1050.89) lat (ms,95%): 1376.60 err/s: 0.00 reconn/s: 0.00
[ 82s ] thds: 512 tps: 550.01 qps: 3234.06 (r/w/o: 0.00/2101.04/1133.02) lat (ms,95%): 1280.93 err/s: 0.00 reconn/s: 0.00
[ 83s ] thds: 512 tps: 506.20 qps: 3083.23 (r/w/o: 0.00/2033.81/1049.42) lat (ms,95%): 1191.92 err/s: 0.00 reconn/s: 0.00
[ 84s ] thds: 512 tps: 520.04 qps: 3047.24 (r/w/o: 0.00/1974.16/1073.09) lat (ms,95%): 1376.60 err/s: 0.00 reconn/s: 0.00
[ 85s ] thds: 512 tps: 519.68 qps: 3111.08 (r/w/o: 0.00/2029.75/1081.33) lat (ms,95%): 1533.66 err/s: 0.00 reconn/s: 0.00
[ 86s ] thds: 512 tps: 527.99 qps: 3088.95 (r/w/o: 0.00/2002.97/1085.98) lat (ms,95%): 1089.30 err/s: 0.00 reconn/s: 0.00
[ 87s ] thds: 512 tps: 515.28 qps: 3077.68 (r/w/o: 0.00/2005.09/1072.59) lat (ms,95%): 1235.62 err/s: 0.00 reconn/s: 0.00
[ 88s ] thds: 512 tps: 506.66 qps: 3083.92 (r/w/o: 0.00/2036.63/1047.29) lat (ms,95%): 1191.92 err/s: 0.00 reconn/s: 0.00
[ 89s ] thds: 512 tps: 512.14 qps: 3162.84 (r/w/o: 0.00/2101.56/1061.28) lat (ms,95%): 1213.57 err/s: 0.00 reconn/s: 0.00
[ 90s ] thds: 512 tps: 519.92 qps: 3169.50 (r/w/o: 0.00/2104.67/1064.83) lat (ms,95%): 1235.62 err/s: 0.00 reconn/s: 0.00
[ 91s ] thds: 512 tps: 532.34 qps: 3195.01 (r/w/o: 0.00/2089.31/1105.70) lat (ms,95%): 1170.65 err/s: 0.00 reconn/s: 0.00
[ 92s ] thds: 512 tps: 513.62 qps: 3042.76 (r/w/o: 0.00/1988.54/1054.23) lat (ms,95%): 1258.08 err/s: 0.00 reconn/s: 0.00
[ 93s ] thds: 512 tps: 527.08 qps: 3079.45 (r/w/o: 0.00/2000.29/1079.16) lat (ms,95%): 1453.01 err/s: 0.00 reconn/s: 0.00
[ 94s ] thds: 512 tps: 509.32 qps: 3039.91 (r/w/o: 0.00/1998.25/1041.65) lat (ms,95%): 1352.03 err/s: 0.00 reconn/s: 0.00
[ 95s ] thds: 512 tps: 507.62 qps: 3123.68 (r/w/o: 0.00/2079.46/1044.23) lat (ms,95%): 1479.41 err/s: 0.00 reconn/s: 0.00
[ 96s ] thds: 512 tps: 508.33 qps: 3140.01 (r/w/o: 0.00/2104.35/1035.66) lat (ms,95%): 1280.93 err/s: 0.00 reconn/s: 0.00
[ 97s ] thds: 512 tps: 529.95 qps: 3078.72 (r/w/o: 0.00/1983.82/1094.90) lat (ms,95%): 1708.63 err/s: 0.00 reconn/s: 0.00
[ 98s ] thds: 512 tps: 525.08 qps: 3116.46 (r/w/o: 0.00/2037.30/1079.16) lat (ms,95%): 1304.21 err/s: 0.00 reconn/s: 0.00
[ 99s ] thds: 512 tps: 511.95 qps: 3087.70 (r/w/o: 0.00/2035.80/1051.90) lat (ms,95%): 1304.21 err/s: 0.00 reconn/s: 0.00
[ 100s ] thds: 512 tps: 504.68 qps: 3097.05 (r/w/o: 0.00/2057.71/1039.35) lat (ms,95%): 1304.21 err/s: 0.00 reconn/s: 0.00
[ 101s ] thds: 512 tps: 503.32 qps: 3035.93 (r/w/o: 0.00/2000.27/1035.66) lat (ms,95%): 1280.93 err/s: 0.00 reconn/s: 0.00
[ 102s ] thds: 512 tps: 525.74 qps: 3077.47 (r/w/o: 0.00/1993.01/1084.46) lat (ms,95%): 1771.29 err/s: 0.00 reconn/s: 0.00
[ 103s ] thds: 512 tps: 519.25 qps: 3123.48 (r/w/o: 0.00/2048.97/1074.51) lat (ms,95%): 1235.62 err/s: 0.00 reconn/s: 0.00
[ 104s ] thds: 512 tps: 514.06 qps: 3118.38 (r/w/o: 0.00/2064.25/1054.13) lat (ms,95%): 1739.68 err/s: 0.00 reconn/s: 0.00
[ 105s ] thds: 512 tps: 527.00 qps: 3082.97 (r/w/o: 0.00/1993.98/1088.99) lat (ms,95%): 1213.57 err/s: 0.00 reconn/s: 0.00
[ 106s ] thds: 512 tps: 512.01 qps: 3119.05 (r/w/o: 0.00/2059.04/1060.02) lat (ms,95%): 1129.24 err/s: 0.00 reconn/s: 0.00
[ 107s ] thds: 512 tps: 523.98 qps: 3172.87 (r/w/o: 0.00/2084.91/1087.95) lat (ms,95%): 1327.91 err/s: 0.00 reconn/s: 0.00
[ 108s ] thds: 512 tps: 525.65 qps: 3194.89 (r/w/o: 0.00/2109.60/1085.28) lat (ms,95%): 1129.24 err/s: 0.00 reconn/s: 0.00
[ 109s ] thds: 512 tps: 520.90 qps: 3097.38 (r/w/o: 0.00/2019.60/1077.79) lat (ms,95%): 1109.09 err/s: 0.00 reconn/s: 0.00
[ 110s ] thds: 512 tps: 523.06 qps: 3041.37 (r/w/o: 0.00/1964.24/1077.13) lat (ms,95%): 1304.21 err/s: 0.00 reconn/s: 0.00
[ 111s ] thds: 512 tps: 503.30 qps: 3024.81 (r/w/o: 0.00/1992.19/1032.62) lat (ms,95%): 1304.21 err/s: 0.00 reconn/s: 0.00
[ 112s ] thds: 512 tps: 513.06 qps: 3095.36 (r/w/o: 0.00/2037.24/1058.12) lat (ms,95%): 1304.21 err/s: 0.00 reconn/s: 0.00
[ 113s ] thds: 512 tps: 495.82 qps: 3072.91 (r/w/o: 0.00/2057.27/1015.64) lat (ms,95%): 1258.08 err/s: 0.00 reconn/s: 0.00
[ 114s ] thds: 512 tps: 509.18 qps: 3051.07 (r/w/o: 0.00/1998.70/1052.37) lat (ms,95%): 1235.62 err/s: 0.00 reconn/s: 0.00
[ 115s ] thds: 512 tps: 512.59 qps: 3062.52 (r/w/o: 0.00/2006.38/1056.15) lat (ms,95%): 1235.62 err/s: 0.00 reconn/s: 0.00
[ 116s ] thds: 512 tps: 527.44 qps: 3184.67 (r/w/o: 0.00/2088.75/1095.92) lat (ms,95%): 1213.57 err/s: 0.00 reconn/s: 0.00
[ 117s ] thds: 512 tps: 781.45 qps: 4766.67 (r/w/o: 0.00/3155.79/1610.87) lat (ms,95%): 1050.76 err/s: 0.00 reconn/s: 0.00
[ 118s ] thds: 512 tps: 1066.71 qps: 6403.25 (r/w/o: 0.00/4202.79/2200.46) lat (ms,95%): 1032.01 err/s: 0.00 reconn/s: 0.00
[ 119s ] thds: 512 tps: 537.99 qps: 3136.96 (r/w/o: 0.00/2039.97/1096.99) lat (ms,95%): 1050.76 err/s: 0.00 reconn/s: 0.00
[ 120s ] thds: 512 tps: 530.05 qps: 3163.28 (r/w/o: 0.00/2062.18/1101.10) lat (ms,95%): 1376.60 err/s: 0.00 reconn/s: 0.00
[ 121s ] thds: 512 tps: 520.99 qps: 3196.96 (r/w/o: 0.00/2127.98/1068.99) lat (ms,95%): 1352.03 err/s: 0.00 reconn/s: 0.00
[ 122s ] thds: 512 tps: 530.89 qps: 3162.35 (r/w/o: 0.00/2059.58/1102.77) lat (ms,95%): 1304.21 err/s: 0.00 reconn/s: 0.00
[ 123s ] thds: 512 tps: 535.73 qps: 3138.41 (r/w/o: 0.00/2023.97/1114.43) lat (ms,95%): 1376.60 err/s: 0.00 reconn/s: 0.00
[ 124s ] thds: 512 tps: 535.99 qps: 3135.95 (r/w/o: 0.00/2035.96/1099.98) lat (ms,95%): 1453.01 err/s: 0.00 reconn/s: 0.00
[ 125s ] thds: 512 tps: 508.92 qps: 3070.54 (r/w/o: 0.00/2018.70/1051.84) lat (ms,95%): 1506.29 err/s: 0.00 reconn/s: 0.00
[ 126s ] thds: 512 tps: 501.45 qps: 3063.76 (r/w/o: 0.00/2028.83/1034.93) lat (ms,95%): 1506.29 err/s: 0.00 reconn/s: 0.00
[ 127s ] thds: 512 tps: 522.88 qps: 3118.31 (r/w/o: 0.00/2039.55/1078.76) lat (ms,95%): 1506.29 err/s: 0.00 reconn/s: 0.00
[ 128s ] thds: 512 tps: 513.11 qps: 3155.65 (r/w/o: 0.00/2085.43/1070.22) lat (ms,95%): 1561.52 err/s: 0.00 reconn/s: 0.00
[ 129s ] thds: 512 tps: 512.79 qps: 3112.74 (r/w/o: 0.00/2049.17/1063.57) lat (ms,95%): 1589.90 err/s: 0.00 reconn/s: 0.00
[ 130s ] thds: 512 tps: 522.19 qps: 3100.11 (r/w/o: 0.00/2020.73/1079.39) lat (ms,95%): 1427.08 err/s: 0.00 reconn/s: 0.00
[ 131s ] thds: 512 tps: 526.98 qps: 3080.87 (r/w/o: 0.00/1988.91/1091.95) lat (ms,95%): 1561.52 err/s: 0.00 reconn/s: 0.00
[ 132s ] thds: 512 tps: 519.57 qps: 3130.40 (r/w/o: 0.00/2054.30/1076.11) lat (ms,95%): 1589.90 err/s: 0.00 reconn/s: 0.00
[ 133s ] thds: 512 tps: 513.36 qps: 3071.13 (r/w/o: 0.00/2005.39/1065.74) lat (ms,95%): 1401.61 err/s: 0.00 reconn/s: 0.00
[ 134s ] thds: 512 tps: 511.00 qps: 3032.00 (r/w/o: 0.00/1970.00/1062.00) lat (ms,95%): 1589.90 err/s: 0.00 reconn/s: 0.00
[ 135s ] thds: 512 tps: 518.07 qps: 3138.41 (r/w/o: 0.00/2065.27/1073.14) lat (ms,95%): 1376.60 err/s: 0.00 reconn/s: 0.00
[ 136s ] thds: 512 tps: 514.05 qps: 3080.31 (r/w/o: 0.00/2018.21/1062.11) lat (ms,95%): 1648.20 err/s: 0.00 reconn/s: 0.00
[ 137s ] thds: 512 tps: 510.97 qps: 3148.81 (r/w/o: 0.00/2099.87/1048.94) lat (ms,95%): 1618.78 err/s: 0.00 reconn/s: 0.00
[ 138s ] thds: 512 tps: 512.97 qps: 3155.80 (r/w/o: 0.00/2080.87/1074.93) lat (ms,95%): 1327.91 err/s: 0.00 reconn/s: 0.00
[ 139s ] thds: 512 tps: 531.03 qps: 3130.18 (r/w/o: 0.00/2037.12/1093.06) lat (ms,95%): 1533.66 err/s: 0.00 reconn/s: 0.00
[ 140s ] thds: 512 tps: 529.92 qps: 3102.51 (r/w/o: 0.00/2014.68/1087.83) lat (ms,95%): 1506.29 err/s: 0.00 reconn/s: 0.00
[ 141s ] thds: 512 tps: 520.69 qps: 3100.12 (r/w/o: 0.00/2024.78/1075.35) lat (ms,95%): 1352.03 err/s: 0.00 reconn/s: 0.00
[ 142s ] thds: 512 tps: 523.42 qps: 3124.49 (r/w/o: 0.00/2052.64/1071.85) lat (ms,95%): 1352.03 err/s: 0.00 reconn/s: 0.00
[ 143s ] thds: 512 tps: 519.59 qps: 3092.56 (r/w/o: 0.00/2011.41/1081.15) lat (ms,95%): 1352.03 err/s: 0.00 reconn/s: 0.00
[ 144s ] thds: 512 tps: 511.39 qps: 3137.42 (r/w/o: 0.00/2074.60/1062.82) lat (ms,95%): 1376.60 err/s: 0.00 reconn/s: 0.00
[ 145s ] thds: 512 tps: 511.82 qps: 3023.93 (r/w/o: 0.00/1976.30/1047.63) lat (ms,95%): 1376.60 err/s: 0.00 reconn/s: 0.00
[ 146s ] thds: 512 tps: 503.66 qps: 3099.94 (r/w/o: 0.00/2059.63/1040.31) lat (ms,95%): 1376.60 err/s: 0.00 reconn/s: 0.00
[ 147s ] thds: 512 tps: 530.05 qps: 3062.29 (r/w/o: 0.00/1974.19/1088.10) lat (ms,95%): 1427.08 err/s: 0.00 reconn/s: 0.00
[ 148s ] thds: 512 tps: 516.07 qps: 3119.40 (r/w/o: 0.00/2057.26/1062.14) lat (ms,95%): 1453.01 err/s: 0.00 reconn/s: 0.00
[ 149s ] thds: 512 tps: 513.28 qps: 3107.68 (r/w/o: 0.00/2045.10/1062.57) lat (ms,95%): 1506.29 err/s: 0.00 reconn/s: 0.00
[ 150s ] thds: 512 tps: 510.13 qps: 3080.76 (r/w/o: 0.00/2033.50/1047.26) lat (ms,95%): 1561.52 err/s: 0.00 reconn/s: 0.00
[ 151s ] thds: 512 tps: 512.01 qps: 3085.05 (r/w/o: 0.00/2028.03/1057.02) lat (ms,95%): 1561.52 err/s: 0.00 reconn/s: 0.00
[ 152s ] thds: 512 tps: 512.88 qps: 3104.27 (r/w/o: 0.00/2043.52/1060.75) lat (ms,95%): 1533.66 err/s: 0.00 reconn/s: 0.00
[ 153s ] thds: 512 tps: 503.17 qps: 3061.04 (r/w/o: 0.00/2014.68/1046.35) lat (ms,95%): 1533.66 err/s: 0.00 reconn/s: 0.00
[ 154s ] thds: 512 tps: 522.83 qps: 3025.04 (r/w/o: 0.00/1952.38/1072.66) lat (ms,95%): 1561.52 err/s: 0.00 reconn/s: 0.00
[ 155s ] thds: 512 tps: 509.12 qps: 3140.71 (r/w/o: 0.00/2084.47/1056.24) lat (ms,95%): 1533.66 err/s: 0.00 reconn/s: 0.00
[ 156s ] thds: 512 tps: 528.86 qps: 3132.19 (r/w/o: 0.00/2037.47/1094.72) lat (ms,95%): 1561.52 err/s: 0.00 reconn/s: 0.00
[ 157s ] thds: 512 tps: 530.14 qps: 3162.84 (r/w/o: 0.00/2080.55/1082.29) lat (ms,95%): 1589.90 err/s: 0.00 reconn/s: 0.00
[ 158s ] thds: 512 tps: 515.83 qps: 3103.01 (r/w/o: 0.00/2029.35/1073.66) lat (ms,95%): 1191.92 err/s: 0.00 reconn/s: 0.00
[ 159s ] thds: 512 tps: 507.13 qps: 3000.74 (r/w/o: 0.00/1950.48/1050.26) lat (ms,95%): 1561.52 err/s: 0.00 reconn/s: 0.00
[ 160s ] thds: 512 tps: 502.92 qps: 3140.53 (r/w/o: 0.00/2092.68/1047.84) lat (ms,95%): 1376.60 err/s: 0.00 reconn/s: 0.00
[ 161s ] thds: 512 tps: 539.16 qps: 3248.98 (r/w/o: 0.00/2139.65/1109.34) lat (ms,95%): 1327.91 err/s: 0.00 reconn/s: 0.00
[ 162s ] thds: 512 tps: 516.93 qps: 3183.59 (r/w/o: 0.00/2107.73/1075.86) lat (ms,95%): 1327.91 err/s: 0.00 reconn/s: 0.00
[ 163s ] thds: 512 tps: 509.01 qps: 2978.04 (r/w/o: 0.00/1920.02/1058.01) lat (ms,95%): 1479.41 err/s: 0.00 reconn/s: 0.00
[ 164s ] thds: 512 tps: 525.91 qps: 2978.49 (r/w/o: 0.00/1898.68/1079.82) lat (ms,95%): 1739.68 err/s: 0.00 reconn/s: 0.00
[ 165s ] thds: 512 tps: 488.10 qps: 3025.63 (r/w/o: 0.00/2022.42/1003.21) lat (ms,95%): 1708.63 err/s: 0.00 reconn/s: 0.00
[ 166s ] thds: 512 tps: 509.95 qps: 3071.71 (r/w/o: 0.00/2019.81/1051.90) lat (ms,95%): 1678.14 err/s: 0.00 reconn/s: 0.00
[ 167s ] thds: 512 tps: 516.98 qps: 3051.87 (r/w/o: 0.00/1990.91/1060.95) lat (ms,95%): 1771.29 err/s: 0.00 reconn/s: 0.00
[ 168s ] thds: 512 tps: 506.04 qps: 3048.21 (r/w/o: 0.00/2006.14/1042.07) lat (ms,95%): 1836.24 err/s: 0.00 reconn/s: 0.00
[ 169s ] thds: 512 tps: 500.04 qps: 2994.24 (r/w/o: 0.00/1962.16/1032.08) lat (ms,95%): 1771.29 err/s: 0.00 reconn/s: 0.00
[ 170s ] thds: 512 tps: 513.85 qps: 3090.09 (r/w/o: 0.00/2027.40/1062.69) lat (ms,95%): 2320.55 err/s: 0.00 reconn/s: 0.00
[ 171s ] thds: 512 tps: 512.00 qps: 2984.98 (r/w/o: 0.00/1934.99/1049.99) lat (ms,95%): 1401.61 err/s: 0.00 reconn/s: 0.00
[ 172s ] thds: 512 tps: 496.99 qps: 3074.92 (r/w/o: 0.00/2054.94/1019.97) lat (ms,95%): 1427.08 err/s: 0.00 reconn/s: 0.00
[ 173s ] thds: 512 tps: 501.09 qps: 3021.54 (r/w/o: 0.00/1984.36/1037.19) lat (ms,95%): 1427.08 err/s: 0.00 reconn/s: 0.00
[ 174s ] thds: 512 tps: 550.06 qps: 3377.37 (r/w/o: 0.00/2242.25/1135.12) lat (ms,95%): 1479.41 err/s: 0.00 reconn/s: 0.00
[ 175s ] thds: 512 tps: 542.84 qps: 3117.07 (r/w/o: 0.00/1993.40/1123.66) lat (ms,95%): 1427.08 err/s: 0.00 reconn/s: 0.00
[ 176s ] thds: 512 tps: 525.07 qps: 3157.44 (r/w/o: 0.00/2065.29/1092.15) lat (ms,95%): 1427.08 err/s: 0.00 reconn/s: 0.00
[ 177s ] thds: 512 tps: 517.08 qps: 3094.48 (r/w/o: 0.00/2019.32/1075.17) lat (ms,95%): 1258.08 err/s: 0.00 reconn/s: 0.00
[ 178s ] thds: 512 tps: 524.84 qps: 3139.03 (r/w/o: 0.00/2058.36/1080.67) lat (ms,95%): 1258.08 err/s: 0.00 reconn/s: 0.00
[ 179s ] thds: 512 tps: 525.04 qps: 3248.25 (r/w/o: 0.00/2158.17/1090.09) lat (ms,95%): 1304.21 err/s: 0.00 reconn/s: 0.00
[ 180s ] thds: 512 tps: 528.99 qps: 3205.93 (r/w/o: 0.00/2116.95/1088.98) lat (ms,95%): 1352.03 err/s: 0.00 reconn/s: 0.00
[ 181s ] thds: 512 tps: 503.00 qps: 3004.02 (r/w/o: 0.00/1964.01/1040.01) lat (ms,95%): 1352.03 err/s: 0.00 reconn/s: 0.00
[ 182s ] thds: 512 tps: 512.10 qps: 3038.60 (r/w/o: 0.00/1989.39/1049.21) lat (ms,95%): 1618.78 err/s: 0.00 reconn/s: 0.00
[ 183s ] thds: 512 tps: 531.03 qps: 3116.15 (r/w/o: 0.00/2023.10/1093.05) lat (ms,95%): 1869.60 err/s: 0.00 reconn/s: 0.00
[ 184s ] thds: 512 tps: 499.85 qps: 3029.07 (r/w/o: 0.00/1989.39/1039.68) lat (ms,95%): 1869.60 err/s: 0.00 reconn/s: 0.00
[ 185s ] thds: 512 tps: 529.17 qps: 3187.00 (r/w/o: 0.00/2094.66/1092.34) lat (ms,95%): 2045.74 err/s: 0.00 reconn/s: 0.00
[ 186s ] thds: 512 tps: 532.98 qps: 3138.85 (r/w/o: 0.00/2036.91/1101.95) lat (ms,95%): 1453.01 err/s: 0.00 reconn/s: 0.00
[ 187s ] thds: 512 tps: 496.94 qps: 3138.65 (r/w/o: 0.00/2107.76/1030.88) lat (ms,95%): 1258.08 err/s: 0.00 reconn/s: 0.00
[ 188s ] thds: 512 tps: 511.91 qps: 3041.46 (r/w/o: 0.00/1968.65/1072.81) lat (ms,95%): 1258.08 err/s: 0.00 reconn/s: 0.00
[ 189s ] thds: 512 tps: 516.12 qps: 3137.74 (r/w/o: 0.00/2077.49/1060.25) lat (ms,95%): 1618.78 err/s: 0.00 reconn/s: 0.00
[ 190s ] thds: 512 tps: 541.96 qps: 3199.74 (r/w/o: 0.00/2069.83/1129.91) lat (ms,95%): 1304.21 err/s: 0.00 reconn/s: 0.00
[ 191s ] thds: 512 tps: 515.07 qps: 2988.38 (r/w/o: 0.00/1930.25/1058.14) lat (ms,95%): 1401.61 err/s: 0.00 reconn/s: 0.00
[ 192s ] thds: 512 tps: 502.96 qps: 3002.76 (r/w/o: 0.00/1967.84/1034.92) lat (ms,95%): 1427.08 err/s: 0.00 reconn/s: 0.00
[ 193s ] thds: 512 tps: 508.07 qps: 2980.39 (r/w/o: 0.00/1933.25/1047.14) lat (ms,95%): 1618.78 err/s: 0.00 reconn/s: 0.00
[ 194s ] thds: 512 tps: 497.83 qps: 3113.95 (r/w/o: 0.00/2093.30/1020.66) lat (ms,95%): 1589.90 err/s: 0.00 reconn/s: 0.00
[ 195s ] thds: 512 tps: 509.03 qps: 3139.16 (r/w/o: 0.00/2091.11/1048.05) lat (ms,95%): 1506.29 err/s: 0.00 reconn/s: 0.00
[ 196s ] thds: 512 tps: 508.06 qps: 3146.37 (r/w/o: 0.00/2097.25/1049.12) lat (ms,95%): 1453.01 err/s: 0.00 reconn/s: 0.00
[ 197s ] thds: 512 tps: 531.03 qps: 2989.18 (r/w/o: 0.00/1891.11/1098.06) lat (ms,95%): 1401.61 err/s: 0.00 reconn/s: 0.00
[ 198s ] thds: 512 tps: 882.79 qps: 5327.76 (r/w/o: 0.00/3505.18/1822.57) lat (ms,95%): 1213.57 err/s: 0.00 reconn/s: 0.00
[ 199s ] thds: 512 tps: 925.04 qps: 5544.23 (r/w/o: 0.00/3625.15/1919.08) lat (ms,95%): 1170.65 err/s: 0.00 reconn/s: 0.00
[ 200s ] thds: 512 tps: 537.99 qps: 3148.93 (r/w/o: 0.00/2048.96/1099.98) lat (ms,95%): 1013.60 err/s: 0.00 reconn/s: 0.00
[ 201s ] thds: 512 tps: 511.97 qps: 3060.83 (r/w/o: 0.00/2001.89/1058.94) lat (ms,95%): 1013.60 err/s: 0.00 reconn/s: 0.00
[ 202s ] thds: 512 tps: 484.18 qps: 2960.11 (r/w/o: 0.00/1957.73/1002.38) lat (ms,95%): 1561.52 err/s: 0.00 reconn/s: 0.00
[ 203s ] thds: 512 tps: 518.84 qps: 3161.02 (r/w/o: 0.00/2088.35/1072.67) lat (ms,95%): 2045.74 err/s: 0.00 reconn/s: 0.00
[ 204s ] thds: 512 tps: 514.07 qps: 3191.44 (r/w/o: 0.00/2126.30/1065.15) lat (ms,95%): 2728.81 err/s: 0.00 reconn/s: 0.00
[ 205s ] thds: 512 tps: 520.01 qps: 3135.08 (r/w/o: 0.00/2071.05/1064.03) lat (ms,95%): 1089.30 err/s: 0.00 reconn/s: 0.00
[ 206s ] thds: 512 tps: 524.88 qps: 3016.31 (r/w/o: 0.00/1926.56/1089.75) lat (ms,95%): 1089.30 err/s: 0.00 reconn/s: 0.00
[ 207s ] thds: 512 tps: 533.10 qps: 3144.60 (r/w/o: 0.00/2055.39/1089.21) lat (ms,95%): 2828.87 err/s: 0.00 reconn/s: 0.00
[ 208s ] thds: 512 tps: 532.01 qps: 3126.05 (r/w/o: 0.00/2031.03/1095.02) lat (ms,95%): 1069.86 err/s: 0.00 reconn/s: 0.00
[ 209s ] thds: 512 tps: 510.15 qps: 3082.89 (r/w/o: 0.00/2024.59/1058.31) lat (ms,95%): 1327.91 err/s: 0.00 reconn/s: 0.00
[ 210s ] thds: 512 tps: 500.90 qps: 3093.40 (r/w/o: 0.00/2047.60/1045.80) lat (ms,95%): 1648.20 err/s: 0.00 reconn/s: 0.00
[ 211s ] thds: 512 tps: 518.92 qps: 3127.53 (r/w/o: 0.00/2069.69/1057.84) lat (ms,95%): 1561.52 err/s: 0.00 reconn/s: 0.00
[ 212s ] thds: 512 tps: 522.95 qps: 3133.69 (r/w/o: 0.00/2052.79/1080.89) lat (ms,95%): 1533.66 err/s: 0.00 reconn/s: 0.00
[ 213s ] thds: 512 tps: 531.96 qps: 3215.73 (r/w/o: 0.00/2124.82/1090.91) lat (ms,95%): 1771.29 err/s: 0.00 reconn/s: 0.00
[ 214s ] thds: 512 tps: 542.03 qps: 3227.16 (r/w/o: 0.00/2109.10/1118.06) lat (ms,95%): 1032.01 err/s: 0.00 reconn/s: 0.00
[ 215s ] thds: 512 tps: 497.01 qps: 3073.04 (r/w/o: 0.00/2038.03/1035.01) lat (ms,95%): 1376.60 err/s: 0.00 reconn/s: 0.00
[ 216s ] thds: 512 tps: 525.04 qps: 3017.21 (r/w/o: 0.00/1940.13/1077.07) lat (ms,95%): 2009.23 err/s: 0.00 reconn/s: 0.00
[ 217s ] thds: 512 tps: 495.88 qps: 2997.27 (r/w/o: 0.00/1965.52/1031.75) lat (ms,95%): 1191.92 err/s: 0.00 reconn/s: 0.00
[ 218s ] thds: 512 tps: 509.06 qps: 3095.39 (r/w/o: 0.00/2042.26/1053.13) lat (ms,95%): 1869.60 err/s: 0.00 reconn/s: 0.00
[ 219s ] thds: 512 tps: 510.01 qps: 3085.05 (r/w/o: 0.00/2038.03/1047.02) lat (ms,95%): 1129.24 err/s: 0.00 reconn/s: 0.00
[ 220s ] thds: 512 tps: 548.08 qps: 3189.45 (r/w/o: 0.00/2054.29/1135.16) lat (ms,95%): 2279.14 err/s: 0.00 reconn/s: 0.00
[ 221s ] thds: 512 tps: 516.15 qps: 3172.92 (r/w/o: 0.00/2107.61/1065.31) lat (ms,95%): 1129.24 err/s: 0.00 reconn/s: 0.00
[ 222s ] thds: 512 tps: 529.77 qps: 3131.63 (r/w/o: 0.00/2040.11/1091.52) lat (ms,95%): 1280.93 err/s: 0.00 reconn/s: 0.00
[ 223s ] thds: 512 tps: 517.14 qps: 3063.82 (r/w/o: 0.00/2005.54/1058.28) lat (ms,95%): 1235.62 err/s: 0.00 reconn/s: 0.00
[ 224s ] thds: 512 tps: 515.09 qps: 3130.55 (r/w/o: 0.00/2077.37/1053.19) lat (ms,95%): 1213.57 err/s: 0.00 reconn/s: 0.00
[ 225s ] thds: 512 tps: 548.98 qps: 3200.91 (r/w/o: 0.00/2061.94/1138.97) lat (ms,95%): 1109.09 err/s: 0.00 reconn/s: 0.00
[ 226s ] thds: 512 tps: 525.83 qps: 3255.97 (r/w/o: 0.00/2176.31/1079.66) lat (ms,95%): 1050.76 err/s: 0.00 reconn/s: 0.00
[ 227s ] thds: 512 tps: 517.96 qps: 3024.79 (r/w/o: 0.00/1950.86/1073.93) lat (ms,95%): 1109.09 err/s: 0.00 reconn/s: 0.00
[ 228s ] thds: 512 tps: 484.96 qps: 2941.76 (r/w/o: 0.00/1937.84/1003.92) lat (ms,95%): 1618.78 err/s: 0.00 reconn/s: 0.00
[ 229s ] thds: 512 tps: 488.01 qps: 2984.08 (r/w/o: 0.00/1969.05/1015.03) lat (ms,95%): 2045.74 err/s: 0.00 reconn/s: 0.00
[ 230s ] thds: 512 tps: 519.06 qps: 3142.35 (r/w/o: 0.00/2073.23/1069.12) lat (ms,95%): 1938.16 err/s: 0.00 reconn/s: 0.00
[ 231s ] thds: 512 tps: 543.95 qps: 3212.71 (r/w/o: 0.00/2085.81/1126.90) lat (ms,95%): 1903.57 err/s: 0.00 reconn/s: 0.00
[ 232s ] thds: 512 tps: 537.11 qps: 3205.66 (r/w/o: 0.00/2102.43/1103.23) lat (ms,95%): 1678.14 err/s: 0.00 reconn/s: 0.00
[ 233s ] thds: 512 tps: 511.90 qps: 3030.42 (r/w/o: 0.00/1977.62/1052.80) lat (ms,95%): 2449.36 err/s: 0.00 reconn/s: 0.00
[ 234s ] thds: 512 tps: 497.09 qps: 2989.54 (r/w/o: 0.00/1967.36/1022.19) lat (ms,95%): 1803.47 err/s: 0.00 reconn/s: 0.00
[ 235s ] thds: 512 tps: 547.87 qps: 3341.21 (r/w/o: 0.00/2206.48/1134.73) lat (ms,95%): 2159.29 err/s: 0.00 reconn/s: 0.00
[ 236s ] thds: 512 tps: 521.01 qps: 3311.07 (r/w/o: 0.00/2233.05/1078.02) lat (ms,95%): 1280.93 err/s: 0.00 reconn/s: 0.00
[ 237s ] thds: 512 tps: 503.99 qps: 3015.92 (r/w/o: 0.00/1983.94/1031.97) lat (ms,95%): 1376.60 err/s: 0.00 reconn/s: 0.00
[ 238s ] thds: 512 tps: 531.13 qps: 3103.78 (r/w/o: 0.00/2006.50/1097.28) lat (ms,95%): 1376.60 err/s: 0.00 reconn/s: 0.00
[ 239s ] thds: 512 tps: 534.96 qps: 3168.79 (r/w/o: 0.00/2066.86/1101.93) lat (ms,95%): 1013.60 err/s: 0.00 reconn/s: 0.00
[ 240s ] thds: 512 tps: 540.94 qps: 3140.68 (r/w/o: 0.00/2028.79/1111.89) lat (ms,95%): 1013.60 err/s: 0.00 reconn/s: 0.00
[ 241s ] thds: 512 tps: 471.18 qps: 1653.62 (r/w/o: 0.00/1158.44/495.19) lat (ms,95%): 1013.60 err/s: 0.00 reconn/s: 0.00
[ 242s ] thds: 512 tps: 11.00 qps: 61.98 (r/w/o: 0.00/50.98/11.00) lat (ms,95%): 4280.32 err/s: 0.00 reconn/s: 0.00
[ 243s ] thds: 477 tps: 12.00 qps: 26.00 (r/w/o: 0.00/14.00/12.00) lat (ms,95%): 4599.99 err/s: 0.00 reconn/s: 0.00
[ 244s ] thds: 343 tps: 13.00 qps: 23.00 (r/w/o: 0.00/10.00/13.00) lat (ms,95%): 4768.67 err/s: 0.00 reconn/s: 0.00
Latency histogram (values are in milliseconds)
       value  ------------- distribution ------------- count
      16.408 |                                         1
      16.706 |                                         1
      17.319 |                                         4
      17.633 |                                         6
      17.954 |                                         14
      18.280 |                                         21
      18.612 |                                         39
      18.950 |                                         46
      19.295 |                                         48
      19.645 |                                         72
      20.002 |                                         94
      20.366 |                                         100
      20.736 |                                         99
      21.112 |                                         131
      21.496 |                                         116
      21.886 |                                         123
      22.284 |                                         118
      22.689 |                                         92
      23.101 |                                         86
      23.521 |                                         67
      23.948 |                                         68
      24.384 |                                         60
      24.827 |                                         29
      25.278 |                                         30
      25.737 |                                         22
      26.205 |                                         23
      26.681 |                                         23
      27.165 |                                         10
      27.659 |                                         10
      28.162 |                                         13
      28.673 |                                         4
      29.194 |                                         7
      29.725 |                                         6
      30.265 |                                         4
      30.815 |                                         5
      31.945 |                                         1
      32.525 |                                         1
      33.116 |                                         1
      57.871 |                                         1
      61.083 |                                         1
      77.194 |                                         1
      89.155 |                                         1
     102.969 |                                         1
     125.525 |                                         1
     134.899 |                                         1
     139.846 |                                         1
     147.608 |                                         1
     155.801 |                                         1
     158.632 |                                         1
     164.449 |                                         1
     186.540 |                                         2
     189.929 |                                         2
     196.894 |                                         1
     200.472 |                                         1
     204.114 |                                         1
     207.823 |                                         1
     227.402 |                                         1
     240.024 |                                         1
     248.825 |                                         1
     257.950 |                                         2
     262.636 |                                         3
     267.408 |                                         1
     272.267 |                                         1
     277.214 |                                         1
     282.251 |                                         1
     292.601 |                                         3
     297.917 |                                         2
     303.330 |                                         1
     325.984 |                                         2
     331.907 |                                         3
     344.078 |                                         2
     350.330 |                                         1
     356.695 |                                         2
     363.176 |                                         1
     369.775 |                                         3
     376.494 |                                         3
     383.334 |                                         3
     390.299 |                                         4
     397.391 |                                         3
     404.611 |                                         3
     411.963 |                                         2
     419.448 |                                         1
     427.069 |                                         1
     434.829 |                                         6
     442.730 |                                         1
     450.774 |                                         8
     458.964 |                                         11
     467.304 |                                         6
     475.794 |                                         4
     484.439 |                                         5
     493.242 |                                         5
     502.204 |                                         2
     511.328 |                                         8
     520.619 |                                         9
     530.078 |                                         6
     539.710 |                                         8
     549.516 |                                         3
     559.501 |                                         5
     569.667 |                                         9
     580.017 |                                         8
     590.556 |                                         11
     601.286 |                                         11
     612.211 |                                         7
     623.335 |                                         8
     634.661 |                                         9
     646.192 |                                         6
     657.933 |                                         22
     669.888 |                                         29
     682.059 |                                         15
     694.452 |                                         38
     707.070 |                                         102
     719.917 |                                         112
     732.998 |                                         95
     746.316 |*                                        313
     759.876 |**                                       637
     773.683 |**                                       631
     787.741 |***                                      1049
     802.053 |*****                                    1895
     816.626 |*******                                  2509
     831.464 |****************                         5547
     846.572 |****************************             9477
     861.954 |******************************           10286
     877.615 |**************************************   13153
     893.561 |**************************************** 13783
     909.797 |**********************************       11702
     926.327 |*************************                8759
     943.158 |*******************                      6691
     960.295 |*************                            4368
     977.743 |***********                              3656
     995.508 |*********                                3148
    1013.597 |*******                                  2315
    1032.013 |******                                   2049
    1050.764 |****                                     1273
    1069.856 |***                                      1170
    1089.295 |***                                      883
    1109.087 |***                                      981
    1129.239 |**                                       793
    1149.757 |***                                      1180
    1170.648 |****                                     1391
    1191.918 |****                                     1290
    1213.575 |***                                      1024
    1235.625 |***                                      1064
    1258.076 |**                                       653
    1280.934 |**                                       653
    1304.208 |**                                       584
    1327.905 |**                                       689
    1352.033 |***                                      868
    1376.599 |**                                       746
    1401.611 |**                                       597
    1427.078 |*                                        458
    1453.007 |*                                        255
    1479.408 |*                                        290
    1506.288 |*                                        327
    1533.657 |**                                       524
    1561.523 |*                                        393
    1589.895 |*                                        385
    1618.783 |*                                        353
    1648.196 |*                                        231
    1678.143 |                                         138
    1708.634 |                                         115
    1739.679 |*                                        197
    1771.289 |                                         152
    1803.472 |                                         158
    1836.241 |                                         140
    1869.605 |*                                        202
    1903.575 |                                         88
    1938.162 |                                         71
    1973.377 |                                         46
    2009.233 |                                         71
    2045.740 |                                         144
    2082.910 |                                         88
    2120.756 |                                         47
    2159.289 |                                         63
    2198.523 |                                         96
    2238.469 |                                         100
    2279.141 |                                         112
    2320.552 |                                         73
    2362.716 |                                         85
    2405.646 |                                         63
    2449.355 |                                         55
    2493.859 |                                         25
    2539.172 |                                         20
    2585.308 |                                         20
    2632.282 |                                         25
    2680.109 |                                         29
    2728.806 |                                         34
    2778.387 |                                         100
    2828.869 |                                         56
    2880.269 |                                         33
    2932.602 |                                         20
    2985.887 |                                         24
    3040.139 |                                         7
    3095.377 |                                         16
    3151.619 |                                         19
    3208.883 |                                         29
    3267.187 |                                         16
    3326.551 |                                         22
    3386.993 |                                         15
    3448.533 |                                         25
    3511.192 |                                         34
    3574.989 |                                         29
    3639.945 |                                         19
    3706.081 |                                         19
    3773.420 |                                         14
    3841.981 |                                         21
    3911.789 |                                         14
    3982.864 |                                         15
    4055.231 |                                         12
    4128.913 |                                         14
    4203.934 |                                         11
    4280.318 |                                         8
    4358.090 |                                         5
    4437.275 |                                         4
    4517.898 |                                         4
    4599.987 |                                         4
    4683.567 |                                         8
    4768.666 |                                         7
    4855.311 |                                         7
    4943.530 |                                         2
    5033.352 |                                         1
    5217.922 |                                         1
    5312.729 |                                         2
    5409.260 |                                         1
    5507.544 |                                         1
    5607.614 |                                         2
    5918.866 |                                         1
    6026.410 |                                         2
    6135.907 |                                         8
    6360.907 |                                         4
    6476.483 |                                         2
    6835.962 |                                         1
    7346.494 |                                         4
    7479.978 |                                         1
    7615.886 |                                         1
    7754.264 |                                         1
    7895.156 |                                         2
    8038.608 |                                         3
    8184.666 |                                         5
    8333.379 |                                         3
    8795.925 |                                         1
    8955.744 |                                         2
    9118.466 |                                         1
    9284.145 |                                         2
    9452.835 |                                         1
    9624.589 |                                         9
    9799.465 |                                         2
    9977.517 |                                         2
   10158.805 |                                         1
   10343.387 |                                         2
   11946.037 |                                         7
 
SQL statistics:
    queries performed:
        read:                            0
        write:                           496773
        other:                           260427
        total:                           757200
    transactions:                        126425 (517.11 per sec.)
    queries:                             757200 (3097.15 per sec.)
    ignored errors:                      0      (0.00 per sec.)
    reconnects:                          0      (0.00 per sec.)

Throughput:
    events/s (eps):                      517.1123
    time elapsed:                        244.4831s
    total number of events:              126425

Latency (ms):
         min:                                   16.33
         avg:                                  976.60
         max:                                12037.74
         95th percentile:                     1427.08
         sum:                            123466996.93

Threads fairness:
    events (avg/stddev):           246.9238/19.60
    execution time (avg/stddev):   241.1465/0.75

