sysbench 1.1.0-3ceba0b (using bundled LuaJIT 2.1.0-beta3)

Running the test with following options:
Number of threads: 32
Warmup time: 60s
Report intermediate results every 1 second(s)
Initializing random number generator from current time


Initializing worker threads...

Threads started!

Warming up for 60 seconds...

[ 1s ] thds: 32 tps: 12042.52 qps: 12042.52 (r/w/o: 12042.52/0.00/0.00) lat (ms,95%): 3.68 err/s: 0.00 reconn/s: 0.00
[ 2s ] thds: 32 tps: 12153.43 qps: 12153.43 (r/w/o: 12153.43/0.00/0.00) lat (ms,95%): 3.62 err/s: 0.00 reconn/s: 0.00
[ 3s ] thds: 32 tps: 12296.67 qps: 12296.67 (r/w/o: 12296.67/0.00/0.00) lat (ms,95%): 3.62 err/s: 0.00 reconn/s: 0.00
[ 4s ] thds: 32 tps: 12019.34 qps: 12019.34 (r/w/o: 12019.34/0.00/0.00) lat (ms,95%): 3.82 err/s: 0.00 reconn/s: 0.00
[ 5s ] thds: 32 tps: 12160.31 qps: 12160.31 (r/w/o: 12160.31/0.00/0.00) lat (ms,95%): 3.62 err/s: 0.00 reconn/s: 0.00
[ 6s ] thds: 32 tps: 12287.28 qps: 12287.28 (r/w/o: 12287.28/0.00/0.00) lat (ms,95%): 3.62 err/s: 0.00 reconn/s: 0.00
[ 7s ] thds: 32 tps: 12326.85 qps: 12326.85 (r/w/o: 12326.85/0.00/0.00) lat (ms,95%): 3.62 err/s: 0.00 reconn/s: 0.00
[ 8s ] thds: 32 tps: 12262.20 qps: 12262.20 (r/w/o: 12262.20/0.00/0.00) lat (ms,95%): 3.62 err/s: 0.00 reconn/s: 0.00
[ 9s ] thds: 32 tps: 12260.91 qps: 12260.91 (r/w/o: 12260.91/0.00/0.00) lat (ms,95%): 3.68 err/s: 0.00 reconn/s: 0.00
[ 10s ] thds: 32 tps: 12403.89 qps: 12403.89 (r/w/o: 12403.89/0.00/0.00) lat (ms,95%): 3.68 err/s: 0.00 reconn/s: 0.00
[ 11s ] thds: 32 tps: 12351.62 qps: 12351.62 (r/w/o: 12351.62/0.00/0.00) lat (ms,95%): 3.62 err/s: 0.00 reconn/s: 0.00
[ 12s ] thds: 32 tps: 12253.15 qps: 12253.15 (r/w/o: 12253.15/0.00/0.00) lat (ms,95%): 3.62 err/s: 0.00 reconn/s: 0.00
[ 13s ] thds: 32 tps: 11974.59 qps: 11974.59 (r/w/o: 11974.59/0.00/0.00) lat (ms,95%): 3.82 err/s: 0.00 reconn/s: 0.00
[ 14s ] thds: 32 tps: 12387.17 qps: 12387.17 (r/w/o: 12387.17/0.00/0.00) lat (ms,95%): 3.62 err/s: 0.00 reconn/s: 0.00
[ 15s ] thds: 32 tps: 12258.90 qps: 12258.90 (r/w/o: 12258.90/0.00/0.00) lat (ms,95%): 3.62 err/s: 0.00 reconn/s: 0.00
[ 16s ] thds: 32 tps: 12458.92 qps: 12458.92 (r/w/o: 12458.92/0.00/0.00) lat (ms,95%): 3.55 err/s: 0.00 reconn/s: 0.00
[ 17s ] thds: 32 tps: 12494.51 qps: 12494.51 (r/w/o: 12494.51/0.00/0.00) lat (ms,95%): 3.62 err/s: 0.00 reconn/s: 0.00
[ 18s ] thds: 32 tps: 12450.58 qps: 12450.58 (r/w/o: 12450.58/0.00/0.00) lat (ms,95%): 3.62 err/s: 0.00 reconn/s: 0.00
[ 19s ] thds: 32 tps: 12305.98 qps: 12305.98 (r/w/o: 12305.98/0.00/0.00) lat (ms,95%): 3.62 err/s: 0.00 reconn/s: 0.00
[ 20s ] thds: 32 tps: 12351.58 qps: 12351.58 (r/w/o: 12351.58/0.00/0.00) lat (ms,95%): 3.55 err/s: 0.00 reconn/s: 0.00
[ 21s ] thds: 32 tps: 12256.10 qps: 12256.10 (r/w/o: 12256.10/0.00/0.00) lat (ms,95%): 3.62 err/s: 0.00 reconn/s: 0.00
[ 22s ] thds: 32 tps: 11824.72 qps: 11824.72 (r/w/o: 11824.72/0.00/0.00) lat (ms,95%): 3.82 err/s: 0.00 reconn/s: 0.00
[ 23s ] thds: 32 tps: 12360.92 qps: 12360.92 (r/w/o: 12360.92/0.00/0.00) lat (ms,95%): 3.68 err/s: 0.00 reconn/s: 0.00
[ 24s ] thds: 32 tps: 12278.16 qps: 12278.16 (r/w/o: 12278.16/0.00/0.00) lat (ms,95%): 3.68 err/s: 0.00 reconn/s: 0.00
[ 25s ] thds: 32 tps: 12316.86 qps: 12316.86 (r/w/o: 12316.86/0.00/0.00) lat (ms,95%): 3.62 err/s: 0.00 reconn/s: 0.00
[ 26s ] thds: 32 tps: 12152.82 qps: 12152.82 (r/w/o: 12152.82/0.00/0.00) lat (ms,95%): 3.68 err/s: 0.00 reconn/s: 0.00
[ 27s ] thds: 32 tps: 12246.29 qps: 12246.29 (r/w/o: 12246.29/0.00/0.00) lat (ms,95%): 3.55 err/s: 0.00 reconn/s: 0.00
[ 28s ] thds: 32 tps: 12415.36 qps: 12415.36 (r/w/o: 12415.36/0.00/0.00) lat (ms,95%): 3.62 err/s: 0.00 reconn/s: 0.00
[ 29s ] thds: 32 tps: 12246.20 qps: 12246.20 (r/w/o: 12246.20/0.00/0.00) lat (ms,95%): 3.62 err/s: 0.00 reconn/s: 0.00
[ 30s ] thds: 32 tps: 12435.93 qps: 12435.93 (r/w/o: 12435.93/0.00/0.00) lat (ms,95%): 3.62 err/s: 0.00 reconn/s: 0.00
[ 31s ] thds: 32 tps: 12149.63 qps: 12149.63 (r/w/o: 12149.63/0.00/0.00) lat (ms,95%): 3.75 err/s: 0.00 reconn/s: 0.00
[ 32s ] thds: 32 tps: 12214.10 qps: 12214.10 (r/w/o: 12214.10/0.00/0.00) lat (ms,95%): 3.62 err/s: 0.00 reconn/s: 0.00
[ 33s ] thds: 32 tps: 12195.28 qps: 12195.28 (r/w/o: 12195.28/0.00/0.00) lat (ms,95%): 3.62 err/s: 0.00 reconn/s: 0.00
[ 34s ] thds: 32 tps: 12325.79 qps: 12325.79 (r/w/o: 12325.79/0.00/0.00) lat (ms,95%): 3.62 err/s: 0.00 reconn/s: 0.00
[ 35s ] thds: 32 tps: 12389.65 qps: 12389.65 (r/w/o: 12389.65/0.00/0.00) lat (ms,95%): 3.62 err/s: 0.00 reconn/s: 0.00
[ 36s ] thds: 32 tps: 12382.01 qps: 12382.01 (r/w/o: 12382.01/0.00/0.00) lat (ms,95%): 3.55 err/s: 0.00 reconn/s: 0.00
[ 37s ] thds: 32 tps: 12411.44 qps: 12411.44 (r/w/o: 12411.44/0.00/0.00) lat (ms,95%): 3.62 err/s: 0.00 reconn/s: 0.00
[ 38s ] thds: 32 tps: 12287.49 qps: 12287.49 (r/w/o: 12287.49/0.00/0.00) lat (ms,95%): 3.62 err/s: 0.00 reconn/s: 0.00
[ 39s ] thds: 32 tps: 12406.23 qps: 12406.23 (r/w/o: 12406.23/0.00/0.00) lat (ms,95%): 3.55 err/s: 0.00 reconn/s: 0.00
[ 40s ] thds: 32 tps: 12164.91 qps: 12164.91 (r/w/o: 12164.91/0.00/0.00) lat (ms,95%): 3.75 err/s: 0.00 reconn/s: 0.00
[ 41s ] thds: 32 tps: 12139.64 qps: 12139.64 (r/w/o: 12139.64/0.00/0.00) lat (ms,95%): 3.62 err/s: 0.00 reconn/s: 0.00
[ 42s ] thds: 32 tps: 12363.47 qps: 12363.47 (r/w/o: 12363.47/0.00/0.00) lat (ms,95%): 3.55 err/s: 0.00 reconn/s: 0.00
[ 43s ] thds: 32 tps: 12311.15 qps: 12311.15 (r/w/o: 12311.15/0.00/0.00) lat (ms,95%): 3.55 err/s: 0.00 reconn/s: 0.00
[ 44s ] thds: 32 tps: 12324.31 qps: 12324.31 (r/w/o: 12324.31/0.00/0.00) lat (ms,95%): 3.55 err/s: 0.00 reconn/s: 0.00
[ 45s ] thds: 32 tps: 12308.65 qps: 12308.65 (r/w/o: 12308.65/0.00/0.00) lat (ms,95%): 3.62 err/s: 0.00 reconn/s: 0.00
[ 46s ] thds: 32 tps: 12268.10 qps: 12268.10 (r/w/o: 12268.10/0.00/0.00) lat (ms,95%): 3.62 err/s: 0.00 reconn/s: 0.00
[ 47s ] thds: 32 tps: 12170.80 qps: 12170.80 (r/w/o: 12170.80/0.00/0.00) lat (ms,95%): 3.68 err/s: 0.00 reconn/s: 0.00
[ 48s ] thds: 32 tps: 12208.08 qps: 12208.08 (r/w/o: 12208.08/0.00/0.00) lat (ms,95%): 3.68 err/s: 0.00 reconn/s: 0.00
[ 49s ] thds: 32 tps: 11884.13 qps: 11884.13 (r/w/o: 11884.13/0.00/0.00) lat (ms,95%): 3.82 err/s: 0.00 reconn/s: 0.00
[ 50s ] thds: 32 tps: 12247.31 qps: 12247.31 (r/w/o: 12247.31/0.00/0.00) lat (ms,95%): 3.68 err/s: 0.00 reconn/s: 0.00
[ 51s ] thds: 32 tps: 12470.28 qps: 12470.28 (r/w/o: 12470.28/0.00/0.00) lat (ms,95%): 3.55 err/s: 0.00 reconn/s: 0.00
[ 52s ] thds: 32 tps: 12433.35 qps: 12433.35 (r/w/o: 12433.35/0.00/0.00) lat (ms,95%): 3.55 err/s: 0.00 reconn/s: 0.00
[ 53s ] thds: 32 tps: 12391.63 qps: 12391.63 (r/w/o: 12391.63/0.00/0.00) lat (ms,95%): 3.62 err/s: 0.00 reconn/s: 0.00
[ 54s ] thds: 32 tps: 12347.75 qps: 12347.75 (r/w/o: 12347.75/0.00/0.00) lat (ms,95%): 3.68 err/s: 0.00 reconn/s: 0.00
[ 55s ] thds: 32 tps: 12374.34 qps: 12374.34 (r/w/o: 12374.34/0.00/0.00) lat (ms,95%): 3.62 err/s: 0.00 reconn/s: 0.00
[ 56s ] thds: 32 tps: 12525.17 qps: 12525.17 (r/w/o: 12525.17/0.00/0.00) lat (ms,95%): 3.55 err/s: 0.00 reconn/s: 0.00
[ 57s ] thds: 32 tps: 12277.46 qps: 12277.46 (r/w/o: 12277.46/0.00/0.00) lat (ms,95%): 3.62 err/s: 0.00 reconn/s: 0.00
[ 58s ] thds: 32 tps: 12087.95 qps: 12087.95 (r/w/o: 12087.95/0.00/0.00) lat (ms,95%): 3.75 err/s: 0.00 reconn/s: 0.00
[ 59s ] thds: 32 tps: 12322.70 qps: 12322.70 (r/w/o: 12322.70/0.00/0.00) lat (ms,95%): 3.62 err/s: 0.00 reconn/s: 0.00
[ 60s ] thds: 32 tps: 12112.49 qps: 12112.49 (r/w/o: 12112.49/0.00/0.00) lat (ms,95%): 3.68 err/s: 0.00 reconn/s: 0.00
[ 61s ] thds: 32 tps: 12512.04 qps: 12512.04 (r/w/o: 12512.04/0.00/0.00) lat (ms,95%): 3.55 err/s: 0.00 reconn/s: 0.00
[ 62s ] thds: 32 tps: 12370.88 qps: 12370.88 (r/w/o: 12370.88/0.00/0.00) lat (ms,95%): 3.62 err/s: 0.00 reconn/s: 0.00
[ 63s ] thds: 32 tps: 12427.40 qps: 12427.40 (r/w/o: 12427.40/0.00/0.00) lat (ms,95%): 3.62 err/s: 0.00 reconn/s: 0.00
[ 64s ] thds: 32 tps: 12310.89 qps: 12310.89 (r/w/o: 12310.89/0.00/0.00) lat (ms,95%): 3.62 err/s: 0.00 reconn/s: 0.00
[ 65s ] thds: 32 tps: 12342.08 qps: 12342.08 (r/w/o: 12342.08/0.00/0.00) lat (ms,95%): 3.62 err/s: 0.00 reconn/s: 0.00
[ 66s ] thds: 32 tps: 12238.48 qps: 12238.48 (r/w/o: 12238.48/0.00/0.00) lat (ms,95%): 3.62 err/s: 0.00 reconn/s: 0.00
[ 67s ] thds: 32 tps: 11995.38 qps: 11995.38 (r/w/o: 11995.38/0.00/0.00) lat (ms,95%): 3.75 err/s: 0.00 reconn/s: 0.00
[ 68s ] thds: 32 tps: 12034.05 qps: 12034.05 (r/w/o: 12034.05/0.00/0.00) lat (ms,95%): 3.68 err/s: 0.00 reconn/s: 0.00
[ 69s ] thds: 32 tps: 12229.28 qps: 12229.28 (r/w/o: 12229.28/0.00/0.00) lat (ms,95%): 3.62 err/s: 0.00 reconn/s: 0.00
[ 70s ] thds: 32 tps: 12027.66 qps: 12027.66 (r/w/o: 12027.66/0.00/0.00) lat (ms,95%): 3.68 err/s: 0.00 reconn/s: 0.00
[ 71s ] thds: 32 tps: 12171.03 qps: 12171.03 (r/w/o: 12171.03/0.00/0.00) lat (ms,95%): 3.62 err/s: 0.00 reconn/s: 0.00
[ 72s ] thds: 32 tps: 12192.09 qps: 12192.09 (r/w/o: 12192.09/0.00/0.00) lat (ms,95%): 3.62 err/s: 0.00 reconn/s: 0.00
[ 73s ] thds: 32 tps: 12258.05 qps: 12258.05 (r/w/o: 12258.05/0.00/0.00) lat (ms,95%): 3.62 err/s: 0.00 reconn/s: 0.00
[ 74s ] thds: 32 tps: 12180.88 qps: 12180.88 (r/w/o: 12180.88/0.00/0.00) lat (ms,95%): 3.62 err/s: 0.00 reconn/s: 0.00
[ 75s ] thds: 32 tps: 12341.24 qps: 12341.24 (r/w/o: 12341.24/0.00/0.00) lat (ms,95%): 3.55 err/s: 0.00 reconn/s: 0.00
[ 76s ] thds: 32 tps: 12066.48 qps: 12066.48 (r/w/o: 12066.48/0.00/0.00) lat (ms,95%): 3.75 err/s: 0.00 reconn/s: 0.00
[ 77s ] thds: 32 tps: 12096.69 qps: 12096.69 (r/w/o: 12096.69/0.00/0.00) lat (ms,95%): 3.68 err/s: 0.00 reconn/s: 0.00
[ 78s ] thds: 32 tps: 12324.33 qps: 12324.33 (r/w/o: 12324.33/0.00/0.00) lat (ms,95%): 3.62 err/s: 0.00 reconn/s: 0.00
[ 79s ] thds: 32 tps: 12342.56 qps: 12342.56 (r/w/o: 12342.56/0.00/0.00) lat (ms,95%): 3.62 err/s: 0.00 reconn/s: 0.00
[ 80s ] thds: 32 tps: 12306.87 qps: 12306.87 (r/w/o: 12306.87/0.00/0.00) lat (ms,95%): 3.62 err/s: 0.00 reconn/s: 0.00
[ 81s ] thds: 32 tps: 12205.10 qps: 12205.10 (r/w/o: 12205.10/0.00/0.00) lat (ms,95%): 3.55 err/s: 0.00 reconn/s: 0.00
[ 82s ] thds: 32 tps: 12142.97 qps: 12142.97 (r/w/o: 12142.97/0.00/0.00) lat (ms,95%): 3.62 err/s: 0.00 reconn/s: 0.00
[ 83s ] thds: 32 tps: 12172.58 qps: 12172.58 (r/w/o: 12172.58/0.00/0.00) lat (ms,95%): 3.62 err/s: 0.00 reconn/s: 0.00
[ 84s ] thds: 32 tps: 12152.53 qps: 12152.53 (r/w/o: 12152.53/0.00/0.00) lat (ms,95%): 3.68 err/s: 0.00 reconn/s: 0.00
[ 85s ] thds: 32 tps: 12069.02 qps: 12069.02 (r/w/o: 12069.02/0.00/0.00) lat (ms,95%): 3.68 err/s: 0.00 reconn/s: 0.00
[ 86s ] thds: 32 tps: 12137.01 qps: 12137.01 (r/w/o: 12137.01/0.00/0.00) lat (ms,95%): 3.68 err/s: 0.00 reconn/s: 0.00
[ 87s ] thds: 32 tps: 12202.04 qps: 12202.04 (r/w/o: 12202.04/0.00/0.00) lat (ms,95%): 3.68 err/s: 0.00 reconn/s: 0.00
[ 88s ] thds: 32 tps: 12244.17 qps: 12244.17 (r/w/o: 12244.17/0.00/0.00) lat (ms,95%): 3.62 err/s: 0.00 reconn/s: 0.00
[ 89s ] thds: 32 tps: 12299.58 qps: 12299.58 (r/w/o: 12299.58/0.00/0.00) lat (ms,95%): 3.55 err/s: 0.00 reconn/s: 0.00
[ 90s ] thds: 32 tps: 12369.04 qps: 12369.04 (r/w/o: 12369.04/0.00/0.00) lat (ms,95%): 3.55 err/s: 0.00 reconn/s: 0.00
[ 91s ] thds: 32 tps: 12358.35 qps: 12358.35 (r/w/o: 12358.35/0.00/0.00) lat (ms,95%): 3.62 err/s: 0.00 reconn/s: 0.00
[ 92s ] thds: 32 tps: 12215.63 qps: 12218.63 (r/w/o: 12218.63/0.00/0.00) lat (ms,95%): 3.62 err/s: 0.00 reconn/s: 0.00
[ 93s ] thds: 32 tps: 12323.95 qps: 12320.95 (r/w/o: 12320.95/0.00/0.00) lat (ms,95%): 3.62 err/s: 0.00 reconn/s: 0.00
[ 94s ] thds: 32 tps: 12201.35 qps: 12201.35 (r/w/o: 12201.35/0.00/0.00) lat (ms,95%): 3.68 err/s: 0.00 reconn/s: 0.00
[ 95s ] thds: 32 tps: 12266.52 qps: 12266.52 (r/w/o: 12266.52/0.00/0.00) lat (ms,95%): 3.68 err/s: 0.00 reconn/s: 0.00
[ 96s ] thds: 32 tps: 12232.67 qps: 12232.67 (r/w/o: 12232.67/0.00/0.00) lat (ms,95%): 3.62 err/s: 0.00 reconn/s: 0.00
[ 97s ] thds: 32 tps: 12239.61 qps: 12239.61 (r/w/o: 12239.61/0.00/0.00) lat (ms,95%): 3.62 err/s: 0.00 reconn/s: 0.00
[ 98s ] thds: 32 tps: 12213.10 qps: 12213.10 (r/w/o: 12213.10/0.00/0.00) lat (ms,95%): 3.62 err/s: 0.00 reconn/s: 0.00
[ 99s ] thds: 32 tps: 12169.94 qps: 12169.94 (r/w/o: 12169.94/0.00/0.00) lat (ms,95%): 3.62 err/s: 0.00 reconn/s: 0.00
[ 100s ] thds: 32 tps: 12305.77 qps: 12305.77 (r/w/o: 12305.77/0.00/0.00) lat (ms,95%): 3.62 err/s: 0.00 reconn/s: 0.00
[ 101s ] thds: 32 tps: 12223.92 qps: 12223.92 (r/w/o: 12223.92/0.00/0.00) lat (ms,95%): 3.62 err/s: 0.00 reconn/s: 0.00
[ 102s ] thds: 32 tps: 12094.89 qps: 12094.89 (r/w/o: 12094.89/0.00/0.00) lat (ms,95%): 3.68 err/s: 0.00 reconn/s: 0.00
[ 103s ] thds: 32 tps: 12053.14 qps: 12053.14 (r/w/o: 12053.14/0.00/0.00) lat (ms,95%): 3.75 err/s: 0.00 reconn/s: 0.00
[ 104s ] thds: 32 tps: 12035.65 qps: 12035.65 (r/w/o: 12035.65/0.00/0.00) lat (ms,95%): 3.75 err/s: 0.00 reconn/s: 0.00
[ 105s ] thds: 32 tps: 12131.96 qps: 12131.96 (r/w/o: 12131.96/0.00/0.00) lat (ms,95%): 3.68 err/s: 0.00 reconn/s: 0.00
[ 106s ] thds: 32 tps: 12361.26 qps: 12361.26 (r/w/o: 12361.26/0.00/0.00) lat (ms,95%): 3.62 err/s: 0.00 reconn/s: 0.00
[ 107s ] thds: 32 tps: 12256.11 qps: 12256.11 (r/w/o: 12256.11/0.00/0.00) lat (ms,95%): 3.62 err/s: 0.00 reconn/s: 0.00
[ 108s ] thds: 32 tps: 12352.94 qps: 12352.94 (r/w/o: 12352.94/0.00/0.00) lat (ms,95%): 3.62 err/s: 0.00 reconn/s: 0.00
[ 109s ] thds: 32 tps: 12042.97 qps: 12042.97 (r/w/o: 12042.97/0.00/0.00) lat (ms,95%): 3.68 err/s: 0.00 reconn/s: 0.00
[ 110s ] thds: 32 tps: 12187.72 qps: 12187.72 (r/w/o: 12187.72/0.00/0.00) lat (ms,95%): 3.68 err/s: 0.00 reconn/s: 0.00
[ 111s ] thds: 32 tps: 12095.74 qps: 12095.74 (r/w/o: 12095.74/0.00/0.00) lat (ms,95%): 3.68 err/s: 0.00 reconn/s: 0.00
[ 112s ] thds: 32 tps: 12204.84 qps: 12204.84 (r/w/o: 12204.84/0.00/0.00) lat (ms,95%): 3.68 err/s: 0.00 reconn/s: 0.00
[ 113s ] thds: 32 tps: 12134.33 qps: 12134.33 (r/w/o: 12134.33/0.00/0.00) lat (ms,95%): 3.68 err/s: 0.00 reconn/s: 0.00
[ 114s ] thds: 32 tps: 12351.53 qps: 12351.53 (r/w/o: 12351.53/0.00/0.00) lat (ms,95%): 3.62 err/s: 0.00 reconn/s: 0.00
[ 115s ] thds: 32 tps: 12383.90 qps: 12383.90 (r/w/o: 12383.90/0.00/0.00) lat (ms,95%): 3.62 err/s: 0.00 reconn/s: 0.00
[ 116s ] thds: 32 tps: 12169.85 qps: 12169.85 (r/w/o: 12169.85/0.00/0.00) lat (ms,95%): 3.68 err/s: 0.00 reconn/s: 0.00
[ 117s ] thds: 32 tps: 12415.25 qps: 12415.25 (r/w/o: 12415.25/0.00/0.00) lat (ms,95%): 3.62 err/s: 0.00 reconn/s: 0.00
[ 118s ] thds: 32 tps: 12284.27 qps: 12284.27 (r/w/o: 12284.27/0.00/0.00) lat (ms,95%): 3.62 err/s: 0.00 reconn/s: 0.00
[ 119s ] thds: 32 tps: 12354.08 qps: 12354.08 (r/w/o: 12354.08/0.00/0.00) lat (ms,95%): 3.62 err/s: 0.00 reconn/s: 0.00
[ 120s ] thds: 32 tps: 12218.44 qps: 12218.44 (r/w/o: 12218.44/0.00/0.00) lat (ms,95%): 3.68 err/s: 0.00 reconn/s: 0.00
[ 121s ] thds: 32 tps: 12087.65 qps: 12087.65 (r/w/o: 12087.65/0.00/0.00) lat (ms,95%): 3.68 err/s: 0.00 reconn/s: 0.00
[ 122s ] thds: 32 tps: 11991.01 qps: 11991.01 (r/w/o: 11991.01/0.00/0.00) lat (ms,95%): 3.75 err/s: 0.00 reconn/s: 0.00
[ 123s ] thds: 32 tps: 12202.39 qps: 12202.39 (r/w/o: 12202.39/0.00/0.00) lat (ms,95%): 3.68 err/s: 0.00 reconn/s: 0.00
[ 124s ] thds: 32 tps: 12249.67 qps: 12249.67 (r/w/o: 12249.67/0.00/0.00) lat (ms,95%): 3.62 err/s: 0.00 reconn/s: 0.00
[ 125s ] thds: 32 tps: 12260.57 qps: 12260.57 (r/w/o: 12260.57/0.00/0.00) lat (ms,95%): 3.68 err/s: 0.00 reconn/s: 0.00
[ 126s ] thds: 32 tps: 12177.90 qps: 12177.90 (r/w/o: 12177.90/0.00/0.00) lat (ms,95%): 3.68 err/s: 0.00 reconn/s: 0.00
[ 127s ] thds: 32 tps: 12342.26 qps: 12342.26 (r/w/o: 12342.26/0.00/0.00) lat (ms,95%): 3.62 err/s: 0.00 reconn/s: 0.00
[ 128s ] thds: 32 tps: 12382.90 qps: 12382.90 (r/w/o: 12382.90/0.00/0.00) lat (ms,95%): 3.55 err/s: 0.00 reconn/s: 0.00
[ 129s ] thds: 32 tps: 12419.78 qps: 12419.78 (r/w/o: 12419.78/0.00/0.00) lat (ms,95%): 3.55 err/s: 0.00 reconn/s: 0.00
[ 130s ] thds: 32 tps: 12279.72 qps: 12279.72 (r/w/o: 12279.72/0.00/0.00) lat (ms,95%): 3.68 err/s: 0.00 reconn/s: 0.00
[ 131s ] thds: 32 tps: 12060.56 qps: 12060.56 (r/w/o: 12060.56/0.00/0.00) lat (ms,95%): 3.75 err/s: 0.00 reconn/s: 0.00
[ 132s ] thds: 32 tps: 12194.44 qps: 12194.44 (r/w/o: 12194.44/0.00/0.00) lat (ms,95%): 3.68 err/s: 0.00 reconn/s: 0.00
[ 133s ] thds: 32 tps: 12061.99 qps: 12061.99 (r/w/o: 12061.99/0.00/0.00) lat (ms,95%): 3.68 err/s: 0.00 reconn/s: 0.00
[ 134s ] thds: 32 tps: 12264.93 qps: 12264.93 (r/w/o: 12264.93/0.00/0.00) lat (ms,95%): 3.62 err/s: 0.00 reconn/s: 0.00
[ 135s ] thds: 32 tps: 12210.00 qps: 12210.00 (r/w/o: 12210.00/0.00/0.00) lat (ms,95%): 3.62 err/s: 0.00 reconn/s: 0.00
[ 136s ] thds: 32 tps: 12000.69 qps: 12000.69 (r/w/o: 12000.69/0.00/0.00) lat (ms,95%): 3.68 err/s: 0.00 reconn/s: 0.00
[ 137s ] thds: 32 tps: 12198.56 qps: 12198.56 (r/w/o: 12198.56/0.00/0.00) lat (ms,95%): 3.62 err/s: 0.00 reconn/s: 0.00
[ 138s ] thds: 32 tps: 12461.63 qps: 12461.63 (r/w/o: 12461.63/0.00/0.00) lat (ms,95%): 3.55 err/s: 0.00 reconn/s: 0.00
[ 139s ] thds: 32 tps: 12401.29 qps: 12401.29 (r/w/o: 12401.29/0.00/0.00) lat (ms,95%): 3.62 err/s: 0.00 reconn/s: 0.00
[ 140s ] thds: 32 tps: 12148.99 qps: 12148.99 (r/w/o: 12148.99/0.00/0.00) lat (ms,95%): 3.68 err/s: 0.00 reconn/s: 0.00
[ 141s ] thds: 32 tps: 12449.25 qps: 12449.25 (r/w/o: 12449.25/0.00/0.00) lat (ms,95%): 3.55 err/s: 0.00 reconn/s: 0.00
[ 142s ] thds: 32 tps: 12445.37 qps: 12445.37 (r/w/o: 12445.37/0.00/0.00) lat (ms,95%): 3.55 err/s: 0.00 reconn/s: 0.00
[ 143s ] thds: 32 tps: 12521.56 qps: 12521.56 (r/w/o: 12521.56/0.00/0.00) lat (ms,95%): 3.55 err/s: 0.00 reconn/s: 0.00
[ 144s ] thds: 32 tps: 12378.62 qps: 12378.62 (r/w/o: 12378.62/0.00/0.00) lat (ms,95%): 3.62 err/s: 0.00 reconn/s: 0.00
[ 145s ] thds: 32 tps: 12305.06 qps: 12305.06 (r/w/o: 12305.06/0.00/0.00) lat (ms,95%): 3.62 err/s: 0.00 reconn/s: 0.00
[ 146s ] thds: 32 tps: 12319.27 qps: 12319.27 (r/w/o: 12319.27/0.00/0.00) lat (ms,95%): 3.62 err/s: 0.00 reconn/s: 0.00
[ 147s ] thds: 32 tps: 12103.29 qps: 12103.29 (r/w/o: 12103.29/0.00/0.00) lat (ms,95%): 3.62 err/s: 0.00 reconn/s: 0.00
[ 148s ] thds: 32 tps: 12222.84 qps: 12222.84 (r/w/o: 12222.84/0.00/0.00) lat (ms,95%): 3.62 err/s: 0.00 reconn/s: 0.00
[ 149s ] thds: 32 tps: 12058.84 qps: 12058.84 (r/w/o: 12058.84/0.00/0.00) lat (ms,95%): 3.75 err/s: 0.00 reconn/s: 0.00
[ 150s ] thds: 32 tps: 12305.25 qps: 12305.25 (r/w/o: 12305.25/0.00/0.00) lat (ms,95%): 3.68 err/s: 0.00 reconn/s: 0.00
[ 151s ] thds: 32 tps: 12324.27 qps: 12324.27 (r/w/o: 12324.27/0.00/0.00) lat (ms,95%): 3.62 err/s: 0.00 reconn/s: 0.00
[ 152s ] thds: 32 tps: 12334.26 qps: 12334.26 (r/w/o: 12334.26/0.00/0.00) lat (ms,95%): 3.62 err/s: 0.00 reconn/s: 0.00
[ 153s ] thds: 32 tps: 12374.55 qps: 12374.55 (r/w/o: 12374.55/0.00/0.00) lat (ms,95%): 3.62 err/s: 0.00 reconn/s: 0.00
[ 154s ] thds: 32 tps: 12339.92 qps: 12339.92 (r/w/o: 12339.92/0.00/0.00) lat (ms,95%): 3.62 err/s: 0.00 reconn/s: 0.00
[ 155s ] thds: 32 tps: 12326.01 qps: 12326.01 (r/w/o: 12326.01/0.00/0.00) lat (ms,95%): 3.62 err/s: 0.00 reconn/s: 0.00
[ 156s ] thds: 32 tps: 12168.99 qps: 12168.99 (r/w/o: 12168.99/0.00/0.00) lat (ms,95%): 3.68 err/s: 0.00 reconn/s: 0.00
[ 157s ] thds: 32 tps: 12373.88 qps: 12373.88 (r/w/o: 12373.88/0.00/0.00) lat (ms,95%): 3.62 err/s: 0.00 reconn/s: 0.00
[ 158s ] thds: 32 tps: 12219.70 qps: 12219.70 (r/w/o: 12219.70/0.00/0.00) lat (ms,95%): 3.68 err/s: 0.00 reconn/s: 0.00
[ 159s ] thds: 32 tps: 12430.97 qps: 12430.97 (r/w/o: 12430.97/0.00/0.00) lat (ms,95%): 3.62 err/s: 0.00 reconn/s: 0.00
[ 160s ] thds: 32 tps: 12341.13 qps: 12341.13 (r/w/o: 12341.13/0.00/0.00) lat (ms,95%): 3.62 err/s: 0.00 reconn/s: 0.00
[ 161s ] thds: 32 tps: 12362.75 qps: 12362.75 (r/w/o: 12362.75/0.00/0.00) lat (ms,95%): 3.62 err/s: 0.00 reconn/s: 0.00
[ 162s ] thds: 32 tps: 12389.77 qps: 12389.77 (r/w/o: 12389.77/0.00/0.00) lat (ms,95%): 3.62 err/s: 0.00 reconn/s: 0.00
[ 163s ] thds: 32 tps: 12390.06 qps: 12390.06 (r/w/o: 12390.06/0.00/0.00) lat (ms,95%): 3.62 err/s: 0.00 reconn/s: 0.00
[ 164s ] thds: 32 tps: 12419.94 qps: 12419.94 (r/w/o: 12419.94/0.00/0.00) lat (ms,95%): 3.62 err/s: 0.00 reconn/s: 0.00
[ 165s ] thds: 32 tps: 12307.89 qps: 12307.89 (r/w/o: 12307.89/0.00/0.00) lat (ms,95%): 3.62 err/s: 0.00 reconn/s: 0.00
[ 166s ] thds: 32 tps: 12405.27 qps: 12405.27 (r/w/o: 12405.27/0.00/0.00) lat (ms,95%): 3.62 err/s: 0.00 reconn/s: 0.00
[ 167s ] thds: 32 tps: 12016.10 qps: 12016.10 (r/w/o: 12016.10/0.00/0.00) lat (ms,95%): 3.75 err/s: 0.00 reconn/s: 0.00
[ 168s ] thds: 32 tps: 12282.19 qps: 12282.19 (r/w/o: 12282.19/0.00/0.00) lat (ms,95%): 3.62 err/s: 0.00 reconn/s: 0.00
[ 169s ] thds: 32 tps: 12335.24 qps: 12335.24 (r/w/o: 12335.24/0.00/0.00) lat (ms,95%): 3.62 err/s: 0.00 reconn/s: 0.00
[ 170s ] thds: 32 tps: 12241.84 qps: 12241.84 (r/w/o: 12241.84/0.00/0.00) lat (ms,95%): 3.55 err/s: 0.00 reconn/s: 0.00
[ 171s ] thds: 32 tps: 12153.84 qps: 12153.84 (r/w/o: 12153.84/0.00/0.00) lat (ms,95%): 3.62 err/s: 0.00 reconn/s: 0.00
[ 172s ] thds: 32 tps: 12150.20 qps: 12150.20 (r/w/o: 12150.20/0.00/0.00) lat (ms,95%): 3.68 err/s: 0.00 reconn/s: 0.00
[ 173s ] thds: 32 tps: 12324.89 qps: 12324.89 (r/w/o: 12324.89/0.00/0.00) lat (ms,95%): 3.62 err/s: 0.00 reconn/s: 0.00
[ 174s ] thds: 32 tps: 12208.87 qps: 12208.87 (r/w/o: 12208.87/0.00/0.00) lat (ms,95%): 3.68 err/s: 0.00 reconn/s: 0.00
[ 175s ] thds: 32 tps: 12230.06 qps: 12230.06 (r/w/o: 12230.06/0.00/0.00) lat (ms,95%): 3.62 err/s: 0.00 reconn/s: 0.00
[ 176s ] thds: 32 tps: 11917.07 qps: 11917.07 (r/w/o: 11917.07/0.00/0.00) lat (ms,95%): 3.75 err/s: 0.00 reconn/s: 0.00
[ 177s ] thds: 32 tps: 12235.91 qps: 12235.91 (r/w/o: 12235.91/0.00/0.00) lat (ms,95%): 3.62 err/s: 0.00 reconn/s: 0.00
[ 178s ] thds: 32 tps: 12180.80 qps: 12180.80 (r/w/o: 12180.80/0.00/0.00) lat (ms,95%): 3.62 err/s: 0.00 reconn/s: 0.00
[ 179s ] thds: 32 tps: 12125.60 qps: 12125.60 (r/w/o: 12125.60/0.00/0.00) lat (ms,95%): 3.62 err/s: 0.00 reconn/s: 0.00
[ 180s ] thds: 32 tps: 12212.79 qps: 12212.79 (r/w/o: 12212.79/0.00/0.00) lat (ms,95%): 3.62 err/s: 0.00 reconn/s: 0.00
[ 181s ] thds: 32 tps: 12424.64 qps: 12424.64 (r/w/o: 12424.64/0.00/0.00) lat (ms,95%): 3.62 err/s: 0.00 reconn/s: 0.00
[ 182s ] thds: 32 tps: 12359.13 qps: 12359.13 (r/w/o: 12359.13/0.00/0.00) lat (ms,95%): 3.62 err/s: 0.00 reconn/s: 0.00
[ 183s ] thds: 32 tps: 12238.86 qps: 12238.86 (r/w/o: 12238.86/0.00/0.00) lat (ms,95%): 3.62 err/s: 0.00 reconn/s: 0.00
[ 184s ] thds: 32 tps: 12273.69 qps: 12273.69 (r/w/o: 12273.69/0.00/0.00) lat (ms,95%): 3.68 err/s: 0.00 reconn/s: 0.00
[ 185s ] thds: 32 tps: 11902.99 qps: 11902.99 (r/w/o: 11902.99/0.00/0.00) lat (ms,95%): 3.75 err/s: 0.00 reconn/s: 0.00
[ 186s ] thds: 32 tps: 12111.38 qps: 12111.38 (r/w/o: 12111.38/0.00/0.00) lat (ms,95%): 3.68 err/s: 0.00 reconn/s: 0.00
[ 187s ] thds: 32 tps: 12339.79 qps: 12339.79 (r/w/o: 12339.79/0.00/0.00) lat (ms,95%): 3.62 err/s: 0.00 reconn/s: 0.00
[ 188s ] thds: 32 tps: 12245.11 qps: 12245.11 (r/w/o: 12245.11/0.00/0.00) lat (ms,95%): 3.68 err/s: 0.00 reconn/s: 0.00
[ 189s ] thds: 32 tps: 12206.80 qps: 12206.80 (r/w/o: 12206.80/0.00/0.00) lat (ms,95%): 3.68 err/s: 0.00 reconn/s: 0.00
[ 190s ] thds: 32 tps: 12201.00 qps: 12201.00 (r/w/o: 12201.00/0.00/0.00) lat (ms,95%): 3.68 err/s: 0.00 reconn/s: 0.00
[ 191s ] thds: 32 tps: 12042.51 qps: 12042.51 (r/w/o: 12042.51/0.00/0.00) lat (ms,95%): 3.68 err/s: 0.00 reconn/s: 0.00
[ 192s ] thds: 32 tps: 12269.90 qps: 12269.90 (r/w/o: 12269.90/0.00/0.00) lat (ms,95%): 3.62 err/s: 0.00 reconn/s: 0.00
[ 193s ] thds: 32 tps: 12248.08 qps: 12248.08 (r/w/o: 12248.08/0.00/0.00) lat (ms,95%): 3.62 err/s: 0.00 reconn/s: 0.00
[ 194s ] thds: 32 tps: 11980.60 qps: 11980.60 (r/w/o: 11980.60/0.00/0.00) lat (ms,95%): 3.75 err/s: 0.00 reconn/s: 0.00
[ 195s ] thds: 32 tps: 12126.05 qps: 12126.05 (r/w/o: 12126.05/0.00/0.00) lat (ms,95%): 3.62 err/s: 0.00 reconn/s: 0.00
[ 196s ] thds: 32 tps: 12106.80 qps: 12106.80 (r/w/o: 12106.80/0.00/0.00) lat (ms,95%): 3.62 err/s: 0.00 reconn/s: 0.00
[ 197s ] thds: 32 tps: 12235.23 qps: 12235.23 (r/w/o: 12235.23/0.00/0.00) lat (ms,95%): 3.68 err/s: 0.00 reconn/s: 0.00
[ 198s ] thds: 32 tps: 12276.85 qps: 12276.85 (r/w/o: 12276.85/0.00/0.00) lat (ms,95%): 3.68 err/s: 0.00 reconn/s: 0.00
[ 199s ] thds: 32 tps: 12389.25 qps: 12389.25 (r/w/o: 12389.25/0.00/0.00) lat (ms,95%): 3.62 err/s: 0.00 reconn/s: 0.00
[ 200s ] thds: 32 tps: 12395.74 qps: 12395.74 (r/w/o: 12395.74/0.00/0.00) lat (ms,95%): 3.62 err/s: 0.00 reconn/s: 0.00
[ 201s ] thds: 32 tps: 12375.33 qps: 12375.33 (r/w/o: 12375.33/0.00/0.00) lat (ms,95%): 3.62 err/s: 0.00 reconn/s: 0.00
[ 202s ] thds: 32 tps: 12079.96 qps: 12079.96 (r/w/o: 12079.96/0.00/0.00) lat (ms,95%): 3.68 err/s: 0.00 reconn/s: 0.00
[ 203s ] thds: 32 tps: 12067.61 qps: 12067.61 (r/w/o: 12067.61/0.00/0.00) lat (ms,95%): 3.75 err/s: 0.00 reconn/s: 0.00
[ 204s ] thds: 32 tps: 12302.23 qps: 12302.23 (r/w/o: 12302.23/0.00/0.00) lat (ms,95%): 3.62 err/s: 0.00 reconn/s: 0.00
[ 205s ] thds: 32 tps: 12377.01 qps: 12377.01 (r/w/o: 12377.01/0.00/0.00) lat (ms,95%): 3.62 err/s: 0.00 reconn/s: 0.00
[ 206s ] thds: 32 tps: 12320.55 qps: 12320.55 (r/w/o: 12320.55/0.00/0.00) lat (ms,95%): 3.62 err/s: 0.00 reconn/s: 0.00
[ 207s ] thds: 32 tps: 12343.46 qps: 12343.46 (r/w/o: 12343.46/0.00/0.00) lat (ms,95%): 3.62 err/s: 0.00 reconn/s: 0.00
[ 208s ] thds: 32 tps: 12367.66 qps: 12367.66 (r/w/o: 12367.66/0.00/0.00) lat (ms,95%): 3.68 err/s: 0.00 reconn/s: 0.00
[ 209s ] thds: 32 tps: 12343.72 qps: 12343.72 (r/w/o: 12343.72/0.00/0.00) lat (ms,95%): 3.62 err/s: 0.00 reconn/s: 0.00
[ 210s ] thds: 32 tps: 12379.68 qps: 12379.68 (r/w/o: 12379.68/0.00/0.00) lat (ms,95%): 3.62 err/s: 0.00 reconn/s: 0.00
[ 211s ] thds: 32 tps: 12364.46 qps: 12364.46 (r/w/o: 12364.46/0.00/0.00) lat (ms,95%): 3.62 err/s: 0.00 reconn/s: 0.00
[ 212s ] thds: 32 tps: 12228.31 qps: 12228.31 (r/w/o: 12228.31/0.00/0.00) lat (ms,95%): 3.75 err/s: 0.00 reconn/s: 0.00
[ 213s ] thds: 32 tps: 12137.22 qps: 12137.22 (r/w/o: 12137.22/0.00/0.00) lat (ms,95%): 3.68 err/s: 0.00 reconn/s: 0.00
[ 214s ] thds: 32 tps: 12324.03 qps: 12324.03 (r/w/o: 12324.03/0.00/0.00) lat (ms,95%): 3.62 err/s: 0.00 reconn/s: 0.00
[ 215s ] thds: 32 tps: 12239.59 qps: 12239.59 (r/w/o: 12239.59/0.00/0.00) lat (ms,95%): 3.68 err/s: 0.00 reconn/s: 0.00
[ 216s ] thds: 32 tps: 12303.41 qps: 12303.41 (r/w/o: 12303.41/0.00/0.00) lat (ms,95%): 3.62 err/s: 0.00 reconn/s: 0.00
[ 217s ] thds: 32 tps: 12198.64 qps: 12198.64 (r/w/o: 12198.64/0.00/0.00) lat (ms,95%): 3.62 err/s: 0.00 reconn/s: 0.00
[ 218s ] thds: 32 tps: 12120.56 qps: 12120.56 (r/w/o: 12120.56/0.00/0.00) lat (ms,95%): 3.68 err/s: 0.00 reconn/s: 0.00
[ 219s ] thds: 32 tps: 12254.84 qps: 12254.84 (r/w/o: 12254.84/0.00/0.00) lat (ms,95%): 3.62 err/s: 0.00 reconn/s: 0.00
[ 220s ] thds: 32 tps: 12153.23 qps: 12153.23 (r/w/o: 12153.23/0.00/0.00) lat (ms,95%): 3.68 err/s: 0.00 reconn/s: 0.00
[ 221s ] thds: 32 tps: 11956.96 qps: 11956.96 (r/w/o: 11956.96/0.00/0.00) lat (ms,95%): 3.82 err/s: 0.00 reconn/s: 0.00
[ 222s ] thds: 32 tps: 12195.97 qps: 12195.97 (r/w/o: 12195.97/0.00/0.00) lat (ms,95%): 3.68 err/s: 0.00 reconn/s: 0.00
[ 223s ] thds: 32 tps: 12320.08 qps: 12320.08 (r/w/o: 12320.08/0.00/0.00) lat (ms,95%): 3.62 err/s: 0.00 reconn/s: 0.00
[ 224s ] thds: 32 tps: 12403.29 qps: 12403.29 (r/w/o: 12403.29/0.00/0.00) lat (ms,95%): 3.62 err/s: 0.00 reconn/s: 0.00
[ 225s ] thds: 32 tps: 12298.92 qps: 12298.92 (r/w/o: 12298.92/0.00/0.00) lat (ms,95%): 3.55 err/s: 0.00 reconn/s: 0.00
[ 226s ] thds: 32 tps: 12197.19 qps: 12197.19 (r/w/o: 12197.19/0.00/0.00) lat (ms,95%): 3.62 err/s: 0.00 reconn/s: 0.00
[ 227s ] thds: 32 tps: 12270.27 qps: 12270.27 (r/w/o: 12270.27/0.00/0.00) lat (ms,95%): 3.62 err/s: 0.00 reconn/s: 0.00
[ 228s ] thds: 32 tps: 12284.19 qps: 12284.19 (r/w/o: 12284.19/0.00/0.00) lat (ms,95%): 3.62 err/s: 0.00 reconn/s: 0.00
[ 229s ] thds: 32 tps: 12297.99 qps: 12297.99 (r/w/o: 12297.99/0.00/0.00) lat (ms,95%): 3.62 err/s: 0.00 reconn/s: 0.00
[ 230s ] thds: 32 tps: 12071.30 qps: 12071.30 (r/w/o: 12071.30/0.00/0.00) lat (ms,95%): 3.75 err/s: 0.00 reconn/s: 0.00
[ 231s ] thds: 32 tps: 12314.94 qps: 12314.94 (r/w/o: 12314.94/0.00/0.00) lat (ms,95%): 3.62 err/s: 0.00 reconn/s: 0.00
[ 232s ] thds: 32 tps: 12397.72 qps: 12397.72 (r/w/o: 12397.72/0.00/0.00) lat (ms,95%): 3.62 err/s: 0.00 reconn/s: 0.00
[ 233s ] thds: 32 tps: 12272.50 qps: 12272.50 (r/w/o: 12272.50/0.00/0.00) lat (ms,95%): 3.68 err/s: 0.00 reconn/s: 0.00
[ 234s ] thds: 32 tps: 12202.46 qps: 12202.46 (r/w/o: 12202.46/0.00/0.00) lat (ms,95%): 3.68 err/s: 0.00 reconn/s: 0.00
[ 235s ] thds: 32 tps: 12241.49 qps: 12241.49 (r/w/o: 12241.49/0.00/0.00) lat (ms,95%): 3.68 err/s: 0.00 reconn/s: 0.00
[ 236s ] thds: 32 tps: 12163.41 qps: 12163.41 (r/w/o: 12163.41/0.00/0.00) lat (ms,95%): 3.68 err/s: 0.00 reconn/s: 0.00
[ 237s ] thds: 32 tps: 12415.27 qps: 12415.27 (r/w/o: 12415.27/0.00/0.00) lat (ms,95%): 3.62 err/s: 0.00 reconn/s: 0.00
[ 238s ] thds: 32 tps: 12280.94 qps: 12280.94 (r/w/o: 12280.94/0.00/0.00) lat (ms,95%): 3.62 err/s: 0.00 reconn/s: 0.00
[ 239s ] thds: 32 tps: 12057.25 qps: 12057.25 (r/w/o: 12057.25/0.00/0.00) lat (ms,95%): 3.75 err/s: 0.00 reconn/s: 0.00
[ 240s ] thds: 32 tps: 12221.01 qps: 12221.01 (r/w/o: 12221.01/0.00/0.00) lat (ms,95%): 3.62 err/s: 0.00 reconn/s: 0.00
Latency histogram (values are in milliseconds)
       value  ------------- distribution ------------- count
       0.499 |                                         1
       0.508 |                                         8
       0.517 |                                         40
       0.527 |                                         71
       0.536 |                                         113
       0.546 |                                         182
       0.556 |                                         294
       0.566 |                                         387
       0.576 |                                         448
       0.587 |                                         480
       0.597 |                                         495
       0.608 |                                         530
       0.619 |                                         621
       0.630 |                                         530
       0.642 |                                         578
       0.654 |                                         564
       0.665 |                                         577
       0.677 |                                         577
       0.690 |                                         627
       0.702 |                                         641
       0.715 |                                         613
       0.728 |                                         571
       0.741 |                                         549
       0.755 |                                         580
       0.768 |                                         506
       0.782 |                                         509
       0.797 |                                         478
       0.811 |                                         444
       0.826 |                                         422
       0.841 |                                         367
       0.856 |                                         348
       0.872 |                                         322
       0.888 |                                         296
       0.904 |                                         263
       0.920 |                                         237
       0.937 |                                         211
       0.954 |                                         199
       0.971 |                                         202
       0.989 |                                         236
       1.007 |                                         242
       1.025 |                                         422
       1.044 |                                         692
       1.063 |                                         993
       1.082 |                                         1230
       1.102 |*                                        1467
       1.122 |*                                        1550
       1.142 |*                                        1864
       1.163 |*                                        2324
       1.184 |*                                        3072
       1.205 |**                                       4237
       1.227 |**                                       5711
       1.250 |***                                      7525
       1.272 |****                                     9170
       1.295 |****                                     11314
       1.319 |*****                                    12905
       1.343 |******                                   14179
       1.367 |******                                   14664
       1.392 |******                                   15092
       1.417 |******                                   14825
       1.443 |******                                   14195
       1.469 |*****                                    13417
       1.496 |*****                                    12550
       1.523 |*****                                    11460
       1.551 |****                                     10704
       1.579 |****                                     9730
       1.608 |***                                      8679
       1.637 |***                                      8547
       1.667 |****                                     9725
       1.697 |*****                                    12193
       1.728 |******                                   16095
       1.759 |********                                 21143
       1.791 |**********                               25707
       1.824 |************                             29754
       1.857 |*************                            32414
       1.891 |*************                            33340
       1.925 |*************                            33310
       1.960 |*************                            33289
       1.996 |*************                            33118
       2.032 |**************                           35361
       2.069 |****************                         40309
       2.106 |*******************                      47270
       2.145 |**********************                   55631
       2.184 |*************************                62492
       2.223 |***************************              67504
       2.264 |****************************             69696
       2.305 |****************************             70634
       2.347 |*****************************            72452
       2.389 |******************************           75832
       2.433 |********************************         80791
       2.477 |**********************************       86113
       2.522 |************************************     89806
       2.568 |************************************     91095
       2.615 |***********************************      87902
       2.662 |********************************         79913
       2.710 |****************************             70720
       2.760 |**************************               65962
       2.810 |***************************              67075
       2.861 |******************************           75293
       2.913 |**********************************       84963
       2.966 |*************************************    93124
       3.020 |**************************************** 99800
       3.075 |**************************************** 100723
       3.130 |*************************************    93072
       3.187 |*******************************          77435
       3.245 |*************************                63775
       3.304 |**********************                   55188
       3.364 |**********************                   54941
       3.425 |**********************                   54737
       3.488 |********************                     49660
       3.551 |****************                         39231
       3.615 |***********                              28924
       3.681 |**********                               24317
       3.748 |**********                               25256
       3.816 |**********                               24608
       3.885 |********                                 19862
       3.956 |*****                                    13757
       4.028 |****                                     9340
       4.101 |***                                      6514
       4.176 |**                                       4780
       4.252 |*                                        3418
       4.329 |*                                        2576
       4.407 |*                                        2005
       4.487 |*                                        1617
       4.569 |*                                        1324
       4.652 |                                         1018
       4.737 |                                         799
       4.823 |                                         635
       4.910 |                                         538
       4.999 |                                         440
       5.090 |                                         348
       5.183 |                                         278
       5.277 |                                         231
       5.373 |                                         186
       5.470 |                                         166
       5.570 |                                         128
       5.671 |                                         99
       5.774 |                                         99
       5.879 |                                         99
       5.986 |                                         91
       6.095 |                                         66
       6.205 |                                         68
       6.318 |                                         51
       6.433 |                                         49
       6.550 |                                         43
       6.669 |                                         43
       6.790 |                                         28
       6.913 |                                         26
       7.039 |                                         26
       7.167 |                                         21
       7.297 |                                         24
       7.430 |                                         18
       7.565 |                                         15
       7.702 |                                         11
       7.842 |                                         2
       7.985 |                                         2
       8.130 |                                         6
       8.277 |                                         1
       8.428 |                                         6
       8.737 |                                         2
       8.895 |                                         1
       9.057 |                                         1
       9.222 |                                         3
       9.389 |                                         2
       9.734 |                                         1
       9.910 |                                         1
      11.446 |                                         1
      11.654 |                                         2
      11.866 |                                         2
      12.524 |                                         2
      12.752 |                                         1
      12.984 |                                         3
      13.460 |                                         1
      13.704 |                                         2
      13.953 |                                         2
      14.465 |                                         2
      14.728 |                                         1
      14.995 |                                         1
      15.268 |                                         1
      16.115 |                                         2
      16.706 |                                         1
      17.010 |                                         1
      17.319 |                                         1
      18.280 |                                         1
      19.645 |                                         1
      20.366 |                                         2
      20.736 |                                         1
      21.112 |                                         1
      21.496 |                                         1
      21.886 |                                         1
      22.284 |                                         6
      23.101 |                                         2
      23.948 |                                         1
      24.384 |                                         1
      25.278 |                                         1
      26.681 |                                         1
      27.165 |                                         1
 
SQL statistics:
    queries performed:
        read:                            2940491
        write:                           0
        other:                           0
        total:                           2940491
    transactions:                        2940491 (12251.38 per sec.)
    queries:                             2940491 (12251.38 per sec.)
    ignored errors:                      0      (0.00 per sec.)
    reconnects:                          0      (0.00 per sec.)

Throughput:
    events/s (eps):                      12251.3756
    time elapsed:                        240.0134s
    total number of events:              2940491

Latency (ms):
         min:                                    0.50
         avg:                                    2.61
         max:                                   27.25
         95th percentile:                        3.62
         sum:                              7675972.74

Threads fairness:
    events (avg/stddev):           91889.7188/18279.65
    execution time (avg/stddev):   239.8741/0.02

