sysbench 1.1.0-3ceba0b (using bundled LuaJIT 2.1.0-beta3)

Running the test with following options:
Number of threads: 512
Warmup time: 60s
Report intermediate results every 1 second(s)
Initializing random number generator from current time


Initializing worker threads...

Threads started!

Warming up for 60 seconds...

[ 1s ] thds: 512 tps: 1019.01 qps: 16374.44 (r/w/o: 14328.08/0.00/2046.36) lat (ms,95%): 943.16 err/s: 0.00 reconn/s: 0.00
[ 2s ] thds: 512 tps: 1032.83 qps: 16335.26 (r/w/o: 14267.60/0.00/2067.65) lat (ms,95%): 926.33 err/s: 0.00 reconn/s: 0.00
[ 3s ] thds: 512 tps: 1028.19 qps: 16664.03 (r/w/o: 14606.65/0.00/2057.37) lat (ms,95%): 909.80 err/s: 0.00 reconn/s: 0.00
[ 4s ] thds: 512 tps: 1048.89 qps: 16808.18 (r/w/o: 14710.41/0.00/2097.77) lat (ms,95%): 926.33 err/s: 0.00 reconn/s: 0.00
[ 5s ] thds: 512 tps: 1044.91 qps: 16685.51 (r/w/o: 14596.69/0.00/2088.81) lat (ms,95%): 943.16 err/s: 0.00 reconn/s: 0.00
[ 6s ] thds: 512 tps: 1062.28 qps: 16888.46 (r/w/o: 14766.90/0.00/2121.56) lat (ms,95%): 909.80 err/s: 0.00 reconn/s: 0.00
[ 7s ] thds: 512 tps: 1061.76 qps: 17010.09 (r/w/o: 14883.57/0.00/2126.51) lat (ms,95%): 909.80 err/s: 0.00 reconn/s: 0.00
[ 8s ] thds: 512 tps: 1077.33 qps: 17087.31 (r/w/o: 14934.64/0.00/2152.67) lat (ms,95%): 909.80 err/s: 0.00 reconn/s: 0.00
[ 9s ] thds: 512 tps: 1055.61 qps: 17025.63 (r/w/o: 14913.42/0.00/2112.21) lat (ms,95%): 943.16 err/s: 0.00 reconn/s: 0.00
[ 10s ] thds: 512 tps: 1051.22 qps: 16667.55 (r/w/o: 14567.10/0.00/2100.45) lat (ms,95%): 926.33 err/s: 0.00 reconn/s: 0.00
[ 11s ] thds: 512 tps: 1061.50 qps: 17197.91 (r/w/o: 15073.91/0.00/2124.00) lat (ms,95%): 926.33 err/s: 0.00 reconn/s: 0.00
[ 12s ] thds: 512 tps: 1077.16 qps: 17111.59 (r/w/o: 14958.27/0.00/2153.33) lat (ms,95%): 926.33 err/s: 0.00 reconn/s: 0.00
[ 13s ] thds: 512 tps: 1031.15 qps: 16617.42 (r/w/o: 14552.12/0.00/2065.30) lat (ms,95%): 926.33 err/s: 0.00 reconn/s: 0.00
[ 14s ] thds: 512 tps: 1067.35 qps: 16921.54 (r/w/o: 14786.84/0.00/2134.70) lat (ms,95%): 943.16 err/s: 0.00 reconn/s: 0.00
[ 15s ] thds: 512 tps: 1052.04 qps: 16950.66 (r/w/o: 14848.58/0.00/2102.08) lat (ms,95%): 926.33 err/s: 0.00 reconn/s: 0.00
[ 16s ] thds: 512 tps: 1021.50 qps: 16386.91 (r/w/o: 14341.92/0.00/2044.99) lat (ms,95%): 926.33 err/s: 0.00 reconn/s: 0.00
[ 17s ] thds: 512 tps: 1065.49 qps: 16770.72 (r/w/o: 14640.74/0.00/2129.98) lat (ms,95%): 977.74 err/s: 0.00 reconn/s: 0.00
[ 18s ] thds: 512 tps: 995.00 qps: 16274.98 (r/w/o: 14284.98/0.00/1990.00) lat (ms,95%): 926.33 err/s: 0.00 reconn/s: 0.00
[ 19s ] thds: 512 tps: 1068.47 qps: 16894.68 (r/w/o: 14758.73/0.00/2135.95) lat (ms,95%): 960.30 err/s: 0.00 reconn/s: 0.00
[ 20s ] thds: 512 tps: 1055.46 qps: 16794.37 (r/w/o: 14681.44/0.00/2112.93) lat (ms,95%): 909.80 err/s: 0.00 reconn/s: 0.00
[ 21s ] thds: 512 tps: 1011.69 qps: 16381.91 (r/w/o: 14359.54/0.00/2022.37) lat (ms,95%): 960.30 err/s: 0.00 reconn/s: 0.00
[ 22s ] thds: 512 tps: 1062.39 qps: 17051.26 (r/w/o: 14926.48/0.00/2124.78) lat (ms,95%): 926.33 err/s: 0.00 reconn/s: 0.00
[ 23s ] thds: 512 tps: 1059.41 qps: 16820.60 (r/w/o: 14701.79/0.00/2118.82) lat (ms,95%): 926.33 err/s: 0.00 reconn/s: 0.00
[ 24s ] thds: 512 tps: 1032.61 qps: 16605.88 (r/w/o: 14541.65/0.00/2064.23) lat (ms,95%): 943.16 err/s: 0.00 reconn/s: 0.00
[ 25s ] thds: 512 tps: 1074.75 qps: 17088.10 (r/w/o: 14938.59/0.00/2149.51) lat (ms,95%): 909.80 err/s: 0.00 reconn/s: 0.00
[ 26s ] thds: 512 tps: 1058.42 qps: 16968.63 (r/w/o: 14852.79/0.00/2115.83) lat (ms,95%): 926.33 err/s: 0.00 reconn/s: 0.00
[ 27s ] thds: 512 tps: 1066.14 qps: 17035.19 (r/w/o: 14900.92/0.00/2134.27) lat (ms,95%): 926.33 err/s: 0.00 reconn/s: 0.00
[ 28s ] thds: 512 tps: 1035.07 qps: 16432.08 (r/w/o: 14362.95/0.00/2069.14) lat (ms,95%): 926.33 err/s: 0.00 reconn/s: 0.00
[ 29s ] thds: 512 tps: 1071.52 qps: 17130.23 (r/w/o: 14985.20/0.00/2145.03) lat (ms,95%): 943.16 err/s: 0.00 reconn/s: 0.00
[ 30s ] thds: 512 tps: 991.49 qps: 16122.63 (r/w/o: 14139.66/0.00/1982.97) lat (ms,95%): 943.16 err/s: 0.00 reconn/s: 0.00
[ 31s ] thds: 512 tps: 1063.07 qps: 16894.13 (r/w/o: 14769.98/0.00/2124.14) lat (ms,95%): 926.33 err/s: 0.00 reconn/s: 0.00
[ 32s ] thds: 512 tps: 1039.04 qps: 16593.71 (r/w/o: 14512.62/0.00/2081.09) lat (ms,95%): 960.30 err/s: 0.00 reconn/s: 0.00
[ 33s ] thds: 512 tps: 1039.49 qps: 16709.82 (r/w/o: 14632.84/0.00/2076.97) lat (ms,95%): 977.74 err/s: 0.00 reconn/s: 0.00
[ 34s ] thds: 512 tps: 1068.45 qps: 17055.17 (r/w/o: 14917.28/0.00/2137.89) lat (ms,95%): 926.33 err/s: 0.00 reconn/s: 0.00
[ 35s ] thds: 512 tps: 1043.51 qps: 16713.17 (r/w/o: 14627.15/0.00/2086.02) lat (ms,95%): 943.16 err/s: 0.00 reconn/s: 0.00
[ 36s ] thds: 512 tps: 1050.58 qps: 16765.27 (r/w/o: 14666.12/0.00/2099.16) lat (ms,95%): 926.33 err/s: 0.00 reconn/s: 0.00
[ 37s ] thds: 512 tps: 1025.12 qps: 16510.86 (r/w/o: 14458.63/0.00/2052.23) lat (ms,95%): 926.33 err/s: 0.00 reconn/s: 0.00
[ 38s ] thds: 512 tps: 1047.24 qps: 16699.85 (r/w/o: 14606.37/0.00/2093.48) lat (ms,95%): 943.16 err/s: 0.00 reconn/s: 0.00
[ 39s ] thds: 512 tps: 1063.11 qps: 17083.71 (r/w/o: 14957.50/0.00/2126.21) lat (ms,95%): 960.30 err/s: 0.00 reconn/s: 0.00
[ 40s ] thds: 512 tps: 1059.01 qps: 16942.11 (r/w/o: 14824.10/0.00/2118.01) lat (ms,95%): 926.33 err/s: 0.00 reconn/s: 0.00
[ 41s ] thds: 512 tps: 1018.89 qps: 16234.22 (r/w/o: 14195.44/0.00/2038.78) lat (ms,95%): 960.30 err/s: 0.00 reconn/s: 0.00
[ 42s ] thds: 512 tps: 1042.09 qps: 16520.46 (r/w/o: 14435.28/0.00/2085.18) lat (ms,95%): 943.16 err/s: 0.00 reconn/s: 0.00
[ 43s ] thds: 512 tps: 1042.92 qps: 16813.71 (r/w/o: 14726.87/0.00/2086.84) lat (ms,95%): 926.33 err/s: 0.00 reconn/s: 0.00
[ 44s ] thds: 512 tps: 1035.58 qps: 16632.24 (r/w/o: 14562.08/0.00/2070.16) lat (ms,95%): 943.16 err/s: 0.00 reconn/s: 0.00
[ 45s ] thds: 512 tps: 1067.54 qps: 16945.52 (r/w/o: 14813.44/0.00/2132.07) lat (ms,95%): 926.33 err/s: 0.00 reconn/s: 0.00
[ 46s ] thds: 512 tps: 1008.38 qps: 16281.95 (r/w/o: 14263.19/0.00/2018.75) lat (ms,95%): 943.16 err/s: 0.00 reconn/s: 0.00
[ 47s ] thds: 512 tps: 1029.13 qps: 16405.02 (r/w/o: 14346.76/0.00/2058.25) lat (ms,95%): 977.74 err/s: 0.00 reconn/s: 0.00
[ 48s ] thds: 512 tps: 1040.40 qps: 16567.41 (r/w/o: 14486.60/0.00/2080.80) lat (ms,95%): 926.33 err/s: 0.00 reconn/s: 0.00
[ 49s ] thds: 512 tps: 1054.01 qps: 16961.20 (r/w/o: 14852.17/0.00/2109.02) lat (ms,95%): 926.33 err/s: 0.00 reconn/s: 0.00
[ 50s ] thds: 512 tps: 1057.09 qps: 16954.43 (r/w/o: 14841.25/0.00/2113.18) lat (ms,95%): 943.16 err/s: 0.00 reconn/s: 0.00
[ 51s ] thds: 512 tps: 1069.60 qps: 17018.69 (r/w/o: 14878.48/0.00/2140.21) lat (ms,95%): 926.33 err/s: 0.00 reconn/s: 0.00
[ 52s ] thds: 512 tps: 1025.80 qps: 16516.84 (r/w/o: 14466.23/0.00/2050.61) lat (ms,95%): 909.80 err/s: 0.00 reconn/s: 0.00
[ 53s ] thds: 512 tps: 1053.49 qps: 16772.85 (r/w/o: 14665.86/0.00/2106.99) lat (ms,95%): 926.33 err/s: 0.00 reconn/s: 0.00
[ 54s ] thds: 512 tps: 1059.09 qps: 16900.42 (r/w/o: 14787.24/0.00/2113.18) lat (ms,95%): 926.33 err/s: 0.00 reconn/s: 0.00
[ 55s ] thds: 512 tps: 1065.05 qps: 16963.84 (r/w/o: 14828.73/0.00/2135.11) lat (ms,95%): 960.30 err/s: 0.00 reconn/s: 0.00
[ 56s ] thds: 512 tps: 1042.65 qps: 16859.35 (r/w/o: 14778.05/0.00/2081.30) lat (ms,95%): 926.33 err/s: 0.00 reconn/s: 0.00
[ 57s ] thds: 512 tps: 1076.24 qps: 17220.81 (r/w/o: 15065.33/0.00/2155.48) lat (ms,95%): 926.33 err/s: 0.00 reconn/s: 0.00
[ 58s ] thds: 512 tps: 1052.56 qps: 16757.92 (r/w/o: 14651.81/0.00/2106.11) lat (ms,95%): 943.16 err/s: 0.00 reconn/s: 0.00
[ 59s ] thds: 512 tps: 1052.93 qps: 16862.83 (r/w/o: 14757.98/0.00/2104.85) lat (ms,95%): 943.16 err/s: 0.00 reconn/s: 0.00
[ 60s ] thds: 512 tps: 1040.27 qps: 16784.35 (r/w/o: 14701.81/0.00/2082.54) lat (ms,95%): 926.33 err/s: 0.00 reconn/s: 0.00
[ 61s ] thds: 512 tps: 1057.34 qps: 16853.36 (r/w/o: 14739.69/0.00/2113.67) lat (ms,95%): 909.80 err/s: 0.00 reconn/s: 0.00
[ 62s ] thds: 512 tps: 1015.81 qps: 16239.98 (r/w/o: 14209.35/0.00/2030.62) lat (ms,95%): 960.30 err/s: 0.00 reconn/s: 0.00
[ 63s ] thds: 512 tps: 1028.18 qps: 16424.93 (r/w/o: 14370.57/0.00/2054.37) lat (ms,95%): 960.30 err/s: 0.00 reconn/s: 0.00
[ 64s ] thds: 512 tps: 1057.03 qps: 16822.49 (r/w/o: 14704.43/0.00/2118.06) lat (ms,95%): 926.33 err/s: 0.00 reconn/s: 0.00
[ 65s ] thds: 512 tps: 1001.64 qps: 16165.13 (r/w/o: 14162.86/0.00/2002.27) lat (ms,95%): 960.30 err/s: 0.00 reconn/s: 0.00
[ 66s ] thds: 512 tps: 1021.71 qps: 16343.36 (r/w/o: 14297.94/0.00/2045.42) lat (ms,95%): 960.30 err/s: 0.00 reconn/s: 0.00
[ 67s ] thds: 512 tps: 1042.76 qps: 16629.18 (r/w/o: 14545.66/0.00/2083.52) lat (ms,95%): 960.30 err/s: 0.00 reconn/s: 0.00
[ 68s ] thds: 512 tps: 1072.23 qps: 17166.72 (r/w/o: 15022.26/0.00/2144.47) lat (ms,95%): 943.16 err/s: 0.00 reconn/s: 0.00
[ 69s ] thds: 512 tps: 1038.30 qps: 16611.75 (r/w/o: 14537.16/0.00/2074.59) lat (ms,95%): 909.80 err/s: 0.00 reconn/s: 0.00
[ 70s ] thds: 512 tps: 1004.09 qps: 16202.49 (r/w/o: 14190.30/0.00/2012.18) lat (ms,95%): 960.30 err/s: 0.00 reconn/s: 0.00
[ 71s ] thds: 512 tps: 1042.72 qps: 16488.57 (r/w/o: 14404.13/0.00/2084.44) lat (ms,95%): 926.33 err/s: 0.00 reconn/s: 0.00
[ 72s ] thds: 512 tps: 1037.54 qps: 16560.64 (r/w/o: 14486.55/0.00/2074.08) lat (ms,95%): 960.30 err/s: 0.00 reconn/s: 0.00
[ 73s ] thds: 512 tps: 1062.89 qps: 17014.25 (r/w/o: 14890.47/0.00/2123.78) lat (ms,95%): 893.56 err/s: 0.00 reconn/s: 0.00
[ 74s ] thds: 512 tps: 1079.11 qps: 17149.79 (r/w/o: 14989.56/0.00/2160.22) lat (ms,95%): 943.16 err/s: 0.00 reconn/s: 0.00
[ 75s ] thds: 512 tps: 1062.34 qps: 17247.23 (r/w/o: 15124.55/0.00/2122.67) lat (ms,95%): 926.33 err/s: 0.00 reconn/s: 0.00
[ 76s ] thds: 512 tps: 1085.16 qps: 17197.48 (r/w/o: 15023.16/0.00/2174.31) lat (ms,95%): 926.33 err/s: 0.00 reconn/s: 0.00
[ 77s ] thds: 512 tps: 1030.80 qps: 16682.74 (r/w/o: 14625.14/0.00/2057.60) lat (ms,95%): 960.30 err/s: 0.00 reconn/s: 0.00
[ 78s ] thds: 512 tps: 1064.71 qps: 17022.31 (r/w/o: 14888.89/0.00/2133.42) lat (ms,95%): 943.16 err/s: 0.00 reconn/s: 0.00
[ 79s ] thds: 512 tps: 1025.94 qps: 16401.12 (r/w/o: 14350.23/0.00/2050.89) lat (ms,95%): 926.33 err/s: 0.00 reconn/s: 0.00
[ 80s ] thds: 512 tps: 1078.01 qps: 17118.16 (r/w/o: 14964.14/0.00/2154.02) lat (ms,95%): 926.33 err/s: 0.00 reconn/s: 0.00
[ 81s ] thds: 512 tps: 1070.86 qps: 17184.68 (r/w/o: 15041.97/0.00/2142.71) lat (ms,95%): 909.80 err/s: 0.00 reconn/s: 0.00
[ 82s ] thds: 512 tps: 1009.45 qps: 16303.12 (r/w/o: 14286.22/0.00/2016.90) lat (ms,95%): 943.16 err/s: 0.00 reconn/s: 0.00
[ 83s ] thds: 512 tps: 1049.07 qps: 16761.12 (r/w/o: 14661.98/0.00/2099.14) lat (ms,95%): 926.33 err/s: 0.00 reconn/s: 0.00
[ 84s ] thds: 512 tps: 1053.62 qps: 16559.81 (r/w/o: 14450.56/0.00/2109.25) lat (ms,95%): 943.16 err/s: 0.00 reconn/s: 0.00
[ 85s ] thds: 512 tps: 1025.00 qps: 16762.04 (r/w/o: 14713.04/0.00/2049.01) lat (ms,95%): 943.16 err/s: 0.00 reconn/s: 0.00
[ 86s ] thds: 512 tps: 1068.51 qps: 16961.29 (r/w/o: 14825.26/0.00/2136.03) lat (ms,95%): 943.16 err/s: 0.00 reconn/s: 0.00
[ 87s ] thds: 512 tps: 1066.95 qps: 17036.18 (r/w/o: 14899.28/0.00/2136.90) lat (ms,95%): 943.16 err/s: 0.00 reconn/s: 0.00
[ 88s ] thds: 512 tps: 985.57 qps: 16057.36 (r/w/o: 14086.21/0.00/1971.15) lat (ms,95%): 977.74 err/s: 0.00 reconn/s: 0.00
[ 89s ] thds: 512 tps: 1064.83 qps: 16663.27 (r/w/o: 14534.62/0.00/2128.65) lat (ms,95%): 926.33 err/s: 0.00 reconn/s: 0.00
[ 90s ] thds: 512 tps: 1037.16 qps: 16821.56 (r/w/o: 14747.25/0.00/2074.32) lat (ms,95%): 926.33 err/s: 0.00 reconn/s: 0.00
[ 91s ] thds: 512 tps: 1058.48 qps: 16803.74 (r/w/o: 14686.78/0.00/2116.96) lat (ms,95%): 960.30 err/s: 0.00 reconn/s: 0.00
[ 92s ] thds: 512 tps: 1064.54 qps: 16911.52 (r/w/o: 14785.45/0.00/2126.07) lat (ms,95%): 926.33 err/s: 0.00 reconn/s: 0.00
[ 93s ] thds: 512 tps: 1020.87 qps: 16584.87 (r/w/o: 14541.13/0.00/2043.74) lat (ms,95%): 943.16 err/s: 0.00 reconn/s: 0.00
[ 94s ] thds: 512 tps: 1033.12 qps: 16443.95 (r/w/o: 14378.70/0.00/2065.24) lat (ms,95%): 960.30 err/s: 0.00 reconn/s: 0.00
[ 95s ] thds: 512 tps: 1063.29 qps: 17044.66 (r/w/o: 14917.08/0.00/2127.58) lat (ms,95%): 960.30 err/s: 0.00 reconn/s: 0.00
[ 96s ] thds: 512 tps: 1042.53 qps: 16661.50 (r/w/o: 14576.43/0.00/2085.06) lat (ms,95%): 926.33 err/s: 0.00 reconn/s: 0.00
[ 97s ] thds: 512 tps: 1040.77 qps: 16715.25 (r/w/o: 14632.71/0.00/2082.53) lat (ms,95%): 943.16 err/s: 0.00 reconn/s: 0.00
[ 98s ] thds: 512 tps: 1106.35 qps: 17614.62 (r/w/o: 15405.92/0.00/2208.70) lat (ms,95%): 909.80 err/s: 0.00 reconn/s: 0.00
[ 99s ] thds: 512 tps: 1063.01 qps: 16939.13 (r/w/o: 14811.12/0.00/2128.02) lat (ms,95%): 909.80 err/s: 0.00 reconn/s: 0.00
[ 100s ] thds: 512 tps: 1053.37 qps: 16878.96 (r/w/o: 14771.22/0.00/2107.75) lat (ms,95%): 943.16 err/s: 0.00 reconn/s: 0.00
[ 101s ] thds: 512 tps: 1044.12 qps: 16756.95 (r/w/o: 14673.71/0.00/2083.24) lat (ms,95%): 926.33 err/s: 0.00 reconn/s: 0.00
[ 102s ] thds: 512 tps: 1067.84 qps: 16909.51 (r/w/o: 14768.83/0.00/2140.69) lat (ms,95%): 926.33 err/s: 0.00 reconn/s: 0.00
[ 103s ] thds: 512 tps: 1015.22 qps: 16513.54 (r/w/o: 14483.10/0.00/2030.43) lat (ms,95%): 960.30 err/s: 0.00 reconn/s: 0.00
[ 104s ] thds: 512 tps: 1054.43 qps: 16811.82 (r/w/o: 14702.97/0.00/2108.86) lat (ms,95%): 943.16 err/s: 0.00 reconn/s: 0.00
[ 105s ] thds: 512 tps: 1036.52 qps: 16410.45 (r/w/o: 14336.40/0.00/2074.05) lat (ms,95%): 943.16 err/s: 0.00 reconn/s: 0.00
[ 106s ] thds: 512 tps: 1034.83 qps: 16716.28 (r/w/o: 14649.62/0.00/2066.66) lat (ms,95%): 943.16 err/s: 0.00 reconn/s: 0.00
[ 107s ] thds: 512 tps: 1071.64 qps: 17071.25 (r/w/o: 14928.96/0.00/2142.29) lat (ms,95%): 943.16 err/s: 0.00 reconn/s: 0.00
[ 108s ] thds: 512 tps: 1035.88 qps: 16641.08 (r/w/o: 14566.32/0.00/2074.76) lat (ms,95%): 926.33 err/s: 0.00 reconn/s: 0.00
[ 109s ] thds: 512 tps: 1058.17 qps: 16854.67 (r/w/o: 14737.33/0.00/2117.34) lat (ms,95%): 926.33 err/s: 0.00 reconn/s: 0.00
[ 110s ] thds: 512 tps: 1011.81 qps: 16271.98 (r/w/o: 14248.35/0.00/2023.62) lat (ms,95%): 943.16 err/s: 0.00 reconn/s: 0.00
[ 111s ] thds: 512 tps: 1014.19 qps: 16155.96 (r/w/o: 14127.59/0.00/2028.37) lat (ms,95%): 926.33 err/s: 0.00 reconn/s: 0.00
[ 112s ] thds: 512 tps: 1025.03 qps: 16380.52 (r/w/o: 14332.45/0.00/2048.06) lat (ms,95%): 943.16 err/s: 0.00 reconn/s: 0.00
[ 113s ] thds: 512 tps: 1066.94 qps: 17169.04 (r/w/o: 15034.16/0.00/2134.88) lat (ms,95%): 926.33 err/s: 0.00 reconn/s: 0.00
[ 114s ] thds: 512 tps: 1055.33 qps: 16829.27 (r/w/o: 14718.61/0.00/2110.65) lat (ms,95%): 943.16 err/s: 0.00 reconn/s: 0.00
[ 115s ] thds: 512 tps: 1022.38 qps: 16546.09 (r/w/o: 14502.33/0.00/2043.75) lat (ms,95%): 943.16 err/s: 0.00 reconn/s: 0.00
[ 116s ] thds: 512 tps: 1069.62 qps: 16973.91 (r/w/o: 14833.68/0.00/2140.23) lat (ms,95%): 926.33 err/s: 0.00 reconn/s: 0.00
[ 117s ] thds: 512 tps: 1102.12 qps: 17536.89 (r/w/o: 15333.65/0.00/2203.24) lat (ms,95%): 926.33 err/s: 0.00 reconn/s: 0.00
[ 118s ] thds: 512 tps: 1045.46 qps: 16699.42 (r/w/o: 14606.49/0.00/2092.93) lat (ms,95%): 926.33 err/s: 0.00 reconn/s: 0.00
[ 119s ] thds: 512 tps: 1049.18 qps: 16849.79 (r/w/o: 14753.44/0.00/2096.36) lat (ms,95%): 926.33 err/s: 0.00 reconn/s: 0.00
[ 120s ] thds: 512 tps: 1058.95 qps: 16871.13 (r/w/o: 14753.23/0.00/2117.90) lat (ms,95%): 926.33 err/s: 0.00 reconn/s: 0.00
[ 121s ] thds: 512 tps: 1036.97 qps: 16583.49 (r/w/o: 14508.56/0.00/2074.94) lat (ms,95%): 909.80 err/s: 0.00 reconn/s: 0.00
[ 122s ] thds: 512 tps: 1048.57 qps: 16919.06 (r/w/o: 14820.92/0.00/2098.14) lat (ms,95%): 926.33 err/s: 0.00 reconn/s: 0.00
[ 123s ] thds: 512 tps: 1061.34 qps: 16857.40 (r/w/o: 14739.72/0.00/2117.68) lat (ms,95%): 909.80 err/s: 0.00 reconn/s: 0.00
[ 124s ] thds: 512 tps: 1019.94 qps: 16354.09 (r/w/o: 14309.20/0.00/2044.89) lat (ms,95%): 960.30 err/s: 0.00 reconn/s: 0.00
[ 125s ] thds: 512 tps: 1047.14 qps: 16767.25 (r/w/o: 14673.97/0.00/2093.28) lat (ms,95%): 960.30 err/s: 0.00 reconn/s: 0.00
[ 126s ] thds: 512 tps: 1033.99 qps: 16522.77 (r/w/o: 14455.80/0.00/2066.97) lat (ms,95%): 926.33 err/s: 0.00 reconn/s: 0.00
[ 127s ] thds: 512 tps: 1024.61 qps: 16453.69 (r/w/o: 14403.48/0.00/2050.21) lat (ms,95%): 960.30 err/s: 0.00 reconn/s: 0.00
[ 128s ] thds: 512 tps: 1081.91 qps: 17292.62 (r/w/o: 15129.79/0.00/2162.83) lat (ms,95%): 926.33 err/s: 0.00 reconn/s: 0.00
[ 129s ] thds: 512 tps: 1028.44 qps: 16417.00 (r/w/o: 14361.12/0.00/2055.88) lat (ms,95%): 943.16 err/s: 0.00 reconn/s: 0.00
[ 130s ] thds: 512 tps: 1073.24 qps: 17187.78 (r/w/o: 15039.31/0.00/2148.47) lat (ms,95%): 943.16 err/s: 0.00 reconn/s: 0.00
[ 131s ] thds: 512 tps: 1014.63 qps: 16443.21 (r/w/o: 14415.95/0.00/2027.26) lat (ms,95%): 960.30 err/s: 0.00 reconn/s: 0.00
[ 132s ] thds: 512 tps: 1116.16 qps: 17521.51 (r/w/o: 15285.19/0.00/2236.32) lat (ms,95%): 943.16 err/s: 0.00 reconn/s: 0.00
[ 133s ] thds: 512 tps: 1047.45 qps: 16895.09 (r/w/o: 14802.19/0.00/2092.90) lat (ms,95%): 909.80 err/s: 0.00 reconn/s: 0.00
[ 134s ] thds: 512 tps: 1052.57 qps: 16750.01 (r/w/o: 14645.88/0.00/2104.13) lat (ms,95%): 893.56 err/s: 0.00 reconn/s: 0.00
[ 135s ] thds: 512 tps: 1040.53 qps: 16796.48 (r/w/o: 14715.41/0.00/2081.07) lat (ms,95%): 943.16 err/s: 0.00 reconn/s: 0.00
[ 136s ] thds: 512 tps: 1046.27 qps: 16708.32 (r/w/o: 14614.78/0.00/2093.54) lat (ms,95%): 926.33 err/s: 0.00 reconn/s: 0.00
[ 137s ] thds: 512 tps: 1060.16 qps: 16955.49 (r/w/o: 14838.18/0.00/2117.31) lat (ms,95%): 926.33 err/s: 0.00 reconn/s: 0.00
[ 138s ] thds: 512 tps: 1020.01 qps: 16431.15 (r/w/o: 14390.13/0.00/2041.02) lat (ms,95%): 943.16 err/s: 0.00 reconn/s: 0.00
[ 139s ] thds: 512 tps: 1042.10 qps: 16525.59 (r/w/o: 14439.39/0.00/2086.20) lat (ms,95%): 960.30 err/s: 0.00 reconn/s: 0.00
[ 140s ] thds: 512 tps: 1057.49 qps: 16965.74 (r/w/o: 14850.77/0.00/2114.97) lat (ms,95%): 943.16 err/s: 0.00 reconn/s: 0.00
[ 141s ] thds: 512 tps: 1035.88 qps: 16570.12 (r/w/o: 14498.35/0.00/2071.76) lat (ms,95%): 943.16 err/s: 0.00 reconn/s: 0.00
[ 142s ] thds: 512 tps: 1064.55 qps: 17105.88 (r/w/o: 14975.77/0.00/2130.11) lat (ms,95%): 926.33 err/s: 0.00 reconn/s: 0.00
[ 143s ] thds: 512 tps: 1060.73 qps: 16870.73 (r/w/o: 14750.26/0.00/2120.46) lat (ms,95%): 943.16 err/s: 0.00 reconn/s: 0.00
[ 144s ] thds: 512 tps: 1026.33 qps: 16567.34 (r/w/o: 14516.68/0.00/2050.66) lat (ms,95%): 943.16 err/s: 0.00 reconn/s: 0.00
[ 145s ] thds: 512 tps: 1048.18 qps: 16656.91 (r/w/o: 14557.56/0.00/2099.35) lat (ms,95%): 943.16 err/s: 0.00 reconn/s: 0.00
[ 146s ] thds: 512 tps: 1067.58 qps: 16947.18 (r/w/o: 14814.03/0.00/2133.16) lat (ms,95%): 960.30 err/s: 0.00 reconn/s: 0.00
[ 147s ] thds: 512 tps: 1086.54 qps: 17480.59 (r/w/o: 15304.52/0.00/2176.08) lat (ms,95%): 909.80 err/s: 0.00 reconn/s: 0.00
[ 148s ] thds: 512 tps: 1065.82 qps: 16944.09 (r/w/o: 14815.45/0.00/2128.63) lat (ms,95%): 926.33 err/s: 0.00 reconn/s: 0.00
[ 149s ] thds: 512 tps: 1032.89 qps: 16735.43 (r/w/o: 14668.65/0.00/2066.78) lat (ms,95%): 960.30 err/s: 0.00 reconn/s: 0.00
[ 150s ] thds: 512 tps: 1055.51 qps: 16726.24 (r/w/o: 14619.21/0.00/2107.02) lat (ms,95%): 909.80 err/s: 0.00 reconn/s: 0.00
[ 151s ] thds: 512 tps: 1039.44 qps: 16938.11 (r/w/o: 14853.24/0.00/2084.88) lat (ms,95%): 926.33 err/s: 0.00 reconn/s: 0.00
[ 152s ] thds: 512 tps: 1037.00 qps: 16411.97 (r/w/o: 14338.98/0.00/2073.00) lat (ms,95%): 943.16 err/s: 0.00 reconn/s: 0.00
[ 153s ] thds: 512 tps: 1061.01 qps: 16947.14 (r/w/o: 14825.12/0.00/2122.02) lat (ms,95%): 943.16 err/s: 0.00 reconn/s: 0.00
[ 154s ] thds: 512 tps: 1050.84 qps: 16677.41 (r/w/o: 14575.74/0.00/2101.67) lat (ms,95%): 943.16 err/s: 0.00 reconn/s: 0.00
[ 155s ] thds: 512 tps: 1046.19 qps: 16926.07 (r/w/o: 14835.69/0.00/2090.38) lat (ms,95%): 926.33 err/s: 0.00 reconn/s: 0.00
[ 156s ] thds: 512 tps: 1046.12 qps: 16744.91 (r/w/o: 14652.67/0.00/2092.24) lat (ms,95%): 926.33 err/s: 0.00 reconn/s: 0.00
[ 157s ] thds: 512 tps: 1059.80 qps: 16907.69 (r/w/o: 14789.10/0.00/2118.59) lat (ms,95%): 943.16 err/s: 0.00 reconn/s: 0.00
[ 158s ] thds: 512 tps: 1071.84 qps: 17147.43 (r/w/o: 15002.76/0.00/2144.68) lat (ms,95%): 960.30 err/s: 0.00 reconn/s: 0.00
[ 159s ] thds: 512 tps: 1047.70 qps: 16643.29 (r/w/o: 14547.88/0.00/2095.41) lat (ms,95%): 926.33 err/s: 0.00 reconn/s: 0.00
[ 160s ] thds: 512 tps: 1059.11 qps: 16990.78 (r/w/o: 14871.56/0.00/2119.22) lat (ms,95%): 943.16 err/s: 0.00 reconn/s: 0.00
[ 161s ] thds: 512 tps: 1045.61 qps: 16894.77 (r/w/o: 14803.55/0.00/2091.23) lat (ms,95%): 926.33 err/s: 0.00 reconn/s: 0.00
[ 162s ] thds: 512 tps: 1026.13 qps: 16351.00 (r/w/o: 14297.75/0.00/2053.25) lat (ms,95%): 943.16 err/s: 0.00 reconn/s: 0.00
[ 163s ] thds: 512 tps: 1030.58 qps: 16608.30 (r/w/o: 14547.14/0.00/2061.15) lat (ms,95%): 909.80 err/s: 0.00 reconn/s: 0.00
[ 164s ] thds: 512 tps: 1042.35 qps: 16506.72 (r/w/o: 14422.02/0.00/2084.70) lat (ms,95%): 960.30 err/s: 0.00 reconn/s: 0.00
[ 165s ] thds: 512 tps: 1056.51 qps: 17005.29 (r/w/o: 14892.26/0.00/2113.03) lat (ms,95%): 943.16 err/s: 0.00 reconn/s: 0.00
[ 166s ] thds: 512 tps: 1054.15 qps: 16773.36 (r/w/o: 14667.06/0.00/2106.30) lat (ms,95%): 960.30 err/s: 0.00 reconn/s: 0.00
[ 167s ] thds: 512 tps: 1051.91 qps: 16693.57 (r/w/o: 14592.75/0.00/2100.82) lat (ms,95%): 943.16 err/s: 0.00 reconn/s: 0.00
[ 168s ] thds: 512 tps: 1070.15 qps: 17209.34 (r/w/o: 15066.04/0.00/2143.29) lat (ms,95%): 926.33 err/s: 0.00 reconn/s: 0.00
[ 169s ] thds: 512 tps: 1063.47 qps: 17053.45 (r/w/o: 14924.52/0.00/2128.93) lat (ms,95%): 909.80 err/s: 0.00 reconn/s: 0.00
[ 170s ] thds: 512 tps: 1053.50 qps: 16746.98 (r/w/o: 14640.97/0.00/2106.00) lat (ms,95%): 926.33 err/s: 0.00 reconn/s: 0.00
[ 171s ] thds: 512 tps: 1049.86 qps: 16845.80 (r/w/o: 14747.07/0.00/2098.73) lat (ms,95%): 943.16 err/s: 0.00 reconn/s: 0.00
[ 172s ] thds: 512 tps: 1024.22 qps: 16547.51 (r/w/o: 14497.07/0.00/2050.43) lat (ms,95%): 926.33 err/s: 0.00 reconn/s: 0.00
[ 173s ] thds: 512 tps: 1066.92 qps: 17096.70 (r/w/o: 14963.86/0.00/2132.84) lat (ms,95%): 943.16 err/s: 0.00 reconn/s: 0.00
[ 174s ] thds: 512 tps: 1074.06 qps: 17154.92 (r/w/o: 15006.80/0.00/2148.11) lat (ms,95%): 909.80 err/s: 0.00 reconn/s: 0.00
[ 175s ] thds: 512 tps: 1069.93 qps: 17033.90 (r/w/o: 14893.04/0.00/2140.86) lat (ms,95%): 926.33 err/s: 0.00 reconn/s: 0.00
[ 176s ] thds: 512 tps: 1069.47 qps: 17071.56 (r/w/o: 14932.61/0.00/2138.94) lat (ms,95%): 909.80 err/s: 0.00 reconn/s: 0.00
[ 177s ] thds: 512 tps: 1051.59 qps: 16912.44 (r/w/o: 14808.26/0.00/2104.17) lat (ms,95%): 943.16 err/s: 0.00 reconn/s: 0.00
[ 178s ] thds: 512 tps: 1026.89 qps: 16331.28 (r/w/o: 14278.49/0.00/2052.78) lat (ms,95%): 943.16 err/s: 0.00 reconn/s: 0.00
[ 179s ] thds: 512 tps: 1054.94 qps: 16894.97 (r/w/o: 14789.10/0.00/2105.87) lat (ms,95%): 943.16 err/s: 0.00 reconn/s: 0.00
[ 180s ] thds: 512 tps: 1033.66 qps: 16713.58 (r/w/o: 14648.25/0.00/2065.33) lat (ms,95%): 926.33 err/s: 0.00 reconn/s: 0.00
[ 181s ] thds: 512 tps: 1080.47 qps: 17245.46 (r/w/o: 15078.52/0.00/2166.94) lat (ms,95%): 926.33 err/s: 0.00 reconn/s: 0.00
[ 182s ] thds: 512 tps: 1070.96 qps: 16958.35 (r/w/o: 14817.43/0.00/2140.92) lat (ms,95%): 926.33 err/s: 0.00 reconn/s: 0.00
[ 183s ] thds: 512 tps: 1036.00 qps: 16797.08 (r/w/o: 14723.07/0.00/2074.01) lat (ms,95%): 926.33 err/s: 0.00 reconn/s: 0.00
[ 184s ] thds: 512 tps: 1080.90 qps: 17195.46 (r/w/o: 15037.65/0.00/2157.81) lat (ms,95%): 926.33 err/s: 0.00 reconn/s: 0.00
[ 185s ] thds: 512 tps: 1071.70 qps: 17008.27 (r/w/o: 14863.87/0.00/2144.40) lat (ms,95%): 926.33 err/s: 0.00 reconn/s: 0.00
[ 186s ] thds: 512 tps: 1040.48 qps: 16772.75 (r/w/o: 14689.79/0.00/2082.96) lat (ms,95%): 909.80 err/s: 0.00 reconn/s: 0.00
[ 187s ] thds: 512 tps: 1052.76 qps: 16727.26 (r/w/o: 14622.73/0.00/2104.53) lat (ms,95%): 926.33 err/s: 0.00 reconn/s: 0.00
[ 188s ] thds: 512 tps: 1045.30 qps: 16782.79 (r/w/o: 14693.19/0.00/2089.60) lat (ms,95%): 926.33 err/s: 0.00 reconn/s: 0.00
[ 189s ] thds: 512 tps: 1024.83 qps: 16467.39 (r/w/o: 14417.73/0.00/2049.67) lat (ms,95%): 960.30 err/s: 0.00 reconn/s: 0.00
[ 190s ] thds: 512 tps: 1002.08 qps: 16206.29 (r/w/o: 14200.13/0.00/2006.16) lat (ms,95%): 943.16 err/s: 0.00 reconn/s: 0.00
[ 191s ] thds: 512 tps: 1061.95 qps: 16722.18 (r/w/o: 14600.28/0.00/2121.90) lat (ms,95%): 909.80 err/s: 0.00 reconn/s: 0.00
[ 192s ] thds: 512 tps: 1076.01 qps: 17102.18 (r/w/o: 14950.16/0.00/2152.02) lat (ms,95%): 909.80 err/s: 0.00 reconn/s: 0.00
[ 193s ] thds: 512 tps: 998.74 qps: 16258.69 (r/w/o: 14263.22/0.00/1995.47) lat (ms,95%): 943.16 err/s: 0.00 reconn/s: 0.00
[ 194s ] thds: 512 tps: 1023.32 qps: 16496.18 (r/w/o: 14445.54/0.00/2050.64) lat (ms,95%): 960.30 err/s: 0.00 reconn/s: 0.00
[ 195s ] thds: 512 tps: 1050.90 qps: 16597.46 (r/w/o: 14497.65/0.00/2099.80) lat (ms,95%): 926.33 err/s: 0.00 reconn/s: 0.00
[ 196s ] thds: 512 tps: 1007.67 qps: 16181.76 (r/w/o: 14165.41/0.00/2016.35) lat (ms,95%): 943.16 err/s: 0.00 reconn/s: 0.00
[ 197s ] thds: 512 tps: 1050.35 qps: 16674.59 (r/w/o: 14574.89/0.00/2099.70) lat (ms,95%): 960.30 err/s: 0.00 reconn/s: 0.00
[ 198s ] thds: 512 tps: 987.24 qps: 15874.80 (r/w/o: 13899.32/0.00/1975.48) lat (ms,95%): 960.30 err/s: 0.00 reconn/s: 0.00
[ 199s ] thds: 512 tps: 992.17 qps: 15987.75 (r/w/o: 14005.41/0.00/1982.34) lat (ms,95%): 977.74 err/s: 0.00 reconn/s: 0.00
[ 200s ] thds: 512 tps: 1021.69 qps: 16367.98 (r/w/o: 14324.61/0.00/2043.37) lat (ms,95%): 977.74 err/s: 0.00 reconn/s: 0.00
[ 201s ] thds: 512 tps: 1001.83 qps: 15841.34 (r/w/o: 13835.68/0.00/2005.66) lat (ms,95%): 995.51 err/s: 0.00 reconn/s: 0.00
[ 202s ] thds: 512 tps: 1022.11 qps: 16237.70 (r/w/o: 14192.49/0.00/2045.21) lat (ms,95%): 1013.60 err/s: 0.00 reconn/s: 0.00
[ 203s ] thds: 512 tps: 1017.82 qps: 16457.05 (r/w/o: 14421.41/0.00/2035.63) lat (ms,95%): 960.30 err/s: 0.00 reconn/s: 0.00
[ 204s ] thds: 512 tps: 1002.02 qps: 15902.34 (r/w/o: 13899.30/0.00/2003.04) lat (ms,95%): 995.51 err/s: 0.00 reconn/s: 0.00
[ 205s ] thds: 512 tps: 1034.23 qps: 16676.65 (r/w/o: 14607.20/0.00/2069.45) lat (ms,95%): 960.30 err/s: 0.00 reconn/s: 0.00
[ 206s ] thds: 512 tps: 1007.95 qps: 16129.15 (r/w/o: 14115.26/0.00/2013.89) lat (ms,95%): 977.74 err/s: 0.00 reconn/s: 0.00
[ 207s ] thds: 512 tps: 1054.97 qps: 16783.58 (r/w/o: 14673.64/0.00/2109.94) lat (ms,95%): 943.16 err/s: 0.00 reconn/s: 0.00
[ 208s ] thds: 512 tps: 1038.14 qps: 16621.31 (r/w/o: 14544.02/0.00/2077.29) lat (ms,95%): 943.16 err/s: 0.00 reconn/s: 0.00
[ 209s ] thds: 512 tps: 1030.86 qps: 16452.73 (r/w/o: 14396.01/0.00/2056.72) lat (ms,95%): 926.33 err/s: 0.00 reconn/s: 0.00
[ 210s ] thds: 512 tps: 1015.06 qps: 16435.93 (r/w/o: 14400.81/0.00/2035.11) lat (ms,95%): 960.30 err/s: 0.00 reconn/s: 0.00
[ 211s ] thds: 512 tps: 1065.91 qps: 16991.61 (r/w/o: 14857.79/0.00/2133.83) lat (ms,95%): 943.16 err/s: 0.00 reconn/s: 0.00
[ 212s ] thds: 512 tps: 1061.75 qps: 16928.99 (r/w/o: 14805.49/0.00/2123.50) lat (ms,95%): 926.33 err/s: 0.00 reconn/s: 0.00
[ 213s ] thds: 512 tps: 1025.95 qps: 16563.18 (r/w/o: 14511.28/0.00/2051.90) lat (ms,95%): 977.74 err/s: 0.00 reconn/s: 0.00
[ 214s ] thds: 512 tps: 1090.31 qps: 17257.09 (r/w/o: 15078.47/0.00/2178.62) lat (ms,95%): 926.33 err/s: 0.00 reconn/s: 0.00
[ 215s ] thds: 512 tps: 1046.63 qps: 16977.18 (r/w/o: 14883.92/0.00/2093.25) lat (ms,95%): 926.33 err/s: 0.00 reconn/s: 0.00
[ 216s ] thds: 512 tps: 1068.41 qps: 16934.47 (r/w/o: 14796.66/0.00/2137.82) lat (ms,95%): 909.80 err/s: 0.00 reconn/s: 0.00
[ 217s ] thds: 512 tps: 1027.43 qps: 16528.80 (r/w/o: 14476.94/0.00/2051.86) lat (ms,95%): 926.33 err/s: 0.00 reconn/s: 0.00
[ 218s ] thds: 512 tps: 1053.60 qps: 16734.55 (r/w/o: 14625.34/0.00/2109.20) lat (ms,95%): 926.33 err/s: 0.00 reconn/s: 0.00
[ 219s ] thds: 512 tps: 1078.01 qps: 17331.20 (r/w/o: 15175.18/0.00/2156.03) lat (ms,95%): 926.33 err/s: 0.00 reconn/s: 0.00
[ 220s ] thds: 512 tps: 1051.74 qps: 16776.85 (r/w/o: 14674.37/0.00/2102.48) lat (ms,95%): 909.80 err/s: 0.00 reconn/s: 0.00
[ 221s ] thds: 512 tps: 1043.98 qps: 16808.71 (r/w/o: 14718.74/0.00/2089.96) lat (ms,95%): 926.33 err/s: 0.00 reconn/s: 0.00
[ 222s ] thds: 512 tps: 1026.79 qps: 16384.73 (r/w/o: 14330.14/0.00/2054.59) lat (ms,95%): 926.33 err/s: 0.00 reconn/s: 0.00
[ 223s ] thds: 512 tps: 1049.41 qps: 16754.55 (r/w/o: 14656.73/0.00/2097.82) lat (ms,95%): 926.33 err/s: 0.00 reconn/s: 0.00
[ 224s ] thds: 512 tps: 1090.98 qps: 17245.62 (r/w/o: 15064.67/0.00/2180.95) lat (ms,95%): 943.16 err/s: 0.00 reconn/s: 0.00
[ 225s ] thds: 512 tps: 1010.12 qps: 16277.89 (r/w/o: 14255.65/0.00/2022.23) lat (ms,95%): 926.33 err/s: 0.00 reconn/s: 0.00
[ 226s ] thds: 512 tps: 1015.95 qps: 16547.24 (r/w/o: 14515.33/0.00/2031.91) lat (ms,95%): 943.16 err/s: 0.00 reconn/s: 0.00
[ 227s ] thds: 512 tps: 1071.05 qps: 16811.72 (r/w/o: 14673.63/0.00/2138.09) lat (ms,95%): 926.33 err/s: 0.00 reconn/s: 0.00
[ 228s ] thds: 512 tps: 1044.00 qps: 16973.07 (r/w/o: 14881.06/0.00/2092.01) lat (ms,95%): 943.16 err/s: 0.00 reconn/s: 0.00
[ 229s ] thds: 512 tps: 1040.60 qps: 16488.61 (r/w/o: 14410.41/0.00/2078.19) lat (ms,95%): 943.16 err/s: 0.00 reconn/s: 0.00
[ 230s ] thds: 512 tps: 1053.37 qps: 17070.92 (r/w/o: 14964.19/0.00/2106.73) lat (ms,95%): 926.33 err/s: 0.00 reconn/s: 0.00
[ 231s ] thds: 512 tps: 1067.94 qps: 16783.13 (r/w/o: 14645.24/0.00/2137.89) lat (ms,95%): 926.33 err/s: 0.00 reconn/s: 0.00
[ 232s ] thds: 512 tps: 1035.74 qps: 16560.79 (r/w/o: 14488.32/0.00/2072.47) lat (ms,95%): 977.74 err/s: 0.00 reconn/s: 0.00
[ 233s ] thds: 512 tps: 1045.93 qps: 16790.84 (r/w/o: 14700.98/0.00/2089.86) lat (ms,95%): 960.30 err/s: 0.00 reconn/s: 0.00
[ 234s ] thds: 512 tps: 1067.31 qps: 16965.86 (r/w/o: 14830.25/0.00/2135.61) lat (ms,95%): 909.80 err/s: 0.00 reconn/s: 0.00
[ 235s ] thds: 512 tps: 974.77 qps: 15796.35 (r/w/o: 13851.80/0.00/1944.55) lat (ms,95%): 926.33 err/s: 0.00 reconn/s: 0.00
[ 236s ] thds: 512 tps: 1107.36 qps: 17697.81 (r/w/o: 15478.08/0.00/2219.73) lat (ms,95%): 960.30 err/s: 0.00 reconn/s: 0.00
[ 237s ] thds: 512 tps: 993.97 qps: 16000.48 (r/w/o: 14014.54/0.00/1985.94) lat (ms,95%): 926.33 err/s: 0.00 reconn/s: 0.00
[ 238s ] thds: 512 tps: 1053.07 qps: 16871.07 (r/w/o: 14761.94/0.00/2109.13) lat (ms,95%): 943.16 err/s: 0.00 reconn/s: 0.00
[ 239s ] thds: 512 tps: 1062.65 qps: 16854.38 (r/w/o: 14731.09/0.00/2123.29) lat (ms,95%): 943.16 err/s: 0.00 reconn/s: 0.00
[ 240s ] thds: 512 tps: 1068.05 qps: 16997.73 (r/w/o: 14862.64/0.00/2135.09) lat (ms,95%): 943.16 err/s: 0.00 reconn/s: 0.00
Latency histogram (values are in milliseconds)
       value  ------------- distribution ------------- count
      24.384 |                                         2
      25.278 |                                         2
      25.737 |                                         4
      26.205 |                                         4
      26.681 |                                         6
      27.165 |                                         16
      27.659 |                                         15
      28.162 |                                         11
      28.673 |                                         12
      29.194 |                                         23
      29.725 |                                         26
      30.265 |                                         33
      30.815 |                                         37
      31.375 |                                         38
      31.945 |*                                        45
      32.525 |*                                        61
      33.116 |*                                        65
      33.718 |*                                        55
      34.330 |*                                        75
      34.954 |*                                        89
      35.589 |*                                        100
      36.236 |*                                        91
      36.894 |*                                        116
      37.565 |*                                        127
      38.247 |*                                        119
      38.942 |**                                       136
      39.650 |**                                       142
      40.370 |**                                       162
      41.104 |**                                       145
      41.851 |**                                       160
      42.611 |**                                       172
      43.385 |**                                       171
      44.173 |**                                       138
      44.976 |**                                       183
      45.793 |**                                       189
      46.625 |**                                       175
      47.472 |***                                      224
      48.335 |***                                      241
      49.213 |****                                     328
      50.107 |*****                                    407
      51.018 |*****                                    411
      51.945 |*****                                    448
      52.889 |******                                   516
      53.850 |******                                   511
      54.828 |******                                   532
      55.824 |******                                   509
      56.839 |*****                                    455
      57.871 |*****                                    428
      58.923 |****                                     375
      59.993 |****                                     331
      61.083 |****                                     299
      62.193 |***                                      239
      63.323 |**                                       191
      64.474 |**                                       163
      65.645 |**                                       143
      66.838 |*                                        95
      68.053 |*                                        66
      69.289 |*                                        68
      70.548 |*                                        60
      71.830 |*                                        49
      73.135 |                                         25
      74.464 |                                         38
      75.817 |                                         24
      77.194 |                                         27
      78.597 |                                         25
      80.025 |                                         23
      81.479 |                                         26
      82.959 |                                         19
      84.467 |                                         33
      86.002 |                                         32
      87.564 |*                                        47
      89.155 |*                                        54
      90.775 |*                                        63
      92.424 |*                                        95
      94.104 |*                                        114
      95.814 |**                                       139
      97.555 |**                                       191
      99.327 |***                                      248
     101.132 |***                                      254
     102.969 |****                                     326
     104.840 |*****                                    402
     106.745 |*****                                    404
     108.685 |******                                   487
     110.659 |*******                                  555
     112.670 |********                                 646
     114.717 |*******                                  617
     116.802 |*********                                731
     118.924 |********                                 718
     121.085 |*********                                762
     123.285 |*********                                766
     125.525 |*********                                728
     127.805 |********                                 721
     130.128 |********                                 651
     132.492 |******                                   522
     134.899 |******                                   486
     137.350 |*****                                    433
     139.846 |****                                     383
     142.387 |***                                      281
     144.974 |***                                      256
     147.608 |***                                      263
     150.290 |***                                      235
     153.021 |***                                      274
     155.801 |****                                     305
     158.632 |*****                                    386
     161.514 |*****                                    462
     164.449 |*******                                  598
     167.437 |*********                                745
     170.479 |***********                              957
     173.577 |*************                            1126
     176.731 |***************                          1274
     179.942 |******************                       1515
     183.211 |*******************                      1658
     186.540 |********************                     1738
     189.929 |*********************                    1825
     193.380 |*********************                    1793
     196.894 |********************                     1735
     200.472 |*******************                      1579
     204.114 |******************                       1537
     207.823 |***************                          1318
     211.599 |*************                            1130
     215.443 |***********                              954
     219.358 |**********                               879
     223.344 |**********                               817
     227.402 |**********                               883
     231.534 |***********                              900
     235.740 |*************                            1103
     240.024 |***************                          1243
     244.385 |******************                       1505
     248.825 |*******************                      1642
     253.346 |*********************                    1816
     257.950 |************************                 2005
     262.636 |**********************                   1905
     267.408 |**********************                   1859
     272.267 |**********************                   1859
     277.214 |*******************                      1577
     282.251 |******************                       1509
     287.379 |*****************                        1416
     292.601 |*****************                        1438
     297.917 |*****************                        1454
     303.330 |********************                     1729
     308.842 |**********************                   1863
     314.453 |*************************                2091
     320.167 |***************************              2301
     325.984 |*****************************            2496
     331.907 |******************************           2538
     337.938 |*****************************            2456
     344.078 |***************************              2313
     350.330 |*************************                2140
     356.695 |************************                 2007
     363.176 |***********************                  1947
     369.775 |***********************                  1929
     376.494 |***********************                  1983
     383.334 |**************************               2199
     390.299 |***************************              2325
     397.391 |****************************             2402
     404.611 |*****************************            2456
     411.963 |***************************              2304
     419.448 |***************************              2294
     427.069 |**************************               2189
     434.829 |**************************               2181
     442.730 |***************************              2341
     450.774 |****************************             2408
     458.964 |*******************************          2633
     467.304 |*******************************          2606
     475.794 |*******************************          2645
     484.439 |*****************************            2508
     493.242 |*****************************            2476
     502.204 |*****************************            2486
     511.328 |******************************           2522
     520.619 |********************************         2737
     530.078 |*********************************        2773
     539.710 |********************************         2751
     549.516 |**********************************       2866
     559.501 |********************************         2758
     569.667 |*********************************        2788
     580.017 |*********************************        2805
     590.556 |**********************************       2911
     601.286 |************************************     3032
     612.211 |**************************************   3195
     623.335 |************************************     3075
     634.661 |***********************************      3004
     646.192 |************************************     3100
     657.933 |**************************************   3200
     669.888 |**************************************   3249
     682.059 |**************************************   3276
     694.452 |***************************************  3333
     707.070 |**************************************   3274
     719.917 |**************************************   3265
     732.998 |**************************************   3264
     746.316 |**************************************** 3378
     759.876 |**************************************** 3407
     773.683 |************************************     3108
     787.741 |***************************************  3288
     802.053 |*************************************    3150
     816.626 |************************************     3088
     831.464 |***********************************      2996
     846.572 |**********************************       2934
     861.954 |*********************************        2796
     877.615 |*******************************          2628
     893.561 |*****************************            2454
     909.797 |***************************              2318
     926.327 |*************************                2140
     943.158 |**********************                   1916
     960.295 |********************                     1688
     977.743 |*******************                      1638
     995.508 |****************                         1358
    1013.597 |***************                          1257
    1032.013 |*************                            1098
    1050.764 |**********                               891
    1069.856 |*********                                776
    1089.295 |*******                                  570
    1109.087 |******                                   509
    1129.239 |****                                     380
    1149.757 |***                                      257
    1170.648 |***                                      220
    1191.918 |**                                       135
    1213.575 |*                                        125
    1235.625 |*                                        83
    1258.076 |*                                        49
    1280.934 |                                         35
    1304.208 |                                         28
    1327.905 |                                         14
    1352.033 |                                         11
    1376.599 |                                         4
    1401.611 |                                         4
    1427.078 |                                         2
    1453.007 |                                         1
 
SQL statistics:
    queries performed:
        read:                            3520998
        write:                           0
        other:                           503012
        total:                           4024010
    transactions:                        251762 (1047.29 per sec.)
    queries:                             4024010 (16739.21 per sec.)
    ignored errors:                      0      (0.00 per sec.)
    reconnects:                          0      (0.00 per sec.)

Throughput:
    events/s (eps):                      1047.2878
    time elapsed:                        240.3947s
    total number of events:              251762

Latency (ms):
         min:                                   24.45
         avg:                                  489.19
         max:                                 1461.33
         95th percentile:                      943.16
         sum:                            123157090.20

Threads fairness:
    events (avg/stddev):           491.7168/14.47
    execution time (avg/stddev):   240.5412/0.26

