sysbench 1.1.0-3ceba0b (using bundled LuaJIT 2.1.0-beta3)

Running the test with following options:
Number of threads: 4
Warmup time: 60s
Report intermediate results every 1 second(s)
Initializing random number generator from current time


Initializing worker threads...

Threads started!

Warming up for 60 seconds...

[ 1s ] thds: 4 tps: 1266.41 qps: 1266.41 (r/w/o: 1266.41/0.00/0.00) lat (ms,95%): 4.10 err/s: 0.00 reconn/s: 0.00
[ 2s ] thds: 4 tps: 1284.99 qps: 1284.99 (r/w/o: 1284.99/0.00/0.00) lat (ms,95%): 4.03 err/s: 0.00 reconn/s: 0.00
[ 3s ] thds: 4 tps: 1290.64 qps: 1290.64 (r/w/o: 1290.64/0.00/0.00) lat (ms,95%): 4.03 err/s: 0.00 reconn/s: 0.00
[ 4s ] thds: 4 tps: 1291.39 qps: 1291.39 (r/w/o: 1291.39/0.00/0.00) lat (ms,95%): 3.96 err/s: 0.00 reconn/s: 0.00
[ 5s ] thds: 4 tps: 1282.35 qps: 1282.35 (r/w/o: 1282.35/0.00/0.00) lat (ms,95%): 4.03 err/s: 0.00 reconn/s: 0.00
[ 6s ] thds: 4 tps: 1267.08 qps: 1267.08 (r/w/o: 1267.08/0.00/0.00) lat (ms,95%): 4.10 err/s: 0.00 reconn/s: 0.00
[ 7s ] thds: 4 tps: 1250.11 qps: 1250.11 (r/w/o: 1250.11/0.00/0.00) lat (ms,95%): 4.18 err/s: 0.00 reconn/s: 0.00
[ 8s ] thds: 4 tps: 1256.76 qps: 1256.76 (r/w/o: 1256.76/0.00/0.00) lat (ms,95%): 4.25 err/s: 0.00 reconn/s: 0.00
[ 9s ] thds: 4 tps: 1266.97 qps: 1266.97 (r/w/o: 1266.97/0.00/0.00) lat (ms,95%): 4.10 err/s: 0.00 reconn/s: 0.00
[ 10s ] thds: 4 tps: 1286.03 qps: 1286.03 (r/w/o: 1286.03/0.00/0.00) lat (ms,95%): 4.03 err/s: 0.00 reconn/s: 0.00
[ 11s ] thds: 4 tps: 1282.95 qps: 1282.95 (r/w/o: 1282.95/0.00/0.00) lat (ms,95%): 4.03 err/s: 0.00 reconn/s: 0.00
[ 12s ] thds: 4 tps: 1283.15 qps: 1283.15 (r/w/o: 1283.15/0.00/0.00) lat (ms,95%): 4.03 err/s: 0.00 reconn/s: 0.00
[ 13s ] thds: 4 tps: 1284.07 qps: 1284.07 (r/w/o: 1284.07/0.00/0.00) lat (ms,95%): 4.03 err/s: 0.00 reconn/s: 0.00
[ 14s ] thds: 4 tps: 1284.54 qps: 1284.54 (r/w/o: 1284.54/0.00/0.00) lat (ms,95%): 4.03 err/s: 0.00 reconn/s: 0.00
[ 15s ] thds: 4 tps: 1257.31 qps: 1257.31 (r/w/o: 1257.31/0.00/0.00) lat (ms,95%): 4.10 err/s: 0.00 reconn/s: 0.00
[ 16s ] thds: 4 tps: 1249.66 qps: 1249.66 (r/w/o: 1249.66/0.00/0.00) lat (ms,95%): 4.18 err/s: 0.00 reconn/s: 0.00
[ 17s ] thds: 4 tps: 1256.65 qps: 1256.65 (r/w/o: 1256.65/0.00/0.00) lat (ms,95%): 4.18 err/s: 0.00 reconn/s: 0.00
[ 18s ] thds: 4 tps: 1252.01 qps: 1252.01 (r/w/o: 1252.01/0.00/0.00) lat (ms,95%): 4.25 err/s: 0.00 reconn/s: 0.00
[ 19s ] thds: 4 tps: 1280.64 qps: 1280.64 (r/w/o: 1280.64/0.00/0.00) lat (ms,95%): 4.10 err/s: 0.00 reconn/s: 0.00
[ 20s ] thds: 4 tps: 1292.08 qps: 1292.08 (r/w/o: 1292.08/0.00/0.00) lat (ms,95%): 4.03 err/s: 0.00 reconn/s: 0.00
[ 21s ] thds: 4 tps: 1298.04 qps: 1298.04 (r/w/o: 1298.04/0.00/0.00) lat (ms,95%): 4.03 err/s: 0.00 reconn/s: 0.00
[ 22s ] thds: 4 tps: 1299.09 qps: 1299.09 (r/w/o: 1299.09/0.00/0.00) lat (ms,95%): 4.03 err/s: 0.00 reconn/s: 0.00
[ 23s ] thds: 4 tps: 1298.88 qps: 1298.88 (r/w/o: 1298.88/0.00/0.00) lat (ms,95%): 4.03 err/s: 0.00 reconn/s: 0.00
[ 24s ] thds: 4 tps: 1286.08 qps: 1286.08 (r/w/o: 1286.08/0.00/0.00) lat (ms,95%): 4.03 err/s: 0.00 reconn/s: 0.00
[ 25s ] thds: 4 tps: 1265.84 qps: 1265.84 (r/w/o: 1265.84/0.00/0.00) lat (ms,95%): 4.18 err/s: 0.00 reconn/s: 0.00
[ 26s ] thds: 4 tps: 1262.09 qps: 1262.09 (r/w/o: 1262.09/0.00/0.00) lat (ms,95%): 4.18 err/s: 0.00 reconn/s: 0.00
[ 27s ] thds: 4 tps: 1257.87 qps: 1257.87 (r/w/o: 1257.87/0.00/0.00) lat (ms,95%): 4.25 err/s: 0.00 reconn/s: 0.00
[ 28s ] thds: 4 tps: 1279.94 qps: 1279.94 (r/w/o: 1279.94/0.00/0.00) lat (ms,95%): 4.10 err/s: 0.00 reconn/s: 0.00
[ 29s ] thds: 4 tps: 1275.97 qps: 1275.97 (r/w/o: 1275.97/0.00/0.00) lat (ms,95%): 4.10 err/s: 0.00 reconn/s: 0.00
[ 30s ] thds: 4 tps: 1278.08 qps: 1278.08 (r/w/o: 1278.08/0.00/0.00) lat (ms,95%): 4.10 err/s: 0.00 reconn/s: 0.00
[ 31s ] thds: 4 tps: 1280.08 qps: 1280.08 (r/w/o: 1280.08/0.00/0.00) lat (ms,95%): 4.03 err/s: 0.00 reconn/s: 0.00
[ 32s ] thds: 4 tps: 1285.68 qps: 1285.68 (r/w/o: 1285.68/0.00/0.00) lat (ms,95%): 4.03 err/s: 0.00 reconn/s: 0.00
[ 33s ] thds: 4 tps: 1280.40 qps: 1280.40 (r/w/o: 1280.40/0.00/0.00) lat (ms,95%): 4.03 err/s: 0.00 reconn/s: 0.00
[ 34s ] thds: 4 tps: 1274.86 qps: 1274.86 (r/w/o: 1274.86/0.00/0.00) lat (ms,95%): 4.10 err/s: 0.00 reconn/s: 0.00
[ 35s ] thds: 4 tps: 1242.65 qps: 1242.65 (r/w/o: 1242.65/0.00/0.00) lat (ms,95%): 4.25 err/s: 0.00 reconn/s: 0.00
[ 36s ] thds: 4 tps: 1266.39 qps: 1266.39 (r/w/o: 1266.39/0.00/0.00) lat (ms,95%): 4.25 err/s: 0.00 reconn/s: 0.00
[ 37s ] thds: 4 tps: 1273.04 qps: 1274.04 (r/w/o: 1274.04/0.00/0.00) lat (ms,95%): 4.10 err/s: 0.00 reconn/s: 0.00
[ 38s ] thds: 4 tps: 1276.07 qps: 1275.07 (r/w/o: 1275.07/0.00/0.00) lat (ms,95%): 4.10 err/s: 0.00 reconn/s: 0.00
[ 39s ] thds: 4 tps: 1286.95 qps: 1286.95 (r/w/o: 1286.95/0.00/0.00) lat (ms,95%): 4.03 err/s: 0.00 reconn/s: 0.00
[ 40s ] thds: 4 tps: 1298.10 qps: 1298.10 (r/w/o: 1298.10/0.00/0.00) lat (ms,95%): 4.03 err/s: 0.00 reconn/s: 0.00
[ 41s ] thds: 4 tps: 1297.89 qps: 1297.89 (r/w/o: 1297.89/0.00/0.00) lat (ms,95%): 4.03 err/s: 0.00 reconn/s: 0.00
[ 42s ] thds: 4 tps: 1298.60 qps: 1298.60 (r/w/o: 1298.60/0.00/0.00) lat (ms,95%): 4.03 err/s: 0.00 reconn/s: 0.00
[ 43s ] thds: 4 tps: 1288.48 qps: 1288.48 (r/w/o: 1288.48/0.00/0.00) lat (ms,95%): 4.03 err/s: 0.00 reconn/s: 0.00
[ 44s ] thds: 4 tps: 1271.98 qps: 1271.98 (r/w/o: 1271.98/0.00/0.00) lat (ms,95%): 4.18 err/s: 0.00 reconn/s: 0.00
[ 45s ] thds: 4 tps: 1266.77 qps: 1266.77 (r/w/o: 1266.77/0.00/0.00) lat (ms,95%): 4.18 err/s: 0.00 reconn/s: 0.00
[ 46s ] thds: 4 tps: 1270.20 qps: 1270.20 (r/w/o: 1270.20/0.00/0.00) lat (ms,95%): 4.25 err/s: 0.00 reconn/s: 0.00
[ 47s ] thds: 4 tps: 1284.46 qps: 1284.46 (r/w/o: 1284.46/0.00/0.00) lat (ms,95%): 4.10 err/s: 0.00 reconn/s: 0.00
[ 48s ] thds: 4 tps: 1297.01 qps: 1297.01 (r/w/o: 1297.01/0.00/0.00) lat (ms,95%): 4.03 err/s: 0.00 reconn/s: 0.00
[ 49s ] thds: 4 tps: 1296.54 qps: 1296.54 (r/w/o: 1296.54/0.00/0.00) lat (ms,95%): 4.03 err/s: 0.00 reconn/s: 0.00
[ 50s ] thds: 4 tps: 1288.83 qps: 1288.83 (r/w/o: 1288.83/0.00/0.00) lat (ms,95%): 4.03 err/s: 0.00 reconn/s: 0.00
[ 51s ] thds: 4 tps: 1298.07 qps: 1298.07 (r/w/o: 1298.07/0.00/0.00) lat (ms,95%): 4.03 err/s: 0.00 reconn/s: 0.00
[ 52s ] thds: 4 tps: 1293.99 qps: 1293.99 (r/w/o: 1293.99/0.00/0.00) lat (ms,95%): 4.03 err/s: 0.00 reconn/s: 0.00
[ 53s ] thds: 4 tps: 1275.18 qps: 1275.18 (r/w/o: 1275.18/0.00/0.00) lat (ms,95%): 4.10 err/s: 0.00 reconn/s: 0.00
[ 54s ] thds: 4 tps: 1265.66 qps: 1265.66 (r/w/o: 1265.66/0.00/0.00) lat (ms,95%): 4.18 err/s: 0.00 reconn/s: 0.00
[ 55s ] thds: 4 tps: 1274.41 qps: 1274.41 (r/w/o: 1274.41/0.00/0.00) lat (ms,95%): 4.10 err/s: 0.00 reconn/s: 0.00
[ 56s ] thds: 4 tps: 1282.75 qps: 1282.75 (r/w/o: 1282.75/0.00/0.00) lat (ms,95%): 4.10 err/s: 0.00 reconn/s: 0.00
[ 57s ] thds: 4 tps: 1271.30 qps: 1271.30 (r/w/o: 1271.30/0.00/0.00) lat (ms,95%): 4.03 err/s: 0.00 reconn/s: 0.00
[ 58s ] thds: 4 tps: 1285.58 qps: 1285.58 (r/w/o: 1285.58/0.00/0.00) lat (ms,95%): 4.03 err/s: 0.00 reconn/s: 0.00
[ 59s ] thds: 4 tps: 1301.09 qps: 1301.09 (r/w/o: 1301.09/0.00/0.00) lat (ms,95%): 4.03 err/s: 0.00 reconn/s: 0.00
[ 60s ] thds: 4 tps: 1284.15 qps: 1284.15 (r/w/o: 1284.15/0.00/0.00) lat (ms,95%): 4.03 err/s: 0.00 reconn/s: 0.00
[ 61s ] thds: 4 tps: 1279.20 qps: 1279.20 (r/w/o: 1279.20/0.00/0.00) lat (ms,95%): 4.03 err/s: 0.00 reconn/s: 0.00
[ 62s ] thds: 4 tps: 1278.63 qps: 1278.63 (r/w/o: 1278.63/0.00/0.00) lat (ms,95%): 4.03 err/s: 0.00 reconn/s: 0.00
[ 63s ] thds: 4 tps: 1266.02 qps: 1266.02 (r/w/o: 1266.02/0.00/0.00) lat (ms,95%): 4.10 err/s: 0.00 reconn/s: 0.00
[ 64s ] thds: 4 tps: 1262.22 qps: 1262.22 (r/w/o: 1262.22/0.00/0.00) lat (ms,95%): 4.25 err/s: 0.00 reconn/s: 0.00
[ 65s ] thds: 4 tps: 1267.73 qps: 1267.73 (r/w/o: 1267.73/0.00/0.00) lat (ms,95%): 4.10 err/s: 0.00 reconn/s: 0.00
[ 66s ] thds: 4 tps: 1274.63 qps: 1274.63 (r/w/o: 1274.63/0.00/0.00) lat (ms,95%): 4.03 err/s: 0.00 reconn/s: 0.00
[ 67s ] thds: 4 tps: 1277.24 qps: 1277.24 (r/w/o: 1277.24/0.00/0.00) lat (ms,95%): 4.03 err/s: 0.00 reconn/s: 0.00
[ 68s ] thds: 4 tps: 1286.28 qps: 1286.28 (r/w/o: 1286.28/0.00/0.00) lat (ms,95%): 4.03 err/s: 0.00 reconn/s: 0.00
[ 69s ] thds: 4 tps: 1279.04 qps: 1279.04 (r/w/o: 1279.04/0.00/0.00) lat (ms,95%): 4.03 err/s: 0.00 reconn/s: 0.00
[ 70s ] thds: 4 tps: 1294.93 qps: 1294.93 (r/w/o: 1294.93/0.00/0.00) lat (ms,95%): 4.03 err/s: 0.00 reconn/s: 0.00
[ 71s ] thds: 4 tps: 1277.83 qps: 1277.83 (r/w/o: 1277.83/0.00/0.00) lat (ms,95%): 4.10 err/s: 0.00 reconn/s: 0.00
[ 72s ] thds: 4 tps: 1255.14 qps: 1255.14 (r/w/o: 1255.14/0.00/0.00) lat (ms,95%): 4.10 err/s: 0.00 reconn/s: 0.00
[ 73s ] thds: 4 tps: 1266.51 qps: 1266.51 (r/w/o: 1266.51/0.00/0.00) lat (ms,95%): 4.10 err/s: 0.00 reconn/s: 0.00
[ 74s ] thds: 4 tps: 1254.29 qps: 1254.29 (r/w/o: 1254.29/0.00/0.00) lat (ms,95%): 4.18 err/s: 0.00 reconn/s: 0.00
[ 75s ] thds: 4 tps: 1275.32 qps: 1275.32 (r/w/o: 1275.32/0.00/0.00) lat (ms,95%): 4.03 err/s: 0.00 reconn/s: 0.00
[ 76s ] thds: 4 tps: 1274.50 qps: 1274.50 (r/w/o: 1274.50/0.00/0.00) lat (ms,95%): 4.03 err/s: 0.00 reconn/s: 0.00
[ 77s ] thds: 4 tps: 1286.46 qps: 1286.46 (r/w/o: 1286.46/0.00/0.00) lat (ms,95%): 4.03 err/s: 0.00 reconn/s: 0.00
[ 78s ] thds: 4 tps: 1286.57 qps: 1286.57 (r/w/o: 1286.57/0.00/0.00) lat (ms,95%): 4.03 err/s: 0.00 reconn/s: 0.00
[ 79s ] thds: 4 tps: 1288.51 qps: 1288.51 (r/w/o: 1288.51/0.00/0.00) lat (ms,95%): 4.03 err/s: 0.00 reconn/s: 0.00
[ 80s ] thds: 4 tps: 1281.65 qps: 1281.65 (r/w/o: 1281.65/0.00/0.00) lat (ms,95%): 4.03 err/s: 0.00 reconn/s: 0.00
[ 81s ] thds: 4 tps: 1272.92 qps: 1272.92 (r/w/o: 1272.92/0.00/0.00) lat (ms,95%): 4.03 err/s: 0.00 reconn/s: 0.00
[ 82s ] thds: 4 tps: 1262.29 qps: 1262.29 (r/w/o: 1262.29/0.00/0.00) lat (ms,95%): 4.10 err/s: 0.00 reconn/s: 0.00
[ 83s ] thds: 4 tps: 1257.79 qps: 1257.79 (r/w/o: 1257.79/0.00/0.00) lat (ms,95%): 4.10 err/s: 0.00 reconn/s: 0.00
[ 84s ] thds: 4 tps: 1262.14 qps: 1262.14 (r/w/o: 1262.14/0.00/0.00) lat (ms,95%): 4.18 err/s: 0.00 reconn/s: 0.00
[ 85s ] thds: 4 tps: 1269.07 qps: 1269.07 (r/w/o: 1269.07/0.00/0.00) lat (ms,95%): 4.03 err/s: 0.00 reconn/s: 0.00
[ 86s ] thds: 4 tps: 1277.82 qps: 1277.82 (r/w/o: 1277.82/0.00/0.00) lat (ms,95%): 4.03 err/s: 0.00 reconn/s: 0.00
[ 87s ] thds: 4 tps: 1290.41 qps: 1290.41 (r/w/o: 1290.41/0.00/0.00) lat (ms,95%): 4.03 err/s: 0.00 reconn/s: 0.00
[ 88s ] thds: 4 tps: 1292.20 qps: 1292.20 (r/w/o: 1292.20/0.00/0.00) lat (ms,95%): 4.03 err/s: 0.00 reconn/s: 0.00
[ 89s ] thds: 4 tps: 1276.19 qps: 1276.19 (r/w/o: 1276.19/0.00/0.00) lat (ms,95%): 4.03 err/s: 0.00 reconn/s: 0.00
[ 90s ] thds: 4 tps: 1277.83 qps: 1277.83 (r/w/o: 1277.83/0.00/0.00) lat (ms,95%): 4.03 err/s: 0.00 reconn/s: 0.00
[ 91s ] thds: 4 tps: 1261.60 qps: 1261.60 (r/w/o: 1261.60/0.00/0.00) lat (ms,95%): 4.18 err/s: 0.00 reconn/s: 0.00
[ 92s ] thds: 4 tps: 1259.49 qps: 1259.49 (r/w/o: 1259.49/0.00/0.00) lat (ms,95%): 4.18 err/s: 0.00 reconn/s: 0.00
[ 93s ] thds: 4 tps: 1252.27 qps: 1252.27 (r/w/o: 1252.27/0.00/0.00) lat (ms,95%): 4.18 err/s: 0.00 reconn/s: 0.00
[ 94s ] thds: 4 tps: 1269.85 qps: 1269.85 (r/w/o: 1269.85/0.00/0.00) lat (ms,95%): 4.10 err/s: 0.00 reconn/s: 0.00
[ 95s ] thds: 4 tps: 1271.54 qps: 1271.54 (r/w/o: 1271.54/0.00/0.00) lat (ms,95%): 4.03 err/s: 0.00 reconn/s: 0.00
[ 96s ] thds: 4 tps: 1280.44 qps: 1280.44 (r/w/o: 1280.44/0.00/0.00) lat (ms,95%): 4.03 err/s: 0.00 reconn/s: 0.00
[ 97s ] thds: 4 tps: 1280.86 qps: 1280.86 (r/w/o: 1280.86/0.00/0.00) lat (ms,95%): 4.03 err/s: 0.00 reconn/s: 0.00
[ 98s ] thds: 4 tps: 1292.05 qps: 1292.05 (r/w/o: 1292.05/0.00/0.00) lat (ms,95%): 4.03 err/s: 0.00 reconn/s: 0.00
[ 99s ] thds: 4 tps: 1278.14 qps: 1278.14 (r/w/o: 1278.14/0.00/0.00) lat (ms,95%): 4.03 err/s: 0.00 reconn/s: 0.00
[ 100s ] thds: 4 tps: 1276.70 qps: 1276.70 (r/w/o: 1276.70/0.00/0.00) lat (ms,95%): 4.10 err/s: 0.00 reconn/s: 0.00
[ 101s ] thds: 4 tps: 1264.61 qps: 1264.61 (r/w/o: 1264.61/0.00/0.00) lat (ms,95%): 4.18 err/s: 0.00 reconn/s: 0.00
[ 102s ] thds: 4 tps: 1256.99 qps: 1256.99 (r/w/o: 1256.99/0.00/0.00) lat (ms,95%): 4.10 err/s: 0.00 reconn/s: 0.00
[ 103s ] thds: 4 tps: 1277.95 qps: 1277.95 (r/w/o: 1277.95/0.00/0.00) lat (ms,95%): 4.03 err/s: 0.00 reconn/s: 0.00
[ 104s ] thds: 4 tps: 1277.32 qps: 1277.32 (r/w/o: 1277.32/0.00/0.00) lat (ms,95%): 4.10 err/s: 0.00 reconn/s: 0.00
[ 105s ] thds: 4 tps: 1283.79 qps: 1283.79 (r/w/o: 1283.79/0.00/0.00) lat (ms,95%): 4.03 err/s: 0.00 reconn/s: 0.00
[ 106s ] thds: 4 tps: 1280.43 qps: 1280.43 (r/w/o: 1280.43/0.00/0.00) lat (ms,95%): 4.03 err/s: 0.00 reconn/s: 0.00
[ 107s ] thds: 4 tps: 1287.13 qps: 1287.13 (r/w/o: 1287.13/0.00/0.00) lat (ms,95%): 3.96 err/s: 0.00 reconn/s: 0.00
[ 108s ] thds: 4 tps: 1287.40 qps: 1287.40 (r/w/o: 1287.40/0.00/0.00) lat (ms,95%): 4.03 err/s: 0.00 reconn/s: 0.00
[ 109s ] thds: 4 tps: 1266.49 qps: 1266.49 (r/w/o: 1266.49/0.00/0.00) lat (ms,95%): 4.03 err/s: 0.00 reconn/s: 0.00
[ 110s ] thds: 4 tps: 1261.08 qps: 1261.08 (r/w/o: 1261.08/0.00/0.00) lat (ms,95%): 4.10 err/s: 0.00 reconn/s: 0.00
[ 111s ] thds: 4 tps: 1260.40 qps: 1260.40 (r/w/o: 1260.40/0.00/0.00) lat (ms,95%): 4.10 err/s: 0.00 reconn/s: 0.00
[ 112s ] thds: 4 tps: 1258.65 qps: 1258.65 (r/w/o: 1258.65/0.00/0.00) lat (ms,95%): 4.18 err/s: 0.00 reconn/s: 0.00
[ 113s ] thds: 4 tps: 1267.34 qps: 1267.34 (r/w/o: 1267.34/0.00/0.00) lat (ms,95%): 4.18 err/s: 0.00 reconn/s: 0.00
[ 114s ] thds: 4 tps: 1284.51 qps: 1284.51 (r/w/o: 1284.51/0.00/0.00) lat (ms,95%): 4.03 err/s: 0.00 reconn/s: 0.00
[ 115s ] thds: 4 tps: 1288.00 qps: 1288.00 (r/w/o: 1288.00/0.00/0.00) lat (ms,95%): 4.03 err/s: 0.00 reconn/s: 0.00
[ 116s ] thds: 4 tps: 1285.64 qps: 1285.64 (r/w/o: 1285.64/0.00/0.00) lat (ms,95%): 4.03 err/s: 0.00 reconn/s: 0.00
[ 117s ] thds: 4 tps: 1281.82 qps: 1281.82 (r/w/o: 1281.82/0.00/0.00) lat (ms,95%): 4.03 err/s: 0.00 reconn/s: 0.00
[ 118s ] thds: 4 tps: 1281.55 qps: 1281.55 (r/w/o: 1281.55/0.00/0.00) lat (ms,95%): 4.03 err/s: 0.00 reconn/s: 0.00
[ 119s ] thds: 4 tps: 1264.04 qps: 1264.04 (r/w/o: 1264.04/0.00/0.00) lat (ms,95%): 4.03 err/s: 0.00 reconn/s: 0.00
[ 120s ] thds: 4 tps: 1259.13 qps: 1259.13 (r/w/o: 1259.13/0.00/0.00) lat (ms,95%): 4.18 err/s: 0.00 reconn/s: 0.00
[ 121s ] thds: 4 tps: 1270.92 qps: 1270.92 (r/w/o: 1270.92/0.00/0.00) lat (ms,95%): 4.10 err/s: 0.00 reconn/s: 0.00
[ 122s ] thds: 4 tps: 1268.38 qps: 1268.38 (r/w/o: 1268.38/0.00/0.00) lat (ms,95%): 4.10 err/s: 0.00 reconn/s: 0.00
[ 123s ] thds: 4 tps: 1268.76 qps: 1268.76 (r/w/o: 1268.76/0.00/0.00) lat (ms,95%): 4.10 err/s: 0.00 reconn/s: 0.00
[ 124s ] thds: 4 tps: 1278.89 qps: 1278.89 (r/w/o: 1278.89/0.00/0.00) lat (ms,95%): 4.03 err/s: 0.00 reconn/s: 0.00
[ 125s ] thds: 4 tps: 1276.04 qps: 1276.04 (r/w/o: 1276.04/0.00/0.00) lat (ms,95%): 4.03 err/s: 0.00 reconn/s: 0.00
[ 126s ] thds: 4 tps: 1283.24 qps: 1283.24 (r/w/o: 1283.24/0.00/0.00) lat (ms,95%): 4.03 err/s: 0.00 reconn/s: 0.00
[ 127s ] thds: 4 tps: 1288.55 qps: 1288.55 (r/w/o: 1288.55/0.00/0.00) lat (ms,95%): 4.03 err/s: 0.00 reconn/s: 0.00
[ 128s ] thds: 4 tps: 1286.54 qps: 1286.54 (r/w/o: 1286.54/0.00/0.00) lat (ms,95%): 4.03 err/s: 0.00 reconn/s: 0.00
[ 129s ] thds: 4 tps: 1264.43 qps: 1264.43 (r/w/o: 1264.43/0.00/0.00) lat (ms,95%): 4.10 err/s: 0.00 reconn/s: 0.00
[ 130s ] thds: 4 tps: 1276.55 qps: 1276.55 (r/w/o: 1276.55/0.00/0.00) lat (ms,95%): 4.10 err/s: 0.00 reconn/s: 0.00
[ 131s ] thds: 4 tps: 1269.42 qps: 1269.42 (r/w/o: 1269.42/0.00/0.00) lat (ms,95%): 4.10 err/s: 0.00 reconn/s: 0.00
[ 132s ] thds: 4 tps: 1277.00 qps: 1277.00 (r/w/o: 1277.00/0.00/0.00) lat (ms,95%): 4.10 err/s: 0.00 reconn/s: 0.00
[ 133s ] thds: 4 tps: 1283.15 qps: 1283.15 (r/w/o: 1283.15/0.00/0.00) lat (ms,95%): 4.10 err/s: 0.00 reconn/s: 0.00
[ 134s ] thds: 4 tps: 1269.05 qps: 1269.05 (r/w/o: 1269.05/0.00/0.00) lat (ms,95%): 4.10 err/s: 0.00 reconn/s: 0.00
[ 135s ] thds: 4 tps: 1285.84 qps: 1285.84 (r/w/o: 1285.84/0.00/0.00) lat (ms,95%): 4.03 err/s: 0.00 reconn/s: 0.00
[ 136s ] thds: 4 tps: 1302.15 qps: 1302.15 (r/w/o: 1302.15/0.00/0.00) lat (ms,95%): 4.03 err/s: 0.00 reconn/s: 0.00
[ 137s ] thds: 4 tps: 1277.07 qps: 1277.07 (r/w/o: 1277.07/0.00/0.00) lat (ms,95%): 4.10 err/s: 0.00 reconn/s: 0.00
[ 138s ] thds: 4 tps: 1278.73 qps: 1278.73 (r/w/o: 1278.73/0.00/0.00) lat (ms,95%): 4.10 err/s: 0.00 reconn/s: 0.00
[ 139s ] thds: 4 tps: 1277.52 qps: 1277.52 (r/w/o: 1277.52/0.00/0.00) lat (ms,95%): 4.10 err/s: 0.00 reconn/s: 0.00
[ 140s ] thds: 4 tps: 1270.54 qps: 1270.54 (r/w/o: 1270.54/0.00/0.00) lat (ms,95%): 4.18 err/s: 0.00 reconn/s: 0.00
[ 141s ] thds: 4 tps: 1275.10 qps: 1275.10 (r/w/o: 1275.10/0.00/0.00) lat (ms,95%): 4.10 err/s: 0.00 reconn/s: 0.00
[ 142s ] thds: 4 tps: 1272.98 qps: 1272.98 (r/w/o: 1272.98/0.00/0.00) lat (ms,95%): 4.10 err/s: 0.00 reconn/s: 0.00
[ 143s ] thds: 4 tps: 1277.80 qps: 1277.80 (r/w/o: 1277.80/0.00/0.00) lat (ms,95%): 4.10 err/s: 0.00 reconn/s: 0.00
[ 144s ] thds: 4 tps: 1278.01 qps: 1278.01 (r/w/o: 1278.01/0.00/0.00) lat (ms,95%): 4.03 err/s: 0.00 reconn/s: 0.00
[ 145s ] thds: 4 tps: 1276.69 qps: 1276.69 (r/w/o: 1276.69/0.00/0.00) lat (ms,95%): 4.10 err/s: 0.00 reconn/s: 0.00
[ 146s ] thds: 4 tps: 1291.54 qps: 1291.54 (r/w/o: 1291.54/0.00/0.00) lat (ms,95%): 4.10 err/s: 0.00 reconn/s: 0.00
[ 147s ] thds: 4 tps: 1291.95 qps: 1291.95 (r/w/o: 1291.95/0.00/0.00) lat (ms,95%): 4.03 err/s: 0.00 reconn/s: 0.00
[ 148s ] thds: 4 tps: 1274.71 qps: 1274.71 (r/w/o: 1274.71/0.00/0.00) lat (ms,95%): 4.03 err/s: 0.00 reconn/s: 0.00
[ 149s ] thds: 4 tps: 1254.41 qps: 1254.41 (r/w/o: 1254.41/0.00/0.00) lat (ms,95%): 4.18 err/s: 0.00 reconn/s: 0.00
[ 150s ] thds: 4 tps: 1276.86 qps: 1276.86 (r/w/o: 1276.86/0.00/0.00) lat (ms,95%): 4.10 err/s: 0.00 reconn/s: 0.00
[ 151s ] thds: 4 tps: 1264.99 qps: 1264.99 (r/w/o: 1264.99/0.00/0.00) lat (ms,95%): 4.10 err/s: 0.00 reconn/s: 0.00
[ 152s ] thds: 4 tps: 1272.17 qps: 1272.17 (r/w/o: 1272.17/0.00/0.00) lat (ms,95%): 4.10 err/s: 0.00 reconn/s: 0.00
[ 153s ] thds: 4 tps: 1263.36 qps: 1263.36 (r/w/o: 1263.36/0.00/0.00) lat (ms,95%): 4.10 err/s: 0.00 reconn/s: 0.00
[ 154s ] thds: 4 tps: 1289.30 qps: 1289.30 (r/w/o: 1289.30/0.00/0.00) lat (ms,95%): 4.10 err/s: 0.00 reconn/s: 0.00
[ 155s ] thds: 4 tps: 1288.29 qps: 1288.29 (r/w/o: 1288.29/0.00/0.00) lat (ms,95%): 4.03 err/s: 0.00 reconn/s: 0.00
[ 156s ] thds: 4 tps: 1276.33 qps: 1276.33 (r/w/o: 1276.33/0.00/0.00) lat (ms,95%): 4.10 err/s: 0.00 reconn/s: 0.00
[ 157s ] thds: 4 tps: 1267.99 qps: 1267.99 (r/w/o: 1267.99/0.00/0.00) lat (ms,95%): 4.10 err/s: 0.00 reconn/s: 0.00
[ 158s ] thds: 4 tps: 1274.62 qps: 1274.62 (r/w/o: 1274.62/0.00/0.00) lat (ms,95%): 4.10 err/s: 0.00 reconn/s: 0.00
[ 159s ] thds: 4 tps: 1263.11 qps: 1263.11 (r/w/o: 1263.11/0.00/0.00) lat (ms,95%): 4.10 err/s: 0.00 reconn/s: 0.00
[ 160s ] thds: 4 tps: 1270.93 qps: 1270.93 (r/w/o: 1270.93/0.00/0.00) lat (ms,95%): 4.10 err/s: 0.00 reconn/s: 0.00
[ 161s ] thds: 4 tps: 1266.92 qps: 1266.92 (r/w/o: 1266.92/0.00/0.00) lat (ms,95%): 4.03 err/s: 0.00 reconn/s: 0.00
[ 162s ] thds: 4 tps: 1280.36 qps: 1280.36 (r/w/o: 1280.36/0.00/0.00) lat (ms,95%): 4.03 err/s: 0.00 reconn/s: 0.00
[ 163s ] thds: 4 tps: 1291.72 qps: 1291.72 (r/w/o: 1291.72/0.00/0.00) lat (ms,95%): 4.03 err/s: 0.00 reconn/s: 0.00
[ 164s ] thds: 4 tps: 1287.69 qps: 1287.69 (r/w/o: 1287.69/0.00/0.00) lat (ms,95%): 4.03 err/s: 0.00 reconn/s: 0.00
[ 165s ] thds: 4 tps: 1284.23 qps: 1284.23 (r/w/o: 1284.23/0.00/0.00) lat (ms,95%): 4.03 err/s: 0.00 reconn/s: 0.00
[ 166s ] thds: 4 tps: 1280.03 qps: 1280.03 (r/w/o: 1280.03/0.00/0.00) lat (ms,95%): 4.03 err/s: 0.00 reconn/s: 0.00
[ 167s ] thds: 4 tps: 1277.91 qps: 1277.91 (r/w/o: 1277.91/0.00/0.00) lat (ms,95%): 4.03 err/s: 0.00 reconn/s: 0.00
[ 168s ] thds: 4 tps: 1270.09 qps: 1270.09 (r/w/o: 1270.09/0.00/0.00) lat (ms,95%): 4.10 err/s: 0.00 reconn/s: 0.00
[ 169s ] thds: 4 tps: 1276.10 qps: 1276.10 (r/w/o: 1276.10/0.00/0.00) lat (ms,95%): 4.03 err/s: 0.00 reconn/s: 0.00
[ 170s ] thds: 4 tps: 1288.73 qps: 1288.73 (r/w/o: 1288.73/0.00/0.00) lat (ms,95%): 4.10 err/s: 0.00 reconn/s: 0.00
[ 171s ] thds: 4 tps: 1282.89 qps: 1282.89 (r/w/o: 1282.89/0.00/0.00) lat (ms,95%): 4.10 err/s: 0.00 reconn/s: 0.00
[ 172s ] thds: 4 tps: 1274.92 qps: 1274.92 (r/w/o: 1274.92/0.00/0.00) lat (ms,95%): 4.03 err/s: 0.00 reconn/s: 0.00
[ 173s ] thds: 4 tps: 1292.69 qps: 1292.69 (r/w/o: 1292.69/0.00/0.00) lat (ms,95%): 4.03 err/s: 0.00 reconn/s: 0.00
[ 174s ] thds: 4 tps: 1288.69 qps: 1288.69 (r/w/o: 1288.69/0.00/0.00) lat (ms,95%): 4.03 err/s: 0.00 reconn/s: 0.00
[ 175s ] thds: 4 tps: 1274.12 qps: 1274.12 (r/w/o: 1274.12/0.00/0.00) lat (ms,95%): 4.10 err/s: 0.00 reconn/s: 0.00
[ 176s ] thds: 4 tps: 1293.93 qps: 1293.93 (r/w/o: 1293.93/0.00/0.00) lat (ms,95%): 4.03 err/s: 0.00 reconn/s: 0.00
[ 177s ] thds: 4 tps: 1278.68 qps: 1278.68 (r/w/o: 1278.68/0.00/0.00) lat (ms,95%): 4.10 err/s: 0.00 reconn/s: 0.00
[ 178s ] thds: 4 tps: 1270.05 qps: 1270.05 (r/w/o: 1270.05/0.00/0.00) lat (ms,95%): 4.10 err/s: 0.00 reconn/s: 0.00
[ 179s ] thds: 4 tps: 1265.07 qps: 1265.07 (r/w/o: 1265.07/0.00/0.00) lat (ms,95%): 4.10 err/s: 0.00 reconn/s: 0.00
[ 180s ] thds: 4 tps: 1282.68 qps: 1282.68 (r/w/o: 1282.68/0.00/0.00) lat (ms,95%): 4.03 err/s: 0.00 reconn/s: 0.00
[ 181s ] thds: 4 tps: 1268.26 qps: 1268.26 (r/w/o: 1268.26/0.00/0.00) lat (ms,95%): 4.03 err/s: 0.00 reconn/s: 0.00
[ 182s ] thds: 4 tps: 1274.23 qps: 1274.23 (r/w/o: 1274.23/0.00/0.00) lat (ms,95%): 4.10 err/s: 0.00 reconn/s: 0.00
[ 183s ] thds: 4 tps: 1277.90 qps: 1277.90 (r/w/o: 1277.90/0.00/0.00) lat (ms,95%): 4.03 err/s: 0.00 reconn/s: 0.00
[ 184s ] thds: 4 tps: 1275.97 qps: 1275.97 (r/w/o: 1275.97/0.00/0.00) lat (ms,95%): 4.03 err/s: 0.00 reconn/s: 0.00
[ 185s ] thds: 4 tps: 1267.13 qps: 1267.13 (r/w/o: 1267.13/0.00/0.00) lat (ms,95%): 4.03 err/s: 0.00 reconn/s: 0.00
[ 186s ] thds: 4 tps: 1274.89 qps: 1274.89 (r/w/o: 1274.89/0.00/0.00) lat (ms,95%): 4.10 err/s: 0.00 reconn/s: 0.00
[ 187s ] thds: 4 tps: 1270.18 qps: 1270.18 (r/w/o: 1270.18/0.00/0.00) lat (ms,95%): 4.03 err/s: 0.00 reconn/s: 0.00
[ 188s ] thds: 4 tps: 1261.74 qps: 1261.74 (r/w/o: 1261.74/0.00/0.00) lat (ms,95%): 4.10 err/s: 0.00 reconn/s: 0.00
[ 189s ] thds: 4 tps: 1266.05 qps: 1266.05 (r/w/o: 1266.05/0.00/0.00) lat (ms,95%): 4.10 err/s: 0.00 reconn/s: 0.00
[ 190s ] thds: 4 tps: 1273.88 qps: 1273.88 (r/w/o: 1273.88/0.00/0.00) lat (ms,95%): 4.03 err/s: 0.00 reconn/s: 0.00
[ 191s ] thds: 4 tps: 1280.28 qps: 1280.28 (r/w/o: 1280.28/0.00/0.00) lat (ms,95%): 4.03 err/s: 0.00 reconn/s: 0.00
[ 192s ] thds: 4 tps: 1286.79 qps: 1286.79 (r/w/o: 1286.79/0.00/0.00) lat (ms,95%): 4.03 err/s: 0.00 reconn/s: 0.00
[ 193s ] thds: 4 tps: 1278.89 qps: 1278.89 (r/w/o: 1278.89/0.00/0.00) lat (ms,95%): 4.03 err/s: 0.00 reconn/s: 0.00
[ 194s ] thds: 4 tps: 1286.28 qps: 1286.28 (r/w/o: 1286.28/0.00/0.00) lat (ms,95%): 4.03 err/s: 0.00 reconn/s: 0.00
[ 195s ] thds: 4 tps: 1277.32 qps: 1277.32 (r/w/o: 1277.32/0.00/0.00) lat (ms,95%): 4.03 err/s: 0.00 reconn/s: 0.00
[ 196s ] thds: 4 tps: 1277.61 qps: 1277.61 (r/w/o: 1277.61/0.00/0.00) lat (ms,95%): 4.03 err/s: 0.00 reconn/s: 0.00
[ 197s ] thds: 4 tps: 1276.78 qps: 1276.78 (r/w/o: 1276.78/0.00/0.00) lat (ms,95%): 4.10 err/s: 0.00 reconn/s: 0.00
[ 198s ] thds: 4 tps: 1274.30 qps: 1274.30 (r/w/o: 1274.30/0.00/0.00) lat (ms,95%): 4.18 err/s: 0.00 reconn/s: 0.00
[ 199s ] thds: 4 tps: 1282.75 qps: 1282.75 (r/w/o: 1282.75/0.00/0.00) lat (ms,95%): 4.10 err/s: 0.00 reconn/s: 0.00
[ 200s ] thds: 4 tps: 1267.97 qps: 1267.97 (r/w/o: 1267.97/0.00/0.00) lat (ms,95%): 4.10 err/s: 0.00 reconn/s: 0.00
[ 201s ] thds: 4 tps: 1280.01 qps: 1280.01 (r/w/o: 1280.01/0.00/0.00) lat (ms,95%): 4.03 err/s: 0.00 reconn/s: 0.00
[ 202s ] thds: 4 tps: 1273.21 qps: 1273.21 (r/w/o: 1273.21/0.00/0.00) lat (ms,95%): 4.10 err/s: 0.00 reconn/s: 0.00
[ 203s ] thds: 4 tps: 1273.16 qps: 1273.16 (r/w/o: 1273.16/0.00/0.00) lat (ms,95%): 4.10 err/s: 0.00 reconn/s: 0.00
[ 204s ] thds: 4 tps: 1276.90 qps: 1276.90 (r/w/o: 1276.90/0.00/0.00) lat (ms,95%): 4.10 err/s: 0.00 reconn/s: 0.00
[ 205s ] thds: 4 tps: 1279.07 qps: 1279.07 (r/w/o: 1279.07/0.00/0.00) lat (ms,95%): 4.10 err/s: 0.00 reconn/s: 0.00
[ 206s ] thds: 4 tps: 1266.60 qps: 1266.60 (r/w/o: 1266.60/0.00/0.00) lat (ms,95%): 4.10 err/s: 0.00 reconn/s: 0.00
[ 207s ] thds: 4 tps: 1275.12 qps: 1275.12 (r/w/o: 1275.12/0.00/0.00) lat (ms,95%): 4.10 err/s: 0.00 reconn/s: 0.00
[ 208s ] thds: 4 tps: 1275.07 qps: 1275.07 (r/w/o: 1275.07/0.00/0.00) lat (ms,95%): 4.10 err/s: 0.00 reconn/s: 0.00
[ 209s ] thds: 4 tps: 1278.07 qps: 1278.07 (r/w/o: 1278.07/0.00/0.00) lat (ms,95%): 4.10 err/s: 0.00 reconn/s: 0.00
[ 210s ] thds: 4 tps: 1276.96 qps: 1276.96 (r/w/o: 1276.96/0.00/0.00) lat (ms,95%): 4.03 err/s: 0.00 reconn/s: 0.00
[ 211s ] thds: 4 tps: 1274.02 qps: 1274.02 (r/w/o: 1274.02/0.00/0.00) lat (ms,95%): 4.10 err/s: 0.00 reconn/s: 0.00
[ 212s ] thds: 4 tps: 1260.64 qps: 1260.64 (r/w/o: 1260.64/0.00/0.00) lat (ms,95%): 4.10 err/s: 0.00 reconn/s: 0.00
[ 213s ] thds: 4 tps: 1275.23 qps: 1275.23 (r/w/o: 1275.23/0.00/0.00) lat (ms,95%): 4.10 err/s: 0.00 reconn/s: 0.00
[ 214s ] thds: 4 tps: 1275.20 qps: 1275.20 (r/w/o: 1275.20/0.00/0.00) lat (ms,95%): 4.03 err/s: 0.00 reconn/s: 0.00
[ 215s ] thds: 4 tps: 1270.91 qps: 1270.91 (r/w/o: 1270.91/0.00/0.00) lat (ms,95%): 4.03 err/s: 0.00 reconn/s: 0.00
[ 216s ] thds: 4 tps: 1263.75 qps: 1263.75 (r/w/o: 1263.75/0.00/0.00) lat (ms,95%): 4.18 err/s: 0.00 reconn/s: 0.00
[ 217s ] thds: 4 tps: 1277.25 qps: 1277.25 (r/w/o: 1277.25/0.00/0.00) lat (ms,95%): 4.10 err/s: 0.00 reconn/s: 0.00
[ 218s ] thds: 4 tps: 1278.79 qps: 1278.79 (r/w/o: 1278.79/0.00/0.00) lat (ms,95%): 4.10 err/s: 0.00 reconn/s: 0.00
[ 219s ] thds: 4 tps: 1271.18 qps: 1271.18 (r/w/o: 1271.18/0.00/0.00) lat (ms,95%): 4.10 err/s: 0.00 reconn/s: 0.00
[ 220s ] thds: 4 tps: 1268.96 qps: 1268.96 (r/w/o: 1268.96/0.00/0.00) lat (ms,95%): 4.10 err/s: 0.00 reconn/s: 0.00
[ 221s ] thds: 4 tps: 1277.00 qps: 1277.00 (r/w/o: 1277.00/0.00/0.00) lat (ms,95%): 4.10 err/s: 0.00 reconn/s: 0.00
[ 222s ] thds: 4 tps: 1289.10 qps: 1289.10 (r/w/o: 1289.10/0.00/0.00) lat (ms,95%): 4.03 err/s: 0.00 reconn/s: 0.00
[ 223s ] thds: 4 tps: 1264.85 qps: 1264.85 (r/w/o: 1264.85/0.00/0.00) lat (ms,95%): 4.10 err/s: 0.00 reconn/s: 0.00
[ 224s ] thds: 4 tps: 1264.85 qps: 1264.85 (r/w/o: 1264.85/0.00/0.00) lat (ms,95%): 4.10 err/s: 0.00 reconn/s: 0.00
[ 225s ] thds: 4 tps: 1274.34 qps: 1274.34 (r/w/o: 1274.34/0.00/0.00) lat (ms,95%): 4.10 err/s: 0.00 reconn/s: 0.00
[ 226s ] thds: 4 tps: 1274.66 qps: 1274.66 (r/w/o: 1274.66/0.00/0.00) lat (ms,95%): 4.10 err/s: 0.00 reconn/s: 0.00
[ 227s ] thds: 4 tps: 1269.25 qps: 1269.25 (r/w/o: 1269.25/0.00/0.00) lat (ms,95%): 4.10 err/s: 0.00 reconn/s: 0.00
[ 228s ] thds: 4 tps: 1276.10 qps: 1276.10 (r/w/o: 1276.10/0.00/0.00) lat (ms,95%): 4.10 err/s: 0.00 reconn/s: 0.00
[ 229s ] thds: 4 tps: 1281.69 qps: 1281.69 (r/w/o: 1281.69/0.00/0.00) lat (ms,95%): 4.03 err/s: 0.00 reconn/s: 0.00
[ 230s ] thds: 4 tps: 1269.38 qps: 1269.38 (r/w/o: 1269.38/0.00/0.00) lat (ms,95%): 4.10 err/s: 0.00 reconn/s: 0.00
[ 231s ] thds: 4 tps: 1291.61 qps: 1291.61 (r/w/o: 1291.61/0.00/0.00) lat (ms,95%): 4.03 err/s: 0.00 reconn/s: 0.00
[ 232s ] thds: 4 tps: 1274.97 qps: 1274.97 (r/w/o: 1274.97/0.00/0.00) lat (ms,95%): 4.10 err/s: 0.00 reconn/s: 0.00
[ 233s ] thds: 4 tps: 1283.16 qps: 1283.16 (r/w/o: 1283.16/0.00/0.00) lat (ms,95%): 4.10 err/s: 0.00 reconn/s: 0.00
[ 234s ] thds: 4 tps: 1271.98 qps: 1271.98 (r/w/o: 1271.98/0.00/0.00) lat (ms,95%): 4.10 err/s: 0.00 reconn/s: 0.00
[ 235s ] thds: 4 tps: 1268.90 qps: 1268.90 (r/w/o: 1268.90/0.00/0.00) lat (ms,95%): 4.10 err/s: 0.00 reconn/s: 0.00
[ 236s ] thds: 4 tps: 1273.42 qps: 1273.42 (r/w/o: 1273.42/0.00/0.00) lat (ms,95%): 4.10 err/s: 0.00 reconn/s: 0.00
[ 237s ] thds: 4 tps: 1277.52 qps: 1277.52 (r/w/o: 1277.52/0.00/0.00) lat (ms,95%): 4.03 err/s: 0.00 reconn/s: 0.00
[ 238s ] thds: 4 tps: 1287.38 qps: 1287.38 (r/w/o: 1287.38/0.00/0.00) lat (ms,95%): 4.03 err/s: 0.00 reconn/s: 0.00
[ 239s ] thds: 4 tps: 1283.84 qps: 1283.84 (r/w/o: 1283.84/0.00/0.00) lat (ms,95%): 4.03 err/s: 0.00 reconn/s: 0.00
[ 240s ] thds: 4 tps: 1275.18 qps: 1275.18 (r/w/o: 1275.18/0.00/0.00) lat (ms,95%): 4.10 err/s: 0.00 reconn/s: 0.00
Latency histogram (values are in milliseconds)
       value  ------------- distribution ------------- count
       1.142 |                                         2
       1.163 |                                         5
       1.184 |                                         11
       1.205 |                                         38
       1.227 |                                         55
       1.250 |                                         65
       1.272 |                                         85
       1.295 |                                         98
       1.319 |                                         180
       1.343 |*                                        266
       1.367 |*                                        306
       1.392 |*                                        316
       1.417 |*                                        259
       1.443 |                                         167
       1.469 |                                         117
       1.496 |                                         92
       1.523 |                                         60
       1.551 |                                         36
       1.579 |                                         23
       1.608 |                                         13
       1.637 |                                         30
       1.667 |                                         83
       1.697 |                                         164
       1.728 |*                                        237
       1.759 |*                                        378
       1.791 |**                                       590
       1.824 |**                                       802
       1.857 |***                                      967
       1.891 |***                                      1233
       1.925 |****                                     1670
       1.960 |******                                   2373
       1.996 |********                                 3240
       2.032 |***********                              4257
       2.069 |*************                            4773
       2.106 |***********                              4226
       2.145 |********                                 3234
       2.184 |******                                   2108
       2.223 |***                                      1328
       2.264 |***                                      958
       2.305 |***                                      1181
       2.347 |*****                                    2061
       2.389 |***********                              4049
       2.433 |******************                       6980
       2.477 |***************************              10132
       2.522 |******************************           11383
       2.568 |*****************************            11169
       2.615 |************************                 9067
       2.662 |******************                       6885
       2.710 |***************                          5905
       2.760 |**************                           5513
       2.810 |*************                            4970
       2.861 |***********                              4193
       2.913 |**********                               3764
       2.966 |************                             4441
       3.020 |****************                         6009
       3.075 |*********************                    8156
       3.130 |***************************              10302
       3.187 |*****************************            10908
       3.245 |*************************                9597
       3.304 |********************                     7465
       3.364 |**************                           5196
       3.425 |**************                           5375
       3.488 |***********************                  8951
       3.551 |**********************************       13138
       3.615 |**************************************** 15251
       3.681 |*********************************        12410
       3.748 |**********************                   8486
       3.816 |**********************                   8575
       3.885 |******************************           11573
       3.956 |**********************************       12869
       4.028 |*************************                9414
       4.101 |*************                            4910
       4.176 |*******                                  2510
       4.252 |*****                                    1781
       4.329 |***                                      1207
       4.407 |**                                       892
       4.487 |**                                       877
       4.569 |**                                       835
       4.652 |**                                       778
       4.737 |*                                        555
       4.823 |*                                        388
       4.910 |*                                        269
       4.999 |                                         187
       5.090 |                                         171
       5.183 |                                         136
       5.277 |                                         117
       5.373 |                                         101
       5.470 |                                         81
       5.570 |                                         64
       5.671 |                                         52
       5.774 |                                         29
       5.879 |                                         19
       5.986 |                                         22
       6.095 |                                         19
       6.205 |                                         10
       6.318 |                                         13
       6.433 |                                         16
       6.550 |                                         9
       6.669 |                                         12
       6.790 |                                         8
       6.913 |                                         10
       7.039 |                                         8
       7.167 |                                         5
       7.297 |                                         2
       7.430 |                                         9
       7.565 |                                         10
       7.702 |                                         4
       7.842 |                                         5
       7.985 |                                         3
       8.277 |                                         1
       8.428 |                                         1
       8.737 |                                         2
       8.895 |                                         1
       9.057 |                                         1
       9.222 |                                         1
       9.389 |                                         2
       9.560 |                                         1
       9.734 |                                         2
       9.910 |                                         1
      10.274 |                                         1
      10.651 |                                         1
      16.408 |                                         1
      37.565 |                                         1
 
SQL statistics:
    queries performed:
        read:                            306355
        write:                           0
        other:                           0
        total:                           306355
    transactions:                        306355 (1276.45 per sec.)
    queries:                             306355 (1276.45 per sec.)
    ignored errors:                      0      (0.00 per sec.)
    reconnects:                          0      (0.00 per sec.)

Throughput:
    events/s (eps):                      1276.4503
    time elapsed:                        240.0057s
    total number of events:              306355

Latency (ms):
         min:                                    1.15
         avg:                                    3.13
         max:                                   37.69
         95th percentile:                        4.10
         sum:                               959490.92

Threads fairness:
    events (avg/stddev):           76588.2500/13757.82
    execution time (avg/stddev):   239.8727/0.02

