sysbench 1.1.0-3ceba0b (using bundled LuaJIT 2.1.0-beta3)

Running the test with following options:
Number of threads: 4
Warmup time: 60s
Report intermediate results every 1 second(s)
Initializing random number generator from current time


Initializing worker threads...

Threads started!

Warming up for 60 seconds...

[ 1s ] thds: 4 tps: 503.08 qps: 503.08 (r/w/o: 0.00/491.90/11.18) lat (ms,95%): 9.06 err/s: 0.00 reconn/s: 0.00
[ 2s ] thds: 4 tps: 509.06 qps: 509.06 (r/w/o: 0.00/500.06/9.00) lat (ms,95%): 9.22 err/s: 0.00 reconn/s: 0.00
[ 3s ] thds: 4 tps: 507.89 qps: 507.89 (r/w/o: 0.00/495.89/12.00) lat (ms,95%): 9.22 err/s: 0.00 reconn/s: 0.00
[ 4s ] thds: 4 tps: 503.98 qps: 503.98 (r/w/o: 0.00/489.98/14.00) lat (ms,95%): 9.39 err/s: 0.00 reconn/s: 0.00
[ 5s ] thds: 4 tps: 508.07 qps: 508.07 (r/w/o: 0.00/500.07/8.00) lat (ms,95%): 9.22 err/s: 0.00 reconn/s: 0.00
[ 6s ] thds: 4 tps: 509.08 qps: 509.08 (r/w/o: 0.00/498.08/11.00) lat (ms,95%): 9.22 err/s: 0.00 reconn/s: 0.00
[ 7s ] thds: 4 tps: 506.97 qps: 506.97 (r/w/o: 0.00/495.97/11.00) lat (ms,95%): 9.22 err/s: 0.00 reconn/s: 0.00
[ 8s ] thds: 4 tps: 506.97 qps: 506.97 (r/w/o: 0.00/496.97/10.00) lat (ms,95%): 9.22 err/s: 0.00 reconn/s: 0.00
[ 9s ] thds: 4 tps: 508.06 qps: 508.06 (r/w/o: 0.00/499.05/9.00) lat (ms,95%): 9.22 err/s: 0.00 reconn/s: 0.00
[ 10s ] thds: 4 tps: 509.96 qps: 509.96 (r/w/o: 0.00/493.96/16.00) lat (ms,95%): 9.06 err/s: 0.00 reconn/s: 0.00
[ 11s ] thds: 4 tps: 507.97 qps: 507.97 (r/w/o: 0.00/494.97/13.00) lat (ms,95%): 9.22 err/s: 0.00 reconn/s: 0.00
[ 12s ] thds: 4 tps: 507.94 qps: 507.94 (r/w/o: 0.00/499.95/8.00) lat (ms,95%): 9.22 err/s: 0.00 reconn/s: 0.00
[ 13s ] thds: 4 tps: 505.37 qps: 505.37 (r/w/o: 0.00/497.37/8.01) lat (ms,95%): 9.22 err/s: 0.00 reconn/s: 0.00
[ 14s ] thds: 4 tps: 509.59 qps: 509.59 (r/w/o: 0.00/492.60/16.99) lat (ms,95%): 9.22 err/s: 0.00 reconn/s: 0.00
[ 15s ] thds: 4 tps: 506.39 qps: 506.39 (r/w/o: 0.00/491.38/15.01) lat (ms,95%): 9.22 err/s: 0.00 reconn/s: 0.00
[ 16s ] thds: 4 tps: 505.63 qps: 505.63 (r/w/o: 0.00/493.64/11.99) lat (ms,95%): 9.39 err/s: 0.00 reconn/s: 0.00
[ 17s ] thds: 4 tps: 510.08 qps: 510.08 (r/w/o: 0.00/498.08/12.00) lat (ms,95%): 9.22 err/s: 0.00 reconn/s: 0.00
[ 18s ] thds: 4 tps: 508.72 qps: 508.72 (r/w/o: 0.00/498.73/9.99) lat (ms,95%): 9.06 err/s: 0.00 reconn/s: 0.00
[ 19s ] thds: 4 tps: 507.21 qps: 507.21 (r/w/o: 0.00/497.20/10.00) lat (ms,95%): 9.06 err/s: 0.00 reconn/s: 0.00
[ 20s ] thds: 4 tps: 509.97 qps: 509.97 (r/w/o: 0.00/502.97/7.00) lat (ms,95%): 9.06 err/s: 0.00 reconn/s: 0.00
[ 21s ] thds: 4 tps: 510.38 qps: 510.38 (r/w/o: 0.00/493.37/17.01) lat (ms,95%): 9.06 err/s: 0.00 reconn/s: 0.00
[ 22s ] thds: 4 tps: 508.81 qps: 508.81 (r/w/o: 0.00/494.82/13.99) lat (ms,95%): 9.06 err/s: 0.00 reconn/s: 0.00
[ 23s ] thds: 4 tps: 507.88 qps: 507.88 (r/w/o: 0.00/495.88/12.00) lat (ms,95%): 9.39 err/s: 0.00 reconn/s: 0.00
[ 24s ] thds: 4 tps: 507.30 qps: 507.30 (r/w/o: 0.00/490.29/17.01) lat (ms,95%): 9.22 err/s: 0.00 reconn/s: 0.00
[ 25s ] thds: 4 tps: 506.58 qps: 506.58 (r/w/o: 0.00/501.59/5.00) lat (ms,95%): 9.22 err/s: 0.00 reconn/s: 0.00
[ 26s ] thds: 4 tps: 506.99 qps: 506.99 (r/w/o: 0.00/495.99/11.00) lat (ms,95%): 9.22 err/s: 0.00 reconn/s: 0.00
[ 27s ] thds: 4 tps: 509.18 qps: 509.18 (r/w/o: 0.00/501.17/8.00) lat (ms,95%): 9.22 err/s: 0.00 reconn/s: 0.00
[ 28s ] thds: 4 tps: 515.24 qps: 515.24 (r/w/o: 0.00/506.23/9.00) lat (ms,95%): 9.06 err/s: 0.00 reconn/s: 0.00
[ 29s ] thds: 4 tps: 514.72 qps: 514.72 (r/w/o: 0.00/498.73/15.99) lat (ms,95%): 9.06 err/s: 0.00 reconn/s: 0.00
[ 30s ] thds: 4 tps: 512.05 qps: 512.05 (r/w/o: 0.00/497.05/15.00) lat (ms,95%): 9.22 err/s: 0.00 reconn/s: 0.00
[ 31s ] thds: 4 tps: 511.96 qps: 511.96 (r/w/o: 0.00/504.96/7.00) lat (ms,95%): 9.06 err/s: 0.00 reconn/s: 0.00
[ 32s ] thds: 4 tps: 509.88 qps: 509.88 (r/w/o: 0.00/498.89/11.00) lat (ms,95%): 9.06 err/s: 0.00 reconn/s: 0.00
[ 33s ] thds: 4 tps: 509.40 qps: 509.40 (r/w/o: 0.00/494.39/15.01) lat (ms,95%): 9.22 err/s: 0.00 reconn/s: 0.00
[ 34s ] thds: 4 tps: 512.00 qps: 512.00 (r/w/o: 0.00/495.00/17.00) lat (ms,95%): 9.06 err/s: 0.00 reconn/s: 0.00
[ 35s ] thds: 4 tps: 511.99 qps: 511.99 (r/w/o: 0.00/505.99/6.00) lat (ms,95%): 9.06 err/s: 0.00 reconn/s: 0.00
[ 36s ] thds: 4 tps: 511.69 qps: 511.69 (r/w/o: 0.00/501.69/9.99) lat (ms,95%): 9.22 err/s: 0.00 reconn/s: 0.00
[ 37s ] thds: 4 tps: 510.90 qps: 510.90 (r/w/o: 0.00/497.90/13.00) lat (ms,95%): 9.06 err/s: 0.00 reconn/s: 0.00
[ 38s ] thds: 4 tps: 511.11 qps: 511.11 (r/w/o: 0.00/505.11/6.00) lat (ms,95%): 9.06 err/s: 0.00 reconn/s: 0.00
[ 39s ] thds: 4 tps: 512.00 qps: 512.00 (r/w/o: 0.00/503.00/9.00) lat (ms,95%): 9.06 err/s: 0.00 reconn/s: 0.00
[ 40s ] thds: 4 tps: 509.99 qps: 509.99 (r/w/o: 0.00/498.99/11.00) lat (ms,95%): 9.22 err/s: 0.00 reconn/s: 0.00
[ 41s ] thds: 4 tps: 512.00 qps: 512.00 (r/w/o: 0.00/500.00/12.00) lat (ms,95%): 9.06 err/s: 0.00 reconn/s: 0.00
[ 42s ] thds: 4 tps: 509.30 qps: 509.30 (r/w/o: 0.00/500.29/9.01) lat (ms,95%): 9.06 err/s: 0.00 reconn/s: 0.00
[ 43s ] thds: 4 tps: 510.67 qps: 510.67 (r/w/o: 0.00/503.67/7.00) lat (ms,95%): 9.06 err/s: 0.00 reconn/s: 0.00
[ 44s ] thds: 4 tps: 508.31 qps: 508.31 (r/w/o: 0.00/498.30/10.01) lat (ms,95%): 9.22 err/s: 0.00 reconn/s: 0.00
[ 45s ] thds: 4 tps: 503.66 qps: 503.66 (r/w/o: 0.00/490.67/12.99) lat (ms,95%): 9.22 err/s: 0.00 reconn/s: 0.00
[ 46s ] thds: 4 tps: 505.08 qps: 505.08 (r/w/o: 0.00/495.08/10.00) lat (ms,95%): 9.22 err/s: 0.00 reconn/s: 0.00
[ 47s ] thds: 4 tps: 505.90 qps: 505.90 (r/w/o: 0.00/496.90/9.00) lat (ms,95%): 9.22 err/s: 0.00 reconn/s: 0.00
[ 48s ] thds: 4 tps: 509.03 qps: 509.03 (r/w/o: 0.00/496.03/13.00) lat (ms,95%): 9.22 err/s: 0.00 reconn/s: 0.00
[ 49s ] thds: 4 tps: 514.35 qps: 514.35 (r/w/o: 0.00/499.34/15.01) lat (ms,95%): 9.06 err/s: 0.00 reconn/s: 0.00
[ 50s ] thds: 4 tps: 507.05 qps: 507.05 (r/w/o: 0.00/492.05/15.00) lat (ms,95%): 9.22 err/s: 0.00 reconn/s: 0.00
[ 51s ] thds: 4 tps: 507.93 qps: 507.93 (r/w/o: 0.00/495.93/12.00) lat (ms,95%): 9.22 err/s: 0.00 reconn/s: 0.00
[ 52s ] thds: 4 tps: 504.99 qps: 504.99 (r/w/o: 0.00/499.99/5.00) lat (ms,95%): 9.22 err/s: 0.00 reconn/s: 0.00
[ 53s ] thds: 4 tps: 503.01 qps: 503.01 (r/w/o: 0.00/493.01/10.00) lat (ms,95%): 9.22 err/s: 0.00 reconn/s: 0.00
[ 54s ] thds: 4 tps: 503.00 qps: 503.00 (r/w/o: 0.00/490.00/13.00) lat (ms,95%): 9.22 err/s: 0.00 reconn/s: 0.00
[ 55s ] thds: 4 tps: 503.01 qps: 503.01 (r/w/o: 0.00/495.01/8.00) lat (ms,95%): 9.22 err/s: 0.00 reconn/s: 0.00
[ 56s ] thds: 4 tps: 506.67 qps: 506.67 (r/w/o: 0.00/488.69/17.99) lat (ms,95%): 9.06 err/s: 0.00 reconn/s: 0.00
[ 57s ] thds: 4 tps: 509.08 qps: 509.08 (r/w/o: 0.00/497.08/12.00) lat (ms,95%): 9.22 err/s: 0.00 reconn/s: 0.00
[ 58s ] thds: 4 tps: 508.22 qps: 508.22 (r/w/o: 0.00/498.22/10.00) lat (ms,95%): 9.22 err/s: 0.00 reconn/s: 0.00
[ 59s ] thds: 4 tps: 512.02 qps: 512.02 (r/w/o: 0.00/499.02/13.00) lat (ms,95%): 9.22 err/s: 0.00 reconn/s: 0.00
[ 60s ] thds: 4 tps: 510.03 qps: 510.03 (r/w/o: 0.00/498.02/12.00) lat (ms,95%): 9.22 err/s: 0.00 reconn/s: 0.00
[ 61s ] thds: 4 tps: 509.71 qps: 509.71 (r/w/o: 0.00/496.72/12.99) lat (ms,95%): 9.06 err/s: 0.00 reconn/s: 0.00
[ 62s ] thds: 4 tps: 509.26 qps: 509.26 (r/w/o: 0.00/496.25/13.01) lat (ms,95%): 9.06 err/s: 0.00 reconn/s: 0.00
[ 63s ] thds: 4 tps: 509.71 qps: 509.71 (r/w/o: 0.00/499.72/9.99) lat (ms,95%): 9.22 err/s: 0.00 reconn/s: 0.00
[ 64s ] thds: 4 tps: 512.32 qps: 512.32 (r/w/o: 0.00/501.31/11.01) lat (ms,95%): 9.06 err/s: 0.00 reconn/s: 0.00
[ 65s ] thds: 4 tps: 511.68 qps: 511.68 (r/w/o: 0.00/497.69/13.99) lat (ms,95%): 9.06 err/s: 0.00 reconn/s: 0.00
[ 66s ] thds: 4 tps: 511.90 qps: 511.90 (r/w/o: 0.00/500.90/11.00) lat (ms,95%): 9.06 err/s: 0.00 reconn/s: 0.00
[ 67s ] thds: 4 tps: 513.41 qps: 513.41 (r/w/o: 0.00/501.41/12.01) lat (ms,95%): 9.06 err/s: 0.00 reconn/s: 0.00
[ 68s ] thds: 4 tps: 509.01 qps: 509.01 (r/w/o: 0.00/493.01/16.00) lat (ms,95%): 9.06 err/s: 0.00 reconn/s: 0.00
[ 69s ] thds: 4 tps: 512.59 qps: 512.59 (r/w/o: 0.00/501.59/10.99) lat (ms,95%): 9.06 err/s: 0.00 reconn/s: 0.00
[ 70s ] thds: 4 tps: 510.33 qps: 510.33 (r/w/o: 0.00/502.32/8.01) lat (ms,95%): 9.06 err/s: 0.00 reconn/s: 0.00
[ 71s ] thds: 4 tps: 510.64 qps: 510.64 (r/w/o: 0.00/502.65/7.99) lat (ms,95%): 9.06 err/s: 0.00 reconn/s: 0.00
[ 72s ] thds: 4 tps: 512.12 qps: 512.12 (r/w/o: 0.00/497.11/15.00) lat (ms,95%): 9.06 err/s: 0.00 reconn/s: 0.00
[ 73s ] thds: 4 tps: 509.87 qps: 509.87 (r/w/o: 0.00/494.87/15.00) lat (ms,95%): 9.06 err/s: 0.00 reconn/s: 0.00
[ 74s ] thds: 4 tps: 508.12 qps: 508.12 (r/w/o: 0.00/499.12/9.00) lat (ms,95%): 9.06 err/s: 0.00 reconn/s: 0.00
[ 75s ] thds: 4 tps: 505.91 qps: 505.91 (r/w/o: 0.00/491.91/14.00) lat (ms,95%): 9.06 err/s: 0.00 reconn/s: 0.00
[ 76s ] thds: 4 tps: 506.00 qps: 506.00 (r/w/o: 0.00/495.00/11.00) lat (ms,95%): 9.06 err/s: 0.00 reconn/s: 0.00
[ 77s ] thds: 4 tps: 504.99 qps: 504.99 (r/w/o: 0.00/500.99/4.00) lat (ms,95%): 9.06 err/s: 0.00 reconn/s: 0.00
[ 78s ] thds: 4 tps: 507.39 qps: 507.39 (r/w/o: 0.00/496.38/11.01) lat (ms,95%): 9.22 err/s: 0.00 reconn/s: 0.00
[ 79s ] thds: 4 tps: 506.65 qps: 506.65 (r/w/o: 0.00/502.65/4.00) lat (ms,95%): 9.22 err/s: 0.00 reconn/s: 0.00
[ 80s ] thds: 4 tps: 507.96 qps: 507.96 (r/w/o: 0.00/493.96/14.00) lat (ms,95%): 9.22 err/s: 0.00 reconn/s: 0.00
[ 81s ] thds: 4 tps: 508.98 qps: 508.98 (r/w/o: 0.00/493.98/15.00) lat (ms,95%): 9.06 err/s: 0.00 reconn/s: 0.00
[ 82s ] thds: 4 tps: 511.05 qps: 511.05 (r/w/o: 0.00/497.05/14.00) lat (ms,95%): 9.06 err/s: 0.00 reconn/s: 0.00
[ 83s ] thds: 4 tps: 508.37 qps: 508.37 (r/w/o: 0.00/500.37/8.01) lat (ms,95%): 9.06 err/s: 0.00 reconn/s: 0.00
[ 84s ] thds: 4 tps: 507.97 qps: 507.97 (r/w/o: 0.00/497.97/10.00) lat (ms,95%): 9.06 err/s: 0.00 reconn/s: 0.00
[ 85s ] thds: 4 tps: 512.05 qps: 512.05 (r/w/o: 0.00/500.05/12.00) lat (ms,95%): 9.06 err/s: 0.00 reconn/s: 0.00
[ 86s ] thds: 4 tps: 507.57 qps: 507.57 (r/w/o: 0.00/496.58/10.99) lat (ms,95%): 9.22 err/s: 0.00 reconn/s: 0.00
[ 87s ] thds: 4 tps: 508.45 qps: 508.45 (r/w/o: 0.00/498.44/10.01) lat (ms,95%): 9.22 err/s: 0.00 reconn/s: 0.00
[ 88s ] thds: 4 tps: 507.97 qps: 507.97 (r/w/o: 0.00/498.97/9.00) lat (ms,95%): 9.06 err/s: 0.00 reconn/s: 0.00
[ 89s ] thds: 4 tps: 509.97 qps: 509.97 (r/w/o: 0.00/495.98/14.00) lat (ms,95%): 9.22 err/s: 0.00 reconn/s: 0.00
[ 90s ] thds: 4 tps: 504.03 qps: 504.03 (r/w/o: 0.00/496.03/8.00) lat (ms,95%): 9.22 err/s: 0.00 reconn/s: 0.00
[ 91s ] thds: 4 tps: 501.56 qps: 501.56 (r/w/o: 0.00/488.58/12.99) lat (ms,95%): 9.22 err/s: 0.00 reconn/s: 0.00
[ 92s ] thds: 4 tps: 506.42 qps: 506.42 (r/w/o: 0.00/495.41/11.01) lat (ms,95%): 9.22 err/s: 0.00 reconn/s: 0.00
[ 93s ] thds: 4 tps: 508.55 qps: 508.55 (r/w/o: 0.00/498.56/9.99) lat (ms,95%): 9.22 err/s: 0.00 reconn/s: 0.00
[ 94s ] thds: 4 tps: 508.40 qps: 508.40 (r/w/o: 0.00/499.40/9.01) lat (ms,95%): 9.22 err/s: 0.00 reconn/s: 0.00
[ 95s ] thds: 4 tps: 509.03 qps: 509.03 (r/w/o: 0.00/498.03/11.00) lat (ms,95%): 9.22 err/s: 0.00 reconn/s: 0.00
[ 96s ] thds: 4 tps: 507.90 qps: 507.90 (r/w/o: 0.00/498.90/9.00) lat (ms,95%): 9.22 err/s: 0.00 reconn/s: 0.00
[ 97s ] thds: 4 tps: 506.49 qps: 506.49 (r/w/o: 0.00/491.50/14.98) lat (ms,95%): 9.06 err/s: 0.00 reconn/s: 0.00
[ 98s ] thds: 4 tps: 509.69 qps: 509.69 (r/w/o: 0.00/502.68/7.01) lat (ms,95%): 9.06 err/s: 0.00 reconn/s: 0.00
[ 99s ] thds: 4 tps: 508.50 qps: 508.50 (r/w/o: 0.00/496.51/11.99) lat (ms,95%): 9.22 err/s: 0.00 reconn/s: 0.00
[ 100s ] thds: 4 tps: 505.43 qps: 505.43 (r/w/o: 0.00/490.42/15.01) lat (ms,95%): 9.39 err/s: 0.00 reconn/s: 0.00
[ 101s ] thds: 4 tps: 509.73 qps: 509.73 (r/w/o: 0.00/495.74/13.99) lat (ms,95%): 9.06 err/s: 0.00 reconn/s: 0.00
[ 102s ] thds: 4 tps: 509.25 qps: 509.25 (r/w/o: 0.00/491.24/18.01) lat (ms,95%): 9.06 err/s: 0.00 reconn/s: 0.00
[ 103s ] thds: 4 tps: 508.01 qps: 508.01 (r/w/o: 0.00/501.01/7.00) lat (ms,95%): 9.22 err/s: 0.00 reconn/s: 0.00
[ 104s ] thds: 4 tps: 508.98 qps: 508.98 (r/w/o: 0.00/498.98/10.00) lat (ms,95%): 9.06 err/s: 0.00 reconn/s: 0.00
[ 105s ] thds: 4 tps: 508.58 qps: 508.58 (r/w/o: 0.00/491.59/16.99) lat (ms,95%): 9.06 err/s: 0.00 reconn/s: 0.00
[ 106s ] thds: 4 tps: 508.00 qps: 508.00 (r/w/o: 0.00/496.00/12.00) lat (ms,95%): 9.22 err/s: 0.00 reconn/s: 0.00
[ 107s ] thds: 4 tps: 506.44 qps: 506.44 (r/w/o: 0.00/497.43/9.01) lat (ms,95%): 9.06 err/s: 0.00 reconn/s: 0.00
[ 108s ] thds: 4 tps: 506.07 qps: 506.07 (r/w/o: 0.00/498.07/8.00) lat (ms,95%): 9.22 err/s: 0.00 reconn/s: 0.00
[ 109s ] thds: 4 tps: 506.90 qps: 506.90 (r/w/o: 0.00/495.90/11.00) lat (ms,95%): 9.22 err/s: 0.00 reconn/s: 0.00
[ 110s ] thds: 4 tps: 505.74 qps: 505.74 (r/w/o: 0.00/497.74/8.00) lat (ms,95%): 9.22 err/s: 0.00 reconn/s: 0.00
[ 111s ] thds: 4 tps: 508.28 qps: 508.28 (r/w/o: 0.00/497.27/11.01) lat (ms,95%): 9.22 err/s: 0.00 reconn/s: 0.00
[ 112s ] thds: 4 tps: 505.67 qps: 505.67 (r/w/o: 0.00/495.68/9.99) lat (ms,95%): 9.22 err/s: 0.00 reconn/s: 0.00
[ 113s ] thds: 4 tps: 504.29 qps: 504.29 (r/w/o: 0.00/490.28/14.01) lat (ms,95%): 9.39 err/s: 0.00 reconn/s: 0.00
[ 114s ] thds: 4 tps: 505.63 qps: 505.63 (r/w/o: 0.00/490.64/14.99) lat (ms,95%): 9.22 err/s: 0.00 reconn/s: 0.00
[ 115s ] thds: 4 tps: 505.47 qps: 505.47 (r/w/o: 0.00/500.46/5.00) lat (ms,95%): 9.06 err/s: 0.00 reconn/s: 0.00
[ 116s ] thds: 4 tps: 498.98 qps: 498.98 (r/w/o: 0.00/483.98/15.00) lat (ms,95%): 9.39 err/s: 0.00 reconn/s: 0.00
[ 117s ] thds: 4 tps: 509.02 qps: 509.02 (r/w/o: 0.00/490.02/19.00) lat (ms,95%): 9.06 err/s: 0.00 reconn/s: 0.00
[ 118s ] thds: 4 tps: 505.99 qps: 505.99 (r/w/o: 0.00/494.99/11.00) lat (ms,95%): 9.06 err/s: 0.00 reconn/s: 0.00
[ 119s ] thds: 4 tps: 506.53 qps: 506.53 (r/w/o: 0.00/492.54/13.99) lat (ms,95%): 9.06 err/s: 0.00 reconn/s: 0.00
[ 120s ] thds: 4 tps: 509.51 qps: 509.51 (r/w/o: 0.00/492.49/17.02) lat (ms,95%): 9.22 err/s: 0.00 reconn/s: 0.00
[ 121s ] thds: 4 tps: 504.89 qps: 504.89 (r/w/o: 0.00/490.90/14.00) lat (ms,95%): 9.06 err/s: 0.00 reconn/s: 0.00
[ 122s ] thds: 4 tps: 504.97 qps: 504.97 (r/w/o: 0.00/492.97/12.00) lat (ms,95%): 9.22 err/s: 0.00 reconn/s: 0.00
[ 123s ] thds: 4 tps: 505.13 qps: 505.13 (r/w/o: 0.00/491.13/14.00) lat (ms,95%): 9.22 err/s: 0.00 reconn/s: 0.00
[ 124s ] thds: 4 tps: 509.02 qps: 509.02 (r/w/o: 0.00/498.01/11.00) lat (ms,95%): 9.22 err/s: 0.00 reconn/s: 0.00
[ 125s ] thds: 4 tps: 506.86 qps: 506.86 (r/w/o: 0.00/495.87/11.00) lat (ms,95%): 9.06 err/s: 0.00 reconn/s: 0.00
[ 126s ] thds: 4 tps: 510.89 qps: 510.89 (r/w/o: 0.00/502.89/8.00) lat (ms,95%): 9.06 err/s: 0.00 reconn/s: 0.00
[ 127s ] thds: 4 tps: 511.21 qps: 511.21 (r/w/o: 0.00/502.21/9.00) lat (ms,95%): 9.22 err/s: 0.00 reconn/s: 0.00
[ 128s ] thds: 4 tps: 504.83 qps: 504.83 (r/w/o: 0.00/499.83/5.00) lat (ms,95%): 9.22 err/s: 0.00 reconn/s: 0.00
[ 129s ] thds: 4 tps: 506.18 qps: 506.18 (r/w/o: 0.00/495.18/11.00) lat (ms,95%): 9.22 err/s: 0.00 reconn/s: 0.00
[ 130s ] thds: 4 tps: 507.87 qps: 507.87 (r/w/o: 0.00/494.88/13.00) lat (ms,95%): 9.22 err/s: 0.00 reconn/s: 0.00
[ 131s ] thds: 4 tps: 505.10 qps: 505.10 (r/w/o: 0.00/493.10/12.00) lat (ms,95%): 9.22 err/s: 0.00 reconn/s: 0.00
[ 132s ] thds: 4 tps: 507.83 qps: 507.83 (r/w/o: 0.00/495.83/12.00) lat (ms,95%): 9.22 err/s: 0.00 reconn/s: 0.00
[ 133s ] thds: 4 tps: 505.17 qps: 505.17 (r/w/o: 0.00/500.17/5.00) lat (ms,95%): 9.39 err/s: 0.00 reconn/s: 0.00
[ 134s ] thds: 4 tps: 508.99 qps: 508.99 (r/w/o: 0.00/503.99/5.00) lat (ms,95%): 9.22 err/s: 0.00 reconn/s: 0.00
[ 135s ] thds: 4 tps: 506.00 qps: 506.00 (r/w/o: 0.00/497.00/9.00) lat (ms,95%): 9.06 err/s: 0.00 reconn/s: 0.00
[ 136s ] thds: 4 tps: 507.02 qps: 507.02 (r/w/o: 0.00/497.02/10.00) lat (ms,95%): 9.22 err/s: 0.00 reconn/s: 0.00
[ 137s ] thds: 4 tps: 510.90 qps: 510.90 (r/w/o: 0.00/503.91/7.00) lat (ms,95%): 9.06 err/s: 0.00 reconn/s: 0.00
[ 138s ] thds: 4 tps: 506.10 qps: 506.10 (r/w/o: 0.00/497.10/9.00) lat (ms,95%): 9.22 err/s: 0.00 reconn/s: 0.00
[ 139s ] thds: 4 tps: 507.96 qps: 507.96 (r/w/o: 0.00/500.96/7.00) lat (ms,95%): 9.06 err/s: 0.00 reconn/s: 0.00
[ 140s ] thds: 4 tps: 505.94 qps: 505.94 (r/w/o: 0.00/490.94/15.00) lat (ms,95%): 9.22 err/s: 0.00 reconn/s: 0.00
[ 141s ] thds: 4 tps: 507.10 qps: 507.10 (r/w/o: 0.00/494.10/13.00) lat (ms,95%): 9.22 err/s: 0.00 reconn/s: 0.00
[ 142s ] thds: 4 tps: 513.87 qps: 513.87 (r/w/o: 0.00/500.87/13.00) lat (ms,95%): 8.90 err/s: 0.00 reconn/s: 0.00
[ 143s ] thds: 4 tps: 509.11 qps: 509.11 (r/w/o: 0.00/503.11/6.00) lat (ms,95%): 9.06 err/s: 0.00 reconn/s: 0.00
[ 144s ] thds: 4 tps: 508.80 qps: 508.80 (r/w/o: 0.00/495.81/12.99) lat (ms,95%): 9.06 err/s: 0.00 reconn/s: 0.00
[ 145s ] thds: 4 tps: 513.20 qps: 513.20 (r/w/o: 0.00/501.20/12.00) lat (ms,95%): 9.06 err/s: 0.00 reconn/s: 0.00
[ 146s ] thds: 4 tps: 507.01 qps: 507.01 (r/w/o: 0.00/500.01/7.00) lat (ms,95%): 9.06 err/s: 0.00 reconn/s: 0.00
[ 147s ] thds: 4 tps: 505.97 qps: 505.97 (r/w/o: 0.00/499.97/6.00) lat (ms,95%): 9.22 err/s: 0.00 reconn/s: 0.00
[ 148s ] thds: 4 tps: 510.84 qps: 510.84 (r/w/o: 0.00/503.84/7.00) lat (ms,95%): 8.90 err/s: 0.00 reconn/s: 0.00
[ 149s ] thds: 4 tps: 508.16 qps: 508.16 (r/w/o: 0.00/493.16/15.00) lat (ms,95%): 9.22 err/s: 0.00 reconn/s: 0.00
[ 150s ] thds: 4 tps: 508.95 qps: 508.95 (r/w/o: 0.00/499.95/9.00) lat (ms,95%): 9.22 err/s: 0.00 reconn/s: 0.00
[ 151s ] thds: 4 tps: 507.97 qps: 507.97 (r/w/o: 0.00/496.97/11.00) lat (ms,95%): 9.22 err/s: 0.00 reconn/s: 0.00
[ 152s ] thds: 4 tps: 508.98 qps: 508.98 (r/w/o: 0.00/493.98/15.00) lat (ms,95%): 9.06 err/s: 0.00 reconn/s: 0.00
[ 153s ] thds: 4 tps: 508.81 qps: 508.81 (r/w/o: 0.00/499.82/9.00) lat (ms,95%): 9.22 err/s: 0.00 reconn/s: 0.00
[ 154s ] thds: 4 tps: 506.29 qps: 506.29 (r/w/o: 0.00/494.29/12.01) lat (ms,95%): 9.39 err/s: 0.00 reconn/s: 0.00
[ 155s ] thds: 4 tps: 509.83 qps: 509.83 (r/w/o: 0.00/497.83/12.00) lat (ms,95%): 9.22 err/s: 0.00 reconn/s: 0.00
[ 156s ] thds: 4 tps: 507.01 qps: 507.01 (r/w/o: 0.00/491.01/16.00) lat (ms,95%): 9.22 err/s: 0.00 reconn/s: 0.00
[ 157s ] thds: 4 tps: 506.07 qps: 506.07 (r/w/o: 0.00/493.06/13.00) lat (ms,95%): 9.39 err/s: 0.00 reconn/s: 0.00
[ 158s ] thds: 4 tps: 502.90 qps: 502.90 (r/w/o: 0.00/491.90/11.00) lat (ms,95%): 9.39 err/s: 0.00 reconn/s: 0.00
[ 159s ] thds: 4 tps: 509.02 qps: 509.02 (r/w/o: 0.00/495.02/14.00) lat (ms,95%): 9.22 err/s: 0.00 reconn/s: 0.00
[ 160s ] thds: 4 tps: 507.09 qps: 507.09 (r/w/o: 0.00/495.08/12.00) lat (ms,95%): 9.22 err/s: 0.00 reconn/s: 0.00
[ 161s ] thds: 4 tps: 507.15 qps: 507.15 (r/w/o: 0.00/501.14/6.00) lat (ms,95%): 9.06 err/s: 0.00 reconn/s: 0.00
[ 162s ] thds: 4 tps: 505.94 qps: 505.94 (r/w/o: 0.00/495.94/10.00) lat (ms,95%): 9.22 err/s: 0.00 reconn/s: 0.00
[ 163s ] thds: 4 tps: 507.83 qps: 507.83 (r/w/o: 0.00/494.84/13.00) lat (ms,95%): 9.22 err/s: 0.00 reconn/s: 0.00
[ 164s ] thds: 4 tps: 507.10 qps: 507.10 (r/w/o: 0.00/488.10/19.00) lat (ms,95%): 9.22 err/s: 0.00 reconn/s: 0.00
[ 165s ] thds: 4 tps: 506.98 qps: 506.98 (r/w/o: 0.00/494.98/12.00) lat (ms,95%): 9.56 err/s: 0.00 reconn/s: 0.00
[ 166s ] thds: 4 tps: 507.05 qps: 507.05 (r/w/o: 0.00/495.05/12.00) lat (ms,95%): 9.22 err/s: 0.00 reconn/s: 0.00
[ 167s ] thds: 4 tps: 503.87 qps: 503.87 (r/w/o: 0.00/488.88/15.00) lat (ms,95%): 9.22 err/s: 0.00 reconn/s: 0.00
[ 168s ] thds: 4 tps: 505.12 qps: 505.12 (r/w/o: 0.00/494.12/11.00) lat (ms,95%): 9.22 err/s: 0.00 reconn/s: 0.00
[ 169s ] thds: 4 tps: 505.01 qps: 505.01 (r/w/o: 0.00/486.01/19.00) lat (ms,95%): 9.06 err/s: 0.00 reconn/s: 0.00
[ 170s ] thds: 4 tps: 499.98 qps: 499.98 (r/w/o: 0.00/485.98/14.00) lat (ms,95%): 9.56 err/s: 0.00 reconn/s: 0.00
[ 171s ] thds: 4 tps: 503.88 qps: 503.88 (r/w/o: 0.00/486.88/17.00) lat (ms,95%): 9.22 err/s: 0.00 reconn/s: 0.00
[ 172s ] thds: 4 tps: 503.06 qps: 503.06 (r/w/o: 0.00/493.06/10.00) lat (ms,95%): 9.39 err/s: 0.00 reconn/s: 0.00
[ 173s ] thds: 4 tps: 508.02 qps: 508.02 (r/w/o: 0.00/497.02/11.00) lat (ms,95%): 9.39 err/s: 0.00 reconn/s: 0.00
[ 174s ] thds: 4 tps: 504.92 qps: 504.92 (r/w/o: 0.00/499.92/5.00) lat (ms,95%): 9.39 err/s: 0.00 reconn/s: 0.00
[ 175s ] thds: 4 tps: 503.00 qps: 503.00 (r/w/o: 0.00/496.00/7.00) lat (ms,95%): 9.22 err/s: 0.00 reconn/s: 0.00
[ 176s ] thds: 4 tps: 498.96 qps: 498.96 (r/w/o: 0.00/489.96/9.00) lat (ms,95%): 9.56 err/s: 0.00 reconn/s: 0.00
[ 177s ] thds: 4 tps: 501.07 qps: 501.07 (r/w/o: 0.00/494.07/7.00) lat (ms,95%): 9.39 err/s: 0.00 reconn/s: 0.00
[ 178s ] thds: 4 tps: 501.16 qps: 501.16 (r/w/o: 0.00/494.16/7.00) lat (ms,95%): 9.39 err/s: 0.00 reconn/s: 0.00
[ 179s ] thds: 4 tps: 503.94 qps: 503.94 (r/w/o: 0.00/497.94/6.00) lat (ms,95%): 9.39 err/s: 0.00 reconn/s: 0.00
[ 180s ] thds: 4 tps: 501.98 qps: 501.98 (r/w/o: 0.00/490.98/11.00) lat (ms,95%): 9.39 err/s: 0.00 reconn/s: 0.00
[ 181s ] thds: 4 tps: 495.92 qps: 495.92 (r/w/o: 0.00/490.92/5.00) lat (ms,95%): 9.39 err/s: 0.00 reconn/s: 0.00
[ 182s ] thds: 4 tps: 497.94 qps: 497.94 (r/w/o: 0.00/489.94/8.00) lat (ms,95%): 9.22 err/s: 0.00 reconn/s: 0.00
[ 183s ] thds: 4 tps: 501.00 qps: 501.00 (r/w/o: 0.00/496.00/5.00) lat (ms,95%): 9.22 err/s: 0.00 reconn/s: 0.00
[ 184s ] thds: 4 tps: 503.01 qps: 503.01 (r/w/o: 0.00/491.01/12.00) lat (ms,95%): 9.39 err/s: 0.00 reconn/s: 0.00
[ 185s ] thds: 4 tps: 505.97 qps: 505.97 (r/w/o: 0.00/493.98/12.00) lat (ms,95%): 9.22 err/s: 0.00 reconn/s: 0.00
[ 186s ] thds: 4 tps: 503.98 qps: 503.98 (r/w/o: 0.00/492.98/11.00) lat (ms,95%): 9.39 err/s: 0.00 reconn/s: 0.00
[ 187s ] thds: 4 tps: 502.18 qps: 502.18 (r/w/o: 0.00/490.18/12.00) lat (ms,95%): 9.39 err/s: 0.00 reconn/s: 0.00
[ 188s ] thds: 4 tps: 505.98 qps: 505.98 (r/w/o: 0.00/499.98/6.00) lat (ms,95%): 9.22 err/s: 0.00 reconn/s: 0.00
[ 189s ] thds: 4 tps: 505.86 qps: 505.86 (r/w/o: 0.00/494.86/11.00) lat (ms,95%): 9.22 err/s: 0.00 reconn/s: 0.00
[ 190s ] thds: 4 tps: 503.02 qps: 503.02 (r/w/o: 0.00/495.02/8.00) lat (ms,95%): 9.22 err/s: 0.00 reconn/s: 0.00
[ 191s ] thds: 4 tps: 509.02 qps: 509.02 (r/w/o: 0.00/493.02/16.00) lat (ms,95%): 9.22 err/s: 0.00 reconn/s: 0.00
[ 192s ] thds: 4 tps: 506.96 qps: 506.96 (r/w/o: 0.00/493.97/13.00) lat (ms,95%): 9.22 err/s: 0.00 reconn/s: 0.00
[ 193s ] thds: 4 tps: 504.14 qps: 504.14 (r/w/o: 0.00/495.14/9.00) lat (ms,95%): 9.22 err/s: 0.00 reconn/s: 0.00
[ 194s ] thds: 4 tps: 503.90 qps: 503.90 (r/w/o: 0.00/499.91/4.00) lat (ms,95%): 9.39 err/s: 0.00 reconn/s: 0.00
[ 195s ] thds: 4 tps: 504.98 qps: 504.98 (r/w/o: 0.00/493.98/11.00) lat (ms,95%): 9.22 err/s: 0.00 reconn/s: 0.00
[ 196s ] thds: 4 tps: 503.09 qps: 503.09 (r/w/o: 0.00/496.09/7.00) lat (ms,95%): 9.22 err/s: 0.00 reconn/s: 0.00
[ 197s ] thds: 4 tps: 500.02 qps: 500.02 (r/w/o: 0.00/492.02/8.00) lat (ms,95%): 9.39 err/s: 0.00 reconn/s: 0.00
[ 198s ] thds: 4 tps: 503.11 qps: 503.11 (r/w/o: 0.00/485.11/18.00) lat (ms,95%): 9.56 err/s: 0.00 reconn/s: 0.00
[ 199s ] thds: 4 tps: 501.76 qps: 501.76 (r/w/o: 0.00/478.77/22.99) lat (ms,95%): 9.56 err/s: 0.00 reconn/s: 0.00
[ 200s ] thds: 4 tps: 504.23 qps: 504.23 (r/w/o: 0.00/492.23/12.01) lat (ms,95%): 9.39 err/s: 0.00 reconn/s: 0.00
[ 201s ] thds: 4 tps: 498.90 qps: 498.90 (r/w/o: 0.00/488.90/10.00) lat (ms,95%): 9.39 err/s: 0.00 reconn/s: 0.00
[ 202s ] thds: 4 tps: 503.89 qps: 503.89 (r/w/o: 0.00/495.90/8.00) lat (ms,95%): 9.06 err/s: 0.00 reconn/s: 0.00
[ 203s ] thds: 4 tps: 508.95 qps: 508.95 (r/w/o: 0.00/488.95/20.00) lat (ms,95%): 9.22 err/s: 0.00 reconn/s: 0.00
[ 204s ] thds: 4 tps: 506.00 qps: 506.00 (r/w/o: 0.00/490.00/16.00) lat (ms,95%): 9.22 err/s: 0.00 reconn/s: 0.00
[ 205s ] thds: 4 tps: 501.98 qps: 501.98 (r/w/o: 0.00/490.98/11.00) lat (ms,95%): 9.39 err/s: 0.00 reconn/s: 0.00
[ 206s ] thds: 4 tps: 504.05 qps: 504.05 (r/w/o: 0.00/496.05/8.00) lat (ms,95%): 9.22 err/s: 0.00 reconn/s: 0.00
[ 207s ] thds: 4 tps: 505.93 qps: 505.93 (r/w/o: 0.00/492.93/13.00) lat (ms,95%): 9.22 err/s: 0.00 reconn/s: 0.00
[ 208s ] thds: 4 tps: 505.17 qps: 505.17 (r/w/o: 0.00/493.17/12.00) lat (ms,95%): 9.22 err/s: 0.00 reconn/s: 0.00
[ 209s ] thds: 4 tps: 504.99 qps: 504.99 (r/w/o: 0.00/495.99/9.00) lat (ms,95%): 9.22 err/s: 0.00 reconn/s: 0.00
[ 210s ] thds: 4 tps: 504.02 qps: 504.02 (r/w/o: 0.00/494.02/10.00) lat (ms,95%): 9.22 err/s: 0.00 reconn/s: 0.00
[ 211s ] thds: 4 tps: 503.84 qps: 503.84 (r/w/o: 0.00/491.84/12.00) lat (ms,95%): 9.39 err/s: 0.00 reconn/s: 0.00
[ 212s ] thds: 4 tps: 501.16 qps: 501.16 (r/w/o: 0.00/489.16/12.00) lat (ms,95%): 9.39 err/s: 0.00 reconn/s: 0.00
[ 213s ] thds: 4 tps: 501.92 qps: 501.92 (r/w/o: 0.00/491.92/10.00) lat (ms,95%): 9.39 err/s: 0.00 reconn/s: 0.00
[ 214s ] thds: 4 tps: 499.99 qps: 499.99 (r/w/o: 0.00/490.99/9.00) lat (ms,95%): 9.56 err/s: 0.00 reconn/s: 0.00
[ 215s ] thds: 4 tps: 500.22 qps: 500.22 (r/w/o: 0.00/490.21/10.00) lat (ms,95%): 9.39 err/s: 0.00 reconn/s: 0.00
[ 216s ] thds: 4 tps: 504.86 qps: 504.86 (r/w/o: 0.00/493.87/11.00) lat (ms,95%): 9.39 err/s: 0.00 reconn/s: 0.00
[ 217s ] thds: 4 tps: 504.92 qps: 504.92 (r/w/o: 0.00/492.92/12.00) lat (ms,95%): 9.39 err/s: 0.00 reconn/s: 0.00
[ 218s ] thds: 4 tps: 505.09 qps: 505.09 (r/w/o: 0.00/499.09/6.00) lat (ms,95%): 9.39 err/s: 0.00 reconn/s: 0.00
[ 219s ] thds: 4 tps: 506.88 qps: 506.88 (r/w/o: 0.00/496.88/10.00) lat (ms,95%): 9.39 err/s: 0.00 reconn/s: 0.00
[ 220s ] thds: 4 tps: 511.12 qps: 511.12 (r/w/o: 0.00/495.11/16.00) lat (ms,95%): 9.22 err/s: 0.00 reconn/s: 0.00
[ 221s ] thds: 4 tps: 512.95 qps: 512.95 (r/w/o: 0.00/501.95/11.00) lat (ms,95%): 9.22 err/s: 0.00 reconn/s: 0.00
[ 222s ] thds: 4 tps: 502.90 qps: 502.90 (r/w/o: 0.00/486.91/16.00) lat (ms,95%): 9.39 err/s: 0.00 reconn/s: 0.00
[ 223s ] thds: 4 tps: 502.07 qps: 502.07 (r/w/o: 0.00/491.07/11.00) lat (ms,95%): 9.56 err/s: 0.00 reconn/s: 0.00
[ 224s ] thds: 4 tps: 502.99 qps: 502.99 (r/w/o: 0.00/494.99/8.00) lat (ms,95%): 9.56 err/s: 0.00 reconn/s: 0.00
[ 225s ] thds: 4 tps: 507.03 qps: 507.03 (r/w/o: 0.00/490.03/17.00) lat (ms,95%): 9.39 err/s: 0.00 reconn/s: 0.00
[ 226s ] thds: 4 tps: 510.98 qps: 510.98 (r/w/o: 0.00/497.98/13.00) lat (ms,95%): 9.22 err/s: 0.00 reconn/s: 0.00
[ 227s ] thds: 4 tps: 510.94 qps: 510.94 (r/w/o: 0.00/504.94/6.00) lat (ms,95%): 9.22 err/s: 0.00 reconn/s: 0.00
[ 228s ] thds: 4 tps: 503.06 qps: 503.06 (r/w/o: 0.00/491.05/12.00) lat (ms,95%): 9.39 err/s: 0.00 reconn/s: 0.00
[ 229s ] thds: 4 tps: 507.91 qps: 507.91 (r/w/o: 0.00/494.91/13.00) lat (ms,95%): 9.39 err/s: 0.00 reconn/s: 0.00
[ 230s ] thds: 4 tps: 508.14 qps: 508.14 (r/w/o: 0.00/495.13/13.00) lat (ms,95%): 9.22 err/s: 0.00 reconn/s: 0.00
[ 231s ] thds: 4 tps: 507.02 qps: 507.02 (r/w/o: 0.00/495.01/12.00) lat (ms,95%): 9.39 err/s: 0.00 reconn/s: 0.00
[ 232s ] thds: 4 tps: 503.79 qps: 503.79 (r/w/o: 0.00/495.80/8.00) lat (ms,95%): 9.39 err/s: 0.00 reconn/s: 0.00
[ 233s ] thds: 4 tps: 501.14 qps: 501.14 (r/w/o: 0.00/493.13/8.00) lat (ms,95%): 9.22 err/s: 0.00 reconn/s: 0.00
[ 234s ] thds: 4 tps: 501.99 qps: 501.99 (r/w/o: 0.00/492.99/9.00) lat (ms,95%): 9.39 err/s: 0.00 reconn/s: 0.00
[ 235s ] thds: 4 tps: 505.19 qps: 505.19 (r/w/o: 0.00/493.18/12.00) lat (ms,95%): 9.06 err/s: 0.00 reconn/s: 0.00
[ 236s ] thds: 4 tps: 503.82 qps: 503.82 (r/w/o: 0.00/496.82/7.00) lat (ms,95%): 9.22 err/s: 0.00 reconn/s: 0.00
[ 237s ] thds: 4 tps: 506.00 qps: 506.00 (r/w/o: 0.00/497.00/9.00) lat (ms,95%): 9.22 err/s: 0.00 reconn/s: 0.00
[ 238s ] thds: 4 tps: 503.96 qps: 503.96 (r/w/o: 0.00/486.97/17.00) lat (ms,95%): 9.56 err/s: 0.00 reconn/s: 0.00
[ 239s ] thds: 4 tps: 505.02 qps: 505.02 (r/w/o: 0.00/493.02/12.00) lat (ms,95%): 9.22 err/s: 0.00 reconn/s: 0.00
[ 240s ] thds: 4 tps: 507.88 qps: 507.88 (r/w/o: 0.00/500.88/7.00) lat (ms,95%): 9.39 err/s: 0.00 reconn/s: 0.00
Latency histogram (values are in milliseconds)
       value  ------------- distribution ------------- count
       5.277 |                                         3
       5.373 |                                         4
       5.470 |                                         8
       5.570 |                                         17
       5.671 |                                         45
       5.774 |                                         50
       5.879 |                                         97
       5.986 |*                                        143
       6.095 |*                                        215
       6.205 |**                                       479
       6.318 |****                                     824
       6.433 |*****                                    1135
       6.550 |*******                                  1564
       6.669 |***********                              2345
       6.790 |**************                           3149
       6.913 |*****************                        3778
       7.039 |********************                     4371
       7.167 |*************************                5560
       7.297 |*************************************    8126
       7.430 |**************************************** 8882
       7.565 |***********************************      7791
       7.702 |***************************************  8762
       7.842 |**************************************** 8861
       7.985 |*************************************    8199
       8.130 |********************************         7070
       8.277 |********************************         7216
       8.428 |********************************         7200
       8.581 |**************************               5769
       8.737 |************************                 5258
       8.895 |********************                     4499
       9.057 |*************                            2991
       9.222 |**********                               2246
       9.389 |********                                 1673
       9.560 |*****                                    1154
       9.734 |***                                      607
       9.910 |**                                       454
      10.090 |*                                        321
      10.274 |*                                        203
      10.460 |*                                        161
      10.651 |*                                        112
      10.844 |                                         102
      11.041 |                                         68
      11.242 |                                         47
      11.446 |                                         32
      11.654 |                                         27
      11.866 |                                         13
      12.081 |                                         7
      12.301 |                                         5
      12.524 |                                         4
      12.752 |                                         5
      12.984 |                                         1
      13.219 |                                         2
      13.460 |                                         2
      13.704 |                                         1
      13.953 |                                         2
      14.207 |                                         1
      14.995 |                                         1
      15.268 |                                         1
      15.828 |                                         2
      16.408 |                                         1
      17.319 |                                         1
      27.165 |                                         1
 
SQL statistics:
    queries performed:
        read:                            0
        write:                           119000
        other:                           2668
        total:                           121668
    transactions:                        121668 (506.93 per sec.)
    queries:                             121668 (506.93 per sec.)
    ignored errors:                      0      (0.00 per sec.)
    reconnects:                          0      (0.00 per sec.)

Throughput:
    events/s (eps):                      506.9331
    time elapsed:                        240.0081s
    total number of events:              121668

Latency (ms):
         min:                                    5.26
         avg:                                    7.89
         max:                                   27.25
         95th percentile:                        9.22
         sum:                               959787.20

Threads fairness:
    events (avg/stddev):           30417.0000/1914.82
    execution time (avg/stddev):   239.9468/0.01

