sysbench 1.1.0-3ceba0b (using bundled LuaJIT 2.1.0-beta3)

Running the test with following options:
Number of threads: 1
Warmup time: 60s
Report intermediate results every 1 second(s)
Initializing random number generator from current time


Initializing worker threads...

Threads started!

Warming up for 60 seconds...

[ 1s ] thds: 1 tps: 7.98 qps: 159.71 (r/w/o: 111.79/31.46/16.46) lat (ms,95%): 121.08 err/s: 0.00 reconn/s: 0.00
[ 2s ] thds: 1 tps: 9.01 qps: 182.11 (r/w/o: 128.08/35.02/19.01) lat (ms,95%): 112.67 err/s: 0.00 reconn/s: 0.00
[ 3s ] thds: 1 tps: 9.00 qps: 184.02 (r/w/o: 130.02/36.00/18.00) lat (ms,95%): 114.72 err/s: 0.00 reconn/s: 0.00
[ 4s ] thds: 1 tps: 9.00 qps: 184.98 (r/w/o: 130.99/36.00/18.00) lat (ms,95%): 112.67 err/s: 0.00 reconn/s: 0.00
[ 5s ] thds: 1 tps: 10.00 qps: 186.01 (r/w/o: 127.01/40.00/19.00) lat (ms,95%): 116.80 err/s: 0.00 reconn/s: 0.00
[ 6s ] thds: 1 tps: 9.00 qps: 182.91 (r/w/o: 127.94/33.98/20.99) lat (ms,95%): 121.08 err/s: 0.00 reconn/s: 0.00
[ 7s ] thds: 1 tps: 9.00 qps: 185.07 (r/w/o: 131.05/35.01/19.01) lat (ms,95%): 116.80 err/s: 0.00 reconn/s: 0.00
[ 8s ] thds: 1 tps: 9.00 qps: 179.02 (r/w/o: 125.02/34.00/20.00) lat (ms,95%): 130.13 err/s: 0.00 reconn/s: 0.00
[ 9s ] thds: 1 tps: 9.00 qps: 180.04 (r/w/o: 126.03/35.01/19.00) lat (ms,95%): 121.08 err/s: 0.00 reconn/s: 0.00
[ 10s ] thds: 1 tps: 9.00 qps: 186.95 (r/w/o: 132.96/33.99/19.99) lat (ms,95%): 116.80 err/s: 0.00 reconn/s: 0.00
[ 11s ] thds: 1 tps: 9.00 qps: 181.93 (r/w/o: 126.95/36.99/17.99) lat (ms,95%): 116.80 err/s: 0.00 reconn/s: 0.00
[ 12s ] thds: 1 tps: 10.00 qps: 184.08 (r/w/o: 126.06/39.02/19.01) lat (ms,95%): 118.92 err/s: 0.00 reconn/s: 0.00
[ 13s ] thds: 1 tps: 9.00 qps: 181.99 (r/w/o: 126.99/36.00/19.00) lat (ms,95%): 125.52 err/s: 0.00 reconn/s: 0.00
[ 14s ] thds: 1 tps: 8.00 qps: 177.01 (r/w/o: 125.00/36.00/16.00) lat (ms,95%): 118.92 err/s: 0.00 reconn/s: 0.00
[ 15s ] thds: 1 tps: 10.00 qps: 189.02 (r/w/o: 133.02/35.00/21.00) lat (ms,95%): 116.80 err/s: 0.00 reconn/s: 0.00
[ 16s ] thds: 1 tps: 9.00 qps: 187.98 (r/w/o: 132.99/37.00/18.00) lat (ms,95%): 118.92 err/s: 0.00 reconn/s: 0.00
[ 17s ] thds: 1 tps: 10.00 qps: 187.99 (r/w/o: 128.99/39.00/20.00) lat (ms,95%): 114.72 err/s: 0.00 reconn/s: 0.00
[ 18s ] thds: 1 tps: 9.00 qps: 184.98 (r/w/o: 130.99/36.00/18.00) lat (ms,95%): 116.80 err/s: 0.00 reconn/s: 0.00
[ 19s ] thds: 1 tps: 9.00 qps: 187.06 (r/w/o: 132.04/37.01/18.01) lat (ms,95%): 112.67 err/s: 0.00 reconn/s: 0.00
[ 20s ] thds: 1 tps: 9.00 qps: 179.96 (r/w/o: 125.97/35.99/18.00) lat (ms,95%): 121.08 err/s: 0.00 reconn/s: 0.00
[ 21s ] thds: 1 tps: 10.00 qps: 190.00 (r/w/o: 131.00/38.00/21.00) lat (ms,95%): 116.80 err/s: 0.00 reconn/s: 0.00
[ 22s ] thds: 1 tps: 9.00 qps: 183.98 (r/w/o: 129.99/36.00/18.00) lat (ms,95%): 116.80 err/s: 0.00 reconn/s: 0.00
[ 23s ] thds: 1 tps: 9.00 qps: 186.01 (r/w/o: 131.01/37.00/18.00) lat (ms,95%): 110.66 err/s: 0.00 reconn/s: 0.00
[ 24s ] thds: 1 tps: 10.00 qps: 189.02 (r/w/o: 130.01/39.00/20.00) lat (ms,95%): 116.80 err/s: 0.00 reconn/s: 0.00
[ 25s ] thds: 1 tps: 9.00 qps: 188.03 (r/w/o: 134.02/36.01/18.00) lat (ms,95%): 114.72 err/s: 0.00 reconn/s: 0.00
[ 26s ] thds: 1 tps: 10.00 qps: 189.98 (r/w/o: 129.98/38.00/22.00) lat (ms,95%): 112.67 err/s: 0.00 reconn/s: 0.00
[ 27s ] thds: 1 tps: 9.00 qps: 188.96 (r/w/o: 134.97/35.99/18.00) lat (ms,95%): 112.67 err/s: 0.00 reconn/s: 0.00
[ 28s ] thds: 1 tps: 9.00 qps: 186.00 (r/w/o: 129.00/37.00/20.00) lat (ms,95%): 114.72 err/s: 0.00 reconn/s: 0.00
[ 29s ] thds: 1 tps: 10.00 qps: 192.00 (r/w/o: 135.00/37.00/20.00) lat (ms,95%): 112.67 err/s: 0.00 reconn/s: 0.00
[ 30s ] thds: 1 tps: 10.00 qps: 191.07 (r/w/o: 131.05/40.01/20.01) lat (ms,95%): 112.67 err/s: 0.00 reconn/s: 0.00
[ 31s ] thds: 1 tps: 9.00 qps: 188.98 (r/w/o: 134.98/36.00/18.00) lat (ms,95%): 112.67 err/s: 0.00 reconn/s: 0.00
[ 32s ] thds: 1 tps: 10.00 qps: 189.96 (r/w/o: 130.97/39.99/19.00) lat (ms,95%): 110.66 err/s: 0.00 reconn/s: 0.00
[ 33s ] thds: 1 tps: 9.00 qps: 191.00 (r/w/o: 136.00/36.00/19.00) lat (ms,95%): 116.80 err/s: 0.00 reconn/s: 0.00
[ 34s ] thds: 1 tps: 10.00 qps: 192.04 (r/w/o: 132.03/40.01/20.00) lat (ms,95%): 112.67 err/s: 0.00 reconn/s: 0.00
[ 35s ] thds: 1 tps: 9.00 qps: 187.94 (r/w/o: 133.96/35.99/17.99) lat (ms,95%): 116.80 err/s: 0.00 reconn/s: 0.00
[ 36s ] thds: 1 tps: 9.00 qps: 188.03 (r/w/o: 130.02/39.01/19.00) lat (ms,95%): 112.67 err/s: 0.00 reconn/s: 0.00
[ 37s ] thds: 1 tps: 10.00 qps: 192.05 (r/w/o: 136.04/36.01/20.01) lat (ms,95%): 118.92 err/s: 0.00 reconn/s: 0.00
[ 38s ] thds: 1 tps: 10.00 qps: 190.94 (r/w/o: 130.96/37.99/21.99) lat (ms,95%): 112.67 err/s: 0.00 reconn/s: 0.00
[ 39s ] thds: 1 tps: 9.00 qps: 193.00 (r/w/o: 139.00/35.00/19.00) lat (ms,95%): 108.68 err/s: 0.00 reconn/s: 0.00
[ 40s ] thds: 1 tps: 10.00 qps: 193.05 (r/w/o: 133.04/39.01/21.01) lat (ms,95%): 112.67 err/s: 0.00 reconn/s: 0.00
[ 41s ] thds: 1 tps: 9.00 qps: 188.95 (r/w/o: 132.96/37.99/18.00) lat (ms,95%): 114.72 err/s: 0.00 reconn/s: 0.00
[ 42s ] thds: 1 tps: 10.00 qps: 193.05 (r/w/o: 135.04/38.01/20.01) lat (ms,95%): 112.67 err/s: 0.00 reconn/s: 0.00
[ 43s ] thds: 1 tps: 10.00 qps: 189.95 (r/w/o: 130.97/38.99/20.00) lat (ms,95%): 110.66 err/s: 0.00 reconn/s: 0.00
[ 44s ] thds: 1 tps: 9.00 qps: 195.00 (r/w/o: 140.00/36.00/19.00) lat (ms,95%): 114.72 err/s: 0.00 reconn/s: 0.00
[ 45s ] thds: 1 tps: 10.00 qps: 193.02 (r/w/o: 133.01/38.00/22.00) lat (ms,95%): 112.67 err/s: 0.00 reconn/s: 0.00
[ 46s ] thds: 1 tps: 9.00 qps: 191.02 (r/w/o: 133.01/39.00/19.00) lat (ms,95%): 118.92 err/s: 0.00 reconn/s: 0.00
[ 47s ] thds: 1 tps: 10.00 qps: 192.96 (r/w/o: 136.97/35.99/20.00) lat (ms,95%): 114.72 err/s: 0.00 reconn/s: 0.00
[ 48s ] thds: 1 tps: 10.00 qps: 190.02 (r/w/o: 130.01/40.00/20.00) lat (ms,95%): 110.66 err/s: 0.00 reconn/s: 0.00
[ 49s ] thds: 1 tps: 9.00 qps: 192.98 (r/w/o: 138.99/36.00/18.00) lat (ms,95%): 114.72 err/s: 0.00 reconn/s: 0.00
[ 50s ] thds: 1 tps: 10.00 qps: 199.00 (r/w/o: 139.00/39.00/21.00) lat (ms,95%): 104.84 err/s: 0.00 reconn/s: 0.00
[ 51s ] thds: 1 tps: 10.00 qps: 191.07 (r/w/o: 131.05/38.01/22.01) lat (ms,95%): 112.67 err/s: 0.00 reconn/s: 0.00
[ 52s ] thds: 1 tps: 10.00 qps: 198.92 (r/w/o: 138.94/39.98/19.99) lat (ms,95%): 116.80 err/s: 0.00 reconn/s: 0.00
[ 53s ] thds: 1 tps: 9.00 qps: 195.06 (r/w/o: 137.04/38.01/20.01) lat (ms,95%): 106.75 err/s: 0.00 reconn/s: 0.00
[ 54s ] thds: 1 tps: 10.00 qps: 194.97 (r/w/o: 138.98/35.99/20.00) lat (ms,95%): 110.66 err/s: 0.00 reconn/s: 0.00
[ 55s ] thds: 1 tps: 10.00 qps: 191.03 (r/w/o: 131.02/40.01/20.00) lat (ms,95%): 112.67 err/s: 0.00 reconn/s: 0.00
[ 56s ] thds: 1 tps: 9.00 qps: 189.95 (r/w/o: 135.97/35.99/18.00) lat (ms,95%): 123.28 err/s: 0.00 reconn/s: 0.00
[ 57s ] thds: 1 tps: 10.00 qps: 191.99 (r/w/o: 131.99/39.00/21.00) lat (ms,95%): 110.66 err/s: 0.00 reconn/s: 0.00
[ 58s ] thds: 1 tps: 10.00 qps: 194.99 (r/w/o: 135.00/39.00/21.00) lat (ms,95%): 112.67 err/s: 0.00 reconn/s: 0.00
[ 59s ] thds: 1 tps: 9.00 qps: 192.01 (r/w/o: 138.01/36.00/18.00) lat (ms,95%): 110.66 err/s: 0.00 reconn/s: 0.00
[ 60s ] thds: 1 tps: 10.00 qps: 200.02 (r/w/o: 140.01/38.00/22.00) lat (ms,95%): 106.75 err/s: 0.00 reconn/s: 0.00
[ 61s ] thds: 1 tps: 10.00 qps: 194.04 (r/w/o: 134.03/39.01/21.00) lat (ms,95%): 118.92 err/s: 0.00 reconn/s: 0.00
[ 62s ] thds: 1 tps: 8.00 qps: 153.96 (r/w/o: 105.97/29.99/18.00) lat (ms,95%): 320.17 err/s: 0.00 reconn/s: 0.00
[ 63s ] thds: 1 tps: 9.00 qps: 191.05 (r/w/o: 137.04/36.01/18.00) lat (ms,95%): 114.72 err/s: 0.00 reconn/s: 0.00
[ 64s ] thds: 1 tps: 10.00 qps: 197.93 (r/w/o: 137.95/39.99/19.99) lat (ms,95%): 104.84 err/s: 0.00 reconn/s: 0.00
[ 65s ] thds: 1 tps: 10.00 qps: 190.02 (r/w/o: 130.01/39.00/21.00) lat (ms,95%): 112.67 err/s: 0.00 reconn/s: 0.00
[ 66s ] thds: 1 tps: 9.00 qps: 193.99 (r/w/o: 139.99/35.00/19.00) lat (ms,95%): 108.68 err/s: 0.00 reconn/s: 0.00
[ 67s ] thds: 1 tps: 10.00 qps: 197.00 (r/w/o: 137.00/39.00/21.00) lat (ms,95%): 108.68 err/s: 0.00 reconn/s: 0.00
[ 68s ] thds: 1 tps: 10.00 qps: 193.05 (r/w/o: 133.04/40.01/20.01) lat (ms,95%): 114.72 err/s: 0.00 reconn/s: 0.00
[ 69s ] thds: 1 tps: 10.00 qps: 195.94 (r/w/o: 135.96/38.99/20.99) lat (ms,95%): 106.75 err/s: 0.00 reconn/s: 0.00
[ 70s ] thds: 1 tps: 9.00 qps: 198.00 (r/w/o: 140.00/38.00/20.00) lat (ms,95%): 108.68 err/s: 0.00 reconn/s: 0.00
[ 71s ] thds: 1 tps: 10.00 qps: 194.00 (r/w/o: 138.00/36.00/20.00) lat (ms,95%): 108.68 err/s: 0.00 reconn/s: 0.00
[ 72s ] thds: 1 tps: 10.00 qps: 196.05 (r/w/o: 136.03/40.01/20.00) lat (ms,95%): 116.80 err/s: 0.00 reconn/s: 0.00
[ 73s ] thds: 1 tps: 10.00 qps: 191.98 (r/w/o: 131.99/39.00/21.00) lat (ms,95%): 114.72 err/s: 0.00 reconn/s: 0.00
[ 74s ] thds: 1 tps: 9.00 qps: 193.99 (r/w/o: 139.99/36.00/18.00) lat (ms,95%): 112.67 err/s: 0.00 reconn/s: 0.00
[ 75s ] thds: 1 tps: 10.00 qps: 193.02 (r/w/o: 133.02/39.00/21.00) lat (ms,95%): 123.28 err/s: 0.00 reconn/s: 0.00
[ 76s ] thds: 1 tps: 10.00 qps: 192.97 (r/w/o: 132.98/39.99/20.00) lat (ms,95%): 108.68 err/s: 0.00 reconn/s: 0.00
[ 77s ] thds: 1 tps: 10.00 qps: 200.00 (r/w/o: 140.00/40.00/20.00) lat (ms,95%): 110.66 err/s: 0.00 reconn/s: 0.00
[ 78s ] thds: 1 tps: 9.00 qps: 194.00 (r/w/o: 140.00/35.00/19.00) lat (ms,95%): 114.72 err/s: 0.00 reconn/s: 0.00
[ 79s ] thds: 1 tps: 10.00 qps: 189.98 (r/w/o: 129.99/37.00/23.00) lat (ms,95%): 112.67 err/s: 0.00 reconn/s: 0.00
[ 80s ] thds: 1 tps: 10.00 qps: 196.02 (r/w/o: 136.02/39.00/21.00) lat (ms,95%): 108.68 err/s: 0.00 reconn/s: 0.00
[ 81s ] thds: 1 tps: 9.00 qps: 195.99 (r/w/o: 139.99/37.00/19.00) lat (ms,95%): 114.72 err/s: 0.00 reconn/s: 0.00
[ 82s ] thds: 1 tps: 10.00 qps: 197.00 (r/w/o: 139.00/37.00/21.00) lat (ms,95%): 112.67 err/s: 0.00 reconn/s: 0.00
[ 83s ] thds: 1 tps: 10.00 qps: 188.01 (r/w/o: 128.01/40.00/20.00) lat (ms,95%): 118.92 err/s: 0.00 reconn/s: 0.00
[ 84s ] thds: 1 tps: 9.00 qps: 190.99 (r/w/o: 136.99/36.00/18.00) lat (ms,95%): 112.67 err/s: 0.00 reconn/s: 0.00
[ 85s ] thds: 1 tps: 10.00 qps: 194.00 (r/w/o: 134.00/40.00/20.00) lat (ms,95%): 106.75 err/s: 0.00 reconn/s: 0.00
[ 86s ] thds: 1 tps: 10.00 qps: 200.02 (r/w/o: 140.01/40.00/20.00) lat (ms,95%): 104.84 err/s: 0.00 reconn/s: 0.00
[ 87s ] thds: 1 tps: 10.00 qps: 197.00 (r/w/o: 137.00/39.00/21.00) lat (ms,95%): 104.84 err/s: 0.00 reconn/s: 0.00
[ 88s ] thds: 1 tps: 9.00 qps: 193.99 (r/w/o: 136.99/39.00/18.00) lat (ms,95%): 106.75 err/s: 0.00 reconn/s: 0.00
[ 89s ] thds: 1 tps: 11.00 qps: 206.00 (r/w/o: 143.00/39.00/24.00) lat (ms,95%): 99.33 err/s: 0.00 reconn/s: 0.00
[ 90s ] thds: 1 tps: 9.00 qps: 194.99 (r/w/o: 136.99/40.00/18.00) lat (ms,95%): 112.67 err/s: 0.00 reconn/s: 0.00
[ 91s ] thds: 1 tps: 10.00 qps: 193.01 (r/w/o: 137.00/35.00/21.00) lat (ms,95%): 110.66 err/s: 0.00 reconn/s: 0.00
[ 92s ] thds: 1 tps: 10.00 qps: 201.04 (r/w/o: 141.03/40.01/20.00) lat (ms,95%): 108.68 err/s: 0.00 reconn/s: 0.00
[ 93s ] thds: 1 tps: 10.00 qps: 201.96 (r/w/o: 141.97/38.99/21.00) lat (ms,95%): 106.75 err/s: 0.00 reconn/s: 0.00
[ 94s ] thds: 1 tps: 10.00 qps: 196.06 (r/w/o: 136.04/40.01/20.01) lat (ms,95%): 106.75 err/s: 0.00 reconn/s: 0.00
[ 95s ] thds: 1 tps: 10.00 qps: 201.98 (r/w/o: 141.98/38.00/22.00) lat (ms,95%): 108.68 err/s: 0.00 reconn/s: 0.00
[ 96s ] thds: 1 tps: 10.00 qps: 198.95 (r/w/o: 138.96/38.99/20.99) lat (ms,95%): 110.66 err/s: 0.00 reconn/s: 0.00
[ 97s ] thds: 1 tps: 10.00 qps: 198.02 (r/w/o: 138.01/39.00/21.00) lat (ms,95%): 108.68 err/s: 0.00 reconn/s: 0.00
[ 98s ] thds: 1 tps: 10.00 qps: 200.00 (r/w/o: 140.00/38.00/22.00) lat (ms,95%): 104.84 err/s: 0.00 reconn/s: 0.00
[ 99s ] thds: 1 tps: 10.00 qps: 207.01 (r/w/o: 145.00/40.00/22.00) lat (ms,95%): 106.75 err/s: 0.00 reconn/s: 0.00
[ 100s ] thds: 1 tps: 10.00 qps: 196.91 (r/w/o: 138.94/37.98/19.99) lat (ms,95%): 106.75 err/s: 0.00 reconn/s: 0.00
[ 101s ] thds: 1 tps: 10.00 qps: 192.08 (r/w/o: 132.06/40.02/20.01) lat (ms,95%): 114.72 err/s: 0.00 reconn/s: 0.00
[ 102s ] thds: 1 tps: 10.00 qps: 207.00 (r/w/o: 147.00/40.00/20.00) lat (ms,95%): 108.68 err/s: 0.00 reconn/s: 0.00
[ 103s ] thds: 1 tps: 10.00 qps: 204.01 (r/w/o: 142.01/42.00/20.00) lat (ms,95%): 106.75 err/s: 0.00 reconn/s: 0.00
[ 104s ] thds: 1 tps: 10.00 qps: 199.00 (r/w/o: 140.00/37.00/22.00) lat (ms,95%): 108.68 err/s: 0.00 reconn/s: 0.00
[ 105s ] thds: 1 tps: 11.00 qps: 205.98 (r/w/o: 140.99/43.00/22.00) lat (ms,95%): 106.75 err/s: 0.00 reconn/s: 0.00
[ 106s ] thds: 1 tps: 10.00 qps: 198.05 (r/w/o: 139.04/40.01/19.01) lat (ms,95%): 112.67 err/s: 0.00 reconn/s: 0.00
[ 107s ] thds: 1 tps: 10.00 qps: 203.94 (r/w/o: 142.96/39.99/20.99) lat (ms,95%): 108.68 err/s: 0.00 reconn/s: 0.00
[ 108s ] thds: 1 tps: 10.00 qps: 207.00 (r/w/o: 147.00/40.00/20.00) lat (ms,95%): 108.68 err/s: 0.00 reconn/s: 0.00
[ 109s ] thds: 1 tps: 10.00 qps: 197.05 (r/w/o: 137.03/39.01/21.01) lat (ms,95%): 108.68 err/s: 0.00 reconn/s: 0.00
[ 110s ] thds: 1 tps: 10.00 qps: 200.97 (r/w/o: 140.98/38.99/21.00) lat (ms,95%): 108.68 err/s: 0.00 reconn/s: 0.00
[ 111s ] thds: 1 tps: 10.00 qps: 203.06 (r/w/o: 143.04/39.01/21.01) lat (ms,95%): 102.97 err/s: 0.00 reconn/s: 0.00
[ 112s ] thds: 1 tps: 10.00 qps: 199.94 (r/w/o: 139.95/39.99/19.99) lat (ms,95%): 108.68 err/s: 0.00 reconn/s: 0.00
[ 113s ] thds: 1 tps: 10.00 qps: 199.00 (r/w/o: 139.00/40.00/20.00) lat (ms,95%): 110.66 err/s: 0.00 reconn/s: 0.00
[ 114s ] thds: 1 tps: 10.00 qps: 199.98 (r/w/o: 139.99/39.00/21.00) lat (ms,95%): 106.75 err/s: 0.00 reconn/s: 0.00
[ 115s ] thds: 1 tps: 10.00 qps: 201.07 (r/w/o: 141.05/40.01/20.01) lat (ms,95%): 108.68 err/s: 0.00 reconn/s: 0.00
[ 116s ] thds: 1 tps: 10.00 qps: 198.96 (r/w/o: 138.97/38.99/21.00) lat (ms,95%): 112.67 err/s: 0.00 reconn/s: 0.00
[ 117s ] thds: 1 tps: 10.00 qps: 201.96 (r/w/o: 141.97/37.99/22.00) lat (ms,95%): 104.84 err/s: 0.00 reconn/s: 0.00
[ 118s ] thds: 1 tps: 10.00 qps: 203.03 (r/w/o: 142.02/41.01/20.00) lat (ms,95%): 104.84 err/s: 0.00 reconn/s: 0.00
[ 119s ] thds: 1 tps: 11.00 qps: 209.05 (r/w/o: 144.03/43.01/22.01) lat (ms,95%): 102.97 err/s: 0.00 reconn/s: 0.00
[ 120s ] thds: 1 tps: 10.00 qps: 197.97 (r/w/o: 137.98/38.99/21.00) lat (ms,95%): 112.67 err/s: 0.00 reconn/s: 0.00
[ 121s ] thds: 1 tps: 10.00 qps: 203.03 (r/w/o: 143.02/40.00/20.00) lat (ms,95%): 108.68 err/s: 0.00 reconn/s: 0.00
[ 122s ] thds: 1 tps: 10.00 qps: 202.96 (r/w/o: 142.97/39.99/20.00) lat (ms,95%): 108.68 err/s: 0.00 reconn/s: 0.00
[ 123s ] thds: 1 tps: 10.00 qps: 201.97 (r/w/o: 141.98/39.99/20.00) lat (ms,95%): 104.84 err/s: 0.00 reconn/s: 0.00
[ 124s ] thds: 1 tps: 10.00 qps: 206.04 (r/w/o: 144.03/42.01/20.00) lat (ms,95%): 110.66 err/s: 0.00 reconn/s: 0.00
[ 125s ] thds: 1 tps: 10.00 qps: 198.97 (r/w/o: 139.98/38.99/20.00) lat (ms,95%): 108.68 err/s: 0.00 reconn/s: 0.00
[ 126s ] thds: 1 tps: 11.00 qps: 205.01 (r/w/o: 140.00/42.00/23.00) lat (ms,95%): 101.13 err/s: 0.00 reconn/s: 0.00
[ 127s ] thds: 1 tps: 10.00 qps: 205.01 (r/w/o: 145.00/40.00/20.00) lat (ms,95%): 102.97 err/s: 0.00 reconn/s: 0.00
[ 128s ] thds: 1 tps: 10.00 qps: 205.00 (r/w/o: 145.00/40.00/20.00) lat (ms,95%): 101.13 err/s: 0.00 reconn/s: 0.00
[ 129s ] thds: 1 tps: 11.00 qps: 209.04 (r/w/o: 144.03/44.01/21.00) lat (ms,95%): 99.33 err/s: 0.00 reconn/s: 0.00
[ 130s ] thds: 1 tps: 9.00 qps: 198.94 (r/w/o: 139.96/39.99/18.99) lat (ms,95%): 106.75 err/s: 0.00 reconn/s: 0.00
[ 131s ] thds: 1 tps: 11.00 qps: 206.01 (r/w/o: 144.01/38.00/24.00) lat (ms,95%): 104.84 err/s: 0.00 reconn/s: 0.00
[ 132s ] thds: 1 tps: 10.00 qps: 208.99 (r/w/o: 148.99/37.00/23.00) lat (ms,95%): 101.13 err/s: 0.00 reconn/s: 0.00
[ 133s ] thds: 1 tps: 10.00 qps: 204.99 (r/w/o: 140.99/43.00/21.00) lat (ms,95%): 108.68 err/s: 0.00 reconn/s: 0.00
[ 134s ] thds: 1 tps: 11.00 qps: 205.00 (r/w/o: 143.00/40.00/22.00) lat (ms,95%): 102.97 err/s: 0.00 reconn/s: 0.00
[ 135s ] thds: 1 tps: 10.00 qps: 200.06 (r/w/o: 140.04/39.01/21.01) lat (ms,95%): 112.67 err/s: 0.00 reconn/s: 0.00
[ 136s ] thds: 1 tps: 10.00 qps: 201.99 (r/w/o: 141.99/39.00/21.00) lat (ms,95%): 104.84 err/s: 0.00 reconn/s: 0.00
[ 137s ] thds: 1 tps: 10.00 qps: 212.01 (r/w/o: 149.01/43.00/20.00) lat (ms,95%): 99.33 err/s: 0.00 reconn/s: 0.00
[ 138s ] thds: 1 tps: 11.00 qps: 202.98 (r/w/o: 139.99/40.00/23.00) lat (ms,95%): 104.84 err/s: 0.00 reconn/s: 0.00
[ 139s ] thds: 1 tps: 10.00 qps: 209.00 (r/w/o: 149.00/39.00/21.00) lat (ms,95%): 101.13 err/s: 0.00 reconn/s: 0.00
[ 140s ] thds: 1 tps: 10.00 qps: 208.03 (r/w/o: 145.02/43.01/20.00) lat (ms,95%): 104.84 err/s: 0.00 reconn/s: 0.00
[ 141s ] thds: 1 tps: 11.00 qps: 205.00 (r/w/o: 142.00/41.00/22.00) lat (ms,95%): 101.13 err/s: 0.00 reconn/s: 0.00
[ 142s ] thds: 1 tps: 10.00 qps: 209.98 (r/w/o: 149.98/39.00/21.00) lat (ms,95%): 102.97 err/s: 0.00 reconn/s: 0.00
[ 143s ] thds: 1 tps: 11.00 qps: 207.00 (r/w/o: 142.00/43.00/22.00) lat (ms,95%): 101.13 err/s: 0.00 reconn/s: 0.00
[ 144s ] thds: 1 tps: 10.00 qps: 210.96 (r/w/o: 149.97/39.99/21.00) lat (ms,95%): 101.13 err/s: 0.00 reconn/s: 0.00
[ 145s ] thds: 1 tps: 10.00 qps: 200.01 (r/w/o: 140.01/40.00/20.00) lat (ms,95%): 110.66 err/s: 0.00 reconn/s: 0.00
[ 146s ] thds: 1 tps: 10.00 qps: 208.02 (r/w/o: 144.01/43.00/21.00) lat (ms,95%): 101.13 err/s: 0.00 reconn/s: 0.00
[ 147s ] thds: 1 tps: 11.00 qps: 209.95 (r/w/o: 147.97/38.99/22.99) lat (ms,95%): 101.13 err/s: 0.00 reconn/s: 0.00
[ 148s ] thds: 1 tps: 10.00 qps: 209.05 (r/w/o: 146.04/43.01/20.00) lat (ms,95%): 106.75 err/s: 0.00 reconn/s: 0.00
[ 149s ] thds: 1 tps: 11.00 qps: 208.94 (r/w/o: 145.96/40.99/21.99) lat (ms,95%): 101.13 err/s: 0.00 reconn/s: 0.00
[ 150s ] thds: 1 tps: 10.00 qps: 209.03 (r/w/o: 148.02/40.01/21.00) lat (ms,95%): 99.33 err/s: 0.00 reconn/s: 0.00
[ 151s ] thds: 1 tps: 11.00 qps: 208.01 (r/w/o: 143.01/43.00/22.00) lat (ms,95%): 106.75 err/s: 0.00 reconn/s: 0.00
[ 152s ] thds: 1 tps: 10.00 qps: 210.99 (r/w/o: 150.99/39.00/21.00) lat (ms,95%): 101.13 err/s: 0.00 reconn/s: 0.00
[ 153s ] thds: 1 tps: 11.00 qps: 212.04 (r/w/o: 146.03/43.01/23.00) lat (ms,95%): 99.33 err/s: 0.00 reconn/s: 0.00
[ 154s ] thds: 1 tps: 10.00 qps: 208.99 (r/w/o: 147.99/39.00/22.00) lat (ms,95%): 106.75 err/s: 0.00 reconn/s: 0.00
[ 155s ] thds: 1 tps: 11.00 qps: 204.98 (r/w/o: 139.99/43.00/22.00) lat (ms,95%): 101.13 err/s: 0.00 reconn/s: 0.00
[ 156s ] thds: 1 tps: 10.00 qps: 201.00 (r/w/o: 141.00/39.00/21.00) lat (ms,95%): 104.84 err/s: 0.00 reconn/s: 0.00
[ 157s ] thds: 1 tps: 10.00 qps: 204.00 (r/w/o: 144.00/40.00/20.00) lat (ms,95%): 108.68 err/s: 0.00 reconn/s: 0.00
[ 158s ] thds: 1 tps: 10.00 qps: 203.02 (r/w/o: 143.02/40.00/20.00) lat (ms,95%): 101.13 err/s: 0.00 reconn/s: 0.00
[ 159s ] thds: 1 tps: 10.00 qps: 201.98 (r/w/o: 141.99/40.00/20.00) lat (ms,95%): 112.67 err/s: 0.00 reconn/s: 0.00
[ 160s ] thds: 1 tps: 10.00 qps: 204.98 (r/w/o: 143.98/41.00/20.00) lat (ms,95%): 101.13 err/s: 0.00 reconn/s: 0.00
[ 161s ] thds: 1 tps: 10.00 qps: 200.04 (r/w/o: 140.03/40.01/20.00) lat (ms,95%): 106.75 err/s: 0.00 reconn/s: 0.00
[ 162s ] thds: 1 tps: 10.00 qps: 198.99 (r/w/o: 139.99/39.00/20.00) lat (ms,95%): 106.75 err/s: 0.00 reconn/s: 0.00
[ 163s ] thds: 1 tps: 11.00 qps: 208.01 (r/w/o: 142.01/44.00/22.00) lat (ms,95%): 101.13 err/s: 0.00 reconn/s: 0.00
[ 164s ] thds: 1 tps: 10.00 qps: 206.00 (r/w/o: 146.00/39.00/21.00) lat (ms,95%): 108.68 err/s: 0.00 reconn/s: 0.00
[ 165s ] thds: 1 tps: 10.00 qps: 204.98 (r/w/o: 144.99/38.00/22.00) lat (ms,95%): 102.97 err/s: 0.00 reconn/s: 0.00
[ 166s ] thds: 1 tps: 11.00 qps: 211.98 (r/w/o: 145.99/42.00/24.00) lat (ms,95%): 99.33 err/s: 0.00 reconn/s: 0.00
[ 167s ] thds: 1 tps: 10.00 qps: 208.03 (r/w/o: 148.02/40.01/20.00) lat (ms,95%): 102.97 err/s: 0.00 reconn/s: 0.00
[ 168s ] thds: 1 tps: 11.00 qps: 210.02 (r/w/o: 144.01/43.00/23.00) lat (ms,95%): 99.33 err/s: 0.00 reconn/s: 0.00
[ 169s ] thds: 1 tps: 10.00 qps: 213.99 (r/w/o: 151.00/43.00/20.00) lat (ms,95%): 104.84 err/s: 0.00 reconn/s: 0.00
[ 170s ] thds: 1 tps: 11.00 qps: 209.03 (r/w/o: 146.02/41.01/22.00) lat (ms,95%): 99.33 err/s: 0.00 reconn/s: 0.00
[ 171s ] thds: 1 tps: 10.00 qps: 208.03 (r/w/o: 148.02/40.01/20.00) lat (ms,95%): 99.33 err/s: 0.00 reconn/s: 0.00
[ 172s ] thds: 1 tps: 11.00 qps: 207.94 (r/w/o: 141.96/43.99/21.99) lat (ms,95%): 101.13 err/s: 0.00 reconn/s: 0.00
[ 173s ] thds: 1 tps: 10.00 qps: 212.98 (r/w/o: 151.99/39.00/22.00) lat (ms,95%): 104.84 err/s: 0.00 reconn/s: 0.00
[ 174s ] thds: 1 tps: 11.00 qps: 206.98 (r/w/o: 141.98/43.00/22.00) lat (ms,95%): 104.84 err/s: 0.00 reconn/s: 0.00
[ 175s ] thds: 1 tps: 10.00 qps: 207.99 (r/w/o: 148.00/40.00/20.00) lat (ms,95%): 108.68 err/s: 0.00 reconn/s: 0.00
[ 176s ] thds: 1 tps: 10.00 qps: 208.04 (r/w/o: 144.03/43.01/21.00) lat (ms,95%): 104.84 err/s: 0.00 reconn/s: 0.00
[ 177s ] thds: 1 tps: 11.00 qps: 211.01 (r/w/o: 149.00/39.00/23.00) lat (ms,95%): 102.97 err/s: 0.00 reconn/s: 0.00
[ 178s ] thds: 1 tps: 10.00 qps: 204.02 (r/w/o: 144.02/40.00/20.00) lat (ms,95%): 108.68 err/s: 0.00 reconn/s: 0.00
[ 179s ] thds: 1 tps: 11.00 qps: 219.99 (r/w/o: 153.99/43.00/23.00) lat (ms,95%): 94.10 err/s: 0.00 reconn/s: 0.00
[ 180s ] thds: 1 tps: 11.00 qps: 212.96 (r/w/o: 146.97/43.99/22.00) lat (ms,95%): 97.55 err/s: 0.00 reconn/s: 0.00
[ 181s ] thds: 1 tps: 10.00 qps: 204.04 (r/w/o: 144.03/39.01/21.00) lat (ms,95%): 101.13 err/s: 0.00 reconn/s: 0.00
[ 182s ] thds: 1 tps: 11.00 qps: 214.94 (r/w/o: 148.96/41.99/23.99) lat (ms,95%): 101.13 err/s: 0.00 reconn/s: 0.00
[ 183s ] thds: 1 tps: 10.00 qps: 209.00 (r/w/o: 149.00/39.00/21.00) lat (ms,95%): 102.97 err/s: 0.00 reconn/s: 0.00
[ 184s ] thds: 1 tps: 11.00 qps: 211.04 (r/w/o: 145.03/44.01/22.00) lat (ms,95%): 97.55 err/s: 0.00 reconn/s: 0.00
[ 185s ] thds: 1 tps: 10.00 qps: 211.02 (r/w/o: 149.01/41.00/21.00) lat (ms,95%): 106.75 err/s: 0.00 reconn/s: 0.00
[ 186s ] thds: 1 tps: 11.00 qps: 215.93 (r/w/o: 151.95/41.99/21.99) lat (ms,95%): 97.55 err/s: 0.00 reconn/s: 0.00
[ 187s ] thds: 1 tps: 11.00 qps: 214.02 (r/w/o: 148.01/44.00/22.00) lat (ms,95%): 99.33 err/s: 0.00 reconn/s: 0.00
[ 188s ] thds: 1 tps: 10.01 qps: 212.12 (r/w/o: 148.09/43.02/21.01) lat (ms,95%): 99.33 err/s: 0.00 reconn/s: 0.00
[ 189s ] thds: 1 tps: 10.99 qps: 216.85 (r/w/o: 153.89/38.97/23.98) lat (ms,95%): 97.55 err/s: 0.00 reconn/s: 0.00
[ 190s ] thds: 1 tps: 11.00 qps: 213.06 (r/w/o: 148.04/43.01/22.01) lat (ms,95%): 97.55 err/s: 0.00 reconn/s: 0.00
[ 191s ] thds: 1 tps: 10.00 qps: 207.94 (r/w/o: 145.96/40.99/20.99) lat (ms,95%): 106.75 err/s: 0.00 reconn/s: 0.00
[ 192s ] thds: 1 tps: 11.00 qps: 215.02 (r/w/o: 151.01/41.00/23.00) lat (ms,95%): 99.33 err/s: 0.00 reconn/s: 0.00
[ 193s ] thds: 1 tps: 11.00 qps: 208.05 (r/w/o: 143.03/44.01/21.01) lat (ms,95%): 99.33 err/s: 0.00 reconn/s: 0.00
[ 194s ] thds: 1 tps: 10.00 qps: 214.00 (r/w/o: 153.00/40.00/21.00) lat (ms,95%): 97.55 err/s: 0.00 reconn/s: 0.00
[ 195s ] thds: 1 tps: 11.00 qps: 218.98 (r/w/o: 152.99/44.00/22.00) lat (ms,95%): 97.55 err/s: 0.00 reconn/s: 0.00
[ 196s ] thds: 1 tps: 11.00 qps: 218.95 (r/w/o: 152.97/42.99/23.00) lat (ms,95%): 95.81 err/s: 0.00 reconn/s: 0.00
[ 197s ] thds: 1 tps: 11.00 qps: 214.06 (r/w/o: 148.04/44.01/22.01) lat (ms,95%): 95.81 err/s: 0.00 reconn/s: 0.00
[ 198s ] thds: 1 tps: 11.00 qps: 213.94 (r/w/o: 148.96/42.99/21.99) lat (ms,95%): 99.33 err/s: 0.00 reconn/s: 0.00
[ 199s ] thds: 1 tps: 10.00 qps: 214.02 (r/w/o: 153.01/40.00/21.00) lat (ms,95%): 95.81 err/s: 0.00 reconn/s: 0.00
[ 200s ] thds: 1 tps: 11.00 qps: 214.03 (r/w/o: 148.02/44.01/22.00) lat (ms,95%): 95.81 err/s: 0.00 reconn/s: 0.00
[ 201s ] thds: 1 tps: 10.00 qps: 211.00 (r/w/o: 147.00/43.00/21.00) lat (ms,95%): 102.97 err/s: 0.00 reconn/s: 0.00
[ 202s ] thds: 1 tps: 11.00 qps: 214.09 (r/w/o: 152.06/40.02/22.01) lat (ms,95%): 99.33 err/s: 0.00 reconn/s: 0.00
[ 203s ] thds: 1 tps: 10.99 qps: 215.87 (r/w/o: 149.91/43.97/21.99) lat (ms,95%): 95.81 err/s: 0.00 reconn/s: 0.00
[ 204s ] thds: 1 tps: 11.00 qps: 212.01 (r/w/o: 146.01/42.00/24.00) lat (ms,95%): 99.33 err/s: 0.00 reconn/s: 0.00
[ 205s ] thds: 1 tps: 10.00 qps: 215.01 (r/w/o: 154.01/41.00/20.00) lat (ms,95%): 101.13 err/s: 0.00 reconn/s: 0.00
[ 206s ] thds: 1 tps: 11.00 qps: 209.99 (r/w/o: 145.00/41.00/24.00) lat (ms,95%): 102.97 err/s: 0.00 reconn/s: 0.00
[ 207s ] thds: 1 tps: 10.00 qps: 213.01 (r/w/o: 149.00/42.00/22.00) lat (ms,95%): 97.55 err/s: 0.00 reconn/s: 0.00
[ 208s ] thds: 1 tps: 11.00 qps: 215.00 (r/w/o: 153.00/39.00/23.00) lat (ms,95%): 97.55 err/s: 0.00 reconn/s: 0.00
[ 209s ] thds: 1 tps: 11.00 qps: 208.01 (r/w/o: 142.00/44.00/22.00) lat (ms,95%): 101.13 err/s: 0.00 reconn/s: 0.00
[ 210s ] thds: 1 tps: 10.00 qps: 212.98 (r/w/o: 152.99/39.00/21.00) lat (ms,95%): 99.33 err/s: 0.00 reconn/s: 0.00
[ 211s ] thds: 1 tps: 11.00 qps: 212.97 (r/w/o: 146.98/43.99/22.00) lat (ms,95%): 99.33 err/s: 0.00 reconn/s: 0.00
[ 212s ] thds: 1 tps: 11.00 qps: 216.01 (r/w/o: 150.01/42.00/24.00) lat (ms,95%): 99.33 err/s: 0.00 reconn/s: 0.00
[ 213s ] thds: 1 tps: 10.00 qps: 211.04 (r/w/o: 151.03/39.01/21.00) lat (ms,95%): 99.33 err/s: 0.00 reconn/s: 0.00
[ 214s ] thds: 1 tps: 11.00 qps: 213.09 (r/w/o: 147.06/43.02/23.01) lat (ms,95%): 99.33 err/s: 0.00 reconn/s: 0.00
[ 215s ] thds: 1 tps: 9.99 qps: 210.87 (r/w/o: 146.91/42.97/20.99) lat (ms,95%): 104.84 err/s: 0.00 reconn/s: 0.00
[ 216s ] thds: 1 tps: 11.00 qps: 216.03 (r/w/o: 154.02/40.01/22.00) lat (ms,95%): 95.81 err/s: 0.00 reconn/s: 0.00
[ 217s ] thds: 1 tps: 11.00 qps: 218.09 (r/w/o: 152.06/44.02/22.01) lat (ms,95%): 99.33 err/s: 0.00 reconn/s: 0.00
[ 218s ] thds: 1 tps: 10.99 qps: 212.86 (r/w/o: 146.90/43.97/21.99) lat (ms,95%): 97.55 err/s: 0.00 reconn/s: 0.00
[ 219s ] thds: 1 tps: 11.00 qps: 216.05 (r/w/o: 150.04/43.01/23.01) lat (ms,95%): 95.81 err/s: 0.00 reconn/s: 0.00
[ 220s ] thds: 1 tps: 10.00 qps: 209.95 (r/w/o: 149.96/38.99/21.00) lat (ms,95%): 99.33 err/s: 0.00 reconn/s: 0.00
[ 221s ] thds: 1 tps: 11.00 qps: 213.07 (r/w/o: 147.05/42.01/24.01) lat (ms,95%): 97.55 err/s: 0.00 reconn/s: 0.00
[ 222s ] thds: 1 tps: 10.00 qps: 211.94 (r/w/o: 149.96/41.99/19.99) lat (ms,95%): 102.97 err/s: 0.00 reconn/s: 0.00
[ 223s ] thds: 1 tps: 11.01 qps: 220.16 (r/w/o: 154.11/44.03/22.02) lat (ms,95%): 94.10 err/s: 0.00 reconn/s: 0.00
[ 224s ] thds: 1 tps: 10.99 qps: 216.81 (r/w/o: 152.87/40.96/22.98) lat (ms,95%): 97.55 err/s: 0.00 reconn/s: 0.00
[ 225s ] thds: 1 tps: 11.00 qps: 213.09 (r/w/o: 147.07/43.02/23.01) lat (ms,95%): 99.33 err/s: 0.00 reconn/s: 0.00
[ 226s ] thds: 1 tps: 10.00 qps: 210.07 (r/w/o: 148.05/42.01/20.01) lat (ms,95%): 104.84 err/s: 0.00 reconn/s: 0.00
[ 227s ] thds: 1 tps: 10.99 qps: 217.90 (r/w/o: 153.93/41.98/21.99) lat (ms,95%): 99.33 err/s: 0.00 reconn/s: 0.00
[ 228s ] thds: 1 tps: 11.00 qps: 222.96 (r/w/o: 153.97/45.99/23.00) lat (ms,95%): 94.10 err/s: 0.00 reconn/s: 0.00
[ 229s ] thds: 1 tps: 11.00 qps: 215.05 (r/w/o: 152.03/41.01/22.00) lat (ms,95%): 97.55 err/s: 0.00 reconn/s: 0.00
[ 230s ] thds: 1 tps: 11.00 qps: 215.99 (r/w/o: 149.99/43.00/23.00) lat (ms,95%): 95.81 err/s: 0.00 reconn/s: 0.00
[ 231s ] thds: 1 tps: 11.01 qps: 213.11 (r/w/o: 147.08/43.02/23.01) lat (ms,95%): 99.33 err/s: 0.00 reconn/s: 0.00
[ 232s ] thds: 1 tps: 11.00 qps: 218.00 (r/w/o: 153.00/43.00/22.00) lat (ms,95%): 94.10 err/s: 0.00 reconn/s: 0.00
[ 233s ] thds: 1 tps: 9.99 qps: 213.84 (r/w/o: 152.88/39.97/20.98) lat (ms,95%): 99.33 err/s: 0.00 reconn/s: 0.00
[ 234s ] thds: 1 tps: 11.00 qps: 210.05 (r/w/o: 144.03/43.01/23.01) lat (ms,95%): 101.13 err/s: 0.00 reconn/s: 0.00
[ 235s ] thds: 1 tps: 11.00 qps: 221.97 (r/w/o: 155.98/41.99/24.00) lat (ms,95%): 95.81 err/s: 0.00 reconn/s: 0.00
[ 236s ] thds: 1 tps: 11.00 qps: 217.01 (r/w/o: 151.01/41.00/25.00) lat (ms,95%): 95.81 err/s: 0.00 reconn/s: 0.00
[ 237s ] thds: 1 tps: 10.00 qps: 211.97 (r/w/o: 151.98/37.99/22.00) lat (ms,95%): 99.33 err/s: 0.00 reconn/s: 0.00
[ 238s ] thds: 1 tps: 11.00 qps: 217.02 (r/w/o: 151.01/44.00/22.00) lat (ms,95%): 95.81 err/s: 0.00 reconn/s: 0.00
[ 239s ] thds: 1 tps: 11.00 qps: 218.97 (r/w/o: 152.98/42.99/23.00) lat (ms,95%): 95.81 err/s: 0.00 reconn/s: 0.00
[ 240s ] thds: 1 tps: 11.01 qps: 215.15 (r/w/o: 149.11/44.03/22.02) lat (ms,95%): 95.81 err/s: 0.00 reconn/s: 0.00
Latency histogram (values are in milliseconds)
       value  ------------- distribution ------------- count
      78.597 |                                         1
      81.479 |*                                        4
      82.959 |*                                        9
      84.467 |**                                       12
      86.002 |******                                   35
      87.564 |***********                              66
      89.155 |***************                          96
      90.775 |*********************                    129
      92.424 |****************************             174
      94.104 |*********************************        203
      95.814 |**************************************   235
      97.555 |**********************************       211
      99.327 |**************************************** 248
     101.132 |**********************************       211
     102.969 |********************************         196
     104.840 |****************************             171
     106.745 |**********************                   137
     108.685 |****************                         97
     110.659 |*********                                58
     112.670 |*********                                57
     114.717 |*****                                    32
     116.802 |***                                      21
     118.924 |*                                        9
     121.085 |*                                        4
     123.285 |                                         2
     125.525 |                                         1
     130.128 |                                         1
     320.167 |                                         1
 
SQL statistics:
    queries performed:
        read:                            33894
        write:                           9529
        other:                           4996
        total:                           48419
    transactions:                        2421   (10.08 per sec.)
    queries:                             48419  (201.69 per sec.)
    ignored errors:                      0      (0.00 per sec.)
    reconnects:                          0      (0.00 per sec.)

Throughput:
    events/s (eps):                      10.0845
    time elapsed:                        240.0715s
    total number of events:              2421

Latency (ms):
         min:                                   78.28
         avg:                                   99.16
         max:                                  322.00
         95th percentile:                      112.67
         sum:                               240063.16

Threads fairness:
    events (avg/stddev):           2421.0000/0.00
    execution time (avg/stddev):   240.0632/0.00

