sysbench 1.1.0-3ceba0b (using bundled LuaJIT 2.1.0-beta3)

Running the test with following options:
Number of threads: 64
Warmup time: 60s
Report intermediate results every 1 second(s)
Initializing random number generator from current time


Initializing worker threads...

Threads started!

Warming up for 60 seconds...

[ 1s ] thds: 64 tps: 1005.94 qps: 16103.63 (r/w/o: 14090.78/0.00/2012.85) lat (ms,95%): 77.19 err/s: 0.00 reconn/s: 0.00
[ 2s ] thds: 64 tps: 1064.10 qps: 17047.64 (r/w/o: 14915.43/0.00/2132.20) lat (ms,95%): 80.03 err/s: 0.00 reconn/s: 0.00
[ 3s ] thds: 64 tps: 1054.11 qps: 16913.68 (r/w/o: 14804.47/0.00/2109.21) lat (ms,95%): 81.48 err/s: 0.00 reconn/s: 0.00
[ 4s ] thds: 64 tps: 1067.20 qps: 16956.22 (r/w/o: 14823.82/0.00/2132.41) lat (ms,95%): 81.48 err/s: 0.00 reconn/s: 0.00
[ 5s ] thds: 64 tps: 1076.54 qps: 17272.72 (r/w/o: 15119.63/0.00/2153.09) lat (ms,95%): 78.60 err/s: 0.00 reconn/s: 0.00
[ 6s ] thds: 64 tps: 1033.31 qps: 16569.97 (r/w/o: 14505.34/0.00/2064.63) lat (ms,95%): 84.47 err/s: 0.00 reconn/s: 0.00
[ 7s ] thds: 64 tps: 1065.06 qps: 17074.03 (r/w/o: 14939.90/0.00/2134.13) lat (ms,95%): 81.48 err/s: 0.00 reconn/s: 0.00
[ 8s ] thds: 64 tps: 1052.59 qps: 16821.36 (r/w/o: 14716.19/0.00/2105.17) lat (ms,95%): 82.96 err/s: 0.00 reconn/s: 0.00
[ 9s ] thds: 64 tps: 1038.08 qps: 16507.24 (r/w/o: 14435.08/0.00/2072.16) lat (ms,95%): 87.56 err/s: 0.00 reconn/s: 0.00
[ 10s ] thds: 64 tps: 1084.02 qps: 17350.30 (r/w/o: 15180.26/0.00/2170.04) lat (ms,95%): 78.60 err/s: 0.00 reconn/s: 0.00
[ 11s ] thds: 64 tps: 1063.81 qps: 17106.96 (r/w/o: 14979.34/0.00/2127.62) lat (ms,95%): 78.60 err/s: 0.00 reconn/s: 0.00
[ 12s ] thds: 64 tps: 1044.32 qps: 16615.06 (r/w/o: 14527.42/0.00/2087.64) lat (ms,95%): 86.00 err/s: 0.00 reconn/s: 0.00
[ 13s ] thds: 64 tps: 1035.24 qps: 16617.84 (r/w/o: 14546.35/0.00/2071.48) lat (ms,95%): 81.48 err/s: 0.00 reconn/s: 0.00
[ 14s ] thds: 64 tps: 1065.09 qps: 17070.43 (r/w/o: 14939.25/0.00/2131.18) lat (ms,95%): 80.03 err/s: 0.00 reconn/s: 0.00
[ 15s ] thds: 64 tps: 1051.80 qps: 16762.89 (r/w/o: 14659.28/0.00/2103.61) lat (ms,95%): 82.96 err/s: 0.00 reconn/s: 0.00
[ 16s ] thds: 64 tps: 1037.35 qps: 16610.64 (r/w/o: 14537.93/0.00/2072.70) lat (ms,95%): 82.96 err/s: 0.00 reconn/s: 0.00
[ 17s ] thds: 64 tps: 1039.40 qps: 16635.37 (r/w/o: 14556.57/0.00/2078.80) lat (ms,95%): 84.47 err/s: 0.00 reconn/s: 0.00
[ 18s ] thds: 64 tps: 1062.01 qps: 17013.11 (r/w/o: 14888.09/0.00/2125.01) lat (ms,95%): 80.03 err/s: 0.00 reconn/s: 0.00
[ 19s ] thds: 64 tps: 1065.83 qps: 17040.26 (r/w/o: 14907.60/0.00/2132.66) lat (ms,95%): 81.48 err/s: 0.00 reconn/s: 0.00
[ 20s ] thds: 64 tps: 1052.66 qps: 16797.55 (r/w/o: 14692.24/0.00/2105.32) lat (ms,95%): 82.96 err/s: 0.00 reconn/s: 0.00
[ 21s ] thds: 64 tps: 1073.55 qps: 17178.82 (r/w/o: 15032.72/0.00/2146.10) lat (ms,95%): 78.60 err/s: 0.00 reconn/s: 0.00
[ 22s ] thds: 64 tps: 1065.06 qps: 17094.90 (r/w/o: 14967.79/0.00/2127.11) lat (ms,95%): 78.60 err/s: 0.00 reconn/s: 0.00
[ 23s ] thds: 64 tps: 1035.01 qps: 16506.10 (r/w/o: 14434.09/0.00/2072.01) lat (ms,95%): 84.47 err/s: 0.00 reconn/s: 0.00
[ 24s ] thds: 64 tps: 1039.99 qps: 16710.92 (r/w/o: 14627.93/0.00/2082.99) lat (ms,95%): 81.48 err/s: 0.00 reconn/s: 0.00
[ 25s ] thds: 64 tps: 1088.91 qps: 17378.50 (r/w/o: 15204.69/0.00/2173.81) lat (ms,95%): 77.19 err/s: 0.00 reconn/s: 0.00
[ 26s ] thds: 64 tps: 1041.37 qps: 16700.93 (r/w/o: 14615.18/0.00/2085.74) lat (ms,95%): 86.00 err/s: 0.00 reconn/s: 0.00
[ 27s ] thds: 64 tps: 1085.47 qps: 17303.45 (r/w/o: 15136.51/0.00/2166.93) lat (ms,95%): 80.03 err/s: 0.00 reconn/s: 0.00
[ 28s ] thds: 64 tps: 1021.18 qps: 16385.90 (r/w/o: 14340.54/0.00/2045.36) lat (ms,95%): 84.47 err/s: 0.00 reconn/s: 0.00
[ 29s ] thds: 64 tps: 1035.48 qps: 16558.73 (r/w/o: 14488.76/0.00/2069.97) lat (ms,95%): 82.96 err/s: 0.00 reconn/s: 0.00
[ 30s ] thds: 64 tps: 1040.55 qps: 16671.87 (r/w/o: 14587.76/0.00/2084.11) lat (ms,95%): 86.00 err/s: 0.00 reconn/s: 0.00
[ 31s ] thds: 64 tps: 1053.62 qps: 16808.97 (r/w/o: 14702.72/0.00/2106.25) lat (ms,95%): 81.48 err/s: 0.00 reconn/s: 0.00
[ 32s ] thds: 64 tps: 1040.74 qps: 16713.79 (r/w/o: 14632.31/0.00/2081.48) lat (ms,95%): 81.48 err/s: 0.00 reconn/s: 0.00
[ 33s ] thds: 64 tps: 1069.15 qps: 17090.41 (r/w/o: 14952.11/0.00/2138.30) lat (ms,95%): 81.48 err/s: 0.00 reconn/s: 0.00
[ 34s ] thds: 64 tps: 1062.92 qps: 16989.65 (r/w/o: 14864.82/0.00/2124.83) lat (ms,95%): 80.03 err/s: 0.00 reconn/s: 0.00
[ 35s ] thds: 64 tps: 1028.65 qps: 16441.38 (r/w/o: 14385.08/0.00/2056.30) lat (ms,95%): 86.00 err/s: 0.00 reconn/s: 0.00
[ 36s ] thds: 64 tps: 1037.82 qps: 16599.17 (r/w/o: 14522.52/0.00/2076.65) lat (ms,95%): 84.47 err/s: 0.00 reconn/s: 0.00
[ 37s ] thds: 64 tps: 1050.16 qps: 16803.49 (r/w/o: 14703.18/0.00/2100.31) lat (ms,95%): 81.48 err/s: 0.00 reconn/s: 0.00
[ 38s ] thds: 64 tps: 1064.88 qps: 17017.08 (r/w/o: 14889.32/0.00/2127.76) lat (ms,95%): 81.48 err/s: 0.00 reconn/s: 0.00
[ 39s ] thds: 64 tps: 1055.50 qps: 16940.99 (r/w/o: 14825.99/0.00/2115.00) lat (ms,95%): 80.03 err/s: 0.00 reconn/s: 0.00
[ 40s ] thds: 64 tps: 1033.45 qps: 16519.14 (r/w/o: 14454.25/0.00/2064.89) lat (ms,95%): 84.47 err/s: 0.00 reconn/s: 0.00
[ 41s ] thds: 64 tps: 1071.05 qps: 17112.87 (r/w/o: 14970.76/0.00/2142.11) lat (ms,95%): 80.03 err/s: 0.00 reconn/s: 0.00
[ 42s ] thds: 64 tps: 1071.02 qps: 17209.39 (r/w/o: 15066.34/0.00/2143.05) lat (ms,95%): 80.03 err/s: 0.00 reconn/s: 0.00
[ 43s ] thds: 64 tps: 1042.07 qps: 16668.17 (r/w/o: 14584.03/0.00/2084.15) lat (ms,95%): 82.96 err/s: 0.00 reconn/s: 0.00
[ 44s ] thds: 64 tps: 1044.94 qps: 16743.03 (r/w/o: 14653.16/0.00/2089.88) lat (ms,95%): 82.96 err/s: 0.00 reconn/s: 0.00
[ 45s ] thds: 64 tps: 1074.11 qps: 17128.70 (r/w/o: 14980.48/0.00/2148.22) lat (ms,95%): 80.03 err/s: 0.00 reconn/s: 0.00
[ 46s ] thds: 64 tps: 1049.93 qps: 16797.87 (r/w/o: 14699.01/0.00/2098.86) lat (ms,95%): 82.96 err/s: 0.00 reconn/s: 0.00
[ 47s ] thds: 64 tps: 1034.89 qps: 16498.20 (r/w/o: 14430.43/0.00/2067.77) lat (ms,95%): 84.47 err/s: 0.00 reconn/s: 0.00
[ 48s ] thds: 64 tps: 1054.79 qps: 16943.58 (r/w/o: 14832.01/0.00/2111.57) lat (ms,95%): 81.48 err/s: 0.00 reconn/s: 0.00
[ 49s ] thds: 64 tps: 1033.97 qps: 16539.49 (r/w/o: 14469.56/0.00/2069.94) lat (ms,95%): 84.47 err/s: 0.00 reconn/s: 0.00
[ 50s ] thds: 64 tps: 1045.44 qps: 16659.00 (r/w/o: 14571.12/0.00/2087.88) lat (ms,95%): 84.47 err/s: 0.00 reconn/s: 0.00
[ 51s ] thds: 64 tps: 1061.40 qps: 17007.31 (r/w/o: 14883.52/0.00/2123.79) lat (ms,95%): 81.48 err/s: 0.00 reconn/s: 0.00
[ 52s ] thds: 64 tps: 1081.48 qps: 17350.77 (r/w/o: 15186.80/0.00/2163.97) lat (ms,95%): 80.03 err/s: 0.00 reconn/s: 0.00
[ 53s ] thds: 64 tps: 1057.98 qps: 16863.73 (r/w/o: 14750.76/0.00/2112.97) lat (ms,95%): 81.48 err/s: 0.00 reconn/s: 0.00
[ 54s ] thds: 64 tps: 1023.03 qps: 16437.52 (r/w/o: 14392.45/0.00/2045.06) lat (ms,95%): 84.47 err/s: 0.00 reconn/s: 0.00
[ 55s ] thds: 64 tps: 1064.03 qps: 17020.47 (r/w/o: 14891.41/0.00/2129.06) lat (ms,95%): 81.48 err/s: 0.00 reconn/s: 0.00
[ 56s ] thds: 64 tps: 1044.93 qps: 16698.81 (r/w/o: 14605.96/0.00/2092.85) lat (ms,95%): 81.48 err/s: 0.00 reconn/s: 0.00
[ 57s ] thds: 64 tps: 1064.71 qps: 17043.29 (r/w/o: 14915.88/0.00/2127.41) lat (ms,95%): 82.96 err/s: 0.00 reconn/s: 0.00
[ 58s ] thds: 64 tps: 1027.31 qps: 16445.02 (r/w/o: 14389.39/0.00/2055.63) lat (ms,95%): 84.47 err/s: 0.00 reconn/s: 0.00
[ 59s ] thds: 64 tps: 1049.91 qps: 16859.57 (r/w/o: 14759.75/0.00/2099.82) lat (ms,95%): 81.48 err/s: 0.00 reconn/s: 0.00
[ 60s ] thds: 64 tps: 1056.53 qps: 16836.53 (r/w/o: 14723.47/0.00/2113.06) lat (ms,95%): 84.47 err/s: 0.00 reconn/s: 0.00
[ 61s ] thds: 64 tps: 1051.41 qps: 16834.56 (r/w/o: 14730.74/0.00/2103.82) lat (ms,95%): 82.96 err/s: 0.00 reconn/s: 0.00
[ 62s ] thds: 64 tps: 1077.81 qps: 17219.99 (r/w/o: 15067.37/0.00/2152.62) lat (ms,95%): 80.03 err/s: 0.00 reconn/s: 0.00
[ 63s ] thds: 64 tps: 1055.32 qps: 16895.06 (r/w/o: 14782.43/0.00/2112.63) lat (ms,95%): 81.48 err/s: 0.00 reconn/s: 0.00
[ 64s ] thds: 64 tps: 1033.03 qps: 16561.56 (r/w/o: 14496.49/0.00/2065.07) lat (ms,95%): 86.00 err/s: 0.00 reconn/s: 0.00
[ 65s ] thds: 64 tps: 1044.46 qps: 16685.37 (r/w/o: 14595.45/0.00/2089.92) lat (ms,95%): 82.96 err/s: 0.00 reconn/s: 0.00
[ 66s ] thds: 64 tps: 1018.51 qps: 16294.12 (r/w/o: 14258.10/0.00/2036.01) lat (ms,95%): 82.96 err/s: 0.00 reconn/s: 0.00
[ 67s ] thds: 64 tps: 1062.01 qps: 17023.13 (r/w/o: 14897.11/0.00/2126.02) lat (ms,95%): 80.03 err/s: 0.00 reconn/s: 0.00
[ 68s ] thds: 64 tps: 1067.83 qps: 17013.37 (r/w/o: 14878.70/0.00/2134.67) lat (ms,95%): 82.96 err/s: 0.00 reconn/s: 0.00
[ 69s ] thds: 64 tps: 1047.43 qps: 16741.86 (r/w/o: 14650.00/0.00/2091.86) lat (ms,95%): 82.96 err/s: 0.00 reconn/s: 0.00
[ 70s ] thds: 64 tps: 1066.63 qps: 17107.13 (r/w/o: 14968.86/0.00/2138.27) lat (ms,95%): 81.48 err/s: 0.00 reconn/s: 0.00
[ 71s ] thds: 64 tps: 1049.69 qps: 16817.08 (r/w/o: 14718.70/0.00/2098.39) lat (ms,95%): 81.48 err/s: 0.00 reconn/s: 0.00
[ 72s ] thds: 64 tps: 1054.47 qps: 16867.59 (r/w/o: 14758.64/0.00/2108.95) lat (ms,95%): 81.48 err/s: 0.00 reconn/s: 0.00
[ 73s ] thds: 64 tps: 1082.71 qps: 17357.29 (r/w/o: 15192.88/0.00/2164.41) lat (ms,95%): 77.19 err/s: 0.00 reconn/s: 0.00
[ 74s ] thds: 64 tps: 1059.11 qps: 16865.80 (r/w/o: 14750.58/0.00/2115.23) lat (ms,95%): 81.48 err/s: 0.00 reconn/s: 0.00
[ 75s ] thds: 64 tps: 1037.24 qps: 16591.85 (r/w/o: 14519.37/0.00/2072.48) lat (ms,95%): 82.96 err/s: 0.00 reconn/s: 0.00
[ 76s ] thds: 64 tps: 1055.30 qps: 16899.86 (r/w/o: 14784.26/0.00/2115.61) lat (ms,95%): 80.03 err/s: 0.00 reconn/s: 0.00
[ 77s ] thds: 64 tps: 1032.34 qps: 16486.44 (r/w/o: 14420.76/0.00/2065.68) lat (ms,95%): 84.47 err/s: 0.00 reconn/s: 0.00
[ 78s ] thds: 64 tps: 1062.81 qps: 17059.87 (r/w/o: 14934.26/0.00/2125.61) lat (ms,95%): 80.03 err/s: 0.00 reconn/s: 0.00
[ 79s ] thds: 64 tps: 1070.47 qps: 17136.50 (r/w/o: 14997.57/0.00/2138.94) lat (ms,95%): 80.03 err/s: 0.00 reconn/s: 0.00
[ 80s ] thds: 64 tps: 1070.80 qps: 17033.89 (r/w/o: 14895.28/0.00/2138.61) lat (ms,95%): 82.96 err/s: 0.00 reconn/s: 0.00
[ 81s ] thds: 64 tps: 1026.26 qps: 16573.16 (r/w/o: 14516.64/0.00/2056.52) lat (ms,95%): 84.47 err/s: 0.00 reconn/s: 0.00
[ 82s ] thds: 64 tps: 1050.38 qps: 16747.19 (r/w/o: 14645.42/0.00/2101.77) lat (ms,95%): 82.96 err/s: 0.00 reconn/s: 0.00
[ 83s ] thds: 64 tps: 1060.49 qps: 16981.77 (r/w/o: 14860.80/0.00/2120.97) lat (ms,95%): 82.96 err/s: 0.00 reconn/s: 0.00
[ 84s ] thds: 64 tps: 1029.03 qps: 16498.46 (r/w/o: 14440.40/0.00/2058.06) lat (ms,95%): 84.47 err/s: 0.00 reconn/s: 0.00
[ 85s ] thds: 64 tps: 1019.99 qps: 16325.89 (r/w/o: 14287.91/0.00/2037.99) lat (ms,95%): 86.00 err/s: 0.00 reconn/s: 0.00
[ 86s ] thds: 64 tps: 1024.91 qps: 16305.52 (r/w/o: 14254.70/0.00/2050.81) lat (ms,95%): 86.00 err/s: 0.00 reconn/s: 0.00
[ 87s ] thds: 64 tps: 1056.64 qps: 16976.20 (r/w/o: 14860.93/0.00/2115.28) lat (ms,95%): 81.48 err/s: 0.00 reconn/s: 0.00
[ 88s ] thds: 64 tps: 1056.10 qps: 16842.63 (r/w/o: 14734.42/0.00/2108.20) lat (ms,95%): 81.48 err/s: 0.00 reconn/s: 0.00
[ 89s ] thds: 64 tps: 1033.46 qps: 16503.41 (r/w/o: 14436.48/0.00/2066.93) lat (ms,95%): 86.00 err/s: 0.00 reconn/s: 0.00
[ 90s ] thds: 64 tps: 1063.00 qps: 17084.04 (r/w/o: 14956.04/0.00/2128.01) lat (ms,95%): 80.03 err/s: 0.00 reconn/s: 0.00
[ 91s ] thds: 64 tps: 1043.91 qps: 16615.60 (r/w/o: 14527.78/0.00/2087.82) lat (ms,95%): 82.96 err/s: 0.00 reconn/s: 0.00
[ 92s ] thds: 64 tps: 1028.95 qps: 16509.17 (r/w/o: 14449.28/0.00/2059.90) lat (ms,95%): 86.00 err/s: 0.00 reconn/s: 0.00
[ 93s ] thds: 64 tps: 1035.24 qps: 16570.79 (r/w/o: 14505.31/0.00/2065.48) lat (ms,95%): 82.96 err/s: 0.00 reconn/s: 0.00
[ 94s ] thds: 64 tps: 1049.43 qps: 16832.83 (r/w/o: 14728.98/0.00/2103.85) lat (ms,95%): 80.03 err/s: 0.00 reconn/s: 0.00
[ 95s ] thds: 64 tps: 1027.85 qps: 16497.52 (r/w/o: 14441.83/0.00/2055.69) lat (ms,95%): 86.00 err/s: 0.00 reconn/s: 0.00
[ 96s ] thds: 64 tps: 1047.53 qps: 16624.45 (r/w/o: 14531.39/0.00/2093.06) lat (ms,95%): 82.96 err/s: 0.00 reconn/s: 0.00
[ 97s ] thds: 64 tps: 1054.84 qps: 16978.50 (r/w/o: 14867.81/0.00/2110.69) lat (ms,95%): 80.03 err/s: 0.00 reconn/s: 0.00
[ 98s ] thds: 64 tps: 1049.07 qps: 16786.11 (r/w/o: 14688.97/0.00/2097.14) lat (ms,95%): 82.96 err/s: 0.00 reconn/s: 0.00
[ 99s ] thds: 64 tps: 1028.82 qps: 16392.16 (r/w/o: 14337.52/0.00/2054.64) lat (ms,95%): 86.00 err/s: 0.00 reconn/s: 0.00
[ 100s ] thds: 64 tps: 1051.24 qps: 16782.91 (r/w/o: 14682.42/0.00/2100.49) lat (ms,95%): 82.96 err/s: 0.00 reconn/s: 0.00
[ 101s ] thds: 64 tps: 1048.13 qps: 16896.16 (r/w/o: 14792.89/0.00/2103.27) lat (ms,95%): 82.96 err/s: 0.00 reconn/s: 0.00
[ 102s ] thds: 64 tps: 1048.92 qps: 16723.71 (r/w/o: 14627.88/0.00/2095.83) lat (ms,95%): 82.96 err/s: 0.00 reconn/s: 0.00
[ 103s ] thds: 64 tps: 1039.78 qps: 16652.51 (r/w/o: 14573.95/0.00/2078.56) lat (ms,95%): 82.96 err/s: 0.00 reconn/s: 0.00
[ 104s ] thds: 64 tps: 1045.03 qps: 16674.50 (r/w/o: 14581.44/0.00/2093.06) lat (ms,95%): 81.48 err/s: 0.00 reconn/s: 0.00
[ 105s ] thds: 64 tps: 1062.08 qps: 17070.26 (r/w/o: 14946.11/0.00/2124.16) lat (ms,95%): 80.03 err/s: 0.00 reconn/s: 0.00
[ 106s ] thds: 64 tps: 1056.95 qps: 16844.15 (r/w/o: 14731.26/0.00/2112.89) lat (ms,95%): 81.48 err/s: 0.00 reconn/s: 0.00
[ 107s ] thds: 64 tps: 1052.06 qps: 16819.95 (r/w/o: 14719.83/0.00/2100.12) lat (ms,95%): 82.96 err/s: 0.00 reconn/s: 0.00
[ 108s ] thds: 64 tps: 1029.84 qps: 16543.48 (r/w/o: 14480.79/0.00/2062.69) lat (ms,95%): 84.47 err/s: 0.00 reconn/s: 0.00
[ 109s ] thds: 64 tps: 1031.18 qps: 16446.82 (r/w/o: 14385.46/0.00/2061.35) lat (ms,95%): 84.47 err/s: 0.00 reconn/s: 0.00
[ 110s ] thds: 64 tps: 1059.04 qps: 16906.69 (r/w/o: 14787.61/0.00/2119.09) lat (ms,95%): 82.96 err/s: 0.00 reconn/s: 0.00
[ 111s ] thds: 64 tps: 1047.02 qps: 16830.31 (r/w/o: 14734.27/0.00/2096.04) lat (ms,95%): 81.48 err/s: 0.00 reconn/s: 0.00
[ 112s ] thds: 64 tps: 1028.53 qps: 16428.52 (r/w/o: 14373.45/0.00/2055.06) lat (ms,95%): 84.47 err/s: 0.00 reconn/s: 0.00
[ 113s ] thds: 64 tps: 1051.57 qps: 16771.05 (r/w/o: 14667.92/0.00/2103.14) lat (ms,95%): 84.47 err/s: 0.00 reconn/s: 0.00
[ 114s ] thds: 64 tps: 1026.99 qps: 16478.80 (r/w/o: 14427.83/0.00/2050.98) lat (ms,95%): 84.47 err/s: 0.00 reconn/s: 0.00
[ 115s ] thds: 64 tps: 1038.89 qps: 16710.25 (r/w/o: 14628.47/0.00/2081.78) lat (ms,95%): 82.96 err/s: 0.00 reconn/s: 0.00
[ 116s ] thds: 64 tps: 1048.13 qps: 16701.14 (r/w/o: 14604.88/0.00/2096.26) lat (ms,95%): 82.96 err/s: 0.00 reconn/s: 0.00
[ 117s ] thds: 64 tps: 1073.02 qps: 17166.37 (r/w/o: 15020.32/0.00/2146.05) lat (ms,95%): 80.03 err/s: 0.00 reconn/s: 0.00
[ 118s ] thds: 64 tps: 1025.91 qps: 16393.59 (r/w/o: 14340.77/0.00/2052.82) lat (ms,95%): 84.47 err/s: 0.00 reconn/s: 0.00
[ 119s ] thds: 64 tps: 1025.75 qps: 16423.97 (r/w/o: 14373.47/0.00/2050.50) lat (ms,95%): 86.00 err/s: 0.00 reconn/s: 0.00
[ 120s ] thds: 64 tps: 1019.61 qps: 16303.82 (r/w/o: 14266.59/0.00/2037.23) lat (ms,95%): 82.96 err/s: 0.00 reconn/s: 0.00
[ 121s ] thds: 64 tps: 1025.14 qps: 16378.28 (r/w/o: 14324.99/0.00/2053.29) lat (ms,95%): 86.00 err/s: 0.00 reconn/s: 0.00
[ 122s ] thds: 64 tps: 1052.60 qps: 16910.65 (r/w/o: 14806.45/0.00/2104.20) lat (ms,95%): 81.48 err/s: 0.00 reconn/s: 0.00
[ 123s ] thds: 64 tps: 1047.90 qps: 16778.34 (r/w/o: 14683.55/0.00/2094.79) lat (ms,95%): 81.48 err/s: 0.00 reconn/s: 0.00
[ 124s ] thds: 64 tps: 1043.68 qps: 16699.81 (r/w/o: 14610.46/0.00/2089.35) lat (ms,95%): 82.96 err/s: 0.00 reconn/s: 0.00
[ 125s ] thds: 64 tps: 1038.71 qps: 16596.45 (r/w/o: 14523.01/0.00/2073.43) lat (ms,95%): 84.47 err/s: 0.00 reconn/s: 0.00
[ 126s ] thds: 64 tps: 1042.72 qps: 16635.41 (r/w/o: 14548.98/0.00/2086.43) lat (ms,95%): 82.96 err/s: 0.00 reconn/s: 0.00
[ 127s ] thds: 64 tps: 1031.84 qps: 16561.43 (r/w/o: 14494.75/0.00/2066.68) lat (ms,95%): 82.96 err/s: 0.00 reconn/s: 0.00
[ 128s ] thds: 64 tps: 1034.64 qps: 16569.29 (r/w/o: 14501.00/0.00/2068.29) lat (ms,95%): 84.47 err/s: 0.00 reconn/s: 0.00
[ 129s ] thds: 64 tps: 1070.15 qps: 17064.40 (r/w/o: 14926.10/0.00/2138.30) lat (ms,95%): 80.03 err/s: 0.00 reconn/s: 0.00
[ 130s ] thds: 64 tps: 1061.28 qps: 17006.43 (r/w/o: 14882.88/0.00/2123.55) lat (ms,95%): 80.03 err/s: 0.00 reconn/s: 0.00
[ 131s ] thds: 64 tps: 1042.52 qps: 16654.40 (r/w/o: 14569.35/0.00/2085.05) lat (ms,95%): 81.48 err/s: 0.00 reconn/s: 0.00
[ 132s ] thds: 64 tps: 1025.64 qps: 16437.31 (r/w/o: 14385.02/0.00/2052.29) lat (ms,95%): 84.47 err/s: 0.00 reconn/s: 0.00
[ 133s ] thds: 64 tps: 1060.86 qps: 16884.72 (r/w/o: 14765.00/0.00/2119.72) lat (ms,95%): 82.96 err/s: 0.00 reconn/s: 0.00
[ 134s ] thds: 64 tps: 1049.95 qps: 16909.26 (r/w/o: 14808.36/0.00/2100.91) lat (ms,95%): 82.96 err/s: 0.00 reconn/s: 0.00
[ 135s ] thds: 64 tps: 1035.80 qps: 16550.85 (r/w/o: 14479.24/0.00/2071.61) lat (ms,95%): 84.47 err/s: 0.00 reconn/s: 0.00
[ 136s ] thds: 64 tps: 1037.93 qps: 16605.82 (r/w/o: 14528.97/0.00/2076.85) lat (ms,95%): 84.47 err/s: 0.00 reconn/s: 0.00
[ 137s ] thds: 64 tps: 1060.83 qps: 16988.33 (r/w/o: 14866.66/0.00/2121.67) lat (ms,95%): 81.48 err/s: 0.00 reconn/s: 0.00
[ 138s ] thds: 64 tps: 1051.29 qps: 16768.63 (r/w/o: 14667.05/0.00/2101.58) lat (ms,95%): 82.96 err/s: 0.00 reconn/s: 0.00
[ 139s ] thds: 64 tps: 1019.11 qps: 16365.73 (r/w/o: 14329.52/0.00/2036.22) lat (ms,95%): 84.47 err/s: 0.00 reconn/s: 0.00
[ 140s ] thds: 64 tps: 1047.63 qps: 16732.08 (r/w/o: 14633.83/0.00/2098.26) lat (ms,95%): 81.48 err/s: 0.00 reconn/s: 0.00
[ 141s ] thds: 64 tps: 1049.92 qps: 16783.71 (r/w/o: 14684.87/0.00/2098.84) lat (ms,95%): 82.96 err/s: 0.00 reconn/s: 0.00
[ 142s ] thds: 64 tps: 1052.53 qps: 16837.46 (r/w/o: 14731.40/0.00/2106.06) lat (ms,95%): 82.96 err/s: 0.00 reconn/s: 0.00
[ 143s ] thds: 64 tps: 1054.54 qps: 16859.68 (r/w/o: 14752.60/0.00/2107.09) lat (ms,95%): 81.48 err/s: 0.00 reconn/s: 0.00
[ 144s ] thds: 64 tps: 1067.13 qps: 17067.04 (r/w/o: 14930.78/0.00/2136.25) lat (ms,95%): 82.96 err/s: 0.00 reconn/s: 0.00
[ 145s ] thds: 64 tps: 1055.43 qps: 16881.93 (r/w/o: 14773.07/0.00/2108.87) lat (ms,95%): 81.48 err/s: 0.00 reconn/s: 0.00
[ 146s ] thds: 64 tps: 1047.52 qps: 16797.37 (r/w/o: 14703.32/0.00/2094.05) lat (ms,95%): 84.47 err/s: 0.00 reconn/s: 0.00
[ 147s ] thds: 64 tps: 1046.96 qps: 16775.29 (r/w/o: 14678.38/0.00/2096.91) lat (ms,95%): 82.96 err/s: 0.00 reconn/s: 0.00
[ 148s ] thds: 64 tps: 1041.97 qps: 16665.57 (r/w/o: 14582.62/0.00/2082.95) lat (ms,95%): 84.47 err/s: 0.00 reconn/s: 0.00
[ 149s ] thds: 64 tps: 1059.95 qps: 16986.17 (r/w/o: 14865.27/0.00/2120.90) lat (ms,95%): 80.03 err/s: 0.00 reconn/s: 0.00
[ 150s ] thds: 64 tps: 1053.47 qps: 16812.43 (r/w/o: 14707.50/0.00/2104.93) lat (ms,95%): 81.48 err/s: 0.00 reconn/s: 0.00
[ 151s ] thds: 64 tps: 1036.56 qps: 16630.01 (r/w/o: 14555.89/0.00/2074.13) lat (ms,95%): 82.96 err/s: 0.00 reconn/s: 0.00
[ 152s ] thds: 64 tps: 1043.12 qps: 16652.90 (r/w/o: 14566.66/0.00/2086.24) lat (ms,95%): 84.47 err/s: 0.00 reconn/s: 0.00
[ 153s ] thds: 64 tps: 1030.89 qps: 16497.22 (r/w/o: 14439.44/0.00/2057.78) lat (ms,95%): 82.96 err/s: 0.00 reconn/s: 0.00
[ 154s ] thds: 64 tps: 1037.10 qps: 16589.53 (r/w/o: 14511.34/0.00/2078.19) lat (ms,95%): 84.47 err/s: 0.00 reconn/s: 0.00
[ 155s ] thds: 64 tps: 1056.02 qps: 16858.35 (r/w/o: 14744.30/0.00/2114.04) lat (ms,95%): 81.48 err/s: 0.00 reconn/s: 0.00
[ 156s ] thds: 64 tps: 1059.96 qps: 16969.44 (r/w/o: 14856.51/0.00/2112.93) lat (ms,95%): 82.96 err/s: 0.00 reconn/s: 0.00
[ 157s ] thds: 64 tps: 1037.96 qps: 16664.43 (r/w/o: 14582.50/0.00/2081.93) lat (ms,95%): 82.96 err/s: 0.00 reconn/s: 0.00
[ 158s ] thds: 64 tps: 1045.24 qps: 16652.80 (r/w/o: 14566.33/0.00/2086.48) lat (ms,95%): 84.47 err/s: 0.00 reconn/s: 0.00
[ 159s ] thds: 64 tps: 1021.71 qps: 16425.31 (r/w/o: 14378.90/0.00/2046.42) lat (ms,95%): 86.00 err/s: 0.00 reconn/s: 0.00
[ 160s ] thds: 64 tps: 1052.56 qps: 16849.89 (r/w/o: 14744.78/0.00/2105.11) lat (ms,95%): 82.96 err/s: 0.00 reconn/s: 0.00
[ 161s ] thds: 64 tps: 1042.49 qps: 16696.87 (r/w/o: 14610.89/0.00/2085.98) lat (ms,95%): 82.96 err/s: 0.00 reconn/s: 0.00
[ 162s ] thds: 64 tps: 1045.11 qps: 16665.77 (r/w/o: 14574.55/0.00/2091.22) lat (ms,95%): 82.96 err/s: 0.00 reconn/s: 0.00
[ 163s ] thds: 64 tps: 1058.33 qps: 16926.29 (r/w/o: 14812.63/0.00/2113.66) lat (ms,95%): 81.48 err/s: 0.00 reconn/s: 0.00
[ 164s ] thds: 64 tps: 1040.88 qps: 16718.02 (r/w/o: 14635.27/0.00/2082.75) lat (ms,95%): 82.96 err/s: 0.00 reconn/s: 0.00
[ 165s ] thds: 64 tps: 1078.61 qps: 17158.79 (r/w/o: 15000.58/0.00/2158.22) lat (ms,95%): 80.03 err/s: 0.00 reconn/s: 0.00
[ 166s ] thds: 64 tps: 1044.45 qps: 16747.24 (r/w/o: 14659.34/0.00/2087.90) lat (ms,95%): 81.48 err/s: 0.00 reconn/s: 0.00
[ 167s ] thds: 64 tps: 1044.40 qps: 16690.36 (r/w/o: 14601.57/0.00/2088.79) lat (ms,95%): 86.00 err/s: 0.00 reconn/s: 0.00
[ 168s ] thds: 64 tps: 1027.65 qps: 16351.36 (r/w/o: 14297.06/0.00/2054.30) lat (ms,95%): 86.00 err/s: 0.00 reconn/s: 0.00
[ 169s ] thds: 64 tps: 1047.01 qps: 16807.19 (r/w/o: 14710.16/0.00/2097.02) lat (ms,95%): 81.48 err/s: 0.00 reconn/s: 0.00
[ 170s ] thds: 64 tps: 1036.41 qps: 16641.54 (r/w/o: 14570.71/0.00/2070.82) lat (ms,95%): 82.96 err/s: 0.00 reconn/s: 0.00
[ 171s ] thds: 64 tps: 1059.59 qps: 16918.41 (r/w/o: 14801.23/0.00/2117.18) lat (ms,95%): 81.48 err/s: 0.00 reconn/s: 0.00
[ 172s ] thds: 64 tps: 1058.49 qps: 16872.86 (r/w/o: 14753.89/0.00/2118.98) lat (ms,95%): 81.48 err/s: 0.00 reconn/s: 0.00
[ 173s ] thds: 64 tps: 1049.04 qps: 16887.65 (r/w/o: 14791.57/0.00/2096.08) lat (ms,95%): 82.96 err/s: 0.00 reconn/s: 0.00
[ 174s ] thds: 64 tps: 1046.81 qps: 16772.95 (r/w/o: 14676.33/0.00/2096.62) lat (ms,95%): 81.48 err/s: 0.00 reconn/s: 0.00
[ 175s ] thds: 64 tps: 1058.32 qps: 16944.12 (r/w/o: 14826.48/0.00/2117.64) lat (ms,95%): 82.96 err/s: 0.00 reconn/s: 0.00
[ 176s ] thds: 64 tps: 1049.75 qps: 16745.09 (r/w/o: 14647.58/0.00/2097.51) lat (ms,95%): 81.48 err/s: 0.00 reconn/s: 0.00
[ 177s ] thds: 64 tps: 1048.13 qps: 16788.01 (r/w/o: 14690.76/0.00/2097.25) lat (ms,95%): 84.47 err/s: 0.00 reconn/s: 0.00
[ 178s ] thds: 64 tps: 1056.14 qps: 16894.30 (r/w/o: 14783.01/0.00/2111.29) lat (ms,95%): 82.96 err/s: 0.00 reconn/s: 0.00
[ 179s ] thds: 64 tps: 1035.27 qps: 16514.30 (r/w/o: 14443.76/0.00/2070.54) lat (ms,95%): 84.47 err/s: 0.00 reconn/s: 0.00
[ 180s ] thds: 64 tps: 1050.35 qps: 16871.58 (r/w/o: 14772.87/0.00/2098.70) lat (ms,95%): 82.96 err/s: 0.00 reconn/s: 0.00
[ 181s ] thds: 64 tps: 1052.30 qps: 16785.83 (r/w/o: 14679.22/0.00/2106.61) lat (ms,95%): 82.96 err/s: 0.00 reconn/s: 0.00
[ 182s ] thds: 64 tps: 1033.97 qps: 16576.59 (r/w/o: 14508.64/0.00/2067.95) lat (ms,95%): 82.96 err/s: 0.00 reconn/s: 0.00
[ 183s ] thds: 64 tps: 1038.39 qps: 16626.30 (r/w/o: 14549.51/0.00/2076.79) lat (ms,95%): 84.47 err/s: 0.00 reconn/s: 0.00
[ 184s ] thds: 64 tps: 1033.94 qps: 16509.02 (r/w/o: 14441.14/0.00/2067.88) lat (ms,95%): 82.96 err/s: 0.00 reconn/s: 0.00
[ 185s ] thds: 64 tps: 1058.75 qps: 16942.98 (r/w/o: 14824.48/0.00/2118.50) lat (ms,95%): 80.03 err/s: 0.00 reconn/s: 0.00
[ 186s ] thds: 64 tps: 1034.30 qps: 16532.73 (r/w/o: 14467.14/0.00/2065.59) lat (ms,95%): 82.96 err/s: 0.00 reconn/s: 0.00
[ 187s ] thds: 64 tps: 1037.64 qps: 16602.20 (r/w/o: 14525.93/0.00/2076.27) lat (ms,95%): 82.96 err/s: 0.00 reconn/s: 0.00
[ 188s ] thds: 64 tps: 1057.38 qps: 16935.03 (r/w/o: 14817.28/0.00/2117.75) lat (ms,95%): 81.48 err/s: 0.00 reconn/s: 0.00
[ 189s ] thds: 64 tps: 1068.06 qps: 17079.95 (r/w/o: 14945.83/0.00/2134.12) lat (ms,95%): 81.48 err/s: 0.00 reconn/s: 0.00
[ 190s ] thds: 64 tps: 1017.92 qps: 16345.71 (r/w/o: 14308.87/0.00/2036.84) lat (ms,95%): 84.47 err/s: 0.00 reconn/s: 0.00
[ 191s ] thds: 64 tps: 1074.00 qps: 17135.01 (r/w/o: 14989.01/0.00/2146.00) lat (ms,95%): 80.03 err/s: 0.00 reconn/s: 0.00
[ 192s ] thds: 64 tps: 1055.05 qps: 16956.72 (r/w/o: 14844.63/0.00/2112.09) lat (ms,95%): 81.48 err/s: 0.00 reconn/s: 0.00
[ 193s ] thds: 64 tps: 1035.82 qps: 16497.15 (r/w/o: 14425.51/0.00/2071.64) lat (ms,95%): 86.00 err/s: 0.00 reconn/s: 0.00
[ 194s ] thds: 64 tps: 1074.23 qps: 17227.69 (r/w/o: 15078.23/0.00/2149.46) lat (ms,95%): 80.03 err/s: 0.00 reconn/s: 0.00
[ 195s ] thds: 64 tps: 1052.71 qps: 16785.39 (r/w/o: 14682.97/0.00/2102.42) lat (ms,95%): 81.48 err/s: 0.00 reconn/s: 0.00
[ 196s ] thds: 64 tps: 1025.34 qps: 16402.38 (r/w/o: 14349.70/0.00/2052.67) lat (ms,95%): 86.00 err/s: 0.00 reconn/s: 0.00
[ 197s ] thds: 64 tps: 1028.54 qps: 16496.54 (r/w/o: 14440.47/0.00/2056.07) lat (ms,95%): 84.47 err/s: 0.00 reconn/s: 0.00
[ 198s ] thds: 64 tps: 1021.38 qps: 16329.01 (r/w/o: 14288.25/0.00/2040.75) lat (ms,95%): 84.47 err/s: 0.00 reconn/s: 0.00
[ 199s ] thds: 64 tps: 1063.41 qps: 17038.56 (r/w/o: 14907.74/0.00/2130.82) lat (ms,95%): 80.03 err/s: 0.00 reconn/s: 0.00
[ 200s ] thds: 64 tps: 1047.67 qps: 16730.73 (r/w/o: 14635.39/0.00/2095.34) lat (ms,95%): 82.96 err/s: 0.00 reconn/s: 0.00
[ 201s ] thds: 64 tps: 1028.20 qps: 16446.21 (r/w/o: 14389.81/0.00/2056.40) lat (ms,95%): 84.47 err/s: 0.00 reconn/s: 0.00
[ 202s ] thds: 64 tps: 1060.40 qps: 17005.40 (r/w/o: 14887.60/0.00/2117.80) lat (ms,95%): 81.48 err/s: 0.00 reconn/s: 0.00
[ 203s ] thds: 64 tps: 1064.82 qps: 16987.15 (r/w/o: 14856.51/0.00/2130.64) lat (ms,95%): 81.48 err/s: 0.00 reconn/s: 0.00
[ 204s ] thds: 64 tps: 1027.10 qps: 16476.56 (r/w/o: 14420.37/0.00/2056.19) lat (ms,95%): 84.47 err/s: 0.00 reconn/s: 0.00
[ 205s ] thds: 64 tps: 1017.38 qps: 16245.01 (r/w/o: 14212.26/0.00/2032.75) lat (ms,95%): 86.00 err/s: 0.00 reconn/s: 0.00
[ 206s ] thds: 64 tps: 1033.59 qps: 16571.37 (r/w/o: 14504.20/0.00/2067.17) lat (ms,95%): 84.47 err/s: 0.00 reconn/s: 0.00
[ 207s ] thds: 64 tps: 1043.90 qps: 16714.40 (r/w/o: 14624.60/0.00/2089.80) lat (ms,95%): 82.96 err/s: 0.00 reconn/s: 0.00
[ 208s ] thds: 64 tps: 1023.51 qps: 16345.20 (r/w/o: 14300.18/0.00/2045.03) lat (ms,95%): 86.00 err/s: 0.00 reconn/s: 0.00
[ 209s ] thds: 64 tps: 1058.55 qps: 16997.71 (r/w/o: 14881.62/0.00/2116.09) lat (ms,95%): 81.48 err/s: 0.00 reconn/s: 0.00
[ 210s ] thds: 64 tps: 1075.92 qps: 17173.71 (r/w/o: 15019.87/0.00/2153.84) lat (ms,95%): 80.03 err/s: 0.00 reconn/s: 0.00
[ 211s ] thds: 64 tps: 1058.90 qps: 16936.42 (r/w/o: 14818.62/0.00/2117.80) lat (ms,95%): 82.96 err/s: 0.00 reconn/s: 0.00
[ 212s ] thds: 64 tps: 1064.73 qps: 17033.75 (r/w/o: 14905.28/0.00/2128.47) lat (ms,95%): 80.03 err/s: 0.00 reconn/s: 0.00
[ 213s ] thds: 64 tps: 1040.66 qps: 16606.53 (r/w/o: 14527.21/0.00/2079.31) lat (ms,95%): 84.47 err/s: 0.00 reconn/s: 0.00
[ 214s ] thds: 64 tps: 1037.83 qps: 16652.26 (r/w/o: 14574.60/0.00/2077.66) lat (ms,95%): 86.00 err/s: 0.00 reconn/s: 0.00
[ 215s ] thds: 64 tps: 1022.76 qps: 16298.23 (r/w/o: 14252.70/0.00/2045.53) lat (ms,95%): 86.00 err/s: 0.00 reconn/s: 0.00
[ 216s ] thds: 64 tps: 1030.36 qps: 16512.80 (r/w/o: 14453.08/0.00/2059.72) lat (ms,95%): 86.00 err/s: 0.00 reconn/s: 0.00
[ 217s ] thds: 64 tps: 1055.37 qps: 16884.93 (r/w/o: 14774.19/0.00/2110.74) lat (ms,95%): 81.48 err/s: 0.00 reconn/s: 0.00
[ 218s ] thds: 64 tps: 1064.28 qps: 17041.45 (r/w/o: 14913.89/0.00/2127.56) lat (ms,95%): 81.48 err/s: 0.00 reconn/s: 0.00
[ 219s ] thds: 64 tps: 1027.06 qps: 16452.04 (r/w/o: 14393.91/0.00/2058.13) lat (ms,95%): 84.47 err/s: 0.00 reconn/s: 0.00
[ 220s ] thds: 64 tps: 1078.17 qps: 17262.71 (r/w/o: 15108.37/0.00/2154.34) lat (ms,95%): 78.60 err/s: 0.00 reconn/s: 0.00
[ 221s ] thds: 64 tps: 1064.90 qps: 17038.37 (r/w/o: 14910.57/0.00/2127.80) lat (ms,95%): 82.96 err/s: 0.00 reconn/s: 0.00
[ 222s ] thds: 64 tps: 1064.41 qps: 16991.47 (r/w/o: 14859.66/0.00/2131.81) lat (ms,95%): 80.03 err/s: 0.00 reconn/s: 0.00
[ 223s ] thds: 64 tps: 1040.20 qps: 16637.22 (r/w/o: 14556.81/0.00/2080.40) lat (ms,95%): 84.47 err/s: 0.00 reconn/s: 0.00
[ 224s ] thds: 64 tps: 1038.25 qps: 16595.08 (r/w/o: 14523.57/0.00/2071.51) lat (ms,95%): 84.47 err/s: 0.00 reconn/s: 0.00
[ 225s ] thds: 64 tps: 1048.50 qps: 16790.94 (r/w/o: 14689.95/0.00/2100.99) lat (ms,95%): 82.96 err/s: 0.00 reconn/s: 0.00
[ 226s ] thds: 64 tps: 1041.96 qps: 16721.32 (r/w/o: 14638.41/0.00/2082.92) lat (ms,95%): 82.96 err/s: 0.00 reconn/s: 0.00
[ 227s ] thds: 64 tps: 1074.91 qps: 17151.52 (r/w/o: 15002.71/0.00/2148.81) lat (ms,95%): 80.03 err/s: 0.00 reconn/s: 0.00
[ 228s ] thds: 64 tps: 1054.39 qps: 16938.23 (r/w/o: 14827.46/0.00/2110.78) lat (ms,95%): 80.03 err/s: 0.00 reconn/s: 0.00
[ 229s ] thds: 64 tps: 1076.97 qps: 17170.59 (r/w/o: 15016.64/0.00/2153.95) lat (ms,95%): 80.03 err/s: 0.00 reconn/s: 0.00
[ 230s ] thds: 64 tps: 1060.47 qps: 16988.58 (r/w/o: 14866.63/0.00/2121.95) lat (ms,95%): 78.60 err/s: 0.00 reconn/s: 0.00
[ 231s ] thds: 64 tps: 1037.37 qps: 16631.98 (r/w/o: 14557.23/0.00/2074.75) lat (ms,95%): 82.96 err/s: 0.00 reconn/s: 0.00
[ 232s ] thds: 64 tps: 1056.68 qps: 16833.84 (r/w/o: 14721.49/0.00/2112.35) lat (ms,95%): 82.96 err/s: 0.00 reconn/s: 0.00
[ 233s ] thds: 64 tps: 1041.39 qps: 16703.23 (r/w/o: 14620.45/0.00/2082.78) lat (ms,95%): 84.47 err/s: 0.00 reconn/s: 0.00
[ 234s ] thds: 64 tps: 1038.43 qps: 16653.87 (r/w/o: 14577.01/0.00/2076.86) lat (ms,95%): 82.96 err/s: 0.00 reconn/s: 0.00
[ 235s ] thds: 64 tps: 1063.04 qps: 16929.61 (r/w/o: 14804.54/0.00/2125.08) lat (ms,95%): 81.48 err/s: 0.00 reconn/s: 0.00
[ 236s ] thds: 64 tps: 1050.64 qps: 16896.26 (r/w/o: 14793.99/0.00/2102.28) lat (ms,95%): 80.03 err/s: 0.00 reconn/s: 0.00
[ 237s ] thds: 64 tps: 1032.08 qps: 16494.27 (r/w/o: 14430.11/0.00/2064.16) lat (ms,95%): 86.00 err/s: 0.00 reconn/s: 0.00
[ 238s ] thds: 64 tps: 1052.32 qps: 16797.12 (r/w/o: 14692.48/0.00/2104.64) lat (ms,95%): 84.47 err/s: 0.00 reconn/s: 0.00
[ 239s ] thds: 64 tps: 1041.61 qps: 16702.78 (r/w/o: 14617.56/0.00/2085.22) lat (ms,95%): 81.48 err/s: 0.00 reconn/s: 0.00
[ 240s ] thds: 64 tps: 1012.00 qps: 16152.96 (r/w/o: 14128.96/0.00/2023.99) lat (ms,95%): 84.47 err/s: 0.00 reconn/s: 0.00
Latency histogram (values are in milliseconds)
       value  ------------- distribution ------------- count
      23.948 |                                         1
      24.384 |                                         2
      24.827 |                                         2
      25.278 |                                         3
      25.737 |                                         8
      26.205 |                                         16
      26.681 |                                         14
      27.165 |                                         20
      27.659 |                                         34
      28.162 |                                         31
      28.673 |                                         56
      29.194 |                                         82
      29.725 |                                         88
      30.265 |                                         115
      30.815 |*                                        145
      31.375 |*                                        179
      31.945 |*                                        220
      32.525 |*                                        278
      33.116 |*                                        344
      33.718 |**                                       415
      34.330 |**                                       494
      34.954 |**                                       568
      35.589 |***                                      758
      36.236 |***                                      755
      36.894 |****                                     889
      37.565 |****                                     988
      38.247 |*****                                    1184
      38.942 |*****                                    1280
      39.650 |******                                   1448
      40.370 |*******                                  1630
      41.104 |*******                                  1798
      41.851 |********                                 1988
      42.611 |*********                                2162
      43.385 |**********                               2383
      44.173 |***********                              2562
      44.976 |************                             2869
      45.793 |************                             2972
      46.625 |*************                            3062
      47.472 |***************                          3532
      48.335 |****************                         3809
      49.213 |*****************                        4230
      50.107 |*******************                      4637
      51.018 |*********************                    5194
      51.945 |************************                 5838
      52.889 |***************************              6494
      53.850 |*****************************            7162
      54.828 |********************************         7812
      55.824 |***********************************      8474
      56.839 |************************************     8776
      57.871 |***************************************  9435
      58.923 |**************************************** 9739
      59.993 |**************************************** 9631
      61.083 |**************************************** 9645
      62.193 |***************************************  9584
      63.323 |**************************************   9370
      64.474 |*************************************    9114
      65.645 |************************************     8679
      66.838 |**********************************       8248
      68.053 |********************************         7802
      69.289 |******************************           7309
      70.548 |****************************             6761
      71.830 |*************************                6134
      73.135 |***********************                  5547
      74.464 |*********************                    5055
      75.817 |*******************                      4631
      77.194 |*****************                        4111
      78.597 |***************                          3532
      80.025 |**************                           3322
      81.479 |************                             2852
      82.959 |**********                               2376
      84.467 |*********                                2075
      86.002 |********                                 1873
      87.564 |******                                   1491
      89.155 |*****                                    1214
      90.775 |****                                     1051
      92.424 |***                                      818
      94.104 |***                                      636
      95.814 |**                                       501
      97.555 |**                                       412
      99.327 |*                                        292
     101.132 |*                                        231
     102.969 |*                                        140
     104.840 |                                         96
     106.745 |                                         67
     108.685 |                                         45
     110.659 |                                         36
     112.670 |                                         15
     114.717 |                                         9
     116.802 |                                         3
     118.924 |                                         4
     121.085 |                                         1
     125.525 |                                         1
     262.636 |                                         1
     272.267 |                                         2
     287.379 |                                         2
 
SQL statistics:
    queries performed:
        read:                            3523333
        write:                           0
        other:                           503327
        total:                           4026660
    transactions:                        251695 (1048.42 per sec.)
    queries:                             4026660 (16772.79 per sec.)
    ignored errors:                      0      (0.00 per sec.)
    reconnects:                          0      (0.00 per sec.)

Throughput:
    events/s (eps):                      1048.4191
    time elapsed:                        240.0712s
    total number of events:              251695

Latency (ms):
         min:                                   24.14
         avg:                                   61.04
         max:                                  287.87
         95th percentile:                       82.96
         sum:                             15363219.97

Threads fairness:
    events (avg/stddev):           3932.7188/536.42
    execution time (avg/stddev):   240.0503/0.02

