sysbench 1.1.0-3ceba0b (using bundled LuaJIT 2.1.0-beta3)

Running the test with following options:
Number of threads: 1
Warmup time: 60s
Report intermediate results every 1 second(s)
Initializing random number generator from current time


Initializing worker threads...

Threads started!

Warming up for 60 seconds...

[ 1s ] thds: 1 tps: 15.03 qps: 240.72 (r/w/o: 210.64/0.00/30.08) lat (ms,95%): 68.05 err/s: 0.00 reconn/s: 0.00
[ 2s ] thds: 1 tps: 16.00 qps: 252.05 (r/w/o: 220.04/0.00/32.01) lat (ms,95%): 68.05 err/s: 0.00 reconn/s: 0.00
[ 3s ] thds: 1 tps: 15.00 qps: 243.97 (r/w/o: 213.97/0.00/30.00) lat (ms,95%): 73.13 err/s: 0.00 reconn/s: 0.00
[ 4s ] thds: 1 tps: 16.00 qps: 253.04 (r/w/o: 221.03/0.00/32.00) lat (ms,95%): 66.84 err/s: 0.00 reconn/s: 0.00
[ 5s ] thds: 1 tps: 16.00 qps: 249.99 (r/w/o: 217.99/0.00/32.00) lat (ms,95%): 69.29 err/s: 0.00 reconn/s: 0.00
[ 6s ] thds: 1 tps: 15.00 qps: 250.01 (r/w/o: 220.01/0.00/30.00) lat (ms,95%): 69.29 err/s: 0.00 reconn/s: 0.00
[ 7s ] thds: 1 tps: 16.00 qps: 244.95 (r/w/o: 212.95/0.00/31.99) lat (ms,95%): 71.83 err/s: 0.00 reconn/s: 0.00
[ 8s ] thds: 1 tps: 15.00 qps: 252.05 (r/w/o: 222.04/0.00/30.01) lat (ms,95%): 69.29 err/s: 0.00 reconn/s: 0.00
[ 9s ] thds: 1 tps: 16.00 qps: 247.02 (r/w/o: 215.02/0.00/32.00) lat (ms,95%): 69.29 err/s: 0.00 reconn/s: 0.00
[ 10s ] thds: 1 tps: 16.00 qps: 252.96 (r/w/o: 220.97/0.00/32.00) lat (ms,95%): 65.65 err/s: 0.00 reconn/s: 0.00
[ 11s ] thds: 1 tps: 16.00 qps: 259.04 (r/w/o: 227.03/0.00/32.00) lat (ms,95%): 66.84 err/s: 0.00 reconn/s: 0.00
[ 12s ] thds: 1 tps: 16.00 qps: 251.98 (r/w/o: 219.98/0.00/32.00) lat (ms,95%): 68.05 err/s: 0.00 reconn/s: 0.00
[ 13s ] thds: 1 tps: 15.00 qps: 252.01 (r/w/o: 222.01/0.00/30.00) lat (ms,95%): 69.29 err/s: 0.00 reconn/s: 0.00
[ 14s ] thds: 1 tps: 16.00 qps: 251.01 (r/w/o: 219.01/0.00/32.00) lat (ms,95%): 70.55 err/s: 0.00 reconn/s: 0.00
[ 15s ] thds: 1 tps: 16.00 qps: 258.98 (r/w/o: 226.98/0.00/32.00) lat (ms,95%): 66.84 err/s: 0.00 reconn/s: 0.00
[ 16s ] thds: 1 tps: 15.99 qps: 256.89 (r/w/o: 224.90/0.00/31.99) lat (ms,95%): 68.05 err/s: 0.00 reconn/s: 0.00
[ 17s ] thds: 1 tps: 16.00 qps: 250.06 (r/w/o: 218.05/0.00/32.01) lat (ms,95%): 68.05 err/s: 0.00 reconn/s: 0.00
[ 18s ] thds: 1 tps: 16.01 qps: 256.10 (r/w/o: 224.09/0.00/32.01) lat (ms,95%): 66.84 err/s: 0.00 reconn/s: 0.00
[ 19s ] thds: 1 tps: 16.00 qps: 249.96 (r/w/o: 217.97/0.00/32.00) lat (ms,95%): 68.05 err/s: 0.00 reconn/s: 0.00
[ 20s ] thds: 1 tps: 15.00 qps: 253.03 (r/w/o: 223.02/0.00/30.00) lat (ms,95%): 70.55 err/s: 0.00 reconn/s: 0.00
[ 21s ] thds: 1 tps: 16.00 qps: 242.05 (r/w/o: 211.04/0.00/31.01) lat (ms,95%): 70.55 err/s: 0.00 reconn/s: 0.00
[ 22s ] thds: 1 tps: 14.99 qps: 250.91 (r/w/o: 219.92/0.00/30.99) lat (ms,95%): 70.55 err/s: 0.00 reconn/s: 0.00
[ 23s ] thds: 1 tps: 16.00 qps: 250.00 (r/w/o: 218.00/0.00/32.00) lat (ms,95%): 70.55 err/s: 0.00 reconn/s: 0.00
[ 24s ] thds: 1 tps: 16.00 qps: 252.99 (r/w/o: 220.99/0.00/32.00) lat (ms,95%): 70.55 err/s: 0.00 reconn/s: 0.00
[ 25s ] thds: 1 tps: 15.00 qps: 246.02 (r/w/o: 216.02/0.00/30.00) lat (ms,95%): 69.29 err/s: 0.00 reconn/s: 0.00
[ 26s ] thds: 1 tps: 16.00 qps: 252.98 (r/w/o: 220.99/0.00/32.00) lat (ms,95%): 68.05 err/s: 0.00 reconn/s: 0.00
[ 27s ] thds: 1 tps: 15.00 qps: 245.99 (r/w/o: 215.99/0.00/30.00) lat (ms,95%): 70.55 err/s: 0.00 reconn/s: 0.00
[ 28s ] thds: 1 tps: 16.00 qps: 250.03 (r/w/o: 218.02/0.00/32.00) lat (ms,95%): 68.05 err/s: 0.00 reconn/s: 0.00
[ 29s ] thds: 1 tps: 15.00 qps: 241.98 (r/w/o: 211.98/0.00/30.00) lat (ms,95%): 70.55 err/s: 0.00 reconn/s: 0.00
[ 30s ] thds: 1 tps: 16.00 qps: 251.00 (r/w/o: 219.00/0.00/32.00) lat (ms,95%): 69.29 err/s: 0.00 reconn/s: 0.00
[ 31s ] thds: 1 tps: 16.00 qps: 257.01 (r/w/o: 225.00/0.00/32.00) lat (ms,95%): 69.29 err/s: 0.00 reconn/s: 0.00
[ 32s ] thds: 1 tps: 16.00 qps: 257.00 (r/w/o: 225.00/0.00/32.00) lat (ms,95%): 66.84 err/s: 0.00 reconn/s: 0.00
[ 33s ] thds: 1 tps: 15.00 qps: 248.00 (r/w/o: 218.00/0.00/30.00) lat (ms,95%): 70.55 err/s: 0.00 reconn/s: 0.00
[ 34s ] thds: 1 tps: 16.00 qps: 253.00 (r/w/o: 221.00/0.00/32.00) lat (ms,95%): 69.29 err/s: 0.00 reconn/s: 0.00
[ 35s ] thds: 1 tps: 16.00 qps: 251.00 (r/w/o: 219.00/0.00/32.00) lat (ms,95%): 68.05 err/s: 0.00 reconn/s: 0.00
[ 36s ] thds: 1 tps: 16.00 qps: 254.01 (r/w/o: 222.00/0.00/32.00) lat (ms,95%): 66.84 err/s: 0.00 reconn/s: 0.00
[ 37s ] thds: 1 tps: 16.00 qps: 254.07 (r/w/o: 223.06/0.00/31.01) lat (ms,95%): 66.84 err/s: 0.00 reconn/s: 0.00
[ 38s ] thds: 1 tps: 16.00 qps: 258.02 (r/w/o: 225.02/0.00/33.00) lat (ms,95%): 68.05 err/s: 0.00 reconn/s: 0.00
[ 39s ] thds: 1 tps: 14.99 qps: 251.88 (r/w/o: 221.89/0.00/29.99) lat (ms,95%): 68.05 err/s: 0.00 reconn/s: 0.00
[ 40s ] thds: 1 tps: 17.00 qps: 260.04 (r/w/o: 226.03/0.00/34.00) lat (ms,95%): 65.65 err/s: 0.00 reconn/s: 0.00
[ 41s ] thds: 1 tps: 16.00 qps: 257.99 (r/w/o: 225.99/0.00/32.00) lat (ms,95%): 68.05 err/s: 0.00 reconn/s: 0.00
[ 42s ] thds: 1 tps: 16.00 qps: 256.99 (r/w/o: 224.99/0.00/32.00) lat (ms,95%): 65.65 err/s: 0.00 reconn/s: 0.00
[ 43s ] thds: 1 tps: 16.01 qps: 257.12 (r/w/o: 225.10/0.00/32.01) lat (ms,95%): 66.84 err/s: 0.00 reconn/s: 0.00
[ 44s ] thds: 1 tps: 16.00 qps: 253.93 (r/w/o: 221.93/0.00/31.99) lat (ms,95%): 69.29 err/s: 0.00 reconn/s: 0.00
[ 45s ] thds: 1 tps: 16.00 qps: 256.97 (r/w/o: 224.98/0.00/32.00) lat (ms,95%): 69.29 err/s: 0.00 reconn/s: 0.00
[ 46s ] thds: 1 tps: 16.00 qps: 259.04 (r/w/o: 227.03/0.00/32.00) lat (ms,95%): 65.65 err/s: 0.00 reconn/s: 0.00
[ 47s ] thds: 1 tps: 16.00 qps: 258.94 (r/w/o: 226.95/0.00/31.99) lat (ms,95%): 65.65 err/s: 0.00 reconn/s: 0.00
[ 48s ] thds: 1 tps: 16.00 qps: 259.05 (r/w/o: 227.04/0.00/32.01) lat (ms,95%): 64.47 err/s: 0.00 reconn/s: 0.00
[ 49s ] thds: 1 tps: 17.00 qps: 260.97 (r/w/o: 226.97/0.00/34.00) lat (ms,95%): 68.05 err/s: 0.00 reconn/s: 0.00
[ 50s ] thds: 1 tps: 16.00 qps: 254.98 (r/w/o: 222.99/0.00/32.00) lat (ms,95%): 68.05 err/s: 0.00 reconn/s: 0.00
[ 51s ] thds: 1 tps: 16.00 qps: 256.06 (r/w/o: 224.05/0.00/32.01) lat (ms,95%): 68.05 err/s: 0.00 reconn/s: 0.00
[ 52s ] thds: 1 tps: 15.99 qps: 255.90 (r/w/o: 223.92/0.00/31.99) lat (ms,95%): 66.84 err/s: 0.00 reconn/s: 0.00
[ 53s ] thds: 1 tps: 16.00 qps: 260.06 (r/w/o: 228.05/0.00/32.01) lat (ms,95%): 68.05 err/s: 0.00 reconn/s: 0.00
[ 54s ] thds: 1 tps: 16.00 qps: 256.99 (r/w/o: 224.99/0.00/32.00) lat (ms,95%): 68.05 err/s: 0.00 reconn/s: 0.00
[ 55s ] thds: 1 tps: 16.00 qps: 257.00 (r/w/o: 225.00/0.00/32.00) lat (ms,95%): 65.65 err/s: 0.00 reconn/s: 0.00
[ 56s ] thds: 1 tps: 16.00 qps: 256.02 (r/w/o: 224.02/0.00/32.00) lat (ms,95%): 68.05 err/s: 0.00 reconn/s: 0.00
[ 57s ] thds: 1 tps: 17.00 qps: 264.99 (r/w/o: 230.99/0.00/34.00) lat (ms,95%): 65.65 err/s: 0.00 reconn/s: 0.00
[ 58s ] thds: 1 tps: 15.01 qps: 251.10 (r/w/o: 221.08/0.00/30.01) lat (ms,95%): 68.05 err/s: 0.00 reconn/s: 0.00
[ 59s ] thds: 1 tps: 16.99 qps: 261.89 (r/w/o: 227.91/0.00/33.99) lat (ms,95%): 65.65 err/s: 0.00 reconn/s: 0.00
[ 60s ] thds: 1 tps: 16.00 qps: 256.01 (r/w/o: 224.01/0.00/32.00) lat (ms,95%): 66.84 err/s: 0.00 reconn/s: 0.00
[ 61s ] thds: 1 tps: 16.01 qps: 266.10 (r/w/o: 234.09/0.00/32.01) lat (ms,95%): 63.32 err/s: 0.00 reconn/s: 0.00
[ 62s ] thds: 1 tps: 16.99 qps: 259.89 (r/w/o: 226.91/0.00/32.99) lat (ms,95%): 65.65 err/s: 0.00 reconn/s: 0.00
[ 63s ] thds: 1 tps: 15.99 qps: 257.90 (r/w/o: 224.91/0.00/32.99) lat (ms,95%): 66.84 err/s: 0.00 reconn/s: 0.00
[ 64s ] thds: 1 tps: 16.01 qps: 259.22 (r/w/o: 227.20/0.00/32.03) lat (ms,95%): 65.65 err/s: 0.00 reconn/s: 0.00
[ 65s ] thds: 1 tps: 15.99 qps: 254.90 (r/w/o: 222.92/0.00/31.99) lat (ms,95%): 66.84 err/s: 0.00 reconn/s: 0.00
[ 66s ] thds: 1 tps: 15.00 qps: 251.07 (r/w/o: 221.06/0.00/30.01) lat (ms,95%): 68.05 err/s: 0.00 reconn/s: 0.00
[ 67s ] thds: 1 tps: 16.99 qps: 260.89 (r/w/o: 226.90/0.00/33.99) lat (ms,95%): 65.65 err/s: 0.00 reconn/s: 0.00
[ 68s ] thds: 1 tps: 16.00 qps: 256.00 (r/w/o: 224.00/0.00/32.00) lat (ms,95%): 68.05 err/s: 0.00 reconn/s: 0.00
[ 69s ] thds: 1 tps: 16.01 qps: 258.11 (r/w/o: 226.09/0.00/32.01) lat (ms,95%): 65.65 err/s: 0.00 reconn/s: 0.00
[ 70s ] thds: 1 tps: 16.00 qps: 258.01 (r/w/o: 226.01/0.00/32.00) lat (ms,95%): 65.65 err/s: 0.00 reconn/s: 0.00
[ 71s ] thds: 1 tps: 16.00 qps: 258.03 (r/w/o: 226.03/0.00/32.00) lat (ms,95%): 68.05 err/s: 0.00 reconn/s: 0.00
[ 72s ] thds: 1 tps: 15.99 qps: 259.85 (r/w/o: 227.87/0.00/31.98) lat (ms,95%): 66.84 err/s: 0.00 reconn/s: 0.00
[ 73s ] thds: 1 tps: 17.00 qps: 263.94 (r/w/o: 229.95/0.00/33.99) lat (ms,95%): 65.65 err/s: 0.00 reconn/s: 0.00
[ 74s ] thds: 1 tps: 16.00 qps: 259.08 (r/w/o: 227.07/0.00/32.01) lat (ms,95%): 65.65 err/s: 0.00 reconn/s: 0.00
[ 75s ] thds: 1 tps: 17.00 qps: 265.99 (r/w/o: 231.99/0.00/34.00) lat (ms,95%): 65.65 err/s: 0.00 reconn/s: 0.00
[ 76s ] thds: 1 tps: 16.01 qps: 261.12 (r/w/o: 229.11/0.00/32.01) lat (ms,95%): 65.65 err/s: 0.00 reconn/s: 0.00
[ 77s ] thds: 1 tps: 15.99 qps: 260.88 (r/w/o: 228.89/0.00/31.99) lat (ms,95%): 69.29 err/s: 0.00 reconn/s: 0.00
[ 78s ] thds: 1 tps: 17.00 qps: 261.99 (r/w/o: 227.99/0.00/34.00) lat (ms,95%): 66.84 err/s: 0.00 reconn/s: 0.00
[ 79s ] thds: 1 tps: 16.00 qps: 254.93 (r/w/o: 222.94/0.00/31.99) lat (ms,95%): 65.65 err/s: 0.00 reconn/s: 0.00
[ 80s ] thds: 1 tps: 16.01 qps: 268.10 (r/w/o: 236.09/0.00/32.01) lat (ms,95%): 64.47 err/s: 0.00 reconn/s: 0.00
[ 81s ] thds: 1 tps: 17.00 qps: 263.97 (r/w/o: 229.98/0.00/34.00) lat (ms,95%): 66.84 err/s: 0.00 reconn/s: 0.00
[ 82s ] thds: 1 tps: 16.01 qps: 260.09 (r/w/o: 228.08/0.00/32.01) lat (ms,95%): 66.84 err/s: 0.00 reconn/s: 0.00
[ 83s ] thds: 1 tps: 16.00 qps: 258.92 (r/w/o: 226.93/0.00/31.99) lat (ms,95%): 65.65 err/s: 0.00 reconn/s: 0.00
[ 84s ] thds: 1 tps: 17.00 qps: 259.99 (r/w/o: 225.99/0.00/34.00) lat (ms,95%): 65.65 err/s: 0.00 reconn/s: 0.00
[ 85s ] thds: 1 tps: 17.01 qps: 273.12 (r/w/o: 239.11/0.00/34.02) lat (ms,95%): 62.19 err/s: 0.00 reconn/s: 0.00
[ 86s ] thds: 1 tps: 15.99 qps: 266.87 (r/w/o: 234.89/0.00/31.98) lat (ms,95%): 63.32 err/s: 0.00 reconn/s: 0.00
[ 87s ] thds: 1 tps: 16.00 qps: 257.96 (r/w/o: 225.97/0.00/32.00) lat (ms,95%): 69.29 err/s: 0.00 reconn/s: 0.00
[ 88s ] thds: 1 tps: 17.01 qps: 271.11 (r/w/o: 237.10/0.00/34.01) lat (ms,95%): 66.84 err/s: 0.00 reconn/s: 0.00
[ 89s ] thds: 1 tps: 16.99 qps: 269.85 (r/w/o: 235.87/0.00/33.98) lat (ms,95%): 65.65 err/s: 0.00 reconn/s: 0.00
[ 90s ] thds: 1 tps: 17.00 qps: 263.00 (r/w/o: 229.00/0.00/34.00) lat (ms,95%): 64.47 err/s: 0.00 reconn/s: 0.00
[ 91s ] thds: 1 tps: 16.00 qps: 261.06 (r/w/o: 229.05/0.00/32.01) lat (ms,95%): 66.84 err/s: 0.00 reconn/s: 0.00
[ 92s ] thds: 1 tps: 17.00 qps: 265.99 (r/w/o: 231.99/0.00/34.00) lat (ms,95%): 63.32 err/s: 0.00 reconn/s: 0.00
[ 93s ] thds: 1 tps: 16.00 qps: 264.99 (r/w/o: 232.99/0.00/32.00) lat (ms,95%): 63.32 err/s: 0.00 reconn/s: 0.00
[ 94s ] thds: 1 tps: 16.00 qps: 254.98 (r/w/o: 222.99/0.00/32.00) lat (ms,95%): 66.84 err/s: 0.00 reconn/s: 0.00
[ 95s ] thds: 1 tps: 16.00 qps: 261.05 (r/w/o: 229.04/0.00/32.01) lat (ms,95%): 70.55 err/s: 0.00 reconn/s: 0.00
[ 96s ] thds: 1 tps: 17.00 qps: 261.01 (r/w/o: 227.01/0.00/34.00) lat (ms,95%): 66.84 err/s: 0.00 reconn/s: 0.00
[ 97s ] thds: 1 tps: 16.00 qps: 260.93 (r/w/o: 228.94/0.00/31.99) lat (ms,95%): 64.47 err/s: 0.00 reconn/s: 0.00
[ 98s ] thds: 1 tps: 17.01 qps: 269.16 (r/w/o: 235.14/0.00/34.02) lat (ms,95%): 63.32 err/s: 0.00 reconn/s: 0.00
[ 99s ] thds: 1 tps: 16.99 qps: 266.89 (r/w/o: 232.90/0.00/33.99) lat (ms,95%): 64.47 err/s: 0.00 reconn/s: 0.00
[ 100s ] thds: 1 tps: 17.00 qps: 276.01 (r/w/o: 242.01/0.00/34.00) lat (ms,95%): 63.32 err/s: 0.00 reconn/s: 0.00
[ 101s ] thds: 1 tps: 17.00 qps: 270.03 (r/w/o: 236.03/0.00/34.00) lat (ms,95%): 63.32 err/s: 0.00 reconn/s: 0.00
[ 102s ] thds: 1 tps: 16.00 qps: 263.97 (r/w/o: 231.97/0.00/32.00) lat (ms,95%): 66.84 err/s: 0.00 reconn/s: 0.00
[ 103s ] thds: 1 tps: 16.00 qps: 257.97 (r/w/o: 225.97/0.00/32.00) lat (ms,95%): 66.84 err/s: 0.00 reconn/s: 0.00
[ 104s ] thds: 1 tps: 17.00 qps: 267.03 (r/w/o: 233.03/0.00/34.00) lat (ms,95%): 65.65 err/s: 0.00 reconn/s: 0.00
[ 105s ] thds: 1 tps: 16.01 qps: 257.10 (r/w/o: 225.09/0.00/32.01) lat (ms,95%): 66.84 err/s: 0.00 reconn/s: 0.00
[ 106s ] thds: 1 tps: 17.00 qps: 271.92 (r/w/o: 237.93/0.00/33.99) lat (ms,95%): 64.47 err/s: 0.00 reconn/s: 0.00
[ 107s ] thds: 1 tps: 17.00 qps: 269.01 (r/w/o: 235.01/0.00/34.00) lat (ms,95%): 63.32 err/s: 0.00 reconn/s: 0.00
[ 108s ] thds: 1 tps: 16.99 qps: 268.86 (r/w/o: 234.88/0.00/33.98) lat (ms,95%): 66.84 err/s: 0.00 reconn/s: 0.00
[ 109s ] thds: 1 tps: 17.01 qps: 275.14 (r/w/o: 241.12/0.00/34.02) lat (ms,95%): 62.19 err/s: 0.00 reconn/s: 0.00
[ 110s ] thds: 1 tps: 17.00 qps: 271.05 (r/w/o: 237.05/0.00/34.01) lat (ms,95%): 63.32 err/s: 0.00 reconn/s: 0.00
[ 111s ] thds: 1 tps: 16.99 qps: 275.91 (r/w/o: 241.92/0.00/33.99) lat (ms,95%): 61.08 err/s: 0.00 reconn/s: 0.00
[ 112s ] thds: 1 tps: 16.99 qps: 264.92 (r/w/o: 230.93/0.00/33.99) lat (ms,95%): 64.47 err/s: 0.00 reconn/s: 0.00
[ 113s ] thds: 1 tps: 17.01 qps: 272.11 (r/w/o: 238.10/0.00/34.01) lat (ms,95%): 62.19 err/s: 0.00 reconn/s: 0.00
[ 114s ] thds: 1 tps: 16.00 qps: 263.97 (r/w/o: 231.97/0.00/32.00) lat (ms,95%): 64.47 err/s: 0.00 reconn/s: 0.00
[ 115s ] thds: 1 tps: 17.00 qps: 271.01 (r/w/o: 237.01/0.00/34.00) lat (ms,95%): 64.47 err/s: 0.00 reconn/s: 0.00
[ 116s ] thds: 1 tps: 17.00 qps: 276.94 (r/w/o: 242.94/0.00/33.99) lat (ms,95%): 62.19 err/s: 0.00 reconn/s: 0.00
[ 117s ] thds: 1 tps: 17.01 qps: 269.10 (r/w/o: 235.09/0.00/34.01) lat (ms,95%): 62.19 err/s: 0.00 reconn/s: 0.00
[ 118s ] thds: 1 tps: 17.00 qps: 270.99 (r/w/o: 236.99/0.00/34.00) lat (ms,95%): 63.32 err/s: 0.00 reconn/s: 0.00
[ 119s ] thds: 1 tps: 17.00 qps: 267.97 (r/w/o: 233.97/0.00/34.00) lat (ms,95%): 62.19 err/s: 0.00 reconn/s: 0.00
[ 120s ] thds: 1 tps: 17.00 qps: 270.06 (r/w/o: 236.05/0.00/34.01) lat (ms,95%): 64.47 err/s: 0.00 reconn/s: 0.00
[ 121s ] thds: 1 tps: 17.00 qps: 268.92 (r/w/o: 234.93/0.00/33.99) lat (ms,95%): 63.32 err/s: 0.00 reconn/s: 0.00
[ 122s ] thds: 1 tps: 16.00 qps: 269.05 (r/w/o: 237.05/0.00/32.01) lat (ms,95%): 62.19 err/s: 0.00 reconn/s: 0.00
[ 123s ] thds: 1 tps: 18.00 qps: 277.92 (r/w/o: 241.93/0.00/35.99) lat (ms,95%): 63.32 err/s: 0.00 reconn/s: 0.00
[ 124s ] thds: 1 tps: 17.00 qps: 277.01 (r/w/o: 243.01/0.00/34.00) lat (ms,95%): 61.08 err/s: 0.00 reconn/s: 0.00
[ 125s ] thds: 1 tps: 18.00 qps: 284.06 (r/w/o: 248.05/0.00/36.01) lat (ms,95%): 59.99 err/s: 0.00 reconn/s: 0.00
[ 126s ] thds: 1 tps: 17.00 qps: 274.05 (r/w/o: 240.05/0.00/34.01) lat (ms,95%): 64.47 err/s: 0.00 reconn/s: 0.00
[ 127s ] thds: 1 tps: 17.00 qps: 275.07 (r/w/o: 241.07/0.00/34.01) lat (ms,95%): 64.47 err/s: 0.00 reconn/s: 0.00
[ 128s ] thds: 1 tps: 16.99 qps: 269.88 (r/w/o: 235.89/0.00/33.98) lat (ms,95%): 63.32 err/s: 0.00 reconn/s: 0.00
[ 129s ] thds: 1 tps: 17.01 qps: 277.12 (r/w/o: 243.11/0.00/34.01) lat (ms,95%): 61.08 err/s: 0.00 reconn/s: 0.00
[ 130s ] thds: 1 tps: 16.99 qps: 269.81 (r/w/o: 235.84/0.00/33.98) lat (ms,95%): 62.19 err/s: 0.00 reconn/s: 0.00
[ 131s ] thds: 1 tps: 16.99 qps: 272.90 (r/w/o: 238.91/0.00/33.99) lat (ms,95%): 64.47 err/s: 0.00 reconn/s: 0.00
[ 132s ] thds: 1 tps: 18.02 qps: 278.31 (r/w/o: 242.27/0.00/36.04) lat (ms,95%): 63.32 err/s: 0.00 reconn/s: 0.00
[ 133s ] thds: 1 tps: 17.00 qps: 272.98 (r/w/o: 238.98/0.00/34.00) lat (ms,95%): 61.08 err/s: 0.00 reconn/s: 0.00
[ 134s ] thds: 1 tps: 16.99 qps: 270.81 (r/w/o: 236.83/0.00/33.98) lat (ms,95%): 64.47 err/s: 0.00 reconn/s: 0.00
[ 135s ] thds: 1 tps: 16.00 qps: 266.02 (r/w/o: 234.02/0.00/32.00) lat (ms,95%): 66.84 err/s: 0.00 reconn/s: 0.00
[ 136s ] thds: 1 tps: 17.01 qps: 273.15 (r/w/o: 239.13/0.00/34.02) lat (ms,95%): 63.32 err/s: 0.00 reconn/s: 0.00
[ 137s ] thds: 1 tps: 16.99 qps: 271.83 (r/w/o: 237.85/0.00/33.98) lat (ms,95%): 64.47 err/s: 0.00 reconn/s: 0.00
[ 138s ] thds: 1 tps: 17.01 qps: 272.19 (r/w/o: 238.16/0.00/34.02) lat (ms,95%): 62.19 err/s: 0.00 reconn/s: 0.00
[ 139s ] thds: 1 tps: 16.99 qps: 273.80 (r/w/o: 239.82/0.00/33.97) lat (ms,95%): 63.32 err/s: 0.00 reconn/s: 0.00
[ 140s ] thds: 1 tps: 18.00 qps: 276.96 (r/w/o: 240.96/0.00/35.99) lat (ms,95%): 63.32 err/s: 0.00 reconn/s: 0.00
[ 141s ] thds: 1 tps: 17.00 qps: 274.00 (r/w/o: 240.00/0.00/34.00) lat (ms,95%): 61.08 err/s: 0.00 reconn/s: 0.00
[ 142s ] thds: 1 tps: 17.01 qps: 273.14 (r/w/o: 239.12/0.00/34.02) lat (ms,95%): 63.32 err/s: 0.00 reconn/s: 0.00
[ 143s ] thds: 1 tps: 17.00 qps: 272.93 (r/w/o: 238.94/0.00/33.99) lat (ms,95%): 61.08 err/s: 0.00 reconn/s: 0.00
[ 144s ] thds: 1 tps: 16.01 qps: 260.18 (r/w/o: 228.16/0.00/32.02) lat (ms,95%): 65.65 err/s: 0.00 reconn/s: 0.00
[ 145s ] thds: 1 tps: 16.99 qps: 266.89 (r/w/o: 232.90/0.00/33.99) lat (ms,95%): 64.47 err/s: 0.00 reconn/s: 0.00
[ 146s ] thds: 1 tps: 16.99 qps: 273.91 (r/w/o: 239.92/0.00/33.99) lat (ms,95%): 62.19 err/s: 0.00 reconn/s: 0.00
[ 147s ] thds: 1 tps: 17.00 qps: 276.95 (r/w/o: 242.96/0.00/33.99) lat (ms,95%): 62.19 err/s: 0.00 reconn/s: 0.00
[ 148s ] thds: 1 tps: 18.01 qps: 277.09 (r/w/o: 241.08/0.00/36.01) lat (ms,95%): 62.19 err/s: 0.00 reconn/s: 0.00
[ 149s ] thds: 1 tps: 17.01 qps: 277.14 (r/w/o: 243.12/0.00/34.02) lat (ms,95%): 62.19 err/s: 0.00 reconn/s: 0.00
[ 150s ] thds: 1 tps: 16.99 qps: 272.80 (r/w/o: 238.83/0.00/33.98) lat (ms,95%): 62.19 err/s: 0.00 reconn/s: 0.00
[ 151s ] thds: 1 tps: 17.00 qps: 277.08 (r/w/o: 243.07/0.00/34.01) lat (ms,95%): 61.08 err/s: 0.00 reconn/s: 0.00
[ 152s ] thds: 1 tps: 17.99 qps: 283.88 (r/w/o: 247.90/0.00/35.98) lat (ms,95%): 62.19 err/s: 0.00 reconn/s: 0.00
[ 153s ] thds: 1 tps: 17.00 qps: 275.05 (r/w/o: 241.04/0.00/34.01) lat (ms,95%): 61.08 err/s: 0.00 reconn/s: 0.00
[ 154s ] thds: 1 tps: 18.00 qps: 276.03 (r/w/o: 240.03/0.00/36.00) lat (ms,95%): 62.19 err/s: 0.00 reconn/s: 0.00
[ 155s ] thds: 1 tps: 17.00 qps: 274.92 (r/w/o: 240.93/0.00/33.99) lat (ms,95%): 64.47 err/s: 0.00 reconn/s: 0.00
[ 156s ] thds: 1 tps: 17.02 qps: 279.28 (r/w/o: 245.25/0.00/34.03) lat (ms,95%): 59.99 err/s: 0.00 reconn/s: 0.00
[ 157s ] thds: 1 tps: 16.99 qps: 270.79 (r/w/o: 236.81/0.00/33.97) lat (ms,95%): 63.32 err/s: 0.00 reconn/s: 0.00
[ 158s ] thds: 1 tps: 17.01 qps: 277.18 (r/w/o: 243.16/0.00/34.02) lat (ms,95%): 62.19 err/s: 0.00 reconn/s: 0.00
[ 159s ] thds: 1 tps: 17.99 qps: 275.88 (r/w/o: 239.90/0.00/35.98) lat (ms,95%): 62.19 err/s: 0.00 reconn/s: 0.00
[ 160s ] thds: 1 tps: 17.01 qps: 278.11 (r/w/o: 244.10/0.00/34.01) lat (ms,95%): 61.08 err/s: 0.00 reconn/s: 0.00
[ 161s ] thds: 1 tps: 17.99 qps: 284.89 (r/w/o: 248.90/0.00/35.99) lat (ms,95%): 59.99 err/s: 0.00 reconn/s: 0.00
[ 162s ] thds: 1 tps: 16.99 qps: 276.91 (r/w/o: 242.92/0.00/33.99) lat (ms,95%): 61.08 err/s: 0.00 reconn/s: 0.00
[ 163s ] thds: 1 tps: 17.01 qps: 272.22 (r/w/o: 238.20/0.00/34.03) lat (ms,95%): 62.19 err/s: 0.00 reconn/s: 0.00
[ 164s ] thds: 1 tps: 17.98 qps: 283.71 (r/w/o: 247.75/0.00/35.96) lat (ms,95%): 61.08 err/s: 0.00 reconn/s: 0.00
[ 165s ] thds: 1 tps: 17.02 qps: 276.29 (r/w/o: 242.25/0.00/34.04) lat (ms,95%): 61.08 err/s: 0.00 reconn/s: 0.00
[ 166s ] thds: 1 tps: 18.00 qps: 278.01 (r/w/o: 242.01/0.00/36.00) lat (ms,95%): 61.08 err/s: 0.00 reconn/s: 0.00
[ 167s ] thds: 1 tps: 17.00 qps: 271.97 (r/w/o: 237.97/0.00/34.00) lat (ms,95%): 62.19 err/s: 0.00 reconn/s: 0.00
[ 168s ] thds: 1 tps: 17.00 qps: 273.99 (r/w/o: 239.99/0.00/34.00) lat (ms,95%): 63.32 err/s: 0.00 reconn/s: 0.00
[ 169s ] thds: 1 tps: 17.00 qps: 276.03 (r/w/o: 242.02/0.00/34.00) lat (ms,95%): 61.08 err/s: 0.00 reconn/s: 0.00
[ 170s ] thds: 1 tps: 17.00 qps: 276.00 (r/w/o: 242.00/0.00/34.00) lat (ms,95%): 61.08 err/s: 0.00 reconn/s: 0.00
[ 171s ] thds: 1 tps: 18.00 qps: 276.97 (r/w/o: 241.97/0.00/35.00) lat (ms,95%): 63.32 err/s: 0.00 reconn/s: 0.00
[ 172s ] thds: 1 tps: 17.00 qps: 277.00 (r/w/o: 242.00/0.00/35.00) lat (ms,95%): 62.19 err/s: 0.00 reconn/s: 0.00
[ 173s ] thds: 1 tps: 18.00 qps: 285.03 (r/w/o: 249.02/0.00/36.00) lat (ms,95%): 62.19 err/s: 0.00 reconn/s: 0.00
[ 174s ] thds: 1 tps: 17.00 qps: 281.99 (r/w/o: 247.99/0.00/34.00) lat (ms,95%): 58.92 err/s: 0.00 reconn/s: 0.00
[ 175s ] thds: 1 tps: 18.00 qps: 277.97 (r/w/o: 241.98/0.00/36.00) lat (ms,95%): 63.32 err/s: 0.00 reconn/s: 0.00
[ 176s ] thds: 1 tps: 16.99 qps: 269.82 (r/w/o: 236.84/0.00/32.98) lat (ms,95%): 63.32 err/s: 0.00 reconn/s: 0.00
[ 177s ] thds: 1 tps: 17.00 qps: 280.02 (r/w/o: 245.02/0.00/35.00) lat (ms,95%): 62.19 err/s: 0.00 reconn/s: 0.00
[ 178s ] thds: 1 tps: 18.01 qps: 282.13 (r/w/o: 246.12/0.00/36.02) lat (ms,95%): 61.08 err/s: 0.00 reconn/s: 0.00
[ 179s ] thds: 1 tps: 17.99 qps: 289.90 (r/w/o: 253.91/0.00/35.99) lat (ms,95%): 62.19 err/s: 0.00 reconn/s: 0.00
[ 180s ] thds: 1 tps: 17.01 qps: 280.10 (r/w/o: 246.09/0.00/34.01) lat (ms,95%): 61.08 err/s: 0.00 reconn/s: 0.00
[ 181s ] thds: 1 tps: 18.01 qps: 281.09 (r/w/o: 245.08/0.00/36.01) lat (ms,95%): 61.08 err/s: 0.00 reconn/s: 0.00
[ 182s ] thds: 1 tps: 16.99 qps: 274.87 (r/w/o: 240.89/0.00/33.98) lat (ms,95%): 61.08 err/s: 0.00 reconn/s: 0.00
[ 183s ] thds: 1 tps: 17.00 qps: 276.06 (r/w/o: 242.06/0.00/34.01) lat (ms,95%): 64.47 err/s: 0.00 reconn/s: 0.00
[ 184s ] thds: 1 tps: 18.00 qps: 279.97 (r/w/o: 243.98/0.00/36.00) lat (ms,95%): 59.99 err/s: 0.00 reconn/s: 0.00
[ 185s ] thds: 1 tps: 16.99 qps: 275.79 (r/w/o: 241.82/0.00/33.97) lat (ms,95%): 63.32 err/s: 0.00 reconn/s: 0.00
[ 186s ] thds: 1 tps: 17.01 qps: 277.18 (r/w/o: 243.15/0.00/34.02) lat (ms,95%): 63.32 err/s: 0.00 reconn/s: 0.00
[ 187s ] thds: 1 tps: 17.00 qps: 272.07 (r/w/o: 238.06/0.00/34.01) lat (ms,95%): 64.47 err/s: 0.00 reconn/s: 0.00
[ 188s ] thds: 1 tps: 18.00 qps: 279.01 (r/w/o: 243.01/0.00/36.00) lat (ms,95%): 62.19 err/s: 0.00 reconn/s: 0.00
[ 189s ] thds: 1 tps: 16.99 qps: 274.81 (r/w/o: 240.84/0.00/33.98) lat (ms,95%): 63.32 err/s: 0.00 reconn/s: 0.00
[ 190s ] thds: 1 tps: 18.01 qps: 287.15 (r/w/o: 251.13/0.00/36.02) lat (ms,95%): 57.87 err/s: 0.00 reconn/s: 0.00
[ 191s ] thds: 1 tps: 17.00 qps: 280.06 (r/w/o: 246.06/0.00/34.01) lat (ms,95%): 61.08 err/s: 0.00 reconn/s: 0.00
[ 192s ] thds: 1 tps: 17.99 qps: 280.78 (r/w/o: 244.81/0.00/35.97) lat (ms,95%): 58.92 err/s: 0.00 reconn/s: 0.00
[ 193s ] thds: 1 tps: 17.01 qps: 278.15 (r/w/o: 244.13/0.00/34.02) lat (ms,95%): 61.08 err/s: 0.00 reconn/s: 0.00
[ 194s ] thds: 1 tps: 18.00 qps: 277.00 (r/w/o: 241.00/0.00/36.00) lat (ms,95%): 62.19 err/s: 0.00 reconn/s: 0.00
[ 195s ] thds: 1 tps: 17.00 qps: 284.06 (r/w/o: 250.05/0.00/34.01) lat (ms,95%): 58.92 err/s: 0.00 reconn/s: 0.00
[ 196s ] thds: 1 tps: 18.00 qps: 283.01 (r/w/o: 247.01/0.00/36.00) lat (ms,95%): 62.19 err/s: 0.00 reconn/s: 0.00
[ 197s ] thds: 1 tps: 16.99 qps: 275.78 (r/w/o: 241.80/0.00/33.97) lat (ms,95%): 61.08 err/s: 0.00 reconn/s: 0.00
[ 198s ] thds: 1 tps: 18.00 qps: 277.02 (r/w/o: 241.02/0.00/36.00) lat (ms,95%): 63.32 err/s: 0.00 reconn/s: 0.00
[ 199s ] thds: 1 tps: 17.01 qps: 282.19 (r/w/o: 248.17/0.00/34.02) lat (ms,95%): 61.08 err/s: 0.00 reconn/s: 0.00
[ 200s ] thds: 1 tps: 17.99 qps: 277.88 (r/w/o: 241.89/0.00/35.98) lat (ms,95%): 63.32 err/s: 0.00 reconn/s: 0.00
[ 201s ] thds: 1 tps: 17.01 qps: 274.13 (r/w/o: 240.11/0.00/34.02) lat (ms,95%): 62.19 err/s: 0.00 reconn/s: 0.00
[ 202s ] thds: 1 tps: 16.98 qps: 277.73 (r/w/o: 243.76/0.00/33.97) lat (ms,95%): 61.08 err/s: 0.00 reconn/s: 0.00
[ 203s ] thds: 1 tps: 17.02 qps: 276.29 (r/w/o: 242.25/0.00/34.04) lat (ms,95%): 62.19 err/s: 0.00 reconn/s: 0.00
[ 204s ] thds: 1 tps: 18.00 qps: 279.95 (r/w/o: 243.96/0.00/35.99) lat (ms,95%): 62.19 err/s: 0.00 reconn/s: 0.00
[ 205s ] thds: 1 tps: 17.00 qps: 279.95 (r/w/o: 245.96/0.00/33.99) lat (ms,95%): 61.08 err/s: 0.00 reconn/s: 0.00
[ 206s ] thds: 1 tps: 18.00 qps: 283.08 (r/w/o: 247.07/0.00/36.01) lat (ms,95%): 61.08 err/s: 0.00 reconn/s: 0.00
[ 207s ] thds: 1 tps: 18.00 qps: 282.00 (r/w/o: 246.00/0.00/36.00) lat (ms,95%): 63.32 err/s: 0.00 reconn/s: 0.00
[ 208s ] thds: 1 tps: 17.00 qps: 280.01 (r/w/o: 246.01/0.00/34.00) lat (ms,95%): 59.99 err/s: 0.00 reconn/s: 0.00
[ 209s ] thds: 1 tps: 17.99 qps: 279.92 (r/w/o: 243.93/0.00/35.99) lat (ms,95%): 59.99 err/s: 0.00 reconn/s: 0.00
[ 210s ] thds: 1 tps: 16.99 qps: 278.84 (r/w/o: 244.86/0.00/33.98) lat (ms,95%): 58.92 err/s: 0.00 reconn/s: 0.00
[ 211s ] thds: 1 tps: 18.02 qps: 281.23 (r/w/o: 245.20/0.00/36.03) lat (ms,95%): 62.19 err/s: 0.00 reconn/s: 0.00
[ 212s ] thds: 1 tps: 17.00 qps: 280.97 (r/w/o: 246.97/0.00/34.00) lat (ms,95%): 59.99 err/s: 0.00 reconn/s: 0.00
[ 213s ] thds: 1 tps: 17.99 qps: 278.79 (r/w/o: 242.82/0.00/35.97) lat (ms,95%): 62.19 err/s: 0.00 reconn/s: 0.00
[ 214s ] thds: 1 tps: 17.00 qps: 278.00 (r/w/o: 244.00/0.00/34.00) lat (ms,95%): 61.08 err/s: 0.00 reconn/s: 0.00
[ 215s ] thds: 1 tps: 17.01 qps: 278.20 (r/w/o: 244.18/0.00/34.02) lat (ms,95%): 59.99 err/s: 0.00 reconn/s: 0.00
[ 216s ] thds: 1 tps: 18.00 qps: 279.00 (r/w/o: 243.00/0.00/36.00) lat (ms,95%): 62.19 err/s: 0.00 reconn/s: 0.00
[ 217s ] thds: 1 tps: 17.00 qps: 280.02 (r/w/o: 246.02/0.00/34.00) lat (ms,95%): 62.19 err/s: 0.00 reconn/s: 0.00
[ 218s ] thds: 1 tps: 18.00 qps: 283.01 (r/w/o: 247.01/0.00/36.00) lat (ms,95%): 61.08 err/s: 0.00 reconn/s: 0.00
[ 219s ] thds: 1 tps: 18.00 qps: 280.00 (r/w/o: 244.00/0.00/36.00) lat (ms,95%): 61.08 err/s: 0.00 reconn/s: 0.00
[ 220s ] thds: 1 tps: 16.99 qps: 278.89 (r/w/o: 244.90/0.00/33.99) lat (ms,95%): 61.08 err/s: 0.00 reconn/s: 0.00
[ 221s ] thds: 1 tps: 16.99 qps: 276.90 (r/w/o: 242.92/0.00/33.99) lat (ms,95%): 61.08 err/s: 0.00 reconn/s: 0.00
[ 222s ] thds: 1 tps: 18.00 qps: 278.96 (r/w/o: 242.97/0.00/36.00) lat (ms,95%): 61.08 err/s: 0.00 reconn/s: 0.00
[ 223s ] thds: 1 tps: 17.02 qps: 279.25 (r/w/o: 245.22/0.00/34.03) lat (ms,95%): 62.19 err/s: 0.00 reconn/s: 0.00
[ 224s ] thds: 1 tps: 18.00 qps: 281.94 (r/w/o: 245.95/0.00/35.99) lat (ms,95%): 61.08 err/s: 0.00 reconn/s: 0.00
[ 225s ] thds: 1 tps: 17.00 qps: 275.00 (r/w/o: 241.00/0.00/34.00) lat (ms,95%): 62.19 err/s: 0.00 reconn/s: 0.00
[ 226s ] thds: 1 tps: 18.00 qps: 283.93 (r/w/o: 247.94/0.00/35.99) lat (ms,95%): 59.99 err/s: 0.00 reconn/s: 0.00
[ 227s ] thds: 1 tps: 18.01 qps: 284.08 (r/w/o: 249.07/0.00/35.01) lat (ms,95%): 59.99 err/s: 0.00 reconn/s: 0.00
[ 228s ] thds: 1 tps: 17.00 qps: 286.00 (r/w/o: 251.00/0.00/35.00) lat (ms,95%): 58.92 err/s: 0.00 reconn/s: 0.00
[ 229s ] thds: 1 tps: 18.00 qps: 279.93 (r/w/o: 243.94/0.00/35.99) lat (ms,95%): 59.99 err/s: 0.00 reconn/s: 0.00
[ 230s ] thds: 1 tps: 18.00 qps: 288.98 (r/w/o: 252.98/0.00/36.00) lat (ms,95%): 58.92 err/s: 0.00 reconn/s: 0.00
[ 231s ] thds: 1 tps: 17.01 qps: 278.12 (r/w/o: 244.11/0.00/34.02) lat (ms,95%): 59.99 err/s: 0.00 reconn/s: 0.00
[ 232s ] thds: 1 tps: 18.00 qps: 286.98 (r/w/o: 250.98/0.00/36.00) lat (ms,95%): 59.99 err/s: 0.00 reconn/s: 0.00
[ 233s ] thds: 1 tps: 18.00 qps: 285.02 (r/w/o: 249.02/0.00/36.00) lat (ms,95%): 61.08 err/s: 0.00 reconn/s: 0.00
[ 234s ] thds: 1 tps: 18.00 qps: 280.01 (r/w/o: 244.01/0.00/36.00) lat (ms,95%): 61.08 err/s: 0.00 reconn/s: 0.00
[ 235s ] thds: 1 tps: 17.00 qps: 279.95 (r/w/o: 245.96/0.00/33.99) lat (ms,95%): 61.08 err/s: 0.00 reconn/s: 0.00
[ 236s ] thds: 1 tps: 18.00 qps: 283.02 (r/w/o: 247.02/0.00/36.00) lat (ms,95%): 58.92 err/s: 0.00 reconn/s: 0.00
[ 237s ] thds: 1 tps: 18.00 qps: 288.98 (r/w/o: 252.99/0.00/36.00) lat (ms,95%): 61.08 err/s: 0.00 reconn/s: 0.00
[ 238s ] thds: 1 tps: 18.00 qps: 286.03 (r/w/o: 250.02/0.00/36.00) lat (ms,95%): 59.99 err/s: 0.00 reconn/s: 0.00
[ 239s ] thds: 1 tps: 17.00 qps: 282.97 (r/w/o: 248.97/0.00/34.00) lat (ms,95%): 59.99 err/s: 0.00 reconn/s: 0.00
[ 240s ] thds: 1 tps: 18.00 qps: 284.05 (r/w/o: 248.04/0.00/36.01) lat (ms,95%): 59.99 err/s: 0.00 reconn/s: 0.00
Latency histogram (values are in milliseconds)
       value  ------------- distribution ------------- count
      48.335 |                                         3
      49.213 |*                                        11
      50.107 |**                                       16
      51.018 |***                                      27
      51.945 |*****                                    52
      52.889 |********                                 84
      53.850 |******************                       179
      54.828 |***********************                  235
      55.824 |*******************************          308
      56.839 |************************************     365
      57.871 |**************************************** 401
      58.923 |*************************************    372
      59.993 |**************************************** 397
      61.083 |*************************************    370
      62.193 |**********************************       336
      63.323 |**************************               259
      64.474 |********************                     197
      65.645 |*************                            133
      66.838 |************                             120
      68.053 |*******                                  67
      69.289 |****                                     41
      70.548 |***                                      34
      71.830 |*                                        8
      73.135 |*                                        6
      74.464 |                                         3
      75.817 |                                         2
      77.194 |                                         1
 
SQL statistics:
    queries performed:
        read:                            56373
        write:                           0
        other:                           8053
        total:                           64426
    transactions:                        4027   (16.78 per sec.)
    queries:                             64426  (268.41 per sec.)
    ignored errors:                      0      (0.00 per sec.)
    reconnects:                          0      (0.00 per sec.)

Throughput:
    events/s (eps):                      16.7772
    time elapsed:                        240.0283s
    total number of events:              4027

Latency (ms):
         min:                                   48.06
         avg:                                   59.61
         max:                                   77.56
         95th percentile:                       66.84
         sum:                               240034.83

Threads fairness:
    events (avg/stddev):           4027.0000/0.00
    execution time (avg/stddev):   240.0348/0.00

