sysbench 1.1.0-3ceba0b (using bundled LuaJIT 2.1.0-beta3)

Running the test with following options:
Number of threads: 256
Warmup time: 60s
Report intermediate results every 1 second(s)
Initializing random number generator from current time


Initializing worker threads...

Threads started!

Warming up for 60 seconds...

[ 1s ] thds: 256 tps: 749.71 qps: 4508.74 (r/w/o: 0.00/2956.53/1552.21) lat (ms,95%): 719.92 err/s: 0.00 reconn/s: 0.00
[ 2s ] thds: 256 tps: 510.73 qps: 3158.30 (r/w/o: 0.00/2098.87/1059.43) lat (ms,95%): 719.92 err/s: 0.00 reconn/s: 0.00
[ 3s ] thds: 256 tps: 525.06 qps: 3103.37 (r/w/o: 0.00/2017.24/1086.13) lat (ms,95%): 719.92 err/s: 0.00 reconn/s: 0.00
[ 4s ] thds: 256 tps: 511.94 qps: 3005.67 (r/w/o: 0.00/1942.79/1062.88) lat (ms,95%): 707.07 err/s: 0.00 reconn/s: 0.00
[ 5s ] thds: 256 tps: 515.24 qps: 3197.49 (r/w/o: 0.00/2128.99/1068.50) lat (ms,95%): 707.07 err/s: 0.00 reconn/s: 0.00
[ 6s ] thds: 256 tps: 518.69 qps: 3052.16 (r/w/o: 0.00/1984.80/1067.36) lat (ms,95%): 694.45 err/s: 0.00 reconn/s: 0.00
[ 7s ] thds: 256 tps: 524.08 qps: 3137.49 (r/w/o: 0.00/2055.32/1082.17) lat (ms,95%): 707.07 err/s: 0.00 reconn/s: 0.00
[ 8s ] thds: 256 tps: 537.02 qps: 3238.09 (r/w/o: 0.00/2129.06/1109.03) lat (ms,95%): 682.06 err/s: 0.00 reconn/s: 0.00
[ 9s ] thds: 256 tps: 499.95 qps: 2987.72 (r/w/o: 0.00/1957.81/1029.90) lat (ms,95%): 682.06 err/s: 0.00 reconn/s: 0.00
[ 10s ] thds: 256 tps: 501.13 qps: 3116.80 (r/w/o: 0.00/2087.54/1029.27) lat (ms,95%): 694.45 err/s: 0.00 reconn/s: 0.00
[ 11s ] thds: 256 tps: 518.07 qps: 3084.41 (r/w/o: 0.00/2017.27/1067.14) lat (ms,95%): 682.06 err/s: 0.00 reconn/s: 0.00
[ 12s ] thds: 256 tps: 535.82 qps: 3182.95 (r/w/o: 0.00/2073.31/1109.63) lat (ms,95%): 694.45 err/s: 0.00 reconn/s: 0.00
[ 13s ] thds: 256 tps: 513.92 qps: 3056.52 (r/w/o: 0.00/1989.69/1066.83) lat (ms,95%): 559.50 err/s: 0.00 reconn/s: 0.00
[ 14s ] thds: 256 tps: 525.03 qps: 3161.19 (r/w/o: 0.00/2076.12/1085.06) lat (ms,95%): 559.50 err/s: 0.00 reconn/s: 0.00
[ 15s ] thds: 256 tps: 525.33 qps: 3128.98 (r/w/o: 0.00/2035.29/1093.69) lat (ms,95%): 549.52 err/s: 0.00 reconn/s: 0.00
[ 16s ] thds: 256 tps: 864.90 qps: 5281.39 (r/w/o: 0.00/3496.60/1784.79) lat (ms,95%): 502.20 err/s: 0.00 reconn/s: 0.00
[ 17s ] thds: 256 tps: 600.78 qps: 3465.71 (r/w/o: 0.00/2223.17/1242.54) lat (ms,95%): 520.62 err/s: 0.00 reconn/s: 0.00
[ 18s ] thds: 256 tps: 518.99 qps: 3135.92 (r/w/o: 0.00/2066.95/1068.97) lat (ms,95%): 569.67 err/s: 0.00 reconn/s: 0.00
[ 19s ] thds: 256 tps: 507.20 qps: 3074.20 (r/w/o: 0.00/2035.79/1038.40) lat (ms,95%): 787.74 err/s: 0.00 reconn/s: 0.00
[ 20s ] thds: 256 tps: 513.12 qps: 3123.74 (r/w/o: 0.00/2065.49/1058.25) lat (ms,95%): 733.00 err/s: 0.00 reconn/s: 0.00
[ 21s ] thds: 256 tps: 510.65 qps: 2982.96 (r/w/o: 0.00/1922.68/1060.27) lat (ms,95%): 719.92 err/s: 0.00 reconn/s: 0.00
[ 22s ] thds: 256 tps: 510.25 qps: 3076.49 (r/w/o: 0.00/2023.98/1052.51) lat (ms,95%): 719.92 err/s: 0.00 reconn/s: 0.00
[ 23s ] thds: 256 tps: 519.91 qps: 3122.46 (r/w/o: 0.00/2051.65/1070.81) lat (ms,95%): 612.21 err/s: 0.00 reconn/s: 0.00
[ 24s ] thds: 256 tps: 516.17 qps: 3061.00 (r/w/o: 0.00/1997.65/1063.35) lat (ms,95%): 612.21 err/s: 0.00 reconn/s: 0.00
[ 25s ] thds: 256 tps: 509.98 qps: 3097.87 (r/w/o: 0.00/2046.92/1050.96) lat (ms,95%): 612.21 err/s: 0.00 reconn/s: 0.00
[ 26s ] thds: 256 tps: 521.66 qps: 3154.95 (r/w/o: 0.00/2072.65/1082.30) lat (ms,95%): 623.33 err/s: 0.00 reconn/s: 0.00
[ 27s ] thds: 256 tps: 516.05 qps: 3073.27 (r/w/o: 0.00/2015.18/1058.09) lat (ms,95%): 601.29 err/s: 0.00 reconn/s: 0.00
[ 28s ] thds: 256 tps: 518.96 qps: 3081.76 (r/w/o: 0.00/2013.85/1067.92) lat (ms,95%): 549.52 err/s: 0.00 reconn/s: 0.00
[ 29s ] thds: 256 tps: 518.26 qps: 3118.58 (r/w/o: 0.00/2051.04/1067.54) lat (ms,95%): 549.52 err/s: 0.00 reconn/s: 0.00
[ 30s ] thds: 256 tps: 501.10 qps: 3099.62 (r/w/o: 0.00/2064.41/1035.21) lat (ms,95%): 646.19 err/s: 0.00 reconn/s: 0.00
[ 31s ] thds: 256 tps: 526.63 qps: 3128.79 (r/w/o: 0.00/2044.55/1084.23) lat (ms,95%): 634.66 err/s: 0.00 reconn/s: 0.00
[ 32s ] thds: 256 tps: 518.97 qps: 3081.83 (r/w/o: 0.00/2001.89/1079.94) lat (ms,95%): 646.19 err/s: 0.00 reconn/s: 0.00
[ 33s ] thds: 256 tps: 512.33 qps: 3111.00 (r/w/o: 0.00/2061.32/1049.67) lat (ms,95%): 646.19 err/s: 0.00 reconn/s: 0.00
[ 34s ] thds: 256 tps: 534.90 qps: 3168.40 (r/w/o: 0.00/2054.61/1113.79) lat (ms,95%): 634.66 err/s: 0.00 reconn/s: 0.00
[ 35s ] thds: 256 tps: 546.77 qps: 3229.65 (r/w/o: 0.00/2108.12/1121.53) lat (ms,95%): 623.33 err/s: 0.00 reconn/s: 0.00
[ 36s ] thds: 256 tps: 514.34 qps: 3140.10 (r/w/o: 0.00/2070.39/1069.72) lat (ms,95%): 612.21 err/s: 0.00 reconn/s: 0.00
[ 37s ] thds: 256 tps: 516.00 qps: 3066.02 (r/w/o: 0.00/2011.02/1055.01) lat (ms,95%): 682.06 err/s: 0.00 reconn/s: 0.00
[ 38s ] thds: 256 tps: 514.98 qps: 3108.85 (r/w/o: 0.00/2056.90/1051.95) lat (ms,95%): 846.57 err/s: 0.00 reconn/s: 0.00
[ 39s ] thds: 256 tps: 510.72 qps: 3011.36 (r/w/o: 0.00/1960.93/1050.43) lat (ms,95%): 759.88 err/s: 0.00 reconn/s: 0.00
[ 40s ] thds: 256 tps: 510.27 qps: 3112.65 (r/w/o: 0.00/2051.09/1061.56) lat (ms,95%): 787.74 err/s: 0.00 reconn/s: 0.00
[ 41s ] thds: 256 tps: 512.01 qps: 3104.06 (r/w/o: 0.00/2039.04/1065.02) lat (ms,95%): 759.88 err/s: 0.00 reconn/s: 0.00
[ 42s ] thds: 256 tps: 529.66 qps: 3126.02 (r/w/o: 0.00/2043.71/1082.32) lat (ms,95%): 773.68 err/s: 0.00 reconn/s: 0.00
[ 43s ] thds: 256 tps: 513.15 qps: 3029.86 (r/w/o: 0.00/1962.56/1067.30) lat (ms,95%): 787.74 err/s: 0.00 reconn/s: 0.00
[ 44s ] thds: 256 tps: 507.18 qps: 3101.09 (r/w/o: 0.00/2054.72/1046.37) lat (ms,95%): 759.88 err/s: 0.00 reconn/s: 0.00
[ 45s ] thds: 256 tps: 504.88 qps: 3128.27 (r/w/o: 0.00/2076.51/1051.75) lat (ms,95%): 669.89 err/s: 0.00 reconn/s: 0.00
[ 46s ] thds: 256 tps: 528.76 qps: 3151.55 (r/w/o: 0.00/2055.06/1096.50) lat (ms,95%): 707.07 err/s: 0.00 reconn/s: 0.00
[ 47s ] thds: 256 tps: 521.43 qps: 3117.55 (r/w/o: 0.00/2029.66/1087.89) lat (ms,95%): 694.45 err/s: 0.00 reconn/s: 0.00
[ 48s ] thds: 256 tps: 516.84 qps: 3129.01 (r/w/o: 0.00/2071.34/1057.67) lat (ms,95%): 669.89 err/s: 0.00 reconn/s: 0.00
[ 49s ] thds: 256 tps: 521.97 qps: 3142.83 (r/w/o: 0.00/2063.89/1078.94) lat (ms,95%): 549.52 err/s: 0.00 reconn/s: 0.00
[ 50s ] thds: 256 tps: 537.12 qps: 3223.73 (r/w/o: 0.00/2112.48/1111.25) lat (ms,95%): 559.50 err/s: 0.00 reconn/s: 0.00
[ 51s ] thds: 256 tps: 515.72 qps: 3053.31 (r/w/o: 0.00/1974.91/1078.40) lat (ms,95%): 559.50 err/s: 0.00 reconn/s: 0.00
[ 52s ] thds: 256 tps: 503.90 qps: 2970.43 (r/w/o: 0.00/1933.63/1036.80) lat (ms,95%): 601.29 err/s: 0.00 reconn/s: 0.00
[ 53s ] thds: 256 tps: 504.31 qps: 2960.81 (r/w/o: 0.00/1919.17/1041.64) lat (ms,95%): 601.29 err/s: 0.00 reconn/s: 0.00
[ 54s ] thds: 256 tps: 516.03 qps: 3184.21 (r/w/o: 0.00/2115.14/1069.07) lat (ms,95%): 601.29 err/s: 0.00 reconn/s: 0.00
[ 55s ] thds: 256 tps: 520.66 qps: 3077.00 (r/w/o: 0.00/2008.69/1068.31) lat (ms,95%): 682.06 err/s: 0.00 reconn/s: 0.00
[ 56s ] thds: 256 tps: 506.40 qps: 3071.44 (r/w/o: 0.00/2031.61/1039.82) lat (ms,95%): 719.92 err/s: 0.00 reconn/s: 0.00
[ 57s ] thds: 256 tps: 515.61 qps: 3033.68 (r/w/o: 0.00/1981.49/1052.20) lat (ms,95%): 733.00 err/s: 0.00 reconn/s: 0.00
[ 58s ] thds: 256 tps: 506.18 qps: 3085.07 (r/w/o: 0.00/2038.71/1046.36) lat (ms,95%): 733.00 err/s: 0.00 reconn/s: 0.00
[ 59s ] thds: 256 tps: 861.89 qps: 5185.36 (r/w/o: 0.00/3401.58/1783.78) lat (ms,95%): 530.08 err/s: 0.00 reconn/s: 0.00
[ 60s ] thds: 256 tps: 673.21 qps: 4073.26 (r/w/o: 0.00/2673.83/1399.43) lat (ms,95%): 569.67 err/s: 0.00 reconn/s: 0.00
[ 61s ] thds: 256 tps: 535.82 qps: 3245.88 (r/w/o: 0.00/2144.26/1101.62) lat (ms,95%): 569.67 err/s: 0.00 reconn/s: 0.00
[ 62s ] thds: 256 tps: 528.90 qps: 3073.41 (r/w/o: 0.00/1984.62/1088.79) lat (ms,95%): 580.02 err/s: 0.00 reconn/s: 0.00
[ 63s ] thds: 256 tps: 508.03 qps: 3080.20 (r/w/o: 0.00/2019.13/1061.07) lat (ms,95%): 759.88 err/s: 0.00 reconn/s: 0.00
[ 64s ] thds: 256 tps: 512.95 qps: 3025.69 (r/w/o: 0.00/1973.80/1051.89) lat (ms,95%): 759.88 err/s: 0.00 reconn/s: 0.00
[ 65s ] thds: 256 tps: 510.02 qps: 3141.14 (r/w/o: 0.00/2090.09/1051.05) lat (ms,95%): 623.33 err/s: 0.00 reconn/s: 0.00
[ 66s ] thds: 256 tps: 529.15 qps: 3121.90 (r/w/o: 0.00/2017.58/1104.32) lat (ms,95%): 634.66 err/s: 0.00 reconn/s: 0.00
[ 67s ] thds: 256 tps: 510.23 qps: 3115.41 (r/w/o: 0.00/2071.94/1043.47) lat (ms,95%): 646.19 err/s: 0.00 reconn/s: 0.00
[ 68s ] thds: 256 tps: 516.88 qps: 3084.31 (r/w/o: 0.00/2015.55/1068.76) lat (ms,95%): 646.19 err/s: 0.00 reconn/s: 0.00
[ 69s ] thds: 256 tps: 521.72 qps: 3160.28 (r/w/o: 0.00/2075.87/1084.41) lat (ms,95%): 657.93 err/s: 0.00 reconn/s: 0.00
[ 70s ] thds: 256 tps: 528.00 qps: 3088.02 (r/w/o: 0.00/2009.01/1079.01) lat (ms,95%): 580.02 err/s: 0.00 reconn/s: 0.00
[ 71s ] thds: 256 tps: 515.36 qps: 3184.22 (r/w/o: 0.00/2110.47/1073.75) lat (ms,95%): 511.33 err/s: 0.00 reconn/s: 0.00
[ 72s ] thds: 256 tps: 532.95 qps: 3157.71 (r/w/o: 0.00/2059.81/1097.90) lat (ms,95%): 520.62 err/s: 0.00 reconn/s: 0.00
[ 73s ] thds: 256 tps: 531.10 qps: 3221.58 (r/w/o: 0.00/2124.38/1097.20) lat (ms,95%): 511.33 err/s: 0.00 reconn/s: 0.00
[ 74s ] thds: 256 tps: 520.64 qps: 3140.80 (r/w/o: 0.00/2061.56/1079.25) lat (ms,95%): 520.62 err/s: 0.00 reconn/s: 0.00
[ 75s ] thds: 256 tps: 510.35 qps: 3005.09 (r/w/o: 0.00/1953.36/1051.73) lat (ms,95%): 549.52 err/s: 0.00 reconn/s: 0.00
[ 76s ] thds: 256 tps: 515.94 qps: 3020.63 (r/w/o: 0.00/1961.76/1058.87) lat (ms,95%): 549.52 err/s: 0.00 reconn/s: 0.00
[ 77s ] thds: 256 tps: 506.61 qps: 3065.64 (r/w/o: 0.00/2032.43/1033.20) lat (ms,95%): 559.50 err/s: 0.00 reconn/s: 0.00
[ 78s ] thds: 256 tps: 506.38 qps: 3203.40 (r/w/o: 0.00/2152.61/1050.79) lat (ms,95%): 580.02 err/s: 0.00 reconn/s: 0.00
[ 79s ] thds: 256 tps: 517.06 qps: 3066.38 (r/w/o: 0.00/1996.25/1070.13) lat (ms,95%): 590.56 err/s: 0.00 reconn/s: 0.00
[ 80s ] thds: 256 tps: 528.57 qps: 3023.55 (r/w/o: 0.00/1942.43/1081.13) lat (ms,95%): 590.56 err/s: 0.00 reconn/s: 0.00
[ 81s ] thds: 256 tps: 519.32 qps: 3110.93 (r/w/o: 0.00/2042.26/1068.66) lat (ms,95%): 590.56 err/s: 0.00 reconn/s: 0.00
[ 82s ] thds: 256 tps: 517.99 qps: 3151.92 (r/w/o: 0.00/2085.95/1065.97) lat (ms,95%): 539.71 err/s: 0.00 reconn/s: 0.00
[ 83s ] thds: 256 tps: 513.73 qps: 3089.37 (r/w/o: 0.00/2027.93/1061.44) lat (ms,95%): 530.08 err/s: 0.00 reconn/s: 0.00
[ 84s ] thds: 256 tps: 515.37 qps: 3120.24 (r/w/o: 0.00/2045.47/1074.77) lat (ms,95%): 530.08 err/s: 0.00 reconn/s: 0.00
[ 85s ] thds: 256 tps: 535.94 qps: 3126.67 (r/w/o: 0.00/2015.78/1110.88) lat (ms,95%): 657.93 err/s: 0.00 reconn/s: 0.00
[ 86s ] thds: 256 tps: 518.96 qps: 3145.78 (r/w/o: 0.00/2065.86/1079.93) lat (ms,95%): 520.62 err/s: 0.00 reconn/s: 0.00
[ 87s ] thds: 256 tps: 509.79 qps: 3107.73 (r/w/o: 0.00/2046.16/1061.57) lat (ms,95%): 580.02 err/s: 0.00 reconn/s: 0.00
[ 88s ] thds: 256 tps: 508.19 qps: 3137.20 (r/w/o: 0.00/2085.79/1051.40) lat (ms,95%): 590.56 err/s: 0.00 reconn/s: 0.00
[ 89s ] thds: 256 tps: 532.06 qps: 3132.37 (r/w/o: 0.00/2034.24/1098.13) lat (ms,95%): 590.56 err/s: 0.00 reconn/s: 0.00
[ 90s ] thds: 256 tps: 531.72 qps: 3062.38 (r/w/o: 0.00/1967.96/1094.42) lat (ms,95%): 590.56 err/s: 0.00 reconn/s: 0.00
[ 91s ] thds: 256 tps: 501.31 qps: 3047.91 (r/w/o: 0.00/2007.25/1040.65) lat (ms,95%): 590.56 err/s: 0.00 reconn/s: 0.00
[ 92s ] thds: 256 tps: 500.94 qps: 3036.63 (r/w/o: 0.00/1996.75/1039.87) lat (ms,95%): 580.02 err/s: 0.00 reconn/s: 0.00
[ 93s ] thds: 256 tps: 493.94 qps: 3100.64 (r/w/o: 0.00/2071.76/1028.88) lat (ms,95%): 569.67 err/s: 0.00 reconn/s: 0.00
[ 94s ] thds: 256 tps: 525.06 qps: 3057.32 (r/w/o: 0.00/1981.21/1076.11) lat (ms,95%): 590.56 err/s: 0.00 reconn/s: 0.00
[ 95s ] thds: 256 tps: 518.79 qps: 3089.77 (r/w/o: 0.00/2030.19/1059.58) lat (ms,95%): 623.33 err/s: 0.00 reconn/s: 0.00
[ 96s ] thds: 256 tps: 519.18 qps: 3144.07 (r/w/o: 0.00/2067.70/1076.37) lat (ms,95%): 612.21 err/s: 0.00 reconn/s: 0.00
[ 97s ] thds: 256 tps: 523.02 qps: 3106.13 (r/w/o: 0.00/2017.09/1089.05) lat (ms,95%): 623.33 err/s: 0.00 reconn/s: 0.00
[ 98s ] thds: 256 tps: 510.95 qps: 3137.72 (r/w/o: 0.00/2074.82/1062.91) lat (ms,95%): 569.67 err/s: 0.00 reconn/s: 0.00
[ 99s ] thds: 256 tps: 530.12 qps: 3194.71 (r/w/o: 0.00/2100.47/1094.24) lat (ms,95%): 559.50 err/s: 0.00 reconn/s: 0.00
[ 100s ] thds: 256 tps: 526.97 qps: 3157.81 (r/w/o: 0.00/2070.88/1086.94) lat (ms,95%): 569.67 err/s: 0.00 reconn/s: 0.00
[ 101s ] thds: 256 tps: 518.65 qps: 3101.92 (r/w/o: 0.00/2028.64/1073.28) lat (ms,95%): 733.00 err/s: 0.00 reconn/s: 0.00
[ 102s ] thds: 256 tps: 524.95 qps: 3088.71 (r/w/o: 0.00/2001.81/1086.90) lat (ms,95%): 646.19 err/s: 0.00 reconn/s: 0.00
[ 103s ] thds: 256 tps: 526.49 qps: 3063.86 (r/w/o: 0.00/1974.85/1089.02) lat (ms,95%): 646.19 err/s: 0.00 reconn/s: 0.00
[ 104s ] thds: 256 tps: 520.52 qps: 3148.12 (r/w/o: 0.00/2075.10/1073.02) lat (ms,95%): 657.93 err/s: 0.00 reconn/s: 0.00
[ 105s ] thds: 256 tps: 520.38 qps: 3095.26 (r/w/o: 0.00/2015.47/1079.79) lat (ms,95%): 657.93 err/s: 0.00 reconn/s: 0.00
[ 106s ] thds: 256 tps: 507.96 qps: 3114.76 (r/w/o: 0.00/2050.84/1063.92) lat (ms,95%): 612.21 err/s: 0.00 reconn/s: 0.00
[ 107s ] thds: 256 tps: 524.03 qps: 3152.19 (r/w/o: 0.00/2061.12/1091.06) lat (ms,95%): 719.92 err/s: 0.00 reconn/s: 0.00
[ 108s ] thds: 256 tps: 508.63 qps: 3139.70 (r/w/o: 0.00/2095.47/1044.24) lat (ms,95%): 623.33 err/s: 0.00 reconn/s: 0.00
[ 109s ] thds: 256 tps: 524.20 qps: 3107.21 (r/w/o: 0.00/2029.79/1077.42) lat (ms,95%): 719.92 err/s: 0.00 reconn/s: 0.00
[ 110s ] thds: 256 tps: 529.13 qps: 3135.75 (r/w/o: 0.00/2054.49/1081.26) lat (ms,95%): 733.00 err/s: 0.00 reconn/s: 0.00
[ 111s ] thds: 256 tps: 524.12 qps: 3041.68 (r/w/o: 0.00/1966.44/1075.24) lat (ms,95%): 719.92 err/s: 0.00 reconn/s: 0.00
[ 112s ] thds: 256 tps: 512.88 qps: 3106.25 (r/w/o: 0.00/2044.51/1061.74) lat (ms,95%): 707.07 err/s: 0.00 reconn/s: 0.00
[ 113s ] thds: 256 tps: 529.10 qps: 3225.64 (r/w/o: 0.00/2120.42/1105.22) lat (ms,95%): 580.02 err/s: 0.00 reconn/s: 0.00
[ 114s ] thds: 256 tps: 506.88 qps: 3048.26 (r/w/o: 0.00/2004.52/1043.75) lat (ms,95%): 590.56 err/s: 0.00 reconn/s: 0.00
[ 115s ] thds: 256 tps: 503.11 qps: 3091.68 (r/w/o: 0.00/2047.45/1044.23) lat (ms,95%): 590.56 err/s: 0.00 reconn/s: 0.00
[ 116s ] thds: 256 tps: 512.90 qps: 3109.39 (r/w/o: 0.00/2052.60/1056.79) lat (ms,95%): 623.33 err/s: 0.00 reconn/s: 0.00
[ 117s ] thds: 256 tps: 528.13 qps: 3144.76 (r/w/o: 0.00/2060.50/1084.26) lat (ms,95%): 682.06 err/s: 0.00 reconn/s: 0.00
[ 118s ] thds: 256 tps: 520.61 qps: 3023.72 (r/w/o: 0.00/1951.53/1072.19) lat (ms,95%): 669.89 err/s: 0.00 reconn/s: 0.00
[ 119s ] thds: 256 tps: 500.99 qps: 3091.97 (r/w/o: 0.00/2057.98/1033.99) lat (ms,95%): 682.06 err/s: 0.00 reconn/s: 0.00
[ 120s ] thds: 256 tps: 502.33 qps: 3031.01 (r/w/o: 0.00/1992.32/1038.69) lat (ms,95%): 682.06 err/s: 0.00 reconn/s: 0.00
[ 121s ] thds: 256 tps: 543.97 qps: 3206.81 (r/w/o: 0.00/2074.88/1131.93) lat (ms,95%): 580.02 err/s: 0.00 reconn/s: 0.00
[ 122s ] thds: 256 tps: 534.91 qps: 3227.48 (r/w/o: 0.00/2123.66/1103.82) lat (ms,95%): 590.56 err/s: 0.00 reconn/s: 0.00
[ 123s ] thds: 256 tps: 505.73 qps: 3023.36 (r/w/o: 0.00/1984.92/1038.44) lat (ms,95%): 601.29 err/s: 0.00 reconn/s: 0.00
[ 124s ] thds: 256 tps: 505.28 qps: 3021.67 (r/w/o: 0.00/1977.09/1044.58) lat (ms,95%): 682.06 err/s: 0.00 reconn/s: 0.00
[ 125s ] thds: 256 tps: 499.99 qps: 3063.95 (r/w/o: 0.00/2019.96/1043.98) lat (ms,95%): 694.45 err/s: 0.00 reconn/s: 0.00
[ 126s ] thds: 256 tps: 531.07 qps: 3101.43 (r/w/o: 0.00/1995.28/1106.15) lat (ms,95%): 682.06 err/s: 0.00 reconn/s: 0.00
[ 127s ] thds: 256 tps: 509.96 qps: 3066.79 (r/w/o: 0.00/2021.86/1044.93) lat (ms,95%): 682.06 err/s: 0.00 reconn/s: 0.00
[ 128s ] thds: 256 tps: 512.06 qps: 3088.36 (r/w/o: 0.00/2032.24/1056.12) lat (ms,95%): 707.07 err/s: 0.00 reconn/s: 0.00
[ 129s ] thds: 256 tps: 519.97 qps: 3133.81 (r/w/o: 0.00/2067.88/1065.94) lat (ms,95%): 733.00 err/s: 0.00 reconn/s: 0.00
[ 130s ] thds: 256 tps: 527.03 qps: 3030.17 (r/w/o: 0.00/1948.11/1082.06) lat (ms,95%): 733.00 err/s: 0.00 reconn/s: 0.00
[ 131s ] thds: 256 tps: 506.09 qps: 3007.53 (r/w/o: 0.00/1967.35/1040.18) lat (ms,95%): 707.07 err/s: 0.00 reconn/s: 0.00
[ 132s ] thds: 256 tps: 484.85 qps: 3138.04 (r/w/o: 0.00/2120.35/1017.69) lat (ms,95%): 694.45 err/s: 0.00 reconn/s: 0.00
[ 133s ] thds: 256 tps: 506.02 qps: 3103.10 (r/w/o: 0.00/2058.07/1045.03) lat (ms,95%): 669.89 err/s: 0.00 reconn/s: 0.00
[ 134s ] thds: 256 tps: 550.04 qps: 3216.23 (r/w/o: 0.00/2088.15/1128.08) lat (ms,95%): 669.89 err/s: 0.00 reconn/s: 0.00
[ 135s ] thds: 256 tps: 547.00 qps: 3171.99 (r/w/o: 0.00/2048.99/1123.00) lat (ms,95%): 612.21 err/s: 0.00 reconn/s: 0.00
[ 136s ] thds: 256 tps: 515.00 qps: 3071.99 (r/w/o: 0.00/2013.99/1058.00) lat (ms,95%): 612.21 err/s: 0.00 reconn/s: 0.00
[ 137s ] thds: 256 tps: 506.01 qps: 3051.08 (r/w/o: 0.00/1993.06/1058.03) lat (ms,95%): 657.93 err/s: 0.00 reconn/s: 0.00
[ 138s ] thds: 256 tps: 526.13 qps: 3067.77 (r/w/o: 0.00/1977.50/1090.28) lat (ms,95%): 657.93 err/s: 0.00 reconn/s: 0.00
[ 139s ] thds: 256 tps: 507.93 qps: 3133.59 (r/w/o: 0.00/2077.73/1055.86) lat (ms,95%): 657.93 err/s: 0.00 reconn/s: 0.00
[ 140s ] thds: 256 tps: 521.96 qps: 3054.75 (r/w/o: 0.00/1972.84/1081.91) lat (ms,95%): 623.33 err/s: 0.00 reconn/s: 0.00
[ 141s ] thds: 256 tps: 501.04 qps: 3077.26 (r/w/o: 0.00/2046.17/1031.09) lat (ms,95%): 657.93 err/s: 0.00 reconn/s: 0.00
[ 142s ] thds: 256 tps: 509.88 qps: 3155.25 (r/w/o: 0.00/2097.50/1057.75) lat (ms,95%): 733.00 err/s: 0.00 reconn/s: 0.00
[ 143s ] thds: 256 tps: 518.12 qps: 3162.75 (r/w/o: 0.00/2089.50/1073.26) lat (ms,95%): 719.92 err/s: 0.00 reconn/s: 0.00
[ 144s ] thds: 256 tps: 531.95 qps: 3058.73 (r/w/o: 0.00/1961.82/1096.90) lat (ms,95%): 707.07 err/s: 0.00 reconn/s: 0.00
[ 145s ] thds: 256 tps: 520.94 qps: 3094.65 (r/w/o: 0.00/2026.77/1067.88) lat (ms,95%): 707.07 err/s: 0.00 reconn/s: 0.00
[ 146s ] thds: 256 tps: 504.11 qps: 3039.68 (r/w/o: 0.00/2007.45/1032.23) lat (ms,95%): 612.21 err/s: 0.00 reconn/s: 0.00
[ 147s ] thds: 256 tps: 528.01 qps: 3262.08 (r/w/o: 0.00/2160.05/1102.03) lat (ms,95%): 612.21 err/s: 0.00 reconn/s: 0.00
[ 148s ] thds: 256 tps: 529.87 qps: 3161.20 (r/w/o: 0.00/2064.48/1096.72) lat (ms,95%): 601.29 err/s: 0.00 reconn/s: 0.00
[ 149s ] thds: 256 tps: 516.01 qps: 3040.09 (r/w/o: 0.00/1982.06/1058.03) lat (ms,95%): 612.21 err/s: 0.00 reconn/s: 0.00
[ 150s ] thds: 256 tps: 519.06 qps: 3085.34 (r/w/o: 0.00/2024.22/1061.12) lat (ms,95%): 580.02 err/s: 0.00 reconn/s: 0.00
[ 151s ] thds: 256 tps: 512.06 qps: 3133.37 (r/w/o: 0.00/2085.24/1048.12) lat (ms,95%): 773.68 err/s: 0.00 reconn/s: 0.00
[ 152s ] thds: 256 tps: 501.87 qps: 2987.25 (r/w/o: 0.00/1948.51/1038.74) lat (ms,95%): 694.45 err/s: 0.00 reconn/s: 0.00
[ 153s ] thds: 256 tps: 486.04 qps: 2960.23 (r/w/o: 0.00/1964.16/996.08) lat (ms,95%): 682.06 err/s: 0.00 reconn/s: 0.00
[ 154s ] thds: 256 tps: 520.93 qps: 3133.57 (r/w/o: 0.00/2054.72/1078.85) lat (ms,95%): 694.45 err/s: 0.00 reconn/s: 0.00
[ 155s ] thds: 256 tps: 500.06 qps: 3051.36 (r/w/o: 0.00/2016.24/1035.12) lat (ms,95%): 682.06 err/s: 0.00 reconn/s: 0.00
[ 156s ] thds: 256 tps: 522.01 qps: 3095.03 (r/w/o: 0.00/2021.02/1074.01) lat (ms,95%): 646.19 err/s: 0.00 reconn/s: 0.00
[ 157s ] thds: 256 tps: 516.84 qps: 3140.03 (r/w/o: 0.00/2067.36/1072.67) lat (ms,95%): 601.29 err/s: 0.00 reconn/s: 0.00
[ 158s ] thds: 256 tps: 516.13 qps: 3062.79 (r/w/o: 0.00/1994.51/1068.27) lat (ms,95%): 601.29 err/s: 0.00 reconn/s: 0.00
[ 159s ] thds: 256 tps: 529.01 qps: 3087.05 (r/w/o: 0.00/1994.03/1093.02) lat (ms,95%): 612.21 err/s: 0.00 reconn/s: 0.00
[ 160s ] thds: 256 tps: 514.06 qps: 3138.38 (r/w/o: 0.00/2074.25/1064.13) lat (ms,95%): 569.67 err/s: 0.00 reconn/s: 0.00
[ 161s ] thds: 256 tps: 548.98 qps: 3234.88 (r/w/o: 0.00/2096.92/1137.96) lat (ms,95%): 569.67 err/s: 0.00 reconn/s: 0.00
[ 162s ] thds: 256 tps: 527.01 qps: 3183.05 (r/w/o: 0.00/2100.03/1083.02) lat (ms,95%): 559.50 err/s: 0.00 reconn/s: 0.00
[ 163s ] thds: 256 tps: 497.06 qps: 3032.35 (r/w/o: 0.00/2013.23/1019.12) lat (ms,95%): 682.06 err/s: 0.00 reconn/s: 0.00
[ 164s ] thds: 256 tps: 524.75 qps: 3126.53 (r/w/o: 0.00/2051.04/1075.50) lat (ms,95%): 682.06 err/s: 0.00 reconn/s: 0.00
[ 165s ] thds: 256 tps: 521.13 qps: 3094.74 (r/w/o: 0.00/2020.49/1074.26) lat (ms,95%): 682.06 err/s: 0.00 reconn/s: 0.00
[ 166s ] thds: 256 tps: 500.91 qps: 3129.44 (r/w/o: 0.00/2094.63/1034.82) lat (ms,95%): 694.45 err/s: 0.00 reconn/s: 0.00
[ 167s ] thds: 256 tps: 528.16 qps: 3091.94 (r/w/o: 0.00/2011.61/1080.33) lat (ms,95%): 816.63 err/s: 0.00 reconn/s: 0.00
[ 168s ] thds: 256 tps: 515.79 qps: 3042.76 (r/w/o: 0.00/1962.20/1080.56) lat (ms,95%): 816.63 err/s: 0.00 reconn/s: 0.00
[ 169s ] thds: 256 tps: 518.11 qps: 3095.67 (r/w/o: 0.00/2034.44/1061.23) lat (ms,95%): 719.92 err/s: 0.00 reconn/s: 0.00
[ 170s ] thds: 256 tps: 532.94 qps: 3198.63 (r/w/o: 0.00/2085.76/1112.87) lat (ms,95%): 707.07 err/s: 0.00 reconn/s: 0.00
[ 171s ] thds: 256 tps: 523.98 qps: 3103.88 (r/w/o: 0.00/2014.92/1088.96) lat (ms,95%): 657.93 err/s: 0.00 reconn/s: 0.00
[ 172s ] thds: 256 tps: 518.03 qps: 3179.18 (r/w/o: 0.00/2102.12/1077.06) lat (ms,95%): 719.92 err/s: 0.00 reconn/s: 0.00
[ 173s ] thds: 256 tps: 499.07 qps: 3053.44 (r/w/o: 0.00/2017.29/1036.15) lat (ms,95%): 719.92 err/s: 0.00 reconn/s: 0.00
[ 174s ] thds: 256 tps: 531.07 qps: 3149.41 (r/w/o: 0.00/2047.27/1102.14) lat (ms,95%): 601.29 err/s: 0.00 reconn/s: 0.00
[ 175s ] thds: 256 tps: 522.91 qps: 3066.49 (r/w/o: 0.00/1986.67/1079.82) lat (ms,95%): 590.56 err/s: 0.00 reconn/s: 0.00
[ 176s ] thds: 256 tps: 518.03 qps: 3072.17 (r/w/o: 0.00/2003.11/1069.06) lat (ms,95%): 601.29 err/s: 0.00 reconn/s: 0.00
[ 177s ] thds: 256 tps: 510.07 qps: 3129.42 (r/w/o: 0.00/2074.28/1055.14) lat (ms,95%): 634.66 err/s: 0.00 reconn/s: 0.00
[ 178s ] thds: 256 tps: 502.93 qps: 3196.54 (r/w/o: 0.00/2154.69/1041.85) lat (ms,95%): 634.66 err/s: 0.00 reconn/s: 0.00
[ 179s ] thds: 256 tps: 532.06 qps: 3068.32 (r/w/o: 0.00/1968.20/1100.11) lat (ms,95%): 623.33 err/s: 0.00 reconn/s: 0.00
[ 180s ] thds: 256 tps: 533.87 qps: 3127.24 (r/w/o: 0.00/2021.51/1105.73) lat (ms,95%): 646.19 err/s: 0.00 reconn/s: 0.00
[ 181s ] thds: 256 tps: 501.07 qps: 3076.42 (r/w/o: 0.00/2036.28/1040.14) lat (ms,95%): 657.93 err/s: 0.00 reconn/s: 0.00
[ 182s ] thds: 256 tps: 523.92 qps: 3153.52 (r/w/o: 0.00/2076.68/1076.84) lat (ms,95%): 669.89 err/s: 0.00 reconn/s: 0.00
[ 183s ] thds: 256 tps: 528.05 qps: 3081.30 (r/w/o: 0.00/1999.20/1082.11) lat (ms,95%): 669.89 err/s: 0.00 reconn/s: 0.00
[ 184s ] thds: 256 tps: 507.00 qps: 3089.01 (r/w/o: 0.00/2047.01/1042.00) lat (ms,95%): 669.89 err/s: 0.00 reconn/s: 0.00
[ 185s ] thds: 256 tps: 501.06 qps: 3181.41 (r/w/o: 0.00/2145.28/1036.13) lat (ms,95%): 657.93 err/s: 0.00 reconn/s: 0.00
[ 186s ] thds: 256 tps: 554.87 qps: 3098.29 (r/w/o: 0.00/1953.55/1144.74) lat (ms,95%): 669.89 err/s: 0.00 reconn/s: 0.00
[ 187s ] thds: 256 tps: 504.04 qps: 3104.22 (r/w/o: 0.00/2065.14/1039.07) lat (ms,95%): 646.19 err/s: 0.00 reconn/s: 0.00
[ 188s ] thds: 256 tps: 527.04 qps: 3024.20 (r/w/o: 0.00/1947.13/1077.07) lat (ms,95%): 669.89 err/s: 0.00 reconn/s: 0.00
[ 189s ] thds: 256 tps: 497.00 qps: 3120.98 (r/w/o: 0.00/2091.98/1028.99) lat (ms,95%): 623.33 err/s: 0.00 reconn/s: 0.00
[ 190s ] thds: 256 tps: 531.08 qps: 3092.49 (r/w/o: 0.00/2003.32/1089.17) lat (ms,95%): 657.93 err/s: 0.00 reconn/s: 0.00
[ 191s ] thds: 256 tps: 501.87 qps: 3159.16 (r/w/o: 0.00/2132.43/1026.73) lat (ms,95%): 634.66 err/s: 0.00 reconn/s: 0.00
[ 192s ] thds: 256 tps: 525.99 qps: 3045.93 (r/w/o: 0.00/1957.95/1087.97) lat (ms,95%): 646.19 err/s: 0.00 reconn/s: 0.00
[ 193s ] thds: 256 tps: 509.96 qps: 3168.77 (r/w/o: 0.00/2120.84/1047.92) lat (ms,95%): 634.66 err/s: 0.00 reconn/s: 0.00
[ 194s ] thds: 256 tps: 527.16 qps: 3123.93 (r/w/o: 0.00/2029.60/1094.33) lat (ms,95%): 657.93 err/s: 0.00 reconn/s: 0.00
[ 195s ] thds: 256 tps: 537.85 qps: 3139.13 (r/w/o: 0.00/2033.43/1105.69) lat (ms,95%): 646.19 err/s: 0.00 reconn/s: 0.00
[ 196s ] thds: 256 tps: 547.14 qps: 3234.82 (r/w/o: 0.00/2104.53/1130.29) lat (ms,95%): 590.56 err/s: 0.00 reconn/s: 0.00
[ 197s ] thds: 256 tps: 492.93 qps: 2999.58 (r/w/o: 0.00/1984.72/1014.86) lat (ms,95%): 590.56 err/s: 0.00 reconn/s: 0.00
[ 198s ] thds: 256 tps: 492.94 qps: 3111.65 (r/w/o: 0.00/2090.76/1020.88) lat (ms,95%): 601.29 err/s: 0.00 reconn/s: 0.00
[ 199s ] thds: 256 tps: 506.98 qps: 3056.91 (r/w/o: 0.00/2016.94/1039.97) lat (ms,95%): 612.21 err/s: 0.00 reconn/s: 0.00
[ 200s ] thds: 256 tps: 538.10 qps: 3101.59 (r/w/o: 0.00/1994.38/1107.21) lat (ms,95%): 559.50 err/s: 0.00 reconn/s: 0.00
[ 201s ] thds: 256 tps: 510.88 qps: 3001.30 (r/w/o: 0.00/1951.55/1049.76) lat (ms,95%): 559.50 err/s: 0.00 reconn/s: 0.00
[ 202s ] thds: 256 tps: 513.13 qps: 3143.80 (r/w/o: 0.00/2095.53/1048.27) lat (ms,95%): 549.52 err/s: 0.00 reconn/s: 0.00
[ 203s ] thds: 256 tps: 512.91 qps: 3027.47 (r/w/o: 0.00/1970.65/1056.81) lat (ms,95%): 530.08 err/s: 0.00 reconn/s: 0.00
[ 204s ] thds: 256 tps: 855.97 qps: 5173.83 (r/w/o: 0.00/3400.89/1772.94) lat (ms,95%): 520.62 err/s: 0.00 reconn/s: 0.00
[ 205s ] thds: 256 tps: 617.99 qps: 3755.95 (r/w/o: 0.00/2480.97/1274.98) lat (ms,95%): 511.33 err/s: 0.00 reconn/s: 0.00
[ 206s ] thds: 256 tps: 505.25 qps: 3037.49 (r/w/o: 0.00/1990.98/1046.51) lat (ms,95%): 549.52 err/s: 0.00 reconn/s: 0.00
[ 207s ] thds: 256 tps: 514.83 qps: 2979.03 (r/w/o: 0.00/1912.38/1066.65) lat (ms,95%): 612.21 err/s: 0.00 reconn/s: 0.00
[ 208s ] thds: 256 tps: 501.05 qps: 3090.32 (r/w/o: 0.00/2050.21/1040.11) lat (ms,95%): 623.33 err/s: 0.00 reconn/s: 0.00
[ 209s ] thds: 256 tps: 525.04 qps: 3076.22 (r/w/o: 0.00/1991.14/1085.08) lat (ms,95%): 612.21 err/s: 0.00 reconn/s: 0.00
[ 210s ] thds: 256 tps: 505.92 qps: 3142.50 (r/w/o: 0.00/2098.67/1043.84) lat (ms,95%): 612.21 err/s: 0.00 reconn/s: 0.00
[ 211s ] thds: 256 tps: 522.92 qps: 3107.54 (r/w/o: 0.00/2034.70/1072.84) lat (ms,95%): 569.67 err/s: 0.00 reconn/s: 0.00
[ 212s ] thds: 256 tps: 524.09 qps: 3064.55 (r/w/o: 0.00/1985.35/1079.19) lat (ms,95%): 569.67 err/s: 0.00 reconn/s: 0.00
[ 213s ] thds: 256 tps: 530.13 qps: 3259.82 (r/w/o: 0.00/2171.55/1088.27) lat (ms,95%): 569.67 err/s: 0.00 reconn/s: 0.00
[ 214s ] thds: 256 tps: 510.90 qps: 3059.38 (r/w/o: 0.00/2002.60/1056.79) lat (ms,95%): 634.66 err/s: 0.00 reconn/s: 0.00
[ 215s ] thds: 256 tps: 510.97 qps: 3037.82 (r/w/o: 0.00/1979.88/1057.94) lat (ms,95%): 634.66 err/s: 0.00 reconn/s: 0.00
[ 216s ] thds: 256 tps: 515.89 qps: 3148.32 (r/w/o: 0.00/2078.55/1069.77) lat (ms,95%): 634.66 err/s: 0.00 reconn/s: 0.00
[ 217s ] thds: 256 tps: 519.97 qps: 3073.82 (r/w/o: 0.00/1997.88/1075.94) lat (ms,95%): 634.66 err/s: 0.00 reconn/s: 0.00
[ 218s ] thds: 256 tps: 558.99 qps: 3320.91 (r/w/o: 0.00/2167.94/1152.97) lat (ms,95%): 669.89 err/s: 0.00 reconn/s: 0.00
[ 219s ] thds: 256 tps: 1289.94 qps: 7856.66 (r/w/o: 0.00/5195.77/2660.88) lat (ms,95%): 559.50 err/s: 0.00 reconn/s: 0.00
[ 220s ] thds: 256 tps: 1267.08 qps: 7549.50 (r/w/o: 0.00/4936.32/2613.17) lat (ms,95%): 559.50 err/s: 0.00 reconn/s: 0.00
[ 221s ] thds: 256 tps: 729.02 qps: 4527.14 (r/w/o: 0.00/3027.09/1500.05) lat (ms,95%): 657.93 err/s: 0.00 reconn/s: 0.00
[ 222s ] thds: 256 tps: 483.02 qps: 2778.09 (r/w/o: 0.00/1770.06/1008.03) lat (ms,95%): 977.74 err/s: 0.00 reconn/s: 0.00
[ 223s ] thds: 256 tps: 488.03 qps: 2921.20 (r/w/o: 0.00/1914.13/1007.07) lat (ms,95%): 977.74 err/s: 0.00 reconn/s: 0.00
[ 224s ] thds: 256 tps: 522.98 qps: 3130.90 (r/w/o: 0.00/2058.93/1071.97) lat (ms,95%): 995.51 err/s: 0.00 reconn/s: 0.00
[ 225s ] thds: 256 tps: 541.95 qps: 3245.68 (r/w/o: 0.00/2119.79/1125.89) lat (ms,95%): 977.74 err/s: 0.00 reconn/s: 0.00
[ 226s ] thds: 256 tps: 515.05 qps: 3180.30 (r/w/o: 0.00/2117.20/1063.10) lat (ms,95%): 1235.62 err/s: 0.00 reconn/s: 0.00
[ 227s ] thds: 256 tps: 488.22 qps: 2870.28 (r/w/o: 0.00/1861.83/1008.45) lat (ms,95%): 1258.08 err/s: 0.00 reconn/s: 0.00
[ 228s ] thds: 256 tps: 487.80 qps: 2902.79 (r/w/o: 0.00/1894.21/1008.58) lat (ms,95%): 1235.62 err/s: 0.00 reconn/s: 0.00
[ 229s ] thds: 256 tps: 563.99 qps: 3306.93 (r/w/o: 0.00/2144.96/1161.98) lat (ms,95%): 1013.60 err/s: 0.00 reconn/s: 0.00
[ 230s ] thds: 256 tps: 511.98 qps: 3148.89 (r/w/o: 0.00/2085.93/1062.96) lat (ms,95%): 816.63 err/s: 0.00 reconn/s: 0.00
[ 231s ] thds: 256 tps: 478.94 qps: 2845.66 (r/w/o: 0.00/1863.78/981.88) lat (ms,95%): 960.30 err/s: 0.00 reconn/s: 0.00
[ 232s ] thds: 256 tps: 492.30 qps: 2932.80 (r/w/o: 0.00/1922.18/1010.62) lat (ms,95%): 1109.09 err/s: 0.00 reconn/s: 0.00
[ 233s ] thds: 256 tps: 471.70 qps: 2876.18 (r/w/o: 0.00/1910.79/965.39) lat (ms,95%): 893.56 err/s: 0.00 reconn/s: 0.00
[ 234s ] thds: 256 tps: 519.05 qps: 3011.29 (r/w/o: 0.00/1948.19/1063.10) lat (ms,95%): 943.16 err/s: 0.00 reconn/s: 0.00
[ 235s ] thds: 256 tps: 535.98 qps: 3260.85 (r/w/o: 0.00/2151.90/1108.95) lat (ms,95%): 846.57 err/s: 0.00 reconn/s: 0.00
[ 236s ] thds: 256 tps: 527.12 qps: 3138.70 (r/w/o: 0.00/2064.46/1074.24) lat (ms,95%): 746.32 err/s: 0.00 reconn/s: 0.00
[ 237s ] thds: 256 tps: 499.94 qps: 3171.61 (r/w/o: 0.00/2131.74/1039.87) lat (ms,95%): 694.45 err/s: 0.00 reconn/s: 0.00
[ 238s ] thds: 256 tps: 542.07 qps: 3099.39 (r/w/o: 0.00/1979.25/1120.14) lat (ms,95%): 787.74 err/s: 0.00 reconn/s: 0.00
[ 239s ] thds: 256 tps: 519.95 qps: 3120.69 (r/w/o: 0.00/2049.80/1070.89) lat (ms,95%): 746.32 err/s: 0.00 reconn/s: 0.00
[ 240s ] thds: 256 tps: 524.12 qps: 3172.75 (r/w/o: 0.00/2090.49/1082.26) lat (ms,95%): 733.00 err/s: 0.00 reconn/s: 0.00
Latency histogram (values are in milliseconds)
       value  ------------- distribution ------------- count
      12.301 |                                         1
      12.752 |                                         1
      13.219 |                                         1
      13.704 |                                         3
      13.953 |                                         3
      14.207 |                                         1
      14.465 |                                         9
      14.728 |                                         11
      14.995 |                                         7
      15.268 |                                         11
      15.545 |                                         22
      15.828 |                                         29
      16.115 |                                         33
      16.408 |                                         47
      16.706 |                                         54
      17.010 |                                         59
      17.319 |                                         62
      17.633 |                                         66
      17.954 |                                         79
      18.280 |                                         82
      18.612 |                                         92
      18.950 |                                         101
      19.295 |                                         88
      19.645 |                                         81
      20.002 |                                         92
      20.366 |                                         77
      20.736 |                                         80
      21.112 |                                         66
      21.496 |                                         81
      21.886 |                                         85
      22.284 |                                         57
      22.689 |                                         49
      23.101 |                                         59
      23.521 |                                         61
      23.948 |                                         68
      24.384 |                                         63
      24.827 |                                         95
      25.278 |                                         75
      25.737 |                                         93
      26.205 |                                         97
      26.681 |                                         122
      27.165 |                                         124
      27.659 |                                         110
      28.162 |                                         113
      28.673 |                                         128
      29.194 |                                         114
      29.725 |                                         88
      30.265 |                                         48
      30.815 |                                         56
      31.375 |                                         52
      31.945 |                                         42
      32.525 |                                         28
      33.116 |                                         26
      33.718 |                                         18
      34.330 |                                         8
      34.954 |                                         8
      35.589 |                                         4
      36.236 |                                         7
      36.894 |                                         3
      37.565 |                                         4
      39.650 |                                         4
      40.370 |                                         2
      41.851 |                                         2
      42.611 |                                         1
      44.173 |                                         1
      45.793 |                                         2
      46.625 |                                         1
      47.472 |                                         1
      51.018 |                                         2
      51.945 |                                         2
      52.889 |                                         1
      53.850 |                                         1
      54.828 |                                         2
      55.824 |                                         4
      57.871 |                                         1
      58.923 |                                         1
      62.193 |                                         2
      63.323 |                                         2
      65.645 |                                         4
      68.053 |                                         2
      69.289 |                                         1
      70.548 |                                         2
      73.135 |                                         1
      75.817 |                                         1
      77.194 |                                         1
      78.597 |                                         1
      86.002 |                                         1
      89.155 |                                         1
      92.424 |                                         1
     101.132 |                                         1
     102.969 |                                         1
     104.840 |                                         1
     106.745 |                                         1
     121.085 |                                         2
     123.285 |                                         1
     130.128 |                                         1
     132.492 |                                         1
     134.899 |                                         3
     142.387 |                                         2
     144.974 |                                         1
     147.608 |                                         2
     150.290 |                                         2
     153.021 |                                         1
     155.801 |                                         3
     158.632 |                                         1
     161.514 |                                         2
     164.449 |                                         3
     167.437 |                                         6
     170.479 |                                         3
     173.577 |                                         1
     176.731 |                                         1
     179.942 |                                         1
     186.540 |                                         2
     189.929 |                                         1
     204.114 |                                         1
     207.823 |                                         1
     211.599 |                                         2
     215.443 |                                         1
     223.344 |                                         1
     227.402 |                                         2
     231.534 |                                         1
     235.740 |                                         1
     240.024 |                                         2
     244.385 |                                         3
     248.825 |                                         2
     253.346 |                                         3
     257.950 |                                         3
     262.636 |                                         1
     267.408 |                                         1
     272.267 |                                         2
     277.214 |                                         2
     282.251 |                                         1
     287.379 |                                         5
     292.601 |                                         5
     297.917 |                                         14
     303.330 |                                         20
     308.842 |                                         25
     314.453 |                                         55
     320.167 |                                         110
     325.984 |                                         70
     331.907 |                                         34
     337.938 |                                         74
     344.078 |                                         91
     350.330 |*                                        184
     356.695 |*                                        337
     363.176 |*                                        397
     369.775 |**                                       481
     376.494 |**                                       711
     383.334 |****                                     1085
     390.299 |*****                                    1554
     397.391 |*******                                  1948
     404.611 |******                                   1820
     411.963 |*******                                  1965
     419.448 |**********                               2939
     427.069 |*****************                        5112
     434.829 |*************************                7279
     442.730 |*****************************            8438
     450.774 |***********************************      10170
     458.964 |***************************************  11632
     467.304 |**************************************** 11786
     475.794 |***********************************      10218
     484.439 |******************************           8804
     493.242 |************************                 7141
     502.204 |****************                         4689
     511.328 |**********                               2892
     520.619 |*******                                  2038
     530.078 |*****                                    1401
     539.710 |****                                     1222
     549.516 |*****                                    1378
     559.501 |*****                                    1497
     569.667 |****                                     1063
     580.017 |***                                      844
     590.556 |***                                      863
     601.286 |***                                      953
     612.211 |***                                      761
     623.335 |***                                      843
     634.661 |***                                      777
     646.192 |**                                       640
     657.933 |**                                       666
     669.888 |**                                       644
     682.059 |**                                       555
     694.452 |**                                       534
     707.070 |**                                       496
     719.917 |*                                        349
     732.998 |*                                        350
     746.316 |*                                        175
     759.876 |*                                        170
     773.683 |*                                        188
     787.741 |*                                        251
     802.053 |*                                        184
     816.626 |*                                        257
     831.464 |                                         111
     846.572 |                                         68
     861.954 |*                                        150
     877.615 |*                                        215
     893.561 |*                                        156
     909.797 |                                         50
     926.327 |                                         22
     943.158 |                                         22
     960.295 |                                         42
     977.743 |                                         68
     995.508 |*                                        148
    1013.597 |*                                        163
    1032.013 |                                         85
    1050.764 |                                         49
    1069.856 |                                         49
    1089.295 |*                                        176
    1109.087 |*                                        189
    1129.239 |                                         140
    1149.757 |                                         136
    1170.648 |                                         40
    1191.918 |                                         25
    1213.575 |                                         60
    1235.625 |                                         98
    1258.076 |                                         61
    1280.934 |                                         58
    1304.208 |                                         24
    1327.905 |                                         31
    1352.033 |                                         71
    1376.599 |                                         7
    1401.611 |                                         12
    1427.078 |                                         35
    1453.007 |                                         48
    1479.408 |                                         23
    1506.288 |                                         38
    1533.657 |                                         31
    1561.523 |                                         4
    1589.895 |                                         4
    1618.783 |                                         39
    1648.196 |                                         10
    1678.143 |                                         4
    1708.634 |                                         21
    1739.679 |                                         12
    1771.289 |                                         2
    1803.472 |                                         2
    1836.241 |                                         2
    1869.605 |                                         5
    1903.575 |                                         5
    1938.162 |                                         4
    1973.377 |                                         1
    2009.233 |                                         5
    2045.740 |                                         3
    2082.910 |                                         4
    2159.289 |                                         1
    2198.523 |                                         17
    2238.469 |                                         5
    2279.141 |                                         1
    2320.552 |                                         9
    2362.716 |                                         14
    2405.646 |                                         6
    2449.355 |                                         8
    2539.172 |                                         1
    2585.308 |                                         3
    2632.282 |                                         3
    2680.109 |                                         3
    3151.619 |                                         2
    3267.187 |                                         2
    4128.913 |                                         3
    4203.934 |                                         2
    4280.318 |                                         1
    4437.275 |                                         1
    4517.898 |                                         4
    4599.987 |                                         1
    4768.666 |                                         1
    4855.311 |                                         1
    4943.530 |                                         2
    5033.352 |                                         1
    5124.806 |                                         2
    5217.922 |                                         1
 
SQL statistics:
    queries performed:
        read:                            0
        write:                           501237
        other:                           262943
        total:                           764180
    transactions:                        127473 (529.80 per sec.)
    queries:                             764180 (3176.09 per sec.)
    ignored errors:                      0      (0.00 per sec.)
    reconnects:                          0      (0.00 per sec.)

Throughput:
    events/s (eps):                      529.8042
    time elapsed:                        240.6042s
    total number of events:              127473

Latency (ms):
         min:                                   12.33
         avg:                                  482.95
         max:                                 5190.34
         95th percentile:                      682.06
         sum:                             61562896.38

Threads fairness:
    events (avg/stddev):           497.9414/38.22
    execution time (avg/stddev):   240.4801/0.22

