sysbench 1.1.0-3ceba0b (using bundled LuaJIT 2.1.0-beta3)

Running the test with following options:
Number of threads: 4
Warmup time: 60s
Report intermediate results every 1 second(s)
Initializing random number generator from current time


Initializing worker threads...

Threads started!

Warming up for 60 seconds...

[ 1s ] thds: 4 tps: 87.17 qps: 1395.26 (r/w/o: 1220.86/0.00/174.40) lat (ms,95%): 59.99 err/s: 0.00 reconn/s: 0.00
[ 2s ] thds: 4 tps: 88.00 qps: 1408.03 (r/w/o: 1231.02/0.00/177.00) lat (ms,95%): 59.99 err/s: 0.00 reconn/s: 0.00
[ 3s ] thds: 4 tps: 88.01 qps: 1422.11 (r/w/o: 1246.09/0.00/176.01) lat (ms,95%): 59.99 err/s: 0.00 reconn/s: 0.00
[ 4s ] thds: 4 tps: 90.00 qps: 1422.96 (r/w/o: 1242.97/0.00/180.00) lat (ms,95%): 58.92 err/s: 0.00 reconn/s: 0.00
[ 5s ] thds: 4 tps: 88.99 qps: 1436.92 (r/w/o: 1258.93/0.00/177.99) lat (ms,95%): 56.84 err/s: 0.00 reconn/s: 0.00
[ 6s ] thds: 4 tps: 88.96 qps: 1425.42 (r/w/o: 1247.49/0.00/177.93) lat (ms,95%): 58.92 err/s: 0.00 reconn/s: 0.00
[ 7s ] thds: 4 tps: 89.06 qps: 1401.87 (r/w/o: 1223.76/0.00/178.11) lat (ms,95%): 59.99 err/s: 0.00 reconn/s: 0.00
[ 8s ] thds: 4 tps: 86.98 qps: 1395.62 (r/w/o: 1221.67/0.00/173.95) lat (ms,95%): 59.99 err/s: 0.00 reconn/s: 0.00
[ 9s ] thds: 4 tps: 87.00 qps: 1406.08 (r/w/o: 1232.07/0.00/174.01) lat (ms,95%): 59.99 err/s: 0.00 reconn/s: 0.00
[ 10s ] thds: 4 tps: 86.00 qps: 1378.01 (r/w/o: 1206.01/0.00/172.00) lat (ms,95%): 61.08 err/s: 0.00 reconn/s: 0.00
[ 11s ] thds: 4 tps: 87.00 qps: 1399.02 (r/w/o: 1225.02/0.00/174.00) lat (ms,95%): 61.08 err/s: 0.00 reconn/s: 0.00
[ 12s ] thds: 4 tps: 89.02 qps: 1407.32 (r/w/o: 1229.28/0.00/178.04) lat (ms,95%): 59.99 err/s: 0.00 reconn/s: 0.00
[ 13s ] thds: 4 tps: 88.95 qps: 1421.23 (r/w/o: 1243.33/0.00/177.90) lat (ms,95%): 59.99 err/s: 0.00 reconn/s: 0.00
[ 14s ] thds: 4 tps: 90.02 qps: 1439.35 (r/w/o: 1260.31/0.00/179.04) lat (ms,95%): 57.87 err/s: 0.00 reconn/s: 0.00
[ 15s ] thds: 4 tps: 89.01 qps: 1429.10 (r/w/o: 1250.08/0.00/179.01) lat (ms,95%): 58.92 err/s: 0.00 reconn/s: 0.00
[ 16s ] thds: 4 tps: 90.00 qps: 1419.04 (r/w/o: 1240.03/0.00/179.00) lat (ms,95%): 59.99 err/s: 0.00 reconn/s: 0.00
[ 17s ] thds: 4 tps: 87.01 qps: 1425.16 (r/w/o: 1250.14/0.00/175.02) lat (ms,95%): 59.99 err/s: 0.00 reconn/s: 0.00
[ 18s ] thds: 4 tps: 88.00 qps: 1393.05 (r/w/o: 1217.05/0.00/176.01) lat (ms,95%): 59.99 err/s: 0.00 reconn/s: 0.00
[ 19s ] thds: 4 tps: 86.99 qps: 1396.78 (r/w/o: 1222.81/0.00/173.97) lat (ms,95%): 59.99 err/s: 0.00 reconn/s: 0.00
[ 20s ] thds: 4 tps: 87.00 qps: 1399.97 (r/w/o: 1226.97/0.00/173.00) lat (ms,95%): 61.08 err/s: 0.00 reconn/s: 0.00
[ 21s ] thds: 4 tps: 89.02 qps: 1414.35 (r/w/o: 1236.31/0.00/178.04) lat (ms,95%): 58.92 err/s: 0.00 reconn/s: 0.00
[ 22s ] thds: 4 tps: 87.99 qps: 1416.87 (r/w/o: 1239.88/0.00/176.98) lat (ms,95%): 58.92 err/s: 0.00 reconn/s: 0.00
[ 23s ] thds: 4 tps: 88.97 qps: 1415.58 (r/w/o: 1237.63/0.00/177.95) lat (ms,95%): 58.92 err/s: 0.00 reconn/s: 0.00
[ 24s ] thds: 4 tps: 89.01 qps: 1416.15 (r/w/o: 1239.13/0.00/177.02) lat (ms,95%): 59.99 err/s: 0.00 reconn/s: 0.00
[ 25s ] thds: 4 tps: 88.02 qps: 1415.25 (r/w/o: 1238.22/0.00/177.03) lat (ms,95%): 58.92 err/s: 0.00 reconn/s: 0.00
[ 26s ] thds: 4 tps: 87.97 qps: 1411.59 (r/w/o: 1235.64/0.00/175.95) lat (ms,95%): 58.92 err/s: 0.00 reconn/s: 0.00
[ 27s ] thds: 4 tps: 88.03 qps: 1404.53 (r/w/o: 1228.46/0.00/176.07) lat (ms,95%): 59.99 err/s: 0.00 reconn/s: 0.00
[ 28s ] thds: 4 tps: 87.98 qps: 1413.63 (r/w/o: 1237.67/0.00/175.95) lat (ms,95%): 59.99 err/s: 0.00 reconn/s: 0.00
[ 29s ] thds: 4 tps: 90.00 qps: 1414.00 (r/w/o: 1234.00/0.00/180.00) lat (ms,95%): 59.99 err/s: 0.00 reconn/s: 0.00
[ 30s ] thds: 4 tps: 86.00 qps: 1410.06 (r/w/o: 1238.05/0.00/172.01) lat (ms,95%): 58.92 err/s: 0.00 reconn/s: 0.00
[ 31s ] thds: 4 tps: 89.00 qps: 1412.93 (r/w/o: 1234.94/0.00/177.99) lat (ms,95%): 58.92 err/s: 0.00 reconn/s: 0.00
[ 32s ] thds: 4 tps: 89.00 qps: 1417.08 (r/w/o: 1239.07/0.00/178.01) lat (ms,95%): 58.92 err/s: 0.00 reconn/s: 0.00
[ 33s ] thds: 4 tps: 88.01 qps: 1417.10 (r/w/o: 1241.09/0.00/176.01) lat (ms,95%): 58.92 err/s: 0.00 reconn/s: 0.00
[ 34s ] thds: 4 tps: 88.99 qps: 1418.86 (r/w/o: 1240.88/0.00/177.98) lat (ms,95%): 59.99 err/s: 0.00 reconn/s: 0.00
[ 35s ] thds: 4 tps: 88.98 qps: 1418.67 (r/w/o: 1241.71/0.00/176.96) lat (ms,95%): 58.92 err/s: 0.00 reconn/s: 0.00
[ 36s ] thds: 4 tps: 89.03 qps: 1431.54 (r/w/o: 1252.48/0.00/179.07) lat (ms,95%): 58.92 err/s: 0.00 reconn/s: 0.00
[ 37s ] thds: 4 tps: 87.96 qps: 1401.36 (r/w/o: 1226.44/0.00/174.92) lat (ms,95%): 59.99 err/s: 0.00 reconn/s: 0.00
[ 38s ] thds: 4 tps: 88.03 qps: 1409.42 (r/w/o: 1232.36/0.00/177.05) lat (ms,95%): 59.99 err/s: 0.00 reconn/s: 0.00
[ 39s ] thds: 4 tps: 86.97 qps: 1396.59 (r/w/o: 1222.64/0.00/173.95) lat (ms,95%): 61.08 err/s: 0.00 reconn/s: 0.00
[ 40s ] thds: 4 tps: 87.04 qps: 1401.68 (r/w/o: 1227.59/0.00/174.08) lat (ms,95%): 59.99 err/s: 0.00 reconn/s: 0.00
[ 41s ] thds: 4 tps: 88.99 qps: 1415.78 (r/w/o: 1237.81/0.00/177.97) lat (ms,95%): 59.99 err/s: 0.00 reconn/s: 0.00
[ 42s ] thds: 4 tps: 89.00 qps: 1432.92 (r/w/o: 1254.93/0.00/177.99) lat (ms,95%): 56.84 err/s: 0.00 reconn/s: 0.00
[ 43s ] thds: 4 tps: 88.99 qps: 1419.89 (r/w/o: 1241.90/0.00/177.99) lat (ms,95%): 59.99 err/s: 0.00 reconn/s: 0.00
[ 44s ] thds: 4 tps: 89.01 qps: 1418.13 (r/w/o: 1240.11/0.00/178.02) lat (ms,95%): 57.87 err/s: 0.00 reconn/s: 0.00
[ 45s ] thds: 4 tps: 89.00 qps: 1430.00 (r/w/o: 1252.00/0.00/178.00) lat (ms,95%): 58.92 err/s: 0.00 reconn/s: 0.00
[ 46s ] thds: 4 tps: 86.99 qps: 1402.81 (r/w/o: 1228.83/0.00/173.98) lat (ms,95%): 58.92 err/s: 0.00 reconn/s: 0.00
[ 47s ] thds: 4 tps: 88.99 qps: 1407.87 (r/w/o: 1229.89/0.00/177.98) lat (ms,95%): 59.99 err/s: 0.00 reconn/s: 0.00
[ 48s ] thds: 4 tps: 86.05 qps: 1395.78 (r/w/o: 1223.69/0.00/172.10) lat (ms,95%): 61.08 err/s: 0.00 reconn/s: 0.00
[ 49s ] thds: 4 tps: 90.97 qps: 1425.50 (r/w/o: 1243.56/0.00/181.94) lat (ms,95%): 61.08 err/s: 0.00 reconn/s: 0.00
[ 50s ] thds: 4 tps: 88.03 qps: 1415.54 (r/w/o: 1239.48/0.00/176.07) lat (ms,95%): 58.92 err/s: 0.00 reconn/s: 0.00
[ 51s ] thds: 4 tps: 88.96 qps: 1412.30 (r/w/o: 1234.38/0.00/177.91) lat (ms,95%): 59.99 err/s: 0.00 reconn/s: 0.00
[ 52s ] thds: 4 tps: 89.01 qps: 1427.12 (r/w/o: 1249.10/0.00/178.01) lat (ms,95%): 58.92 err/s: 0.00 reconn/s: 0.00
[ 53s ] thds: 4 tps: 88.99 qps: 1424.89 (r/w/o: 1246.90/0.00/177.99) lat (ms,95%): 58.92 err/s: 0.00 reconn/s: 0.00
[ 54s ] thds: 4 tps: 88.01 qps: 1413.10 (r/w/o: 1237.09/0.00/176.01) lat (ms,95%): 58.92 err/s: 0.00 reconn/s: 0.00
[ 55s ] thds: 4 tps: 89.00 qps: 1413.03 (r/w/o: 1236.03/0.00/177.00) lat (ms,95%): 58.92 err/s: 0.00 reconn/s: 0.00
[ 56s ] thds: 4 tps: 86.97 qps: 1397.59 (r/w/o: 1222.64/0.00/174.95) lat (ms,95%): 61.08 err/s: 0.00 reconn/s: 0.00
[ 57s ] thds: 4 tps: 87.02 qps: 1408.27 (r/w/o: 1234.24/0.00/174.03) lat (ms,95%): 58.92 err/s: 0.00 reconn/s: 0.00
[ 58s ] thds: 4 tps: 88.02 qps: 1398.28 (r/w/o: 1222.24/0.00/176.03) lat (ms,95%): 59.99 err/s: 0.00 reconn/s: 0.00
[ 59s ] thds: 4 tps: 86.99 qps: 1397.85 (r/w/o: 1223.87/0.00/173.98) lat (ms,95%): 61.08 err/s: 0.00 reconn/s: 0.00
[ 60s ] thds: 4 tps: 90.01 qps: 1415.16 (r/w/o: 1236.14/0.00/179.02) lat (ms,95%): 58.92 err/s: 0.00 reconn/s: 0.00
[ 61s ] thds: 4 tps: 87.99 qps: 1426.84 (r/w/o: 1249.86/0.00/176.98) lat (ms,95%): 59.99 err/s: 0.00 reconn/s: 0.00
[ 62s ] thds: 4 tps: 90.04 qps: 1429.60 (r/w/o: 1249.52/0.00/180.08) lat (ms,95%): 59.99 err/s: 0.00 reconn/s: 0.00
[ 63s ] thds: 4 tps: 86.94 qps: 1411.03 (r/w/o: 1238.15/0.00/172.88) lat (ms,95%): 57.87 err/s: 0.00 reconn/s: 0.00
[ 64s ] thds: 4 tps: 89.02 qps: 1425.29 (r/w/o: 1246.25/0.00/179.04) lat (ms,95%): 59.99 err/s: 0.00 reconn/s: 0.00
[ 65s ] thds: 4 tps: 89.00 qps: 1419.04 (r/w/o: 1241.03/0.00/178.00) lat (ms,95%): 58.92 err/s: 0.00 reconn/s: 0.00
[ 66s ] thds: 4 tps: 89.00 qps: 1407.97 (r/w/o: 1231.98/0.00/176.00) lat (ms,95%): 59.99 err/s: 0.00 reconn/s: 0.00
[ 67s ] thds: 4 tps: 86.99 qps: 1420.90 (r/w/o: 1244.91/0.00/175.99) lat (ms,95%): 58.92 err/s: 0.00 reconn/s: 0.00
[ 68s ] thds: 4 tps: 88.02 qps: 1398.38 (r/w/o: 1222.34/0.00/176.05) lat (ms,95%): 58.92 err/s: 0.00 reconn/s: 0.00
[ 69s ] thds: 4 tps: 85.98 qps: 1381.70 (r/w/o: 1209.73/0.00/171.96) lat (ms,95%): 58.92 err/s: 0.00 reconn/s: 0.00
[ 70s ] thds: 4 tps: 88.98 qps: 1396.67 (r/w/o: 1218.71/0.00/177.96) lat (ms,95%): 58.92 err/s: 0.00 reconn/s: 0.00
[ 71s ] thds: 4 tps: 88.02 qps: 1418.28 (r/w/o: 1242.25/0.00/176.04) lat (ms,95%): 58.92 err/s: 0.00 reconn/s: 0.00
[ 72s ] thds: 4 tps: 88.03 qps: 1412.47 (r/w/o: 1236.41/0.00/176.06) lat (ms,95%): 57.87 err/s: 0.00 reconn/s: 0.00
[ 73s ] thds: 4 tps: 87.98 qps: 1418.65 (r/w/o: 1242.69/0.00/175.96) lat (ms,95%): 59.99 err/s: 0.00 reconn/s: 0.00
[ 74s ] thds: 4 tps: 89.01 qps: 1415.14 (r/w/o: 1237.12/0.00/178.02) lat (ms,95%): 59.99 err/s: 0.00 reconn/s: 0.00
[ 75s ] thds: 4 tps: 88.98 qps: 1415.69 (r/w/o: 1237.73/0.00/177.96) lat (ms,95%): 58.92 err/s: 0.00 reconn/s: 0.00
[ 76s ] thds: 4 tps: 89.01 qps: 1416.17 (r/w/o: 1240.15/0.00/176.02) lat (ms,95%): 58.92 err/s: 0.00 reconn/s: 0.00
[ 77s ] thds: 4 tps: 88.00 qps: 1417.02 (r/w/o: 1239.02/0.00/178.00) lat (ms,95%): 58.92 err/s: 0.00 reconn/s: 0.00
[ 78s ] thds: 4 tps: 88.99 qps: 1414.88 (r/w/o: 1237.89/0.00/176.98) lat (ms,95%): 57.87 err/s: 0.00 reconn/s: 0.00
[ 79s ] thds: 4 tps: 85.01 qps: 1383.14 (r/w/o: 1212.13/0.00/171.02) lat (ms,95%): 61.08 err/s: 0.00 reconn/s: 0.00
[ 80s ] thds: 4 tps: 87.97 qps: 1395.50 (r/w/o: 1219.56/0.00/175.94) lat (ms,95%): 61.08 err/s: 0.00 reconn/s: 0.00
[ 81s ] thds: 4 tps: 88.02 qps: 1408.34 (r/w/o: 1233.30/0.00/175.04) lat (ms,95%): 61.08 err/s: 0.00 reconn/s: 0.00
[ 82s ] thds: 4 tps: 87.04 qps: 1407.61 (r/w/o: 1232.54/0.00/175.08) lat (ms,95%): 58.92 err/s: 0.00 reconn/s: 0.00
[ 83s ] thds: 4 tps: 90.96 qps: 1431.41 (r/w/o: 1250.48/0.00/180.93) lat (ms,95%): 58.92 err/s: 0.00 reconn/s: 0.00
[ 84s ] thds: 4 tps: 87.01 qps: 1406.16 (r/w/o: 1231.14/0.00/175.02) lat (ms,95%): 59.99 err/s: 0.00 reconn/s: 0.00
[ 85s ] thds: 4 tps: 88.00 qps: 1407.01 (r/w/o: 1231.01/0.00/176.00) lat (ms,95%): 58.92 err/s: 0.00 reconn/s: 0.00
[ 86s ] thds: 4 tps: 87.99 qps: 1405.82 (r/w/o: 1229.84/0.00/175.98) lat (ms,95%): 59.99 err/s: 0.00 reconn/s: 0.00
[ 87s ] thds: 4 tps: 87.01 qps: 1396.18 (r/w/o: 1223.15/0.00/173.02) lat (ms,95%): 59.99 err/s: 0.00 reconn/s: 0.00
[ 88s ] thds: 4 tps: 88.00 qps: 1405.92 (r/w/o: 1228.93/0.00/176.99) lat (ms,95%): 61.08 err/s: 0.00 reconn/s: 0.00
[ 89s ] thds: 4 tps: 87.97 qps: 1396.50 (r/w/o: 1220.57/0.00/175.94) lat (ms,95%): 59.99 err/s: 0.00 reconn/s: 0.00
[ 90s ] thds: 4 tps: 87.02 qps: 1412.28 (r/w/o: 1238.24/0.00/174.03) lat (ms,95%): 57.87 err/s: 0.00 reconn/s: 0.00
[ 91s ] thds: 4 tps: 88.02 qps: 1410.37 (r/w/o: 1234.33/0.00/176.05) lat (ms,95%): 59.99 err/s: 0.00 reconn/s: 0.00
[ 92s ] thds: 4 tps: 88.99 qps: 1417.80 (r/w/o: 1239.82/0.00/177.97) lat (ms,95%): 58.92 err/s: 0.00 reconn/s: 0.00
[ 93s ] thds: 4 tps: 89.00 qps: 1419.03 (r/w/o: 1241.03/0.00/178.00) lat (ms,95%): 58.92 err/s: 0.00 reconn/s: 0.00
[ 94s ] thds: 4 tps: 90.01 qps: 1440.15 (r/w/o: 1260.13/0.00/180.02) lat (ms,95%): 57.87 err/s: 0.00 reconn/s: 0.00
[ 95s ] thds: 4 tps: 87.00 qps: 1397.92 (r/w/o: 1223.93/0.00/173.99) lat (ms,95%): 61.08 err/s: 0.00 reconn/s: 0.00
[ 96s ] thds: 4 tps: 87.99 qps: 1406.82 (r/w/o: 1230.84/0.00/175.98) lat (ms,95%): 58.92 err/s: 0.00 reconn/s: 0.00
[ 97s ] thds: 4 tps: 88.99 qps: 1410.87 (r/w/o: 1232.89/0.00/177.98) lat (ms,95%): 57.87 err/s: 0.00 reconn/s: 0.00
[ 98s ] thds: 4 tps: 88.05 qps: 1409.75 (r/w/o: 1233.66/0.00/176.09) lat (ms,95%): 58.92 err/s: 0.00 reconn/s: 0.00
[ 99s ] thds: 4 tps: 88.00 qps: 1416.05 (r/w/o: 1240.04/0.00/176.01) lat (ms,95%): 59.99 err/s: 0.00 reconn/s: 0.00
[ 100s ] thds: 4 tps: 89.96 qps: 1423.41 (r/w/o: 1243.48/0.00/179.93) lat (ms,95%): 58.92 err/s: 0.00 reconn/s: 0.00
[ 101s ] thds: 4 tps: 89.03 qps: 1435.48 (r/w/o: 1258.42/0.00/177.06) lat (ms,95%): 58.92 err/s: 0.00 reconn/s: 0.00
[ 102s ] thds: 4 tps: 89.00 qps: 1419.06 (r/w/o: 1240.05/0.00/179.01) lat (ms,95%): 59.99 err/s: 0.00 reconn/s: 0.00
[ 103s ] thds: 4 tps: 87.01 qps: 1412.13 (r/w/o: 1238.12/0.00/174.02) lat (ms,95%): 59.99 err/s: 0.00 reconn/s: 0.00
[ 104s ] thds: 4 tps: 87.96 qps: 1406.40 (r/w/o: 1230.47/0.00/175.92) lat (ms,95%): 58.92 err/s: 0.00 reconn/s: 0.00
[ 105s ] thds: 4 tps: 89.99 qps: 1420.86 (r/w/o: 1240.88/0.00/179.98) lat (ms,95%): 57.87 err/s: 0.00 reconn/s: 0.00
[ 106s ] thds: 4 tps: 86.98 qps: 1404.66 (r/w/o: 1230.70/0.00/173.96) lat (ms,95%): 59.99 err/s: 0.00 reconn/s: 0.00
[ 107s ] thds: 4 tps: 88.06 qps: 1421.92 (r/w/o: 1245.81/0.00/176.11) lat (ms,95%): 58.92 err/s: 0.00 reconn/s: 0.00
[ 108s ] thds: 4 tps: 89.97 qps: 1419.57 (r/w/o: 1239.62/0.00/179.95) lat (ms,95%): 58.92 err/s: 0.00 reconn/s: 0.00
[ 109s ] thds: 4 tps: 89.01 qps: 1419.12 (r/w/o: 1241.10/0.00/178.01) lat (ms,95%): 61.08 err/s: 0.00 reconn/s: 0.00
[ 110s ] thds: 4 tps: 89.00 qps: 1411.98 (r/w/o: 1233.99/0.00/178.00) lat (ms,95%): 59.99 err/s: 0.00 reconn/s: 0.00
[ 111s ] thds: 4 tps: 86.99 qps: 1414.90 (r/w/o: 1240.91/0.00/173.99) lat (ms,95%): 59.99 err/s: 0.00 reconn/s: 0.00
[ 112s ] thds: 4 tps: 88.03 qps: 1413.42 (r/w/o: 1237.37/0.00/176.05) lat (ms,95%): 58.92 err/s: 0.00 reconn/s: 0.00
[ 113s ] thds: 4 tps: 87.88 qps: 1407.05 (r/w/o: 1231.29/0.00/175.76) lat (ms,95%): 59.99 err/s: 0.00 reconn/s: 0.00
[ 114s ] thds: 4 tps: 90.12 qps: 1429.86 (r/w/o: 1249.63/0.00/180.23) lat (ms,95%): 59.99 err/s: 0.00 reconn/s: 0.00
[ 115s ] thds: 4 tps: 88.00 qps: 1409.01 (r/w/o: 1233.00/0.00/176.00) lat (ms,95%): 58.92 err/s: 0.00 reconn/s: 0.00
[ 116s ] thds: 4 tps: 85.99 qps: 1383.86 (r/w/o: 1211.88/0.00/171.98) lat (ms,95%): 59.99 err/s: 0.00 reconn/s: 0.00
[ 117s ] thds: 4 tps: 90.00 qps: 1421.06 (r/w/o: 1242.06/0.00/179.01) lat (ms,95%): 58.92 err/s: 0.00 reconn/s: 0.00
[ 118s ] thds: 4 tps: 88.01 qps: 1419.16 (r/w/o: 1242.14/0.00/177.02) lat (ms,95%): 57.87 err/s: 0.00 reconn/s: 0.00
[ 119s ] thds: 4 tps: 88.99 qps: 1419.77 (r/w/o: 1241.80/0.00/177.97) lat (ms,95%): 58.92 err/s: 0.00 reconn/s: 0.00
[ 120s ] thds: 4 tps: 87.02 qps: 1401.34 (r/w/o: 1227.30/0.00/174.04) lat (ms,95%): 59.99 err/s: 0.00 reconn/s: 0.00
[ 121s ] thds: 4 tps: 87.97 qps: 1407.48 (r/w/o: 1231.54/0.00/175.93) lat (ms,95%): 61.08 err/s: 0.00 reconn/s: 0.00
[ 122s ] thds: 4 tps: 91.01 qps: 1442.18 (r/w/o: 1260.16/0.00/182.02) lat (ms,95%): 57.87 err/s: 0.00 reconn/s: 0.00
[ 123s ] thds: 4 tps: 87.01 qps: 1421.20 (r/w/o: 1247.18/0.00/174.02) lat (ms,95%): 58.92 err/s: 0.00 reconn/s: 0.00
[ 124s ] thds: 4 tps: 90.00 qps: 1418.04 (r/w/o: 1238.04/0.00/180.01) lat (ms,95%): 59.99 err/s: 0.00 reconn/s: 0.00
[ 125s ] thds: 4 tps: 87.98 qps: 1415.71 (r/w/o: 1239.75/0.00/175.96) lat (ms,95%): 58.92 err/s: 0.00 reconn/s: 0.00
[ 126s ] thds: 4 tps: 89.00 qps: 1431.08 (r/w/o: 1253.07/0.00/178.01) lat (ms,95%): 59.99 err/s: 0.00 reconn/s: 0.00
[ 127s ] thds: 4 tps: 88.02 qps: 1401.29 (r/w/o: 1226.26/0.00/175.04) lat (ms,95%): 59.99 err/s: 0.00 reconn/s: 0.00
[ 128s ] thds: 4 tps: 88.98 qps: 1421.67 (r/w/o: 1242.71/0.00/178.96) lat (ms,95%): 59.99 err/s: 0.00 reconn/s: 0.00
[ 129s ] thds: 4 tps: 89.02 qps: 1410.29 (r/w/o: 1232.25/0.00/178.04) lat (ms,95%): 59.99 err/s: 0.00 reconn/s: 0.00
[ 130s ] thds: 4 tps: 87.98 qps: 1416.61 (r/w/o: 1240.66/0.00/175.95) lat (ms,95%): 58.92 err/s: 0.00 reconn/s: 0.00
[ 131s ] thds: 4 tps: 88.01 qps: 1411.17 (r/w/o: 1236.15/0.00/175.02) lat (ms,95%): 59.99 err/s: 0.00 reconn/s: 0.00
[ 132s ] thds: 4 tps: 88.00 qps: 1413.00 (r/w/o: 1236.00/0.00/177.00) lat (ms,95%): 62.19 err/s: 0.00 reconn/s: 0.00
[ 133s ] thds: 4 tps: 89.03 qps: 1408.40 (r/w/o: 1231.35/0.00/177.05) lat (ms,95%): 58.92 err/s: 0.00 reconn/s: 0.00
[ 134s ] thds: 4 tps: 87.98 qps: 1427.72 (r/w/o: 1250.75/0.00/176.96) lat (ms,95%): 58.92 err/s: 0.00 reconn/s: 0.00
[ 135s ] thds: 4 tps: 88.98 qps: 1402.76 (r/w/o: 1224.79/0.00/177.97) lat (ms,95%): 59.99 err/s: 0.00 reconn/s: 0.00
[ 136s ] thds: 4 tps: 88.00 qps: 1411.00 (r/w/o: 1235.00/0.00/176.00) lat (ms,95%): 61.08 err/s: 0.00 reconn/s: 0.00
[ 137s ] thds: 4 tps: 87.00 qps: 1393.05 (r/w/o: 1219.04/0.00/174.01) lat (ms,95%): 62.19 err/s: 0.00 reconn/s: 0.00
[ 138s ] thds: 4 tps: 88.01 qps: 1414.16 (r/w/o: 1238.14/0.00/176.02) lat (ms,95%): 59.99 err/s: 0.00 reconn/s: 0.00
[ 139s ] thds: 4 tps: 87.99 qps: 1401.82 (r/w/o: 1225.84/0.00/175.98) lat (ms,95%): 61.08 err/s: 0.00 reconn/s: 0.00
[ 140s ] thds: 4 tps: 88.03 qps: 1408.40 (r/w/o: 1232.35/0.00/176.05) lat (ms,95%): 59.99 err/s: 0.00 reconn/s: 0.00
[ 141s ] thds: 4 tps: 85.97 qps: 1376.45 (r/w/o: 1204.52/0.00/171.93) lat (ms,95%): 61.08 err/s: 0.00 reconn/s: 0.00
[ 142s ] thds: 4 tps: 87.03 qps: 1391.54 (r/w/o: 1217.47/0.00/174.07) lat (ms,95%): 59.99 err/s: 0.00 reconn/s: 0.00
[ 143s ] thds: 4 tps: 88.00 qps: 1403.97 (r/w/o: 1227.98/0.00/176.00) lat (ms,95%): 61.08 err/s: 0.00 reconn/s: 0.00
[ 144s ] thds: 4 tps: 86.97 qps: 1408.54 (r/w/o: 1234.60/0.00/173.94) lat (ms,95%): 57.87 err/s: 0.00 reconn/s: 0.00
[ 145s ] thds: 4 tps: 88.04 qps: 1401.59 (r/w/o: 1225.52/0.00/176.07) lat (ms,95%): 58.92 err/s: 0.00 reconn/s: 0.00
[ 146s ] thds: 4 tps: 86.93 qps: 1402.87 (r/w/o: 1229.01/0.00/173.86) lat (ms,95%): 58.92 err/s: 0.00 reconn/s: 0.00
[ 147s ] thds: 4 tps: 89.03 qps: 1418.54 (r/w/o: 1240.47/0.00/178.07) lat (ms,95%): 59.99 err/s: 0.00 reconn/s: 0.00
[ 148s ] thds: 4 tps: 87.00 qps: 1405.08 (r/w/o: 1231.07/0.00/174.01) lat (ms,95%): 59.99 err/s: 0.00 reconn/s: 0.00
[ 149s ] thds: 4 tps: 90.02 qps: 1431.36 (r/w/o: 1250.32/0.00/181.05) lat (ms,95%): 57.87 err/s: 0.00 reconn/s: 0.00
[ 150s ] thds: 4 tps: 89.98 qps: 1414.62 (r/w/o: 1235.67/0.00/178.95) lat (ms,95%): 58.92 err/s: 0.00 reconn/s: 0.00
[ 151s ] thds: 4 tps: 86.01 qps: 1387.09 (r/w/o: 1215.08/0.00/172.01) lat (ms,95%): 58.92 err/s: 0.00 reconn/s: 0.00
[ 152s ] thds: 4 tps: 88.00 qps: 1406.05 (r/w/o: 1231.04/0.00/175.01) lat (ms,95%): 58.92 err/s: 0.00 reconn/s: 0.00
[ 153s ] thds: 4 tps: 88.02 qps: 1430.36 (r/w/o: 1253.31/0.00/177.04) lat (ms,95%): 58.92 err/s: 0.00 reconn/s: 0.00
[ 154s ] thds: 4 tps: 88.97 qps: 1405.46 (r/w/o: 1227.53/0.00/177.93) lat (ms,95%): 57.87 err/s: 0.00 reconn/s: 0.00
[ 155s ] thds: 4 tps: 88.03 qps: 1406.44 (r/w/o: 1230.38/0.00/176.05) lat (ms,95%): 59.99 err/s: 0.00 reconn/s: 0.00
[ 156s ] thds: 4 tps: 86.99 qps: 1400.78 (r/w/o: 1226.81/0.00/173.97) lat (ms,95%): 59.99 err/s: 0.00 reconn/s: 0.00
[ 157s ] thds: 4 tps: 87.01 qps: 1385.10 (r/w/o: 1212.09/0.00/173.01) lat (ms,95%): 59.99 err/s: 0.00 reconn/s: 0.00
[ 158s ] thds: 4 tps: 86.97 qps: 1402.57 (r/w/o: 1227.62/0.00/174.95) lat (ms,95%): 58.92 err/s: 0.00 reconn/s: 0.00
[ 159s ] thds: 4 tps: 87.02 qps: 1396.31 (r/w/o: 1222.27/0.00/174.04) lat (ms,95%): 61.08 err/s: 0.00 reconn/s: 0.00
[ 160s ] thds: 4 tps: 86.99 qps: 1386.86 (r/w/o: 1212.88/0.00/173.98) lat (ms,95%): 59.99 err/s: 0.00 reconn/s: 0.00
[ 161s ] thds: 4 tps: 89.04 qps: 1409.62 (r/w/o: 1231.54/0.00/178.08) lat (ms,95%): 58.92 err/s: 0.00 reconn/s: 0.00
[ 162s ] thds: 4 tps: 87.95 qps: 1408.15 (r/w/o: 1232.26/0.00/175.89) lat (ms,95%): 59.99 err/s: 0.00 reconn/s: 0.00
[ 163s ] thds: 4 tps: 88.01 qps: 1407.17 (r/w/o: 1232.15/0.00/175.02) lat (ms,95%): 59.99 err/s: 0.00 reconn/s: 0.00
[ 164s ] thds: 4 tps: 88.03 qps: 1411.52 (r/w/o: 1234.46/0.00/177.07) lat (ms,95%): 58.92 err/s: 0.00 reconn/s: 0.00
[ 165s ] thds: 4 tps: 87.98 qps: 1417.74 (r/w/o: 1241.77/0.00/175.97) lat (ms,95%): 58.92 err/s: 0.00 reconn/s: 0.00
[ 166s ] thds: 4 tps: 87.99 qps: 1401.77 (r/w/o: 1226.80/0.00/174.97) lat (ms,95%): 58.92 err/s: 0.00 reconn/s: 0.00
[ 167s ] thds: 4 tps: 89.02 qps: 1422.25 (r/w/o: 1244.22/0.00/178.03) lat (ms,95%): 57.87 err/s: 0.00 reconn/s: 0.00
[ 168s ] thds: 4 tps: 87.98 qps: 1424.70 (r/w/o: 1247.74/0.00/176.96) lat (ms,95%): 58.92 err/s: 0.00 reconn/s: 0.00
[ 169s ] thds: 4 tps: 89.01 qps: 1406.10 (r/w/o: 1228.09/0.00/178.01) lat (ms,95%): 58.92 err/s: 0.00 reconn/s: 0.00
[ 170s ] thds: 4 tps: 87.01 qps: 1402.22 (r/w/o: 1228.19/0.00/174.03) lat (ms,95%): 58.92 err/s: 0.00 reconn/s: 0.00
[ 171s ] thds: 4 tps: 86.98 qps: 1395.74 (r/w/o: 1221.77/0.00/173.97) lat (ms,95%): 59.99 err/s: 0.00 reconn/s: 0.00
[ 172s ] thds: 4 tps: 88.01 qps: 1404.13 (r/w/o: 1228.12/0.00/176.02) lat (ms,95%): 61.08 err/s: 0.00 reconn/s: 0.00
[ 173s ] thds: 4 tps: 89.00 qps: 1413.99 (r/w/o: 1235.99/0.00/178.00) lat (ms,95%): 58.92 err/s: 0.00 reconn/s: 0.00
[ 174s ] thds: 4 tps: 88.00 qps: 1413.08 (r/w/o: 1237.07/0.00/176.01) lat (ms,95%): 59.99 err/s: 0.00 reconn/s: 0.00
[ 175s ] thds: 4 tps: 88.98 qps: 1414.69 (r/w/o: 1237.73/0.00/176.96) lat (ms,95%): 58.92 err/s: 0.00 reconn/s: 0.00
[ 176s ] thds: 4 tps: 88.00 qps: 1409.08 (r/w/o: 1233.07/0.00/176.01) lat (ms,95%): 61.08 err/s: 0.00 reconn/s: 0.00
[ 177s ] thds: 4 tps: 87.04 qps: 1407.66 (r/w/o: 1232.57/0.00/175.08) lat (ms,95%): 58.92 err/s: 0.00 reconn/s: 0.00
[ 178s ] thds: 4 tps: 89.96 qps: 1416.43 (r/w/o: 1237.50/0.00/178.93) lat (ms,95%): 58.92 err/s: 0.00 reconn/s: 0.00
[ 179s ] thds: 4 tps: 86.99 qps: 1415.88 (r/w/o: 1241.89/0.00/173.99) lat (ms,95%): 59.99 err/s: 0.00 reconn/s: 0.00
[ 180s ] thds: 4 tps: 87.98 qps: 1396.70 (r/w/o: 1219.74/0.00/176.96) lat (ms,95%): 59.99 err/s: 0.00 reconn/s: 0.00
[ 181s ] thds: 4 tps: 87.04 qps: 1402.58 (r/w/o: 1228.51/0.00/174.07) lat (ms,95%): 58.92 err/s: 0.00 reconn/s: 0.00
[ 182s ] thds: 4 tps: 89.97 qps: 1431.60 (r/w/o: 1252.65/0.00/178.95) lat (ms,95%): 56.84 err/s: 0.00 reconn/s: 0.00
[ 183s ] thds: 4 tps: 86.00 qps: 1394.03 (r/w/o: 1221.03/0.00/173.00) lat (ms,95%): 59.99 err/s: 0.00 reconn/s: 0.00
[ 184s ] thds: 4 tps: 88.00 qps: 1396.07 (r/w/o: 1220.06/0.00/176.01) lat (ms,95%): 59.99 err/s: 0.00 reconn/s: 0.00
[ 185s ] thds: 4 tps: 86.02 qps: 1380.28 (r/w/o: 1208.25/0.00/172.04) lat (ms,95%): 59.99 err/s: 0.00 reconn/s: 0.00
[ 186s ] thds: 4 tps: 88.02 qps: 1404.35 (r/w/o: 1228.31/0.00/176.04) lat (ms,95%): 61.08 err/s: 0.00 reconn/s: 0.00
[ 187s ] thds: 4 tps: 86.95 qps: 1398.13 (r/w/o: 1224.24/0.00/173.89) lat (ms,95%): 58.92 err/s: 0.00 reconn/s: 0.00
[ 188s ] thds: 4 tps: 89.01 qps: 1409.24 (r/w/o: 1232.21/0.00/177.03) lat (ms,95%): 58.92 err/s: 0.00 reconn/s: 0.00
[ 189s ] thds: 4 tps: 88.01 qps: 1413.16 (r/w/o: 1236.14/0.00/177.02) lat (ms,95%): 59.99 err/s: 0.00 reconn/s: 0.00
[ 190s ] thds: 4 tps: 88.03 qps: 1417.40 (r/w/o: 1241.35/0.00/176.05) lat (ms,95%): 59.99 err/s: 0.00 reconn/s: 0.00
[ 191s ] thds: 4 tps: 87.97 qps: 1402.46 (r/w/o: 1226.52/0.00/175.93) lat (ms,95%): 59.99 err/s: 0.00 reconn/s: 0.00
[ 192s ] thds: 4 tps: 89.04 qps: 1422.63 (r/w/o: 1244.55/0.00/178.08) lat (ms,95%): 58.92 err/s: 0.00 reconn/s: 0.00
[ 193s ] thds: 4 tps: 87.96 qps: 1402.35 (r/w/o: 1227.43/0.00/174.92) lat (ms,95%): 59.99 err/s: 0.00 reconn/s: 0.00
[ 194s ] thds: 4 tps: 88.00 qps: 1400.01 (r/w/o: 1223.01/0.00/177.00) lat (ms,95%): 59.99 err/s: 0.00 reconn/s: 0.00
[ 195s ] thds: 4 tps: 86.99 qps: 1398.77 (r/w/o: 1224.80/0.00/173.97) lat (ms,95%): 57.87 err/s: 0.00 reconn/s: 0.00
[ 196s ] thds: 4 tps: 88.02 qps: 1410.26 (r/w/o: 1234.23/0.00/176.03) lat (ms,95%): 59.99 err/s: 0.00 reconn/s: 0.00
[ 197s ] thds: 4 tps: 88.00 qps: 1416.92 (r/w/o: 1240.93/0.00/175.99) lat (ms,95%): 59.99 err/s: 0.00 reconn/s: 0.00
[ 198s ] thds: 4 tps: 90.02 qps: 1421.32 (r/w/o: 1241.28/0.00/180.04) lat (ms,95%): 58.92 err/s: 0.00 reconn/s: 0.00
[ 199s ] thds: 4 tps: 87.00 qps: 1393.07 (r/w/o: 1220.06/0.00/173.01) lat (ms,95%): 59.99 err/s: 0.00 reconn/s: 0.00
[ 200s ] thds: 4 tps: 87.00 qps: 1396.02 (r/w/o: 1222.02/0.00/174.00) lat (ms,95%): 61.08 err/s: 0.00 reconn/s: 0.00
[ 201s ] thds: 4 tps: 86.98 qps: 1398.67 (r/w/o: 1223.71/0.00/174.96) lat (ms,95%): 59.99 err/s: 0.00 reconn/s: 0.00
[ 202s ] thds: 4 tps: 87.01 qps: 1397.08 (r/w/o: 1223.07/0.00/174.01) lat (ms,95%): 59.99 err/s: 0.00 reconn/s: 0.00
[ 203s ] thds: 4 tps: 87.99 qps: 1399.81 (r/w/o: 1223.83/0.00/175.98) lat (ms,95%): 58.92 err/s: 0.00 reconn/s: 0.00
[ 204s ] thds: 4 tps: 87.99 qps: 1400.87 (r/w/o: 1224.88/0.00/175.98) lat (ms,95%): 59.99 err/s: 0.00 reconn/s: 0.00
[ 205s ] thds: 4 tps: 87.02 qps: 1403.24 (r/w/o: 1229.21/0.00/174.03) lat (ms,95%): 59.99 err/s: 0.00 reconn/s: 0.00
[ 206s ] thds: 4 tps: 89.00 qps: 1418.92 (r/w/o: 1240.93/0.00/177.99) lat (ms,95%): 58.92 err/s: 0.00 reconn/s: 0.00
[ 207s ] thds: 4 tps: 87.04 qps: 1399.70 (r/w/o: 1225.62/0.00/174.09) lat (ms,95%): 58.92 err/s: 0.00 reconn/s: 0.00
[ 208s ] thds: 4 tps: 90.00 qps: 1418.99 (r/w/o: 1239.99/0.00/179.00) lat (ms,95%): 58.92 err/s: 0.00 reconn/s: 0.00
[ 209s ] thds: 4 tps: 86.94 qps: 1410.00 (r/w/o: 1235.13/0.00/174.88) lat (ms,95%): 58.92 err/s: 0.00 reconn/s: 0.00
[ 210s ] thds: 4 tps: 88.05 qps: 1415.75 (r/w/o: 1239.65/0.00/176.09) lat (ms,95%): 58.92 err/s: 0.00 reconn/s: 0.00
[ 211s ] thds: 4 tps: 87.96 qps: 1401.33 (r/w/o: 1225.41/0.00/175.92) lat (ms,95%): 59.99 err/s: 0.00 reconn/s: 0.00
[ 212s ] thds: 4 tps: 88.03 qps: 1406.40 (r/w/o: 1230.35/0.00/176.05) lat (ms,95%): 59.99 err/s: 0.00 reconn/s: 0.00
[ 213s ] thds: 4 tps: 89.00 qps: 1404.07 (r/w/o: 1226.06/0.00/178.01) lat (ms,95%): 61.08 err/s: 0.00 reconn/s: 0.00
[ 214s ] thds: 4 tps: 86.99 qps: 1409.90 (r/w/o: 1235.92/0.00/173.99) lat (ms,95%): 58.92 err/s: 0.00 reconn/s: 0.00
[ 215s ] thds: 4 tps: 88.00 qps: 1400.95 (r/w/o: 1225.96/0.00/174.99) lat (ms,95%): 61.08 err/s: 0.00 reconn/s: 0.00
[ 216s ] thds: 4 tps: 87.99 qps: 1408.80 (r/w/o: 1231.82/0.00/176.97) lat (ms,95%): 61.08 err/s: 0.00 reconn/s: 0.00
[ 217s ] thds: 4 tps: 87.01 qps: 1400.14 (r/w/o: 1226.12/0.00/174.02) lat (ms,95%): 61.08 err/s: 0.00 reconn/s: 0.00
[ 218s ] thds: 4 tps: 88.00 qps: 1400.04 (r/w/o: 1224.04/0.00/176.01) lat (ms,95%): 61.08 err/s: 0.00 reconn/s: 0.00
[ 219s ] thds: 4 tps: 87.00 qps: 1396.05 (r/w/o: 1222.04/0.00/174.01) lat (ms,95%): 59.99 err/s: 0.00 reconn/s: 0.00
[ 220s ] thds: 4 tps: 87.99 qps: 1406.81 (r/w/o: 1231.83/0.00/174.98) lat (ms,95%): 61.08 err/s: 0.00 reconn/s: 0.00
[ 221s ] thds: 4 tps: 89.01 qps: 1420.23 (r/w/o: 1242.20/0.00/178.03) lat (ms,95%): 59.99 err/s: 0.00 reconn/s: 0.00
[ 222s ] thds: 4 tps: 86.01 qps: 1401.12 (r/w/o: 1228.11/0.00/173.02) lat (ms,95%): 59.99 err/s: 0.00 reconn/s: 0.00
[ 223s ] thds: 4 tps: 87.97 qps: 1394.58 (r/w/o: 1218.64/0.00/175.95) lat (ms,95%): 61.08 err/s: 0.00 reconn/s: 0.00
[ 224s ] thds: 4 tps: 86.01 qps: 1391.15 (r/w/o: 1219.13/0.00/172.02) lat (ms,95%): 59.99 err/s: 0.00 reconn/s: 0.00
[ 225s ] thds: 4 tps: 90.01 qps: 1414.13 (r/w/o: 1234.11/0.00/180.02) lat (ms,95%): 58.92 err/s: 0.00 reconn/s: 0.00
[ 226s ] thds: 4 tps: 87.04 qps: 1398.58 (r/w/o: 1225.51/0.00/173.07) lat (ms,95%): 58.92 err/s: 0.00 reconn/s: 0.00
[ 227s ] thds: 4 tps: 87.96 qps: 1401.43 (r/w/o: 1224.50/0.00/176.93) lat (ms,95%): 61.08 err/s: 0.00 reconn/s: 0.00
[ 228s ] thds: 4 tps: 88.03 qps: 1412.52 (r/w/o: 1236.46/0.00/176.07) lat (ms,95%): 59.99 err/s: 0.00 reconn/s: 0.00
[ 229s ] thds: 4 tps: 86.00 qps: 1380.05 (r/w/o: 1209.05/0.00/171.01) lat (ms,95%): 61.08 err/s: 0.00 reconn/s: 0.00
[ 230s ] thds: 4 tps: 87.96 qps: 1402.39 (r/w/o: 1225.47/0.00/176.92) lat (ms,95%): 58.92 err/s: 0.00 reconn/s: 0.00
[ 231s ] thds: 4 tps: 87.04 qps: 1400.61 (r/w/o: 1227.54/0.00/173.08) lat (ms,95%): 59.99 err/s: 0.00 reconn/s: 0.00
[ 232s ] thds: 4 tps: 87.96 qps: 1404.44 (r/w/o: 1227.51/0.00/176.93) lat (ms,95%): 61.08 err/s: 0.00 reconn/s: 0.00
[ 233s ] thds: 4 tps: 88.03 qps: 1407.50 (r/w/o: 1231.44/0.00/176.06) lat (ms,95%): 61.08 err/s: 0.00 reconn/s: 0.00
[ 234s ] thds: 4 tps: 88.96 qps: 1415.38 (r/w/o: 1237.46/0.00/177.92) lat (ms,95%): 59.99 err/s: 0.00 reconn/s: 0.00
[ 235s ] thds: 4 tps: 88.01 qps: 1408.19 (r/w/o: 1233.17/0.00/175.02) lat (ms,95%): 59.99 err/s: 0.00 reconn/s: 0.00
[ 236s ] thds: 4 tps: 86.98 qps: 1404.73 (r/w/o: 1229.77/0.00/174.97) lat (ms,95%): 58.92 err/s: 0.00 reconn/s: 0.00
[ 237s ] thds: 4 tps: 89.01 qps: 1417.20 (r/w/o: 1239.17/0.00/178.02) lat (ms,95%): 58.92 err/s: 0.00 reconn/s: 0.00
[ 238s ] thds: 4 tps: 87.04 qps: 1403.58 (r/w/o: 1229.51/0.00/174.07) lat (ms,95%): 61.08 err/s: 0.00 reconn/s: 0.00
[ 239s ] thds: 4 tps: 87.95 qps: 1410.14 (r/w/o: 1234.25/0.00/175.89) lat (ms,95%): 59.99 err/s: 0.00 reconn/s: 0.00
[ 240s ] thds: 4 tps: 89.01 qps: 1397.19 (r/w/o: 1219.17/0.00/178.02) lat (ms,95%): 57.87 err/s: 0.00 reconn/s: 0.00
Latency histogram (values are in milliseconds)
       value  ------------- distribution ------------- count
      30.265 |                                         1
      30.815 |                                         2
      31.375 |                                         5
      31.945 |                                         10
      32.525 |                                         16
      33.116 |*                                        42
      33.718 |**                                       76
      34.330 |*****                                    154
      34.954 |******                                   211
      35.589 |*********                                280
      36.236 |**************                           448
      36.894 |*****************                        556
      37.565 |***********************                  732
      38.247 |******************************           962
      38.942 |***********************************      1138
      39.650 |**************************************** 1287
      40.370 |**************************************** 1301
      41.104 |***************************************  1268
      41.851 |**********************************       1096
      42.611 |******************************           971
      43.385 |************************                 781
      44.173 |*******************                      624
      44.976 |****************                         525
      45.793 |****************                         526
      46.625 |*****************                        567
      47.472 |********************                     661
      48.335 |**********************                   709
      49.213 |********************                     644
      50.107 |******************                       581
      51.018 |**************                           449
      51.945 |************                             381
      52.889 |*********                                302
      53.850 |********                                 267
      54.828 |************                             376
      55.824 |*************                            414
      56.839 |***************                          495
      57.871 |*****************                        559
      58.923 |******************                       580
      59.993 |**************                           446
      61.083 |**********                               337
      62.193 |******                                   203
      63.323 |****                                     116
      64.474 |*                                        33
      65.645 |                                         13
      66.838 |                                         3
      68.053 |                                         1
      78.597 |                                         1
      82.959 |                                         1
 
SQL statistics:
    queries performed:
        read:                            296088
        write:                           0
        other:                           42298
        total:                           338386
    transactions:                        21151  (88.11 per sec.)
    queries:                             338386 (1409.61 per sec.)
    ignored errors:                      0      (0.00 per sec.)
    reconnects:                          0      (0.00 per sec.)

Throughput:
    events/s (eps):                      88.1086
    time elapsed:                        240.0562s
    total number of events:              21151

Latency (ms):
         min:                                   30.05
         avg:                                   45.40
         max:                                   82.28
         95th percentile:                       59.99
         sum:                               960169.36

Threads fairness:
    events (avg/stddev):           5287.7500/778.19
    execution time (avg/stddev):   240.0423/0.02

