sysbench 1.1.0-3ceba0b (using bundled LuaJIT 2.1.0-beta3)

Running the test with following options:
Number of threads: 1024
Warmup time: 60s
Report intermediate results every 1 second(s)
Initializing random number generator from current time


Initializing worker threads...

Threads started!

Warming up for 60 seconds...

[ 1s ] thds: 1024 tps: 491.55 qps: 9985.29 (r/w/o: 7012.32/1940.07/1032.91) lat (ms,95%): 3267.19 err/s: 0.00 reconn/s: 0.00
[ 2s ] thds: 1024 tps: 387.02 qps: 8155.35 (r/w/o: 5964.25/1398.06/793.03) lat (ms,95%): 3448.53 err/s: 0.00 reconn/s: 0.00
[ 3s ] thds: 1024 tps: 402.66 qps: 8506.74 (r/w/o: 5837.02/1834.43/835.29) lat (ms,95%): 4055.23 err/s: 0.00 reconn/s: 0.00
[ 4s ] thds: 1024 tps: 424.44 qps: 7577.90 (r/w/o: 5232.46/1477.54/867.90) lat (ms,95%): 4128.91 err/s: 0.00 reconn/s: 0.00
[ 5s ] thds: 1024 tps: 367.96 qps: 8257.08 (r/w/o: 5925.34/1565.82/765.91) lat (ms,95%): 4128.91 err/s: 0.00 reconn/s: 0.00
[ 6s ] thds: 1024 tps: 370.04 qps: 6673.70 (r/w/o: 4530.47/1379.14/764.08) lat (ms,95%): 4128.91 err/s: 0.00 reconn/s: 0.00
[ 7s ] thds: 1024 tps: 392.79 qps: 7988.76 (r/w/o: 5653.00/1524.19/811.57) lat (ms,95%): 4128.91 err/s: 0.00 reconn/s: 0.00
[ 8s ] thds: 1024 tps: 419.23 qps: 8382.56 (r/w/o: 5855.18/1659.90/867.47) lat (ms,95%): 3706.08 err/s: 0.00 reconn/s: 0.00
[ 9s ] thds: 1024 tps: 389.00 qps: 9032.04 (r/w/o: 6472.03/1745.01/815.00) lat (ms,95%): 4203.93 err/s: 0.00 reconn/s: 0.00
[ 10s ] thds: 1024 tps: 446.99 qps: 7256.88 (r/w/o: 4762.92/1569.97/923.98) lat (ms,95%): 4517.90 err/s: 0.00 reconn/s: 0.00
[ 11s ] thds: 1024 tps: 338.99 qps: 6924.75 (r/w/o: 4974.82/1244.95/704.97) lat (ms,95%): 4599.99 err/s: 0.00 reconn/s: 0.00
[ 12s ] thds: 1024 tps: 357.01 qps: 7411.28 (r/w/o: 5135.19/1546.06/730.03) lat (ms,95%): 4768.67 err/s: 0.00 reconn/s: 0.00
[ 13s ] thds: 1024 tps: 447.98 qps: 8588.70 (r/w/o: 5982.79/1687.94/917.97) lat (ms,95%): 4599.99 err/s: 0.00 reconn/s: 0.00
[ 14s ] thds: 1024 tps: 390.93 qps: 8475.42 (r/w/o: 5926.89/1741.67/806.85) lat (ms,95%): 3448.53 err/s: 0.00 reconn/s: 0.00
[ 15s ] thds: 1024 tps: 368.03 qps: 6319.53 (r/w/o: 4358.37/1199.10/762.06) lat (ms,95%): 3151.62 err/s: 0.00 reconn/s: 0.00
[ 16s ] thds: 1024 tps: 310.04 qps: 7905.08 (r/w/o: 5861.80/1391.19/652.09) lat (ms,95%): 3706.08 err/s: 0.00 reconn/s: 0.00
[ 17s ] thds: 1024 tps: 386.00 qps: 6380.03 (r/w/o: 4260.02/1328.01/792.00) lat (ms,95%): 4128.91 err/s: 0.00 reconn/s: 0.00
[ 18s ] thds: 1024 tps: 364.88 qps: 8886.97 (r/w/o: 6552.76/1573.46/760.74) lat (ms,95%): 3386.99 err/s: 0.00 reconn/s: 0.00
[ 19s ] thds: 1024 tps: 407.16 qps: 6865.64 (r/w/o: 4562.75/1459.56/843.32) lat (ms,95%): 2880.27 err/s: 0.00 reconn/s: 0.00
[ 20s ] thds: 1024 tps: 358.90 qps: 8471.64 (r/w/o: 6169.28/1568.56/733.80) lat (ms,95%): 2279.14 err/s: 0.00 reconn/s: 0.00
[ 21s ] thds: 1024 tps: 387.06 qps: 6309.90 (r/w/o: 4056.58/1461.21/792.11) lat (ms,95%): 2120.76 err/s: 0.00 reconn/s: 0.00
[ 22s ] thds: 1024 tps: 557.75 qps: 12531.40 (r/w/o: 9082.94/2307.97/1140.49) lat (ms,95%): 8484.79 err/s: 0.00 reconn/s: 0.00
[ 23s ] thds: 1024 tps: 521.19 qps: 8611.10 (r/w/o: 5533.99/2009.72/1067.38) lat (ms,95%): 9452.83 err/s: 0.00 reconn/s: 0.00
[ 24s ] thds: 1024 tps: 435.01 qps: 10120.32 (r/w/o: 7532.24/1675.05/913.03) lat (ms,95%): 8638.96 err/s: 0.00 reconn/s: 0.00
[ 25s ] thds: 1024 tps: 631.48 qps: 12707.51 (r/w/o: 8644.86/2751.73/1310.92) lat (ms,95%): 2362.72 err/s: 0.00 reconn/s: 0.00
[ 26s ] thds: 1024 tps: 804.79 qps: 14968.71 (r/w/o: 10565.38/2780.73/1622.59) lat (ms,95%): 2449.36 err/s: 0.00 reconn/s: 0.00
[ 27s ] thds: 1024 tps: 620.96 qps: 13350.03 (r/w/o: 9459.32/2574.81/1315.90) lat (ms,95%): 2493.86 err/s: 0.00 reconn/s: 0.00
[ 28s ] thds: 1024 tps: 511.53 qps: 9085.70 (r/w/o: 6120.41/1908.26/1057.03) lat (ms,95%): 2493.86 err/s: 0.00 reconn/s: 0.00
[ 29s ] thds: 1024 tps: 402.28 qps: 9058.40 (r/w/o: 6452.56/1778.26/827.59) lat (ms,95%): 2539.17 err/s: 0.00 reconn/s: 0.00
[ 30s ] thds: 1024 tps: 413.14 qps: 8409.84 (r/w/o: 5836.97/1715.58/857.29) lat (ms,95%): 3040.14 err/s: 0.00 reconn/s: 0.00
[ 31s ] thds: 1024 tps: 459.83 qps: 8170.06 (r/w/o: 5676.96/1548.44/944.66) lat (ms,95%): 3639.94 err/s: 0.00 reconn/s: 0.00
[ 32s ] thds: 1024 tps: 364.09 qps: 8737.28 (r/w/o: 6210.62/1768.46/758.20) lat (ms,95%): 4203.93 err/s: 0.00 reconn/s: 0.00
[ 33s ] thds: 1024 tps: 434.97 qps: 7029.58 (r/w/o: 4818.71/1325.92/884.95) lat (ms,95%): 4517.90 err/s: 0.00 reconn/s: 0.00
[ 34s ] thds: 1024 tps: 388.94 qps: 8512.65 (r/w/o: 6051.04/1663.74/797.87) lat (ms,95%): 5813.24 err/s: 0.00 reconn/s: 0.00
[ 35s ] thds: 1024 tps: 386.07 qps: 6731.25 (r/w/o: 4612.85/1321.24/797.15) lat (ms,95%): 2320.55 err/s: 0.00 reconn/s: 0.00
[ 36s ] thds: 1024 tps: 371.96 qps: 9167.93 (r/w/o: 6579.23/1817.79/770.91) lat (ms,95%): 6960.17 err/s: 0.00 reconn/s: 0.00
[ 37s ] thds: 1024 tps: 459.07 qps: 7825.20 (r/w/o: 5222.80/1656.25/946.15) lat (ms,95%): 6594.16 err/s: 0.00 reconn/s: 0.00
[ 38s ] thds: 1024 tps: 364.87 qps: 8471.96 (r/w/o: 6126.80/1601.43/743.73) lat (ms,95%): 6247.39 err/s: 0.00 reconn/s: 0.00
[ 39s ] thds: 1024 tps: 451.98 qps: 8020.69 (r/w/o: 5405.79/1671.93/942.96) lat (ms,95%): 4517.90 err/s: 0.00 reconn/s: 0.00
[ 40s ] thds: 1024 tps: 366.07 qps: 8869.69 (r/w/o: 6774.29/1342.26/753.14) lat (ms,95%): 3639.94 err/s: 0.00 reconn/s: 0.00
[ 41s ] thds: 1024 tps: 460.85 qps: 7174.62 (r/w/o: 4387.55/1836.39/950.68) lat (ms,95%): 3639.94 err/s: 0.00 reconn/s: 0.00
[ 42s ] thds: 1024 tps: 369.14 qps: 7951.96 (r/w/o: 5865.18/1332.50/754.28) lat (ms,95%): 3448.53 err/s: 0.00 reconn/s: 0.00
[ 43s ] thds: 1024 tps: 359.05 qps: 7978.08 (r/w/o: 5347.72/1883.25/747.10) lat (ms,95%): 3386.99 err/s: 0.00 reconn/s: 0.00
[ 44s ] thds: 1024 tps: 358.02 qps: 6900.36 (r/w/o: 5232.27/939.05/729.04) lat (ms,95%): 3841.98 err/s: 0.00 reconn/s: 0.00
[ 45s ] thds: 1024 tps: 338.92 qps: 7629.20 (r/w/o: 5186.77/1737.59/704.83) lat (ms,95%): 4517.90 err/s: 0.00 reconn/s: 0.00
[ 46s ] thds: 1024 tps: 399.97 qps: 5873.51 (r/w/o: 3811.68/1246.90/814.93) lat (ms,95%): 4855.31 err/s: 0.00 reconn/s: 0.00
[ 47s ] thds: 1024 tps: 371.00 qps: 8939.89 (r/w/o: 6583.92/1588.98/766.99) lat (ms,95%): 5409.26 err/s: 0.00 reconn/s: 0.00
[ 48s ] thds: 1024 tps: 396.97 qps: 7723.32 (r/w/o: 5346.53/1563.86/812.93) lat (ms,95%): 5607.61 err/s: 0.00 reconn/s: 0.00
[ 49s ] thds: 1024 tps: 387.06 qps: 8160.20 (r/w/o: 5708.84/1666.25/785.12) lat (ms,95%): 5709.50 err/s: 0.00 reconn/s: 0.00
[ 50s ] thds: 1024 tps: 425.12 qps: 6259.78 (r/w/o: 3990.13/1381.39/888.25) lat (ms,95%): 4599.99 err/s: 0.00 reconn/s: 0.00
[ 51s ] thds: 1024 tps: 404.97 qps: 10156.36 (r/w/o: 7722.51/1603.90/829.95) lat (ms,95%): 3639.94 err/s: 0.00 reconn/s: 0.00
[ 52s ] thds: 1024 tps: 300.90 qps: 7124.63 (r/w/o: 5197.27/1305.57/621.79) lat (ms,95%): 3326.55 err/s: 0.00 reconn/s: 0.00
[ 53s ] thds: 1024 tps: 547.17 qps: 8000.43 (r/w/o: 4689.42/2241.68/1069.32) lat (ms,95%): 3574.99 err/s: 0.00 reconn/s: 0.00
[ 54s ] thds: 1024 tps: 388.94 qps: 9189.69 (r/w/o: 6931.01/1380.80/877.88) lat (ms,95%): 2932.60 err/s: 0.00 reconn/s: 0.00
[ 55s ] thds: 1024 tps: 311.95 qps: 7178.90 (r/w/o: 5175.21/1362.79/640.90) lat (ms,95%): 2632.28 err/s: 0.00 reconn/s: 0.00
[ 56s ] thds: 1024 tps: 340.00 qps: 7215.07 (r/w/o: 4851.04/1653.02/711.01) lat (ms,95%): 3386.99 err/s: 0.00 reconn/s: 0.00
[ 57s ] thds: 1024 tps: 411.00 qps: 4847.05 (r/w/o: 2705.03/1309.01/833.01) lat (ms,95%): 3911.79 err/s: 0.00 reconn/s: 0.00
[ 58s ] thds: 1024 tps: 280.01 qps: 7057.18 (r/w/o: 5725.15/765.02/567.01) lat (ms,95%): 4599.99 err/s: 0.00 reconn/s: 0.00
[ 59s ] thds: 1024 tps: 350.92 qps: 10331.54 (r/w/o: 7674.17/1917.54/739.82) lat (ms,95%): 4768.67 err/s: 0.00 reconn/s: 0.00
[ 60s ] thds: 1024 tps: 525.07 qps: 6650.92 (r/w/o: 3485.48/2118.29/1047.15) lat (ms,95%): 3982.86 err/s: 0.00 reconn/s: 0.00
[ 61s ] thds: 1024 tps: 443.14 qps: 10440.40 (r/w/o: 8332.71/1164.38/943.31) lat (ms,95%): 3511.19 err/s: 0.00 reconn/s: 0.00
[ 62s ] thds: 1024 tps: 375.93 qps: 7803.52 (r/w/o: 4873.08/2139.59/790.85) lat (ms,95%): 2680.11 err/s: 0.00 reconn/s: 0.00
[ 63s ] thds: 1024 tps: 445.05 qps: 5774.71 (r/w/o: 3712.46/1158.14/904.11) lat (ms,95%): 2985.89 err/s: 0.00 reconn/s: 0.00
[ 64s ] thds: 1024 tps: 274.00 qps: 10427.87 (r/w/o: 8109.90/1753.98/563.99) lat (ms,95%): 3151.62 err/s: 0.00 reconn/s: 0.00
[ 65s ] thds: 1024 tps: 514.92 qps: 5723.12 (r/w/o: 3212.51/1455.78/1054.84) lat (ms,95%): 3208.88 err/s: 0.00 reconn/s: 0.00
[ 66s ] thds: 1024 tps: 281.04 qps: 10040.29 (r/w/o: 7529.97/1922.25/588.08) lat (ms,95%): 3448.53 err/s: 0.00 reconn/s: 0.00
[ 67s ] thds: 1024 tps: 510.90 qps: 5229.95 (r/w/o: 3098.38/1092.78/1038.79) lat (ms,95%): 3511.19 err/s: 0.00 reconn/s: 0.00
[ 68s ] thds: 1024 tps: 283.07 qps: 11293.62 (r/w/o: 8884.06/1824.42/585.14) lat (ms,95%): 3706.08 err/s: 0.00 reconn/s: 0.00
[ 69s ] thds: 1024 tps: 552.98 qps: 5654.83 (r/w/o: 2827.91/1694.95/1131.97) lat (ms,95%): 3574.99 err/s: 0.00 reconn/s: 0.00
[ 70s ] thds: 1024 tps: 309.00 qps: 10596.91 (r/w/o: 8634.93/1322.99/638.99) lat (ms,95%): 3574.99 err/s: 0.00 reconn/s: 0.00
[ 71s ] thds: 1024 tps: 455.08 qps: 6650.14 (r/w/o: 3872.67/1835.32/942.16) lat (ms,95%): 3639.94 err/s: 0.00 reconn/s: 0.00
[ 72s ] thds: 1024 tps: 348.83 qps: 7903.07 (r/w/o: 5955.04/1230.39/717.64) lat (ms,95%): 3639.94 err/s: 0.00 reconn/s: 0.00
[ 73s ] thds: 1024 tps: 445.09 qps: 7372.49 (r/w/o: 4772.97/1682.34/917.19) lat (ms,95%): 3639.94 err/s: 0.00 reconn/s: 0.00
[ 74s ] thds: 1024 tps: 327.98 qps: 9246.33 (r/w/o: 7362.47/1212.91/670.95) lat (ms,95%): 3911.79 err/s: 0.00 reconn/s: 0.00
[ 75s ] thds: 1024 tps: 440.92 qps: 7216.68 (r/w/o: 3968.27/2324.57/923.83) lat (ms,95%): 4128.91 err/s: 0.00 reconn/s: 0.00
[ 76s ] thds: 1024 tps: 402.03 qps: 7052.51 (r/w/o: 5273.38/963.07/816.06) lat (ms,95%): 4280.32 err/s: 0.00 reconn/s: 0.00
[ 77s ] thds: 1024 tps: 406.97 qps: 8291.46 (r/w/o: 5559.64/1891.88/839.95) lat (ms,95%): 4517.90 err/s: 0.00 reconn/s: 0.00
[ 78s ] thds: 1024 tps: 385.12 qps: 8516.64 (r/w/o: 6417.99/1297.40/801.25) lat (ms,95%): 4517.90 err/s: 0.00 reconn/s: 0.00
[ 79s ] thds: 1024 tps: 415.95 qps: 8870.00 (r/w/o: 5740.35/2272.74/856.90) lat (ms,95%): 4055.23 err/s: 0.00 reconn/s: 0.00
[ 80s ] thds: 1024 tps: 433.17 qps: 5581.20 (r/w/o: 3770.49/934.37/876.35) lat (ms,95%): 3448.53 err/s: 0.00 reconn/s: 0.00
[ 81s ] thds: 1024 tps: 236.98 qps: 10584.03 (r/w/o: 8267.24/1801.83/514.95) lat (ms,95%): 3267.19 err/s: 0.00 reconn/s: 0.00
[ 82s ] thds: 1024 tps: 505.95 qps: 5210.47 (r/w/o: 2709.73/1459.85/1040.89) lat (ms,95%): 3574.99 err/s: 0.00 reconn/s: 0.00
[ 83s ] thds: 1024 tps: 334.01 qps: 9053.36 (r/w/o: 6969.27/1388.05/696.03) lat (ms,95%): 3982.86 err/s: 0.00 reconn/s: 0.00
[ 84s ] thds: 1024 tps: 476.95 qps: 7624.20 (r/w/o: 5108.46/1531.84/983.90) lat (ms,95%): 4280.32 err/s: 0.00 reconn/s: 0.00
[ 85s ] thds: 1024 tps: 320.95 qps: 9603.63 (r/w/o: 7343.95/1593.77/665.91) lat (ms,95%): 4599.99 err/s: 0.00 reconn/s: 0.00
[ 86s ] thds: 1024 tps: 491.86 qps: 6807.09 (r/w/o: 3678.97/2106.41/1021.71) lat (ms,95%): 4768.67 err/s: 0.00 reconn/s: 0.00
[ 87s ] thds: 1024 tps: 405.11 qps: 9050.45 (r/w/o: 7117.92/1110.30/822.22) lat (ms,95%): 4943.53 err/s: 0.00 reconn/s: 0.00
[ 88s ] thds: 1024 tps: 510.94 qps: 10467.79 (r/w/o: 6921.20/2469.71/1076.88) lat (ms,95%): 4768.67 err/s: 0.00 reconn/s: 0.00
[ 89s ] thds: 1024 tps: 494.10 qps: 8527.68 (r/w/o: 5800.14/1708.34/1019.20) lat (ms,95%): 3911.79 err/s: 0.00 reconn/s: 0.00
[ 90s ] thds: 1024 tps: 390.96 qps: 9391.06 (r/w/o: 6862.31/1715.83/812.92) lat (ms,95%): 3574.99 err/s: 0.00 reconn/s: 0.00
[ 91s ] thds: 1024 tps: 381.94 qps: 6390.96 (r/w/o: 4392.28/1224.80/773.87) lat (ms,95%): 3208.88 err/s: 0.00 reconn/s: 0.00
[ 92s ] thds: 1024 tps: 374.22 qps: 9546.59 (r/w/o: 6676.91/2081.22/788.46) lat (ms,95%): 3386.99 err/s: 0.00 reconn/s: 0.00
[ 93s ] thds: 1024 tps: 603.01 qps: 7800.07 (r/w/o: 4928.05/1645.02/1227.01) lat (ms,95%): 3639.94 err/s: 0.00 reconn/s: 0.00
[ 94s ] thds: 1024 tps: 355.79 qps: 11658.99 (r/w/o: 9570.25/1345.19/743.55) lat (ms,95%): 3982.86 err/s: 0.00 reconn/s: 0.00
[ 95s ] thds: 1024 tps: 496.95 qps: 9683.05 (r/w/o: 6031.41/2609.74/1041.90) lat (ms,95%): 4358.09 err/s: 0.00 reconn/s: 0.00
[ 96s ] thds: 1024 tps: 575.01 qps: 8059.15 (r/w/o: 5015.09/1862.03/1182.02) lat (ms,95%): 4280.32 err/s: 0.00 reconn/s: 0.00
[ 97s ] thds: 1024 tps: 435.20 qps: 9462.37 (r/w/o: 7199.32/1370.63/892.41) lat (ms,95%): 4055.23 err/s: 0.00 reconn/s: 0.00
[ 98s ] thds: 1024 tps: 446.11 qps: 12375.99 (r/w/o: 9035.18/2408.58/932.22) lat (ms,95%): 3706.08 err/s: 0.00 reconn/s: 0.00
[ 99s ] thds: 1024 tps: 510.99 qps: 7726.80 (r/w/o: 4773.87/1896.95/1055.97) lat (ms,95%): 3773.42 err/s: 0.00 reconn/s: 0.00
[ 100s ] thds: 1024 tps: 439.99 qps: 7825.87 (r/w/o: 5573.91/1339.98/911.98) lat (ms,95%): 3841.98 err/s: 0.00 reconn/s: 0.00
[ 101s ] thds: 1024 tps: 417.72 qps: 10249.20 (r/w/o: 7350.13/2027.66/871.42) lat (ms,95%): 3911.79 err/s: 0.00 reconn/s: 0.00
[ 102s ] thds: 1024 tps: 440.21 qps: 8829.19 (r/w/o: 6138.91/1775.84/914.43) lat (ms,95%): 3574.99 err/s: 0.00 reconn/s: 0.00
[ 103s ] thds: 1024 tps: 482.95 qps: 7607.20 (r/w/o: 4869.49/1742.82/994.90) lat (ms,95%): 3706.08 err/s: 0.00 reconn/s: 0.00
[ 104s ] thds: 1024 tps: 426.13 qps: 8601.71 (r/w/o: 6470.04/1261.40/870.27) lat (ms,95%): 3773.42 err/s: 0.00 reconn/s: 0.00
[ 105s ] thds: 1024 tps: 411.86 qps: 11651.11 (r/w/o: 8797.06/1994.33/859.71) lat (ms,95%): 2985.89 err/s: 0.00 reconn/s: 0.00
[ 106s ] thds: 1024 tps: 521.99 qps: 7985.81 (r/w/o: 4675.89/2226.95/1082.97) lat (ms,95%): 4683.57 err/s: 0.00 reconn/s: 0.00
[ 107s ] thds: 1024 tps: 478.00 qps: 11252.10 (r/w/o: 8408.07/1864.02/980.01) lat (ms,95%): 4943.53 err/s: 0.00 reconn/s: 0.00
[ 108s ] thds: 1024 tps: 469.95 qps: 7344.24 (r/w/o: 4549.53/1820.81/973.90) lat (ms,95%): 5033.35 err/s: 0.00 reconn/s: 0.00
[ 109s ] thds: 1024 tps: 526.99 qps: 10872.73 (r/w/o: 7938.80/1851.95/1081.97) lat (ms,95%): 5033.35 err/s: 0.00 reconn/s: 0.00
[ 110s ] thds: 1024 tps: 496.95 qps: 10452.01 (r/w/o: 7215.31/2234.79/1001.90) lat (ms,95%): 4599.99 err/s: 0.00 reconn/s: 0.00
[ 111s ] thds: 1024 tps: 516.10 qps: 7691.50 (r/w/o: 5089.99/1538.30/1063.21) lat (ms,95%): 4943.53 err/s: 0.00 reconn/s: 0.00
[ 112s ] thds: 1024 tps: 592.86 qps: 14162.66 (r/w/o: 10715.47/2214.48/1232.71) lat (ms,95%): 5409.26 err/s: 0.00 reconn/s: 0.00
[ 113s ] thds: 1024 tps: 546.19 qps: 12628.32 (r/w/o: 8608.94/2863.98/1155.39) lat (ms,95%): 5813.24 err/s: 0.00 reconn/s: 0.00
[ 114s ] thds: 1024 tps: 491.04 qps: 8916.66 (r/w/o: 6014.45/1878.14/1024.08) lat (ms,95%): 6026.41 err/s: 0.00 reconn/s: 0.00
[ 115s ] thds: 1024 tps: 553.86 qps: 9511.64 (r/w/o: 6689.34/1690.58/1131.72) lat (ms,95%): 6026.41 err/s: 0.00 reconn/s: 0.00
[ 116s ] thds: 1024 tps: 440.04 qps: 10919.92 (r/w/o: 8311.70/1692.14/916.08) lat (ms,95%): 5709.50 err/s: 0.00 reconn/s: 0.00
[ 117s ] thds: 1024 tps: 504.91 qps: 9725.34 (r/w/o: 6301.92/2369.60/1053.82) lat (ms,95%): 5033.35 err/s: 0.00 reconn/s: 0.00
[ 118s ] thds: 1024 tps: 506.91 qps: 8456.57 (r/w/o: 5730.03/1695.71/1030.83) lat (ms,95%): 4855.31 err/s: 0.00 reconn/s: 0.00
[ 119s ] thds: 1024 tps: 470.12 qps: 9476.33 (r/w/o: 6641.63/1867.46/967.24) lat (ms,95%): 4683.57 err/s: 0.00 reconn/s: 0.00
[ 120s ] thds: 1024 tps: 458.98 qps: 10188.66 (r/w/o: 7584.75/1654.95/948.97) lat (ms,95%): 4683.57 err/s: 0.00 reconn/s: 0.00
[ 121s ] thds: 1024 tps: 397.88 qps: 9862.07 (r/w/o: 7049.91/1979.41/832.75) lat (ms,95%): 4768.67 err/s: 0.00 reconn/s: 0.00
[ 122s ] thds: 1024 tps: 599.18 qps: 9770.96 (r/w/o: 6124.86/2397.73/1248.38) lat (ms,95%): 5033.35 err/s: 0.00 reconn/s: 0.00
[ 123s ] thds: 1024 tps: 458.97 qps: 7319.57 (r/w/o: 4911.71/1463.91/943.95) lat (ms,95%): 5124.81 err/s: 0.00 reconn/s: 0.00
[ 124s ] thds: 1024 tps: 343.10 qps: 7730.27 (r/w/o: 5764.69/1257.37/708.21) lat (ms,95%): 4855.31 err/s: 0.00 reconn/s: 0.00
[ 125s ] thds: 1024 tps: 341.08 qps: 8143.02 (r/w/o: 5907.47/1525.38/710.18) lat (ms,95%): 5607.61 err/s: 0.00 reconn/s: 0.00
[ 126s ] thds: 1024 tps: 438.00 qps: 7288.03 (r/w/o: 4648.02/1732.01/908.00) lat (ms,95%): 6476.48 err/s: 0.00 reconn/s: 0.00
[ 127s ] thds: 1024 tps: 413.85 qps: 7212.34 (r/w/o: 5052.14/1311.52/848.69) lat (ms,95%): 6835.96 err/s: 0.00 reconn/s: 0.00
[ 128s ] thds: 1024 tps: 329.12 qps: 8662.22 (r/w/o: 6658.48/1323.49/680.25) lat (ms,95%): 3841.98 err/s: 0.00 reconn/s: 0.00
[ 129s ] thds: 1024 tps: 348.92 qps: 7519.32 (r/w/o: 5157.85/1645.63/715.84) lat (ms,95%): 3706.08 err/s: 0.00 reconn/s: 0.00
[ 130s ] thds: 1024 tps: 505.81 qps: 9073.51 (r/w/o: 6109.65/1926.26/1037.60) lat (ms,95%): 9284.15 err/s: 0.00 reconn/s: 0.00
[ 131s ] thds: 1024 tps: 753.95 qps: 15458.96 (r/w/o: 10943.26/2990.80/1524.90) lat (ms,95%): 9799.46 err/s: 0.00 reconn/s: 0.00
[ 132s ] thds: 1024 tps: 494.30 qps: 11792.19 (r/w/o: 8801.36/1960.19/1030.63) lat (ms,95%): 10722.67 err/s: 0.00 reconn/s: 0.00
[ 133s ] thds: 1024 tps: 538.71 qps: 10037.62 (r/w/o: 6591.47/2326.75/1119.40) lat (ms,95%): 11115.87 err/s: 0.00 reconn/s: 0.00
[ 134s ] thds: 1024 tps: 549.11 qps: 9053.75 (r/w/o: 5859.14/2052.40/1142.22) lat (ms,95%): 11317.84 err/s: 0.00 reconn/s: 0.00
[ 135s ] thds: 1024 tps: 566.23 qps: 11845.76 (r/w/o: 8649.48/2021.81/1174.47) lat (ms,95%): 11115.87 err/s: 0.00 reconn/s: 0.00
[ 136s ] thds: 1024 tps: 430.70 qps: 9813.08 (r/w/o: 7221.91/1701.80/889.37) lat (ms,95%): 5124.81 err/s: 0.00 reconn/s: 0.00
[ 137s ] thds: 1024 tps: 439.09 qps: 8631.78 (r/w/o: 5878.21/1842.38/911.19) lat (ms,95%): 4517.90 err/s: 0.00 reconn/s: 0.00
[ 138s ] thds: 1024 tps: 430.97 qps: 8093.37 (r/w/o: 5576.57/1627.87/888.93) lat (ms,95%): 4280.32 err/s: 0.00 reconn/s: 0.00
[ 139s ] thds: 1024 tps: 422.04 qps: 8807.86 (r/w/o: 6234.61/1699.17/874.09) lat (ms,95%): 5507.54 err/s: 0.00 reconn/s: 0.00
[ 140s ] thds: 1024 tps: 392.09 qps: 8830.97 (r/w/o: 6362.42/1667.37/801.18) lat (ms,95%): 6135.91 err/s: 0.00 reconn/s: 0.00
[ 141s ] thds: 1024 tps: 432.88 qps: 7705.91 (r/w/o: 4995.64/1802.51/907.75) lat (ms,95%): 4280.32 err/s: 0.00 reconn/s: 0.00
[ 142s ] thds: 1024 tps: 414.98 qps: 7142.72 (r/w/o: 4773.81/1521.94/846.97) lat (ms,95%): 7346.49 err/s: 0.00 reconn/s: 0.00
[ 143s ] thds: 1024 tps: 394.22 qps: 8223.62 (r/w/o: 6014.38/1400.79/808.45) lat (ms,95%): 8038.61 err/s: 0.00 reconn/s: 0.00
[ 144s ] thds: 1024 tps: 388.80 qps: 8746.54 (r/w/o: 6417.73/1523.22/805.59) lat (ms,95%): 4517.90 err/s: 0.00 reconn/s: 0.00
[ 145s ] thds: 1024 tps: 420.06 qps: 8061.16 (r/w/o: 5425.78/1758.25/877.13) lat (ms,95%): 9452.83 err/s: 0.00 reconn/s: 0.00
[ 146s ] thds: 1024 tps: 406.01 qps: 7209.24 (r/w/o: 4877.16/1491.05/841.03) lat (ms,95%): 9624.59 err/s: 0.00 reconn/s: 0.00
[ 147s ] thds: 1024 tps: 375.95 qps: 8037.98 (r/w/o: 5884.25/1383.82/769.90) lat (ms,95%): 9284.15 err/s: 0.00 reconn/s: 0.00
[ 148s ] thds: 1024 tps: 370.97 qps: 8500.24 (r/w/o: 6187.45/1541.86/770.93) lat (ms,95%): 8795.93 err/s: 0.00 reconn/s: 0.00
[ 149s ] thds: 1024 tps: 419.22 qps: 8113.23 (r/w/o: 5486.86/1749.91/876.46) lat (ms,95%): 9118.47 err/s: 0.00 reconn/s: 0.00
[ 150s ] thds: 1024 tps: 433.85 qps: 7623.28 (r/w/o: 5087.19/1643.41/892.68) lat (ms,95%): 6476.48 err/s: 0.00 reconn/s: 0.00
[ 151s ] thds: 1024 tps: 368.98 qps: 8432.65 (r/w/o: 6190.74/1476.94/764.97) lat (ms,95%): 5918.87 err/s: 0.00 reconn/s: 0.00
[ 152s ] thds: 1024 tps: 373.01 qps: 6893.13 (r/w/o: 4620.09/1503.03/770.01) lat (ms,95%): 6360.91 err/s: 0.00 reconn/s: 0.00
[ 153s ] thds: 1024 tps: 390.94 qps: 7059.87 (r/w/o: 4844.23/1403.78/811.87) lat (ms,95%): 6476.48 err/s: 0.00 reconn/s: 0.00
[ 154s ] thds: 1024 tps: 375.21 qps: 8517.85 (r/w/o: 6264.56/1474.84/778.44) lat (ms,95%): 6247.39 err/s: 0.00 reconn/s: 0.00
[ 155s ] thds: 1024 tps: 372.90 qps: 8451.65 (r/w/o: 6119.30/1566.56/765.79) lat (ms,95%): 6135.91 err/s: 0.00 reconn/s: 0.00
[ 156s ] thds: 1024 tps: 380.89 qps: 7227.96 (r/w/o: 4769.66/1667.53/790.78) lat (ms,95%): 5918.87 err/s: 0.00 reconn/s: 0.00
[ 157s ] thds: 1024 tps: 420.09 qps: 7763.75 (r/w/o: 5330.20/1568.35/865.20) lat (ms,95%): 6960.17 err/s: 0.00 reconn/s: 0.00
[ 158s ] thds: 1024 tps: 406.87 qps: 7876.53 (r/w/o: 5542.26/1497.53/836.74) lat (ms,95%): 7754.26 err/s: 0.00 reconn/s: 0.00
[ 159s ] thds: 1024 tps: 410.01 qps: 8515.19 (r/w/o: 6003.13/1656.04/856.02) lat (ms,95%): 8484.79 err/s: 0.00 reconn/s: 0.00
[ 160s ] thds: 1024 tps: 447.09 qps: 7978.57 (r/w/o: 5388.06/1667.33/923.18) lat (ms,95%): 8333.38 err/s: 0.00 reconn/s: 0.00
[ 161s ] thds: 1024 tps: 367.16 qps: 8268.55 (r/w/o: 5979.57/1532.66/756.32) lat (ms,95%): 7615.89 err/s: 0.00 reconn/s: 0.00
[ 162s ] thds: 1024 tps: 358.79 qps: 7059.82 (r/w/o: 4855.13/1461.13/743.56) lat (ms,95%): 6835.96 err/s: 0.00 reconn/s: 0.00
[ 163s ] thds: 1024 tps: 387.23 qps: 7338.29 (r/w/o: 5127.00/1418.83/792.46) lat (ms,95%): 5409.26 err/s: 0.00 reconn/s: 0.00
[ 164s ] thds: 1024 tps: 383.79 qps: 8039.65 (r/w/o: 5875.82/1366.26/797.57) lat (ms,95%): 5124.81 err/s: 0.00 reconn/s: 0.00
[ 165s ] thds: 1024 tps: 378.99 qps: 8231.72 (r/w/o: 5740.80/1695.94/794.97) lat (ms,95%): 5709.50 err/s: 0.00 reconn/s: 0.00
[ 166s ] thds: 1024 tps: 393.21 qps: 7352.99 (r/w/o: 4896.66/1642.89/813.44) lat (ms,95%): 6247.39 err/s: 0.00 reconn/s: 0.00
[ 167s ] thds: 1024 tps: 395.02 qps: 6852.33 (r/w/o: 4696.23/1340.06/816.04) lat (ms,95%): 6594.16 err/s: 0.00 reconn/s: 0.00
[ 168s ] thds: 1024 tps: 375.76 qps: 8700.45 (r/w/o: 6494.85/1436.08/769.51) lat (ms,95%): 6476.48 err/s: 0.00 reconn/s: 0.00
[ 169s ] thds: 1024 tps: 413.96 qps: 8697.19 (r/w/o: 6015.44/1822.83/858.92) lat (ms,95%): 5312.73 err/s: 0.00 reconn/s: 0.00
[ 170s ] thds: 1024 tps: 465.35 qps: 8394.32 (r/w/o: 5595.22/1840.39/958.72) lat (ms,95%): 4437.27 err/s: 0.00 reconn/s: 0.00
[ 171s ] thds: 1024 tps: 367.99 qps: 6880.75 (r/w/o: 4786.83/1326.95/766.97) lat (ms,95%): 3911.79 err/s: 0.00 reconn/s: 0.00
[ 172s ] thds: 1024 tps: 337.82 qps: 7454.94 (r/w/o: 5362.08/1398.24/694.62) lat (ms,95%): 4943.53 err/s: 0.00 reconn/s: 0.00
[ 173s ] thds: 1024 tps: 465.06 qps: 8574.05 (r/w/o: 5740.71/1879.23/954.12) lat (ms,95%): 5033.35 err/s: 0.00 reconn/s: 0.00
[ 174s ] thds: 1024 tps: 388.95 qps: 7827.00 (r/w/o: 5560.29/1470.81/795.90) lat (ms,95%): 4599.99 err/s: 0.00 reconn/s: 0.00
[ 175s ] thds: 1024 tps: 347.00 qps: 7026.01 (r/w/o: 5129.01/1174.00/723.00) lat (ms,95%): 4280.32 err/s: 0.00 reconn/s: 0.00
[ 176s ] thds: 1024 tps: 331.16 qps: 8780.29 (r/w/o: 6490.17/1612.79/677.33) lat (ms,95%): 4943.53 err/s: 0.00 reconn/s: 0.00
[ 177s ] thds: 1024 tps: 480.84 qps: 7171.58 (r/w/o: 4407.51/1743.41/1020.66) lat (ms,95%): 4280.32 err/s: 0.00 reconn/s: 0.00
[ 178s ] thds: 1024 tps: 424.93 qps: 8374.58 (r/w/o: 5966.99/1528.74/878.85) lat (ms,95%): 9118.47 err/s: 0.00 reconn/s: 0.00
[ 179s ] thds: 1024 tps: 340.19 qps: 8083.50 (r/w/o: 6084.39/1294.72/704.39) lat (ms,95%): 9452.83 err/s: 0.00 reconn/s: 0.00
[ 180s ] thds: 1024 tps: 400.75 qps: 8899.53 (r/w/o: 5953.34/2102.71/843.48) lat (ms,95%): 4437.27 err/s: 0.00 reconn/s: 0.00
[ 181s ] thds: 1024 tps: 430.10 qps: 6039.42 (r/w/o: 3873.91/1280.30/885.21) lat (ms,95%): 3911.79 err/s: 0.00 reconn/s: 0.00
[ 182s ] thds: 1024 tps: 367.89 qps: 8066.53 (r/w/o: 6053.15/1256.62/756.77) lat (ms,95%): 3841.98 err/s: 0.00 reconn/s: 0.00
[ 183s ] thds: 1024 tps: 341.04 qps: 9379.15 (r/w/o: 7067.86/1596.20/715.09) lat (ms,95%): 3706.08 err/s: 0.00 reconn/s: 0.00
[ 184s ] thds: 1024 tps: 449.22 qps: 6790.34 (r/w/o: 3956.95/1899.94/933.46) lat (ms,95%): 3639.94 err/s: 0.00 reconn/s: 0.00
[ 185s ] thds: 1024 tps: 369.87 qps: 6557.76 (r/w/o: 4508.46/1283.56/765.74) lat (ms,95%): 3639.94 err/s: 0.00 reconn/s: 0.00
[ 186s ] thds: 1024 tps: 351.01 qps: 8675.21 (r/w/o: 6677.16/1270.03/728.02) lat (ms,95%): 3706.08 err/s: 0.00 reconn/s: 0.00
[ 187s ] thds: 1024 tps: 680.29 qps: 15169.45 (r/w/o: 10554.49/3214.37/1400.60) lat (ms,95%): 13797.01 err/s: 0.00 reconn/s: 0.00
[ 188s ] thds: 1024 tps: 857.48 qps: 14050.45 (r/w/o: 9246.38/3060.14/1743.94) lat (ms,95%): 10158.80 err/s: 0.00 reconn/s: 0.00
[ 189s ] thds: 1024 tps: 640.37 qps: 12313.19 (r/w/o: 8647.05/2320.36/1345.79) lat (ms,95%): 3911.79 err/s: 0.00 reconn/s: 0.00
[ 190s ] thds: 1024 tps: 410.00 qps: 11270.04 (r/w/o: 8659.03/1769.01/842.00) lat (ms,95%): 3911.79 err/s: 0.00 reconn/s: 0.00
[ 191s ] thds: 1024 tps: 533.99 qps: 10925.87 (r/w/o: 7399.91/2411.97/1113.99) lat (ms,95%): 3911.79 err/s: 0.00 reconn/s: 0.00
[ 192s ] thds: 1024 tps: 574.73 qps: 8168.12 (r/w/o: 5050.60/1933.08/1184.44) lat (ms,95%): 3982.86 err/s: 0.00 reconn/s: 0.00
[ 193s ] thds: 1024 tps: 387.95 qps: 8118.90 (r/w/o: 5954.19/1366.81/797.89) lat (ms,95%): 4203.93 err/s: 0.00 reconn/s: 0.00
[ 194s ] thds: 1024 tps: 365.86 qps: 9511.45 (r/w/o: 7158.33/1592.41/760.72) lat (ms,95%): 4358.09 err/s: 0.00 reconn/s: 0.00
[ 195s ] thds: 1024 tps: 427.17 qps: 8209.35 (r/w/o: 5666.31/1656.68/886.36) lat (ms,95%): 4599.99 err/s: 0.00 reconn/s: 0.00
[ 196s ] thds: 1024 tps: 401.06 qps: 7489.10 (r/w/o: 4821.71/1831.27/836.12) lat (ms,95%): 4768.67 err/s: 0.00 reconn/s: 0.00
[ 197s ] thds: 1024 tps: 412.95 qps: 8642.98 (r/w/o: 6413.25/1376.84/852.90) lat (ms,95%): 5124.81 err/s: 0.00 reconn/s: 0.00
[ 198s ] thds: 1024 tps: 443.23 qps: 6777.57 (r/w/o: 4202.22/1667.88/907.48) lat (ms,95%): 5124.81 err/s: 0.00 reconn/s: 0.00
[ 199s ] thds: 1024 tps: 392.88 qps: 7773.72 (r/w/o: 5525.38/1429.58/818.76) lat (ms,95%): 5312.73 err/s: 0.00 reconn/s: 0.00
[ 200s ] thds: 1024 tps: 332.12 qps: 9701.36 (r/w/o: 7690.66/1326.46/684.24) lat (ms,95%): 5607.61 err/s: 0.00 reconn/s: 0.00
[ 201s ] thds: 1024 tps: 397.99 qps: 8292.78 (r/w/o: 5410.86/2059.95/821.98) lat (ms,95%): 4768.67 err/s: 0.00 reconn/s: 0.00
[ 202s ] thds: 1024 tps: 438.00 qps: 6425.03 (r/w/o: 4026.02/1496.01/903.00) lat (ms,95%): 6476.48 err/s: 0.00 reconn/s: 0.00
[ 203s ] thds: 1024 tps: 381.78 qps: 7632.68 (r/w/o: 5451.92/1399.21/781.56) lat (ms,95%): 6960.17 err/s: 0.00 reconn/s: 0.00
[ 204s ] thds: 1024 tps: 373.21 qps: 9197.23 (r/w/o: 6885.91/1537.87/773.44) lat (ms,95%): 7086.63 err/s: 0.00 reconn/s: 0.00
[ 205s ] thds: 1024 tps: 407.73 qps: 7252.26 (r/w/o: 4596.99/1801.82/853.44) lat (ms,95%): 7215.39 err/s: 0.00 reconn/s: 0.00
[ 206s ] thds: 1024 tps: 434.10 qps: 6765.57 (r/w/o: 4543.05/1335.31/887.21) lat (ms,95%): 7346.49 err/s: 0.00 reconn/s: 0.00
[ 207s ] thds: 1024 tps: 371.13 qps: 9610.35 (r/w/o: 7403.58/1442.50/764.27) lat (ms,95%): 7215.39 err/s: 0.00 reconn/s: 0.00
[ 208s ] thds: 1024 tps: 393.82 qps: 8587.17 (r/w/o: 5714.45/2062.08/810.64) lat (ms,95%): 5918.87 err/s: 0.00 reconn/s: 0.00
[ 209s ] thds: 1024 tps: 421.22 qps: 6765.59 (r/w/o: 4643.46/1263.67/858.46) lat (ms,95%): 5033.35 err/s: 0.00 reconn/s: 0.00
[ 210s ] thds: 1024 tps: 374.99 qps: 7567.71 (r/w/o: 5384.80/1411.95/770.97) lat (ms,95%): 4768.67 err/s: 0.00 reconn/s: 0.00
[ 211s ] thds: 1024 tps: 366.79 qps: 8350.25 (r/w/o: 6010.58/1581.10/758.57) lat (ms,95%): 4768.67 err/s: 0.00 reconn/s: 0.00
[ 212s ] thds: 1024 tps: 447.27 qps: 7406.45 (r/w/o: 4887.94/1594.96/923.56) lat (ms,95%): 4683.57 err/s: 0.00 reconn/s: 0.00
[ 213s ] thds: 1024 tps: 353.77 qps: 8147.77 (r/w/o: 5957.18/1459.06/731.53) lat (ms,95%): 5033.35 err/s: 0.00 reconn/s: 0.00
[ 214s ] thds: 1024 tps: 373.97 qps: 8367.27 (r/w/o: 5921.48/1666.85/778.93) lat (ms,95%): 5507.54 err/s: 0.00 reconn/s: 0.00
[ 215s ] thds: 1024 tps: 430.32 qps: 6291.64 (r/w/o: 3731.75/1674.24/885.65) lat (ms,95%): 5607.61 err/s: 0.00 reconn/s: 0.00
[ 216s ] thds: 1024 tps: 382.93 qps: 7151.62 (r/w/o: 5165.00/1193.77/792.85) lat (ms,95%): 5607.61 err/s: 0.00 reconn/s: 0.00
[ 217s ] thds: 1024 tps: 361.05 qps: 10618.62 (r/w/o: 8277.26/1588.24/753.11) lat (ms,95%): 5409.26 err/s: 0.00 reconn/s: 0.00
[ 218s ] thds: 1024 tps: 384.76 qps: 8092.89 (r/w/o: 5312.65/1981.75/798.50) lat (ms,95%): 5124.81 err/s: 0.00 reconn/s: 0.00
[ 219s ] thds: 1024 tps: 470.31 qps: 6118.07 (r/w/o: 3686.45/1464.97/966.64) lat (ms,95%): 4943.53 err/s: 0.00 reconn/s: 0.00
[ 220s ] thds: 1024 tps: 382.83 qps: 8049.44 (r/w/o: 5944.37/1317.42/787.65) lat (ms,95%): 4683.57 err/s: 0.00 reconn/s: 0.00
[ 221s ] thds: 1024 tps: 366.83 qps: 9270.70 (r/w/o: 6895.80/1603.26/771.64) lat (ms,95%): 4768.67 err/s: 0.00 reconn/s: 0.00
[ 222s ] thds: 1024 tps: 418.38 qps: 7136.52 (r/w/o: 4577.18/1682.54/876.80) lat (ms,95%): 4855.31 err/s: 0.00 reconn/s: 0.00
[ 223s ] thds: 1024 tps: 434.72 qps: 6869.58 (r/w/o: 4515.09/1466.06/888.43) lat (ms,95%): 4358.09 err/s: 0.00 reconn/s: 0.00
[ 224s ] thds: 1024 tps: 360.02 qps: 9207.58 (r/w/o: 7093.45/1371.09/743.05) lat (ms,95%): 4358.09 err/s: 0.00 reconn/s: 0.00
[ 225s ] thds: 1024 tps: 379.22 qps: 8101.62 (r/w/o: 5567.17/1749.00/785.45) lat (ms,95%): 4437.27 err/s: 0.00 reconn/s: 0.00
[ 226s ] thds: 1024 tps: 425.57 qps: 7617.22 (r/w/o: 5159.73/1575.39/882.10) lat (ms,95%): 4599.99 err/s: 0.00 reconn/s: 0.00
[ 227s ] thds: 1024 tps: 340.95 qps: 8276.70 (r/w/o: 6076.04/1487.77/712.89) lat (ms,95%): 4768.67 err/s: 0.00 reconn/s: 0.00
[ 228s ] thds: 1024 tps: 382.36 qps: 8558.97 (r/w/o: 6133.71/1628.52/796.74) lat (ms,95%): 8638.96 err/s: 0.00 reconn/s: 0.00
[ 229s ] thds: 1024 tps: 443.78 qps: 6330.79 (r/w/o: 3618.17/1796.09/916.54) lat (ms,95%): 9118.47 err/s: 0.00 reconn/s: 0.00
[ 230s ] thds: 1024 tps: 438.14 qps: 7849.43 (r/w/o: 5589.73/1347.42/912.28) lat (ms,95%): 8955.74 err/s: 0.00 reconn/s: 0.00
[ 231s ] thds: 1024 tps: 378.76 qps: 9308.19 (r/w/o: 7241.48/1288.20/778.51) lat (ms,95%): 8333.38 err/s: 0.00 reconn/s: 0.00
[ 232s ] thds: 1024 tps: 319.34 qps: 8579.12 (r/w/o: 6178.57/1734.84/665.71) lat (ms,95%): 5918.87 err/s: 0.00 reconn/s: 0.00
[ 233s ] thds: 1024 tps: 332.01 qps: 5900.16 (r/w/o: 3723.10/1493.04/684.02) lat (ms,95%): 4943.53 err/s: 0.00 reconn/s: 0.00
[ 234s ] thds: 1024 tps: 526.44 qps: 7371.17 (r/w/o: 4555.16/1741.15/1074.86) lat (ms,95%): 6247.39 err/s: 0.00 reconn/s: 0.00
[ 235s ] thds: 1024 tps: 357.33 qps: 8884.32 (r/w/o: 6807.37/1331.25/745.70) lat (ms,95%): 6713.97 err/s: 0.00 reconn/s: 0.00
[ 236s ] thds: 1024 tps: 352.03 qps: 7621.73 (r/w/o: 5419.52/1473.14/729.07) lat (ms,95%): 4437.27 err/s: 0.00 reconn/s: 0.00
[ 237s ] thds: 1024 tps: 369.98 qps: 6164.62 (r/w/o: 3923.76/1472.91/767.95) lat (ms,95%): 5507.54 err/s: 0.00 reconn/s: 0.00
[ 238s ] thds: 1024 tps: 443.81 qps: 8324.36 (r/w/o: 5693.51/1715.25/915.60) lat (ms,95%): 8638.96 err/s: 0.00 reconn/s: 0.00
[ 239s ] thds: 1024 tps: 414.93 qps: 7563.72 (r/w/o: 5387.09/1333.77/842.86) lat (ms,95%): 9284.15 err/s: 0.00 reconn/s: 0.00
[ 240s ] thds: 1024 tps: 352.22 qps: 8589.46 (r/w/o: 6180.93/1673.06/735.47) lat (ms,95%): 4437.27 err/s: 0.00 reconn/s: 0.00
[ 241s ] thds: 1006 tps: 335.02 qps: 5577.28 (r/w/o: 3965.20/1256.06/356.02) lat (ms,95%): 10343.39 err/s: 0.00 reconn/s: 0.00
[ 242s ] thds: 1006 tps: 253.99 qps: 2936.93 (r/w/o: 1660.96/1000.97/274.99) lat (ms,95%): 8484.79 err/s: 0.00 reconn/s: 0.00
[ 243s ] thds: 1006 tps: 243.99 qps: 1588.93 (r/w/o: 473.98/848.96/265.99) lat (ms,95%): 10531.32 err/s: 0.00 reconn/s: 0.00
[ 244s ] thds: 990 tps: 175.93 qps: 587.77 (r/w/o: 61.98/342.87/182.93) lat (ms,95%): 9799.46 err/s: 0.00 reconn/s: 0.00
Latency histogram (values are in milliseconds)
       value  ------------- distribution ------------- count
      47.472 |                                         1
      50.107 |                                         2
      51.018 |                                         5
      51.945 |                                         5
      52.889 |                                         14
      53.850 |                                         11
      54.828 |                                         11
      55.824 |                                         17
      56.839 |                                         18
      57.871 |                                         18
      58.923 |                                         34
      59.993 |*                                        43
      61.083 |                                         36
      62.193 |*                                        63
      63.323 |*                                        85
      64.474 |**                                       111
      65.645 |**                                       172
      66.838 |***                                      187
      68.053 |**                                       174
      69.289 |***                                      228
      70.548 |***                                      200
      71.830 |***                                      189
      73.135 |**                                       152
      74.464 |**                                       135
      75.817 |**                                       135
      77.194 |**                                       119
      78.597 |*                                        106
      80.025 |*                                        106
      81.479 |*                                        105
      82.959 |**                                       110
      84.467 |*                                        94
      86.002 |*                                        79
      87.564 |*                                        82
      89.155 |*                                        65
      90.775 |*                                        69
      92.424 |*                                        73
      94.104 |*                                        63
      95.814 |*                                        67
      97.555 |*                                        71
      99.327 |*                                        71
     101.132 |*                                        91
     102.969 |*                                        66
     104.840 |*                                        67
     106.745 |*                                        79
     108.685 |*                                        67
     110.659 |*                                        67
     112.670 |*                                        86
     114.717 |**                                       110
     116.802 |*                                        79
     118.924 |*                                        99
     121.085 |*                                        89
     123.285 |*                                        84
     125.525 |*                                        71
     127.805 |*                                        69
     130.128 |*                                        50
     132.492 |*                                        45
     134.899 |*                                        53
     137.350 |*                                        39
     139.846 |*                                        41
     142.387 |*                                        38
     144.974 |*                                        39
     147.608 |*                                        53
     150.290 |*                                        72
     153.021 |*                                        69
     155.801 |*                                        67
     158.632 |*                                        80
     161.514 |*                                        79
     164.449 |*                                        76
     167.437 |*                                        77
     170.479 |*                                        95
     173.577 |*                                        73
     176.731 |*                                        88
     179.942 |*                                        93
     183.211 |*                                        89
     186.540 |*                                        81
     189.929 |*                                        87
     193.380 |**                                       116
     196.894 |*                                        108
     200.472 |**                                       139
     204.114 |*                                        104
     207.823 |**                                       118
     211.599 |**                                       133
     215.443 |**                                       154
     219.358 |**                                       139
     223.344 |**                                       133
     227.402 |**                                       150
     231.534 |**                                       166
     235.740 |**                                       174
     240.024 |****                                     255
     244.385 |****                                     276
     248.825 |****                                     299
     253.346 |****                                     304
     257.950 |****                                     320
     262.636 |****                                     326
     267.408 |****                                     308
     272.267 |****                                     270
     277.214 |****                                     315
     282.251 |****                                     275
     287.379 |***                                      250
     292.601 |***                                      241
     297.917 |***                                      212
     303.330 |***                                      234
     308.842 |***                                      245
     314.453 |***                                      247
     320.167 |***                                      251
     325.984 |***                                      229
     331.907 |***                                      198
     337.938 |***                                      233
     344.078 |***                                      216
     350.330 |***                                      245
     356.695 |***                                      225
     363.176 |***                                      239
     369.775 |****                                     265
     376.494 |***                                      249
     383.334 |***                                      217
     390.299 |***                                      231
     397.391 |****                                     262
     404.611 |****                                     278
     411.963 |****                                     304
     419.448 |****                                     280
     427.069 |****                                     260
     434.829 |***                                      216
     442.730 |***                                      234
     450.774 |***                                      226
     458.964 |***                                      239
     467.304 |***                                      248
     475.794 |*****                                    342
     484.439 |******                                   408
     493.242 |******                                   429
     502.204 |*******                                  512
     511.328 |*******                                  521
     520.619 |*******                                  535
     530.078 |********                                 580
     539.710 |*******                                  538
     549.516 |******                                   439
     559.501 |******                                   447
     569.667 |*******                                  544
     580.017 |********                                 589
     590.556 |**********                               735
     601.286 |************                             881
     612.211 |**************                           1004
     623.335 |**************                           1002
     634.661 |***********                              764
     646.192 |*******                                  510
     657.933 |*****                                    390
     669.888 |***                                      248
     682.059 |**                                       159
     694.452 |**                                       129
     707.070 |*                                        105
     719.917 |*                                        86
     732.998 |*                                        65
     746.316 |*                                        52
     759.876 |                                         35
     773.683 |*                                        39
     787.741 |                                         32
     802.053 |*                                        43
     816.626 |*                                        47
     831.464 |*                                        44
     846.572 |*                                        66
     861.954 |*                                        60
     877.615 |*                                        71
     893.561 |*                                        59
     909.797 |*                                        72
     926.327 |*                                        102
     943.158 |*                                        66
     960.295 |*                                        51
     977.743 |*                                        47
     995.508 |*                                        49
    1013.597 |*                                        63
    1032.013 |*                                        41
    1050.764 |*                                        45
    1069.856 |                                         31
    1089.295 |*                                        43
    1109.087 |                                         34
    1129.239 |*                                        58
    1149.757 |*                                        44
    1170.648 |*                                        47
    1191.918 |*                                        40
    1213.575 |                                         36
    1235.625 |*                                        54
    1258.076 |*                                        61
    1280.934 |*                                        61
    1304.208 |*                                        77
    1327.905 |*                                        80
    1352.033 |*                                        78
    1376.599 |*                                        95
    1401.611 |*                                        84
    1427.078 |*                                        81
    1453.007 |*                                        102
    1479.408 |*                                        91
    1506.288 |**                                       131
    1533.657 |**                                       139
    1561.523 |**                                       135
    1589.895 |***                                      189
    1618.783 |**                                       181
    1648.196 |***                                      202
    1678.143 |**                                       155
    1708.634 |**                                       149
    1739.679 |**                                       146
    1771.289 |**                                       158
    1803.472 |**                                       171
    1836.241 |***                                      229
    1869.605 |********                                 600
    1903.575 |***********                              805
    1938.162 |***********                              780
    1973.377 |*******************                      1413
    2009.233 |**************************               1894
    2045.740 |*************************                1788
    2082.910 |*****************************            2145
    2120.756 |**********************************       2509
    2159.289 |*************************                1814
    2198.523 |*********************                    1502
    2238.469 |****************                         1128
    2279.141 |*********************                    1509
    2320.552 |**************************               1878
    2362.716 |********************                     1431
    2405.646 |*****************                        1254
    2449.355 |***************                          1087
    2493.859 |**************                           1017
    2539.172 |*********                                632
    2585.308 |******                                   442
    2632.282 |********                                 614
    2680.109 |*********                                634
    2728.806 |******                                   460
    2778.387 |******                                   451
    2828.869 |*******                                  504
    2880.269 |*******                                  506
    2932.602 |********                                 565
    2985.887 |*********                                678
    3040.139 |***********                              785
    3095.377 |*************                            943
    3151.619 |****************                         1175
    3208.883 |****************                         1139
    3267.187 |****************                         1155
    3326.551 |***********************                  1702
    3386.993 |********************                     1487
    3448.533 |************************                 1780
    3511.192 |*******************************          2230
    3574.989 |**************************************** 2909
    3639.945 |******************************           2155
    3706.081 |****************************             2024
    3773.420 |*************************                1786
    3841.981 |************************                 1765
    3911.789 |*******************                      1368
    3982.864 |***********                              770
    4055.231 |***********                              817
    4128.913 |****************                         1184
    4203.934 |**********                               706
    4280.318 |**********                               707
    4358.090 |********                                 605
    4437.275 |********                                 565
    4517.898 |********                                 546
    4599.987 |**********                               747
    4683.567 |*********                                690
    4768.666 |***********                              821
    4855.311 |********                                 574
    4943.530 |******                                   469
    5033.352 |*****                                    380
    5124.806 |***                                      248
    5217.922 |**                                       181
    5312.729 |**                                       172
    5409.260 |***                                      195
    5507.544 |***                                      231
    5607.614 |***                                      188
    5709.502 |**                                       140
    5813.242 |**                                       153
    5918.866 |**                                       153
    6026.410 |**                                       139
    6135.907 |**                                       153
    6247.394 |**                                       154
    6360.907 |**                                       131
    6476.483 |**                                       141
    6594.158 |**                                       114
    6713.971 |*                                        70
    6835.962 |*                                        79
    6960.168 |*                                        77
    7086.632 |*                                        104
    7215.393 |*                                        93
    7346.494 |*                                        82
    7479.978 |*                                        78
    7615.886 |*                                        52
    7754.264 |*                                        55
    7895.156 |*                                        82
    8038.608 |*                                        62
    8184.666 |*                                        88
    8333.379 |*                                        80
    8484.793 |*                                        87
    8638.959 |*                                        109
    8795.925 |*                                        93
    8955.744 |**                                       123
    9118.466 |*                                        107
    9284.145 |*                                        89
    9452.835 |**                                       117
    9624.589 |*                                        83
    9799.465 |*                                        59
    9977.517 |                                         31
   10158.805 |*                                        38
   10343.387 |                                         34
   10531.322 |                                         25
   10722.672 |                                         26
   10917.499 |                                         27
   11115.866 |*                                        53
   11317.837 |*                                        41
   11523.478 |                                         27
   11732.855 |                                         16
   11946.037 |                                         6
   12163.092 |                                         7
   12384.091 |                                         15
   12609.105 |                                         3
   12838.208 |                                         8
   13071.473 |                                         4
   13308.977 |                                         4
   13550.796 |                                         7
   13797.009 |                                         10
   14047.695 |                                         8
   14302.937 |                                         10
   14562.816 |                                         2
   14827.417 |                                         9
   15096.825 |                                         8
   15371.129 |                                         5
   15650.417 |                                         5
   15934.779 |                                         10
   16224.308 |                                         7
   16519.097 |                                         7
   16819.243 |                                         1
   17124.843 |                                         1
   17435.995 |                                         3
 
SQL statistics:
    queries performed:
        read:                            1424330
        write:                           402362
        other:                           210470
        total:                           2037162
    transactions:                        102363 (419.21 per sec.)
    queries:                             2037162 (8342.79 per sec.)
    ignored errors:                      0      (0.00 per sec.)
    reconnects:                          0      (0.00 per sec.)

Throughput:
    events/s (eps):                      419.2073
    time elapsed:                        244.1827s
    total number of events:              102363

Latency (ms):
         min:                                   47.71
         avg:                                 2431.31
         max:                                17407.50
         95th percentile:                     5033.35
         sum:                            248873662.80

Threads fairness:
    events (avg/stddev):           99.9629/85.02
    execution time (avg/stddev):   243.0407/1.28

