sysbench 1.1.0-3ceba0b (using bundled LuaJIT 2.1.0-beta3)

Running the test with following options:
Number of threads: 64
Warmup time: 60s
Report intermediate results every 1 second(s)
Initializing random number generator from current time


Initializing worker threads...

Threads started!

Warming up for 60 seconds...

[ 1s ] thds: 64 tps: 470.62 qps: 9419.83 (r/w/o: 6594.79/1851.17/973.86) lat (ms,95%): 215.44 err/s: 0.00 reconn/s: 0.00
[ 2s ] thds: 64 tps: 393.00 qps: 8029.08 (r/w/o: 5629.06/1589.02/811.01) lat (ms,95%): 227.40 err/s: 0.00 reconn/s: 0.00
[ 3s ] thds: 64 tps: 391.33 qps: 7923.64 (r/w/o: 5579.68/1531.28/812.68) lat (ms,95%): 215.44 err/s: 0.00 reconn/s: 0.00
[ 4s ] thds: 64 tps: 394.94 qps: 7765.84 (r/w/o: 5396.19/1552.77/816.88) lat (ms,95%): 211.60 err/s: 0.00 reconn/s: 0.00
[ 5s ] thds: 64 tps: 391.04 qps: 7648.72 (r/w/o: 5332.50/1514.14/802.08) lat (ms,95%): 219.36 err/s: 0.00 reconn/s: 0.00
[ 6s ] thds: 64 tps: 383.96 qps: 7846.27 (r/w/o: 5552.48/1511.86/781.93) lat (ms,95%): 215.44 err/s: 0.00 reconn/s: 0.00
[ 7s ] thds: 64 tps: 391.74 qps: 7866.72 (r/w/o: 5468.33/1592.93/805.46) lat (ms,95%): 204.11 err/s: 0.00 reconn/s: 0.00
[ 8s ] thds: 64 tps: 396.33 qps: 7875.62 (r/w/o: 5519.64/1537.29/818.69) lat (ms,95%): 204.11 err/s: 0.00 reconn/s: 0.00
[ 9s ] thds: 64 tps: 397.88 qps: 7924.57 (r/w/o: 5532.30/1568.52/823.75) lat (ms,95%): 200.47 err/s: 0.00 reconn/s: 0.00
[ 10s ] thds: 64 tps: 390.93 qps: 7945.58 (r/w/o: 5603.00/1530.73/811.86) lat (ms,95%): 211.60 err/s: 0.00 reconn/s: 0.00
[ 11s ] thds: 64 tps: 394.05 qps: 7849.03 (r/w/o: 5469.71/1562.20/817.11) lat (ms,95%): 207.82 err/s: 0.00 reconn/s: 0.00
[ 12s ] thds: 64 tps: 392.17 qps: 7994.39 (r/w/o: 5662.40/1519.64/812.34) lat (ms,95%): 211.60 err/s: 0.00 reconn/s: 0.00
[ 13s ] thds: 64 tps: 399.92 qps: 7897.37 (r/w/o: 5463.87/1612.67/820.83) lat (ms,95%): 211.60 err/s: 0.00 reconn/s: 0.00
[ 14s ] thds: 64 tps: 394.03 qps: 7882.51 (r/w/o: 5543.36/1521.10/818.05) lat (ms,95%): 207.82 err/s: 0.00 reconn/s: 0.00
[ 15s ] thds: 64 tps: 394.82 qps: 7875.34 (r/w/o: 5478.46/1580.27/816.62) lat (ms,95%): 215.44 err/s: 0.00 reconn/s: 0.00
[ 16s ] thds: 64 tps: 400.10 qps: 7907.97 (r/w/o: 5551.39/1532.38/824.21) lat (ms,95%): 215.44 err/s: 0.00 reconn/s: 0.00
[ 17s ] thds: 64 tps: 393.02 qps: 7851.41 (r/w/o: 5508.29/1531.08/812.04) lat (ms,95%): 211.60 err/s: 0.00 reconn/s: 0.00
[ 18s ] thds: 64 tps: 396.79 qps: 7866.84 (r/w/o: 5473.11/1570.17/823.56) lat (ms,95%): 211.60 err/s: 0.00 reconn/s: 0.00
[ 19s ] thds: 64 tps: 391.21 qps: 7882.30 (r/w/o: 5512.01/1564.85/805.44) lat (ms,95%): 219.36 err/s: 0.00 reconn/s: 0.00
[ 20s ] thds: 64 tps: 390.93 qps: 7991.48 (r/w/o: 5634.93/1542.71/813.84) lat (ms,95%): 215.44 err/s: 0.00 reconn/s: 0.00
[ 21s ] thds: 64 tps: 397.05 qps: 7786.88 (r/w/o: 5436.62/1534.17/816.09) lat (ms,95%): 211.60 err/s: 0.00 reconn/s: 0.00
[ 22s ] thds: 64 tps: 393.09 qps: 7989.78 (r/w/o: 5602.25/1568.35/819.18) lat (ms,95%): 219.36 err/s: 0.00 reconn/s: 0.00
[ 23s ] thds: 64 tps: 398.02 qps: 7731.41 (r/w/o: 5377.29/1525.08/829.04) lat (ms,95%): 215.44 err/s: 0.00 reconn/s: 0.00
[ 24s ] thds: 64 tps: 382.77 qps: 8053.20 (r/w/o: 5720.59/1539.08/793.53) lat (ms,95%): 219.36 err/s: 0.00 reconn/s: 0.00
[ 25s ] thds: 64 tps: 402.20 qps: 7844.94 (r/w/o: 5448.74/1561.78/834.42) lat (ms,95%): 215.44 err/s: 0.00 reconn/s: 0.00
[ 26s ] thds: 64 tps: 391.04 qps: 7907.82 (r/w/o: 5551.57/1547.16/809.08) lat (ms,95%): 215.44 err/s: 0.00 reconn/s: 0.00
[ 27s ] thds: 64 tps: 398.98 qps: 7809.61 (r/w/o: 5420.73/1558.92/829.96) lat (ms,95%): 211.60 err/s: 0.00 reconn/s: 0.00
[ 28s ] thds: 64 tps: 392.94 qps: 7872.82 (r/w/o: 5517.17/1540.77/814.88) lat (ms,95%): 227.40 err/s: 0.00 reconn/s: 0.00
[ 29s ] thds: 64 tps: 392.07 qps: 7887.33 (r/w/o: 5538.93/1536.26/812.14) lat (ms,95%): 215.44 err/s: 0.00 reconn/s: 0.00
[ 30s ] thds: 64 tps: 395.78 qps: 7750.76 (r/w/o: 5370.06/1564.14/816.55) lat (ms,95%): 219.36 err/s: 0.00 reconn/s: 0.00
[ 31s ] thds: 64 tps: 387.18 qps: 8013.69 (r/w/o: 5708.63/1499.69/805.37) lat (ms,95%): 215.44 err/s: 0.00 reconn/s: 0.00
[ 32s ] thds: 64 tps: 398.94 qps: 7695.81 (r/w/o: 5293.18/1581.75/820.87) lat (ms,95%): 215.44 err/s: 0.00 reconn/s: 0.00
[ 33s ] thds: 64 tps: 387.92 qps: 7914.41 (r/w/o: 5606.88/1505.70/801.84) lat (ms,95%): 223.34 err/s: 0.00 reconn/s: 0.00
[ 34s ] thds: 64 tps: 392.15 qps: 7893.04 (r/w/o: 5499.12/1587.61/806.31) lat (ms,95%): 211.60 err/s: 0.00 reconn/s: 0.00
[ 35s ] thds: 64 tps: 395.95 qps: 7829.07 (r/w/o: 5515.34/1494.82/818.90) lat (ms,95%): 215.44 err/s: 0.00 reconn/s: 0.00
[ 36s ] thds: 64 tps: 389.07 qps: 7956.40 (r/w/o: 5581.98/1564.27/810.14) lat (ms,95%): 227.40 err/s: 0.00 reconn/s: 0.00
[ 37s ] thds: 64 tps: 396.96 qps: 7960.23 (r/w/o: 5550.46/1577.85/831.92) lat (ms,95%): 211.60 err/s: 0.00 reconn/s: 0.00
[ 38s ] thds: 64 tps: 397.97 qps: 7844.37 (r/w/o: 5489.56/1535.88/818.93) lat (ms,95%): 211.60 err/s: 0.00 reconn/s: 0.00
[ 39s ] thds: 64 tps: 397.02 qps: 7851.39 (r/w/o: 5465.27/1566.08/820.04) lat (ms,95%): 211.60 err/s: 0.00 reconn/s: 0.00
[ 40s ] thds: 64 tps: 392.01 qps: 7977.26 (r/w/o: 5632.18/1519.05/826.03) lat (ms,95%): 211.60 err/s: 0.00 reconn/s: 0.00
[ 41s ] thds: 64 tps: 397.62 qps: 7790.63 (r/w/o: 5392.90/1577.51/820.22) lat (ms,95%): 223.34 err/s: 0.00 reconn/s: 0.00
[ 42s ] thds: 64 tps: 392.26 qps: 7920.18 (r/w/o: 5588.65/1520.99/810.53) lat (ms,95%): 211.60 err/s: 0.00 reconn/s: 0.00
[ 43s ] thds: 64 tps: 391.09 qps: 7917.77 (r/w/o: 5524.23/1580.35/813.18) lat (ms,95%): 211.60 err/s: 0.00 reconn/s: 0.00
[ 44s ] thds: 64 tps: 397.93 qps: 7863.60 (r/w/o: 5492.02/1550.72/820.85) lat (ms,95%): 215.44 err/s: 0.00 reconn/s: 0.00
[ 45s ] thds: 64 tps: 394.74 qps: 7845.86 (r/w/o: 5510.39/1514.01/821.46) lat (ms,95%): 215.44 err/s: 0.00 reconn/s: 0.00
[ 46s ] thds: 64 tps: 394.40 qps: 7831.93 (r/w/o: 5445.51/1568.59/817.83) lat (ms,95%): 207.82 err/s: 0.00 reconn/s: 0.00
[ 47s ] thds: 64 tps: 392.93 qps: 7827.60 (r/w/o: 5474.02/1539.73/813.85) lat (ms,95%): 219.36 err/s: 0.00 reconn/s: 0.00
[ 48s ] thds: 64 tps: 393.92 qps: 7974.30 (r/w/o: 5622.80/1533.67/817.83) lat (ms,95%): 207.82 err/s: 0.00 reconn/s: 0.00
[ 49s ] thds: 64 tps: 390.96 qps: 7993.22 (r/w/o: 5579.45/1601.84/811.92) lat (ms,95%): 219.36 err/s: 0.00 reconn/s: 0.00
[ 50s ] thds: 64 tps: 402.20 qps: 7876.88 (r/w/o: 5516.72/1531.75/828.41) lat (ms,95%): 207.82 err/s: 0.00 reconn/s: 0.00
[ 51s ] thds: 64 tps: 397.93 qps: 7812.63 (r/w/o: 5440.05/1548.73/823.86) lat (ms,95%): 207.82 err/s: 0.00 reconn/s: 0.00
[ 52s ] thds: 64 tps: 389.91 qps: 7855.12 (r/w/o: 5525.68/1529.63/799.81) lat (ms,95%): 219.36 err/s: 0.00 reconn/s: 0.00
[ 53s ] thds: 64 tps: 388.94 qps: 8024.71 (r/w/o: 5647.09/1573.75/803.87) lat (ms,95%): 207.82 err/s: 0.00 reconn/s: 0.00
[ 54s ] thds: 64 tps: 396.06 qps: 7805.09 (r/w/o: 5429.76/1559.22/816.11) lat (ms,95%): 215.44 err/s: 0.00 reconn/s: 0.00
[ 55s ] thds: 64 tps: 389.83 qps: 7977.50 (r/w/o: 5633.53/1544.32/799.65) lat (ms,95%): 211.60 err/s: 0.00 reconn/s: 0.00
[ 56s ] thds: 64 tps: 401.18 qps: 7700.47 (r/w/o: 5314.39/1558.70/827.37) lat (ms,95%): 211.60 err/s: 0.00 reconn/s: 0.00
[ 57s ] thds: 64 tps: 390.20 qps: 8036.14 (r/w/o: 5680.93/1546.80/808.42) lat (ms,95%): 223.34 err/s: 0.00 reconn/s: 0.00
[ 58s ] thds: 64 tps: 392.86 qps: 7839.27 (r/w/o: 5466.10/1563.46/809.72) lat (ms,95%): 207.82 err/s: 0.00 reconn/s: 0.00
[ 59s ] thds: 64 tps: 393.09 qps: 7896.81 (r/w/o: 5563.27/1521.35/812.19) lat (ms,95%): 219.36 err/s: 0.00 reconn/s: 0.00
[ 60s ] thds: 64 tps: 396.87 qps: 7893.39 (r/w/o: 5496.18/1583.48/813.73) lat (ms,95%): 211.60 err/s: 0.00 reconn/s: 0.00
[ 61s ] thds: 64 tps: 397.17 qps: 7783.38 (r/w/o: 5427.36/1537.67/818.36) lat (ms,95%): 215.44 err/s: 0.00 reconn/s: 0.00
[ 62s ] thds: 64 tps: 390.88 qps: 7965.57 (r/w/o: 5611.29/1545.53/808.75) lat (ms,95%): 215.44 err/s: 0.00 reconn/s: 0.00
[ 63s ] thds: 64 tps: 393.03 qps: 7889.52 (r/w/o: 5520.36/1551.10/818.05) lat (ms,95%): 207.82 err/s: 0.00 reconn/s: 0.00
[ 64s ] thds: 64 tps: 397.98 qps: 7745.63 (r/w/o: 5397.74/1532.93/814.96) lat (ms,95%): 223.34 err/s: 0.00 reconn/s: 0.00
[ 65s ] thds: 64 tps: 387.01 qps: 7931.27 (r/w/o: 5584.19/1549.05/798.03) lat (ms,95%): 215.44 err/s: 0.00 reconn/s: 0.00
[ 66s ] thds: 64 tps: 395.04 qps: 7861.71 (r/w/o: 5484.49/1559.14/818.07) lat (ms,95%): 211.60 err/s: 0.00 reconn/s: 0.00
[ 67s ] thds: 64 tps: 395.98 qps: 7880.60 (r/w/o: 5522.72/1533.92/823.96) lat (ms,95%): 215.44 err/s: 0.00 reconn/s: 0.00
[ 68s ] thds: 64 tps: 392.99 qps: 7956.86 (r/w/o: 5556.90/1591.97/807.99) lat (ms,95%): 207.82 err/s: 0.00 reconn/s: 0.00
[ 69s ] thds: 64 tps: 398.90 qps: 7710.12 (r/w/o: 5378.69/1512.63/818.80) lat (ms,95%): 211.60 err/s: 0.00 reconn/s: 0.00
[ 70s ] thds: 64 tps: 389.15 qps: 7899.98 (r/w/o: 5547.09/1551.58/801.30) lat (ms,95%): 227.40 err/s: 0.00 reconn/s: 0.00
[ 71s ] thds: 64 tps: 385.82 qps: 8001.31 (r/w/o: 5656.39/1544.29/800.63) lat (ms,95%): 211.60 err/s: 0.00 reconn/s: 0.00
[ 72s ] thds: 64 tps: 396.04 qps: 7780.80 (r/w/o: 5405.56/1552.16/823.09) lat (ms,95%): 215.44 err/s: 0.00 reconn/s: 0.00
[ 73s ] thds: 64 tps: 392.06 qps: 7932.28 (r/w/o: 5566.90/1553.25/812.13) lat (ms,95%): 211.60 err/s: 0.00 reconn/s: 0.00
[ 74s ] thds: 64 tps: 396.93 qps: 7766.61 (r/w/o: 5378.04/1569.72/818.85) lat (ms,95%): 211.60 err/s: 0.00 reconn/s: 0.00
[ 75s ] thds: 64 tps: 395.05 qps: 7903.98 (r/w/o: 5543.69/1544.19/816.10) lat (ms,95%): 215.44 err/s: 0.00 reconn/s: 0.00
[ 76s ] thds: 64 tps: 397.13 qps: 7834.49 (r/w/o: 5489.74/1531.49/813.26) lat (ms,95%): 207.82 err/s: 0.00 reconn/s: 0.00
[ 77s ] thds: 64 tps: 388.64 qps: 7999.59 (r/w/o: 5648.76/1542.57/808.25) lat (ms,95%): 215.44 err/s: 0.00 reconn/s: 0.00
[ 78s ] thds: 64 tps: 395.27 qps: 7843.41 (r/w/o: 5461.77/1562.08/819.57) lat (ms,95%): 211.60 err/s: 0.00 reconn/s: 0.00
[ 79s ] thds: 64 tps: 398.98 qps: 7827.57 (r/w/o: 5462.70/1543.91/820.95) lat (ms,95%): 207.82 err/s: 0.00 reconn/s: 0.00
[ 80s ] thds: 64 tps: 393.00 qps: 7972.09 (r/w/o: 5577.06/1578.02/817.01) lat (ms,95%): 215.44 err/s: 0.00 reconn/s: 0.00
[ 81s ] thds: 64 tps: 392.92 qps: 7862.47 (r/w/o: 5524.92/1521.70/815.84) lat (ms,95%): 211.60 err/s: 0.00 reconn/s: 0.00
[ 82s ] thds: 64 tps: 393.18 qps: 7878.67 (r/w/o: 5542.58/1533.71/802.37) lat (ms,95%): 211.60 err/s: 0.00 reconn/s: 0.00
[ 83s ] thds: 64 tps: 394.50 qps: 7831.03 (r/w/o: 5468.04/1553.02/809.97) lat (ms,95%): 219.36 err/s: 0.00 reconn/s: 0.00
[ 84s ] thds: 64 tps: 392.50 qps: 7934.02 (r/w/o: 5568.03/1560.97/805.02) lat (ms,95%): 207.82 err/s: 0.00 reconn/s: 0.00
[ 85s ] thds: 64 tps: 394.97 qps: 7856.44 (r/w/o: 5461.61/1587.89/806.94) lat (ms,95%): 211.60 err/s: 0.00 reconn/s: 0.00
[ 86s ] thds: 64 tps: 395.82 qps: 7819.48 (r/w/o: 5466.54/1534.31/818.63) lat (ms,95%): 215.44 err/s: 0.00 reconn/s: 0.00
[ 87s ] thds: 64 tps: 387.97 qps: 7934.40 (r/w/o: 5609.58/1523.88/800.94) lat (ms,95%): 211.60 err/s: 0.00 reconn/s: 0.00
[ 88s ] thds: 64 tps: 398.01 qps: 7783.23 (r/w/o: 5381.16/1578.05/824.02) lat (ms,95%): 207.82 err/s: 0.00 reconn/s: 0.00
[ 89s ] thds: 64 tps: 391.01 qps: 7937.16 (r/w/o: 5604.11/1516.03/817.02) lat (ms,95%): 223.34 err/s: 0.00 reconn/s: 0.00
[ 90s ] thds: 64 tps: 401.13 qps: 7881.60 (r/w/o: 5463.80/1584.52/833.28) lat (ms,95%): 207.82 err/s: 0.00 reconn/s: 0.00
[ 91s ] thds: 64 tps: 389.08 qps: 7981.63 (r/w/o: 5626.15/1551.32/804.16) lat (ms,95%): 207.82 err/s: 0.00 reconn/s: 0.00
[ 92s ] thds: 64 tps: 398.78 qps: 7886.74 (r/w/o: 5529.01/1525.18/832.55) lat (ms,95%): 211.60 err/s: 0.00 reconn/s: 0.00
[ 93s ] thds: 64 tps: 393.11 qps: 7841.25 (r/w/o: 5462.57/1570.45/808.23) lat (ms,95%): 207.82 err/s: 0.00 reconn/s: 0.00
[ 94s ] thds: 64 tps: 397.07 qps: 7834.33 (r/w/o: 5482.93/1517.26/834.14) lat (ms,95%): 227.40 err/s: 0.00 reconn/s: 0.00
[ 95s ] thds: 64 tps: 384.87 qps: 7914.24 (r/w/o: 5567.06/1548.46/798.72) lat (ms,95%): 215.44 err/s: 0.00 reconn/s: 0.00
[ 96s ] thds: 64 tps: 395.98 qps: 7908.56 (r/w/o: 5567.69/1520.92/819.95) lat (ms,95%): 211.60 err/s: 0.00 reconn/s: 0.00
[ 97s ] thds: 64 tps: 394.18 qps: 7883.55 (r/w/o: 5520.48/1545.70/817.37) lat (ms,95%): 219.36 err/s: 0.00 reconn/s: 0.00
[ 98s ] thds: 64 tps: 392.75 qps: 7852.08 (r/w/o: 5489.56/1556.02/806.49) lat (ms,95%): 211.60 err/s: 0.00 reconn/s: 0.00
[ 99s ] thds: 64 tps: 393.29 qps: 7793.65 (r/w/o: 5399.92/1582.15/811.59) lat (ms,95%): 215.44 err/s: 0.00 reconn/s: 0.00
[ 100s ] thds: 64 tps: 391.76 qps: 7956.12 (r/w/o: 5618.55/1535.06/802.51) lat (ms,95%): 215.44 err/s: 0.00 reconn/s: 0.00
[ 101s ] thds: 64 tps: 396.98 qps: 7762.54 (r/w/o: 5368.68/1563.91/829.95) lat (ms,95%): 211.60 err/s: 0.00 reconn/s: 0.00
[ 102s ] thds: 64 tps: 393.11 qps: 7905.30 (r/w/o: 5573.62/1523.44/808.23) lat (ms,95%): 215.44 err/s: 0.00 reconn/s: 0.00
[ 103s ] thds: 64 tps: 397.94 qps: 7794.84 (r/w/o: 5400.19/1565.77/828.88) lat (ms,95%): 215.44 err/s: 0.00 reconn/s: 0.00
[ 104s ] thds: 64 tps: 391.13 qps: 7926.60 (r/w/o: 5575.83/1543.51/807.26) lat (ms,95%): 211.60 err/s: 0.00 reconn/s: 0.00
[ 105s ] thds: 64 tps: 391.92 qps: 7905.35 (r/w/o: 5589.84/1506.69/808.83) lat (ms,95%): 211.60 err/s: 0.00 reconn/s: 0.00
[ 106s ] thds: 64 tps: 393.83 qps: 7941.59 (r/w/o: 5520.63/1602.31/818.65) lat (ms,95%): 219.36 err/s: 0.00 reconn/s: 0.00
[ 107s ] thds: 64 tps: 395.29 qps: 7841.78 (r/w/o: 5512.06/1514.12/815.60) lat (ms,95%): 211.60 err/s: 0.00 reconn/s: 0.00
[ 108s ] thds: 64 tps: 391.79 qps: 7973.65 (r/w/o: 5550.97/1612.12/810.56) lat (ms,95%): 219.36 err/s: 0.00 reconn/s: 0.00
[ 109s ] thds: 64 tps: 396.03 qps: 7815.55 (r/w/o: 5498.39/1504.11/813.06) lat (ms,95%): 215.44 err/s: 0.00 reconn/s: 0.00
[ 110s ] thds: 64 tps: 395.07 qps: 7887.34 (r/w/o: 5493.93/1576.27/817.14) lat (ms,95%): 211.60 err/s: 0.00 reconn/s: 0.00
[ 111s ] thds: 64 tps: 391.90 qps: 7841.95 (r/w/o: 5494.56/1542.60/804.79) lat (ms,95%): 219.36 err/s: 0.00 reconn/s: 0.00
[ 112s ] thds: 64 tps: 400.89 qps: 7880.88 (r/w/o: 5505.52/1546.58/828.78) lat (ms,95%): 219.36 err/s: 0.00 reconn/s: 0.00
[ 113s ] thds: 64 tps: 392.31 qps: 7941.21 (r/w/o: 5560.35/1573.23/807.63) lat (ms,95%): 211.60 err/s: 0.00 reconn/s: 0.00
[ 114s ] thds: 64 tps: 395.04 qps: 7735.70 (r/w/o: 5377.49/1536.14/822.07) lat (ms,95%): 215.44 err/s: 0.00 reconn/s: 0.00
[ 115s ] thds: 64 tps: 390.63 qps: 8010.41 (r/w/o: 5641.66/1558.52/810.23) lat (ms,95%): 219.36 err/s: 0.00 reconn/s: 0.00
[ 116s ] thds: 64 tps: 401.15 qps: 7814.91 (r/w/o: 5443.02/1536.57/835.31) lat (ms,95%): 211.60 err/s: 0.00 reconn/s: 0.00
[ 117s ] thds: 64 tps: 389.23 qps: 8025.65 (r/w/o: 5689.30/1531.89/804.47) lat (ms,95%): 211.60 err/s: 0.00 reconn/s: 0.00
[ 118s ] thds: 64 tps: 391.98 qps: 7869.59 (r/w/o: 5508.71/1561.92/798.96) lat (ms,95%): 223.34 err/s: 0.00 reconn/s: 0.00
[ 119s ] thds: 64 tps: 395.73 qps: 7812.68 (r/w/o: 5467.28/1528.96/816.44) lat (ms,95%): 215.44 err/s: 0.00 reconn/s: 0.00
[ 120s ] thds: 64 tps: 392.29 qps: 7987.99 (r/w/o: 5570.18/1600.20/817.61) lat (ms,95%): 215.44 err/s: 0.00 reconn/s: 0.00
[ 121s ] thds: 64 tps: 397.97 qps: 7757.33 (r/w/o: 5406.54/1539.87/810.93) lat (ms,95%): 215.44 err/s: 0.00 reconn/s: 0.00
[ 122s ] thds: 64 tps: 390.00 qps: 7980.05 (r/w/o: 5628.04/1550.01/802.01) lat (ms,95%): 211.60 err/s: 0.00 reconn/s: 0.00
[ 123s ] thds: 64 tps: 397.79 qps: 7739.97 (r/w/o: 5367.21/1548.19/824.57) lat (ms,95%): 219.36 err/s: 0.00 reconn/s: 0.00
[ 124s ] thds: 64 tps: 392.24 qps: 7920.85 (r/w/o: 5584.42/1519.93/816.50) lat (ms,95%): 215.44 err/s: 0.00 reconn/s: 0.00
[ 125s ] thds: 64 tps: 393.83 qps: 7913.68 (r/w/o: 5512.68/1580.34/820.66) lat (ms,95%): 215.44 err/s: 0.00 reconn/s: 0.00
[ 126s ] thds: 64 tps: 397.92 qps: 7823.34 (r/w/o: 5454.85/1543.67/824.83) lat (ms,95%): 219.36 err/s: 0.00 reconn/s: 0.00
[ 127s ] thds: 64 tps: 389.21 qps: 8010.31 (r/w/o: 5677.06/1528.82/804.43) lat (ms,95%): 215.44 err/s: 0.00 reconn/s: 0.00
[ 128s ] thds: 64 tps: 399.82 qps: 7840.42 (r/w/o: 5444.51/1581.28/814.63) lat (ms,95%): 215.44 err/s: 0.00 reconn/s: 0.00
[ 129s ] thds: 64 tps: 388.07 qps: 7938.47 (r/w/o: 5600.04/1536.29/802.15) lat (ms,95%): 219.36 err/s: 0.00 reconn/s: 0.00
[ 130s ] thds: 64 tps: 399.15 qps: 7885.91 (r/w/o: 5477.02/1590.59/818.30) lat (ms,95%): 211.60 err/s: 0.00 reconn/s: 0.00
[ 131s ] thds: 64 tps: 391.80 qps: 7898.90 (r/w/o: 5544.12/1544.20/810.58) lat (ms,95%): 223.34 err/s: 0.00 reconn/s: 0.00
[ 132s ] thds: 64 tps: 391.96 qps: 7960.20 (r/w/o: 5603.44/1547.85/808.92) lat (ms,95%): 211.60 err/s: 0.00 reconn/s: 0.00
[ 133s ] thds: 64 tps: 399.99 qps: 7742.85 (r/w/o: 5366.90/1546.97/828.98) lat (ms,95%): 215.44 err/s: 0.00 reconn/s: 0.00
[ 134s ] thds: 64 tps: 392.94 qps: 7891.72 (r/w/o: 5548.10/1529.75/813.87) lat (ms,95%): 219.36 err/s: 0.00 reconn/s: 0.00
[ 135s ] thds: 64 tps: 390.30 qps: 7902.08 (r/w/o: 5528.25/1569.21/804.62) lat (ms,95%): 215.44 err/s: 0.00 reconn/s: 0.00
[ 136s ] thds: 64 tps: 396.03 qps: 7830.50 (r/w/o: 5463.35/1558.10/809.05) lat (ms,95%): 227.40 err/s: 0.00 reconn/s: 0.00
[ 137s ] thds: 64 tps: 391.84 qps: 7951.68 (r/w/o: 5585.67/1561.35/804.66) lat (ms,95%): 215.44 err/s: 0.00 reconn/s: 0.00
[ 138s ] thds: 64 tps: 397.91 qps: 7779.26 (r/w/o: 5431.78/1523.66/823.82) lat (ms,95%): 215.44 err/s: 0.00 reconn/s: 0.00
[ 139s ] thds: 64 tps: 394.99 qps: 7908.84 (r/w/o: 5519.89/1580.97/807.98) lat (ms,95%): 219.36 err/s: 0.00 reconn/s: 0.00
[ 140s ] thds: 64 tps: 392.94 qps: 7823.89 (r/w/o: 5494.22/1508.79/820.88) lat (ms,95%): 211.60 err/s: 0.00 reconn/s: 0.00
[ 141s ] thds: 64 tps: 385.27 qps: 8048.72 (r/w/o: 5685.04/1568.11/795.57) lat (ms,95%): 215.44 err/s: 0.00 reconn/s: 0.00
[ 142s ] thds: 64 tps: 399.84 qps: 7881.86 (r/w/o: 5504.80/1548.38/828.67) lat (ms,95%): 219.36 err/s: 0.00 reconn/s: 0.00
[ 143s ] thds: 64 tps: 404.12 qps: 7857.34 (r/w/o: 5431.62/1593.47/832.25) lat (ms,95%): 211.60 err/s: 0.00 reconn/s: 0.00
[ 144s ] thds: 64 tps: 389.90 qps: 7977.04 (r/w/o: 5622.62/1558.62/795.80) lat (ms,95%): 215.44 err/s: 0.00 reconn/s: 0.00
[ 145s ] thds: 64 tps: 395.85 qps: 7668.00 (r/w/o: 5322.92/1521.41/823.68) lat (ms,95%): 219.36 err/s: 0.00 reconn/s: 0.00
[ 146s ] thds: 64 tps: 388.29 qps: 8042.94 (r/w/o: 5676.19/1561.15/805.59) lat (ms,95%): 223.34 err/s: 0.00 reconn/s: 0.00
[ 147s ] thds: 64 tps: 399.96 qps: 7693.18 (r/w/o: 5335.43/1534.84/822.91) lat (ms,95%): 219.36 err/s: 0.00 reconn/s: 0.00
[ 148s ] thds: 64 tps: 388.99 qps: 8002.74 (r/w/o: 5665.82/1535.95/800.97) lat (ms,95%): 215.44 err/s: 0.00 reconn/s: 0.00
[ 149s ] thds: 64 tps: 399.82 qps: 7791.59 (r/w/o: 5403.63/1566.31/821.64) lat (ms,95%): 219.36 err/s: 0.00 reconn/s: 0.00
[ 150s ] thds: 64 tps: 393.93 qps: 7953.65 (r/w/o: 5588.05/1545.74/819.86) lat (ms,95%): 215.44 err/s: 0.00 reconn/s: 0.00
[ 151s ] thds: 64 tps: 389.03 qps: 7987.58 (r/w/o: 5634.41/1552.11/801.06) lat (ms,95%): 211.60 err/s: 0.00 reconn/s: 0.00
[ 152s ] thds: 64 tps: 393.18 qps: 7852.57 (r/w/o: 5506.50/1539.70/806.37) lat (ms,95%): 219.36 err/s: 0.00 reconn/s: 0.00
[ 153s ] thds: 64 tps: 396.14 qps: 7748.71 (r/w/o: 5372.88/1550.54/825.29) lat (ms,95%): 215.44 err/s: 0.00 reconn/s: 0.00
[ 154s ] thds: 64 tps: 389.90 qps: 8035.88 (r/w/o: 5659.51/1570.59/805.79) lat (ms,95%): 215.44 err/s: 0.00 reconn/s: 0.00
[ 155s ] thds: 64 tps: 393.04 qps: 7815.76 (r/w/o: 5453.53/1558.15/804.08) lat (ms,95%): 219.36 err/s: 0.00 reconn/s: 0.00
[ 156s ] thds: 64 tps: 396.88 qps: 7930.64 (r/w/o: 5557.34/1550.54/822.75) lat (ms,95%): 211.60 err/s: 0.00 reconn/s: 0.00
[ 157s ] thds: 64 tps: 397.10 qps: 7869.04 (r/w/o: 5479.42/1568.41/821.21) lat (ms,95%): 215.44 err/s: 0.00 reconn/s: 0.00
[ 158s ] thds: 64 tps: 394.97 qps: 7866.34 (r/w/o: 5521.54/1539.87/804.93) lat (ms,95%): 219.36 err/s: 0.00 reconn/s: 0.00
[ 159s ] thds: 64 tps: 395.83 qps: 7969.56 (r/w/o: 5581.59/1563.32/824.64) lat (ms,95%): 215.44 err/s: 0.00 reconn/s: 0.00
[ 160s ] thds: 64 tps: 394.13 qps: 7695.53 (r/w/o: 5352.76/1528.50/814.27) lat (ms,95%): 211.60 err/s: 0.00 reconn/s: 0.00
[ 161s ] thds: 64 tps: 390.93 qps: 8001.64 (r/w/o: 5635.04/1568.73/797.86) lat (ms,95%): 219.36 err/s: 0.00 reconn/s: 0.00
[ 162s ] thds: 64 tps: 396.95 qps: 7853.11 (r/w/o: 5505.37/1532.83/814.91) lat (ms,95%): 215.44 err/s: 0.00 reconn/s: 0.00
[ 163s ] thds: 64 tps: 391.76 qps: 7852.22 (r/w/o: 5474.67/1572.04/805.51) lat (ms,95%): 215.44 err/s: 0.00 reconn/s: 0.00
[ 164s ] thds: 64 tps: 387.45 qps: 7899.18 (r/w/o: 5541.44/1552.80/804.94) lat (ms,95%): 227.40 err/s: 0.00 reconn/s: 0.00
[ 165s ] thds: 64 tps: 405.03 qps: 7896.57 (r/w/o: 5501.40/1562.11/833.06) lat (ms,95%): 211.60 err/s: 0.00 reconn/s: 0.00
[ 166s ] thds: 64 tps: 391.96 qps: 8037.22 (r/w/o: 5676.45/1551.85/808.92) lat (ms,95%): 215.44 err/s: 0.00 reconn/s: 0.00
[ 167s ] thds: 64 tps: 397.83 qps: 7709.65 (r/w/o: 5363.67/1528.33/817.64) lat (ms,95%): 215.44 err/s: 0.00 reconn/s: 0.00
[ 168s ] thds: 64 tps: 391.19 qps: 8014.96 (r/w/o: 5623.78/1585.78/805.40) lat (ms,95%): 215.44 err/s: 0.00 reconn/s: 0.00
[ 169s ] thds: 64 tps: 392.79 qps: 7820.73 (r/w/o: 5465.02/1540.16/815.55) lat (ms,95%): 223.34 err/s: 0.00 reconn/s: 0.00
[ 170s ] thds: 64 tps: 393.21 qps: 7967.29 (r/w/o: 5600.01/1556.84/810.44) lat (ms,95%): 215.44 err/s: 0.00 reconn/s: 0.00
[ 171s ] thds: 64 tps: 395.87 qps: 7862.32 (r/w/o: 5520.12/1518.48/823.72) lat (ms,95%): 215.44 err/s: 0.00 reconn/s: 0.00
[ 172s ] thds: 64 tps: 397.82 qps: 7859.54 (r/w/o: 5447.60/1589.30/822.64) lat (ms,95%): 219.36 err/s: 0.00 reconn/s: 0.00
[ 173s ] thds: 64 tps: 391.01 qps: 7986.23 (r/w/o: 5641.16/1538.04/807.02) lat (ms,95%): 215.44 err/s: 0.00 reconn/s: 0.00
[ 174s ] thds: 64 tps: 397.28 qps: 7755.40 (r/w/o: 5385.75/1548.08/821.57) lat (ms,95%): 215.44 err/s: 0.00 reconn/s: 0.00
[ 175s ] thds: 64 tps: 395.99 qps: 7914.70 (r/w/o: 5532.79/1554.94/826.97) lat (ms,95%): 211.60 err/s: 0.00 reconn/s: 0.00
[ 176s ] thds: 64 tps: 391.98 qps: 7888.58 (r/w/o: 5545.70/1525.92/816.96) lat (ms,95%): 223.34 err/s: 0.00 reconn/s: 0.00
[ 177s ] thds: 64 tps: 393.04 qps: 7802.71 (r/w/o: 5425.50/1564.14/813.07) lat (ms,95%): 215.44 err/s: 0.00 reconn/s: 0.00
[ 178s ] thds: 64 tps: 389.03 qps: 7921.55 (r/w/o: 5580.39/1539.11/802.06) lat (ms,95%): 227.40 err/s: 0.00 reconn/s: 0.00
[ 179s ] thds: 64 tps: 394.94 qps: 7836.82 (r/w/o: 5480.18/1533.77/822.88) lat (ms,95%): 215.44 err/s: 0.00 reconn/s: 0.00
[ 180s ] thds: 64 tps: 398.05 qps: 7762.93 (r/w/o: 5407.65/1529.18/826.10) lat (ms,95%): 215.44 err/s: 0.00 reconn/s: 0.00
[ 181s ] thds: 64 tps: 386.86 qps: 8022.09 (r/w/o: 5643.96/1582.43/795.71) lat (ms,95%): 227.40 err/s: 0.00 reconn/s: 0.00
[ 182s ] thds: 64 tps: 397.93 qps: 7708.74 (r/w/o: 5390.12/1499.75/818.87) lat (ms,95%): 215.44 err/s: 0.00 reconn/s: 0.00
[ 183s ] thds: 64 tps: 390.19 qps: 7902.91 (r/w/o: 5546.74/1552.77/803.40) lat (ms,95%): 215.44 err/s: 0.00 reconn/s: 0.00
[ 184s ] thds: 64 tps: 395.95 qps: 7885.93 (r/w/o: 5493.25/1568.79/823.89) lat (ms,95%): 215.44 err/s: 0.00 reconn/s: 0.00
[ 185s ] thds: 64 tps: 393.74 qps: 7892.88 (r/w/o: 5541.40/1546.00/805.48) lat (ms,95%): 211.60 err/s: 0.00 reconn/s: 0.00
[ 186s ] thds: 64 tps: 385.30 qps: 8043.22 (r/w/o: 5688.40/1556.20/798.62) lat (ms,95%): 223.34 err/s: 0.00 reconn/s: 0.00
[ 187s ] thds: 64 tps: 402.89 qps: 7703.86 (r/w/o: 5320.52/1554.57/828.77) lat (ms,95%): 215.44 err/s: 0.00 reconn/s: 0.00
[ 188s ] thds: 64 tps: 390.82 qps: 7991.34 (r/w/o: 5638.42/1540.29/812.63) lat (ms,95%): 215.44 err/s: 0.00 reconn/s: 0.00
[ 189s ] thds: 64 tps: 399.13 qps: 7788.63 (r/w/o: 5393.82/1569.53/825.28) lat (ms,95%): 215.44 err/s: 0.00 reconn/s: 0.00
[ 190s ] thds: 64 tps: 390.18 qps: 7979.65 (r/w/o: 5630.57/1544.71/804.37) lat (ms,95%): 219.36 err/s: 0.00 reconn/s: 0.00
[ 191s ] thds: 64 tps: 392.98 qps: 7914.63 (r/w/o: 5546.74/1560.93/806.96) lat (ms,95%): 211.60 err/s: 0.00 reconn/s: 0.00
[ 192s ] thds: 64 tps: 398.98 qps: 7865.65 (r/w/o: 5497.75/1538.93/828.96) lat (ms,95%): 215.44 err/s: 0.00 reconn/s: 0.00
[ 193s ] thds: 64 tps: 396.98 qps: 7894.65 (r/w/o: 5503.76/1563.93/826.96) lat (ms,95%): 219.36 err/s: 0.00 reconn/s: 0.00
[ 194s ] thds: 64 tps: 386.99 qps: 7916.89 (r/w/o: 5578.92/1532.98/804.99) lat (ms,95%): 215.44 err/s: 0.00 reconn/s: 0.00
[ 195s ] thds: 64 tps: 399.07 qps: 7873.43 (r/w/o: 5473.99/1569.29/830.15) lat (ms,95%): 219.36 err/s: 0.00 reconn/s: 0.00
[ 196s ] thds: 64 tps: 393.03 qps: 7861.54 (r/w/o: 5519.38/1522.10/820.06) lat (ms,95%): 215.44 err/s: 0.00 reconn/s: 0.00
[ 197s ] thds: 64 tps: 389.81 qps: 7873.10 (r/w/o: 5526.27/1536.24/810.60) lat (ms,95%): 219.36 err/s: 0.00 reconn/s: 0.00
[ 198s ] thds: 64 tps: 393.04 qps: 7764.75 (r/w/o: 5408.52/1549.15/807.08) lat (ms,95%): 223.34 err/s: 0.00 reconn/s: 0.00
[ 199s ] thds: 64 tps: 391.96 qps: 7870.17 (r/w/o: 5543.42/1525.84/800.92) lat (ms,95%): 219.36 err/s: 0.00 reconn/s: 0.00
[ 200s ] thds: 64 tps: 387.87 qps: 7839.38 (r/w/o: 5445.18/1599.47/794.73) lat (ms,95%): 223.34 err/s: 0.00 reconn/s: 0.00
[ 201s ] thds: 64 tps: 396.02 qps: 7770.38 (r/w/o: 5443.27/1514.07/813.04) lat (ms,95%): 219.36 err/s: 0.00 reconn/s: 0.00
[ 202s ] thds: 64 tps: 391.16 qps: 8020.28 (r/w/o: 5623.30/1590.65/806.33) lat (ms,95%): 215.44 err/s: 0.00 reconn/s: 0.00
[ 203s ] thds: 64 tps: 397.80 qps: 7677.10 (r/w/o: 5335.29/1515.23/826.58) lat (ms,95%): 219.36 err/s: 0.00 reconn/s: 0.00
[ 204s ] thds: 64 tps: 387.32 qps: 8073.65 (r/w/o: 5711.71/1556.28/805.66) lat (ms,95%): 215.44 err/s: 0.00 reconn/s: 0.00
[ 205s ] thds: 64 tps: 402.98 qps: 7676.63 (r/w/o: 5324.74/1527.93/823.96) lat (ms,95%): 211.60 err/s: 0.00 reconn/s: 0.00
[ 206s ] thds: 64 tps: 387.00 qps: 7920.09 (r/w/o: 5573.07/1551.02/796.01) lat (ms,95%): 219.36 err/s: 0.00 reconn/s: 0.00
[ 207s ] thds: 64 tps: 393.69 qps: 7855.83 (r/w/o: 5500.68/1545.79/809.36) lat (ms,95%): 215.44 err/s: 0.00 reconn/s: 0.00
[ 208s ] thds: 64 tps: 396.29 qps: 7767.69 (r/w/o: 5375.94/1575.15/816.60) lat (ms,95%): 215.44 err/s: 0.00 reconn/s: 0.00
[ 209s ] thds: 64 tps: 384.02 qps: 8005.33 (r/w/o: 5711.24/1499.06/795.03) lat (ms,95%): 219.36 err/s: 0.00 reconn/s: 0.00
[ 210s ] thds: 64 tps: 399.90 qps: 7797.11 (r/w/o: 5396.69/1568.62/831.80) lat (ms,95%): 215.44 err/s: 0.00 reconn/s: 0.00
[ 211s ] thds: 64 tps: 393.95 qps: 7808.07 (r/w/o: 5442.35/1548.81/816.90) lat (ms,95%): 227.40 err/s: 0.00 reconn/s: 0.00
[ 212s ] thds: 64 tps: 389.15 qps: 7988.09 (r/w/o: 5669.19/1520.59/798.31) lat (ms,95%): 219.36 err/s: 0.00 reconn/s: 0.00
[ 213s ] thds: 64 tps: 400.94 qps: 7792.88 (r/w/o: 5385.22/1577.77/829.88) lat (ms,95%): 219.36 err/s: 0.00 reconn/s: 0.00
[ 214s ] thds: 64 tps: 389.02 qps: 7925.35 (r/w/o: 5607.25/1515.07/803.04) lat (ms,95%): 223.34 err/s: 0.00 reconn/s: 0.00
[ 215s ] thds: 64 tps: 396.63 qps: 7871.74 (r/w/o: 5472.95/1584.54/814.25) lat (ms,95%): 215.44 err/s: 0.00 reconn/s: 0.00
[ 216s ] thds: 64 tps: 392.40 qps: 7829.94 (r/w/o: 5504.58/1524.55/800.81) lat (ms,95%): 219.36 err/s: 0.00 reconn/s: 0.00
[ 217s ] thds: 64 tps: 390.72 qps: 7929.34 (r/w/o: 5542.04/1580.87/806.42) lat (ms,95%): 223.34 err/s: 0.00 reconn/s: 0.00
[ 218s ] thds: 64 tps: 394.31 qps: 7939.29 (r/w/o: 5583.42/1536.22/819.65) lat (ms,95%): 215.44 err/s: 0.00 reconn/s: 0.00
[ 219s ] thds: 64 tps: 394.88 qps: 7787.62 (r/w/o: 5432.34/1535.53/819.75) lat (ms,95%): 231.53 err/s: 0.00 reconn/s: 0.00
[ 220s ] thds: 64 tps: 395.07 qps: 7951.46 (r/w/o: 5557.02/1577.29/817.15) lat (ms,95%): 215.44 err/s: 0.00 reconn/s: 0.00
[ 221s ] thds: 64 tps: 397.88 qps: 7841.65 (r/w/o: 5469.36/1553.53/818.75) lat (ms,95%): 227.40 err/s: 0.00 reconn/s: 0.00
[ 222s ] thds: 64 tps: 394.12 qps: 7957.51 (r/w/o: 5578.76/1566.49/812.26) lat (ms,95%): 219.36 err/s: 0.00 reconn/s: 0.00
[ 223s ] thds: 64 tps: 396.86 qps: 7825.20 (r/w/o: 5471.05/1528.45/825.71) lat (ms,95%): 219.36 err/s: 0.00 reconn/s: 0.00
[ 224s ] thds: 64 tps: 394.05 qps: 7855.91 (r/w/o: 5470.63/1566.18/819.09) lat (ms,95%): 219.36 err/s: 0.00 reconn/s: 0.00
[ 225s ] thds: 64 tps: 390.80 qps: 8022.97 (r/w/o: 5673.15/1540.23/809.59) lat (ms,95%): 227.40 err/s: 0.00 reconn/s: 0.00
[ 226s ] thds: 64 tps: 394.94 qps: 7763.92 (r/w/o: 5410.24/1533.79/819.89) lat (ms,95%): 219.36 err/s: 0.00 reconn/s: 0.00
[ 227s ] thds: 64 tps: 390.24 qps: 7931.91 (r/w/o: 5548.43/1575.98/807.50) lat (ms,95%): 219.36 err/s: 0.00 reconn/s: 0.00
[ 228s ] thds: 64 tps: 393.96 qps: 7852.21 (r/w/o: 5539.44/1499.85/812.92) lat (ms,95%): 219.36 err/s: 0.00 reconn/s: 0.00
[ 229s ] thds: 64 tps: 391.13 qps: 7931.56 (r/w/o: 5500.78/1622.52/808.26) lat (ms,95%): 219.36 err/s: 0.00 reconn/s: 0.00
[ 230s ] thds: 64 tps: 395.93 qps: 7827.53 (r/w/o: 5488.97/1526.71/811.85) lat (ms,95%): 219.36 err/s: 0.00 reconn/s: 0.00
[ 231s ] thds: 64 tps: 396.99 qps: 7851.87 (r/w/o: 5503.91/1527.98/819.99) lat (ms,95%): 219.36 err/s: 0.00 reconn/s: 0.00
[ 232s ] thds: 64 tps: 393.08 qps: 7883.53 (r/w/o: 5517.07/1551.30/815.16) lat (ms,95%): 219.36 err/s: 0.00 reconn/s: 0.00
[ 233s ] thds: 64 tps: 392.01 qps: 7915.11 (r/w/o: 5574.07/1527.02/814.01) lat (ms,95%): 219.36 err/s: 0.00 reconn/s: 0.00
[ 234s ] thds: 64 tps: 392.02 qps: 7825.35 (r/w/o: 5467.24/1554.07/804.04) lat (ms,95%): 231.53 err/s: 0.00 reconn/s: 0.00
[ 235s ] thds: 64 tps: 391.83 qps: 7708.75 (r/w/o: 5353.74/1547.35/807.66) lat (ms,95%): 219.36 err/s: 0.00 reconn/s: 0.00
[ 236s ] thds: 64 tps: 395.09 qps: 8021.78 (r/w/o: 5634.25/1576.35/811.18) lat (ms,95%): 219.36 err/s: 0.00 reconn/s: 0.00
[ 237s ] thds: 64 tps: 396.02 qps: 7850.45 (r/w/o: 5494.31/1541.09/815.05) lat (ms,95%): 215.44 err/s: 0.00 reconn/s: 0.00
[ 238s ] thds: 64 tps: 393.97 qps: 7877.32 (r/w/o: 5512.53/1548.87/815.93) lat (ms,95%): 227.40 err/s: 0.00 reconn/s: 0.00
[ 239s ] thds: 64 tps: 395.96 qps: 7848.18 (r/w/o: 5468.43/1557.84/821.91) lat (ms,95%): 223.34 err/s: 0.00 reconn/s: 0.00
[ 240s ] thds: 64 tps: 394.11 qps: 7937.24 (r/w/o: 5573.57/1552.44/811.23) lat (ms,95%): 227.40 err/s: 0.00 reconn/s: 0.00
Latency histogram (values are in milliseconds)
       value  ------------- distribution ------------- count
      86.002 |                                         1
      87.564 |                                         1
      89.155 |                                         3
      90.775 |                                         1
      94.104 |                                         3
      95.814 |                                         7
      97.555 |                                         6
      99.327 |                                         11
     101.132 |                                         12
     102.969 |                                         33
     104.840 |                                         31
     106.745 |                                         52
     108.685 |*                                        100
     110.659 |*                                        170
     112.670 |**                                       208
     114.717 |***                                      321
     116.802 |*****                                    525
     118.924 |*******                                  824
     121.085 |**********                               1169
     123.285 |***************                          1690
     125.525 |*******************                      2265
     127.805 |*************************                2942
     130.128 |*********************************        3822
     132.492 |*************************************    4320
     134.899 |**************************************** 4652
     137.350 |************************************     4132
     139.846 |******************************           3532
     142.387 |************************                 2770
     144.974 |*********************                    2472
     147.608 |*******************                      2239
     150.290 |*********************                    2396
     153.021 |************************                 2762
     155.801 |*****************************            3375
     158.632 |*********************************        3845
     161.514 |*************************************    4353
     164.449 |**********************************       3960
     167.437 |*****************************            3398
     170.479 |*********************                    2447
     173.577 |****************                         1803
     176.731 |************                             1421
     179.942 |***********                              1252
     183.211 |**********                               1150
     186.540 |***********                              1241
     189.929 |*************                            1492
     193.380 |****************                         1916
     196.894 |********************                     2272
     200.472 |***********************                  2720
     204.114 |**************************               3004
     207.823 |*************************                2946
     211.599 |*********************                    2453
     215.443 |****************                         1844
     219.358 |***********                              1287
     223.344 |*******                                  832
     227.402 |*****                                    582
     231.534 |****                                     416
     235.740 |***                                      330
     240.024 |**                                       249
     244.385 |*                                        159
     248.825 |*                                        136
     253.346 |*                                        104
     257.950 |*                                        60
     262.636 |                                         34
     267.408 |                                         29
     272.267 |                                         14
     277.214 |                                         5
     282.251 |                                         4
     287.379 |                                         5
     292.601 |                                         1
     297.917 |                                         1
     376.494 |                                         1
 
SQL statistics:
    queries performed:
        read:                            1323979
        write:                           372146
        other:                           195437
        total:                           1891562
    transactions:                        94613  (393.91 per sec.)
    queries:                             1891562 (7875.34 per sec.)
    ignored errors:                      0      (0.00 per sec.)
    reconnects:                          0      (0.00 per sec.)

Throughput:
    events/s (eps):                      393.9125
    time elapsed:                        240.1885s
    total number of events:              94613

Latency (ms):
         min:                                   85.86
         avg:                                  162.46
         max:                                  375.79
         95th percentile:                      215.44
         sum:                             15370560.87

Threads fairness:
    events (avg/stddev):           1478.3281/252.19
    execution time (avg/stddev):   240.1650/0.06

