sysbench 1.1.0-3ceba0b (using bundled LuaJIT 2.1.0-beta3)

Running the test with following options:
Number of threads: 2048
Warmup time: 60s
Report intermediate results every 1 second(s)
Initializing random number generator from current time


Initializing worker threads...

Threads started!

Warming up for 60 seconds...

[ 1s ] thds: 2048 tps: 546.11 qps: 11233.68 (r/w/o: 7909.60/2161.93/1162.14) lat (ms,95%): 7754.26 err/s: 0.00 reconn/s: 0.00
[ 2s ] thds: 2048 tps: 365.00 qps: 8228.06 (r/w/o: 6115.05/1358.01/755.01) lat (ms,95%): 7754.26 err/s: 0.00 reconn/s: 0.00
[ 3s ] thds: 2048 tps: 356.00 qps: 7912.93 (r/w/o: 5649.95/1524.99/737.99) lat (ms,95%): 6713.97 err/s: 0.00 reconn/s: 0.00
[ 4s ] thds: 2048 tps: 355.67 qps: 8403.30 (r/w/o: 6111.40/1556.57/735.33) lat (ms,95%): 7615.89 err/s: 0.00 reconn/s: 0.00
[ 5s ] thds: 2048 tps: 446.07 qps: 7681.23 (r/w/o: 4844.77/1909.30/927.15) lat (ms,95%): 7615.89 err/s: 0.00 reconn/s: 0.00
[ 6s ] thds: 2048 tps: 429.04 qps: 7236.64 (r/w/o: 4723.42/1628.14/885.08) lat (ms,95%): 6835.96 err/s: 0.00 reconn/s: 0.00
[ 7s ] thds: 2048 tps: 357.00 qps: 6986.00 (r/w/o: 4955.00/1302.00/729.00) lat (ms,95%): 8184.67 err/s: 0.00 reconn/s: 0.00
[ 8s ] thds: 2048 tps: 397.27 qps: 7843.28 (r/w/o: 5582.76/1448.98/811.55) lat (ms,95%): 9284.15 err/s: 0.00 reconn/s: 0.00
[ 9s ] thds: 2048 tps: 439.70 qps: 8128.54 (r/w/o: 5504.30/1728.84/895.40) lat (ms,95%): 9452.83 err/s: 0.00 reconn/s: 0.00
[ 10s ] thds: 2048 tps: 411.31 qps: 8670.59 (r/w/o: 6320.80/1498.14/851.65) lat (ms,95%): 9799.46 err/s: 0.00 reconn/s: 0.00
[ 11s ] thds: 2048 tps: 382.70 qps: 8050.69 (r/w/o: 5790.46/1468.85/791.38) lat (ms,95%): 9452.83 err/s: 0.00 reconn/s: 0.00
[ 12s ] thds: 2048 tps: 335.24 qps: 8014.71 (r/w/o: 5891.20/1429.02/694.49) lat (ms,95%): 8184.67 err/s: 0.00 reconn/s: 0.00
[ 13s ] thds: 2048 tps: 627.99 qps: 13469.80 (r/w/o: 9384.86/2795.96/1288.98) lat (ms,95%): 8638.96 err/s: 0.00 reconn/s: 0.00
[ 14s ] thds: 2048 tps: 938.97 qps: 16964.42 (r/w/o: 11565.60/3445.88/1952.93) lat (ms,95%): 8638.96 err/s: 0.00 reconn/s: 0.00
[ 15s ] thds: 2048 tps: 743.74 qps: 13477.28 (r/w/o: 9130.80/2827.01/1519.47) lat (ms,95%): 8484.79 err/s: 0.00 reconn/s: 0.00
[ 16s ] thds: 2048 tps: 476.08 qps: 10333.65 (r/w/o: 7334.17/1983.32/1016.16) lat (ms,95%): 6594.16 err/s: 0.00 reconn/s: 0.00
[ 17s ] thds: 2048 tps: 595.07 qps: 10991.25 (r/w/o: 7577.87/2188.25/1225.14) lat (ms,95%): 6713.97 err/s: 0.00 reconn/s: 0.00
[ 18s ] thds: 2048 tps: 565.84 qps: 12026.50 (r/w/o: 8656.48/2190.36/1179.66) lat (ms,95%): 6960.17 err/s: 0.00 reconn/s: 0.00
[ 19s ] thds: 2048 tps: 376.11 qps: 8890.71 (r/w/o: 6628.02/1488.45/774.24) lat (ms,95%): 7215.39 err/s: 0.00 reconn/s: 0.00
[ 20s ] thds: 2048 tps: 424.03 qps: 8323.55 (r/w/o: 5758.38/1697.11/868.06) lat (ms,95%): 10343.39 err/s: 0.00 reconn/s: 0.00
[ 21s ] thds: 2048 tps: 384.96 qps: 7682.12 (r/w/o: 5152.41/1734.80/794.91) lat (ms,95%): 9977.52 err/s: 0.00 reconn/s: 0.00
[ 22s ] thds: 2048 tps: 390.91 qps: 7968.14 (r/w/o: 5650.68/1518.65/798.81) lat (ms,95%): 8955.74 err/s: 0.00 reconn/s: 0.00
[ 23s ] thds: 2048 tps: 417.10 qps: 7652.87 (r/w/o: 5099.24/1691.41/862.21) lat (ms,95%): 8638.96 err/s: 0.00 reconn/s: 0.00
[ 24s ] thds: 2048 tps: 420.05 qps: 6883.82 (r/w/o: 4663.56/1357.16/863.10) lat (ms,95%): 8795.93 err/s: 0.00 reconn/s: 0.00
[ 25s ] thds: 2048 tps: 360.01 qps: 7312.23 (r/w/o: 5437.17/1134.04/741.02) lat (ms,95%): 8184.67 err/s: 0.00 reconn/s: 0.00
[ 26s ] thds: 2048 tps: 346.02 qps: 9447.49 (r/w/o: 6824.36/1900.10/723.04) lat (ms,95%): 8484.79 err/s: 0.00 reconn/s: 0.00
[ 27s ] thds: 2048 tps: 455.80 qps: 7840.55 (r/w/o: 5204.71/1699.25/936.59) lat (ms,95%): 8955.74 err/s: 0.00 reconn/s: 0.00
[ 28s ] thds: 2048 tps: 417.99 qps: 8592.87 (r/w/o: 6129.90/1594.97/867.99) lat (ms,95%): 9118.47 err/s: 0.00 reconn/s: 0.00
[ 29s ] thds: 2048 tps: 384.13 qps: 7879.57 (r/w/o: 5452.78/1637.53/789.26) lat (ms,95%): 8638.96 err/s: 0.00 reconn/s: 0.00
[ 30s ] thds: 2048 tps: 397.91 qps: 6857.53 (r/w/o: 4749.98/1297.72/809.83) lat (ms,95%): 8638.96 err/s: 0.00 reconn/s: 0.00
[ 31s ] thds: 2048 tps: 707.18 qps: 15068.79 (r/w/o: 10802.72/2807.71/1458.37) lat (ms,95%): 10917.50 err/s: 0.00 reconn/s: 0.00
[ 32s ] thds: 2048 tps: 591.01 qps: 12283.28 (r/w/o: 8570.19/2504.06/1209.03) lat (ms,95%): 6247.39 err/s: 0.00 reconn/s: 0.00
[ 33s ] thds: 2048 tps: 520.99 qps: 11269.84 (r/w/o: 7987.89/2206.97/1074.98) lat (ms,95%): 6360.91 err/s: 0.00 reconn/s: 0.00
[ 34s ] thds: 2048 tps: 512.00 qps: 9149.97 (r/w/o: 5954.98/2129.99/1065.00) lat (ms,95%): 7215.39 err/s: 0.00 reconn/s: 0.00
[ 35s ] thds: 2048 tps: 726.73 qps: 12937.12 (r/w/o: 9030.59/2442.08/1464.45) lat (ms,95%): 7754.26 err/s: 0.00 reconn/s: 0.00
[ 36s ] thds: 2048 tps: 580.16 qps: 12152.36 (r/w/o: 8543.36/2451.68/1157.32) lat (ms,95%): 8184.67 err/s: 0.00 reconn/s: 0.00
[ 37s ] thds: 2048 tps: 430.00 qps: 8021.93 (r/w/o: 5603.95/1452.99/964.99) lat (ms,95%): 8795.93 err/s: 0.00 reconn/s: 0.00
[ 38s ] thds: 2048 tps: 337.92 qps: 7091.23 (r/w/o: 5089.73/1308.67/692.83) lat (ms,95%): 9284.15 err/s: 0.00 reconn/s: 0.00
[ 39s ] thds: 2048 tps: 354.14 qps: 8944.56 (r/w/o: 6622.64/1588.63/733.29) lat (ms,95%): 9977.52 err/s: 0.00 reconn/s: 0.00
[ 40s ] thds: 2048 tps: 395.93 qps: 8409.59 (r/w/o: 6001.99/1586.73/820.86) lat (ms,95%): 10158.80 err/s: 0.00 reconn/s: 0.00
[ 41s ] thds: 2048 tps: 402.09 qps: 7404.63 (r/w/o: 4792.06/1787.39/825.18) lat (ms,95%): 7615.89 err/s: 0.00 reconn/s: 0.00
[ 42s ] thds: 2048 tps: 402.53 qps: 7009.89 (r/w/o: 4686.58/1494.27/829.04) lat (ms,95%): 7346.49 err/s: 0.00 reconn/s: 0.00
[ 43s ] thds: 2048 tps: 433.45 qps: 7750.08 (r/w/o: 5530.77/1337.39/881.92) lat (ms,95%): 7754.26 err/s: 0.00 reconn/s: 0.00
[ 44s ] thds: 2048 tps: 327.01 qps: 9494.26 (r/w/o: 7050.20/1755.05/689.02) lat (ms,95%): 8484.79 err/s: 0.00 reconn/s: 0.00
[ 45s ] thds: 2048 tps: 449.97 qps: 6802.56 (r/w/o: 4224.72/1642.89/934.94) lat (ms,95%): 8955.74 err/s: 0.00 reconn/s: 0.00
[ 46s ] thds: 2048 tps: 404.01 qps: 7672.24 (r/w/o: 5304.16/1540.05/828.03) lat (ms,95%): 10158.80 err/s: 0.00 reconn/s: 0.00
[ 47s ] thds: 2048 tps: 383.78 qps: 8068.35 (r/w/o: 5887.60/1395.20/785.55) lat (ms,95%): 11317.84 err/s: 0.00 reconn/s: 0.00
[ 48s ] thds: 2048 tps: 381.89 qps: 7482.88 (r/w/o: 5352.48/1338.62/791.78) lat (ms,95%): 10722.67 err/s: 0.00 reconn/s: 0.00
[ 49s ] thds: 2048 tps: 350.30 qps: 9407.03 (r/w/o: 7067.03/1625.39/714.61) lat (ms,95%): 9624.59 err/s: 0.00 reconn/s: 0.00
[ 50s ] thds: 2048 tps: 405.91 qps: 7944.33 (r/w/o: 5404.87/1704.64/834.82) lat (ms,95%): 8955.74 err/s: 0.00 reconn/s: 0.00
[ 51s ] thds: 2048 tps: 713.16 qps: 13575.03 (r/w/o: 9179.05/2913.65/1482.33) lat (ms,95%): 8638.96 err/s: 0.00 reconn/s: 0.00
[ 52s ] thds: 2048 tps: 535.02 qps: 9695.43 (r/w/o: 6559.29/2040.09/1096.05) lat (ms,95%): 8795.93 err/s: 0.00 reconn/s: 0.00
[ 53s ] thds: 2048 tps: 484.98 qps: 9295.60 (r/w/o: 6433.72/1863.92/997.96) lat (ms,95%): 8484.79 err/s: 0.00 reconn/s: 0.00
[ 54s ] thds: 2048 tps: 768.68 qps: 15218.69 (r/w/o: 10847.50/2799.84/1571.35) lat (ms,95%): 8484.79 err/s: 0.00 reconn/s: 0.00
[ 55s ] thds: 2048 tps: 826.34 qps: 17579.16 (r/w/o: 12457.07/3386.38/1735.71) lat (ms,95%): 8638.96 err/s: 0.00 reconn/s: 0.00
[ 56s ] thds: 2048 tps: 289.97 qps: 5483.38 (r/w/o: 3857.56/1016.88/608.93) lat (ms,95%): 9118.47 err/s: 0.00 reconn/s: 0.00
[ 57s ] thds: 2048 tps: 322.00 qps: 7373.11 (r/w/o: 5171.08/1555.02/647.01) lat (ms,95%): 9624.59 err/s: 0.00 reconn/s: 0.00
[ 58s ] thds: 2048 tps: 493.70 qps: 9207.46 (r/w/o: 6436.12/1740.95/1030.38) lat (ms,95%): 9118.47 err/s: 0.00 reconn/s: 0.00
[ 59s ] thds: 2048 tps: 419.12 qps: 7741.16 (r/w/o: 5190.45/1681.47/869.24) lat (ms,95%): 8795.93 err/s: 0.00 reconn/s: 0.00
[ 60s ] thds: 2048 tps: 352.88 qps: 7607.48 (r/w/o: 5448.19/1426.53/732.76) lat (ms,95%): 8038.61 err/s: 0.00 reconn/s: 0.00
[ 61s ] thds: 2048 tps: 443.34 qps: 7671.97 (r/w/o: 5160.01/1604.25/907.71) lat (ms,95%): 8038.61 err/s: 0.00 reconn/s: 0.00
[ 62s ] thds: 2048 tps: 441.00 qps: 9971.93 (r/w/o: 7368.95/1689.99/912.99) lat (ms,95%): 8333.38 err/s: 0.00 reconn/s: 0.00
[ 63s ] thds: 2048 tps: 419.00 qps: 7883.92 (r/w/o: 5206.95/1814.98/861.99) lat (ms,95%): 9452.83 err/s: 0.00 reconn/s: 0.00
[ 64s ] thds: 2048 tps: 343.02 qps: 7341.40 (r/w/o: 5389.29/1252.07/700.04) lat (ms,95%): 9624.59 err/s: 0.00 reconn/s: 0.00
[ 65s ] thds: 2048 tps: 377.83 qps: 7796.41 (r/w/o: 5475.48/1540.29/780.64) lat (ms,95%): 9977.52 err/s: 0.00 reconn/s: 0.00
[ 66s ] thds: 2048 tps: 431.04 qps: 8288.70 (r/w/o: 5538.47/1855.16/895.08) lat (ms,95%): 9452.83 err/s: 0.00 reconn/s: 0.00
[ 67s ] thds: 2048 tps: 425.03 qps: 8596.67 (r/w/o: 6162.48/1549.12/885.07) lat (ms,95%): 11317.84 err/s: 0.00 reconn/s: 0.00
[ 68s ] thds: 2048 tps: 403.06 qps: 7094.01 (r/w/o: 4721.68/1535.22/837.12) lat (ms,95%): 12609.11 err/s: 0.00 reconn/s: 0.00
[ 69s ] thds: 2048 tps: 383.97 qps: 7220.38 (r/w/o: 5029.56/1401.88/788.93) lat (ms,95%): 13550.80 err/s: 0.00 reconn/s: 0.00
[ 70s ] thds: 2048 tps: 361.07 qps: 8352.67 (r/w/o: 6261.25/1349.27/742.15) lat (ms,95%): 8484.79 err/s: 0.00 reconn/s: 0.00
[ 71s ] thds: 2048 tps: 387.70 qps: 8854.17 (r/w/o: 6208.21/1836.58/809.38) lat (ms,95%): 8484.79 err/s: 0.00 reconn/s: 0.00
[ 72s ] thds: 2048 tps: 422.15 qps: 8026.86 (r/w/o: 5589.99/1572.56/864.31) lat (ms,95%): 8038.61 err/s: 0.00 reconn/s: 0.00
[ 73s ] thds: 2048 tps: 406.14 qps: 7842.78 (r/w/o: 5377.91/1619.57/845.30) lat (ms,95%): 8038.61 err/s: 0.00 reconn/s: 0.00
[ 74s ] thds: 2048 tps: 349.02 qps: 6103.34 (r/w/o: 4039.23/1343.08/721.04) lat (ms,95%): 8333.38 err/s: 0.00 reconn/s: 0.00
[ 75s ] thds: 2048 tps: 392.95 qps: 7255.07 (r/w/o: 5049.35/1401.82/803.90) lat (ms,95%): 8795.93 err/s: 0.00 reconn/s: 0.00
[ 76s ] thds: 2048 tps: 402.10 qps: 9042.22 (r/w/o: 6755.66/1463.36/823.20) lat (ms,95%): 8795.93 err/s: 0.00 reconn/s: 0.00
[ 77s ] thds: 2048 tps: 365.64 qps: 8626.41 (r/w/o: 6235.79/1626.38/764.24) lat (ms,95%): 7479.98 err/s: 0.00 reconn/s: 0.00
[ 78s ] thds: 2048 tps: 361.20 qps: 7516.06 (r/w/o: 4867.63/1898.03/750.41) lat (ms,95%): 7346.49 err/s: 0.00 reconn/s: 0.00
[ 79s ] thds: 2048 tps: 475.99 qps: 7180.89 (r/w/o: 4803.92/1403.98/972.98) lat (ms,95%): 7615.89 err/s: 0.00 reconn/s: 0.00
[ 80s ] thds: 2048 tps: 352.16 qps: 7590.53 (r/w/o: 5416.52/1447.67/726.34) lat (ms,95%): 8638.96 err/s: 0.00 reconn/s: 0.00
[ 81s ] thds: 2048 tps: 402.82 qps: 8037.32 (r/w/o: 5650.42/1559.29/827.62) lat (ms,95%): 8955.74 err/s: 0.00 reconn/s: 0.00
[ 82s ] thds: 2048 tps: 474.18 qps: 8892.30 (r/w/o: 6223.31/1693.63/975.36) lat (ms,95%): 9624.59 err/s: 0.00 reconn/s: 0.00
[ 83s ] thds: 2048 tps: 384.03 qps: 9619.76 (r/w/o: 7288.57/1540.12/791.06) lat (ms,95%): 10158.80 err/s: 0.00 reconn/s: 0.00
[ 84s ] thds: 2048 tps: 332.60 qps: 7399.06 (r/w/o: 5303.59/1401.31/694.16) lat (ms,95%): 9118.47 err/s: 0.00 reconn/s: 0.00
[ 85s ] thds: 2048 tps: 337.24 qps: 6966.90 (r/w/o: 4639.26/1625.14/702.49) lat (ms,95%): 8955.74 err/s: 0.00 reconn/s: 0.00
[ 86s ] thds: 2048 tps: 414.18 qps: 7426.24 (r/w/o: 4810.10/1760.77/855.37) lat (ms,95%): 8955.74 err/s: 0.00 reconn/s: 0.00
[ 87s ] thds: 2048 tps: 489.97 qps: 8592.45 (r/w/o: 5898.62/1683.89/1009.94) lat (ms,95%): 9118.47 err/s: 0.00 reconn/s: 0.00
[ 88s ] thds: 2048 tps: 462.06 qps: 9352.29 (r/w/o: 6662.92/1735.24/954.13) lat (ms,95%): 9118.47 err/s: 0.00 reconn/s: 0.00
[ 89s ] thds: 2048 tps: 490.83 qps: 9101.92 (r/w/o: 6106.93/1987.33/1007.66) lat (ms,95%): 9284.15 err/s: 0.00 reconn/s: 0.00
[ 90s ] thds: 2048 tps: 509.90 qps: 9809.01 (r/w/o: 6986.59/1786.64/1035.79) lat (ms,95%): 9284.15 err/s: 0.00 reconn/s: 0.00
[ 91s ] thds: 2048 tps: 450.09 qps: 9445.86 (r/w/o: 6820.34/1696.33/929.18) lat (ms,95%): 9452.83 err/s: 0.00 reconn/s: 0.00
[ 92s ] thds: 2048 tps: 318.96 qps: 7896.04 (r/w/o: 5771.30/1460.82/663.92) lat (ms,95%): 9977.52 err/s: 0.00 reconn/s: 0.00
[ 93s ] thds: 2048 tps: 368.03 qps: 7217.57 (r/w/o: 4832.38/1612.13/773.06) lat (ms,95%): 10531.32 err/s: 0.00 reconn/s: 0.00
[ 94s ] thds: 2048 tps: 430.13 qps: 7886.34 (r/w/o: 5367.59/1633.48/885.26) lat (ms,95%): 10531.32 err/s: 0.00 reconn/s: 0.00
[ 95s ] thds: 2048 tps: 424.88 qps: 7733.78 (r/w/o: 5315.47/1544.56/873.75) lat (ms,95%): 10917.50 err/s: 0.00 reconn/s: 0.00
[ 96s ] thds: 2048 tps: 439.71 qps: 9401.86 (r/w/o: 6692.63/1809.82/899.41) lat (ms,95%): 10722.67 err/s: 0.00 reconn/s: 0.00
[ 97s ] thds: 2048 tps: 401.33 qps: 7920.47 (r/w/o: 5674.64/1442.18/803.66) lat (ms,95%): 10158.80 err/s: 0.00 reconn/s: 0.00
[ 98s ] thds: 2048 tps: 356.99 qps: 8120.74 (r/w/o: 5816.82/1528.95/774.98) lat (ms,95%): 9452.83 err/s: 0.00 reconn/s: 0.00
[ 99s ] thds: 2048 tps: 401.88 qps: 7972.56 (r/w/o: 5480.32/1660.49/831.75) lat (ms,95%): 8038.61 err/s: 0.00 reconn/s: 0.00
[ 100s ] thds: 2048 tps: 408.16 qps: 7139.85 (r/w/o: 4842.93/1445.58/851.34) lat (ms,95%): 8038.61 err/s: 0.00 reconn/s: 0.00
[ 101s ] thds: 2048 tps: 455.61 qps: 8859.33 (r/w/o: 6212.62/1710.52/936.19) lat (ms,95%): 8484.79 err/s: 0.00 reconn/s: 0.00
[ 102s ] thds: 2048 tps: 452.43 qps: 10298.88 (r/w/o: 7452.15/1912.83/933.90) lat (ms,95%): 9452.83 err/s: 0.00 reconn/s: 0.00
[ 103s ] thds: 2048 tps: 433.81 qps: 8431.22 (r/w/o: 5807.40/1735.22/888.60) lat (ms,95%): 10531.32 err/s: 0.00 reconn/s: 0.00
[ 104s ] thds: 2048 tps: 458.18 qps: 9011.53 (r/w/o: 6207.43/1853.73/950.37) lat (ms,95%): 10531.32 err/s: 0.00 reconn/s: 0.00
[ 105s ] thds: 2048 tps: 468.81 qps: 8451.64 (r/w/o: 5698.74/1786.29/966.62) lat (ms,95%): 10722.67 err/s: 0.00 reconn/s: 0.00
[ 106s ] thds: 2048 tps: 417.10 qps: 8483.09 (r/w/o: 6141.52/1487.37/854.21) lat (ms,95%): 10917.50 err/s: 0.00 reconn/s: 0.00
[ 107s ] thds: 2048 tps: 369.06 qps: 7940.24 (r/w/o: 5579.87/1581.25/779.12) lat (ms,95%): 11317.84 err/s: 0.00 reconn/s: 0.00
[ 108s ] thds: 2048 tps: 396.64 qps: 7253.37 (r/w/o: 4891.53/1546.59/815.26) lat (ms,95%): 10531.32 err/s: 0.00 reconn/s: 0.00
[ 109s ] thds: 2048 tps: 404.42 qps: 7977.26 (r/w/o: 5658.86/1493.55/824.85) lat (ms,95%): 10917.50 err/s: 0.00 reconn/s: 0.00
[ 110s ] thds: 2048 tps: 378.84 qps: 7703.77 (r/w/o: 5515.69/1415.41/772.68) lat (ms,95%): 9624.59 err/s: 0.00 reconn/s: 0.00
[ 111s ] thds: 2048 tps: 423.03 qps: 9776.77 (r/w/o: 7134.56/1767.14/875.07) lat (ms,95%): 8484.79 err/s: 0.00 reconn/s: 0.00
[ 112s ] thds: 2048 tps: 420.94 qps: 8952.74 (r/w/o: 6252.12/1817.74/882.88) lat (ms,95%): 8333.38 err/s: 0.00 reconn/s: 0.00
[ 113s ] thds: 2048 tps: 505.21 qps: 9250.78 (r/w/o: 6230.54/1976.81/1043.43) lat (ms,95%): 9624.59 err/s: 0.00 reconn/s: 0.00
[ 114s ] thds: 2048 tps: 513.87 qps: 9745.61 (r/w/o: 6601.38/2070.49/1073.74) lat (ms,95%): 9799.46 err/s: 0.00 reconn/s: 0.00
[ 115s ] thds: 2048 tps: 523.05 qps: 9489.88 (r/w/o: 6613.62/1794.17/1082.10) lat (ms,95%): 9977.52 err/s: 0.00 reconn/s: 0.00
[ 116s ] thds: 2048 tps: 377.97 qps: 8460.30 (r/w/o: 6230.49/1444.88/784.94) lat (ms,95%): 11317.84 err/s: 0.00 reconn/s: 0.00
[ 117s ] thds: 2048 tps: 359.11 qps: 8127.38 (r/w/o: 5820.70/1556.46/750.22) lat (ms,95%): 11946.04 err/s: 0.00 reconn/s: 0.00
[ 118s ] thds: 2048 tps: 408.96 qps: 7588.21 (r/w/o: 5079.47/1663.83/844.91) lat (ms,95%): 12384.09 err/s: 0.00 reconn/s: 0.00
[ 119s ] thds: 2048 tps: 480.92 qps: 9599.38 (r/w/o: 6658.88/1949.67/990.83) lat (ms,95%): 11317.84 err/s: 0.00 reconn/s: 0.00
[ 120s ] thds: 2048 tps: 488.10 qps: 9517.01 (r/w/o: 6778.43/1727.36/1011.21) lat (ms,95%): 10917.50 err/s: 0.00 reconn/s: 0.00
[ 121s ] thds: 2048 tps: 420.91 qps: 8795.20 (r/w/o: 6099.75/1826.63/868.82) lat (ms,95%): 8955.74 err/s: 0.00 reconn/s: 0.00
[ 122s ] thds: 2048 tps: 385.05 qps: 7291.98 (r/w/o: 5114.69/1376.19/801.11) lat (ms,95%): 11115.87 err/s: 0.00 reconn/s: 0.00
[ 123s ] thds: 2048 tps: 377.80 qps: 8868.20 (r/w/o: 6530.46/1561.15/776.58) lat (ms,95%): 10722.67 err/s: 0.00 reconn/s: 0.00
[ 124s ] thds: 2048 tps: 761.30 qps: 14985.86 (r/w/o: 10325.04/3080.20/1580.62) lat (ms,95%): 10158.80 err/s: 0.00 reconn/s: 0.00
[ 125s ] thds: 2048 tps: 782.02 qps: 15610.36 (r/w/o: 10880.25/3106.07/1624.04) lat (ms,95%): 12384.09 err/s: 0.00 reconn/s: 0.00
[ 126s ] thds: 2048 tps: 691.06 qps: 13594.21 (r/w/o: 9419.84/2758.25/1416.13) lat (ms,95%): 6360.91 err/s: 0.00 reconn/s: 0.00
[ 127s ] thds: 2048 tps: 592.03 qps: 11281.49 (r/w/o: 7909.34/2136.09/1236.05) lat (ms,95%): 12838.21 err/s: 0.00 reconn/s: 0.00
[ 128s ] thds: 2048 tps: 523.94 qps: 11480.70 (r/w/o: 8155.08/2262.74/1062.88) lat (ms,95%): 14047.70 err/s: 0.00 reconn/s: 0.00
[ 129s ] thds: 2048 tps: 510.03 qps: 8265.55 (r/w/o: 5272.35/1892.13/1101.07) lat (ms,95%): 14302.94 err/s: 0.00 reconn/s: 0.00
[ 130s ] thds: 2048 tps: 386.90 qps: 6888.21 (r/w/o: 4725.77/1366.65/795.79) lat (ms,95%): 14047.70 err/s: 0.00 reconn/s: 0.00
[ 131s ] thds: 2048 tps: 379.99 qps: 7393.79 (r/w/o: 5214.85/1403.96/774.98) lat (ms,95%): 13797.01 err/s: 0.00 reconn/s: 0.00
[ 132s ] thds: 2048 tps: 398.16 qps: 8769.47 (r/w/o: 6504.57/1449.57/815.32) lat (ms,95%): 13071.47 err/s: 0.00 reconn/s: 0.00
[ 133s ] thds: 2048 tps: 340.86 qps: 8819.50 (r/w/o: 6539.41/1568.38/711.72) lat (ms,95%): 11317.84 err/s: 0.00 reconn/s: 0.00
[ 134s ] thds: 2048 tps: 377.03 qps: 7990.63 (r/w/o: 5670.45/1544.12/776.06) lat (ms,95%): 10531.32 err/s: 0.00 reconn/s: 0.00
[ 135s ] thds: 2048 tps: 386.04 qps: 7457.79 (r/w/o: 4971.53/1684.18/802.09) lat (ms,95%): 9799.46 err/s: 0.00 reconn/s: 0.00
[ 136s ] thds: 2048 tps: 438.04 qps: 7725.68 (r/w/o: 5192.46/1638.14/895.08) lat (ms,95%): 8955.74 err/s: 0.00 reconn/s: 0.00
[ 137s ] thds: 2048 tps: 403.04 qps: 7726.84 (r/w/o: 5347.58/1547.17/832.09) lat (ms,95%): 9452.83 err/s: 0.00 reconn/s: 0.00
[ 138s ] thds: 2048 tps: 424.74 qps: 7952.10 (r/w/o: 5491.61/1584.02/876.46) lat (ms,95%): 9624.59 err/s: 0.00 reconn/s: 0.00
[ 139s ] thds: 2048 tps: 419.12 qps: 8577.53 (r/w/o: 6038.78/1676.50/862.25) lat (ms,95%): 9977.52 err/s: 0.00 reconn/s: 0.00
[ 140s ] thds: 2048 tps: 425.14 qps: 8322.81 (r/w/o: 5711.93/1733.58/877.30) lat (ms,95%): 11732.86 err/s: 0.00 reconn/s: 0.00
[ 141s ] thds: 2048 tps: 377.01 qps: 7038.26 (r/w/o: 5064.19/1207.04/767.03) lat (ms,95%): 12163.09 err/s: 0.00 reconn/s: 0.00
[ 142s ] thds: 2048 tps: 331.89 qps: 8335.21 (r/w/o: 6144.95/1500.50/689.77) lat (ms,95%): 13308.98 err/s: 0.00 reconn/s: 0.00
[ 143s ] thds: 2048 tps: 410.00 qps: 7597.09 (r/w/o: 5248.06/1509.02/840.01) lat (ms,95%): 14047.70 err/s: 0.00 reconn/s: 0.00
[ 144s ] thds: 2048 tps: 394.96 qps: 8014.16 (r/w/o: 5583.42/1610.83/819.91) lat (ms,95%): 9284.15 err/s: 0.00 reconn/s: 0.00
[ 145s ] thds: 2048 tps: 389.06 qps: 7976.23 (r/w/o: 5719.89/1449.22/807.12) lat (ms,95%): 11946.04 err/s: 0.00 reconn/s: 0.00
[ 146s ] thds: 2048 tps: 376.95 qps: 8050.88 (r/w/o: 5727.20/1545.79/777.89) lat (ms,95%): 11523.48 err/s: 0.00 reconn/s: 0.00
[ 147s ] thds: 2048 tps: 389.03 qps: 7681.56 (r/w/o: 5269.39/1607.12/805.06) lat (ms,95%): 13550.80 err/s: 0.00 reconn/s: 0.00
[ 148s ] thds: 2048 tps: 378.11 qps: 7793.26 (r/w/o: 5454.58/1557.45/781.23) lat (ms,95%): 13550.80 err/s: 0.00 reconn/s: 0.00
[ 149s ] thds: 2048 tps: 430.85 qps: 7675.28 (r/w/o: 5224.15/1559.45/891.68) lat (ms,95%): 14047.70 err/s: 0.00 reconn/s: 0.00
[ 150s ] thds: 2048 tps: 376.03 qps: 7919.59 (r/w/o: 5656.42/1492.11/771.06) lat (ms,95%): 14047.70 err/s: 0.00 reconn/s: 0.00
[ 151s ] thds: 2048 tps: 353.01 qps: 7918.20 (r/w/o: 5581.14/1604.04/733.02) lat (ms,95%): 15371.13 err/s: 0.00 reconn/s: 0.00
[ 152s ] thds: 2048 tps: 458.01 qps: 8155.21 (r/w/o: 5403.14/1798.05/954.02) lat (ms,95%): 15934.78 err/s: 0.00 reconn/s: 0.00
[ 153s ] thds: 2048 tps: 406.95 qps: 7106.12 (r/w/o: 4880.39/1392.83/832.90) lat (ms,95%): 15096.83 err/s: 0.00 reconn/s: 0.00
[ 154s ] thds: 2048 tps: 377.07 qps: 7554.34 (r/w/o: 5320.95/1447.26/786.14) lat (ms,95%): 14827.42 err/s: 0.00 reconn/s: 0.00
[ 155s ] thds: 2048 tps: 366.89 qps: 7557.68 (r/w/o: 5359.35/1443.56/754.77) lat (ms,95%): 12838.21 err/s: 0.00 reconn/s: 0.00
[ 156s ] thds: 2048 tps: 393.14 qps: 8203.97 (r/w/o: 5897.13/1488.54/818.30) lat (ms,95%): 11317.84 err/s: 0.00 reconn/s: 0.00
[ 157s ] thds: 2048 tps: 350.84 qps: 8527.17 (r/w/o: 6351.15/1440.35/735.67) lat (ms,95%): 14827.42 err/s: 0.00 reconn/s: 0.00
[ 158s ] thds: 2048 tps: 417.17 qps: 8522.57 (r/w/o: 5872.46/1789.75/860.36) lat (ms,95%): 10917.50 err/s: 0.00 reconn/s: 0.00
[ 159s ] thds: 2048 tps: 404.93 qps: 7481.65 (r/w/o: 5101.08/1547.72/832.85) lat (ms,95%): 11946.04 err/s: 0.00 reconn/s: 0.00
[ 160s ] thds: 2048 tps: 405.16 qps: 8177.27 (r/w/o: 5632.25/1688.68/856.34) lat (ms,95%): 13071.47 err/s: 0.00 reconn/s: 0.00
[ 161s ] thds: 2048 tps: 409.79 qps: 7270.28 (r/w/o: 4809.54/1625.17/835.57) lat (ms,95%): 12838.21 err/s: 0.00 reconn/s: 0.00
[ 162s ] thds: 2048 tps: 434.14 qps: 8251.57 (r/w/o: 5838.82/1518.47/894.28) lat (ms,95%): 12609.11 err/s: 0.00 reconn/s: 0.00
[ 163s ] thds: 2048 tps: 373.95 qps: 7345.93 (r/w/o: 5086.26/1481.78/777.89) lat (ms,95%): 13071.47 err/s: 0.00 reconn/s: 0.00
[ 164s ] thds: 2048 tps: 367.96 qps: 7877.24 (r/w/o: 5645.45/1468.86/762.93) lat (ms,95%): 13071.47 err/s: 0.00 reconn/s: 0.00
[ 165s ] thds: 2048 tps: 424.86 qps: 9273.85 (r/w/o: 6799.69/1607.45/866.71) lat (ms,95%): 15096.83 err/s: 0.00 reconn/s: 0.00
[ 166s ] thds: 2048 tps: 373.26 qps: 7391.17 (r/w/o: 5073.55/1541.08/776.54) lat (ms,95%): 16224.31 err/s: 0.00 reconn/s: 0.00
[ 167s ] thds: 2048 tps: 386.01 qps: 7772.14 (r/w/o: 5417.09/1560.03/795.01) lat (ms,95%): 13550.80 err/s: 0.00 reconn/s: 0.00
[ 168s ] thds: 2048 tps: 390.86 qps: 7684.20 (r/w/o: 5173.12/1714.38/796.71) lat (ms,95%): 11946.04 err/s: 0.00 reconn/s: 0.00
[ 169s ] thds: 2048 tps: 412.92 qps: 6908.68 (r/w/o: 4619.11/1437.72/851.84) lat (ms,95%): 10531.32 err/s: 0.00 reconn/s: 0.00
[ 170s ] thds: 2048 tps: 411.08 qps: 8310.70 (r/w/o: 5965.22/1493.31/852.17) lat (ms,95%): 10158.80 err/s: 0.00 reconn/s: 0.00
[ 171s ] thds: 2048 tps: 368.16 qps: 7559.19 (r/w/o: 5255.21/1548.65/755.32) lat (ms,95%): 8484.79 err/s: 0.00 reconn/s: 0.00
[ 172s ] thds: 2048 tps: 350.97 qps: 7594.45 (r/w/o: 5501.60/1367.90/724.95) lat (ms,95%): 10531.32 err/s: 0.00 reconn/s: 0.00
[ 173s ] thds: 2048 tps: 408.00 qps: 8321.04 (r/w/o: 5880.03/1598.01/843.00) lat (ms,95%): 13797.01 err/s: 0.00 reconn/s: 0.00
[ 174s ] thds: 2048 tps: 397.84 qps: 8097.69 (r/w/o: 5728.66/1543.37/825.66) lat (ms,95%): 9624.59 err/s: 0.00 reconn/s: 0.00
[ 175s ] thds: 2048 tps: 354.00 qps: 7284.02 (r/w/o: 5171.01/1373.00/740.00) lat (ms,95%): 9452.83 err/s: 0.00 reconn/s: 0.00
[ 176s ] thds: 2048 tps: 374.09 qps: 8272.93 (r/w/o: 6034.41/1469.34/769.18) lat (ms,95%): 10158.80 err/s: 0.00 reconn/s: 0.00
[ 177s ] thds: 2048 tps: 458.88 qps: 9250.66 (r/w/o: 6246.42/2050.48/953.76) lat (ms,95%): 10722.67 err/s: 0.00 reconn/s: 0.00
[ 178s ] thds: 2048 tps: 457.20 qps: 7853.38 (r/w/o: 5371.31/1540.66/941.41) lat (ms,95%): 12163.09 err/s: 0.00 reconn/s: 0.00
[ 179s ] thds: 2048 tps: 420.93 qps: 8482.62 (r/w/o: 5752.06/1858.70/871.86) lat (ms,95%): 12609.11 err/s: 0.00 reconn/s: 0.00
[ 180s ] thds: 2048 tps: 293.04 qps: 5673.68 (r/w/o: 4017.48/1051.13/605.07) lat (ms,95%): 13308.98 err/s: 0.00 reconn/s: 0.00
[ 181s ] thds: 2048 tps: 404.91 qps: 7732.32 (r/w/o: 5149.88/1742.62/839.82) lat (ms,95%): 12838.21 err/s: 0.00 reconn/s: 0.00
[ 182s ] thds: 2048 tps: 433.99 qps: 7412.75 (r/w/o: 5100.83/1425.95/885.97) lat (ms,95%): 12384.09 err/s: 0.00 reconn/s: 0.00
[ 183s ] thds: 2048 tps: 390.82 qps: 8289.10 (r/w/o: 5940.21/1542.27/806.62) lat (ms,95%): 12384.09 err/s: 0.00 reconn/s: 0.00
[ 184s ] thds: 2048 tps: 402.05 qps: 8485.03 (r/w/o: 6169.75/1479.18/836.10) lat (ms,95%): 12163.09 err/s: 0.00 reconn/s: 0.00
[ 185s ] thds: 2048 tps: 349.05 qps: 7772.12 (r/w/o: 5728.83/1324.19/719.10) lat (ms,95%): 12163.09 err/s: 0.00 reconn/s: 0.00
[ 186s ] thds: 2048 tps: 358.99 qps: 8608.86 (r/w/o: 6247.90/1622.97/737.99) lat (ms,95%): 10917.50 err/s: 0.00 reconn/s: 0.00
[ 187s ] thds: 2048 tps: 417.02 qps: 8233.48 (r/w/o: 5598.33/1768.10/867.05) lat (ms,95%): 10343.39 err/s: 0.00 reconn/s: 0.00
[ 188s ] thds: 2048 tps: 390.94 qps: 7889.71 (r/w/o: 5541.10/1541.75/806.87) lat (ms,95%): 10343.39 err/s: 0.00 reconn/s: 0.00
[ 189s ] thds: 2048 tps: 362.05 qps: 7365.06 (r/w/o: 4965.71/1645.24/754.11) lat (ms,95%): 10343.39 err/s: 0.00 reconn/s: 0.00
[ 190s ] thds: 2048 tps: 401.04 qps: 7262.69 (r/w/o: 4934.47/1500.14/828.08) lat (ms,95%): 8795.93 err/s: 0.00 reconn/s: 0.00
[ 191s ] thds: 2048 tps: 387.03 qps: 7647.65 (r/w/o: 5315.45/1531.13/801.07) lat (ms,95%): 11732.86 err/s: 0.00 reconn/s: 0.00
[ 192s ] thds: 2048 tps: 386.93 qps: 7632.64 (r/w/o: 5318.05/1507.73/806.86) lat (ms,95%): 14302.94 err/s: 0.00 reconn/s: 0.00
[ 193s ] thds: 2048 tps: 448.05 qps: 8458.92 (r/w/o: 6046.65/1489.16/923.10) lat (ms,95%): 14562.82 err/s: 0.00 reconn/s: 0.00
[ 194s ] thds: 2048 tps: 358.02 qps: 7874.40 (r/w/o: 5520.28/1613.08/741.04) lat (ms,95%): 14827.42 err/s: 0.00 reconn/s: 0.00
[ 195s ] thds: 2048 tps: 403.15 qps: 7404.71 (r/w/o: 5068.85/1506.55/829.30) lat (ms,95%): 16224.31 err/s: 0.00 reconn/s: 0.00
[ 196s ] thds: 2048 tps: 428.78 qps: 8277.71 (r/w/o: 5760.01/1629.16/888.54) lat (ms,95%): 16819.24 err/s: 0.00 reconn/s: 0.00
[ 197s ] thds: 2048 tps: 395.03 qps: 7926.53 (r/w/o: 5625.37/1488.10/813.05) lat (ms,95%): 15650.42 err/s: 0.00 reconn/s: 0.00
[ 198s ] thds: 2048 tps: 373.98 qps: 7918.66 (r/w/o: 5685.76/1461.94/770.97) lat (ms,95%): 14827.42 err/s: 0.00 reconn/s: 0.00
[ 199s ] thds: 2048 tps: 375.99 qps: 8430.83 (r/w/o: 6077.87/1570.97/781.98) lat (ms,95%): 13071.47 err/s: 0.00 reconn/s: 0.00
[ 200s ] thds: 2048 tps: 422.02 qps: 7969.33 (r/w/o: 5183.21/1913.08/873.04) lat (ms,95%): 11317.84 err/s: 0.00 reconn/s: 0.00
[ 201s ] thds: 2048 tps: 420.19 qps: 6830.07 (r/w/o: 4543.04/1426.64/860.39) lat (ms,95%): 9624.59 err/s: 0.00 reconn/s: 0.00
[ 202s ] thds: 2048 tps: 323.90 qps: 7090.72 (r/w/o: 5131.35/1289.59/669.78) lat (ms,95%): 9799.46 err/s: 0.00 reconn/s: 0.00
[ 203s ] thds: 2048 tps: 399.02 qps: 7892.44 (r/w/o: 5580.31/1488.08/824.05) lat (ms,95%): 10343.39 err/s: 0.00 reconn/s: 0.00
[ 204s ] thds: 2048 tps: 413.98 qps: 8644.59 (r/w/o: 6115.71/1673.92/854.96) lat (ms,95%): 10343.39 err/s: 0.00 reconn/s: 0.00
[ 205s ] thds: 2048 tps: 396.95 qps: 8332.92 (r/w/o: 6011.22/1499.81/821.89) lat (ms,95%): 10343.39 err/s: 0.00 reconn/s: 0.00
[ 206s ] thds: 2048 tps: 387.00 qps: 7514.05 (r/w/o: 5107.03/1605.01/802.01) lat (ms,95%): 8795.93 err/s: 0.00 reconn/s: 0.00
[ 207s ] thds: 2048 tps: 369.17 qps: 7365.48 (r/w/o: 5028.38/1572.74/764.36) lat (ms,95%): 8184.67 err/s: 0.00 reconn/s: 0.00
[ 208s ] thds: 2048 tps: 564.57 qps: 10596.94 (r/w/o: 7416.36/2022.46/1158.12) lat (ms,95%): 11317.84 err/s: 0.00 reconn/s: 0.00
[ 209s ] thds: 2048 tps: 486.37 qps: 10146.67 (r/w/o: 7224.46/1933.46/988.75) lat (ms,95%): 13071.47 err/s: 0.00 reconn/s: 0.00
[ 210s ] thds: 2048 tps: 480.77 qps: 9855.30 (r/w/o: 6863.73/2007.04/984.53) lat (ms,95%): 13308.98 err/s: 0.00 reconn/s: 0.00
[ 211s ] thds: 2048 tps: 667.05 qps: 13333.06 (r/w/o: 9383.75/2546.20/1403.11) lat (ms,95%): 11317.84 err/s: 0.00 reconn/s: 0.00
[ 212s ] thds: 2048 tps: 805.27 qps: 15393.11 (r/w/o: 10639.53/3101.03/1652.55) lat (ms,95%): 8638.96 err/s: 0.00 reconn/s: 0.00
[ 213s ] thds: 2048 tps: 374.73 qps: 8046.27 (r/w/o: 5801.87/1468.95/775.45) lat (ms,95%): 12163.09 err/s: 0.00 reconn/s: 0.00
[ 214s ] thds: 2048 tps: 393.22 qps: 8315.62 (r/w/o: 5871.26/1626.90/817.45) lat (ms,95%): 10917.50 err/s: 0.00 reconn/s: 0.00
[ 215s ] thds: 2048 tps: 431.86 qps: 8610.28 (r/w/o: 6019.10/1701.46/889.72) lat (ms,95%): 10917.50 err/s: 0.00 reconn/s: 0.00
[ 216s ] thds: 2048 tps: 363.01 qps: 7946.23 (r/w/o: 5696.17/1507.04/743.02) lat (ms,95%): 11523.48 err/s: 0.00 reconn/s: 0.00
[ 217s ] thds: 2048 tps: 419.88 qps: 7576.84 (r/w/o: 5116.54/1605.54/854.76) lat (ms,95%): 11946.04 err/s: 0.00 reconn/s: 0.00
[ 218s ] thds: 2048 tps: 361.12 qps: 7333.49 (r/w/o: 5195.77/1384.47/753.26) lat (ms,95%): 11732.86 err/s: 0.00 reconn/s: 0.00
[ 219s ] thds: 2048 tps: 440.17 qps: 8583.31 (r/w/o: 5914.28/1778.69/890.34) lat (ms,95%): 13308.98 err/s: 0.00 reconn/s: 0.00
[ 220s ] thds: 2048 tps: 412.81 qps: 8587.98 (r/w/o: 6087.15/1648.23/852.60) lat (ms,95%): 12609.11 err/s: 0.00 reconn/s: 0.00
[ 221s ] thds: 2048 tps: 393.96 qps: 7932.24 (r/w/o: 5467.48/1628.84/835.92) lat (ms,95%): 13797.01 err/s: 0.00 reconn/s: 0.00
[ 222s ] thds: 2048 tps: 354.11 qps: 6832.13 (r/w/o: 4665.46/1422.44/744.23) lat (ms,95%): 12609.11 err/s: 0.00 reconn/s: 0.00
[ 223s ] thds: 2048 tps: 401.87 qps: 6765.88 (r/w/o: 4457.60/1474.54/833.74) lat (ms,95%): 13550.80 err/s: 0.00 reconn/s: 0.00
[ 224s ] thds: 2048 tps: 510.28 qps: 10403.79 (r/w/o: 7578.22/1775.99/1049.58) lat (ms,95%): 15096.83 err/s: 0.00 reconn/s: 0.00
[ 225s ] thds: 2048 tps: 362.81 qps: 7803.92 (r/w/o: 5392.18/1666.13/745.61) lat (ms,95%): 13550.80 err/s: 0.00 reconn/s: 0.00
[ 226s ] thds: 2048 tps: 371.96 qps: 7145.32 (r/w/o: 5144.51/1238.88/761.93) lat (ms,95%): 12609.11 err/s: 0.00 reconn/s: 0.00
[ 227s ] thds: 2048 tps: 356.05 qps: 7015.92 (r/w/o: 4742.62/1536.20/737.10) lat (ms,95%): 13308.98 err/s: 0.00 reconn/s: 0.00
[ 228s ] thds: 2048 tps: 384.98 qps: 7934.62 (r/w/o: 5791.72/1353.94/788.96) lat (ms,95%): 13071.47 err/s: 0.00 reconn/s: 0.00
[ 229s ] thds: 2048 tps: 444.99 qps: 9451.89 (r/w/o: 6621.92/1904.98/924.99) lat (ms,95%): 11946.04 err/s: 0.00 reconn/s: 0.00
[ 230s ] thds: 2048 tps: 400.01 qps: 7844.15 (r/w/o: 5487.11/1531.03/826.02) lat (ms,95%): 12163.09 err/s: 0.00 reconn/s: 0.00
[ 231s ] thds: 2048 tps: 360.09 qps: 7587.91 (r/w/o: 5377.35/1470.37/740.19) lat (ms,95%): 12838.21 err/s: 0.00 reconn/s: 0.00
[ 232s ] thds: 2048 tps: 371.89 qps: 7313.80 (r/w/o: 5048.48/1496.55/768.77) lat (ms,95%): 12838.21 err/s: 0.00 reconn/s: 0.00
[ 233s ] thds: 2048 tps: 389.22 qps: 7080.09 (r/w/o: 4784.76/1491.86/803.46) lat (ms,95%): 11946.04 err/s: 0.00 reconn/s: 0.00
[ 234s ] thds: 2048 tps: 402.00 qps: 8619.90 (r/w/o: 6201.93/1590.98/826.99) lat (ms,95%): 10343.39 err/s: 0.00 reconn/s: 0.00
[ 235s ] thds: 2048 tps: 428.78 qps: 8779.43 (r/w/o: 6113.82/1775.08/890.54) lat (ms,95%): 10531.32 err/s: 0.00 reconn/s: 0.00
[ 236s ] thds: 2048 tps: 366.01 qps: 7016.22 (r/w/o: 4864.15/1399.04/753.02) lat (ms,95%): 9452.83 err/s: 0.00 reconn/s: 0.00
[ 237s ] thds: 2048 tps: 386.91 qps: 7534.16 (r/w/o: 5303.71/1438.65/791.81) lat (ms,95%): 8638.96 err/s: 0.00 reconn/s: 0.00
[ 238s ] thds: 2048 tps: 347.06 qps: 7506.37 (r/w/o: 5331.97/1446.26/728.13) lat (ms,95%): 8638.96 err/s: 0.00 reconn/s: 0.00
[ 239s ] thds: 2048 tps: 367.01 qps: 7324.15 (r/w/o: 5217.11/1362.03/745.02) lat (ms,95%): 8184.67 err/s: 0.00 reconn/s: 0.00
[ 240s ] thds: 2048 tps: 424.23 qps: 8514.63 (r/w/o: 5752.13/1879.02/883.48) lat (ms,95%): 9624.59 err/s: 0.00 reconn/s: 0.00
[ 241s ] thds: 2046 tps: 386.83 qps: 5088.78 (r/w/o: 3349.54/1342.42/396.83) lat (ms,95%): 9118.47 err/s: 0.00 reconn/s: 0.00
[ 242s ] thds: 2044 tps: 279.12 qps: 3931.70 (r/w/o: 2591.12/1033.45/307.13) lat (ms,95%): 9977.52 err/s: 0.00 reconn/s: 0.00
[ 243s ] thds: 2029 tps: 375.02 qps: 4721.19 (r/w/o: 2947.12/1374.06/400.02) lat (ms,95%): 11115.87 err/s: 0.00 reconn/s: 0.00
[ 244s ] thds: 2001 tps: 261.00 qps: 2670.98 (r/w/o: 1409.99/987.99/273.00) lat (ms,95%): 20137.61 err/s: 0.00 reconn/s: 0.00
[ 245s ] thds: 1976 tps: 286.95 qps: 1914.67 (r/w/o: 602.90/1010.83/300.95) lat (ms,95%): 11317.84 err/s: 0.00 reconn/s: 0.00
[ 246s ] thds: 1929 tps: 255.02 qps: 1271.09 (r/w/o: 329.02/676.05/266.02) lat (ms,95%): 10722.67 err/s: 0.00 reconn/s: 0.00
[ 247s ] thds: 1929 tps: 123.93 qps: 558.71 (r/w/o: 116.94/314.83/126.93) lat (ms,95%): 27349.55 err/s: 0.00 reconn/s: 0.00
[ 248s ] thds: 1929 tps: 8.00 qps: 116.04 (r/w/o: 78.03/29.01/9.00) lat (ms,95%): 24994.79 err/s: 0.00 reconn/s: 0.00
[ 249s ] thds: 1929 tps: 10.00 qps: 112.00 (r/w/o: 64.00/37.00/11.00) lat (ms,95%): 37144.33 err/s: 0.00 reconn/s: 0.00
[ 250s ] thds: 1929 tps: 3.00 qps: 24.99 (r/w/o: 13.99/6.00/5.00) lat (ms,95%): 31023.52 err/s: 0.00 reconn/s: 0.00
[ 251s ] thds: 1929 tps: 13.01 qps: 150.11 (r/w/o: 88.07/49.04/13.01) lat (ms,95%): 37819.22 err/s: 0.00 reconn/s: 0.00
[ 252s ] thds: 1924 tps: 19.00 qps: 205.00 (r/w/o: 116.00/70.00/19.00) lat (ms,95%): 37819.22 err/s: 0.00 reconn/s: 0.00
[ 253s ] thds: 1790 tps: 16.99 qps: 170.91 (r/w/o: 88.95/64.97/16.99) lat (ms,95%): 41382.17 err/s: 0.00 reconn/s: 0.00
[ 254s ] thds: 950 tps: 7.00 qps: 60.00 (r/w/o: 31.00/22.00/7.00) lat (ms,95%): 44472.74 err/s: 0.00 reconn/s: 0.00
Latency histogram (values are in milliseconds)
       value  ------------- distribution ------------- count
      36.894 |                                         1
      38.247 |                                         2
      38.942 |                                         1
      39.650 |                                         2
      40.370 |                                         3
      41.104 |                                         3
      41.851 |                                         8
      42.611 |                                         8
      43.385 |                                         10
      44.173 |                                         12
      44.976 |                                         12
      45.793 |                                         10
      46.625 |                                         13
      47.472 |*                                        23
      48.335 |*                                        26
      49.213 |*                                        25
      50.107 |*                                        26
      51.018 |*                                        30
      51.945 |*                                        26
      52.889 |*                                        35
      53.850 |*                                        27
      54.828 |*                                        32
      55.824 |*                                        38
      56.839 |*                                        40
      57.871 |*                                        28
      58.923 |*                                        41
      59.993 |*                                        39
      61.083 |*                                        38
      62.193 |*                                        35
      63.323 |*                                        38
      64.474 |*                                        47
      65.645 |*                                        28
      66.838 |*                                        31
      68.053 |*                                        34
      69.289 |*                                        46
      70.548 |*                                        30
      71.830 |*                                        41
      73.135 |*                                        31
      74.464 |*                                        39
      75.817 |*                                        41
      77.194 |*                                        43
      78.597 |*                                        39
      80.025 |*                                        34
      81.479 |*                                        23
      82.959 |*                                        25
      84.467 |*                                        20
      86.002 |*                                        28
      87.564 |                                         19
      89.155 |                                         15
      90.775 |                                         16
      92.424 |                                         14
      94.104 |*                                        23
      95.814 |*                                        20
      97.555 |                                         19
      99.327 |                                         16
     101.132 |                                         19
     102.969 |                                         16
     104.840 |                                         18
     106.745 |                                         15
     108.685 |                                         12
     110.659 |                                         8
     112.670 |                                         15
     114.717 |                                         9
     116.802 |                                         10
     118.924 |                                         10
     121.085 |                                         12
     123.285 |                                         10
     125.525 |                                         12
     127.805 |                                         15
     130.128 |                                         16
     132.492 |*                                        22
     134.899 |                                         16
     137.350 |                                         12
     139.846 |                                         15
     142.387 |                                         19
     144.974 |                                         9
     147.608 |                                         17
     150.290 |                                         11
     153.021 |                                         16
     155.801 |                                         8
     158.632 |                                         15
     161.514 |*                                        21
     164.449 |                                         8
     167.437 |                                         17
     170.479 |*                                        25
     173.577 |*                                        25
     176.731 |*                                        26
     179.942 |*                                        30
     183.211 |*                                        38
     186.540 |*                                        43
     189.929 |**                                       58
     193.380 |**                                       74
     196.894 |**                                       65
     200.472 |**                                       59
     204.114 |**                                       81
     207.823 |**                                       91
     211.599 |**                                       81
     215.443 |**                                       83
     219.358 |***                                      106
     223.344 |***                                      111
     227.402 |***                                      106
     231.534 |**                                       94
     235.740 |**                                       89
     240.024 |**                                       89
     244.385 |**                                       93
     248.825 |**                                       86
     253.346 |**                                       94
     257.950 |**                                       96
     262.636 |***                                      106
     267.408 |***                                      125
     272.267 |***                                      100
     277.214 |***                                      123
     282.251 |****                                     147
     287.379 |*****                                    187
     292.601 |*****                                    182
     297.917 |****                                     162
     303.330 |****                                     168
     308.842 |*****                                    190
     314.453 |*****                                    184
     320.167 |****                                     162
     325.984 |****                                     165
     331.907 |****                                     153
     337.938 |****                                     160
     344.078 |****                                     149
     350.330 |****                                     147
     356.695 |***                                      127
     363.176 |***                                      130
     369.775 |***                                      127
     376.494 |****                                     148
     383.334 |****                                     155
     390.299 |****                                     161
     397.391 |*****                                    193
     404.611 |*****                                    176
     411.963 |*****                                    195
     419.448 |*****                                    185
     427.069 |******                                   217
     434.829 |*******                                  270
     442.730 |*******                                  253
     450.774 |*******                                  253
     458.964 |******                                   249
     467.304 |*******                                  264
     475.794 |********                                 292
     484.439 |********                                 290
     493.242 |*********                                338
     502.204 |**********                               388
     511.328 |***********                              411
     520.619 |**********                               374
     530.078 |***********                              408
     539.710 |***********                              432
     549.516 |**********                               379
     559.501 |**********                               398
     569.667 |***********                              436
     580.017 |*********                                341
     590.556 |*********                                358
     601.286 |********                                 312
     612.211 |*******                                  263
     623.335 |******                                   243
     634.661 |*******                                  289
     646.192 |********                                 321
     657.933 |*******                                  265
     669.888 |******                                   239
     682.059 |*******                                  264
     694.452 |********                                 297
     707.070 |********                                 291
     719.917 |**********                               374
     732.998 |********                                 292
     746.316 |******                                   238
     759.876 |*****                                    195
     773.683 |****                                     163
     787.741 |****                                     137
     802.053 |***                                      132
     816.626 |***                                      127
     831.464 |***                                      121
     846.572 |***                                      121
     861.954 |*****                                    174
     877.615 |******                                   226
     893.561 |********                                 300
     909.797 |********                                 299
     926.327 |******                                   248
     943.158 |******                                   246
     960.295 |****                                     155
     977.743 |***                                      104
     995.508 |***                                      114
    1013.597 |****                                     136
    1032.013 |*******                                  269
    1050.764 |******                                   227
    1069.856 |******                                   218
    1089.295 |***********                              407
    1109.087 |********                                 313
    1129.239 |*******                                  256
    1149.757 |************                             445
    1170.648 |************                             460
    1191.918 |**********                               373
    1213.575 |**********                               380
    1235.625 |**********                               381
    1258.076 |**************                           555
    1280.934 |**********                               401
    1304.208 |******                                   218
    1327.905 |*****                                    190
    1352.033 |*****                                    180
    1376.599 |***                                      115
    1401.611 |***                                      116
    1427.078 |***                                      110
    1453.007 |***                                      119
    1479.408 |**                                       92
    1506.288 |**                                       81
    1533.657 |***                                      127
    1561.523 |***                                      135
    1589.895 |***                                      124
    1618.783 |*****                                    209
    1648.196 |********                                 291
    1678.143 |********                                 298
    1708.634 |******                                   221
    1739.679 |******                                   250
    1771.289 |******                                   239
    1803.472 |****                                     159
    1836.241 |***                                      123
    1869.605 |****                                     145
    1903.575 |***                                      126
    1938.162 |****                                     166
    1973.377 |*********                                355
    2009.233 |******                                   236
    2045.740 |*****                                    191
    2082.910 |*****                                    203
    2120.756 |***                                      113
    2159.289 |******                                   213
    2198.523 |*****                                    196
    2238.469 |*****                                    203
    2279.141 |****                                     149
    2320.552 |*****                                    191
    2362.716 |*******                                  264
    2405.646 |*******                                  284
    2449.355 |******                                   250
    2493.859 |***                                      132
    2539.172 |***                                      131
    2585.308 |***                                      128
    2632.282 |****                                     143
    2680.109 |********                                 305
    2728.806 |********                                 300
    2778.387 |*****                                    186
    2828.869 |******                                   234
    2880.269 |*******                                  257
    2932.602 |*******                                  276
    2985.887 |***********                              415
    3040.139 |********                                 326
    3095.377 |**********                               390
    3151.619 |**********                               373
    3208.883 |***********                              420
    3267.187 |*********                                354
    3326.551 |*************                            512
    3386.993 |********************                     773
    3448.533 |*****************                        637
    3511.192 |***************                          592
    3574.989 |****************                         620
    3639.945 |********************                     781
    3706.081 |*********************                    799
    3773.420 |*********************                    816
    3841.981 |**********************                   866
    3911.789 |********************                     767
    3982.864 |**********************                   851
    4055.231 |**************************               986
    4128.913 |*****************************            1112
    4203.934 |*******************                      739
    4280.318 |***********************                  889
    4358.090 |**************************               1008
    4437.275 |***************************              1047
    4517.898 |******************************           1163
    4599.987 |***********************************      1345
    4683.567 |*******************************          1215
    4768.666 |*******************************          1186
    4855.311 |*******************************          1210
    4943.530 |**************************               1007
    5033.352 |*************************                964
    5124.806 |***************************              1027
    5217.922 |************************                 908
    5312.729 |**************************               984
    5409.260 |*************************                983
    5507.544 |*****************************            1117
    5607.614 |**************************************** 1543
    5709.502 |***************************              1053
    5813.242 |*********************************        1274
    5918.866 |*********************************        1281
    6026.410 |********************************         1225
    6135.907 |*************************                979
    6247.394 |***********************                  900
    6360.907 |**********************                   851
    6476.483 |**********************                   831
    6594.158 |****************************             1074
    6713.971 |***************************              1045
    6835.962 |***********************                  899
    6960.168 |***********************                  895
    7086.632 |**************************               1016
    7215.393 |********************************         1224
    7346.494 |**************************               1016
    7479.978 |******************************           1155
    7615.886 |***************************              1036
    7754.264 |*****************************            1127
    7895.156 |******************************           1169
    8038.608 |*********************************        1282
    8184.666 |****************************             1093
    8333.379 |**************************               1002
    8484.793 |*************************                954
    8638.959 |**************************               992
    8795.925 |*************************                952
    8955.744 |*************************                983
    9118.466 |*************************                962
    9284.145 |*********************                    794
    9452.835 |********************                     763
    9624.589 |****************                         633
    9799.465 |*******************                      722
    9977.517 |******************                       683
   10158.805 |****************                         604
   10343.387 |***************                          592
   10531.322 |***************                          566
   10722.672 |**************                           542
   10917.499 |************                             475
   11115.866 |***********                              427
   11317.837 |*********                                360
   11523.478 |*******                                  258
   11732.855 |******                                   243
   11946.037 |*******                                  287
   12163.092 |******                                   237
   12384.091 |******                                   248
   12609.105 |*******                                  262
   12838.208 |******                                   226
   13071.473 |******                                   229
   13308.977 |*******                                  255
   13550.796 |*****                                    194
   13797.009 |******                                   218
   14047.695 |*****                                    193
   14302.937 |****                                     164
   14562.816 |****                                     149
   14827.417 |***                                      124
   15096.825 |***                                      109
   15371.129 |***                                      122
   15650.417 |**                                       81
   15934.779 |**                                       87
   16224.308 |**                                       74
   16519.097 |**                                       62
   16819.243 |*                                        34
   17124.843 |*                                        24
   17435.995 |                                         19
   17752.800 |                                         6
   18075.362 |                                         7
   18403.784 |                                         10
   18738.174 |                                         15
   19078.640 |                                         6
   19425.292 |                                         4
   19778.242 |                                         2
   20137.605 |                                         5
   20503.498 |                                         2
   21255.349 |                                         3
   21641.550 |                                         2
   22034.769 |                                         2
   22842.771 |                                         5
   23257.815 |                                         1
   23680.401 |                                         3
   24110.665 |                                         2
   24548.747 |                                         4
   24994.788 |                                         5
   25448.934 |                                         3
   25911.332 |                                         1
   26382.131 |                                         3
   26861.484 |                                         6
   27349.548 |                                         11
   27846.479 |                                         6
   28352.439 |                                         4
   28867.592 |                                         4
   29392.105 |                                         4
   29926.149 |                                         3
   30469.896 |                                         7
   31023.522 |                                         3
   32161.136 |                                         4
   32745.492 |                                         5
   33340.465 |                                         7
   33946.249 |                                         1
   34563.039 |                                         1
   35191.037 |                                         2
   35830.445 |                                         5
   36481.471 |                                         4
   37144.325 |                                         3
   37819.224 |                                         2
   38506.385 |                                         1
   39206.031 |                                         3
   40643.693 |                                         1
   41382.173 |                                         3
   44472.735 |                                         2
 
SQL statistics:
    queries performed:
        read:                            1445590
        write:                           410113
        other:                           213644
        total:                           2069347
    transactions:                        104441 (411.14 per sec.)
    queries:                             2069347 (8146.09 per sec.)
    ignored errors:                      0      (0.00 per sec.)
    reconnects:                          0      (0.00 per sec.)

Throughput:
    events/s (eps):                      411.1372
    time elapsed:                        254.0301s
    total number of events:              104441

Latency (ms):
         min:                                   37.19
         avg:                                 4826.10
         max:                                44459.82
         95th percentile:                    10917.50
         sum:                            504037595.41

Threads fairness:
    events (avg/stddev):           50.9961/43.05
    execution time (avg/stddev):   246.1121/3.03

