sysbench 1.1.0-3ceba0b (using bundled LuaJIT 2.1.0-beta3)

Running the test with following options:
Number of threads: 1024
Warmup time: 60s
Report intermediate results every 1 second(s)
Initializing random number generator from current time


Initializing worker threads...

Threads started!

Warming up for 60 seconds...

[ 1s ] thds: 1024 tps: 2128.69 qps: 2128.69 (r/w/o: 0.00/2081.38/47.31) lat (ms,95%): 1050.76 err/s: 0.00 reconn/s: 0.00
[ 2s ] thds: 1024 tps: 1448.69 qps: 1448.69 (r/w/o: 0.00/1419.70/28.99) lat (ms,95%): 1050.76 err/s: 0.00 reconn/s: 0.00
[ 3s ] thds: 1024 tps: 1478.92 qps: 1478.92 (r/w/o: 0.00/1448.92/30.00) lat (ms,95%): 1149.76 err/s: 0.00 reconn/s: 0.00
[ 4s ] thds: 1024 tps: 1489.10 qps: 1489.10 (r/w/o: 0.00/1455.10/34.00) lat (ms,95%): 995.51 err/s: 0.00 reconn/s: 0.00
[ 5s ] thds: 1024 tps: 1491.13 qps: 1491.13 (r/w/o: 0.00/1457.13/34.00) lat (ms,95%): 1013.60 err/s: 0.00 reconn/s: 0.00
[ 6s ] thds: 1024 tps: 1553.08 qps: 1553.08 (r/w/o: 0.00/1520.08/33.00) lat (ms,95%): 1089.30 err/s: 0.00 reconn/s: 0.00
[ 7s ] thds: 1024 tps: 1537.17 qps: 1537.17 (r/w/o: 0.00/1501.17/36.00) lat (ms,95%): 877.61 err/s: 0.00 reconn/s: 0.00
[ 8s ] thds: 1024 tps: 1532.07 qps: 1532.07 (r/w/o: 0.00/1494.07/38.00) lat (ms,95%): 1109.09 err/s: 0.00 reconn/s: 0.00
[ 9s ] thds: 1024 tps: 1480.52 qps: 1480.52 (r/w/o: 0.00/1455.52/24.99) lat (ms,95%): 1129.24 err/s: 0.00 reconn/s: 0.00
[ 10s ] thds: 1024 tps: 1471.11 qps: 1471.11 (r/w/o: 0.00/1440.11/31.00) lat (ms,95%): 1191.92 err/s: 0.00 reconn/s: 0.00
[ 11s ] thds: 1024 tps: 1538.75 qps: 1538.75 (r/w/o: 0.00/1503.76/34.99) lat (ms,95%): 1213.57 err/s: 0.00 reconn/s: 0.00
[ 12s ] thds: 1024 tps: 1499.67 qps: 1499.67 (r/w/o: 0.00/1476.66/23.01) lat (ms,95%): 960.30 err/s: 0.00 reconn/s: 0.00
[ 13s ] thds: 1024 tps: 1477.58 qps: 1477.58 (r/w/o: 0.00/1448.59/28.99) lat (ms,95%): 1149.76 err/s: 0.00 reconn/s: 0.00
[ 14s ] thds: 1024 tps: 1507.04 qps: 1507.04 (r/w/o: 0.00/1471.04/36.00) lat (ms,95%): 1235.62 err/s: 0.00 reconn/s: 0.00
[ 15s ] thds: 1024 tps: 1511.42 qps: 1511.42 (r/w/o: 0.00/1474.41/37.01) lat (ms,95%): 1170.65 err/s: 0.00 reconn/s: 0.00
[ 16s ] thds: 1024 tps: 1501.37 qps: 1501.37 (r/w/o: 0.00/1468.38/32.99) lat (ms,95%): 1235.62 err/s: 0.00 reconn/s: 0.00
[ 17s ] thds: 1024 tps: 1519.31 qps: 1519.31 (r/w/o: 0.00/1490.30/29.01) lat (ms,95%): 1109.09 err/s: 0.00 reconn/s: 0.00
[ 18s ] thds: 1024 tps: 1550.26 qps: 1550.26 (r/w/o: 0.00/1526.25/24.00) lat (ms,95%): 893.56 err/s: 0.00 reconn/s: 0.00
[ 19s ] thds: 1024 tps: 1460.94 qps: 1460.94 (r/w/o: 0.00/1437.94/23.00) lat (ms,95%): 893.56 err/s: 0.00 reconn/s: 0.00
[ 20s ] thds: 1024 tps: 1464.05 qps: 1464.05 (r/w/o: 0.00/1433.05/31.00) lat (ms,95%): 1129.24 err/s: 0.00 reconn/s: 0.00
[ 21s ] thds: 1024 tps: 1484.90 qps: 1484.90 (r/w/o: 0.00/1454.90/30.00) lat (ms,95%): 995.51 err/s: 0.00 reconn/s: 0.00
[ 22s ] thds: 1024 tps: 1521.80 qps: 1521.80 (r/w/o: 0.00/1481.81/39.99) lat (ms,95%): 977.74 err/s: 0.00 reconn/s: 0.00
[ 23s ] thds: 1024 tps: 1437.20 qps: 1437.20 (r/w/o: 0.00/1409.20/28.00) lat (ms,95%): 1109.09 err/s: 0.00 reconn/s: 0.00
[ 24s ] thds: 1024 tps: 1432.94 qps: 1432.94 (r/w/o: 0.00/1412.94/20.00) lat (ms,95%): 1213.57 err/s: 0.00 reconn/s: 0.00
[ 25s ] thds: 1024 tps: 1492.16 qps: 1492.16 (r/w/o: 0.00/1462.15/30.00) lat (ms,95%): 1149.76 err/s: 0.00 reconn/s: 0.00
[ 26s ] thds: 1024 tps: 1481.25 qps: 1481.25 (r/w/o: 0.00/1453.26/27.99) lat (ms,95%): 1149.76 err/s: 0.00 reconn/s: 0.00
[ 27s ] thds: 1024 tps: 1520.53 qps: 1520.53 (r/w/o: 0.00/1489.52/31.01) lat (ms,95%): 1191.92 err/s: 0.00 reconn/s: 0.00
[ 28s ] thds: 1024 tps: 1544.59 qps: 1544.59 (r/w/o: 0.00/1505.60/38.99) lat (ms,95%): 1170.65 err/s: 0.00 reconn/s: 0.00
[ 29s ] thds: 1024 tps: 1547.63 qps: 1547.63 (r/w/o: 0.00/1511.62/36.01) lat (ms,95%): 977.74 err/s: 0.00 reconn/s: 0.00
[ 30s ] thds: 1024 tps: 1470.41 qps: 1470.41 (r/w/o: 0.00/1433.43/36.99) lat (ms,95%): 1170.65 err/s: 0.00 reconn/s: 0.00
[ 31s ] thds: 1024 tps: 1539.07 qps: 1539.07 (r/w/o: 0.00/1502.07/37.00) lat (ms,95%): 995.51 err/s: 0.00 reconn/s: 0.00
[ 32s ] thds: 1024 tps: 1531.29 qps: 1531.29 (r/w/o: 0.00/1499.29/32.01) lat (ms,95%): 960.30 err/s: 0.00 reconn/s: 0.00
[ 33s ] thds: 1024 tps: 1435.24 qps: 1435.24 (r/w/o: 0.00/1411.24/24.00) lat (ms,95%): 1109.09 err/s: 0.00 reconn/s: 0.00
[ 34s ] thds: 1024 tps: 1446.78 qps: 1446.78 (r/w/o: 0.00/1410.78/35.99) lat (ms,95%): 1069.86 err/s: 0.00 reconn/s: 0.00
[ 35s ] thds: 1024 tps: 1481.85 qps: 1481.85 (r/w/o: 0.00/1448.86/33.00) lat (ms,95%): 1032.01 err/s: 0.00 reconn/s: 0.00
[ 36s ] thds: 1024 tps: 1494.02 qps: 1494.02 (r/w/o: 0.00/1465.02/29.00) lat (ms,95%): 1032.01 err/s: 0.00 reconn/s: 0.00
[ 37s ] thds: 1024 tps: 1516.81 qps: 1516.81 (r/w/o: 0.00/1481.81/35.00) lat (ms,95%): 1032.01 err/s: 0.00 reconn/s: 0.00
[ 38s ] thds: 1024 tps: 1530.11 qps: 1530.11 (r/w/o: 0.00/1500.11/30.00) lat (ms,95%): 995.51 err/s: 0.00 reconn/s: 0.00
[ 39s ] thds: 1024 tps: 1523.96 qps: 1523.96 (r/w/o: 0.00/1495.97/28.00) lat (ms,95%): 995.51 err/s: 0.00 reconn/s: 0.00
[ 40s ] thds: 1024 tps: 1517.74 qps: 1517.74 (r/w/o: 0.00/1485.74/31.99) lat (ms,95%): 1013.60 err/s: 0.00 reconn/s: 0.00
[ 41s ] thds: 1024 tps: 1521.30 qps: 1521.30 (r/w/o: 0.00/1482.29/39.01) lat (ms,95%): 1050.76 err/s: 0.00 reconn/s: 0.00
[ 42s ] thds: 1024 tps: 1494.81 qps: 1494.81 (r/w/o: 0.00/1469.82/25.00) lat (ms,95%): 1050.76 err/s: 0.00 reconn/s: 0.00
[ 43s ] thds: 1024 tps: 1484.31 qps: 1484.31 (r/w/o: 0.00/1461.31/23.00) lat (ms,95%): 1050.76 err/s: 0.00 reconn/s: 0.00
[ 44s ] thds: 1024 tps: 1494.82 qps: 1494.82 (r/w/o: 0.00/1465.82/29.00) lat (ms,95%): 1050.76 err/s: 0.00 reconn/s: 0.00
[ 45s ] thds: 1024 tps: 1585.74 qps: 1585.74 (r/w/o: 0.00/1552.75/32.99) lat (ms,95%): 943.16 err/s: 0.00 reconn/s: 0.00
[ 46s ] thds: 1024 tps: 1552.20 qps: 1552.20 (r/w/o: 0.00/1517.19/35.00) lat (ms,95%): 759.88 err/s: 0.00 reconn/s: 0.00
[ 47s ] thds: 1024 tps: 1510.67 qps: 1510.67 (r/w/o: 0.00/1475.66/35.02) lat (ms,95%): 1089.30 err/s: 0.00 reconn/s: 0.00
[ 48s ] thds: 1024 tps: 1488.60 qps: 1488.60 (r/w/o: 0.00/1453.61/34.99) lat (ms,95%): 960.30 err/s: 0.00 reconn/s: 0.00
[ 49s ] thds: 1024 tps: 1506.00 qps: 1506.00 (r/w/o: 0.00/1478.00/28.00) lat (ms,95%): 960.30 err/s: 0.00 reconn/s: 0.00
[ 50s ] thds: 1024 tps: 1500.70 qps: 1500.70 (r/w/o: 0.00/1464.71/35.99) lat (ms,95%): 960.30 err/s: 0.00 reconn/s: 0.00
[ 51s ] thds: 1024 tps: 1513.97 qps: 1513.97 (r/w/o: 0.00/1482.97/31.00) lat (ms,95%): 960.30 err/s: 0.00 reconn/s: 0.00
[ 52s ] thds: 1024 tps: 1527.16 qps: 1527.16 (r/w/o: 0.00/1497.16/30.00) lat (ms,95%): 1032.01 err/s: 0.00 reconn/s: 0.00
[ 53s ] thds: 1024 tps: 4482.49 qps: 4482.49 (r/w/o: 0.00/4368.50/113.99) lat (ms,95%): 746.32 err/s: 0.00 reconn/s: 0.00
[ 54s ] thds: 1024 tps: 5008.00 qps: 5008.00 (r/w/o: 0.00/4902.98/105.02) lat (ms,95%): 746.32 err/s: 0.00 reconn/s: 0.00
[ 55s ] thds: 1024 tps: 2366.50 qps: 2366.50 (r/w/o: 0.00/2307.51/58.99) lat (ms,95%): 943.16 err/s: 0.00 reconn/s: 0.00
[ 56s ] thds: 1024 tps: 1406.31 qps: 1406.31 (r/w/o: 0.00/1378.30/28.01) lat (ms,95%): 1170.65 err/s: 0.00 reconn/s: 0.00
[ 57s ] thds: 1024 tps: 1451.70 qps: 1451.70 (r/w/o: 0.00/1411.71/39.99) lat (ms,95%): 1304.21 err/s: 0.00 reconn/s: 0.00
[ 58s ] thds: 1024 tps: 1597.04 qps: 1597.04 (r/w/o: 0.00/1558.04/39.00) lat (ms,95%): 1109.09 err/s: 0.00 reconn/s: 0.00
[ 59s ] thds: 1024 tps: 1551.87 qps: 1551.87 (r/w/o: 0.00/1524.88/27.00) lat (ms,95%): 1109.09 err/s: 0.00 reconn/s: 0.00
[ 60s ] thds: 1024 tps: 1485.35 qps: 1485.35 (r/w/o: 0.00/1455.35/30.01) lat (ms,95%): 1401.61 err/s: 0.00 reconn/s: 0.00
[ 61s ] thds: 1024 tps: 1428.86 qps: 1428.86 (r/w/o: 0.00/1393.86/35.00) lat (ms,95%): 1304.21 err/s: 0.00 reconn/s: 0.00
[ 62s ] thds: 1024 tps: 1463.14 qps: 1463.14 (r/w/o: 0.00/1428.14/35.00) lat (ms,95%): 1304.21 err/s: 0.00 reconn/s: 0.00
[ 63s ] thds: 1024 tps: 1550.77 qps: 1550.77 (r/w/o: 0.00/1512.77/37.99) lat (ms,95%): 2045.74 err/s: 0.00 reconn/s: 0.00
[ 64s ] thds: 1024 tps: 1484.02 qps: 1484.02 (r/w/o: 0.00/1446.02/38.00) lat (ms,95%): 1739.68 err/s: 0.00 reconn/s: 0.00
[ 65s ] thds: 1024 tps: 1453.02 qps: 1453.02 (r/w/o: 0.00/1419.02/34.00) lat (ms,95%): 1869.60 err/s: 0.00 reconn/s: 0.00
[ 66s ] thds: 1024 tps: 1416.98 qps: 1416.98 (r/w/o: 0.00/1394.98/22.00) lat (ms,95%): 1869.60 err/s: 0.00 reconn/s: 0.00
[ 67s ] thds: 1024 tps: 1611.00 qps: 1611.00 (r/w/o: 0.00/1581.00/30.00) lat (ms,95%): 1561.52 err/s: 0.00 reconn/s: 0.00
[ 68s ] thds: 1024 tps: 1535.87 qps: 1535.87 (r/w/o: 0.00/1498.88/37.00) lat (ms,95%): 1304.21 err/s: 0.00 reconn/s: 0.00
[ 69s ] thds: 1024 tps: 1498.01 qps: 1498.01 (r/w/o: 0.00/1455.01/43.00) lat (ms,95%): 1427.08 err/s: 0.00 reconn/s: 0.00
[ 70s ] thds: 1024 tps: 1507.77 qps: 1507.77 (r/w/o: 0.00/1475.75/32.02) lat (ms,95%): 1427.08 err/s: 0.00 reconn/s: 0.00
[ 71s ] thds: 1024 tps: 1570.36 qps: 1570.36 (r/w/o: 0.00/1536.38/33.99) lat (ms,95%): 977.74 err/s: 0.00 reconn/s: 0.00
[ 72s ] thds: 1024 tps: 1537.64 qps: 1537.64 (r/w/o: 0.00/1489.65/47.99) lat (ms,95%): 977.74 err/s: 0.00 reconn/s: 0.00
[ 73s ] thds: 1024 tps: 1519.01 qps: 1519.01 (r/w/o: 0.00/1484.01/35.00) lat (ms,95%): 977.74 err/s: 0.00 reconn/s: 0.00
[ 74s ] thds: 1024 tps: 1426.29 qps: 1426.29 (r/w/o: 0.00/1408.28/18.00) lat (ms,95%): 960.30 err/s: 0.00 reconn/s: 0.00
[ 75s ] thds: 1024 tps: 1486.18 qps: 1486.18 (r/w/o: 0.00/1450.18/36.00) lat (ms,95%): 1304.21 err/s: 0.00 reconn/s: 0.00
[ 76s ] thds: 1024 tps: 1596.26 qps: 1596.26 (r/w/o: 0.00/1555.25/41.01) lat (ms,95%): 1170.65 err/s: 0.00 reconn/s: 0.00
[ 77s ] thds: 1024 tps: 1538.79 qps: 1538.79 (r/w/o: 0.00/1503.80/35.00) lat (ms,95%): 831.46 err/s: 0.00 reconn/s: 0.00
[ 78s ] thds: 1024 tps: 1439.54 qps: 1439.54 (r/w/o: 0.00/1416.54/22.99) lat (ms,95%): 1032.01 err/s: 0.00 reconn/s: 0.00
[ 79s ] thds: 1024 tps: 1443.28 qps: 1443.28 (r/w/o: 0.00/1413.28/30.01) lat (ms,95%): 1069.86 err/s: 0.00 reconn/s: 0.00
[ 80s ] thds: 1024 tps: 1503.91 qps: 1503.91 (r/w/o: 0.00/1469.91/34.00) lat (ms,95%): 1050.76 err/s: 0.00 reconn/s: 0.00
[ 81s ] thds: 1024 tps: 1512.74 qps: 1512.74 (r/w/o: 0.00/1484.73/28.01) lat (ms,95%): 1050.76 err/s: 0.00 reconn/s: 0.00
[ 82s ] thds: 1024 tps: 1553.70 qps: 1553.70 (r/w/o: 0.00/1515.71/37.99) lat (ms,95%): 1258.08 err/s: 0.00 reconn/s: 0.00
[ 83s ] thds: 1024 tps: 1521.68 qps: 1521.68 (r/w/o: 0.00/1490.69/30.99) lat (ms,95%): 977.74 err/s: 0.00 reconn/s: 0.00
[ 84s ] thds: 1024 tps: 1521.89 qps: 1521.89 (r/w/o: 0.00/1483.89/38.00) lat (ms,95%): 1013.60 err/s: 0.00 reconn/s: 0.00
[ 85s ] thds: 1024 tps: 1490.65 qps: 1490.65 (r/w/o: 0.00/1460.64/30.01) lat (ms,95%): 977.74 err/s: 0.00 reconn/s: 0.00
[ 86s ] thds: 1024 tps: 1515.07 qps: 1515.07 (r/w/o: 0.00/1485.09/29.98) lat (ms,95%): 1032.01 err/s: 0.00 reconn/s: 0.00
[ 87s ] thds: 1024 tps: 1504.87 qps: 1504.87 (r/w/o: 0.00/1469.85/35.02) lat (ms,95%): 1089.30 err/s: 0.00 reconn/s: 0.00
[ 88s ] thds: 1024 tps: 1488.05 qps: 1488.05 (r/w/o: 0.00/1451.05/37.00) lat (ms,95%): 1050.76 err/s: 0.00 reconn/s: 0.00
[ 89s ] thds: 1024 tps: 1545.08 qps: 1545.08 (r/w/o: 0.00/1511.10/33.98) lat (ms,95%): 1050.76 err/s: 0.00 reconn/s: 0.00
[ 90s ] thds: 1024 tps: 1569.38 qps: 1569.38 (r/w/o: 0.00/1537.37/32.01) lat (ms,95%): 1013.60 err/s: 0.00 reconn/s: 0.00
[ 91s ] thds: 1024 tps: 1556.55 qps: 1556.55 (r/w/o: 0.00/1517.54/39.01) lat (ms,95%): 977.74 err/s: 0.00 reconn/s: 0.00
[ 92s ] thds: 1024 tps: 1448.15 qps: 1448.15 (r/w/o: 0.00/1409.17/38.98) lat (ms,95%): 995.51 err/s: 0.00 reconn/s: 0.00
[ 93s ] thds: 1024 tps: 1504.05 qps: 1504.05 (r/w/o: 0.00/1472.05/32.00) lat (ms,95%): 995.51 err/s: 0.00 reconn/s: 0.00
[ 94s ] thds: 1024 tps: 1483.86 qps: 1483.86 (r/w/o: 0.00/1449.86/34.00) lat (ms,95%): 1013.60 err/s: 0.00 reconn/s: 0.00
[ 95s ] thds: 1024 tps: 1514.16 qps: 1514.16 (r/w/o: 0.00/1482.15/32.00) lat (ms,95%): 1032.01 err/s: 0.00 reconn/s: 0.00
[ 96s ] thds: 1024 tps: 1490.72 qps: 1490.72 (r/w/o: 0.00/1451.70/39.02) lat (ms,95%): 1032.01 err/s: 0.00 reconn/s: 0.00
[ 97s ] thds: 1024 tps: 1507.03 qps: 1507.03 (r/w/o: 0.00/1477.05/29.98) lat (ms,95%): 1032.01 err/s: 0.00 reconn/s: 0.00
[ 98s ] thds: 1024 tps: 1491.27 qps: 1491.27 (r/w/o: 0.00/1464.27/27.00) lat (ms,95%): 1050.76 err/s: 0.00 reconn/s: 0.00
[ 99s ] thds: 1024 tps: 1510.72 qps: 1510.72 (r/w/o: 0.00/1476.71/34.02) lat (ms,95%): 1050.76 err/s: 0.00 reconn/s: 0.00
[ 100s ] thds: 1024 tps: 1513.09 qps: 1513.09 (r/w/o: 0.00/1476.09/37.00) lat (ms,95%): 1032.01 err/s: 0.00 reconn/s: 0.00
[ 101s ] thds: 1024 tps: 1491.41 qps: 1491.41 (r/w/o: 0.00/1453.43/37.99) lat (ms,95%): 1050.76 err/s: 0.00 reconn/s: 0.00
[ 102s ] thds: 1024 tps: 1516.99 qps: 1516.99 (r/w/o: 0.00/1489.99/27.00) lat (ms,95%): 1050.76 err/s: 0.00 reconn/s: 0.00
[ 103s ] thds: 1024 tps: 1485.70 qps: 1485.70 (r/w/o: 0.00/1443.71/41.99) lat (ms,95%): 1050.76 err/s: 0.00 reconn/s: 0.00
[ 104s ] thds: 1024 tps: 1558.75 qps: 1558.75 (r/w/o: 0.00/1522.73/36.02) lat (ms,95%): 1032.01 err/s: 0.00 reconn/s: 0.00
[ 105s ] thds: 1024 tps: 1516.08 qps: 1516.08 (r/w/o: 0.00/1491.08/25.00) lat (ms,95%): 1069.86 err/s: 0.00 reconn/s: 0.00
[ 106s ] thds: 1024 tps: 1448.34 qps: 1448.34 (r/w/o: 0.00/1418.35/29.99) lat (ms,95%): 1069.86 err/s: 0.00 reconn/s: 0.00
[ 107s ] thds: 1024 tps: 1507.00 qps: 1507.00 (r/w/o: 0.00/1475.00/32.00) lat (ms,95%): 1069.86 err/s: 0.00 reconn/s: 0.00
[ 108s ] thds: 1024 tps: 1472.72 qps: 1472.72 (r/w/o: 0.00/1426.72/45.99) lat (ms,95%): 1032.01 err/s: 0.00 reconn/s: 0.00
[ 109s ] thds: 1024 tps: 1521.18 qps: 1521.18 (r/w/o: 0.00/1480.17/41.00) lat (ms,95%): 1032.01 err/s: 0.00 reconn/s: 0.00
[ 110s ] thds: 1024 tps: 1426.77 qps: 1426.77 (r/w/o: 0.00/1393.75/33.02) lat (ms,95%): 995.51 err/s: 0.00 reconn/s: 0.00
[ 111s ] thds: 1024 tps: 1450.17 qps: 1450.17 (r/w/o: 0.00/1410.19/39.98) lat (ms,95%): 1170.65 err/s: 0.00 reconn/s: 0.00
[ 112s ] thds: 1024 tps: 1451.81 qps: 1451.81 (r/w/o: 0.00/1412.79/39.02) lat (ms,95%): 1129.24 err/s: 0.00 reconn/s: 0.00
[ 113s ] thds: 1024 tps: 1501.33 qps: 1501.33 (r/w/o: 0.00/1467.35/33.98) lat (ms,95%): 1129.24 err/s: 0.00 reconn/s: 0.00
[ 114s ] thds: 1024 tps: 1538.67 qps: 1538.67 (r/w/o: 0.00/1509.65/29.01) lat (ms,95%): 1129.24 err/s: 0.00 reconn/s: 0.00
[ 115s ] thds: 1024 tps: 1491.15 qps: 1491.15 (r/w/o: 0.00/1454.17/36.98) lat (ms,95%): 861.95 err/s: 0.00 reconn/s: 0.00
[ 116s ] thds: 1024 tps: 1501.40 qps: 1501.40 (r/w/o: 0.00/1467.39/34.01) lat (ms,95%): 861.95 err/s: 0.00 reconn/s: 0.00
[ 117s ] thds: 1024 tps: 1472.51 qps: 1472.51 (r/w/o: 0.00/1447.50/25.01) lat (ms,95%): 1213.57 err/s: 0.00 reconn/s: 0.00
[ 118s ] thds: 1024 tps: 1557.31 qps: 1557.31 (r/w/o: 0.00/1533.32/23.99) lat (ms,95%): 1258.08 err/s: 0.00 reconn/s: 0.00
[ 119s ] thds: 1024 tps: 1613.82 qps: 1613.82 (r/w/o: 0.00/1579.82/34.00) lat (ms,95%): 682.06 err/s: 0.00 reconn/s: 0.00
[ 120s ] thds: 1024 tps: 1533.99 qps: 1533.99 (r/w/o: 0.00/1503.99/30.00) lat (ms,95%): 816.63 err/s: 0.00 reconn/s: 0.00
[ 121s ] thds: 1024 tps: 1423.04 qps: 1423.04 (r/w/o: 0.00/1405.04/18.00) lat (ms,95%): 995.51 err/s: 0.00 reconn/s: 0.00
[ 122s ] thds: 1024 tps: 1435.67 qps: 1435.67 (r/w/o: 0.00/1408.66/27.01) lat (ms,95%): 1089.30 err/s: 0.00 reconn/s: 0.00
[ 123s ] thds: 1024 tps: 1463.22 qps: 1463.22 (r/w/o: 0.00/1437.23/25.99) lat (ms,95%): 977.74 err/s: 0.00 reconn/s: 0.00
[ 124s ] thds: 1024 tps: 1526.23 qps: 1526.23 (r/w/o: 0.00/1502.23/24.00) lat (ms,95%): 1149.76 err/s: 0.00 reconn/s: 0.00
[ 125s ] thds: 1024 tps: 1512.02 qps: 1512.02 (r/w/o: 0.00/1474.02/38.00) lat (ms,95%): 995.51 err/s: 0.00 reconn/s: 0.00
[ 126s ] thds: 1024 tps: 1469.68 qps: 1469.68 (r/w/o: 0.00/1439.69/29.99) lat (ms,95%): 1258.08 err/s: 0.00 reconn/s: 0.00
[ 127s ] thds: 1024 tps: 1502.48 qps: 1502.48 (r/w/o: 0.00/1466.46/36.01) lat (ms,95%): 1280.93 err/s: 0.00 reconn/s: 0.00
[ 128s ] thds: 1024 tps: 1479.95 qps: 1479.95 (r/w/o: 0.00/1443.95/36.00) lat (ms,95%): 1280.93 err/s: 0.00 reconn/s: 0.00
[ 129s ] thds: 1024 tps: 1533.65 qps: 1533.65 (r/w/o: 0.00/1489.66/43.99) lat (ms,95%): 1327.91 err/s: 0.00 reconn/s: 0.00
[ 130s ] thds: 1024 tps: 1475.47 qps: 1475.47 (r/w/o: 0.00/1450.46/25.01) lat (ms,95%): 1352.03 err/s: 0.00 reconn/s: 0.00
[ 131s ] thds: 1024 tps: 1496.05 qps: 1496.05 (r/w/o: 0.00/1462.07/33.98) lat (ms,95%): 1376.60 err/s: 0.00 reconn/s: 0.00
[ 132s ] thds: 1024 tps: 1505.35 qps: 1505.35 (r/w/o: 0.00/1474.32/31.03) lat (ms,95%): 1376.60 err/s: 0.00 reconn/s: 0.00
[ 133s ] thds: 1024 tps: 1610.35 qps: 1610.35 (r/w/o: 0.00/1581.36/28.99) lat (ms,95%): 995.51 err/s: 0.00 reconn/s: 0.00
[ 134s ] thds: 1024 tps: 1588.83 qps: 1588.83 (r/w/o: 0.00/1552.84/36.00) lat (ms,95%): 759.88 err/s: 0.00 reconn/s: 0.00
[ 135s ] thds: 1024 tps: 1485.94 qps: 1485.94 (r/w/o: 0.00/1447.94/38.00) lat (ms,95%): 1013.60 err/s: 0.00 reconn/s: 0.00
[ 136s ] thds: 1024 tps: 1461.34 qps: 1461.34 (r/w/o: 0.00/1428.33/33.01) lat (ms,95%): 1032.01 err/s: 0.00 reconn/s: 0.00
[ 137s ] thds: 1024 tps: 1526.77 qps: 1526.77 (r/w/o: 0.00/1494.78/32.00) lat (ms,95%): 1032.01 err/s: 0.00 reconn/s: 0.00
[ 138s ] thds: 1024 tps: 1529.06 qps: 1529.06 (r/w/o: 0.00/1491.05/38.00) lat (ms,95%): 1032.01 err/s: 0.00 reconn/s: 0.00
[ 139s ] thds: 1024 tps: 1525.66 qps: 1525.66 (r/w/o: 0.00/1490.65/35.02) lat (ms,95%): 1050.76 err/s: 0.00 reconn/s: 0.00
[ 140s ] thds: 1024 tps: 1514.38 qps: 1514.38 (r/w/o: 0.00/1483.39/30.99) lat (ms,95%): 1235.62 err/s: 0.00 reconn/s: 0.00
[ 141s ] thds: 1024 tps: 1512.99 qps: 1512.99 (r/w/o: 0.00/1471.99/41.00) lat (ms,95%): 1170.65 err/s: 0.00 reconn/s: 0.00
[ 142s ] thds: 1024 tps: 1505.70 qps: 1505.70 (r/w/o: 0.00/1475.71/29.99) lat (ms,95%): 1170.65 err/s: 0.00 reconn/s: 0.00
[ 143s ] thds: 1024 tps: 1511.55 qps: 1511.55 (r/w/o: 0.00/1466.54/45.02) lat (ms,95%): 1213.57 err/s: 0.00 reconn/s: 0.00
[ 144s ] thds: 1024 tps: 1475.31 qps: 1475.31 (r/w/o: 0.00/1447.33/27.99) lat (ms,95%): 1235.62 err/s: 0.00 reconn/s: 0.00
[ 145s ] thds: 1024 tps: 1499.15 qps: 1499.15 (r/w/o: 0.00/1466.13/33.03) lat (ms,95%): 1235.62 err/s: 0.00 reconn/s: 0.00
[ 146s ] thds: 1024 tps: 1520.08 qps: 1520.08 (r/w/o: 0.00/1490.10/29.98) lat (ms,95%): 1235.62 err/s: 0.00 reconn/s: 0.00
[ 147s ] thds: 1024 tps: 1531.87 qps: 1531.87 (r/w/o: 0.00/1508.88/23.00) lat (ms,95%): 1013.60 err/s: 0.00 reconn/s: 0.00
[ 148s ] thds: 1024 tps: 1497.06 qps: 1497.06 (r/w/o: 0.00/1464.04/33.02) lat (ms,95%): 877.61 err/s: 0.00 reconn/s: 0.00
[ 149s ] thds: 1024 tps: 1492.94 qps: 1492.94 (r/w/o: 0.00/1458.94/34.00) lat (ms,95%): 1170.65 err/s: 0.00 reconn/s: 0.00
[ 150s ] thds: 1024 tps: 1523.84 qps: 1523.84 (r/w/o: 0.00/1482.87/40.97) lat (ms,95%): 1069.86 err/s: 0.00 reconn/s: 0.00
[ 151s ] thds: 1024 tps: 1562.08 qps: 1562.08 (r/w/o: 0.00/1531.07/31.00) lat (ms,95%): 1050.76 err/s: 0.00 reconn/s: 0.00
[ 152s ] thds: 1024 tps: 1489.04 qps: 1489.04 (r/w/o: 0.00/1459.02/30.02) lat (ms,95%): 1050.76 err/s: 0.00 reconn/s: 0.00
[ 153s ] thds: 1024 tps: 1458.95 qps: 1458.95 (r/w/o: 0.00/1422.95/36.00) lat (ms,95%): 1129.24 err/s: 0.00 reconn/s: 0.00
[ 154s ] thds: 1024 tps: 1430.96 qps: 1430.96 (r/w/o: 0.00/1400.96/30.00) lat (ms,95%): 1129.24 err/s: 0.00 reconn/s: 0.00
[ 155s ] thds: 1024 tps: 1471.97 qps: 1471.97 (r/w/o: 0.00/1437.97/34.00) lat (ms,95%): 1109.09 err/s: 0.00 reconn/s: 0.00
[ 156s ] thds: 1024 tps: 1548.98 qps: 1548.98 (r/w/o: 0.00/1520.00/28.98) lat (ms,95%): 1032.01 err/s: 0.00 reconn/s: 0.00
[ 157s ] thds: 1024 tps: 1502.01 qps: 1502.01 (r/w/o: 0.00/1474.01/28.00) lat (ms,95%): 995.51 err/s: 0.00 reconn/s: 0.00
[ 158s ] thds: 1024 tps: 1511.55 qps: 1511.55 (r/w/o: 0.00/1474.54/37.01) lat (ms,95%): 960.30 err/s: 0.00 reconn/s: 0.00
[ 159s ] thds: 1024 tps: 1510.52 qps: 1510.52 (r/w/o: 0.00/1471.50/39.01) lat (ms,95%): 960.30 err/s: 0.00 reconn/s: 0.00
[ 160s ] thds: 1024 tps: 1487.01 qps: 1487.01 (r/w/o: 0.00/1448.01/39.00) lat (ms,95%): 960.30 err/s: 0.00 reconn/s: 0.00
[ 161s ] thds: 1024 tps: 1550.34 qps: 1550.34 (r/w/o: 0.00/1517.35/32.99) lat (ms,95%): 926.33 err/s: 0.00 reconn/s: 0.00
[ 162s ] thds: 1024 tps: 1470.73 qps: 1470.73 (r/w/o: 0.00/1443.72/27.01) lat (ms,95%): 893.56 err/s: 0.00 reconn/s: 0.00
[ 163s ] thds: 1024 tps: 1505.92 qps: 1505.92 (r/w/o: 0.00/1475.94/29.98) lat (ms,95%): 893.56 err/s: 0.00 reconn/s: 0.00
[ 164s ] thds: 1024 tps: 1518.40 qps: 1518.40 (r/w/o: 0.00/1493.40/25.01) lat (ms,95%): 943.16 err/s: 0.00 reconn/s: 0.00
[ 165s ] thds: 1024 tps: 1593.52 qps: 1593.52 (r/w/o: 0.00/1559.51/34.01) lat (ms,95%): 846.57 err/s: 0.00 reconn/s: 0.00
[ 166s ] thds: 1024 tps: 1451.11 qps: 1451.11 (r/w/o: 0.00/1415.10/36.00) lat (ms,95%): 846.57 err/s: 0.00 reconn/s: 0.00
[ 167s ] thds: 1024 tps: 1494.75 qps: 1494.75 (r/w/o: 0.00/1451.76/42.99) lat (ms,95%): 977.74 err/s: 0.00 reconn/s: 0.00
[ 168s ] thds: 1024 tps: 1473.19 qps: 1473.19 (r/w/o: 0.00/1441.21/31.98) lat (ms,95%): 877.61 err/s: 0.00 reconn/s: 0.00
[ 169s ] thds: 1024 tps: 1547.86 qps: 1547.86 (r/w/o: 0.00/1513.87/34.00) lat (ms,95%): 877.61 err/s: 0.00 reconn/s: 0.00
[ 170s ] thds: 1024 tps: 1484.24 qps: 1484.24 (r/w/o: 0.00/1451.22/33.03) lat (ms,95%): 1050.76 err/s: 0.00 reconn/s: 0.00
[ 171s ] thds: 1024 tps: 1486.25 qps: 1486.25 (r/w/o: 0.00/1459.26/26.99) lat (ms,95%): 1050.76 err/s: 0.00 reconn/s: 0.00
[ 172s ] thds: 1024 tps: 1506.13 qps: 1506.13 (r/w/o: 0.00/1466.13/40.00) lat (ms,95%): 1050.76 err/s: 0.00 reconn/s: 0.00
[ 173s ] thds: 1024 tps: 1499.48 qps: 1499.48 (r/w/o: 0.00/1470.49/28.99) lat (ms,95%): 1032.01 err/s: 0.00 reconn/s: 0.00
[ 174s ] thds: 1024 tps: 1568.06 qps: 1568.06 (r/w/o: 0.00/1538.06/30.00) lat (ms,95%): 1050.76 err/s: 0.00 reconn/s: 0.00
[ 175s ] thds: 1024 tps: 1485.95 qps: 1485.95 (r/w/o: 0.00/1449.93/36.02) lat (ms,95%): 1050.76 err/s: 0.00 reconn/s: 0.00
[ 176s ] thds: 1024 tps: 1464.95 qps: 1464.95 (r/w/o: 0.00/1433.95/31.00) lat (ms,95%): 1050.76 err/s: 0.00 reconn/s: 0.00
[ 177s ] thds: 1024 tps: 1451.49 qps: 1451.49 (r/w/o: 0.00/1420.50/30.99) lat (ms,95%): 1050.76 err/s: 0.00 reconn/s: 0.00
[ 178s ] thds: 1024 tps: 1532.75 qps: 1532.75 (r/w/o: 0.00/1504.74/28.01) lat (ms,95%): 1149.76 err/s: 0.00 reconn/s: 0.00
[ 179s ] thds: 1024 tps: 1483.83 qps: 1483.83 (r/w/o: 0.00/1447.83/36.00) lat (ms,95%): 1129.24 err/s: 0.00 reconn/s: 0.00
[ 180s ] thds: 1024 tps: 1491.93 qps: 1491.93 (r/w/o: 0.00/1464.95/26.98) lat (ms,95%): 1129.24 err/s: 0.00 reconn/s: 0.00
[ 181s ] thds: 1024 tps: 1450.96 qps: 1450.96 (r/w/o: 0.00/1424.94/26.02) lat (ms,95%): 943.16 err/s: 0.00 reconn/s: 0.00
[ 182s ] thds: 1024 tps: 2246.92 qps: 2246.92 (r/w/o: 0.00/2201.93/45.00) lat (ms,95%): 816.63 err/s: 0.00 reconn/s: 0.00
[ 183s ] thds: 1024 tps: 1775.94 qps: 1775.94 (r/w/o: 0.00/1745.94/30.00) lat (ms,95%): 877.61 err/s: 0.00 reconn/s: 0.00
[ 184s ] thds: 1024 tps: 1491.12 qps: 1491.12 (r/w/o: 0.00/1449.12/42.00) lat (ms,95%): 877.61 err/s: 0.00 reconn/s: 0.00
[ 185s ] thds: 1024 tps: 1504.97 qps: 1504.97 (r/w/o: 0.00/1477.97/27.00) lat (ms,95%): 893.56 err/s: 0.00 reconn/s: 0.00
[ 186s ] thds: 1024 tps: 1491.24 qps: 1491.24 (r/w/o: 0.00/1469.24/22.00) lat (ms,95%): 893.56 err/s: 0.00 reconn/s: 0.00
[ 187s ] thds: 1024 tps: 1499.82 qps: 1499.82 (r/w/o: 0.00/1473.84/25.98) lat (ms,95%): 877.61 err/s: 0.00 reconn/s: 0.00
[ 188s ] thds: 1024 tps: 1517.06 qps: 1517.06 (r/w/o: 0.00/1483.03/34.02) lat (ms,95%): 893.56 err/s: 0.00 reconn/s: 0.00
[ 189s ] thds: 1024 tps: 1425.87 qps: 1425.87 (r/w/o: 0.00/1387.90/37.97) lat (ms,95%): 1280.93 err/s: 0.00 reconn/s: 0.00
[ 190s ] thds: 1024 tps: 1458.15 qps: 1458.15 (r/w/o: 0.00/1432.13/26.02) lat (ms,95%): 1938.16 err/s: 0.00 reconn/s: 0.00
[ 191s ] thds: 1024 tps: 1608.83 qps: 1608.83 (r/w/o: 0.00/1557.84/50.99) lat (ms,95%): 1453.01 err/s: 0.00 reconn/s: 0.00
[ 192s ] thds: 1024 tps: 1517.07 qps: 1517.07 (r/w/o: 0.00/1484.07/33.00) lat (ms,95%): 877.61 err/s: 0.00 reconn/s: 0.00
[ 193s ] thds: 1024 tps: 1424.02 qps: 1424.02 (r/w/o: 0.00/1380.05/43.97) lat (ms,95%): 893.56 err/s: 0.00 reconn/s: 0.00
[ 194s ] thds: 1024 tps: 1459.13 qps: 1459.13 (r/w/o: 0.00/1423.10/36.03) lat (ms,95%): 877.61 err/s: 0.00 reconn/s: 0.00
[ 195s ] thds: 1024 tps: 1545.79 qps: 1545.79 (r/w/o: 0.00/1512.81/32.97) lat (ms,95%): 893.56 err/s: 0.00 reconn/s: 0.00
[ 196s ] thds: 1024 tps: 3548.54 qps: 3548.54 (r/w/o: 0.00/3477.51/71.03) lat (ms,95%): 759.88 err/s: 0.00 reconn/s: 0.00
[ 197s ] thds: 1024 tps: 1890.71 qps: 1890.71 (r/w/o: 0.00/1848.69/42.02) lat (ms,95%): 960.30 err/s: 0.00 reconn/s: 0.00
[ 198s ] thds: 1024 tps: 1553.85 qps: 1553.85 (r/w/o: 0.00/1513.85/40.00) lat (ms,95%): 1129.24 err/s: 0.00 reconn/s: 0.00
[ 199s ] thds: 1024 tps: 1508.97 qps: 1508.97 (r/w/o: 0.00/1476.97/32.00) lat (ms,95%): 977.74 err/s: 0.00 reconn/s: 0.00
[ 200s ] thds: 1024 tps: 1488.90 qps: 1488.90 (r/w/o: 0.00/1451.90/37.00) lat (ms,95%): 1050.76 err/s: 0.00 reconn/s: 0.00
[ 201s ] thds: 1024 tps: 1546.29 qps: 1546.29 (r/w/o: 0.00/1521.28/25.00) lat (ms,95%): 1013.60 err/s: 0.00 reconn/s: 0.00
[ 202s ] thds: 1024 tps: 1469.83 qps: 1469.83 (r/w/o: 0.00/1445.84/24.00) lat (ms,95%): 995.51 err/s: 0.00 reconn/s: 0.00
[ 203s ] thds: 1024 tps: 1500.96 qps: 1500.96 (r/w/o: 0.00/1470.96/30.00) lat (ms,95%): 1013.60 err/s: 0.00 reconn/s: 0.00
[ 204s ] thds: 1024 tps: 1513.88 qps: 1513.88 (r/w/o: 0.00/1477.89/36.00) lat (ms,95%): 1013.60 err/s: 0.00 reconn/s: 0.00
[ 205s ] thds: 1024 tps: 1542.12 qps: 1542.12 (r/w/o: 0.00/1504.14/37.98) lat (ms,95%): 1013.60 err/s: 0.00 reconn/s: 0.00
[ 206s ] thds: 1024 tps: 1546.10 qps: 1546.10 (r/w/o: 0.00/1508.07/38.03) lat (ms,95%): 1013.60 err/s: 0.00 reconn/s: 0.00
[ 207s ] thds: 1024 tps: 1486.11 qps: 1486.11 (r/w/o: 0.00/1452.11/34.00) lat (ms,95%): 1050.76 err/s: 0.00 reconn/s: 0.00
[ 208s ] thds: 1024 tps: 1498.75 qps: 1498.75 (r/w/o: 0.00/1467.78/30.97) lat (ms,95%): 1050.76 err/s: 0.00 reconn/s: 0.00
[ 209s ] thds: 1024 tps: 1521.99 qps: 1521.99 (r/w/o: 0.00/1488.97/33.02) lat (ms,95%): 1050.76 err/s: 0.00 reconn/s: 0.00
[ 210s ] thds: 1024 tps: 1488.27 qps: 1488.27 (r/w/o: 0.00/1450.26/38.01) lat (ms,95%): 1032.01 err/s: 0.00 reconn/s: 0.00
[ 211s ] thds: 1024 tps: 1525.07 qps: 1525.07 (r/w/o: 0.00/1492.07/33.00) lat (ms,95%): 1013.60 err/s: 0.00 reconn/s: 0.00
[ 212s ] thds: 1024 tps: 1498.76 qps: 1498.76 (r/w/o: 0.00/1459.77/38.99) lat (ms,95%): 1032.01 err/s: 0.00 reconn/s: 0.00
[ 213s ] thds: 1024 tps: 1505.82 qps: 1505.82 (r/w/o: 0.00/1477.84/27.98) lat (ms,95%): 1032.01 err/s: 0.00 reconn/s: 0.00
[ 214s ] thds: 1024 tps: 1508.05 qps: 1508.05 (r/w/o: 0.00/1483.03/25.02) lat (ms,95%): 1013.60 err/s: 0.00 reconn/s: 0.00
[ 215s ] thds: 1024 tps: 1493.88 qps: 1493.88 (r/w/o: 0.00/1460.91/32.98) lat (ms,95%): 1032.01 err/s: 0.00 reconn/s: 0.00
[ 216s ] thds: 1024 tps: 1521.42 qps: 1521.42 (r/w/o: 0.00/1479.38/42.04) lat (ms,95%): 1032.01 err/s: 0.00 reconn/s: 0.00
[ 217s ] thds: 1024 tps: 1498.75 qps: 1498.75 (r/w/o: 0.00/1460.76/37.99) lat (ms,95%): 1013.60 err/s: 0.00 reconn/s: 0.00
[ 218s ] thds: 1024 tps: 1519.02 qps: 1519.02 (r/w/o: 0.00/1490.02/29.00) lat (ms,95%): 1013.60 err/s: 0.00 reconn/s: 0.00
[ 219s ] thds: 1024 tps: 1533.96 qps: 1533.96 (r/w/o: 0.00/1493.96/40.00) lat (ms,95%): 1032.01 err/s: 0.00 reconn/s: 0.00
[ 220s ] thds: 1024 tps: 1516.10 qps: 1516.10 (r/w/o: 0.00/1481.09/35.00) lat (ms,95%): 1032.01 err/s: 0.00 reconn/s: 0.00
[ 221s ] thds: 1024 tps: 1483.85 qps: 1483.85 (r/w/o: 0.00/1450.86/33.00) lat (ms,95%): 1032.01 err/s: 0.00 reconn/s: 0.00
[ 222s ] thds: 1024 tps: 1432.10 qps: 1432.10 (r/w/o: 0.00/1403.10/29.00) lat (ms,95%): 1032.01 err/s: 0.00 reconn/s: 0.00
[ 223s ] thds: 1024 tps: 1536.72 qps: 1536.72 (r/w/o: 0.00/1509.72/27.00) lat (ms,95%): 1032.01 err/s: 0.00 reconn/s: 0.00
[ 224s ] thds: 1024 tps: 1467.04 qps: 1467.04 (r/w/o: 0.00/1431.04/36.00) lat (ms,95%): 1032.01 err/s: 0.00 reconn/s: 0.00
[ 225s ] thds: 1024 tps: 1535.09 qps: 1535.09 (r/w/o: 0.00/1493.08/42.00) lat (ms,95%): 1050.76 err/s: 0.00 reconn/s: 0.00
[ 226s ] thds: 1024 tps: 1490.06 qps: 1490.06 (r/w/o: 0.00/1455.09/34.98) lat (ms,95%): 1089.30 err/s: 0.00 reconn/s: 0.00
[ 227s ] thds: 1024 tps: 1516.36 qps: 1516.36 (r/w/o: 0.00/1482.33/34.03) lat (ms,95%): 1089.30 err/s: 0.00 reconn/s: 0.00
[ 228s ] thds: 1024 tps: 1461.55 qps: 1461.55 (r/w/o: 0.00/1427.56/33.99) lat (ms,95%): 1089.30 err/s: 0.00 reconn/s: 0.00
[ 229s ] thds: 1024 tps: 2748.75 qps: 2748.75 (r/w/o: 0.00/2680.73/68.02) lat (ms,95%): 669.89 err/s: 0.00 reconn/s: 0.00
[ 230s ] thds: 1024 tps: 1528.83 qps: 1528.83 (r/w/o: 0.00/1494.83/34.00) lat (ms,95%): 893.56 err/s: 0.00 reconn/s: 0.00
[ 231s ] thds: 1024 tps: 1482.63 qps: 1482.63 (r/w/o: 0.00/1455.63/26.99) lat (ms,95%): 909.80 err/s: 0.00 reconn/s: 0.00
[ 232s ] thds: 1024 tps: 1563.49 qps: 1563.49 (r/w/o: 0.00/1524.47/39.01) lat (ms,95%): 909.80 err/s: 0.00 reconn/s: 0.00
[ 233s ] thds: 1024 tps: 1466.74 qps: 1466.74 (r/w/o: 0.00/1435.74/30.99) lat (ms,95%): 995.51 err/s: 0.00 reconn/s: 0.00
[ 234s ] thds: 1024 tps: 1536.12 qps: 1536.12 (r/w/o: 0.00/1497.12/39.00) lat (ms,95%): 1013.60 err/s: 0.00 reconn/s: 0.00
[ 235s ] thds: 1024 tps: 1481.95 qps: 1481.95 (r/w/o: 0.00/1450.97/30.98) lat (ms,95%): 995.51 err/s: 0.00 reconn/s: 0.00
[ 236s ] thds: 1024 tps: 1514.91 qps: 1514.91 (r/w/o: 0.00/1482.90/32.02) lat (ms,95%): 1013.60 err/s: 0.00 reconn/s: 0.00
[ 237s ] thds: 1024 tps: 1484.09 qps: 1484.09 (r/w/o: 0.00/1459.09/25.00) lat (ms,95%): 1050.76 err/s: 0.00 reconn/s: 0.00
[ 238s ] thds: 1024 tps: 1529.33 qps: 1529.33 (r/w/o: 0.00/1487.32/42.01) lat (ms,95%): 1032.01 err/s: 0.00 reconn/s: 0.00
[ 239s ] thds: 1024 tps: 1485.75 qps: 1485.75 (r/w/o: 0.00/1457.76/28.00) lat (ms,95%): 1050.76 err/s: 0.00 reconn/s: 0.00
[ 240s ] thds: 1024 tps: 2951.93 qps: 2951.93 (r/w/o: 0.00/2878.93/73.00) lat (ms,95%): 682.06 err/s: 0.00 reconn/s: 0.00
[ 241s ] thds: 375 tps: 1010.87 qps: 1010.87 (r/w/o: 0.00/984.87/26.00) lat (ms,95%): 1170.65 err/s: 0.00 reconn/s: 0.00
Latency histogram (values are in milliseconds)
       value  ------------- distribution ------------- count
       5.570 |                                         1
       5.671 |                                         1
       5.774 |                                         3
       5.986 |                                         4
       6.095 |                                         6
       6.205 |                                         10
       6.318 |                                         23
       6.433 |                                         19
       6.550 |                                         29
       6.669 |                                         33
       6.790 |                                         53
       6.913 |                                         69
       7.039 |                                         82
       7.167 |                                         117
       7.297 |                                         146
       7.430 |                                         183
       7.565 |                                         202
       7.702 |                                         176
       7.842 |                                         181
       7.985 |                                         209
       8.130 |                                         219
       8.277 |                                         239
       8.428 |                                         265
       8.581 |                                         285
       8.737 |                                         215
       8.895 |                                         220
       9.057 |                                         213
       9.222 |                                         239
       9.389 |                                         207
       9.560 |                                         223
       9.734 |                                         212
       9.910 |                                         185
      10.090 |                                         173
      10.274 |                                         184
      10.460 |                                         185
      10.651 |                                         132
      10.844 |                                         128
      11.041 |                                         151
      11.242 |                                         132
      11.446 |                                         112
      11.654 |                                         131
      11.866 |                                         128
      12.081 |                                         126
      12.301 |                                         111
      12.524 |                                         92
      12.752 |                                         128
      12.984 |                                         88
      13.219 |                                         101
      13.460 |                                         112
      13.704 |                                         115
      13.953 |                                         125
      14.207 |                                         131
      14.465 |                                         110
      14.728 |                                         113
      14.995 |                                         118
      15.268 |                                         108
      15.545 |                                         104
      15.828 |                                         82
      16.115 |                                         111
      16.408 |                                         107
      16.706 |                                         80
      17.010 |                                         80
      17.319 |                                         98
      17.633 |                                         84
      17.954 |                                         97
      18.280 |                                         77
      18.612 |                                         94
      18.950 |                                         106
      19.295 |                                         88
      19.645 |                                         83
      20.002 |                                         92
      20.366 |                                         103
      20.736 |                                         98
      21.112 |                                         112
      21.496 |                                         115
      21.886 |                                         122
      22.284 |                                         100
      22.689 |                                         124
      23.101 |                                         123
      23.521 |                                         125
      23.948 |                                         105
      24.384 |                                         124
      24.827 |                                         133
      25.278 |                                         141
      25.737 |                                         149
      26.205 |                                         117
      26.681 |                                         136
      27.165 |                                         143
      27.659 |                                         120
      28.162 |                                         141
      28.673 |                                         148
      29.194 |                                         128
      29.725 |                                         117
      30.265 |                                         113
      30.815 |                                         89
      31.375 |                                         119
      31.945 |                                         112
      32.525 |                                         129
      33.116 |                                         116
      33.718 |                                         112
      34.330 |                                         126
      34.954 |                                         125
      35.589 |                                         97
      36.236 |                                         108
      36.894 |                                         105
      37.565 |                                         87
      38.247 |                                         114
      38.942 |                                         95
      39.650 |                                         86
      40.370 |                                         84
      41.104 |                                         53
      41.851 |                                         62
      42.611 |                                         41
      43.385 |                                         55
      44.173 |                                         40
      44.976 |                                         46
      45.793 |                                         33
      46.625 |                                         28
      47.472 |                                         27
      48.335 |                                         21
      49.213 |                                         11
      50.107 |                                         19
      51.018 |                                         21
      51.945 |                                         13
      52.889 |                                         21
      53.850 |                                         15
      54.828 |                                         7
      55.824 |                                         10
      56.839 |                                         13
      57.871 |                                         1
      58.923 |                                         4
      59.993 |                                         6
      61.083 |                                         4
      62.193 |                                         1
      63.323 |                                         2
      64.474 |                                         5
      65.645 |                                         3
      66.838 |                                         1
      68.053 |                                         3
      69.289 |                                         2
      71.830 |                                         2
      73.135 |                                         2
      74.464 |                                         6
      75.817 |                                         1
      77.194 |                                         2
      78.597 |                                         5
      84.467 |                                         1
      86.002 |                                         2
      89.155 |                                         1
      92.424 |                                         2
      95.814 |                                         2
     101.132 |                                         2
     102.969 |                                         2
     104.840 |                                         2
     106.745 |                                         3
     108.685 |                                         2
     110.659 |                                         2
     114.717 |                                         5
     121.085 |                                         1
     125.525 |                                         2
     127.805 |                                         2
     130.128 |                                         1
     134.899 |                                         1
     139.846 |                                         1
     144.974 |                                         2
     147.608 |                                         1
     153.021 |                                         1
     155.801 |                                         2
     158.632 |                                         2
     161.514 |                                         1
     164.449 |                                         1
     167.437 |                                         1
     170.479 |                                         1
     176.731 |                                         1
     186.540 |                                         2
     189.929 |                                         2
     193.380 |                                         1
     200.472 |                                         2
     204.114 |                                         2
     207.823 |                                         4
     211.599 |                                         4
     215.443 |                                         8
     219.358 |                                         4
     223.344 |                                         5
     227.402 |                                         5
     231.534 |                                         8
     235.740 |                                         8
     240.024 |                                         11
     244.385 |                                         7
     248.825 |                                         13
     253.346 |                                         14
     257.950 |                                         22
     262.636 |                                         20
     267.408 |                                         12
     272.267 |                                         12
     277.214 |                                         8
     282.251 |                                         5
     287.379 |                                         13
     292.601 |                                         17
     297.917 |                                         8
     303.330 |                                         9
     308.842 |                                         15
     314.453 |                                         31
     320.167 |                                         15
     325.984 |                                         11
     331.907 |                                         25
     337.938 |                                         22
     344.078 |                                         47
     350.330 |                                         29
     356.695 |                                         27
     363.176 |                                         27
     369.775 |                                         24
     376.494 |                                         29
     383.334 |                                         42
     390.299 |                                         54
     397.391 |                                         59
     404.611 |                                         52
     411.963 |                                         39
     419.448 |                                         44
     427.069 |                                         61
     434.829 |*                                        481
     442.730 |                                         314
     450.774 |*                                        581
     458.964 |**                                       1469
     467.304 |**                                       1259
     475.794 |*                                        1100
     484.439 |*                                        967
     493.242 |                                         256
     502.204 |*                                        768
     511.328 |*                                        457
     520.619 |***                                      2044
     530.078 |****                                     2747
     539.710 |*******                                  5238
     549.516 |****************                         12070
     559.501 |**************************               19362
     569.667 |************************************     27187
     580.017 |**************************************** 29996
     590.556 |***************************************  28876
     601.286 |*********************************        24652
     612.211 |*********************************        24674
     623.335 |*****************************            22059
     634.661 |**************************               19769
     646.192 |************************                 17842
     657.933 |********************                     14646
     669.888 |******************                       13219
     682.059 |*********                                7039
     694.452 |********                                 6084
     707.070 |*******                                  5121
     719.917 |*****                                    3999
     732.998 |****                                     3327
     746.316 |*****                                    3699
     759.876 |***                                      2239
     773.683 |***                                      2070
     787.741 |****                                     3136
     802.053 |***                                      2422
     816.626 |****                                     2730
     831.464 |**                                       1669
     846.572 |**                                       1593
     861.954 |**                                       1860
     877.615 |***                                      2091
     893.561 |***                                      2313
     909.797 |**                                       1183
     926.327 |*                                        1100
     943.158 |*                                        1063
     960.295 |****                                     3190
     977.743 |***                                      1891
     995.508 |***                                      2498
    1013.597 |*****                                    3533
    1032.013 |******                                   4392
    1050.764 |****                                     2909
    1069.856 |*                                        976
    1089.295 |*                                        609
    1109.087 |*                                        531
    1129.239 |**                                       1583
    1149.757 |*                                        729
    1170.648 |*                                        853
    1191.918 |*                                        697
    1213.575 |*                                        829
    1235.625 |*                                        556
    1258.076 |*                                        440
    1280.934 |*                                        478
    1304.208 |*                                        547
    1327.905 |                                         339
    1352.033 |*                                        400
    1376.599 |*                                        426
    1401.611 |*                                        616
    1427.078 |*                                        486
    1453.007 |                                         194
    1479.408 |                                         86
    1506.288 |                                         112
    1533.657 |                                         193
    1561.523 |*                                        387
    1589.895 |                                         183
    1618.783 |                                         170
    1648.196 |                                         66
    1678.143 |                                         177
    1708.634 |                                         76
    1739.679 |                                         68
    1771.289 |                                         209
    1803.472 |                                         114
    1836.241 |                                         79
    1869.605 |                                         167
    1903.575 |                                         175
    1938.162 |                                         128
    1973.377 |                                         175
    2009.233 |                                         123
    2045.740 |                                         93
    2082.910 |                                         155
    2120.756 |                                         66
    2159.289 |                                         47
    2198.523 |                                         29
    2238.469 |                                         37
    2279.141 |                                         29
    2320.552 |                                         153
    2362.716 |                                         109
    2405.646 |                                         28
    2449.355 |                                         37
    2493.859 |                                         36
    2539.172 |                                         25
    2585.308 |                                         22
    2632.282 |                                         27
    2680.109 |                                         28
    2728.806 |                                         50
    2778.387 |                                         49
    2828.869 |                                         6
    2880.269 |                                         21
    2932.602 |                                         6
    2985.887 |                                         4
    3040.139 |                                         6
    3095.377 |                                         9
    3151.619 |                                         8
    3208.883 |                                         7
    3267.187 |                                         9
    3326.551 |                                         8
    3386.993 |                                         10
    3448.533 |                                         16
    3511.192 |                                         20
    3574.989 |                                         18
    3639.945 |                                         8
    3706.081 |                                         10
    3773.420 |                                         5
    3841.981 |                                         9
    3911.789 |                                         10
    3982.864 |                                         15
    4055.231 |                                         21
    4128.913 |                                         28
    4203.934 |                                         19
    4280.318 |                                         4
    4358.090 |                                         11
    4437.275 |                                         6
    4517.898 |                                         5
    4599.987 |                                         7
    4683.567 |                                         3
    4768.666 |                                         3
    4855.311 |                                         2
    4943.530 |                                         9
    5033.352 |                                         7
    5124.806 |                                         5
    5217.922 |                                         3
    5312.729 |                                         18
    5409.260 |                                         10
    5507.544 |                                         7
    5607.614 |                                         6
    5709.502 |                                         8
    5813.242 |                                         8
    5918.866 |                                         2
    6026.410 |                                         2
    6247.394 |                                         1
    6360.907 |                                         11
    6476.483 |                                         9
    6594.158 |                                         2
    6835.962 |                                         2
    6960.168 |                                         4
    7086.632 |                                         3
    7215.393 |                                         9
    7346.494 |                                         3
 
SQL statistics:
    queries performed:
        read:                            0
        write:                           367138
        other:                           8229
        total:                           375367
    transactions:                        375367 (1557.06 per sec.)
    queries:                             375367 (1557.06 per sec.)
    ignored errors:                      0      (0.00 per sec.)
    reconnects:                          0      (0.00 per sec.)

Throughput:
    events/s (eps):                      1557.0601
    time elapsed:                        241.0747s
    total number of events:              375367

Latency (ms):
         min:                                    5.55
         avg:                                  656.44
         max:                                 7404.21
         95th percentile:                     1032.01
         sum:                            246402904.61

Threads fairness:
    events (avg/stddev):           366.5635/36.52
    execution time (avg/stddev):   240.6278/0.30

