sysbench 1.1.0-3ceba0b (using bundled LuaJIT 2.1.0-beta3)

Running the test with following options:
Number of threads: 128
Warmup time: 60s
Report intermediate results every 1 second(s)
Initializing random number generator from current time


Initializing worker threads...

Threads started!

Warming up for 60 seconds...

[ 1s ] thds: 128 tps: 780.90 qps: 4691.68 (r/w/o: 0.00/3075.87/1615.82) lat (ms,95%): 559.50 err/s: 0.00 reconn/s: 0.00
[ 2s ] thds: 128 tps: 532.17 qps: 3138.99 (r/w/o: 0.00/2044.64/1094.34) lat (ms,95%): 549.52 err/s: 0.00 reconn/s: 0.00
[ 3s ] thds: 128 tps: 524.13 qps: 3162.77 (r/w/o: 0.00/2078.50/1084.26) lat (ms,95%): 559.50 err/s: 0.00 reconn/s: 0.00
[ 4s ] thds: 128 tps: 514.70 qps: 3069.21 (r/w/o: 0.00/2008.83/1060.38) lat (ms,95%): 272.27 err/s: 0.00 reconn/s: 0.00
[ 5s ] thds: 128 tps: 498.01 qps: 2985.03 (r/w/o: 0.00/1952.02/1033.01) lat (ms,95%): 272.27 err/s: 0.00 reconn/s: 0.00
[ 6s ] thds: 128 tps: 507.03 qps: 3060.16 (r/w/o: 0.00/2016.11/1044.06) lat (ms,95%): 272.27 err/s: 0.00 reconn/s: 0.00
[ 7s ] thds: 128 tps: 555.10 qps: 3271.60 (r/w/o: 0.00/2134.39/1137.21) lat (ms,95%): 314.45 err/s: 0.00 reconn/s: 0.00
[ 8s ] thds: 128 tps: 540.92 qps: 3291.49 (r/w/o: 0.00/2166.66/1124.82) lat (ms,95%): 267.41 err/s: 0.00 reconn/s: 0.00
[ 9s ] thds: 128 tps: 511.98 qps: 3077.88 (r/w/o: 0.00/2007.92/1069.96) lat (ms,95%): 314.45 err/s: 0.00 reconn/s: 0.00
[ 10s ] thds: 128 tps: 513.04 qps: 3067.24 (r/w/o: 0.00/2003.16/1064.08) lat (ms,95%): 308.84 err/s: 0.00 reconn/s: 0.00
[ 11s ] thds: 128 tps: 523.96 qps: 3171.73 (r/w/o: 0.00/2084.83/1086.91) lat (ms,95%): 320.17 err/s: 0.00 reconn/s: 0.00
[ 12s ] thds: 128 tps: 519.94 qps: 3110.66 (r/w/o: 0.00/2033.78/1076.88) lat (ms,95%): 308.84 err/s: 0.00 reconn/s: 0.00
[ 13s ] thds: 128 tps: 517.28 qps: 3109.65 (r/w/o: 0.00/2029.08/1080.57) lat (ms,95%): 303.33 err/s: 0.00 reconn/s: 0.00
[ 14s ] thds: 128 tps: 517.80 qps: 3040.84 (r/w/o: 0.00/1974.25/1066.59) lat (ms,95%): 308.84 err/s: 0.00 reconn/s: 0.00
[ 15s ] thds: 128 tps: 505.13 qps: 3022.79 (r/w/o: 0.00/1985.52/1037.27) lat (ms,95%): 303.33 err/s: 0.00 reconn/s: 0.00
[ 16s ] thds: 128 tps: 887.70 qps: 5394.19 (r/w/o: 0.00/3562.81/1831.39) lat (ms,95%): 282.25 err/s: 0.00 reconn/s: 0.00
[ 17s ] thds: 128 tps: 1097.16 qps: 6530.96 (r/w/o: 0.00/4270.63/2260.33) lat (ms,95%): 257.95 err/s: 0.00 reconn/s: 0.00
[ 18s ] thds: 128 tps: 1076.83 qps: 6502.95 (r/w/o: 0.00/4276.31/2226.64) lat (ms,95%): 267.41 err/s: 0.00 reconn/s: 0.00
[ 19s ] thds: 128 tps: 1074.03 qps: 6430.16 (r/w/o: 0.00/4214.11/2216.06) lat (ms,95%): 272.27 err/s: 0.00 reconn/s: 0.00
[ 20s ] thds: 128 tps: 1066.58 qps: 6432.49 (r/w/o: 0.00/4227.30/2205.20) lat (ms,95%): 267.41 err/s: 0.00 reconn/s: 0.00
[ 21s ] thds: 128 tps: 609.82 qps: 3561.95 (r/w/o: 0.00/2301.32/1260.63) lat (ms,95%): 272.27 err/s: 0.00 reconn/s: 0.00
[ 22s ] thds: 128 tps: 532.92 qps: 3271.52 (r/w/o: 0.00/2170.68/1100.84) lat (ms,95%): 292.60 err/s: 0.00 reconn/s: 0.00
[ 23s ] thds: 128 tps: 534.08 qps: 3218.50 (r/w/o: 0.00/2116.33/1102.17) lat (ms,95%): 292.60 err/s: 0.00 reconn/s: 0.00
[ 24s ] thds: 128 tps: 535.14 qps: 3126.80 (r/w/o: 0.00/2018.52/1108.28) lat (ms,95%): 369.77 err/s: 0.00 reconn/s: 0.00
[ 25s ] thds: 128 tps: 523.84 qps: 3202.05 (r/w/o: 0.00/2127.37/1074.68) lat (ms,95%): 390.30 err/s: 0.00 reconn/s: 0.00
[ 26s ] thds: 128 tps: 517.87 qps: 3130.21 (r/w/o: 0.00/2054.48/1075.73) lat (ms,95%): 376.49 err/s: 0.00 reconn/s: 0.00
[ 27s ] thds: 128 tps: 515.99 qps: 3081.92 (r/w/o: 0.00/2017.95/1063.97) lat (ms,95%): 390.30 err/s: 0.00 reconn/s: 0.00
[ 28s ] thds: 128 tps: 527.05 qps: 3109.28 (r/w/o: 0.00/2030.19/1079.10) lat (ms,95%): 390.30 err/s: 0.00 reconn/s: 0.00
[ 29s ] thds: 128 tps: 513.94 qps: 3128.66 (r/w/o: 0.00/2061.77/1066.88) lat (ms,95%): 397.39 err/s: 0.00 reconn/s: 0.00
[ 30s ] thds: 128 tps: 527.07 qps: 3155.42 (r/w/o: 0.00/2063.28/1092.15) lat (ms,95%): 397.39 err/s: 0.00 reconn/s: 0.00
[ 31s ] thds: 128 tps: 508.25 qps: 3098.51 (r/w/o: 0.00/2047.00/1051.51) lat (ms,95%): 404.61 err/s: 0.00 reconn/s: 0.00
[ 32s ] thds: 128 tps: 520.00 qps: 3143.02 (r/w/o: 0.00/2068.01/1075.01) lat (ms,95%): 404.61 err/s: 0.00 reconn/s: 0.00
[ 33s ] thds: 128 tps: 526.69 qps: 3062.22 (r/w/o: 0.00/1980.85/1081.37) lat (ms,95%): 411.96 err/s: 0.00 reconn/s: 0.00
[ 34s ] thds: 128 tps: 520.00 qps: 3127.03 (r/w/o: 0.00/2058.02/1069.01) lat (ms,95%): 411.96 err/s: 0.00 reconn/s: 0.00
[ 35s ] thds: 128 tps: 511.00 qps: 3099.97 (r/w/o: 0.00/2053.98/1045.99) lat (ms,95%): 404.61 err/s: 0.00 reconn/s: 0.00
[ 36s ] thds: 128 tps: 518.95 qps: 3114.69 (r/w/o: 0.00/2046.79/1067.89) lat (ms,95%): 442.73 err/s: 0.00 reconn/s: 0.00
[ 37s ] thds: 128 tps: 533.11 qps: 3193.63 (r/w/o: 0.00/2084.41/1109.22) lat (ms,95%): 383.33 err/s: 0.00 reconn/s: 0.00
[ 38s ] thds: 128 tps: 528.01 qps: 3203.04 (r/w/o: 0.00/2112.03/1091.01) lat (ms,95%): 376.49 err/s: 0.00 reconn/s: 0.00
[ 39s ] thds: 128 tps: 502.93 qps: 2992.58 (r/w/o: 0.00/1957.72/1034.85) lat (ms,95%): 390.30 err/s: 0.00 reconn/s: 0.00
[ 40s ] thds: 128 tps: 512.01 qps: 3049.05 (r/w/o: 0.00/1985.03/1064.02) lat (ms,95%): 427.07 err/s: 0.00 reconn/s: 0.00
[ 41s ] thds: 128 tps: 491.97 qps: 3084.79 (r/w/o: 0.00/2075.86/1008.93) lat (ms,95%): 419.45 err/s: 0.00 reconn/s: 0.00
[ 42s ] thds: 128 tps: 529.97 qps: 3035.85 (r/w/o: 0.00/1951.91/1083.95) lat (ms,95%): 419.45 err/s: 0.00 reconn/s: 0.00
[ 43s ] thds: 128 tps: 513.03 qps: 3073.20 (r/w/o: 0.00/2007.13/1066.07) lat (ms,95%): 411.96 err/s: 0.00 reconn/s: 0.00
[ 44s ] thds: 128 tps: 515.36 qps: 3113.16 (r/w/o: 0.00/2049.42/1063.74) lat (ms,95%): 427.07 err/s: 0.00 reconn/s: 0.00
[ 45s ] thds: 128 tps: 499.70 qps: 3054.15 (r/w/o: 0.00/2017.78/1036.37) lat (ms,95%): 411.96 err/s: 0.00 reconn/s: 0.00
[ 46s ] thds: 128 tps: 523.99 qps: 3158.92 (r/w/o: 0.00/2081.95/1076.97) lat (ms,95%): 411.96 err/s: 0.00 reconn/s: 0.00
[ 47s ] thds: 128 tps: 529.99 qps: 3115.97 (r/w/o: 0.00/2016.98/1098.99) lat (ms,95%): 320.17 err/s: 0.00 reconn/s: 0.00
[ 48s ] thds: 128 tps: 511.01 qps: 3059.06 (r/w/o: 0.00/2005.04/1054.02) lat (ms,95%): 303.33 err/s: 0.00 reconn/s: 0.00
[ 49s ] thds: 128 tps: 510.09 qps: 3090.52 (r/w/o: 0.00/2037.34/1053.18) lat (ms,95%): 314.45 err/s: 0.00 reconn/s: 0.00
[ 50s ] thds: 128 tps: 515.99 qps: 3063.96 (r/w/o: 0.00/1986.97/1076.99) lat (ms,95%): 314.45 err/s: 0.00 reconn/s: 0.00
[ 51s ] thds: 128 tps: 521.88 qps: 3153.25 (r/w/o: 0.00/2071.51/1081.74) lat (ms,95%): 303.33 err/s: 0.00 reconn/s: 0.00
[ 52s ] thds: 128 tps: 518.35 qps: 3072.07 (r/w/o: 0.00/2003.35/1068.72) lat (ms,95%): 320.17 err/s: 0.00 reconn/s: 0.00
[ 53s ] thds: 128 tps: 503.78 qps: 3124.64 (r/w/o: 0.00/2092.09/1032.55) lat (ms,95%): 320.17 err/s: 0.00 reconn/s: 0.00
[ 54s ] thds: 128 tps: 509.96 qps: 2983.77 (r/w/o: 0.00/1927.85/1055.92) lat (ms,95%): 320.17 err/s: 0.00 reconn/s: 0.00
[ 55s ] thds: 128 tps: 539.85 qps: 3229.13 (r/w/o: 0.00/2120.43/1108.70) lat (ms,95%): 314.45 err/s: 0.00 reconn/s: 0.00
[ 56s ] thds: 128 tps: 537.24 qps: 3242.44 (r/w/o: 0.00/2136.95/1105.49) lat (ms,95%): 320.17 err/s: 0.00 reconn/s: 0.00
[ 57s ] thds: 128 tps: 526.84 qps: 3102.06 (r/w/o: 0.00/2020.38/1081.67) lat (ms,95%): 325.98 err/s: 0.00 reconn/s: 0.00
[ 58s ] thds: 128 tps: 500.29 qps: 3039.77 (r/w/o: 0.00/2008.17/1031.60) lat (ms,95%): 331.91 err/s: 0.00 reconn/s: 0.00
[ 59s ] thds: 128 tps: 510.78 qps: 3131.65 (r/w/o: 0.00/2070.11/1061.54) lat (ms,95%): 383.33 err/s: 0.00 reconn/s: 0.00
[ 60s ] thds: 128 tps: 531.04 qps: 3095.24 (r/w/o: 0.00/1987.16/1108.09) lat (ms,95%): 383.33 err/s: 0.00 reconn/s: 0.00
[ 61s ] thds: 128 tps: 504.99 qps: 3153.93 (r/w/o: 0.00/2109.95/1043.98) lat (ms,95%): 390.30 err/s: 0.00 reconn/s: 0.00
[ 62s ] thds: 128 tps: 521.03 qps: 3065.15 (r/w/o: 0.00/1980.10/1085.05) lat (ms,95%): 376.49 err/s: 0.00 reconn/s: 0.00
[ 63s ] thds: 128 tps: 602.94 qps: 3576.67 (r/w/o: 0.00/2337.78/1238.88) lat (ms,95%): 369.77 err/s: 0.00 reconn/s: 0.00
[ 64s ] thds: 128 tps: 1121.48 qps: 6786.91 (r/w/o: 0.00/4467.92/2319.00) lat (ms,95%): 331.91 err/s: 0.00 reconn/s: 0.00
[ 65s ] thds: 128 tps: 1117.32 qps: 6684.95 (r/w/o: 0.00/4392.34/2292.61) lat (ms,95%): 320.17 err/s: 0.00 reconn/s: 0.00
[ 66s ] thds: 128 tps: 761.48 qps: 4556.86 (r/w/o: 0.00/2969.86/1586.99) lat (ms,95%): 344.08 err/s: 0.00 reconn/s: 0.00
[ 67s ] thds: 128 tps: 466.66 qps: 2847.95 (r/w/o: 0.00/1874.65/973.30) lat (ms,95%): 350.33 err/s: 0.00 reconn/s: 0.00
[ 68s ] thds: 128 tps: 497.38 qps: 2904.23 (r/w/o: 0.00/1885.45/1018.78) lat (ms,95%): 356.70 err/s: 0.00 reconn/s: 0.00
[ 69s ] thds: 128 tps: 508.93 qps: 3060.61 (r/w/o: 0.00/1997.74/1062.86) lat (ms,95%): 331.91 err/s: 0.00 reconn/s: 0.00
[ 70s ] thds: 128 tps: 511.70 qps: 3093.18 (r/w/o: 0.00/2035.80/1057.38) lat (ms,95%): 520.62 err/s: 0.00 reconn/s: 0.00
[ 71s ] thds: 128 tps: 519.27 qps: 3054.57 (r/w/o: 0.00/1984.02/1070.55) lat (ms,95%): 539.71 err/s: 0.00 reconn/s: 0.00
[ 72s ] thds: 128 tps: 513.82 qps: 3126.89 (r/w/o: 0.00/2072.27/1054.63) lat (ms,95%): 530.08 err/s: 0.00 reconn/s: 0.00
[ 73s ] thds: 128 tps: 519.93 qps: 3122.59 (r/w/o: 0.00/2040.73/1081.86) lat (ms,95%): 707.07 err/s: 0.00 reconn/s: 0.00
[ 74s ] thds: 128 tps: 526.14 qps: 3187.83 (r/w/o: 0.00/2106.55/1081.28) lat (ms,95%): 623.33 err/s: 0.00 reconn/s: 0.00
[ 75s ] thds: 128 tps: 521.84 qps: 3143.01 (r/w/o: 0.00/2063.35/1079.66) lat (ms,95%): 601.29 err/s: 0.00 reconn/s: 0.00
[ 76s ] thds: 128 tps: 503.29 qps: 3064.76 (r/w/o: 0.00/2021.16/1043.60) lat (ms,95%): 580.02 err/s: 0.00 reconn/s: 0.00
[ 77s ] thds: 128 tps: 508.09 qps: 3004.51 (r/w/o: 0.00/1961.34/1043.18) lat (ms,95%): 590.56 err/s: 0.00 reconn/s: 0.00
[ 78s ] thds: 128 tps: 540.62 qps: 3255.70 (r/w/o: 0.00/2136.49/1119.21) lat (ms,95%): 434.83 err/s: 0.00 reconn/s: 0.00
[ 79s ] thds: 128 tps: 518.28 qps: 3076.65 (r/w/o: 0.00/2015.08/1061.57) lat (ms,95%): 434.83 err/s: 0.00 reconn/s: 0.00
[ 80s ] thds: 128 tps: 500.99 qps: 2987.93 (r/w/o: 0.00/1955.95/1031.98) lat (ms,95%): 580.02 err/s: 0.00 reconn/s: 0.00
[ 81s ] thds: 128 tps: 507.72 qps: 3059.33 (r/w/o: 0.00/2009.90/1049.43) lat (ms,95%): 580.02 err/s: 0.00 reconn/s: 0.00
[ 82s ] thds: 128 tps: 516.97 qps: 3078.85 (r/w/o: 0.00/2009.90/1068.95) lat (ms,95%): 590.56 err/s: 0.00 reconn/s: 0.00
[ 83s ] thds: 128 tps: 513.11 qps: 3073.68 (r/w/o: 0.00/2017.45/1056.23) lat (ms,95%): 450.77 err/s: 0.00 reconn/s: 0.00
[ 84s ] thds: 128 tps: 497.30 qps: 3032.80 (r/w/o: 0.00/2008.19/1024.61) lat (ms,95%): 458.96 err/s: 0.00 reconn/s: 0.00
[ 85s ] thds: 128 tps: 499.97 qps: 2992.79 (r/w/o: 0.00/1956.87/1035.93) lat (ms,95%): 458.96 err/s: 0.00 reconn/s: 0.00
[ 86s ] thds: 128 tps: 503.67 qps: 2958.04 (r/w/o: 0.00/1919.73/1038.31) lat (ms,95%): 467.30 err/s: 0.00 reconn/s: 0.00
[ 87s ] thds: 128 tps: 1027.62 qps: 6162.72 (r/w/o: 0.00/4034.43/2128.28) lat (ms,95%): 272.27 err/s: 0.00 reconn/s: 0.00
[ 88s ] thds: 128 tps: 1052.98 qps: 6355.86 (r/w/o: 0.00/4186.91/2168.95) lat (ms,95%): 267.41 err/s: 0.00 reconn/s: 0.00
[ 89s ] thds: 128 tps: 1056.27 qps: 6344.64 (r/w/o: 0.00/4148.15/2196.49) lat (ms,95%): 272.27 err/s: 0.00 reconn/s: 0.00
[ 90s ] thds: 128 tps: 1061.73 qps: 6340.35 (r/w/o: 0.00/4158.86/2181.50) lat (ms,95%): 282.25 err/s: 0.00 reconn/s: 0.00
[ 91s ] thds: 128 tps: 951.49 qps: 5739.91 (r/w/o: 0.00/3768.97/1970.94) lat (ms,95%): 277.21 err/s: 0.00 reconn/s: 0.00
[ 92s ] thds: 128 tps: 556.06 qps: 3289.35 (r/w/o: 0.00/2139.23/1150.12) lat (ms,95%): 287.38 err/s: 0.00 reconn/s: 0.00
[ 93s ] thds: 128 tps: 501.29 qps: 3121.78 (r/w/o: 0.00/2092.19/1029.59) lat (ms,95%): 331.91 err/s: 0.00 reconn/s: 0.00
[ 94s ] thds: 128 tps: 532.64 qps: 3135.87 (r/w/o: 0.00/2037.62/1098.25) lat (ms,95%): 337.94 err/s: 0.00 reconn/s: 0.00
[ 95s ] thds: 128 tps: 528.30 qps: 3148.79 (r/w/o: 0.00/2059.17/1089.62) lat (ms,95%): 337.94 err/s: 0.00 reconn/s: 0.00
[ 96s ] thds: 128 tps: 528.63 qps: 3137.83 (r/w/o: 0.00/2051.58/1086.25) lat (ms,95%): 369.77 err/s: 0.00 reconn/s: 0.00
[ 97s ] thds: 128 tps: 512.00 qps: 3086.98 (r/w/o: 0.00/2033.99/1052.99) lat (ms,95%): 411.96 err/s: 0.00 reconn/s: 0.00
[ 98s ] thds: 128 tps: 503.32 qps: 3057.96 (r/w/o: 0.00/2012.29/1045.67) lat (ms,95%): 404.61 err/s: 0.00 reconn/s: 0.00
[ 99s ] thds: 128 tps: 529.71 qps: 3132.29 (r/w/o: 0.00/2040.89/1091.41) lat (ms,95%): 404.61 err/s: 0.00 reconn/s: 0.00
[ 100s ] thds: 128 tps: 512.92 qps: 3120.51 (r/w/o: 0.00/2055.68/1064.83) lat (ms,95%): 442.73 err/s: 0.00 reconn/s: 0.00
[ 101s ] thds: 128 tps: 525.42 qps: 3148.50 (r/w/o: 0.00/2053.63/1094.87) lat (ms,95%): 450.77 err/s: 0.00 reconn/s: 0.00
[ 102s ] thds: 128 tps: 508.98 qps: 3041.89 (r/w/o: 0.00/1999.93/1041.96) lat (ms,95%): 442.73 err/s: 0.00 reconn/s: 0.00
[ 103s ] thds: 128 tps: 513.63 qps: 3058.80 (r/w/o: 0.00/1983.58/1075.23) lat (ms,95%): 450.77 err/s: 0.00 reconn/s: 0.00
[ 104s ] thds: 128 tps: 534.04 qps: 3237.24 (r/w/o: 0.00/2134.16/1103.08) lat (ms,95%): 369.77 err/s: 0.00 reconn/s: 0.00
[ 105s ] thds: 128 tps: 552.33 qps: 3360.02 (r/w/o: 0.00/2213.33/1146.69) lat (ms,95%): 314.45 err/s: 0.00 reconn/s: 0.00
[ 106s ] thds: 128 tps: 540.99 qps: 3161.95 (r/w/o: 0.00/2042.97/1118.98) lat (ms,95%): 369.77 err/s: 0.00 reconn/s: 0.00
[ 107s ] thds: 128 tps: 519.00 qps: 3099.00 (r/w/o: 0.00/2028.00/1071.00) lat (ms,95%): 369.77 err/s: 0.00 reconn/s: 0.00
[ 108s ] thds: 128 tps: 490.66 qps: 2945.99 (r/w/o: 0.00/1929.68/1016.31) lat (ms,95%): 493.24 err/s: 0.00 reconn/s: 0.00
[ 109s ] thds: 128 tps: 496.01 qps: 3017.04 (r/w/o: 0.00/1985.03/1032.01) lat (ms,95%): 559.50 err/s: 0.00 reconn/s: 0.00
[ 110s ] thds: 128 tps: 515.99 qps: 3082.95 (r/w/o: 0.00/2020.97/1061.98) lat (ms,95%): 549.52 err/s: 0.00 reconn/s: 0.00
[ 111s ] thds: 128 tps: 523.35 qps: 3149.10 (r/w/o: 0.00/2060.37/1088.73) lat (ms,95%): 467.30 err/s: 0.00 reconn/s: 0.00
[ 112s ] thds: 128 tps: 506.02 qps: 3086.13 (r/w/o: 0.00/2045.08/1041.04) lat (ms,95%): 458.96 err/s: 0.00 reconn/s: 0.00
[ 113s ] thds: 128 tps: 496.61 qps: 3000.66 (r/w/o: 0.00/1976.46/1024.20) lat (ms,95%): 458.96 err/s: 0.00 reconn/s: 0.00
[ 114s ] thds: 128 tps: 546.47 qps: 3208.74 (r/w/o: 0.00/2086.78/1121.96) lat (ms,95%): 467.30 err/s: 0.00 reconn/s: 0.00
[ 115s ] thds: 128 tps: 517.85 qps: 3113.08 (r/w/o: 0.00/2036.40/1076.68) lat (ms,95%): 303.33 err/s: 0.00 reconn/s: 0.00
[ 116s ] thds: 128 tps: 528.82 qps: 3200.93 (r/w/o: 0.00/2099.30/1101.63) lat (ms,95%): 376.49 err/s: 0.00 reconn/s: 0.00
[ 117s ] thds: 128 tps: 526.91 qps: 3161.46 (r/w/o: 0.00/2077.64/1083.81) lat (ms,95%): 369.77 err/s: 0.00 reconn/s: 0.00
[ 118s ] thds: 128 tps: 512.43 qps: 3072.59 (r/w/o: 0.00/2014.70/1057.89) lat (ms,95%): 303.33 err/s: 0.00 reconn/s: 0.00
[ 119s ] thds: 128 tps: 531.83 qps: 3123.00 (r/w/o: 0.00/2031.35/1091.65) lat (ms,95%): 308.84 err/s: 0.00 reconn/s: 0.00
[ 120s ] thds: 128 tps: 514.08 qps: 3146.48 (r/w/o: 0.00/2076.32/1070.16) lat (ms,95%): 344.08 err/s: 0.00 reconn/s: 0.00
[ 121s ] thds: 128 tps: 522.05 qps: 3118.30 (r/w/o: 0.00/2049.20/1069.10) lat (ms,95%): 356.70 err/s: 0.00 reconn/s: 0.00
[ 122s ] thds: 128 tps: 498.01 qps: 3118.07 (r/w/o: 0.00/2087.05/1031.02) lat (ms,95%): 369.77 err/s: 0.00 reconn/s: 0.00
[ 123s ] thds: 128 tps: 551.89 qps: 3146.37 (r/w/o: 0.00/2006.60/1139.77) lat (ms,95%): 314.45 err/s: 0.00 reconn/s: 0.00
[ 124s ] thds: 128 tps: 531.08 qps: 3167.46 (r/w/o: 0.00/2060.30/1107.16) lat (ms,95%): 308.84 err/s: 0.00 reconn/s: 0.00
[ 125s ] thds: 128 tps: 501.60 qps: 3097.51 (r/w/o: 0.00/2073.33/1024.18) lat (ms,95%): 325.98 err/s: 0.00 reconn/s: 0.00
[ 126s ] thds: 128 tps: 504.41 qps: 2983.40 (r/w/o: 0.00/1939.56/1043.84) lat (ms,95%): 337.94 err/s: 0.00 reconn/s: 0.00
[ 127s ] thds: 128 tps: 506.03 qps: 3059.15 (r/w/o: 0.00/2001.10/1058.05) lat (ms,95%): 344.08 err/s: 0.00 reconn/s: 0.00
[ 128s ] thds: 128 tps: 509.98 qps: 3031.86 (r/w/o: 0.00/1976.91/1054.95) lat (ms,95%): 344.08 err/s: 0.00 reconn/s: 0.00
[ 129s ] thds: 128 tps: 526.55 qps: 3116.33 (r/w/o: 0.00/2036.26/1080.07) lat (ms,95%): 344.08 err/s: 0.00 reconn/s: 0.00
[ 130s ] thds: 128 tps: 503.37 qps: 3044.22 (r/w/o: 0.00/1999.46/1044.76) lat (ms,95%): 350.33 err/s: 0.00 reconn/s: 0.00
[ 131s ] thds: 128 tps: 510.04 qps: 3113.22 (r/w/o: 0.00/2069.14/1044.07) lat (ms,95%): 344.08 err/s: 0.00 reconn/s: 0.00
[ 132s ] thds: 128 tps: 500.63 qps: 3022.77 (r/w/o: 0.00/1973.54/1049.23) lat (ms,95%): 344.08 err/s: 0.00 reconn/s: 0.00
[ 133s ] thds: 128 tps: 923.63 qps: 5602.82 (r/w/o: 0.00/3700.53/1902.30) lat (ms,95%): 262.64 err/s: 0.00 reconn/s: 0.00
[ 134s ] thds: 128 tps: 980.31 qps: 5900.84 (r/w/o: 0.00/3872.27/2028.57) lat (ms,95%): 272.27 err/s: 0.00 reconn/s: 0.00
[ 135s ] thds: 128 tps: 991.72 qps: 5876.29 (r/w/o: 0.00/3830.80/2045.49) lat (ms,95%): 277.21 err/s: 0.00 reconn/s: 0.00
[ 136s ] thds: 128 tps: 970.29 qps: 5761.77 (r/w/o: 0.00/3762.24/1999.53) lat (ms,95%): 272.27 err/s: 0.00 reconn/s: 0.00
[ 137s ] thds: 128 tps: 995.71 qps: 5949.22 (r/w/o: 0.00/3881.75/2067.47) lat (ms,95%): 267.41 err/s: 0.00 reconn/s: 0.00
[ 138s ] thds: 128 tps: 733.00 qps: 4408.98 (r/w/o: 0.00/2894.99/1513.99) lat (ms,95%): 262.64 err/s: 0.00 reconn/s: 0.00
[ 139s ] thds: 128 tps: 546.08 qps: 3333.47 (r/w/o: 0.00/2205.31/1128.16) lat (ms,95%): 267.41 err/s: 0.00 reconn/s: 0.00
[ 140s ] thds: 128 tps: 524.80 qps: 3157.78 (r/w/o: 0.00/2075.20/1082.58) lat (ms,95%): 297.92 err/s: 0.00 reconn/s: 0.00
[ 141s ] thds: 128 tps: 523.14 qps: 3137.82 (r/w/o: 0.00/2058.54/1079.28) lat (ms,95%): 297.92 err/s: 0.00 reconn/s: 0.00
[ 142s ] thds: 128 tps: 538.94 qps: 3181.65 (r/w/o: 0.00/2073.77/1107.88) lat (ms,95%): 297.92 err/s: 0.00 reconn/s: 0.00
[ 143s ] thds: 128 tps: 525.05 qps: 3155.32 (r/w/o: 0.00/2074.21/1081.11) lat (ms,95%): 308.84 err/s: 0.00 reconn/s: 0.00
[ 144s ] thds: 128 tps: 522.04 qps: 3095.26 (r/w/o: 0.00/2017.17/1078.09) lat (ms,95%): 320.17 err/s: 0.00 reconn/s: 0.00
[ 145s ] thds: 128 tps: 498.97 qps: 3064.82 (r/w/o: 0.00/2037.88/1026.94) lat (ms,95%): 320.17 err/s: 0.00 reconn/s: 0.00
[ 146s ] thds: 128 tps: 508.07 qps: 3043.41 (r/w/o: 0.00/1986.27/1057.14) lat (ms,95%): 320.17 err/s: 0.00 reconn/s: 0.00
[ 147s ] thds: 128 tps: 519.58 qps: 3149.44 (r/w/o: 0.00/2070.32/1079.12) lat (ms,95%): 320.17 err/s: 0.00 reconn/s: 0.00
[ 148s ] thds: 128 tps: 519.33 qps: 3109.98 (r/w/o: 0.00/2027.29/1082.69) lat (ms,95%): 458.96 err/s: 0.00 reconn/s: 0.00
[ 149s ] thds: 128 tps: 534.00 qps: 3090.98 (r/w/o: 0.00/1987.98/1102.99) lat (ms,95%): 450.77 err/s: 0.00 reconn/s: 0.00
[ 150s ] thds: 128 tps: 508.10 qps: 3113.60 (r/w/o: 0.00/2070.40/1043.20) lat (ms,95%): 314.45 err/s: 0.00 reconn/s: 0.00
[ 151s ] thds: 128 tps: 516.96 qps: 3096.73 (r/w/o: 0.00/2030.82/1065.91) lat (ms,95%): 314.45 err/s: 0.00 reconn/s: 0.00
[ 152s ] thds: 128 tps: 523.04 qps: 3117.24 (r/w/o: 0.00/2041.16/1076.08) lat (ms,95%): 314.45 err/s: 0.00 reconn/s: 0.00
[ 153s ] thds: 128 tps: 511.52 qps: 3041.15 (r/w/o: 0.00/1977.15/1064.00) lat (ms,95%): 320.17 err/s: 0.00 reconn/s: 0.00
[ 154s ] thds: 128 tps: 511.38 qps: 3134.32 (r/w/o: 0.00/2072.53/1061.79) lat (ms,95%): 320.17 err/s: 0.00 reconn/s: 0.00
[ 155s ] thds: 128 tps: 525.96 qps: 3089.78 (r/w/o: 0.00/2001.86/1087.92) lat (ms,95%): 331.91 err/s: 0.00 reconn/s: 0.00
[ 156s ] thds: 128 tps: 503.10 qps: 3089.61 (r/w/o: 0.00/2046.41/1043.21) lat (ms,95%): 331.91 err/s: 0.00 reconn/s: 0.00
[ 157s ] thds: 128 tps: 504.98 qps: 3051.87 (r/w/o: 0.00/2009.91/1041.96) lat (ms,95%): 331.91 err/s: 0.00 reconn/s: 0.00
[ 158s ] thds: 128 tps: 530.03 qps: 3175.17 (r/w/o: 0.00/2085.11/1090.06) lat (ms,95%): 325.98 err/s: 0.00 reconn/s: 0.00
[ 159s ] thds: 128 tps: 563.54 qps: 3323.32 (r/w/o: 0.00/2160.25/1163.06) lat (ms,95%): 282.25 err/s: 0.00 reconn/s: 0.00
[ 160s ] thds: 128 tps: 539.33 qps: 3251.01 (r/w/o: 0.00/2138.32/1112.69) lat (ms,95%): 297.92 err/s: 0.00 reconn/s: 0.00
[ 161s ] thds: 128 tps: 531.98 qps: 3197.89 (r/w/o: 0.00/2101.93/1095.96) lat (ms,95%): 350.33 err/s: 0.00 reconn/s: 0.00
[ 162s ] thds: 128 tps: 483.87 qps: 2890.24 (r/w/o: 0.00/1889.50/1000.74) lat (ms,95%): 356.70 err/s: 0.00 reconn/s: 0.00
[ 163s ] thds: 128 tps: 497.28 qps: 3007.68 (r/w/o: 0.00/1979.11/1028.57) lat (ms,95%): 356.70 err/s: 0.00 reconn/s: 0.00
[ 164s ] thds: 128 tps: 528.86 qps: 3165.14 (r/w/o: 0.00/2067.44/1097.70) lat (ms,95%): 314.45 err/s: 0.00 reconn/s: 0.00
[ 165s ] thds: 128 tps: 505.76 qps: 3096.52 (r/w/o: 0.00/2054.02/1042.50) lat (ms,95%): 287.38 err/s: 0.00 reconn/s: 0.00
[ 166s ] thds: 128 tps: 526.39 qps: 3101.32 (r/w/o: 0.00/2002.50/1098.82) lat (ms,95%): 344.08 err/s: 0.00 reconn/s: 0.00
[ 167s ] thds: 128 tps: 501.92 qps: 3010.50 (r/w/o: 0.00/1970.67/1039.83) lat (ms,95%): 350.33 err/s: 0.00 reconn/s: 0.00
[ 168s ] thds: 128 tps: 524.95 qps: 3121.72 (r/w/o: 0.00/2046.82/1074.90) lat (ms,95%): 356.70 err/s: 0.00 reconn/s: 0.00
[ 169s ] thds: 128 tps: 508.97 qps: 3085.85 (r/w/o: 0.00/2047.90/1037.95) lat (ms,95%): 356.70 err/s: 0.00 reconn/s: 0.00
[ 170s ] thds: 128 tps: 513.06 qps: 3072.38 (r/w/o: 0.00/2009.25/1063.13) lat (ms,95%): 434.83 err/s: 0.00 reconn/s: 0.00
[ 171s ] thds: 128 tps: 512.10 qps: 3056.59 (r/w/o: 0.00/1994.39/1062.21) lat (ms,95%): 434.83 err/s: 0.00 reconn/s: 0.00
[ 172s ] thds: 128 tps: 510.89 qps: 3083.37 (r/w/o: 0.00/2026.58/1056.78) lat (ms,95%): 427.07 err/s: 0.00 reconn/s: 0.00
[ 173s ] thds: 128 tps: 529.00 qps: 3151.98 (r/w/o: 0.00/2065.98/1085.99) lat (ms,95%): 356.70 err/s: 0.00 reconn/s: 0.00
[ 174s ] thds: 128 tps: 526.86 qps: 3199.18 (r/w/o: 0.00/2107.46/1091.72) lat (ms,95%): 267.41 err/s: 0.00 reconn/s: 0.00
[ 175s ] thds: 128 tps: 524.01 qps: 3077.03 (r/w/o: 0.00/1993.02/1084.01) lat (ms,95%): 325.98 err/s: 0.00 reconn/s: 0.00
[ 176s ] thds: 128 tps: 499.16 qps: 3038.99 (r/w/o: 0.00/2006.65/1032.33) lat (ms,95%): 320.17 err/s: 0.00 reconn/s: 0.00
[ 177s ] thds: 128 tps: 533.03 qps: 3276.17 (r/w/o: 0.00/2171.11/1105.06) lat (ms,95%): 320.17 err/s: 0.00 reconn/s: 0.00
[ 178s ] thds: 128 tps: 554.94 qps: 3315.65 (r/w/o: 0.00/2165.77/1149.88) lat (ms,95%): 320.17 err/s: 0.00 reconn/s: 0.00
[ 179s ] thds: 128 tps: 545.87 qps: 3146.26 (r/w/o: 0.00/2019.53/1126.74) lat (ms,95%): 277.21 err/s: 0.00 reconn/s: 0.00
[ 180s ] thds: 128 tps: 494.05 qps: 3054.30 (r/w/o: 0.00/2027.20/1027.10) lat (ms,95%): 282.25 err/s: 0.00 reconn/s: 0.00
[ 181s ] thds: 128 tps: 483.95 qps: 2889.68 (r/w/o: 0.00/1893.79/995.89) lat (ms,95%): 404.61 err/s: 0.00 reconn/s: 0.00
[ 182s ] thds: 128 tps: 485.00 qps: 2936.97 (r/w/o: 0.00/1937.98/998.99) lat (ms,95%): 390.30 err/s: 0.00 reconn/s: 0.00
[ 183s ] thds: 128 tps: 528.17 qps: 3089.99 (r/w/o: 0.00/2000.64/1089.35) lat (ms,95%): 390.30 err/s: 0.00 reconn/s: 0.00
[ 184s ] thds: 128 tps: 504.02 qps: 3110.11 (r/w/o: 0.00/2074.07/1036.04) lat (ms,95%): 390.30 err/s: 0.00 reconn/s: 0.00
[ 185s ] thds: 128 tps: 500.89 qps: 3042.32 (r/w/o: 0.00/1999.55/1042.77) lat (ms,95%): 493.24 err/s: 0.00 reconn/s: 0.00
[ 186s ] thds: 128 tps: 519.11 qps: 3079.63 (r/w/o: 0.00/2006.41/1073.22) lat (ms,95%): 493.24 err/s: 0.00 reconn/s: 0.00
[ 187s ] thds: 128 tps: 533.93 qps: 3178.57 (r/w/o: 0.00/2074.72/1103.85) lat (ms,95%): 282.25 err/s: 0.00 reconn/s: 0.00
[ 188s ] thds: 128 tps: 514.96 qps: 3130.78 (r/w/o: 0.00/2063.85/1066.92) lat (ms,95%): 297.92 err/s: 0.00 reconn/s: 0.00
[ 189s ] thds: 128 tps: 539.96 qps: 3198.76 (r/w/o: 0.00/2075.85/1122.92) lat (ms,95%): 292.60 err/s: 0.00 reconn/s: 0.00
[ 190s ] thds: 128 tps: 527.08 qps: 3166.48 (r/w/o: 0.00/2076.31/1090.16) lat (ms,95%): 292.60 err/s: 0.00 reconn/s: 0.00
[ 191s ] thds: 128 tps: 515.02 qps: 3060.14 (r/w/o: 0.00/2000.09/1060.05) lat (ms,95%): 325.98 err/s: 0.00 reconn/s: 0.00
[ 192s ] thds: 128 tps: 507.08 qps: 3058.46 (r/w/o: 0.00/2014.31/1044.16) lat (ms,95%): 369.77 err/s: 0.00 reconn/s: 0.00
[ 193s ] thds: 128 tps: 510.99 qps: 3004.96 (r/w/o: 0.00/1946.97/1057.99) lat (ms,95%): 369.77 err/s: 0.00 reconn/s: 0.00
[ 194s ] thds: 128 tps: 513.88 qps: 3116.25 (r/w/o: 0.00/2042.51/1073.74) lat (ms,95%): 369.77 err/s: 0.00 reconn/s: 0.00
[ 195s ] thds: 128 tps: 521.95 qps: 3136.72 (r/w/o: 0.00/2055.81/1080.90) lat (ms,95%): 356.70 err/s: 0.00 reconn/s: 0.00
[ 196s ] thds: 128 tps: 514.14 qps: 3178.90 (r/w/o: 0.00/2109.59/1069.30) lat (ms,95%): 356.70 err/s: 0.00 reconn/s: 0.00
[ 197s ] thds: 128 tps: 520.85 qps: 3107.11 (r/w/o: 0.00/2030.42/1076.69) lat (ms,95%): 363.18 err/s: 0.00 reconn/s: 0.00
[ 198s ] thds: 128 tps: 523.92 qps: 3074.55 (r/w/o: 0.00/1997.71/1076.84) lat (ms,95%): 363.18 err/s: 0.00 reconn/s: 0.00
[ 199s ] thds: 128 tps: 538.12 qps: 3193.71 (r/w/o: 0.00/2084.46/1109.25) lat (ms,95%): 272.27 err/s: 0.00 reconn/s: 0.00
[ 200s ] thds: 128 tps: 539.07 qps: 3265.42 (r/w/o: 0.00/2148.27/1117.14) lat (ms,95%): 262.64 err/s: 0.00 reconn/s: 0.00
[ 201s ] thds: 128 tps: 526.98 qps: 3181.87 (r/w/o: 0.00/2092.92/1088.96) lat (ms,95%): 282.25 err/s: 0.00 reconn/s: 0.00
[ 202s ] thds: 128 tps: 484.97 qps: 2932.84 (r/w/o: 0.00/1934.90/997.95) lat (ms,95%): 369.77 err/s: 0.00 reconn/s: 0.00
[ 203s ] thds: 128 tps: 488.00 qps: 2876.03 (r/w/o: 0.00/1871.02/1005.01) lat (ms,95%): 376.49 err/s: 0.00 reconn/s: 0.00
[ 204s ] thds: 128 tps: 487.95 qps: 2946.70 (r/w/o: 0.00/1935.80/1010.90) lat (ms,95%): 383.33 err/s: 0.00 reconn/s: 0.00
[ 205s ] thds: 128 tps: 508.99 qps: 3063.93 (r/w/o: 0.00/2021.95/1041.98) lat (ms,95%): 427.07 err/s: 0.00 reconn/s: 0.00
[ 206s ] thds: 128 tps: 503.16 qps: 3022.94 (r/w/o: 0.00/1987.62/1035.32) lat (ms,95%): 320.17 err/s: 0.00 reconn/s: 0.00
[ 207s ] thds: 128 tps: 518.97 qps: 3110.83 (r/w/o: 0.00/2038.89/1071.94) lat (ms,95%): 320.17 err/s: 0.00 reconn/s: 0.00
[ 208s ] thds: 128 tps: 509.83 qps: 3082.98 (r/w/o: 0.00/2034.32/1048.65) lat (ms,95%): 320.17 err/s: 0.00 reconn/s: 0.00
[ 209s ] thds: 128 tps: 518.02 qps: 3106.11 (r/w/o: 0.00/2037.07/1069.04) lat (ms,95%): 314.45 err/s: 0.00 reconn/s: 0.00
[ 210s ] thds: 128 tps: 514.10 qps: 3113.59 (r/w/o: 0.00/2051.39/1062.20) lat (ms,95%): 262.64 err/s: 0.00 reconn/s: 0.00
[ 211s ] thds: 128 tps: 508.98 qps: 3074.87 (r/w/o: 0.00/2029.91/1044.96) lat (ms,95%): 267.41 err/s: 0.00 reconn/s: 0.00
[ 212s ] thds: 128 tps: 522.09 qps: 3029.53 (r/w/o: 0.00/1945.34/1084.19) lat (ms,95%): 267.41 err/s: 0.00 reconn/s: 0.00
[ 213s ] thds: 128 tps: 511.90 qps: 3062.39 (r/w/o: 0.00/2006.60/1055.79) lat (ms,95%): 297.92 err/s: 0.00 reconn/s: 0.00
[ 214s ] thds: 128 tps: 517.17 qps: 3081.99 (r/w/o: 0.00/2016.65/1065.34) lat (ms,95%): 390.30 err/s: 0.00 reconn/s: 0.00
[ 215s ] thds: 128 tps: 522.93 qps: 3180.57 (r/w/o: 0.00/2094.72/1085.85) lat (ms,95%): 308.84 err/s: 0.00 reconn/s: 0.00
[ 216s ] thds: 128 tps: 513.84 qps: 3130.05 (r/w/o: 0.00/2062.37/1067.68) lat (ms,95%): 320.17 err/s: 0.00 reconn/s: 0.00
[ 217s ] thds: 128 tps: 502.11 qps: 3055.68 (r/w/o: 0.00/2024.45/1031.23) lat (ms,95%): 419.45 err/s: 0.00 reconn/s: 0.00
[ 218s ] thds: 128 tps: 511.96 qps: 3052.76 (r/w/o: 0.00/1996.84/1055.92) lat (ms,95%): 411.96 err/s: 0.00 reconn/s: 0.00
[ 219s ] thds: 128 tps: 516.92 qps: 3127.50 (r/w/o: 0.00/2055.67/1071.83) lat (ms,95%): 404.61 err/s: 0.00 reconn/s: 0.00
[ 220s ] thds: 128 tps: 533.09 qps: 3102.50 (r/w/o: 0.00/1996.32/1106.18) lat (ms,95%): 442.73 err/s: 0.00 reconn/s: 0.00
[ 221s ] thds: 128 tps: 525.07 qps: 3088.44 (r/w/o: 0.00/2015.29/1073.15) lat (ms,95%): 427.07 err/s: 0.00 reconn/s: 0.00
[ 222s ] thds: 128 tps: 510.85 qps: 3137.11 (r/w/o: 0.00/2077.41/1059.70) lat (ms,95%): 434.83 err/s: 0.00 reconn/s: 0.00
[ 223s ] thds: 128 tps: 515.98 qps: 3062.89 (r/w/o: 0.00/1995.93/1066.96) lat (ms,95%): 442.73 err/s: 0.00 reconn/s: 0.00
[ 224s ] thds: 128 tps: 531.14 qps: 3232.86 (r/w/o: 0.00/2137.57/1095.29) lat (ms,95%): 287.38 err/s: 0.00 reconn/s: 0.00
[ 225s ] thds: 128 tps: 544.06 qps: 3203.33 (r/w/o: 0.00/2080.21/1123.12) lat (ms,95%): 282.25 err/s: 0.00 reconn/s: 0.00
[ 226s ] thds: 128 tps: 540.79 qps: 3294.74 (r/w/o: 0.00/2176.17/1118.57) lat (ms,95%): 277.21 err/s: 0.00 reconn/s: 0.00
[ 227s ] thds: 128 tps: 534.12 qps: 3224.70 (r/w/o: 0.00/2119.46/1105.24) lat (ms,95%): 292.60 err/s: 0.00 reconn/s: 0.00
[ 228s ] thds: 128 tps: 544.01 qps: 3272.08 (r/w/o: 0.00/2142.05/1130.03) lat (ms,95%): 331.91 err/s: 0.00 reconn/s: 0.00
[ 229s ] thds: 128 tps: 548.03 qps: 3227.18 (r/w/o: 0.00/2098.11/1129.06) lat (ms,95%): 356.70 err/s: 0.00 reconn/s: 0.00
[ 230s ] thds: 128 tps: 547.81 qps: 3281.88 (r/w/o: 0.00/2140.27/1141.61) lat (ms,95%): 350.33 err/s: 0.00 reconn/s: 0.00
[ 231s ] thds: 128 tps: 496.25 qps: 3018.55 (r/w/o: 0.00/1989.02/1029.53) lat (ms,95%): 350.33 err/s: 0.00 reconn/s: 0.00
[ 232s ] thds: 128 tps: 485.74 qps: 2940.43 (r/w/o: 0.00/1935.97/1004.46) lat (ms,95%): 369.77 err/s: 0.00 reconn/s: 0.00
[ 233s ] thds: 128 tps: 509.18 qps: 3029.09 (r/w/o: 0.00/1979.71/1049.38) lat (ms,95%): 369.77 err/s: 0.00 reconn/s: 0.00
[ 234s ] thds: 128 tps: 512.07 qps: 3029.40 (r/w/o: 0.00/1967.26/1062.14) lat (ms,95%): 363.18 err/s: 0.00 reconn/s: 0.00
[ 235s ] thds: 128 tps: 519.96 qps: 3146.75 (r/w/o: 0.00/2081.83/1064.91) lat (ms,95%): 442.73 err/s: 0.00 reconn/s: 0.00
[ 236s ] thds: 128 tps: 545.82 qps: 3194.93 (r/w/o: 0.00/2068.31/1126.62) lat (ms,95%): 467.30 err/s: 0.00 reconn/s: 0.00
[ 237s ] thds: 128 tps: 512.15 qps: 3159.90 (r/w/o: 0.00/2098.60/1061.30) lat (ms,95%): 331.91 err/s: 0.00 reconn/s: 0.00
[ 238s ] thds: 128 tps: 514.86 qps: 3152.13 (r/w/o: 0.00/2093.42/1058.71) lat (ms,95%): 331.91 err/s: 0.00 reconn/s: 0.00
[ 239s ] thds: 128 tps: 512.99 qps: 3043.96 (r/w/o: 0.00/1983.98/1059.99) lat (ms,95%): 442.73 err/s: 0.00 reconn/s: 0.00
[ 240s ] thds: 128 tps: 511.98 qps: 3044.87 (r/w/o: 0.00/1980.91/1063.95) lat (ms,95%): 442.73 err/s: 0.00 reconn/s: 0.00
Latency histogram (values are in milliseconds)
       value  ------------- distribution ------------- count
      11.446 |                                         2
      11.866 |                                         2
      12.081 |                                         5
      12.301 |                                         4
      12.524 |                                         6
      12.752 |                                         16
      12.984 |                                         17
      13.219 |                                         23
      13.460 |                                         44
      13.704 |                                         66
      13.953 |*                                        82
      14.207 |*                                        82
      14.465 |*                                        131
      14.728 |*                                        177
      14.995 |*                                        195
      15.268 |*                                        222
      15.545 |**                                       249
      15.828 |**                                       272
      16.115 |**                                       301
      16.408 |**                                       256
      16.706 |**                                       317
      17.010 |**                                       318
      17.319 |**                                       250
      17.633 |**                                       239
      17.954 |**                                       243
      18.280 |**                                       243
      18.612 |**                                       239
      18.950 |**                                       278
      19.295 |**                                       310
      19.645 |**                                       325
      20.002 |***                                      405
      20.366 |***                                      423
      20.736 |***                                      396
      21.112 |***                                      476
      21.496 |***                                      401
      21.886 |**                                       355
      22.284 |**                                       351
      22.689 |**                                       259
      23.101 |**                                       283
      23.521 |**                                       248
      23.948 |*                                        172
      24.384 |*                                        196
      24.827 |*                                        164
      25.278 |*                                        138
      25.737 |*                                        124
      26.205 |*                                        87
      26.681 |                                         61
      27.165 |                                         42
      27.659 |                                         26
      28.162 |                                         10
      28.673 |                                         11
      29.194 |                                         5
      29.725 |                                         1
      30.265 |                                         4
      30.815 |                                         2
      31.375 |                                         2
      33.116 |                                         2
      33.718 |                                         4
      34.330 |                                         1
      34.954 |                                         2
      36.236 |                                         1
      37.565 |                                         1
      38.942 |                                         1
      39.650 |                                         1
      41.104 |                                         1
      41.851 |                                         1
      43.385 |                                         1
      44.976 |                                         2
      47.472 |                                         1
      48.335 |                                         1
      50.107 |                                         1
      52.889 |                                         1
      53.850 |                                         1
      54.828 |                                         1
      55.824 |                                         1
      56.839 |                                         1
      57.871 |                                         1
      58.923 |                                         2
      61.083 |                                         1
      62.193 |                                         1
      65.645 |                                         1
      66.838 |                                         2
      70.548 |                                         1
      73.135 |                                         2
      74.464 |                                         2
      75.817 |                                         1
      78.597 |                                         1
      80.025 |                                         1
      84.467 |                                         3
      86.002 |                                         2
      87.564 |                                         2
      89.155 |                                         3
      90.775 |                                         1
      95.814 |                                         1
     101.132 |                                         1
     104.840 |                                         2
     106.745 |                                         3
     108.685 |                                         3
     112.670 |                                         3
     114.717 |                                         2
     116.802 |                                         1
     123.285 |                                         3
     125.525 |                                         1
     127.805 |                                         6
     130.128 |                                         2
     132.492 |                                         1
     134.899 |                                         4
     137.350 |                                         11
     139.846 |                                         7
     142.387 |                                         14
     144.974 |                                         24
     147.608 |                                         22
     150.290 |                                         51
     153.021 |                                         62
     155.801 |                                         55
     158.632 |*                                        106
     161.514 |*                                        165
     164.449 |*                                        155
     167.437 |*                                        162
     170.479 |**                                       257
     173.577 |***                                      541
     176.731 |******                                   915
     179.942 |*********                                1380
     183.211 |************                             1931
     186.540 |*******************                      3004
     189.929 |***********************                  3535
     193.380 |***********************                  3616
     196.894 |************************                 3791
     200.472 |****************************             4322
     204.114 |********************************         5052
     207.823 |**************************************   5901
     211.599 |**************************************** 6276
     215.443 |*************************************    5804
     219.358 |**********************************       5286
     223.344 |*********************************        5118
     227.402 |*******************************          4898
     231.534 |*******************************          4942
     235.740 |******************************           4702
     240.024 |******************************           4688
     244.385 |********************************         5076
     248.825 |***********************************      5546
     253.346 |*************************************    5876
     257.950 |***********************************      5430
     262.636 |**************************               4107
     267.408 |*****************                        2605
     272.267 |**********                               1645
     277.214 |*********                                1385
     282.251 |********                                 1198
     287.379 |*******                                  1161
     292.601 |******                                   870
     297.917 |*****                                    802
     303.330 |*****                                    829
     308.842 |******                                   887
     314.453 |*****                                    813
     320.167 |****                                     554
     325.984 |**                                       321
     331.907 |***                                      413
     337.938 |**                                       373
     344.078 |**                                       382
     350.330 |**                                       338
     356.695 |**                                       310
     363.176 |**                                       304
     369.775 |***                                      436
     376.494 |**                                       315
     383.334 |**                                       299
     390.299 |**                                       259
     397.391 |*                                        219
     404.611 |**                                       269
     411.963 |*                                        196
     419.448 |*                                        145
     427.069 |*                                        143
     434.829 |*                                        185
     442.730 |*                                        200
     450.774 |*                                        230
     458.964 |*                                        212
     467.304 |*                                        163
     475.794 |*                                        157
     484.439 |*                                        107
     493.242 |                                         63
     502.204 |                                         66
     511.328 |                                         49
     520.619 |*                                        104
     530.078 |*                                        102
     539.710 |*                                        83
     549.516 |*                                        95
     559.501 |*                                        103
     569.667 |*                                        115
     580.017 |*                                        92
     590.556 |*                                        102
     601.286 |*                                        93
     612.211 |                                         61
     623.335 |                                         47
     634.661 |                                         69
     646.192 |                                         72
     657.933 |                                         54
     669.888 |                                         78
     682.059 |*                                        84
     694.452 |                                         67
     707.070 |*                                        89
     719.917 |                                         77
     732.998 |                                         41
     746.316 |                                         34
     759.876 |                                         37
     773.683 |                                         14
     787.741 |                                         16
     802.053 |                                         45
     816.626 |                                         66
     831.464 |                                         55
     846.572 |                                         36
     861.954 |                                         11
     877.615 |                                         37
     893.561 |                                         21
     909.797 |                                         12
     926.327 |                                         5
     943.158 |                                         10
     960.295 |                                         40
     977.743 |                                         30
     995.508 |                                         7
    1013.597 |                                         3
    1032.013 |                                         19
    1050.764 |                                         36
    1069.856 |                                         16
    1089.295 |                                         2
    1109.087 |                                         16
    1129.239 |                                         7
    1149.757 |                                         5
    1170.648 |                                         2
    1191.918 |                                         15
    1213.575 |                                         8
    1235.625 |                                         8
    1258.076 |                                         3
    1280.934 |                                         1
    1304.208 |                                         3
    1327.905 |                                         5
    1352.033 |                                         1
    1376.599 |                                         3
    1401.611 |                                         2
    1427.078 |                                         3
    1453.007 |                                         3
    1479.408 |                                         2
    1506.288 |                                         4
    1533.657 |                                         16
    1561.523 |                                         12
    1589.895 |                                         3
    1618.783 |                                         3
    1648.196 |                                         2
    1678.143 |                                         1
    1708.634 |                                         2
    1771.289 |                                         4
    1803.472 |                                         1
    1836.241 |                                         4
    1869.605 |                                         4
    1903.575 |                                         3
    1938.162 |                                         1
    2009.233 |                                         1
    2045.740 |                                         1
    2198.523 |                                         1
    2238.469 |                                         1
    2320.552 |                                         1
    2405.646 |                                         2
    2539.172 |                                         1
    2632.282 |                                         1
    2680.109 |                                         1
    2728.806 |                                         1
    2778.387 |                                         1
    2828.869 |                                         1
    3151.619 |                                         1
 
SQL statistics:
    queries performed:
        read:                            0
        write:                           525719
        other:                           276162
        total:                           801881
    transactions:                        133714 (556.15 per sec.)
    queries:                             801881 (3335.25 per sec.)
    ignored errors:                      0      (0.00 per sec.)
    reconnects:                          0      (0.00 per sec.)

Throughput:
    events/s (eps):                      556.1537
    time elapsed:                        240.4272s
    total number of events:              133714

Latency (ms):
         min:                                   11.36
         avg:                                  230.01
         max:                                 3173.32
         95th percentile:                      350.33
         sum:                             30755052.59

Threads fairness:
    events (avg/stddev):           1044.6250/122.68
    execution time (avg/stddev):   240.2738/0.16

