sysbench 1.1.0-3ceba0b (using bundled LuaJIT 2.1.0-beta3)

Running the test with following options:
Number of threads: 512
Warmup time: 60s
Report intermediate results every 1 second(s)
Initializing random number generator from current time


Initializing worker threads...

Threads started!

Warming up for 60 seconds...

[ 1s ] thds: 512 tps: 522.89 qps: 10553.10 (r/w/o: 7403.44/2060.36/1089.30) lat (ms,95%): 2985.89 err/s: 0.00 reconn/s: 0.00
[ 2s ] thds: 512 tps: 433.01 qps: 7575.10 (r/w/o: 5063.07/1611.02/901.01) lat (ms,95%): 1708.63 err/s: 0.00 reconn/s: 0.00
[ 3s ] thds: 512 tps: 400.03 qps: 8328.62 (r/w/o: 5821.43/1672.12/835.06) lat (ms,95%): 1708.63 err/s: 0.00 reconn/s: 0.00
[ 4s ] thds: 512 tps: 433.01 qps: 7589.14 (r/w/o: 5101.09/1591.03/897.02) lat (ms,95%): 1771.29 err/s: 0.00 reconn/s: 0.00
[ 5s ] thds: 512 tps: 371.77 qps: 8480.72 (r/w/o: 6122.19/1594.01/764.52) lat (ms,95%): 1973.38 err/s: 0.00 reconn/s: 0.00
[ 6s ] thds: 512 tps: 407.05 qps: 7661.03 (r/w/o: 5243.71/1582.21/835.11) lat (ms,95%): 2405.65 err/s: 0.00 reconn/s: 0.00
[ 7s ] thds: 512 tps: 391.15 qps: 8171.14 (r/w/o: 5825.24/1532.59/813.31) lat (ms,95%): 2493.86 err/s: 0.00 reconn/s: 0.00
[ 8s ] thds: 512 tps: 376.03 qps: 8273.73 (r/w/o: 5878.52/1616.14/779.07) lat (ms,95%): 2539.17 err/s: 0.00 reconn/s: 0.00
[ 9s ] thds: 512 tps: 415.76 qps: 7459.68 (r/w/o: 5142.02/1460.15/857.50) lat (ms,95%): 2680.11 err/s: 0.00 reconn/s: 0.00
[ 10s ] thds: 512 tps: 378.08 qps: 7947.76 (r/w/o: 5698.26/1475.33/774.17) lat (ms,95%): 2728.81 err/s: 0.00 reconn/s: 0.00
[ 11s ] thds: 512 tps: 382.97 qps: 7466.37 (r/w/o: 5117.57/1558.87/789.93) lat (ms,95%): 2778.39 err/s: 0.00 reconn/s: 0.00
[ 12s ] thds: 512 tps: 444.92 qps: 8772.37 (r/w/o: 6127.86/1732.68/911.83) lat (ms,95%): 2493.86 err/s: 0.00 reconn/s: 0.00
[ 13s ] thds: 512 tps: 434.27 qps: 8733.50 (r/w/o: 6065.82/1754.10/913.58) lat (ms,95%): 1258.08 err/s: 0.00 reconn/s: 0.00
[ 14s ] thds: 512 tps: 399.81 qps: 8556.98 (r/w/o: 6154.11/1580.26/822.61) lat (ms,95%): 1479.41 err/s: 0.00 reconn/s: 0.00
[ 15s ] thds: 512 tps: 396.96 qps: 7430.18 (r/w/o: 5113.44/1503.83/812.91) lat (ms,95%): 1678.14 err/s: 0.00 reconn/s: 0.00
[ 16s ] thds: 512 tps: 380.01 qps: 7897.15 (r/w/o: 5493.11/1610.03/794.02) lat (ms,95%): 1739.68 err/s: 0.00 reconn/s: 0.00
[ 17s ] thds: 512 tps: 383.98 qps: 7889.50 (r/w/o: 5633.64/1466.91/788.95) lat (ms,95%): 1836.24 err/s: 0.00 reconn/s: 0.00
[ 18s ] thds: 512 tps: 393.22 qps: 7917.43 (r/w/o: 5604.14/1493.84/819.46) lat (ms,95%): 1836.24 err/s: 0.00 reconn/s: 0.00
[ 19s ] thds: 512 tps: 397.99 qps: 7522.83 (r/w/o: 5185.88/1518.97/817.98) lat (ms,95%): 1938.16 err/s: 0.00 reconn/s: 0.00
[ 20s ] thds: 512 tps: 391.86 qps: 8075.07 (r/w/o: 5672.94/1591.42/810.71) lat (ms,95%): 2082.91 err/s: 0.00 reconn/s: 0.00
[ 21s ] thds: 512 tps: 398.15 qps: 7494.75 (r/w/o: 5198.91/1478.54/817.30) lat (ms,95%): 2159.29 err/s: 0.00 reconn/s: 0.00
[ 22s ] thds: 512 tps: 409.03 qps: 7795.63 (r/w/o: 5351.43/1591.13/853.07) lat (ms,95%): 2159.29 err/s: 0.00 reconn/s: 0.00
[ 23s ] thds: 512 tps: 393.83 qps: 7673.73 (r/w/o: 5274.76/1588.32/810.66) lat (ms,95%): 2198.52 err/s: 0.00 reconn/s: 0.00
[ 24s ] thds: 512 tps: 372.93 qps: 8254.38 (r/w/o: 5887.85/1593.69/772.85) lat (ms,95%): 2279.14 err/s: 0.00 reconn/s: 0.00
[ 25s ] thds: 512 tps: 398.18 qps: 7648.37 (r/w/o: 5319.35/1501.66/827.36) lat (ms,95%): 2320.55 err/s: 0.00 reconn/s: 0.00
[ 26s ] thds: 512 tps: 401.83 qps: 7871.63 (r/w/o: 5540.63/1492.36/838.64) lat (ms,95%): 2320.55 err/s: 0.00 reconn/s: 0.00
[ 27s ] thds: 512 tps: 404.19 qps: 7942.70 (r/w/o: 5436.53/1664.78/841.39) lat (ms,95%): 2320.55 err/s: 0.00 reconn/s: 0.00
[ 28s ] thds: 512 tps: 373.01 qps: 8094.31 (r/w/o: 5759.22/1561.06/774.03) lat (ms,95%): 2320.55 err/s: 0.00 reconn/s: 0.00
[ 29s ] thds: 512 tps: 371.99 qps: 7816.75 (r/w/o: 5666.82/1373.96/775.98) lat (ms,95%): 2279.14 err/s: 0.00 reconn/s: 0.00
[ 30s ] thds: 512 tps: 422.04 qps: 8141.71 (r/w/o: 5739.50/1537.13/865.08) lat (ms,95%): 2198.52 err/s: 0.00 reconn/s: 0.00
[ 31s ] thds: 512 tps: 451.96 qps: 8385.24 (r/w/o: 5649.49/1801.84/933.92) lat (ms,95%): 1376.60 err/s: 0.00 reconn/s: 0.00
[ 32s ] thds: 512 tps: 391.95 qps: 7698.93 (r/w/o: 5306.26/1584.78/807.89) lat (ms,95%): 1401.61 err/s: 0.00 reconn/s: 0.00
[ 33s ] thds: 512 tps: 353.82 qps: 7362.27 (r/w/o: 5169.38/1455.26/737.63) lat (ms,95%): 1648.20 err/s: 0.00 reconn/s: 0.00
[ 34s ] thds: 512 tps: 344.03 qps: 7648.66 (r/w/o: 5488.48/1459.13/701.06) lat (ms,95%): 2539.17 err/s: 0.00 reconn/s: 0.00
[ 35s ] thds: 512 tps: 377.01 qps: 7160.14 (r/w/o: 5048.10/1327.03/785.02) lat (ms,95%): 3095.38 err/s: 0.00 reconn/s: 0.00
[ 36s ] thds: 512 tps: 401.22 qps: 7373.04 (r/w/o: 5053.77/1492.82/826.45) lat (ms,95%): 3267.19 err/s: 0.00 reconn/s: 0.00
[ 37s ] thds: 512 tps: 376.99 qps: 7707.77 (r/w/o: 5320.84/1611.95/774.98) lat (ms,95%): 3386.99 err/s: 0.00 reconn/s: 0.00
[ 38s ] thds: 512 tps: 374.02 qps: 7658.48 (r/w/o: 5444.34/1436.09/778.05) lat (ms,95%): 3448.53 err/s: 0.00 reconn/s: 0.00
[ 39s ] thds: 512 tps: 379.99 qps: 7541.88 (r/w/o: 5234.91/1525.97/780.99) lat (ms,95%): 3574.99 err/s: 0.00 reconn/s: 0.00
[ 40s ] thds: 512 tps: 419.83 qps: 8287.73 (r/w/o: 5811.71/1608.37/867.66) lat (ms,95%): 3095.38 err/s: 0.00 reconn/s: 0.00
[ 41s ] thds: 512 tps: 398.20 qps: 8148.12 (r/w/o: 5694.88/1635.83/817.41) lat (ms,95%): 2120.76 err/s: 0.00 reconn/s: 0.00
[ 42s ] thds: 512 tps: 393.66 qps: 8149.04 (r/w/o: 5733.11/1598.64/817.30) lat (ms,95%): 1618.78 err/s: 0.00 reconn/s: 0.00
[ 43s ] thds: 512 tps: 387.34 qps: 8349.24 (r/w/o: 5987.19/1560.35/801.69) lat (ms,95%): 1618.78 err/s: 0.00 reconn/s: 0.00
[ 44s ] thds: 512 tps: 409.76 qps: 7768.51 (r/w/o: 5505.82/1428.17/834.52) lat (ms,95%): 1618.78 err/s: 0.00 reconn/s: 0.00
[ 45s ] thds: 512 tps: 416.04 qps: 7400.76 (r/w/o: 4918.50/1628.17/854.09) lat (ms,95%): 1618.78 err/s: 0.00 reconn/s: 0.00
[ 46s ] thds: 512 tps: 389.14 qps: 8253.92 (r/w/o: 5831.06/1612.57/810.29) lat (ms,95%): 1618.78 err/s: 0.00 reconn/s: 0.00
[ 47s ] thds: 512 tps: 416.84 qps: 8005.01 (r/w/o: 5547.93/1597.40/859.68) lat (ms,95%): 1618.78 err/s: 0.00 reconn/s: 0.00
[ 48s ] thds: 512 tps: 404.09 qps: 8072.80 (r/w/o: 5603.25/1636.36/833.19) lat (ms,95%): 1869.60 err/s: 0.00 reconn/s: 0.00
[ 49s ] thds: 512 tps: 369.08 qps: 8100.86 (r/w/o: 5748.32/1588.36/764.18) lat (ms,95%): 2120.76 err/s: 0.00 reconn/s: 0.00
[ 50s ] thds: 512 tps: 383.96 qps: 8069.21 (r/w/o: 5773.44/1506.85/788.92) lat (ms,95%): 2238.47 err/s: 0.00 reconn/s: 0.00
[ 51s ] thds: 512 tps: 403.03 qps: 7807.56 (r/w/o: 5432.39/1541.11/834.06) lat (ms,95%): 2238.47 err/s: 0.00 reconn/s: 0.00
[ 52s ] thds: 512 tps: 392.02 qps: 8045.42 (r/w/o: 5754.30/1481.08/810.04) lat (ms,95%): 2320.55 err/s: 0.00 reconn/s: 0.00
[ 53s ] thds: 512 tps: 394.87 qps: 7708.51 (r/w/o: 5438.24/1447.53/822.73) lat (ms,95%): 2405.65 err/s: 0.00 reconn/s: 0.00
[ 54s ] thds: 512 tps: 396.06 qps: 7361.07 (r/w/o: 5008.73/1533.22/819.12) lat (ms,95%): 2405.65 err/s: 0.00 reconn/s: 0.00
[ 55s ] thds: 512 tps: 440.09 qps: 8293.61 (r/w/o: 5613.09/1771.34/909.18) lat (ms,95%): 2405.65 err/s: 0.00 reconn/s: 0.00
[ 56s ] thds: 512 tps: 423.75 qps: 8829.80 (r/w/o: 6180.36/1773.95/875.48) lat (ms,95%): 1304.21 err/s: 0.00 reconn/s: 0.00
[ 57s ] thds: 512 tps: 422.04 qps: 8177.72 (r/w/o: 5736.50/1569.14/872.08) lat (ms,95%): 1304.21 err/s: 0.00 reconn/s: 0.00
[ 58s ] thds: 512 tps: 373.91 qps: 8412.89 (r/w/o: 5977.50/1660.58/774.81) lat (ms,95%): 1453.01 err/s: 0.00 reconn/s: 0.00
[ 59s ] thds: 512 tps: 381.07 qps: 7028.27 (r/w/o: 4995.90/1247.23/785.14) lat (ms,95%): 1479.41 err/s: 0.00 reconn/s: 0.00
[ 60s ] thds: 512 tps: 391.15 qps: 7761.89 (r/w/o: 5314.98/1647.61/799.30) lat (ms,95%): 1648.20 err/s: 0.00 reconn/s: 0.00
[ 61s ] thds: 512 tps: 360.06 qps: 8472.34 (r/w/o: 6157.97/1570.25/744.12) lat (ms,95%): 1618.78 err/s: 0.00 reconn/s: 0.00
[ 62s ] thds: 512 tps: 428.87 qps: 6937.90 (r/w/o: 4622.60/1430.57/884.73) lat (ms,95%): 1648.20 err/s: 0.00 reconn/s: 0.00
[ 63s ] thds: 512 tps: 364.95 qps: 8369.89 (r/w/o: 5944.21/1656.78/768.90) lat (ms,95%): 1803.47 err/s: 0.00 reconn/s: 0.00
[ 64s ] thds: 512 tps: 414.11 qps: 7101.89 (r/w/o: 4774.27/1473.39/854.23) lat (ms,95%): 1938.16 err/s: 0.00 reconn/s: 0.00
[ 65s ] thds: 512 tps: 378.77 qps: 8676.81 (r/w/o: 6204.29/1681.99/790.53) lat (ms,95%): 1938.16 err/s: 0.00 reconn/s: 0.00
[ 66s ] thds: 512 tps: 410.22 qps: 7445.95 (r/w/o: 5131.72/1470.78/843.45) lat (ms,95%): 1973.38 err/s: 0.00 reconn/s: 0.00
[ 67s ] thds: 512 tps: 357.06 qps: 8794.40 (r/w/o: 6422.02/1644.26/728.12) lat (ms,95%): 2009.23 err/s: 0.00 reconn/s: 0.00
[ 68s ] thds: 512 tps: 426.04 qps: 6896.72 (r/w/o: 4723.49/1300.14/873.09) lat (ms,95%): 2045.74 err/s: 0.00 reconn/s: 0.00
[ 69s ] thds: 512 tps: 373.99 qps: 8445.68 (r/w/o: 5964.78/1692.94/787.97) lat (ms,95%): 2009.23 err/s: 0.00 reconn/s: 0.00
[ 70s ] thds: 512 tps: 417.96 qps: 6896.29 (r/w/o: 4592.52/1448.85/854.91) lat (ms,95%): 2082.91 err/s: 0.00 reconn/s: 0.00
[ 71s ] thds: 512 tps: 379.96 qps: 8486.14 (r/w/o: 5987.39/1706.83/791.92) lat (ms,95%): 2045.74 err/s: 0.00 reconn/s: 0.00
[ 72s ] thds: 512 tps: 404.96 qps: 7375.34 (r/w/o: 5023.55/1516.86/834.92) lat (ms,95%): 2082.91 err/s: 0.00 reconn/s: 0.00
[ 73s ] thds: 512 tps: 370.10 qps: 8902.36 (r/w/o: 6494.72/1651.44/756.20) lat (ms,95%): 2082.91 err/s: 0.00 reconn/s: 0.00
[ 74s ] thds: 512 tps: 404.82 qps: 7434.72 (r/w/o: 5232.69/1368.40/833.63) lat (ms,95%): 1903.57 err/s: 0.00 reconn/s: 0.00
[ 75s ] thds: 512 tps: 394.16 qps: 7662.05 (r/w/o: 5321.12/1532.61/808.32) lat (ms,95%): 1618.78 err/s: 0.00 reconn/s: 0.00
[ 76s ] thds: 512 tps: 372.00 qps: 7938.08 (r/w/o: 5670.06/1510.02/758.01) lat (ms,95%): 1618.78 err/s: 0.00 reconn/s: 0.00
[ 77s ] thds: 512 tps: 403.74 qps: 7645.01 (r/w/o: 5341.52/1478.04/825.46) lat (ms,95%): 1648.20 err/s: 0.00 reconn/s: 0.00
[ 78s ] thds: 512 tps: 398.10 qps: 7405.83 (r/w/o: 4945.22/1637.40/823.20) lat (ms,95%): 1903.57 err/s: 0.00 reconn/s: 0.00
[ 79s ] thds: 512 tps: 393.03 qps: 8161.67 (r/w/o: 5808.48/1550.13/803.07) lat (ms,95%): 2159.29 err/s: 0.00 reconn/s: 0.00
[ 80s ] thds: 512 tps: 402.84 qps: 8067.84 (r/w/o: 5558.83/1677.34/831.67) lat (ms,95%): 2198.52 err/s: 0.00 reconn/s: 0.00
[ 81s ] thds: 512 tps: 399.32 qps: 7723.12 (r/w/o: 5516.37/1386.10/820.65) lat (ms,95%): 2198.52 err/s: 0.00 reconn/s: 0.00
[ 82s ] thds: 512 tps: 388.97 qps: 8032.43 (r/w/o: 5533.61/1687.88/810.94) lat (ms,95%): 2198.52 err/s: 0.00 reconn/s: 0.00
[ 83s ] thds: 512 tps: 414.04 qps: 7398.67 (r/w/o: 4987.45/1567.14/844.08) lat (ms,95%): 2238.47 err/s: 0.00 reconn/s: 0.00
[ 84s ] thds: 512 tps: 379.68 qps: 8573.85 (r/w/o: 6129.89/1661.62/782.35) lat (ms,95%): 2238.47 err/s: 0.00 reconn/s: 0.00
[ 85s ] thds: 512 tps: 365.32 qps: 8128.04 (r/w/o: 5906.11/1469.27/752.65) lat (ms,95%): 2082.91 err/s: 0.00 reconn/s: 0.00
[ 86s ] thds: 512 tps: 411.90 qps: 7560.21 (r/w/o: 5249.76/1461.65/848.80) lat (ms,95%): 1648.20 err/s: 0.00 reconn/s: 0.00
[ 87s ] thds: 512 tps: 375.07 qps: 7852.46 (r/w/o: 5582.04/1502.28/768.14) lat (ms,95%): 1648.20 err/s: 0.00 reconn/s: 0.00
[ 88s ] thds: 512 tps: 419.98 qps: 7860.71 (r/w/o: 5340.80/1659.94/859.97) lat (ms,95%): 1648.20 err/s: 0.00 reconn/s: 0.00
[ 89s ] thds: 512 tps: 423.68 qps: 8404.70 (r/w/o: 5799.65/1733.70/871.35) lat (ms,95%): 1327.91 err/s: 0.00 reconn/s: 0.00
[ 90s ] thds: 512 tps: 413.30 qps: 8556.21 (r/w/o: 6180.49/1521.10/854.62) lat (ms,95%): 1304.21 err/s: 0.00 reconn/s: 0.00
[ 91s ] thds: 512 tps: 363.04 qps: 6756.75 (r/w/o: 4592.51/1407.16/757.08) lat (ms,95%): 1589.90 err/s: 0.00 reconn/s: 0.00
[ 92s ] thds: 512 tps: 337.90 qps: 7740.68 (r/w/o: 5531.34/1497.55/711.79) lat (ms,95%): 2198.52 err/s: 0.00 reconn/s: 0.00
[ 93s ] thds: 512 tps: 406.95 qps: 6723.22 (r/w/o: 4512.48/1373.84/836.90) lat (ms,95%): 2632.28 err/s: 0.00 reconn/s: 0.00
[ 94s ] thds: 512 tps: 376.14 qps: 8038.94 (r/w/o: 5738.10/1526.56/774.28) lat (ms,95%): 2632.28 err/s: 0.00 reconn/s: 0.00
[ 95s ] thds: 512 tps: 377.90 qps: 7687.90 (r/w/o: 5196.58/1715.53/775.79) lat (ms,95%): 2828.87 err/s: 0.00 reconn/s: 0.00
[ 96s ] thds: 512 tps: 390.07 qps: 7455.31 (r/w/o: 5187.91/1463.26/804.14) lat (ms,95%): 2932.60 err/s: 0.00 reconn/s: 0.00
[ 97s ] thds: 512 tps: 354.75 qps: 8168.18 (r/w/o: 6010.72/1422.99/734.48) lat (ms,95%): 3151.62 err/s: 0.00 reconn/s: 0.00
[ 98s ] thds: 512 tps: 416.30 qps: 8669.30 (r/w/o: 6086.42/1728.26/854.62) lat (ms,95%): 2985.89 err/s: 0.00 reconn/s: 0.00
[ 99s ] thds: 512 tps: 450.05 qps: 8677.88 (r/w/o: 6199.63/1554.16/924.09) lat (ms,95%): 1401.61 err/s: 0.00 reconn/s: 0.00
[ 100s ] thds: 512 tps: 433.01 qps: 7760.21 (r/w/o: 5174.14/1693.05/893.02) lat (ms,95%): 1479.41 err/s: 0.00 reconn/s: 0.00
[ 101s ] thds: 512 tps: 383.97 qps: 8374.41 (r/w/o: 6043.58/1536.89/793.94) lat (ms,95%): 1708.63 err/s: 0.00 reconn/s: 0.00
[ 102s ] thds: 512 tps: 417.90 qps: 7706.18 (r/w/o: 5022.82/1823.57/859.80) lat (ms,95%): 1836.24 err/s: 0.00 reconn/s: 0.00
[ 103s ] thds: 512 tps: 351.79 qps: 8937.76 (r/w/o: 6688.08/1520.11/729.57) lat (ms,95%): 1836.24 err/s: 0.00 reconn/s: 0.00
[ 104s ] thds: 512 tps: 440.15 qps: 7018.41 (r/w/o: 4688.61/1428.49/901.31) lat (ms,95%): 1869.60 err/s: 0.00 reconn/s: 0.00
[ 105s ] thds: 512 tps: 353.11 qps: 8238.57 (r/w/o: 5882.83/1629.51/726.23) lat (ms,95%): 1903.57 err/s: 0.00 reconn/s: 0.00
[ 106s ] thds: 512 tps: 442.70 qps: 6931.30 (r/w/o: 4632.86/1392.06/906.39) lat (ms,95%): 1903.57 err/s: 0.00 reconn/s: 0.00
[ 107s ] thds: 512 tps: 378.12 qps: 8234.70 (r/w/o: 5677.86/1775.58/781.26) lat (ms,95%): 1836.24 err/s: 0.00 reconn/s: 0.00
[ 108s ] thds: 512 tps: 379.10 qps: 8109.10 (r/w/o: 5909.53/1421.37/778.20) lat (ms,95%): 1771.29 err/s: 0.00 reconn/s: 0.00
[ 109s ] thds: 512 tps: 378.03 qps: 7974.73 (r/w/o: 5666.52/1534.14/774.07) lat (ms,95%): 1648.20 err/s: 0.00 reconn/s: 0.00
[ 110s ] thds: 512 tps: 357.06 qps: 7777.30 (r/w/o: 5561.93/1473.25/742.12) lat (ms,95%): 1648.20 err/s: 0.00 reconn/s: 0.00
[ 111s ] thds: 512 tps: 445.92 qps: 6737.76 (r/w/o: 4402.19/1428.74/906.83) lat (ms,95%): 1648.20 err/s: 0.00 reconn/s: 0.00
[ 112s ] thds: 512 tps: 396.86 qps: 8011.22 (r/w/o: 5372.14/1818.37/820.72) lat (ms,95%): 1376.60 err/s: 0.00 reconn/s: 0.00
[ 113s ] thds: 512 tps: 378.18 qps: 8883.29 (r/w/o: 6590.18/1504.73/788.38) lat (ms,95%): 1376.60 err/s: 0.00 reconn/s: 0.00
[ 114s ] thds: 512 tps: 398.96 qps: 8130.22 (r/w/o: 5849.44/1454.86/825.92) lat (ms,95%): 1453.01 err/s: 0.00 reconn/s: 0.00
[ 115s ] thds: 512 tps: 391.05 qps: 7343.89 (r/w/o: 4873.59/1658.20/812.10) lat (ms,95%): 1561.52 err/s: 0.00 reconn/s: 0.00
[ 116s ] thds: 512 tps: 386.67 qps: 8791.57 (r/w/o: 6505.50/1489.74/796.33) lat (ms,95%): 1678.14 err/s: 0.00 reconn/s: 0.00
[ 117s ] thds: 512 tps: 436.01 qps: 6555.08 (r/w/o: 4110.05/1551.02/894.01) lat (ms,95%): 1739.68 err/s: 0.00 reconn/s: 0.00
[ 118s ] thds: 512 tps: 379.28 qps: 8605.41 (r/w/o: 6129.57/1685.26/790.59) lat (ms,95%): 1739.68 err/s: 0.00 reconn/s: 0.00
[ 119s ] thds: 512 tps: 415.01 qps: 7439.11 (r/w/o: 5185.08/1409.02/845.01) lat (ms,95%): 1771.29 err/s: 0.00 reconn/s: 0.00
[ 120s ] thds: 512 tps: 396.99 qps: 8107.78 (r/w/o: 5495.85/1776.95/834.98) lat (ms,95%): 1836.24 err/s: 0.00 reconn/s: 0.00
[ 121s ] thds: 512 tps: 352.03 qps: 8559.84 (r/w/o: 6442.63/1389.14/728.07) lat (ms,95%): 1836.24 err/s: 0.00 reconn/s: 0.00
[ 122s ] thds: 512 tps: 411.66 qps: 7812.62 (r/w/o: 5399.59/1570.72/842.31) lat (ms,95%): 1869.60 err/s: 0.00 reconn/s: 0.00
[ 123s ] thds: 512 tps: 358.28 qps: 8223.46 (r/w/o: 6048.75/1444.13/730.57) lat (ms,95%): 1836.24 err/s: 0.00 reconn/s: 0.00
[ 124s ] thds: 512 tps: 445.04 qps: 6630.63 (r/w/o: 4215.40/1504.14/911.09) lat (ms,95%): 1836.24 err/s: 0.00 reconn/s: 0.00
[ 125s ] thds: 512 tps: 379.98 qps: 8119.53 (r/w/o: 5564.68/1764.90/789.95) lat (ms,95%): 1836.24 err/s: 0.00 reconn/s: 0.00
[ 126s ] thds: 512 tps: 419.94 qps: 7451.89 (r/w/o: 5014.25/1574.77/862.87) lat (ms,95%): 1836.24 err/s: 0.00 reconn/s: 0.00
[ 127s ] thds: 512 tps: 353.02 qps: 9034.58 (r/w/o: 6609.43/1695.11/730.05) lat (ms,95%): 1836.24 err/s: 0.00 reconn/s: 0.00
[ 128s ] thds: 512 tps: 370.05 qps: 7437.05 (r/w/o: 5369.76/1305.18/762.11) lat (ms,95%): 1973.38 err/s: 0.00 reconn/s: 0.00
[ 129s ] thds: 512 tps: 405.64 qps: 8528.53 (r/w/o: 6174.59/1513.67/840.26) lat (ms,95%): 1869.60 err/s: 0.00 reconn/s: 0.00
[ 130s ] thds: 512 tps: 439.28 qps: 6545.17 (r/w/o: 4225.69/1410.90/908.58) lat (ms,95%): 1869.60 err/s: 0.00 reconn/s: 0.00
[ 131s ] thds: 512 tps: 395.10 qps: 8159.15 (r/w/o: 5495.45/1828.48/835.22) lat (ms,95%): 1903.57 err/s: 0.00 reconn/s: 0.00
[ 132s ] thds: 512 tps: 378.75 qps: 8158.67 (r/w/o: 6008.07/1370.10/780.49) lat (ms,95%): 1903.57 err/s: 0.00 reconn/s: 0.00
[ 133s ] thds: 512 tps: 408.03 qps: 8113.51 (r/w/o: 5444.34/1831.12/838.05) lat (ms,95%): 1869.60 err/s: 0.00 reconn/s: 0.00
[ 134s ] thds: 512 tps: 340.14 qps: 8745.48 (r/w/o: 6661.65/1375.55/708.28) lat (ms,95%): 1869.60 err/s: 0.00 reconn/s: 0.00
[ 135s ] thds: 512 tps: 419.07 qps: 7078.14 (r/w/o: 4911.79/1305.21/861.14) lat (ms,95%): 1903.57 err/s: 0.00 reconn/s: 0.00
[ 136s ] thds: 512 tps: 402.90 qps: 7323.22 (r/w/o: 4911.81/1587.61/823.80) lat (ms,95%): 1869.60 err/s: 0.00 reconn/s: 0.00
[ 137s ] thds: 512 tps: 432.99 qps: 7271.82 (r/w/o: 4607.89/1762.96/900.98) lat (ms,95%): 2045.74 err/s: 0.00 reconn/s: 0.00
[ 138s ] thds: 512 tps: 356.99 qps: 9089.64 (r/w/o: 6694.74/1649.94/744.97) lat (ms,95%): 1869.60 err/s: 0.00 reconn/s: 0.00
[ 139s ] thds: 512 tps: 404.04 qps: 7689.69 (r/w/o: 5275.47/1577.14/837.07) lat (ms,95%): 1903.57 err/s: 0.00 reconn/s: 0.00
[ 140s ] thds: 512 tps: 335.00 qps: 8904.94 (r/w/o: 6654.95/1557.99/692.00) lat (ms,95%): 1869.60 err/s: 0.00 reconn/s: 0.00
[ 141s ] thds: 512 tps: 436.07 qps: 6848.12 (r/w/o: 4801.79/1149.19/897.15) lat (ms,95%): 1903.57 err/s: 0.00 reconn/s: 0.00
[ 142s ] thds: 512 tps: 407.02 qps: 7627.44 (r/w/o: 5022.29/1771.10/834.05) lat (ms,95%): 1869.60 err/s: 0.00 reconn/s: 0.00
[ 143s ] thds: 512 tps: 422.93 qps: 6952.79 (r/w/o: 4580.20/1501.74/870.85) lat (ms,95%): 1869.60 err/s: 0.00 reconn/s: 0.00
[ 144s ] thds: 512 tps: 369.10 qps: 8943.51 (r/w/o: 6342.78/1828.51/772.22) lat (ms,95%): 1869.60 err/s: 0.00 reconn/s: 0.00
[ 145s ] thds: 512 tps: 380.80 qps: 8190.80 (r/w/o: 6001.92/1408.28/780.60) lat (ms,95%): 1869.60 err/s: 0.00 reconn/s: 0.00
[ 146s ] thds: 512 tps: 376.06 qps: 8396.34 (r/w/o: 6011.96/1604.26/780.12) lat (ms,95%): 1938.16 err/s: 0.00 reconn/s: 0.00
[ 147s ] thds: 512 tps: 390.11 qps: 7664.19 (r/w/o: 5617.60/1235.35/811.23) lat (ms,95%): 1903.57 err/s: 0.00 reconn/s: 0.00
[ 148s ] thds: 512 tps: 428.79 qps: 7146.57 (r/w/o: 4590.80/1669.20/886.57) lat (ms,95%): 1869.60 err/s: 0.00 reconn/s: 0.00
[ 149s ] thds: 512 tps: 384.79 qps: 7813.82 (r/w/o: 5520.05/1493.20/800.57) lat (ms,95%): 1869.60 err/s: 0.00 reconn/s: 0.00
[ 150s ] thds: 512 tps: 420.34 qps: 7802.30 (r/w/o: 5046.07/1884.52/871.70) lat (ms,95%): 1869.60 err/s: 0.00 reconn/s: 0.00
[ 151s ] thds: 512 tps: 333.00 qps: 8834.91 (r/w/o: 6694.93/1451.99/687.99) lat (ms,95%): 1869.60 err/s: 0.00 reconn/s: 0.00
[ 152s ] thds: 512 tps: 433.87 qps: 7403.83 (r/w/o: 5111.50/1399.59/892.74) lat (ms,95%): 1903.57 err/s: 0.00 reconn/s: 0.00
[ 153s ] thds: 512 tps: 370.79 qps: 8060.54 (r/w/o: 5624.89/1658.08/777.57) lat (ms,95%): 1869.60 err/s: 0.00 reconn/s: 0.00
[ 154s ] thds: 512 tps: 422.34 qps: 7298.95 (r/w/o: 5052.12/1383.13/863.70) lat (ms,95%): 1869.60 err/s: 0.00 reconn/s: 0.00
[ 155s ] thds: 512 tps: 389.10 qps: 8184.12 (r/w/o: 5674.47/1702.44/807.21) lat (ms,95%): 1869.60 err/s: 0.00 reconn/s: 0.00
[ 156s ] thds: 512 tps: 403.86 qps: 7313.45 (r/w/o: 4976.27/1512.47/824.71) lat (ms,95%): 2009.23 err/s: 0.00 reconn/s: 0.00
[ 157s ] thds: 512 tps: 358.97 qps: 8345.29 (r/w/o: 6146.48/1455.88/742.94) lat (ms,95%): 1869.60 err/s: 0.00 reconn/s: 0.00
[ 158s ] thds: 512 tps: 371.07 qps: 7476.50 (r/w/o: 5229.05/1490.30/757.15) lat (ms,95%): 1869.60 err/s: 0.00 reconn/s: 0.00
[ 159s ] thds: 512 tps: 414.99 qps: 7923.77 (r/w/o: 5388.84/1657.95/876.97) lat (ms,95%): 1869.60 err/s: 0.00 reconn/s: 0.00
[ 160s ] thds: 512 tps: 417.91 qps: 8092.19 (r/w/o: 5856.69/1383.69/851.81) lat (ms,95%): 1836.24 err/s: 0.00 reconn/s: 0.00
[ 161s ] thds: 512 tps: 401.15 qps: 7364.83 (r/w/o: 4679.80/1851.71/833.32) lat (ms,95%): 1708.63 err/s: 0.00 reconn/s: 0.00
[ 162s ] thds: 512 tps: 363.86 qps: 9006.50 (r/w/o: 6696.40/1555.40/754.71) lat (ms,95%): 1678.14 err/s: 0.00 reconn/s: 0.00
[ 163s ] thds: 512 tps: 432.99 qps: 7240.81 (r/w/o: 5000.87/1351.96/887.98) lat (ms,95%): 1678.14 err/s: 0.00 reconn/s: 0.00
[ 164s ] thds: 512 tps: 379.16 qps: 7865.27 (r/w/o: 5306.20/1773.74/785.33) lat (ms,95%): 1771.29 err/s: 0.00 reconn/s: 0.00
[ 165s ] thds: 512 tps: 392.89 qps: 8053.77 (r/w/o: 5796.40/1445.60/811.78) lat (ms,95%): 1903.57 err/s: 0.00 reconn/s: 0.00
[ 166s ] thds: 512 tps: 382.95 qps: 8372.88 (r/w/o: 5971.20/1603.79/797.89) lat (ms,95%): 1836.24 err/s: 0.00 reconn/s: 0.00
[ 167s ] thds: 512 tps: 373.14 qps: 8095.12 (r/w/o: 5961.29/1362.52/771.30) lat (ms,95%): 1803.47 err/s: 0.00 reconn/s: 0.00
[ 168s ] thds: 512 tps: 424.97 qps: 7066.46 (r/w/o: 4653.65/1538.88/873.93) lat (ms,95%): 1836.24 err/s: 0.00 reconn/s: 0.00
[ 169s ] thds: 512 tps: 396.91 qps: 7732.21 (r/w/o: 5357.76/1559.64/814.81) lat (ms,95%): 1836.24 err/s: 0.00 reconn/s: 0.00
[ 170s ] thds: 512 tps: 419.14 qps: 7494.51 (r/w/o: 4857.63/1758.59/878.29) lat (ms,95%): 1869.60 err/s: 0.00 reconn/s: 0.00
[ 171s ] thds: 512 tps: 335.97 qps: 9014.23 (r/w/o: 6671.43/1648.86/693.94) lat (ms,95%): 1836.24 err/s: 0.00 reconn/s: 0.00
[ 172s ] thds: 512 tps: 363.04 qps: 7178.76 (r/w/o: 5317.56/1118.12/743.08) lat (ms,95%): 1803.47 err/s: 0.00 reconn/s: 0.00
[ 173s ] thds: 512 tps: 425.00 qps: 8334.06 (r/w/o: 5866.04/1584.01/884.01) lat (ms,95%): 1739.68 err/s: 0.00 reconn/s: 0.00
[ 174s ] thds: 512 tps: 426.99 qps: 6737.91 (r/w/o: 4380.94/1468.98/887.99) lat (ms,95%): 1836.24 err/s: 0.00 reconn/s: 0.00
[ 175s ] thds: 512 tps: 389.93 qps: 7814.65 (r/w/o: 5148.11/1862.68/803.86) lat (ms,95%): 1708.63 err/s: 0.00 reconn/s: 0.00
[ 176s ] thds: 512 tps: 342.01 qps: 8857.15 (r/w/o: 6562.11/1596.03/699.01) lat (ms,95%): 1678.14 err/s: 0.00 reconn/s: 0.00
[ 177s ] thds: 512 tps: 371.04 qps: 7193.75 (r/w/o: 5148.54/1280.13/765.08) lat (ms,95%): 1678.14 err/s: 0.00 reconn/s: 0.00
[ 178s ] thds: 512 tps: 412.02 qps: 7423.43 (r/w/o: 5176.30/1408.08/839.05) lat (ms,95%): 1648.20 err/s: 0.00 reconn/s: 0.00
[ 179s ] thds: 512 tps: 452.84 qps: 7895.26 (r/w/o: 5084.24/1868.35/942.67) lat (ms,95%): 1376.60 err/s: 0.00 reconn/s: 0.00
[ 180s ] thds: 512 tps: 386.09 qps: 9117.13 (r/w/o: 6557.53/1763.41/796.19) lat (ms,95%): 1479.41 err/s: 0.00 reconn/s: 0.00
[ 181s ] thds: 512 tps: 376.95 qps: 8840.80 (r/w/o: 6659.10/1399.81/781.89) lat (ms,95%): 1453.01 err/s: 0.00 reconn/s: 0.00
[ 182s ] thds: 512 tps: 412.95 qps: 6622.27 (r/w/o: 4373.51/1400.84/847.91) lat (ms,95%): 1739.68 err/s: 0.00 reconn/s: 0.00
[ 183s ] thds: 512 tps: 346.09 qps: 7997.04 (r/w/o: 5848.49/1434.37/714.18) lat (ms,95%): 2009.23 err/s: 0.00 reconn/s: 0.00
[ 184s ] thds: 512 tps: 397.97 qps: 7506.43 (r/w/o: 5038.62/1650.88/816.94) lat (ms,95%): 2362.72 err/s: 0.00 reconn/s: 0.00
[ 185s ] thds: 512 tps: 383.92 qps: 8015.29 (r/w/o: 5904.74/1326.72/783.83) lat (ms,95%): 2362.72 err/s: 0.00 reconn/s: 0.00
[ 186s ] thds: 512 tps: 392.15 qps: 7941.97 (r/w/o: 5483.05/1650.62/808.30) lat (ms,95%): 2405.65 err/s: 0.00 reconn/s: 0.00
[ 187s ] thds: 512 tps: 409.00 qps: 6802.94 (r/w/o: 4503.96/1457.99/840.99) lat (ms,95%): 2449.36 err/s: 0.00 reconn/s: 0.00
[ 188s ] thds: 512 tps: 368.85 qps: 7620.85 (r/w/o: 5403.77/1452.40/764.68) lat (ms,95%): 2493.86 err/s: 0.00 reconn/s: 0.00
[ 189s ] thds: 512 tps: 428.17 qps: 7162.89 (r/w/o: 4516.82/1766.71/879.35) lat (ms,95%): 2493.86 err/s: 0.00 reconn/s: 0.00
[ 190s ] thds: 512 tps: 363.87 qps: 9073.86 (r/w/o: 6554.73/1761.39/757.74) lat (ms,95%): 1973.38 err/s: 0.00 reconn/s: 0.00
[ 191s ] thds: 512 tps: 385.13 qps: 8972.08 (r/w/o: 6779.33/1390.48/802.28) lat (ms,95%): 1589.90 err/s: 0.00 reconn/s: 0.00
[ 192s ] thds: 512 tps: 409.05 qps: 7514.83 (r/w/o: 5238.58/1440.16/836.09) lat (ms,95%): 1427.08 err/s: 0.00 reconn/s: 0.00
[ 193s ] thds: 512 tps: 420.94 qps: 6339.16 (r/w/o: 3918.48/1561.79/858.89) lat (ms,95%): 1589.90 err/s: 0.00 reconn/s: 0.00
[ 194s ] thds: 512 tps: 334.98 qps: 8029.59 (r/w/o: 5887.70/1446.93/694.96) lat (ms,95%): 1836.24 err/s: 0.00 reconn/s: 0.00
[ 195s ] thds: 512 tps: 363.90 qps: 7527.00 (r/w/o: 5231.61/1533.59/761.80) lat (ms,95%): 2238.47 err/s: 0.00 reconn/s: 0.00
[ 196s ] thds: 512 tps: 393.98 qps: 7758.70 (r/w/o: 5599.79/1346.95/811.97) lat (ms,95%): 2238.47 err/s: 0.00 reconn/s: 0.00
[ 197s ] thds: 512 tps: 394.13 qps: 7567.52 (r/w/o: 5025.67/1738.58/803.27) lat (ms,95%): 2449.36 err/s: 0.00 reconn/s: 0.00
[ 198s ] thds: 512 tps: 389.03 qps: 7609.62 (r/w/o: 5271.43/1540.13/798.07) lat (ms,95%): 2680.11 err/s: 0.00 reconn/s: 0.00
[ 199s ] thds: 512 tps: 361.86 qps: 8486.78 (r/w/o: 6440.56/1303.51/742.72) lat (ms,95%): 2778.39 err/s: 0.00 reconn/s: 0.00
[ 200s ] thds: 512 tps: 423.99 qps: 8006.75 (r/w/o: 5381.83/1741.94/882.97) lat (ms,95%): 2680.11 err/s: 0.00 reconn/s: 0.00
[ 201s ] thds: 512 tps: 457.19 qps: 8565.53 (r/w/o: 5973.46/1656.68/935.39) lat (ms,95%): 1401.61 err/s: 0.00 reconn/s: 0.00
[ 202s ] thds: 512 tps: 458.83 qps: 8628.71 (r/w/o: 5876.76/1813.31/938.64) lat (ms,95%): 1235.62 err/s: 0.00 reconn/s: 0.00
[ 203s ] thds: 512 tps: 406.05 qps: 8082.95 (r/w/o: 5447.64/1799.21/836.10) lat (ms,95%): 1258.08 err/s: 0.00 reconn/s: 0.00
[ 204s ] thds: 512 tps: 322.06 qps: 8732.53 (r/w/o: 6542.15/1521.27/669.12) lat (ms,95%): 1589.90 err/s: 0.00 reconn/s: 0.00
[ 205s ] thds: 512 tps: 378.92 qps: 7283.46 (r/w/o: 5199.90/1307.72/775.84) lat (ms,95%): 1973.38 err/s: 0.00 reconn/s: 0.00
[ 206s ] thds: 512 tps: 393.03 qps: 7595.54 (r/w/o: 5384.38/1403.10/808.06) lat (ms,95%): 1938.16 err/s: 0.00 reconn/s: 0.00
[ 207s ] thds: 512 tps: 435.96 qps: 6758.33 (r/w/o: 4355.57/1508.85/893.91) lat (ms,95%): 1973.38 err/s: 0.00 reconn/s: 0.00
[ 208s ] thds: 512 tps: 363.96 qps: 8526.08 (r/w/o: 6113.34/1659.82/752.92) lat (ms,95%): 2045.74 err/s: 0.00 reconn/s: 0.00
[ 209s ] thds: 512 tps: 411.97 qps: 7008.57 (r/w/o: 4572.72/1576.90/858.95) lat (ms,95%): 2279.14 err/s: 0.00 reconn/s: 0.00
[ 210s ] thds: 512 tps: 387.18 qps: 8588.08 (r/w/o: 6357.02/1430.68/800.38) lat (ms,95%): 2320.55 err/s: 0.00 reconn/s: 0.00
[ 211s ] thds: 512 tps: 390.85 qps: 8047.97 (r/w/o: 5452.95/1782.33/812.69) lat (ms,95%): 2320.55 err/s: 0.00 reconn/s: 0.00
[ 212s ] thds: 512 tps: 382.12 qps: 7661.46 (r/w/o: 5488.76/1381.44/791.25) lat (ms,95%): 2362.72 err/s: 0.00 reconn/s: 0.00
[ 213s ] thds: 512 tps: 392.02 qps: 8413.52 (r/w/o: 6075.37/1525.09/813.05) lat (ms,95%): 2405.65 err/s: 0.00 reconn/s: 0.00
[ 214s ] thds: 512 tps: 406.89 qps: 6551.20 (r/w/o: 4114.87/1600.56/835.77) lat (ms,95%): 2449.36 err/s: 0.00 reconn/s: 0.00
[ 215s ] thds: 512 tps: 400.97 qps: 8936.25 (r/w/o: 6333.47/1765.85/836.93) lat (ms,95%): 2198.52 err/s: 0.00 reconn/s: 0.00
[ 216s ] thds: 512 tps: 413.07 qps: 9197.49 (r/w/o: 6777.10/1560.25/860.14) lat (ms,95%): 1453.01 err/s: 0.00 reconn/s: 0.00
[ 217s ] thds: 512 tps: 433.09 qps: 8340.80 (r/w/o: 5894.27/1549.33/897.19) lat (ms,95%): 1352.03 err/s: 0.00 reconn/s: 0.00
[ 218s ] thds: 512 tps: 390.94 qps: 6740.05 (r/w/o: 4504.36/1425.80/809.89) lat (ms,95%): 1401.61 err/s: 0.00 reconn/s: 0.00
[ 219s ] thds: 512 tps: 395.04 qps: 6900.69 (r/w/o: 4495.45/1595.16/810.08) lat (ms,95%): 1903.57 err/s: 0.00 reconn/s: 0.00
[ 220s ] thds: 512 tps: 348.01 qps: 7880.21 (r/w/o: 5583.15/1574.04/723.02) lat (ms,95%): 2279.14 err/s: 0.00 reconn/s: 0.00
[ 221s ] thds: 512 tps: 353.85 qps: 8472.30 (r/w/o: 6155.31/1582.31/734.68) lat (ms,95%): 2320.55 err/s: 0.00 reconn/s: 0.00
[ 222s ] thds: 512 tps: 372.16 qps: 7706.40 (r/w/o: 5553.45/1387.61/765.34) lat (ms,95%): 2405.65 err/s: 0.00 reconn/s: 0.00
[ 223s ] thds: 512 tps: 367.00 qps: 7855.09 (r/w/o: 5798.07/1304.02/753.01) lat (ms,95%): 2493.86 err/s: 0.00 reconn/s: 0.00
[ 224s ] thds: 512 tps: 416.00 qps: 7050.01 (r/w/o: 4787.00/1411.00/852.00) lat (ms,95%): 2680.11 err/s: 0.00 reconn/s: 0.00
[ 225s ] thds: 512 tps: 414.94 qps: 7208.95 (r/w/o: 4827.30/1521.78/859.87) lat (ms,95%): 2680.11 err/s: 0.00 reconn/s: 0.00
[ 226s ] thds: 512 tps: 399.03 qps: 7917.65 (r/w/o: 5367.44/1725.14/825.07) lat (ms,95%): 2585.31 err/s: 0.00 reconn/s: 0.00
[ 227s ] thds: 512 tps: 395.84 qps: 7508.97 (r/w/o: 5013.98/1680.32/814.67) lat (ms,95%): 2539.17 err/s: 0.00 reconn/s: 0.00
[ 228s ] thds: 512 tps: 362.04 qps: 8297.95 (r/w/o: 6116.70/1437.16/744.08) lat (ms,95%): 2449.36 err/s: 0.00 reconn/s: 0.00
[ 229s ] thds: 512 tps: 413.94 qps: 8074.76 (r/w/o: 5620.14/1597.76/856.87) lat (ms,95%): 2449.36 err/s: 0.00 reconn/s: 0.00
[ 230s ] thds: 512 tps: 418.02 qps: 8632.44 (r/w/o: 5977.31/1787.09/868.04) lat (ms,95%): 1401.61 err/s: 0.00 reconn/s: 0.00
[ 231s ] thds: 512 tps: 435.00 qps: 8901.97 (r/w/o: 6364.98/1639.00/898.00) lat (ms,95%): 1352.03 err/s: 0.00 reconn/s: 0.00
[ 232s ] thds: 512 tps: 388.07 qps: 7973.46 (r/w/o: 5910.08/1270.23/793.15) lat (ms,95%): 1453.01 err/s: 0.00 reconn/s: 0.00
[ 233s ] thds: 512 tps: 418.09 qps: 6576.47 (r/w/o: 3927.88/1775.40/873.20) lat (ms,95%): 1938.16 err/s: 0.00 reconn/s: 0.00
[ 234s ] thds: 512 tps: 346.97 qps: 8678.30 (r/w/o: 6518.47/1437.88/721.94) lat (ms,95%): 2082.91 err/s: 0.00 reconn/s: 0.00
[ 235s ] thds: 512 tps: 404.08 qps: 7279.43 (r/w/o: 4883.96/1556.31/839.16) lat (ms,95%): 2082.91 err/s: 0.00 reconn/s: 0.00
[ 236s ] thds: 512 tps: 378.81 qps: 8155.85 (r/w/o: 5870.01/1501.24/784.60) lat (ms,95%): 2009.23 err/s: 0.00 reconn/s: 0.00
[ 237s ] thds: 512 tps: 382.00 qps: 7886.03 (r/w/o: 5333.02/1756.01/797.00) lat (ms,95%): 1938.16 err/s: 0.00 reconn/s: 0.00
[ 238s ] thds: 512 tps: 342.00 qps: 8634.99 (r/w/o: 6812.99/1115.00/707.00) lat (ms,95%): 1903.57 err/s: 0.00 reconn/s: 0.00
[ 239s ] thds: 512 tps: 445.08 qps: 6409.14 (r/w/o: 3933.70/1560.28/915.16) lat (ms,95%): 2082.91 err/s: 0.00 reconn/s: 0.00
[ 240s ] thds: 512 tps: 371.88 qps: 8610.17 (r/w/o: 6162.97/1682.45/764.75) lat (ms,95%): 1836.24 err/s: 0.00 reconn/s: 0.00
[ 241s ] thds: 504 tps: 385.13 qps: 4040.32 (r/w/o: 2200.72/1428.47/411.13) lat (ms,95%): 1836.24 err/s: 0.00 reconn/s: 0.00
Latency histogram (values are in milliseconds)
       value  ------------- distribution ------------- count
     467.304 |                                         1
     549.516 |                                         1
     590.556 |                                         1
     601.286 |                                         3
     646.192 |                                         1
     657.933 |                                         4
     669.888 |                                         2
     682.059 |                                         1
     694.452 |                                         1
     707.070 |                                         4
     719.917 |                                         3
     732.998 |                                         2
     746.316 |                                         1
     759.876 |                                         5
     773.683 |                                         5
     787.741 |                                         11
     802.053 |                                         9
     816.626 |                                         15
     831.464 |                                         15
     846.572 |                                         22
     861.954 |                                         42
     877.615 |                                         26
     893.561 |                                         38
     909.797 |                                         50
     926.327 |                                         88
     943.158 |                                         110
     960.295 |                                         133
     977.743 |*                                        156
     995.508 |*                                        297
    1013.597 |**                                       593
    1032.013 |****                                     1119
    1050.764 |*****                                    1361
    1069.856 |********                                 2310
    1089.295 |*************                            3903
    1109.087 |***************                          4528
    1129.239 |*****************************            8448
    1149.757 |**************************************** 11694
    1170.648 |**********************************       9863
    1191.918 |******************************           8699
    1213.575 |**************************               7544
    1235.625 |*********************                    6169
    1258.076 |***************                          4318
    1280.934 |*********                                2544
    1304.208 |*****                                    1603
    1327.905 |****                                     1314
    1352.033 |****                                     1195
    1376.599 |***                                      811
    1401.611 |***                                      732
    1427.078 |**                                       557
    1453.007 |*                                        406
    1479.408 |*                                        246
    1506.288 |*                                        223
    1533.657 |*                                        158
    1561.523 |*                                        210
    1589.895 |*                                        334
    1618.783 |***                                      867
    1648.196 |**                                       580
    1678.143 |**                                       581
    1708.634 |**                                       477
    1739.679 |*                                        422
    1771.289 |**                                       440
    1803.472 |***                                      752
    1836.241 |*****                                    1400
    1869.605 |****                                     1254
    1903.575 |***                                      757
    1938.162 |*                                        436
    1973.377 |*                                        309
    2009.233 |*                                        279
    2045.740 |*                                        350
    2082.910 |*                                        282
    2120.756 |*                                        180
    2159.289 |*                                        281
    2198.523 |*                                        377
    2238.469 |*                                        326
    2279.141 |*                                        272
    2320.552 |**                                       483
    2362.716 |*                                        250
    2405.646 |*                                        314
    2449.355 |*                                        234
    2493.859 |*                                        195
    2539.172 |                                         127
    2585.308 |                                         109
    2632.282 |*                                        152
    2680.109 |                                         120
    2728.806 |                                         67
    2778.387 |                                         88
    2828.869 |                                         82
    2880.269 |                                         32
    2932.602 |                                         26
    2985.887 |                                         27
    3040.139 |                                         24
    3095.377 |                                         23
    3151.619 |                                         13
    3208.883 |                                         31
    3267.187 |                                         36
    3326.551 |                                         30
    3386.993 |                                         33
    3448.533 |                                         23
    3511.192 |                                         20
    3574.989 |                                         37
    3639.945 |                                         4
    3773.420 |                                         4
    4128.913 |                                         1
    4203.934 |                                         2
 
SQL statistics:
    queries performed:
        read:                            1327545
        write:                           374078
        other:                           195922
        total:                           1897545
    transactions:                        95138  (393.96 per sec.)
    queries:                             1897545 (7857.67 per sec.)
    ignored errors:                      0      (0.00 per sec.)
    reconnects:                          0      (0.00 per sec.)

Throughput:
    events/s (eps):                      393.9634
    time elapsed:                        241.4898s
    total number of events:              95138

Latency (ms):
         min:                                  468.73
         avg:                                 1299.34
         max:                                 4191.26
         95th percentile:                     2009.23
         sum:                            123616519.46

Threads fairness:
    events (avg/stddev):           185.8164/12.13
    execution time (avg/stddev):   241.4385/0.81

