sysbench 1.1.0-3ceba0b (using bundled LuaJIT 2.1.0-beta3)

Running the test with following options:
Number of threads: 128
Warmup time: 60s
Report intermediate results every 1 second(s)
Initializing random number generator from current time


Initializing worker threads...

Threads started!

Warming up for 60 seconds...

[ 1s ] thds: 128 tps: 4661.52 qps: 4661.52 (r/w/o: 0.00/4558.59/102.93) lat (ms,95%): 71.83 err/s: 0.00 reconn/s: 0.00
[ 2s ] thds: 128 tps: 3629.34 qps: 3629.34 (r/w/o: 0.00/3554.35/74.99) lat (ms,95%): 86.00 err/s: 0.00 reconn/s: 0.00
[ 3s ] thds: 128 tps: 3597.79 qps: 3597.79 (r/w/o: 0.00/3526.78/71.02) lat (ms,95%): 86.00 err/s: 0.00 reconn/s: 0.00
[ 4s ] thds: 128 tps: 3576.79 qps: 3576.79 (r/w/o: 0.00/3519.81/56.98) lat (ms,95%): 86.00 err/s: 0.00 reconn/s: 0.00
[ 5s ] thds: 128 tps: 3831.95 qps: 3831.95 (r/w/o: 0.00/3734.96/97.00) lat (ms,95%): 41.85 err/s: 0.00 reconn/s: 0.00
[ 6s ] thds: 128 tps: 3953.19 qps: 3953.19 (r/w/o: 0.00/3865.19/88.00) lat (ms,95%): 40.37 err/s: 0.00 reconn/s: 0.00
[ 7s ] thds: 128 tps: 3731.91 qps: 3731.91 (r/w/o: 0.00/3647.88/84.02) lat (ms,95%): 49.21 err/s: 0.00 reconn/s: 0.00
[ 8s ] thds: 128 tps: 3659.53 qps: 3659.53 (r/w/o: 0.00/3576.56/82.97) lat (ms,95%): 50.11 err/s: 0.00 reconn/s: 0.00
[ 9s ] thds: 128 tps: 3632.88 qps: 3632.88 (r/w/o: 0.00/3557.89/75.00) lat (ms,95%): 49.21 err/s: 0.00 reconn/s: 0.00
[ 10s ] thds: 128 tps: 3696.50 qps: 3696.50 (r/w/o: 0.00/3627.49/69.01) lat (ms,95%): 49.21 err/s: 0.00 reconn/s: 0.00
[ 11s ] thds: 128 tps: 3692.56 qps: 3692.56 (r/w/o: 0.00/3599.57/92.99) lat (ms,95%): 55.82 err/s: 0.00 reconn/s: 0.00
[ 12s ] thds: 128 tps: 3664.14 qps: 3664.14 (r/w/o: 0.00/3590.12/74.02) lat (ms,95%): 55.82 err/s: 0.00 reconn/s: 0.00
[ 13s ] thds: 128 tps: 3648.78 qps: 3648.78 (r/w/o: 0.00/3578.80/69.98) lat (ms,95%): 55.82 err/s: 0.00 reconn/s: 0.00
[ 14s ] thds: 128 tps: 3809.22 qps: 3809.22 (r/w/o: 0.00/3744.21/65.00) lat (ms,95%): 53.85 err/s: 0.00 reconn/s: 0.00
[ 15s ] thds: 128 tps: 3772.67 qps: 3772.67 (r/w/o: 0.00/3701.66/71.01) lat (ms,95%): 53.85 err/s: 0.00 reconn/s: 0.00
[ 16s ] thds: 128 tps: 3558.33 qps: 3558.33 (r/w/o: 0.00/3483.34/74.99) lat (ms,95%): 55.82 err/s: 0.00 reconn/s: 0.00
[ 17s ] thds: 128 tps: 3573.76 qps: 3574.76 (r/w/o: 0.00/3497.75/77.02) lat (ms,95%): 55.82 err/s: 0.00 reconn/s: 0.00
[ 18s ] thds: 128 tps: 3665.80 qps: 3664.80 (r/w/o: 0.00/3588.78/76.02) lat (ms,95%): 55.82 err/s: 0.00 reconn/s: 0.00
[ 19s ] thds: 128 tps: 3678.94 qps: 3678.94 (r/w/o: 0.00/3599.94/79.00) lat (ms,95%): 46.63 err/s: 0.00 reconn/s: 0.00
[ 20s ] thds: 128 tps: 3645.36 qps: 3645.36 (r/w/o: 0.00/3562.40/82.96) lat (ms,95%): 46.63 err/s: 0.00 reconn/s: 0.00
[ 21s ] thds: 128 tps: 3609.25 qps: 3609.25 (r/w/o: 0.00/3540.25/69.00) lat (ms,95%): 46.63 err/s: 0.00 reconn/s: 0.00
[ 22s ] thds: 128 tps: 3630.63 qps: 3630.63 (r/w/o: 0.00/3553.59/77.03) lat (ms,95%): 44.17 err/s: 0.00 reconn/s: 0.00
[ 23s ] thds: 128 tps: 4481.65 qps: 4481.65 (r/w/o: 0.00/4385.70/95.95) lat (ms,95%): 41.10 err/s: 0.00 reconn/s: 0.00
[ 24s ] thds: 128 tps: 4801.05 qps: 4801.05 (r/w/o: 0.00/4694.05/107.00) lat (ms,95%): 40.37 err/s: 0.00 reconn/s: 0.00
[ 25s ] thds: 128 tps: 4775.69 qps: 4775.69 (r/w/o: 0.00/4667.67/108.02) lat (ms,95%): 40.37 err/s: 0.00 reconn/s: 0.00
[ 26s ] thds: 128 tps: 4716.40 qps: 4716.40 (r/w/o: 0.00/4609.41/106.99) lat (ms,95%): 40.37 err/s: 0.00 reconn/s: 0.00
[ 27s ] thds: 128 tps: 4722.22 qps: 4722.22 (r/w/o: 0.00/4624.18/98.05) lat (ms,95%): 38.25 err/s: 0.00 reconn/s: 0.00
[ 28s ] thds: 128 tps: 3794.01 qps: 3794.01 (r/w/o: 0.00/3711.03/82.98) lat (ms,95%): 56.84 err/s: 0.00 reconn/s: 0.00
[ 29s ] thds: 128 tps: 3769.21 qps: 3769.21 (r/w/o: 0.00/3687.21/82.00) lat (ms,95%): 56.84 err/s: 0.00 reconn/s: 0.00
[ 30s ] thds: 128 tps: 3759.23 qps: 3759.23 (r/w/o: 0.00/3682.21/77.03) lat (ms,95%): 56.84 err/s: 0.00 reconn/s: 0.00
[ 31s ] thds: 128 tps: 3718.20 qps: 3718.20 (r/w/o: 0.00/3637.24/80.96) lat (ms,95%): 57.87 err/s: 0.00 reconn/s: 0.00
[ 32s ] thds: 128 tps: 3657.01 qps: 3657.01 (r/w/o: 0.00/3589.03/67.98) lat (ms,95%): 57.87 err/s: 0.00 reconn/s: 0.00
[ 33s ] thds: 128 tps: 3643.02 qps: 3643.02 (r/w/o: 0.00/3582.00/61.02) lat (ms,95%): 57.87 err/s: 0.00 reconn/s: 0.00
[ 34s ] thds: 128 tps: 3677.98 qps: 3677.98 (r/w/o: 0.00/3579.01/98.97) lat (ms,95%): 57.87 err/s: 0.00 reconn/s: 0.00
[ 35s ] thds: 128 tps: 3782.23 qps: 3782.23 (r/w/o: 0.00/3702.20/80.03) lat (ms,95%): 49.21 err/s: 0.00 reconn/s: 0.00
[ 36s ] thds: 128 tps: 3796.45 qps: 3796.45 (r/w/o: 0.00/3694.47/101.99) lat (ms,95%): 48.34 err/s: 0.00 reconn/s: 0.00
[ 37s ] thds: 128 tps: 3719.88 qps: 3719.88 (r/w/o: 0.00/3619.88/100.00) lat (ms,95%): 48.34 err/s: 0.00 reconn/s: 0.00
[ 38s ] thds: 128 tps: 3660.70 qps: 3660.70 (r/w/o: 0.00/3590.67/70.03) lat (ms,95%): 48.34 err/s: 0.00 reconn/s: 0.00
[ 39s ] thds: 128 tps: 3780.13 qps: 3780.13 (r/w/o: 0.00/3702.15/77.98) lat (ms,95%): 43.39 err/s: 0.00 reconn/s: 0.00
[ 40s ] thds: 128 tps: 3851.41 qps: 3851.41 (r/w/o: 0.00/3775.40/76.01) lat (ms,95%): 42.61 err/s: 0.00 reconn/s: 0.00
[ 41s ] thds: 128 tps: 3791.67 qps: 3791.67 (r/w/o: 0.00/3714.69/76.97) lat (ms,95%): 44.17 err/s: 0.00 reconn/s: 0.00
[ 42s ] thds: 128 tps: 3537.45 qps: 3537.45 (r/w/o: 0.00/3460.44/77.01) lat (ms,95%): 49.21 err/s: 0.00 reconn/s: 0.00
[ 43s ] thds: 128 tps: 3452.23 qps: 3452.23 (r/w/o: 0.00/3383.22/69.00) lat (ms,95%): 49.21 err/s: 0.00 reconn/s: 0.00
[ 44s ] thds: 128 tps: 3553.79 qps: 3553.79 (r/w/o: 0.00/3472.79/81.00) lat (ms,95%): 49.21 err/s: 0.00 reconn/s: 0.00
[ 45s ] thds: 128 tps: 3695.56 qps: 3695.56 (r/w/o: 0.00/3620.57/74.99) lat (ms,95%): 42.61 err/s: 0.00 reconn/s: 0.00
[ 46s ] thds: 128 tps: 3629.13 qps: 3629.13 (r/w/o: 0.00/3555.12/74.00) lat (ms,95%): 42.61 err/s: 0.00 reconn/s: 0.00
[ 47s ] thds: 128 tps: 3606.71 qps: 3606.71 (r/w/o: 0.00/3538.71/67.99) lat (ms,95%): 46.63 err/s: 0.00 reconn/s: 0.00
[ 48s ] thds: 128 tps: 3574.54 qps: 3574.54 (r/w/o: 0.00/3493.53/81.01) lat (ms,95%): 46.63 err/s: 0.00 reconn/s: 0.00
[ 49s ] thds: 128 tps: 4117.82 qps: 4117.82 (r/w/o: 0.00/4038.85/78.98) lat (ms,95%): 45.79 err/s: 0.00 reconn/s: 0.00
[ 50s ] thds: 128 tps: 4848.28 qps: 4848.28 (r/w/o: 0.00/4712.18/136.09) lat (ms,95%): 37.56 err/s: 0.00 reconn/s: 0.00
[ 51s ] thds: 128 tps: 4820.18 qps: 4820.18 (r/w/o: 0.00/4714.22/105.96) lat (ms,95%): 38.94 err/s: 0.00 reconn/s: 0.00
[ 52s ] thds: 128 tps: 4775.65 qps: 4775.65 (r/w/o: 0.00/4669.68/105.97) lat (ms,95%): 38.94 err/s: 0.00 reconn/s: 0.00
[ 53s ] thds: 128 tps: 4765.47 qps: 4765.47 (r/w/o: 0.00/4661.46/104.01) lat (ms,95%): 38.94 err/s: 0.00 reconn/s: 0.00
[ 54s ] thds: 128 tps: 4341.04 qps: 4341.04 (r/w/o: 0.00/4250.01/91.02) lat (ms,95%): 37.56 err/s: 0.00 reconn/s: 0.00
[ 55s ] thds: 128 tps: 3854.25 qps: 3854.25 (r/w/o: 0.00/3768.27/85.98) lat (ms,95%): 37.56 err/s: 0.00 reconn/s: 0.00
[ 56s ] thds: 128 tps: 3837.99 qps: 3837.99 (r/w/o: 0.00/3752.99/85.00) lat (ms,95%): 45.79 err/s: 0.00 reconn/s: 0.00
[ 57s ] thds: 128 tps: 3780.13 qps: 3780.13 (r/w/o: 0.00/3687.15/92.98) lat (ms,95%): 45.79 err/s: 0.00 reconn/s: 0.00
[ 58s ] thds: 128 tps: 3712.33 qps: 3712.33 (r/w/o: 0.00/3645.31/67.02) lat (ms,95%): 46.63 err/s: 0.00 reconn/s: 0.00
[ 59s ] thds: 128 tps: 3714.38 qps: 3714.38 (r/w/o: 0.00/3649.36/65.02) lat (ms,95%): 46.63 err/s: 0.00 reconn/s: 0.00
[ 60s ] thds: 128 tps: 3710.79 qps: 3710.79 (r/w/o: 0.00/3628.81/81.97) lat (ms,95%): 48.34 err/s: 0.00 reconn/s: 0.00
[ 61s ] thds: 128 tps: 3701.19 qps: 3701.19 (r/w/o: 0.00/3623.20/77.98) lat (ms,95%): 50.11 err/s: 0.00 reconn/s: 0.00
[ 62s ] thds: 128 tps: 3684.02 qps: 3684.02 (r/w/o: 0.00/3594.97/89.05) lat (ms,95%): 51.02 err/s: 0.00 reconn/s: 0.00
[ 63s ] thds: 128 tps: 3667.77 qps: 3667.77 (r/w/o: 0.00/3599.79/67.98) lat (ms,95%): 51.02 err/s: 0.00 reconn/s: 0.00
[ 64s ] thds: 128 tps: 3685.72 qps: 3685.72 (r/w/o: 0.00/3611.72/73.99) lat (ms,95%): 51.02 err/s: 0.00 reconn/s: 0.00
[ 65s ] thds: 128 tps: 3732.54 qps: 3732.54 (r/w/o: 0.00/3648.50/84.03) lat (ms,95%): 49.21 err/s: 0.00 reconn/s: 0.00
[ 66s ] thds: 128 tps: 3759.25 qps: 3759.25 (r/w/o: 0.00/3675.24/84.01) lat (ms,95%): 47.47 err/s: 0.00 reconn/s: 0.00
[ 67s ] thds: 128 tps: 3663.90 qps: 3663.90 (r/w/o: 0.00/3583.97/79.93) lat (ms,95%): 48.34 err/s: 0.00 reconn/s: 0.00
[ 68s ] thds: 128 tps: 3575.58 qps: 3575.58 (r/w/o: 0.00/3505.55/70.03) lat (ms,95%): 49.21 err/s: 0.00 reconn/s: 0.00
[ 69s ] thds: 128 tps: 3559.11 qps: 3559.11 (r/w/o: 0.00/3490.09/69.02) lat (ms,95%): 50.11 err/s: 0.00 reconn/s: 0.00
[ 70s ] thds: 128 tps: 3591.12 qps: 3591.12 (r/w/o: 0.00/3518.14/72.98) lat (ms,95%): 50.11 err/s: 0.00 reconn/s: 0.00
[ 71s ] thds: 128 tps: 3643.39 qps: 3643.39 (r/w/o: 0.00/3568.40/74.99) lat (ms,95%): 50.11 err/s: 0.00 reconn/s: 0.00
[ 72s ] thds: 128 tps: 3653.66 qps: 3653.66 (r/w/o: 0.00/3571.63/82.04) lat (ms,95%): 50.11 err/s: 0.00 reconn/s: 0.00
[ 73s ] thds: 128 tps: 3690.22 qps: 3690.22 (r/w/o: 0.00/3619.24/70.98) lat (ms,95%): 41.10 err/s: 0.00 reconn/s: 0.00
[ 74s ] thds: 128 tps: 3635.25 qps: 3635.25 (r/w/o: 0.00/3546.29/88.96) lat (ms,95%): 41.10 err/s: 0.00 reconn/s: 0.00
[ 75s ] thds: 128 tps: 3762.67 qps: 3762.67 (r/w/o: 0.00/3675.60/87.06) lat (ms,95%): 40.37 err/s: 0.00 reconn/s: 0.00
[ 76s ] thds: 128 tps: 3478.19 qps: 3478.19 (r/w/o: 0.00/3404.19/74.00) lat (ms,95%): 70.55 err/s: 0.00 reconn/s: 0.00
[ 77s ] thds: 128 tps: 3510.38 qps: 3510.38 (r/w/o: 0.00/3429.42/80.96) lat (ms,95%): 70.55 err/s: 0.00 reconn/s: 0.00
[ 78s ] thds: 128 tps: 3617.15 qps: 3617.15 (r/w/o: 0.00/3531.13/86.03) lat (ms,95%): 70.55 err/s: 0.00 reconn/s: 0.00
[ 79s ] thds: 128 tps: 3665.76 qps: 3665.76 (r/w/o: 0.00/3593.79/71.98) lat (ms,95%): 70.55 err/s: 0.00 reconn/s: 0.00
[ 80s ] thds: 128 tps: 3628.35 qps: 3628.35 (r/w/o: 0.00/3534.31/94.03) lat (ms,95%): 45.79 err/s: 0.00 reconn/s: 0.00
[ 81s ] thds: 128 tps: 3590.78 qps: 3590.78 (r/w/o: 0.00/3512.78/78.00) lat (ms,95%): 45.79 err/s: 0.00 reconn/s: 0.00
[ 82s ] thds: 128 tps: 3546.35 qps: 3546.35 (r/w/o: 0.00/3472.34/74.01) lat (ms,95%): 46.63 err/s: 0.00 reconn/s: 0.00
[ 83s ] thds: 128 tps: 3963.30 qps: 3963.30 (r/w/o: 0.00/3894.31/68.99) lat (ms,95%): 39.65 err/s: 0.00 reconn/s: 0.00
[ 84s ] thds: 128 tps: 4015.66 qps: 4015.66 (r/w/o: 0.00/3947.65/68.01) lat (ms,95%): 36.89 err/s: 0.00 reconn/s: 0.00
[ 85s ] thds: 128 tps: 3892.84 qps: 3892.84 (r/w/o: 0.00/3802.87/89.97) lat (ms,95%): 38.94 err/s: 0.00 reconn/s: 0.00
[ 86s ] thds: 128 tps: 3769.02 qps: 3769.02 (r/w/o: 0.00/3685.06/83.96) lat (ms,95%): 49.21 err/s: 0.00 reconn/s: 0.00
[ 87s ] thds: 128 tps: 3692.73 qps: 3692.73 (r/w/o: 0.00/3617.69/75.04) lat (ms,95%): 50.11 err/s: 0.00 reconn/s: 0.00
[ 88s ] thds: 128 tps: 3818.21 qps: 3818.21 (r/w/o: 0.00/3738.20/80.00) lat (ms,95%): 45.79 err/s: 0.00 reconn/s: 0.00
[ 89s ] thds: 128 tps: 3828.90 qps: 3828.90 (r/w/o: 0.00/3759.90/69.00) lat (ms,95%): 45.79 err/s: 0.00 reconn/s: 0.00
[ 90s ] thds: 128 tps: 3678.42 qps: 3678.42 (r/w/o: 0.00/3609.43/68.99) lat (ms,95%): 51.02 err/s: 0.00 reconn/s: 0.00
[ 91s ] thds: 128 tps: 3542.81 qps: 3542.81 (r/w/o: 0.00/3460.77/82.04) lat (ms,95%): 52.89 err/s: 0.00 reconn/s: 0.00
[ 92s ] thds: 128 tps: 3550.37 qps: 3550.37 (r/w/o: 0.00/3460.41/89.96) lat (ms,95%): 52.89 err/s: 0.00 reconn/s: 0.00
[ 93s ] thds: 128 tps: 3650.93 qps: 3650.93 (r/w/o: 0.00/3584.93/66.00) lat (ms,95%): 51.94 err/s: 0.00 reconn/s: 0.00
[ 94s ] thds: 128 tps: 3659.74 qps: 3659.74 (r/w/o: 0.00/3592.71/67.03) lat (ms,95%): 64.47 err/s: 0.00 reconn/s: 0.00
[ 95s ] thds: 128 tps: 3632.26 qps: 3632.26 (r/w/o: 0.00/3541.25/91.01) lat (ms,95%): 65.65 err/s: 0.00 reconn/s: 0.00
[ 96s ] thds: 128 tps: 3606.47 qps: 3606.47 (r/w/o: 0.00/3519.53/86.94) lat (ms,95%): 65.65 err/s: 0.00 reconn/s: 0.00
[ 97s ] thds: 128 tps: 3618.24 qps: 3618.24 (r/w/o: 0.00/3518.24/100.01) lat (ms,95%): 65.65 err/s: 0.00 reconn/s: 0.00
[ 98s ] thds: 128 tps: 3743.97 qps: 3743.97 (r/w/o: 0.00/3653.92/90.05) lat (ms,95%): 51.02 err/s: 0.00 reconn/s: 0.00
[ 99s ] thds: 128 tps: 3650.39 qps: 3650.39 (r/w/o: 0.00/3558.43/91.96) lat (ms,95%): 51.94 err/s: 0.00 reconn/s: 0.00
[ 100s ] thds: 128 tps: 3631.83 qps: 3631.83 (r/w/o: 0.00/3561.85/69.98) lat (ms,95%): 51.94 err/s: 0.00 reconn/s: 0.00
[ 101s ] thds: 128 tps: 3642.14 qps: 3642.14 (r/w/o: 0.00/3553.09/89.05) lat (ms,95%): 51.94 err/s: 0.00 reconn/s: 0.00
[ 102s ] thds: 128 tps: 3861.02 qps: 3861.02 (r/w/o: 0.00/3773.04/87.98) lat (ms,95%): 37.56 err/s: 0.00 reconn/s: 0.00
[ 103s ] thds: 128 tps: 3905.76 qps: 3905.76 (r/w/o: 0.00/3802.77/102.99) lat (ms,95%): 38.25 err/s: 0.00 reconn/s: 0.00
[ 104s ] thds: 128 tps: 3705.19 qps: 3705.19 (r/w/o: 0.00/3635.19/70.00) lat (ms,95%): 42.61 err/s: 0.00 reconn/s: 0.00
[ 105s ] thds: 128 tps: 3505.51 qps: 3505.51 (r/w/o: 0.00/3422.52/82.99) lat (ms,95%): 51.94 err/s: 0.00 reconn/s: 0.00
[ 106s ] thds: 128 tps: 3585.52 qps: 3585.52 (r/w/o: 0.00/3493.48/92.04) lat (ms,95%): 51.94 err/s: 0.00 reconn/s: 0.00
[ 107s ] thds: 128 tps: 3663.06 qps: 3663.06 (r/w/o: 0.00/3580.08/82.98) lat (ms,95%): 51.94 err/s: 0.00 reconn/s: 0.00
[ 108s ] thds: 128 tps: 3670.63 qps: 3670.63 (r/w/o: 0.00/3571.64/98.99) lat (ms,95%): 51.94 err/s: 0.00 reconn/s: 0.00
[ 109s ] thds: 128 tps: 3615.71 qps: 3615.71 (r/w/o: 0.00/3529.71/85.99) lat (ms,95%): 54.83 err/s: 0.00 reconn/s: 0.00
[ 110s ] thds: 128 tps: 3604.92 qps: 3604.92 (r/w/o: 0.00/3521.87/83.04) lat (ms,95%): 54.83 err/s: 0.00 reconn/s: 0.00
[ 111s ] thds: 128 tps: 3598.01 qps: 3598.01 (r/w/o: 0.00/3533.05/64.96) lat (ms,95%): 55.82 err/s: 0.00 reconn/s: 0.00
[ 112s ] thds: 128 tps: 3705.30 qps: 3705.30 (r/w/o: 0.00/3629.32/75.99) lat (ms,95%): 57.87 err/s: 0.00 reconn/s: 0.00
[ 113s ] thds: 128 tps: 3654.87 qps: 3654.87 (r/w/o: 0.00/3589.85/65.02) lat (ms,95%): 75.82 err/s: 0.00 reconn/s: 0.00
[ 114s ] thds: 128 tps: 3640.34 qps: 3640.34 (r/w/o: 0.00/3552.33/88.01) lat (ms,95%): 75.82 err/s: 0.00 reconn/s: 0.00
[ 115s ] thds: 128 tps: 3682.83 qps: 3682.83 (r/w/o: 0.00/3590.78/92.05) lat (ms,95%): 75.82 err/s: 0.00 reconn/s: 0.00
[ 116s ] thds: 128 tps: 3837.00 qps: 3837.00 (r/w/o: 0.00/3732.08/104.92) lat (ms,95%): 38.25 err/s: 0.00 reconn/s: 0.00
[ 117s ] thds: 128 tps: 3684.97 qps: 3684.97 (r/w/o: 0.00/3609.97/75.00) lat (ms,95%): 46.63 err/s: 0.00 reconn/s: 0.00
[ 118s ] thds: 128 tps: 3692.34 qps: 3692.34 (r/w/o: 0.00/3614.29/78.05) lat (ms,95%): 46.63 err/s: 0.00 reconn/s: 0.00
[ 119s ] thds: 128 tps: 3647.35 qps: 3647.35 (r/w/o: 0.00/3574.34/73.01) lat (ms,95%): 46.63 err/s: 0.00 reconn/s: 0.00
[ 120s ] thds: 128 tps: 3854.04 qps: 3854.04 (r/w/o: 0.00/3763.09/90.95) lat (ms,95%): 44.98 err/s: 0.00 reconn/s: 0.00
[ 121s ] thds: 128 tps: 3775.77 qps: 3775.77 (r/w/o: 0.00/3672.78/102.99) lat (ms,95%): 45.79 err/s: 0.00 reconn/s: 0.00
[ 122s ] thds: 128 tps: 3652.19 qps: 3652.19 (r/w/o: 0.00/3565.14/87.05) lat (ms,95%): 46.63 err/s: 0.00 reconn/s: 0.00
[ 123s ] thds: 128 tps: 3573.90 qps: 3573.90 (r/w/o: 0.00/3500.90/73.00) lat (ms,95%): 48.34 err/s: 0.00 reconn/s: 0.00
[ 124s ] thds: 128 tps: 3619.08 qps: 3619.08 (r/w/o: 0.00/3550.08/69.00) lat (ms,95%): 45.79 err/s: 0.00 reconn/s: 0.00
[ 125s ] thds: 128 tps: 3681.50 qps: 3681.50 (r/w/o: 0.00/3611.51/69.99) lat (ms,95%): 46.63 err/s: 0.00 reconn/s: 0.00
[ 126s ] thds: 128 tps: 3665.75 qps: 3665.75 (r/w/o: 0.00/3586.80/78.95) lat (ms,95%): 47.47 err/s: 0.00 reconn/s: 0.00
[ 127s ] thds: 128 tps: 3639.64 qps: 3639.64 (r/w/o: 0.00/3567.59/72.05) lat (ms,95%): 47.47 err/s: 0.00 reconn/s: 0.00
[ 128s ] thds: 128 tps: 3760.44 qps: 3760.44 (r/w/o: 0.00/3678.48/81.97) lat (ms,95%): 47.47 err/s: 0.00 reconn/s: 0.00
[ 129s ] thds: 128 tps: 3731.59 qps: 3731.59 (r/w/o: 0.00/3650.56/81.03) lat (ms,95%): 48.34 err/s: 0.00 reconn/s: 0.00
[ 130s ] thds: 128 tps: 3728.35 qps: 3728.35 (r/w/o: 0.00/3636.36/91.98) lat (ms,95%): 49.21 err/s: 0.00 reconn/s: 0.00
[ 131s ] thds: 128 tps: 3660.45 qps: 3660.45 (r/w/o: 0.00/3586.48/73.97) lat (ms,95%): 49.21 err/s: 0.00 reconn/s: 0.00
[ 132s ] thds: 128 tps: 3660.49 qps: 3660.49 (r/w/o: 0.00/3582.44/78.05) lat (ms,95%): 49.21 err/s: 0.00 reconn/s: 0.00
[ 133s ] thds: 128 tps: 3691.29 qps: 3691.29 (r/w/o: 0.00/3615.32/75.96) lat (ms,95%): 48.34 err/s: 0.00 reconn/s: 0.00
[ 134s ] thds: 128 tps: 3682.86 qps: 3682.86 (r/w/o: 0.00/3601.86/81.00) lat (ms,95%): 48.34 err/s: 0.00 reconn/s: 0.00
[ 135s ] thds: 128 tps: 3671.23 qps: 3671.23 (r/w/o: 0.00/3581.25/89.98) lat (ms,95%): 49.21 err/s: 0.00 reconn/s: 0.00
[ 136s ] thds: 128 tps: 3667.88 qps: 3667.88 (r/w/o: 0.00/3592.88/75.00) lat (ms,95%): 49.21 err/s: 0.00 reconn/s: 0.00
[ 137s ] thds: 128 tps: 3683.55 qps: 3683.55 (r/w/o: 0.00/3600.50/83.06) lat (ms,95%): 48.34 err/s: 0.00 reconn/s: 0.00
[ 138s ] thds: 128 tps: 3677.13 qps: 3677.13 (r/w/o: 0.00/3619.13/58.00) lat (ms,95%): 47.47 err/s: 0.00 reconn/s: 0.00
[ 139s ] thds: 128 tps: 3673.96 qps: 3673.96 (r/w/o: 0.00/3602.00/71.96) lat (ms,95%): 47.47 err/s: 0.00 reconn/s: 0.00
[ 140s ] thds: 128 tps: 3665.13 qps: 3665.13 (r/w/o: 0.00/3598.15/66.98) lat (ms,95%): 47.47 err/s: 0.00 reconn/s: 0.00
[ 141s ] thds: 128 tps: 3683.86 qps: 3683.86 (r/w/o: 0.00/3577.81/106.05) lat (ms,95%): 47.47 err/s: 0.00 reconn/s: 0.00
[ 142s ] thds: 128 tps: 3677.75 qps: 3677.75 (r/w/o: 0.00/3605.79/71.96) lat (ms,95%): 47.47 err/s: 0.00 reconn/s: 0.00
[ 143s ] thds: 128 tps: 3674.01 qps: 3674.01 (r/w/o: 0.00/3595.94/78.06) lat (ms,95%): 47.47 err/s: 0.00 reconn/s: 0.00
[ 144s ] thds: 128 tps: 3683.00 qps: 3683.00 (r/w/o: 0.00/3573.00/110.00) lat (ms,95%): 47.47 err/s: 0.00 reconn/s: 0.00
[ 145s ] thds: 128 tps: 3677.89 qps: 3677.89 (r/w/o: 0.00/3594.89/83.00) lat (ms,95%): 47.47 err/s: 0.00 reconn/s: 0.00
[ 146s ] thds: 128 tps: 3670.91 qps: 3670.91 (r/w/o: 0.00/3603.91/67.00) lat (ms,95%): 48.34 err/s: 0.00 reconn/s: 0.00
[ 147s ] thds: 128 tps: 3684.25 qps: 3684.25 (r/w/o: 0.00/3606.25/78.01) lat (ms,95%): 47.47 err/s: 0.00 reconn/s: 0.00
[ 148s ] thds: 128 tps: 3673.10 qps: 3673.10 (r/w/o: 0.00/3589.10/84.00) lat (ms,95%): 48.34 err/s: 0.00 reconn/s: 0.00
[ 149s ] thds: 128 tps: 3679.85 qps: 3679.85 (r/w/o: 0.00/3605.85/74.00) lat (ms,95%): 48.34 err/s: 0.00 reconn/s: 0.00
[ 150s ] thds: 128 tps: 3676.84 qps: 3676.84 (r/w/o: 0.00/3598.84/78.00) lat (ms,95%): 48.34 err/s: 0.00 reconn/s: 0.00
[ 151s ] thds: 128 tps: 3668.44 qps: 3668.44 (r/w/o: 0.00/3584.50/83.94) lat (ms,95%): 48.34 err/s: 0.00 reconn/s: 0.00
[ 152s ] thds: 128 tps: 3678.95 qps: 3678.95 (r/w/o: 0.00/3589.90/89.05) lat (ms,95%): 48.34 err/s: 0.00 reconn/s: 0.00
[ 153s ] thds: 128 tps: 3676.18 qps: 3676.18 (r/w/o: 0.00/3592.17/84.00) lat (ms,95%): 47.47 err/s: 0.00 reconn/s: 0.00
[ 154s ] thds: 128 tps: 3679.92 qps: 3679.92 (r/w/o: 0.00/3609.90/70.02) lat (ms,95%): 47.47 err/s: 0.00 reconn/s: 0.00
[ 155s ] thds: 128 tps: 3670.01 qps: 3670.01 (r/w/o: 0.00/3591.05/78.96) lat (ms,95%): 47.47 err/s: 0.00 reconn/s: 0.00
[ 156s ] thds: 128 tps: 3679.70 qps: 3679.70 (r/w/o: 0.00/3594.66/85.04) lat (ms,95%): 48.34 err/s: 0.00 reconn/s: 0.00
[ 157s ] thds: 128 tps: 3676.86 qps: 3676.86 (r/w/o: 0.00/3580.86/96.00) lat (ms,95%): 47.47 err/s: 0.00 reconn/s: 0.00
[ 158s ] thds: 128 tps: 3676.73 qps: 3676.73 (r/w/o: 0.00/3588.78/87.95) lat (ms,95%): 47.47 err/s: 0.00 reconn/s: 0.00
[ 159s ] thds: 128 tps: 3673.39 qps: 3674.39 (r/w/o: 0.00/3591.33/83.05) lat (ms,95%): 47.47 err/s: 0.00 reconn/s: 0.00
[ 160s ] thds: 128 tps: 3695.89 qps: 3694.89 (r/w/o: 0.00/3628.91/65.98) lat (ms,95%): 44.98 err/s: 0.00 reconn/s: 0.00
[ 161s ] thds: 128 tps: 3723.65 qps: 3723.65 (r/w/o: 0.00/3638.68/84.97) lat (ms,95%): 43.39 err/s: 0.00 reconn/s: 0.00
[ 162s ] thds: 128 tps: 3728.54 qps: 3728.54 (r/w/o: 0.00/3643.48/85.06) lat (ms,95%): 43.39 err/s: 0.00 reconn/s: 0.00
[ 163s ] thds: 128 tps: 3643.78 qps: 3643.78 (r/w/o: 0.00/3565.83/77.95) lat (ms,95%): 44.17 err/s: 0.00 reconn/s: 0.00
[ 164s ] thds: 128 tps: 3522.78 qps: 3522.78 (r/w/o: 0.00/3449.79/73.00) lat (ms,95%): 52.89 err/s: 0.00 reconn/s: 0.00
[ 165s ] thds: 128 tps: 3619.38 qps: 3619.38 (r/w/o: 0.00/3539.35/80.03) lat (ms,95%): 52.89 err/s: 0.00 reconn/s: 0.00
[ 166s ] thds: 128 tps: 3659.35 qps: 3659.35 (r/w/o: 0.00/3582.32/77.03) lat (ms,95%): 52.89 err/s: 0.00 reconn/s: 0.00
[ 167s ] thds: 128 tps: 3648.75 qps: 3648.75 (r/w/o: 0.00/3566.77/81.97) lat (ms,95%): 61.08 err/s: 0.00 reconn/s: 0.00
[ 168s ] thds: 128 tps: 3630.12 qps: 3630.12 (r/w/o: 0.00/3552.16/77.96) lat (ms,95%): 62.19 err/s: 0.00 reconn/s: 0.00
[ 169s ] thds: 128 tps: 3626.05 qps: 3626.05 (r/w/o: 0.00/3562.03/64.02) lat (ms,95%): 62.19 err/s: 0.00 reconn/s: 0.00
[ 170s ] thds: 128 tps: 3621.45 qps: 3621.45 (r/w/o: 0.00/3546.42/75.03) lat (ms,95%): 62.19 err/s: 0.00 reconn/s: 0.00
[ 171s ] thds: 128 tps: 3760.52 qps: 3760.52 (r/w/o: 0.00/3675.51/85.01) lat (ms,95%): 47.47 err/s: 0.00 reconn/s: 0.00
[ 172s ] thds: 128 tps: 3670.83 qps: 3670.83 (r/w/o: 0.00/3586.84/84.00) lat (ms,95%): 46.63 err/s: 0.00 reconn/s: 0.00
[ 173s ] thds: 128 tps: 3653.90 qps: 3653.90 (r/w/o: 0.00/3573.92/79.98) lat (ms,95%): 46.63 err/s: 0.00 reconn/s: 0.00
[ 174s ] thds: 128 tps: 3655.21 qps: 3655.21 (r/w/o: 0.00/3577.21/78.00) lat (ms,95%): 46.63 err/s: 0.00 reconn/s: 0.00
[ 175s ] thds: 128 tps: 3705.86 qps: 3705.86 (r/w/o: 0.00/3625.84/80.02) lat (ms,95%): 40.37 err/s: 0.00 reconn/s: 0.00
[ 176s ] thds: 128 tps: 3697.97 qps: 3697.97 (r/w/o: 0.00/3620.97/77.00) lat (ms,95%): 40.37 err/s: 0.00 reconn/s: 0.00
[ 177s ] thds: 128 tps: 3662.99 qps: 3662.99 (r/w/o: 0.00/3583.99/79.00) lat (ms,95%): 40.37 err/s: 0.00 reconn/s: 0.00
[ 178s ] thds: 128 tps: 3545.53 qps: 3545.53 (r/w/o: 0.00/3463.56/81.97) lat (ms,95%): 48.34 err/s: 0.00 reconn/s: 0.00
[ 179s ] thds: 128 tps: 3738.50 qps: 3738.50 (r/w/o: 0.00/3674.53/63.97) lat (ms,95%): 48.34 err/s: 0.00 reconn/s: 0.00
[ 180s ] thds: 128 tps: 3782.83 qps: 3782.83 (r/w/o: 0.00/3691.79/91.04) lat (ms,95%): 47.47 err/s: 0.00 reconn/s: 0.00
[ 181s ] thds: 128 tps: 3715.99 qps: 3715.99 (r/w/o: 0.00/3631.01/84.98) lat (ms,95%): 47.47 err/s: 0.00 reconn/s: 0.00
[ 182s ] thds: 128 tps: 3640.07 qps: 3640.07 (r/w/o: 0.00/3557.05/83.02) lat (ms,95%): 48.34 err/s: 0.00 reconn/s: 0.00
[ 183s ] thds: 128 tps: 3686.06 qps: 3686.06 (r/w/o: 0.00/3612.07/73.98) lat (ms,95%): 48.34 err/s: 0.00 reconn/s: 0.00
[ 184s ] thds: 128 tps: 3711.96 qps: 3711.96 (r/w/o: 0.00/3632.94/79.02) lat (ms,95%): 48.34 err/s: 0.00 reconn/s: 0.00
[ 185s ] thds: 128 tps: 3681.06 qps: 3681.06 (r/w/o: 0.00/3575.03/106.03) lat (ms,95%): 48.34 err/s: 0.00 reconn/s: 0.00
[ 186s ] thds: 128 tps: 3638.03 qps: 3638.03 (r/w/o: 0.00/3541.03/97.00) lat (ms,95%): 49.21 err/s: 0.00 reconn/s: 0.00
[ 187s ] thds: 128 tps: 3622.64 qps: 3622.64 (r/w/o: 0.00/3531.68/90.97) lat (ms,95%): 49.21 err/s: 0.00 reconn/s: 0.00
[ 188s ] thds: 128 tps: 3622.32 qps: 3622.32 (r/w/o: 0.00/3559.32/63.01) lat (ms,95%): 49.21 err/s: 0.00 reconn/s: 0.00
[ 189s ] thds: 128 tps: 5024.73 qps: 5024.73 (r/w/o: 0.00/4913.71/111.02) lat (ms,95%): 37.56 err/s: 0.00 reconn/s: 0.00
[ 190s ] thds: 128 tps: 5208.38 qps: 5208.38 (r/w/o: 0.00/5095.35/113.03) lat (ms,95%): 37.56 err/s: 0.00 reconn/s: 0.00
[ 191s ] thds: 128 tps: 5120.47 qps: 5120.47 (r/w/o: 0.00/5005.51/114.97) lat (ms,95%): 38.25 err/s: 0.00 reconn/s: 0.00
[ 192s ] thds: 128 tps: 5130.43 qps: 5130.43 (r/w/o: 0.00/5006.40/124.03) lat (ms,95%): 38.25 err/s: 0.00 reconn/s: 0.00
[ 193s ] thds: 128 tps: 5173.17 qps: 5173.17 (r/w/o: 0.00/5062.19/110.98) lat (ms,95%): 36.89 err/s: 0.00 reconn/s: 0.00
[ 194s ] thds: 128 tps: 4431.49 qps: 4431.49 (r/w/o: 0.00/4325.51/105.99) lat (ms,95%): 41.10 err/s: 0.00 reconn/s: 0.00
[ 195s ] thds: 128 tps: 3784.46 qps: 3784.46 (r/w/o: 0.00/3686.48/97.99) lat (ms,95%): 46.63 err/s: 0.00 reconn/s: 0.00
[ 196s ] thds: 128 tps: 3797.41 qps: 3797.41 (r/w/o: 0.00/3717.38/80.03) lat (ms,95%): 47.47 err/s: 0.00 reconn/s: 0.00
[ 197s ] thds: 128 tps: 3769.42 qps: 3769.42 (r/w/o: 0.00/3680.46/88.96) lat (ms,95%): 46.63 err/s: 0.00 reconn/s: 0.00
[ 198s ] thds: 128 tps: 3717.41 qps: 3718.41 (r/w/o: 0.00/3640.38/78.03) lat (ms,95%): 44.17 err/s: 0.00 reconn/s: 0.00
[ 199s ] thds: 128 tps: 3698.94 qps: 3697.94 (r/w/o: 0.00/3626.94/71.00) lat (ms,95%): 44.98 err/s: 0.00 reconn/s: 0.00
[ 200s ] thds: 128 tps: 3704.64 qps: 3704.64 (r/w/o: 0.00/3632.65/71.99) lat (ms,95%): 45.79 err/s: 0.00 reconn/s: 0.00
[ 201s ] thds: 128 tps: 3695.26 qps: 3695.26 (r/w/o: 0.00/3616.27/78.98) lat (ms,95%): 46.63 err/s: 0.00 reconn/s: 0.00
[ 202s ] thds: 128 tps: 3683.54 qps: 3683.54 (r/w/o: 0.00/3611.51/72.03) lat (ms,95%): 46.63 err/s: 0.00 reconn/s: 0.00
[ 203s ] thds: 128 tps: 3673.56 qps: 3673.56 (r/w/o: 0.00/3583.60/89.96) lat (ms,95%): 46.63 err/s: 0.00 reconn/s: 0.00
[ 204s ] thds: 128 tps: 3679.69 qps: 3679.69 (r/w/o: 0.00/3590.67/89.02) lat (ms,95%): 45.79 err/s: 0.00 reconn/s: 0.00
[ 205s ] thds: 128 tps: 3735.67 qps: 3735.67 (r/w/o: 0.00/3675.66/60.01) lat (ms,95%): 44.98 err/s: 0.00 reconn/s: 0.00
[ 206s ] thds: 128 tps: 3801.42 qps: 3801.42 (r/w/o: 0.00/3715.43/85.99) lat (ms,95%): 44.17 err/s: 0.00 reconn/s: 0.00
[ 207s ] thds: 128 tps: 3716.72 qps: 3716.72 (r/w/o: 0.00/3628.70/88.02) lat (ms,95%): 44.17 err/s: 0.00 reconn/s: 0.00
[ 208s ] thds: 128 tps: 3573.61 qps: 3573.61 (r/w/o: 0.00/3486.62/86.99) lat (ms,95%): 46.63 err/s: 0.00 reconn/s: 0.00
[ 209s ] thds: 128 tps: 3622.11 qps: 3622.11 (r/w/o: 0.00/3545.12/76.98) lat (ms,95%): 46.63 err/s: 0.00 reconn/s: 0.00
[ 210s ] thds: 128 tps: 3715.55 qps: 3715.55 (r/w/o: 0.00/3646.56/68.99) lat (ms,95%): 46.63 err/s: 0.00 reconn/s: 0.00
[ 211s ] thds: 128 tps: 3672.24 qps: 3672.24 (r/w/o: 0.00/3590.24/82.01) lat (ms,95%): 45.79 err/s: 0.00 reconn/s: 0.00
[ 212s ] thds: 128 tps: 3642.57 qps: 3642.57 (r/w/o: 0.00/3566.53/76.03) lat (ms,95%): 45.79 err/s: 0.00 reconn/s: 0.00
[ 213s ] thds: 128 tps: 3633.76 qps: 3633.76 (r/w/o: 0.00/3551.76/81.99) lat (ms,95%): 45.79 err/s: 0.00 reconn/s: 0.00
[ 214s ] thds: 128 tps: 3663.23 qps: 3663.23 (r/w/o: 0.00/3583.31/79.92) lat (ms,95%): 45.79 err/s: 0.00 reconn/s: 0.00
[ 215s ] thds: 128 tps: 3790.13 qps: 3790.13 (r/w/o: 0.00/3708.08/82.05) lat (ms,95%): 45.79 err/s: 0.00 reconn/s: 0.00
[ 216s ] thds: 128 tps: 3733.91 qps: 3733.91 (r/w/o: 0.00/3661.88/72.04) lat (ms,95%): 47.47 err/s: 0.00 reconn/s: 0.00
[ 217s ] thds: 128 tps: 3675.94 qps: 3675.94 (r/w/o: 0.00/3594.94/81.00) lat (ms,95%): 48.34 err/s: 0.00 reconn/s: 0.00
[ 218s ] thds: 128 tps: 3646.37 qps: 3646.37 (r/w/o: 0.00/3562.41/83.96) lat (ms,95%): 48.34 err/s: 0.00 reconn/s: 0.00
[ 219s ] thds: 128 tps: 4699.96 qps: 4699.96 (r/w/o: 0.00/4582.94/117.02) lat (ms,95%): 44.98 err/s: 0.00 reconn/s: 0.00
[ 220s ] thds: 128 tps: 4907.33 qps: 4907.33 (r/w/o: 0.00/4812.35/94.99) lat (ms,95%): 41.85 err/s: 0.00 reconn/s: 0.00
[ 221s ] thds: 128 tps: 4935.58 qps: 4935.58 (r/w/o: 0.00/4804.59/130.99) lat (ms,95%): 41.85 err/s: 0.00 reconn/s: 0.00
[ 222s ] thds: 128 tps: 5089.19 qps: 5089.19 (r/w/o: 0.00/4976.14/113.05) lat (ms,95%): 39.65 err/s: 0.00 reconn/s: 0.00
[ 223s ] thds: 128 tps: 4384.99 qps: 4384.99 (r/w/o: 0.00/4299.01/85.98) lat (ms,95%): 40.37 err/s: 0.00 reconn/s: 0.00
[ 224s ] thds: 128 tps: 3673.25 qps: 3673.25 (r/w/o: 0.00/3584.27/88.98) lat (ms,95%): 78.60 err/s: 0.00 reconn/s: 0.00
[ 225s ] thds: 128 tps: 3751.39 qps: 3751.39 (r/w/o: 0.00/3678.45/72.95) lat (ms,95%): 77.19 err/s: 0.00 reconn/s: 0.00
[ 226s ] thds: 128 tps: 3540.83 qps: 3540.83 (r/w/o: 0.00/3454.77/86.07) lat (ms,95%): 78.60 err/s: 0.00 reconn/s: 0.00
[ 227s ] thds: 128 tps: 3524.16 qps: 3524.16 (r/w/o: 0.00/3434.13/90.03) lat (ms,95%): 82.96 err/s: 0.00 reconn/s: 0.00
[ 228s ] thds: 128 tps: 3631.43 qps: 3631.43 (r/w/o: 0.00/3554.46/76.97) lat (ms,95%): 82.96 err/s: 0.00 reconn/s: 0.00
[ 229s ] thds: 128 tps: 3608.21 qps: 3608.21 (r/w/o: 0.00/3522.21/86.01) lat (ms,95%): 82.96 err/s: 0.00 reconn/s: 0.00
[ 230s ] thds: 128 tps: 3628.24 qps: 3628.24 (r/w/o: 0.00/3548.22/80.03) lat (ms,95%): 82.96 err/s: 0.00 reconn/s: 0.00
[ 231s ] thds: 128 tps: 3921.50 qps: 3921.50 (r/w/o: 0.00/3826.54/94.96) lat (ms,95%): 53.85 err/s: 0.00 reconn/s: 0.00
[ 232s ] thds: 128 tps: 3828.25 qps: 3828.25 (r/w/o: 0.00/3763.25/65.00) lat (ms,95%): 53.85 err/s: 0.00 reconn/s: 0.00
[ 233s ] thds: 128 tps: 3727.86 qps: 3727.86 (r/w/o: 0.00/3651.86/76.00) lat (ms,95%): 54.83 err/s: 0.00 reconn/s: 0.00
[ 234s ] thds: 128 tps: 3785.27 qps: 3785.27 (r/w/o: 0.00/3698.26/87.01) lat (ms,95%): 51.02 err/s: 0.00 reconn/s: 0.00
[ 235s ] thds: 128 tps: 3738.13 qps: 3738.13 (r/w/o: 0.00/3647.10/91.03) lat (ms,95%): 50.11 err/s: 0.00 reconn/s: 0.00
[ 236s ] thds: 128 tps: 3709.61 qps: 3709.61 (r/w/o: 0.00/3640.62/68.99) lat (ms,95%): 50.11 err/s: 0.00 reconn/s: 0.00
[ 237s ] thds: 128 tps: 3690.22 qps: 3690.22 (r/w/o: 0.00/3620.24/69.99) lat (ms,95%): 49.21 err/s: 0.00 reconn/s: 0.00
[ 238s ] thds: 128 tps: 3800.40 qps: 3800.40 (r/w/o: 0.00/3713.39/87.01) lat (ms,95%): 40.37 err/s: 0.00 reconn/s: 0.00
[ 239s ] thds: 128 tps: 3767.42 qps: 3767.42 (r/w/o: 0.00/3695.43/71.99) lat (ms,95%): 44.98 err/s: 0.00 reconn/s: 0.00
[ 240s ] thds: 128 tps: 3663.80 qps: 3663.80 (r/w/o: 0.00/3580.79/83.02) lat (ms,95%): 45.79 err/s: 0.00 reconn/s: 0.00
Latency histogram (values are in milliseconds)
       value  ------------- distribution ------------- count
       4.910 |                                         1
       5.183 |                                         4
       5.277 |                                         7
       5.373 |                                         8
       5.470 |                                         7
       5.570 |                                         16
       5.671 |                                         36
       5.774 |                                         66
       5.879 |                                         116
       5.986 |                                         133
       6.095 |                                         207
       6.205 |                                         315
       6.318 |                                         474
       6.433 |                                         571
       6.550 |                                         539
       6.669 |                                         601
       6.790 |*                                        816
       6.913 |*                                        952
       7.039 |*                                        1218
       7.167 |*                                        1414
       7.297 |**                                       2109
       7.430 |**                                       2260
       7.565 |*                                        1937
       7.702 |*                                        1528
       7.842 |*                                        1441
       7.985 |*                                        1298
       8.130 |*                                        1225
       8.277 |*                                        1335
       8.428 |*                                        1500
       8.581 |*                                        1281
       8.737 |*                                        919
       8.895 |*                                        710
       9.057 |                                         522
       9.222 |                                         417
       9.389 |                                         419
       9.560 |                                         349
       9.734 |                                         207
       9.910 |                                         154
      10.090 |                                         97
      10.274 |                                         69
      10.460 |                                         73
      10.651 |                                         42
      10.844 |                                         27
      11.041 |                                         22
      11.242 |                                         12
      11.446 |                                         9
      11.654 |                                         7
      11.866 |                                         6
      12.081 |                                         4
      12.301 |                                         3
      12.524 |                                         6
      12.752 |                                         2
      12.984 |                                         2
      13.704 |                                         4
      13.953 |                                         2
      14.207 |                                         2
      14.465 |                                         3
      14.728 |                                         1
      14.995 |                                         2
      15.268 |                                         3
      15.545 |                                         2
      15.828 |                                         4
      16.115 |                                         1
      16.408 |                                         2
      16.706 |                                         5
      17.010 |                                         2
      17.319 |                                         2
      17.633 |                                         2
      17.954 |                                         4
      18.280 |                                         5
      18.612 |                                         6
      18.950 |                                         6
      19.295 |                                         3
      19.645 |                                         4
      20.002 |                                         15
      20.366 |                                         16
      20.736 |                                         37
      21.112 |                                         67
      21.496 |                                         87
      21.886 |                                         258
      22.284 |                                         534
      22.689 |*                                        827
      23.101 |*                                        1788
      23.521 |**                                       2521
      23.948 |***                                      4218
      24.384 |*****                                    7172
      24.827 |******                                   8372
      25.278 |***********                              15029
      25.737 |***********                              15542
      26.205 |***************                          20641
      26.681 |*****************                        23134
      27.165 |***************                          20453
      27.659 |*****************                        23847
      28.162 |***************                          21054
      28.673 |*******************                      26678
      29.194 |******************                       25175
      29.725 |***********************                  31680
      30.265 |*********************                    29422
      30.815 |****************************             38645
      31.375 |*******************************          42360
      31.945 |**************************************** 54919
      32.525 |***************************************  53227
      33.116 |************************************     49945
      33.718 |**********************************       46211
      34.330 |*************************                34272
      34.954 |***************************              36705
      35.589 |*******************                      25476
      36.236 |*****************                        23633
      36.894 |*************                            17800
      37.565 |**********                               13168
      38.247 |**********                               13146
      38.942 |*********                                12183
      39.650 |*******                                  10232
      40.370 |*********                                12122
      41.104 |*********                                12313
      41.851 |*******                                  9980
      42.611 |*******                                  10095
      43.385 |*******                                  9535
      44.173 |******                                   7699
      44.976 |****                                     5950
      45.793 |****                                     5822
      46.625 |****                                     4879
      47.472 |****                                     5091
      48.335 |****                                     5979
      49.213 |****                                     5054
      50.107 |***                                      3452
      51.018 |**                                       2772
      51.945 |*                                        2038
      52.889 |*                                        1323
      53.850 |*                                        1436
      54.828 |*                                        1635
      55.824 |*                                        1476
      56.839 |*                                        874
      57.871 |                                         664
      58.923 |                                         601
      59.993 |                                         633
      61.083 |*                                        783
      62.193 |                                         646
      63.323 |                                         291
      64.474 |                                         432
      65.645 |                                         535
      66.838 |                                         222
      68.053 |                                         207
      69.289 |                                         345
      70.548 |*                                        1024
      71.830 |*                                        728
      73.135 |                                         389
      74.464 |*                                        889
      75.817 |*                                        952
      77.194 |*                                        924
      78.597 |*                                        885
      80.025 |                                         429
      81.479 |                                         479
      82.959 |                                         444
      84.467 |                                         353
      86.002 |*                                        781
      87.564 |                                         640
      89.155 |                                         187
      90.775 |                                         244
      92.424 |*                                        739
      94.104 |                                         246
      95.814 |                                         48
      97.555 |                                         43
      99.327 |                                         22
     101.132 |                                         180
     102.969 |                                         566
     104.840 |                                         360
     106.745 |                                         266
     108.685 |                                         249
     110.659 |                                         199
     112.670 |                                         20
     114.717 |                                         170
     116.802 |                                         192
     118.924 |                                         33
     121.085 |                                         254
     123.285 |                                         174
     125.525 |                                         500
     127.805 |                                         298
     130.128 |                                         53
     132.492 |                                         3
     134.899 |                                         106
     137.350 |                                         193
     139.846 |                                         10
     142.387 |                                         5
     144.974 |                                         94
     147.608 |                                         442
     150.290 |                                         286
     153.021 |                                         42
     155.801 |                                         4
     158.632 |                                         3
     161.514 |                                         4
     164.449 |                                         5
     167.437 |                                         5
     170.479 |                                         2
     173.577 |                                         3
     176.731 |                                         2
     183.211 |                                         3
     189.929 |                                         96
     193.380 |                                         95
     196.894 |                                         8
     200.472 |                                         132
     204.114 |                                         43
     207.823 |                                         1
     211.599 |                                         1
     215.443 |                                         1
     223.344 |                                         1
     227.402 |                                         1
     231.534 |                                         1
     240.024 |                                         2
     248.825 |                                         1
     253.346 |                                         1
     262.636 |                                         1
     277.214 |                                         1
     292.601 |                                         2
     314.453 |                                         1
     320.167 |                                         1
     325.984 |                                         89
     331.907 |                                         18
     337.938 |                                         1
     350.330 |                                         1
     356.695 |                                         1
     363.176 |                                         1
     376.494 |                                         1
     383.334 |                                         72
     390.299 |                                         31
     397.391 |                                         5
     411.963 |                                         1
     419.448 |                                         1
     427.069 |                                         1
     484.439 |                                         1
     502.204 |                                         1
 
SQL statistics:
    queries performed:
        read:                            0
        write:                           888912
        other:                           19809
        total:                           908721
    transactions:                        908721 (3785.08 per sec.)
    queries:                             908721 (3785.08 per sec.)
    ignored errors:                      0      (0.00 per sec.)
    reconnects:                          0      (0.00 per sec.)

Throughput:
    events/s (eps):                      3785.0821
    time elapsed:                        240.0800s
    total number of events:              908721

Latency (ms):
         min:                                    4.87
         avg:                                   33.81
         max:                                  502.34
         95th percentile:                       48.34
         sum:                             30722878.71

Threads fairness:
    events (avg/stddev):           7099.3359/824.85
    execution time (avg/stddev):   240.0225/0.02

