sysbench 1.1.0-3ceba0b (using bundled LuaJIT 2.1.0-beta3)

Running the test with following options:
Number of threads: 1024
Warmup time: 60s
Report intermediate results every 1 second(s)
Initializing random number generator from current time


Initializing worker threads...

Threads started!

Warming up for 60 seconds...

[ 1s ] thds: 1024 tps: 18409.84 qps: 18409.84 (r/w/o: 18409.84/0.00/0.00) lat (ms,95%): 147.61 err/s: 0.00 reconn/s: 0.00
[ 2s ] thds: 1024 tps: 18931.38 qps: 18931.38 (r/w/o: 18931.38/0.00/0.00) lat (ms,95%): 150.29 err/s: 0.00 reconn/s: 0.00
[ 3s ] thds: 1024 tps: 19041.74 qps: 19041.74 (r/w/o: 19041.74/0.00/0.00) lat (ms,95%): 147.61 err/s: 0.00 reconn/s: 0.00
[ 4s ] thds: 1024 tps: 19082.26 qps: 19082.26 (r/w/o: 19082.26/0.00/0.00) lat (ms,95%): 147.61 err/s: 0.00 reconn/s: 0.00
[ 5s ] thds: 1024 tps: 18725.37 qps: 18725.37 (r/w/o: 18725.37/0.00/0.00) lat (ms,95%): 147.61 err/s: 0.00 reconn/s: 0.00
[ 6s ] thds: 1024 tps: 18896.27 qps: 18895.27 (r/w/o: 18895.27/0.00/0.00) lat (ms,95%): 147.61 err/s: 0.00 reconn/s: 0.00
[ 7s ] thds: 1024 tps: 18994.06 qps: 18995.06 (r/w/o: 18995.06/0.00/0.00) lat (ms,95%): 150.29 err/s: 0.00 reconn/s: 0.00
[ 8s ] thds: 1024 tps: 19100.19 qps: 19100.19 (r/w/o: 19100.19/0.00/0.00) lat (ms,95%): 147.61 err/s: 0.00 reconn/s: 0.00
[ 9s ] thds: 1024 tps: 18915.69 qps: 18915.69 (r/w/o: 18915.69/0.00/0.00) lat (ms,95%): 147.61 err/s: 0.00 reconn/s: 0.00
[ 10s ] thds: 1024 tps: 19466.66 qps: 19466.66 (r/w/o: 19466.66/0.00/0.00) lat (ms,95%): 147.61 err/s: 0.00 reconn/s: 0.00
[ 11s ] thds: 1024 tps: 18915.39 qps: 18915.39 (r/w/o: 18915.39/0.00/0.00) lat (ms,95%): 147.61 err/s: 0.00 reconn/s: 0.00
[ 12s ] thds: 1024 tps: 19223.03 qps: 19223.03 (r/w/o: 19223.03/0.00/0.00) lat (ms,95%): 147.61 err/s: 0.00 reconn/s: 0.00
[ 13s ] thds: 1024 tps: 18817.14 qps: 18817.14 (r/w/o: 18817.14/0.00/0.00) lat (ms,95%): 147.61 err/s: 0.00 reconn/s: 0.00
[ 14s ] thds: 1024 tps: 18964.74 qps: 18964.74 (r/w/o: 18964.74/0.00/0.00) lat (ms,95%): 150.29 err/s: 0.00 reconn/s: 0.00
[ 15s ] thds: 1024 tps: 18940.23 qps: 18941.23 (r/w/o: 18941.23/0.00/0.00) lat (ms,95%): 147.61 err/s: 0.00 reconn/s: 0.00
[ 16s ] thds: 1024 tps: 18974.37 qps: 18972.37 (r/w/o: 18972.37/0.00/0.00) lat (ms,95%): 150.29 err/s: 0.00 reconn/s: 0.00
[ 17s ] thds: 1024 tps: 19057.75 qps: 19058.75 (r/w/o: 19058.75/0.00/0.00) lat (ms,95%): 150.29 err/s: 0.00 reconn/s: 0.00
[ 18s ] thds: 1024 tps: 19366.08 qps: 19366.08 (r/w/o: 19366.08/0.00/0.00) lat (ms,95%): 150.29 err/s: 0.00 reconn/s: 0.00
[ 19s ] thds: 1024 tps: 19021.13 qps: 19022.13 (r/w/o: 19022.13/0.00/0.00) lat (ms,95%): 147.61 err/s: 0.00 reconn/s: 0.00
[ 20s ] thds: 1024 tps: 18886.72 qps: 18885.72 (r/w/o: 18885.72/0.00/0.00) lat (ms,95%): 147.61 err/s: 0.00 reconn/s: 0.00
[ 21s ] thds: 1024 tps: 19146.47 qps: 19146.47 (r/w/o: 19146.47/0.00/0.00) lat (ms,95%): 147.61 err/s: 0.00 reconn/s: 0.00
[ 22s ] thds: 1024 tps: 19009.60 qps: 19009.60 (r/w/o: 19009.60/0.00/0.00) lat (ms,95%): 144.97 err/s: 0.00 reconn/s: 0.00
[ 23s ] thds: 1024 tps: 19206.17 qps: 19206.17 (r/w/o: 19206.17/0.00/0.00) lat (ms,95%): 147.61 err/s: 0.00 reconn/s: 0.00
[ 24s ] thds: 1024 tps: 19070.13 qps: 19070.13 (r/w/o: 19070.13/0.00/0.00) lat (ms,95%): 147.61 err/s: 0.00 reconn/s: 0.00
[ 25s ] thds: 1024 tps: 18797.95 qps: 18797.95 (r/w/o: 18797.95/0.00/0.00) lat (ms,95%): 150.29 err/s: 0.00 reconn/s: 0.00
[ 26s ] thds: 1024 tps: 18897.62 qps: 18897.62 (r/w/o: 18897.62/0.00/0.00) lat (ms,95%): 147.61 err/s: 0.00 reconn/s: 0.00
[ 27s ] thds: 1024 tps: 19221.20 qps: 19221.20 (r/w/o: 19221.20/0.00/0.00) lat (ms,95%): 147.61 err/s: 0.00 reconn/s: 0.00
[ 28s ] thds: 1024 tps: 19072.36 qps: 19072.36 (r/w/o: 19072.36/0.00/0.00) lat (ms,95%): 147.61 err/s: 0.00 reconn/s: 0.00
[ 29s ] thds: 1024 tps: 18889.74 qps: 18889.74 (r/w/o: 18889.74/0.00/0.00) lat (ms,95%): 147.61 err/s: 0.00 reconn/s: 0.00
[ 30s ] thds: 1024 tps: 18876.21 qps: 18875.21 (r/w/o: 18875.21/0.00/0.00) lat (ms,95%): 147.61 err/s: 0.00 reconn/s: 0.00
[ 31s ] thds: 1024 tps: 19232.87 qps: 19233.87 (r/w/o: 19233.87/0.00/0.00) lat (ms,95%): 147.61 err/s: 0.00 reconn/s: 0.00
[ 32s ] thds: 1024 tps: 18874.15 qps: 18874.15 (r/w/o: 18874.15/0.00/0.00) lat (ms,95%): 147.61 err/s: 0.00 reconn/s: 0.00
[ 33s ] thds: 1024 tps: 19095.42 qps: 19095.42 (r/w/o: 19095.42/0.00/0.00) lat (ms,95%): 147.61 err/s: 0.00 reconn/s: 0.00
[ 34s ] thds: 1024 tps: 19039.08 qps: 19039.08 (r/w/o: 19039.08/0.00/0.00) lat (ms,95%): 147.61 err/s: 0.00 reconn/s: 0.00
[ 35s ] thds: 1024 tps: 19363.73 qps: 19363.73 (r/w/o: 19363.73/0.00/0.00) lat (ms,95%): 147.61 err/s: 0.00 reconn/s: 0.00
[ 36s ] thds: 1024 tps: 19026.99 qps: 19025.99 (r/w/o: 19025.99/0.00/0.00) lat (ms,95%): 150.29 err/s: 0.00 reconn/s: 0.00
[ 37s ] thds: 1024 tps: 19256.47 qps: 19256.47 (r/w/o: 19256.47/0.00/0.00) lat (ms,95%): 150.29 err/s: 0.00 reconn/s: 0.00
[ 38s ] thds: 1024 tps: 18869.61 qps: 18870.61 (r/w/o: 18870.61/0.00/0.00) lat (ms,95%): 147.61 err/s: 0.00 reconn/s: 0.00
[ 39s ] thds: 1024 tps: 19068.18 qps: 19068.18 (r/w/o: 19068.18/0.00/0.00) lat (ms,95%): 147.61 err/s: 0.00 reconn/s: 0.00
[ 40s ] thds: 1024 tps: 19276.84 qps: 19275.84 (r/w/o: 19275.84/0.00/0.00) lat (ms,95%): 144.97 err/s: 0.00 reconn/s: 0.00
[ 41s ] thds: 1024 tps: 18875.93 qps: 18876.93 (r/w/o: 18876.93/0.00/0.00) lat (ms,95%): 150.29 err/s: 0.00 reconn/s: 0.00
[ 42s ] thds: 1024 tps: 18581.47 qps: 18581.47 (r/w/o: 18581.47/0.00/0.00) lat (ms,95%): 150.29 err/s: 0.00 reconn/s: 0.00
[ 43s ] thds: 1024 tps: 19013.57 qps: 19013.57 (r/w/o: 19013.57/0.00/0.00) lat (ms,95%): 147.61 err/s: 0.00 reconn/s: 0.00
[ 44s ] thds: 1024 tps: 18868.62 qps: 18868.62 (r/w/o: 18868.62/0.00/0.00) lat (ms,95%): 147.61 err/s: 0.00 reconn/s: 0.00
[ 45s ] thds: 1024 tps: 18925.66 qps: 18925.66 (r/w/o: 18925.66/0.00/0.00) lat (ms,95%): 150.29 err/s: 0.00 reconn/s: 0.00
[ 46s ] thds: 1024 tps: 19011.93 qps: 19011.93 (r/w/o: 19011.93/0.00/0.00) lat (ms,95%): 150.29 err/s: 0.00 reconn/s: 0.00
[ 47s ] thds: 1024 tps: 18708.86 qps: 18708.86 (r/w/o: 18708.86/0.00/0.00) lat (ms,95%): 150.29 err/s: 0.00 reconn/s: 0.00
[ 48s ] thds: 1024 tps: 18935.06 qps: 18935.06 (r/w/o: 18935.06/0.00/0.00) lat (ms,95%): 147.61 err/s: 0.00 reconn/s: 0.00
[ 49s ] thds: 1024 tps: 19147.88 qps: 19147.88 (r/w/o: 19147.88/0.00/0.00) lat (ms,95%): 144.97 err/s: 0.00 reconn/s: 0.00
[ 50s ] thds: 1024 tps: 18987.38 qps: 18987.38 (r/w/o: 18987.38/0.00/0.00) lat (ms,95%): 147.61 err/s: 0.00 reconn/s: 0.00
[ 51s ] thds: 1024 tps: 19174.20 qps: 19174.20 (r/w/o: 19174.20/0.00/0.00) lat (ms,95%): 147.61 err/s: 0.00 reconn/s: 0.00
[ 52s ] thds: 1024 tps: 19228.93 qps: 19228.93 (r/w/o: 19228.93/0.00/0.00) lat (ms,95%): 147.61 err/s: 0.00 reconn/s: 0.00
[ 53s ] thds: 1024 tps: 19104.28 qps: 19104.28 (r/w/o: 19104.28/0.00/0.00) lat (ms,95%): 147.61 err/s: 0.00 reconn/s: 0.00
[ 54s ] thds: 1024 tps: 19003.92 qps: 19003.92 (r/w/o: 19003.92/0.00/0.00) lat (ms,95%): 147.61 err/s: 0.00 reconn/s: 0.00
[ 55s ] thds: 1024 tps: 19182.35 qps: 19182.35 (r/w/o: 19182.35/0.00/0.00) lat (ms,95%): 150.29 err/s: 0.00 reconn/s: 0.00
[ 56s ] thds: 1024 tps: 19131.43 qps: 19131.43 (r/w/o: 19131.43/0.00/0.00) lat (ms,95%): 147.61 err/s: 0.00 reconn/s: 0.00
[ 57s ] thds: 1024 tps: 19166.80 qps: 19166.80 (r/w/o: 19166.80/0.00/0.00) lat (ms,95%): 147.61 err/s: 0.00 reconn/s: 0.00
[ 58s ] thds: 1024 tps: 18871.20 qps: 18870.20 (r/w/o: 18870.20/0.00/0.00) lat (ms,95%): 144.97 err/s: 0.00 reconn/s: 0.00
[ 59s ] thds: 1024 tps: 18716.95 qps: 18717.95 (r/w/o: 18717.95/0.00/0.00) lat (ms,95%): 150.29 err/s: 0.00 reconn/s: 0.00
[ 60s ] thds: 1024 tps: 19049.05 qps: 19049.05 (r/w/o: 19049.05/0.00/0.00) lat (ms,95%): 147.61 err/s: 0.00 reconn/s: 0.00
[ 61s ] thds: 1024 tps: 18765.74 qps: 18764.74 (r/w/o: 18764.74/0.00/0.00) lat (ms,95%): 150.29 err/s: 0.00 reconn/s: 0.00
[ 62s ] thds: 1024 tps: 18983.89 qps: 18984.89 (r/w/o: 18984.89/0.00/0.00) lat (ms,95%): 147.61 err/s: 0.00 reconn/s: 0.00
[ 63s ] thds: 1024 tps: 19180.08 qps: 19179.08 (r/w/o: 19179.08/0.00/0.00) lat (ms,95%): 150.29 err/s: 0.00 reconn/s: 0.00
[ 64s ] thds: 1024 tps: 18834.07 qps: 18835.07 (r/w/o: 18835.07/0.00/0.00) lat (ms,95%): 150.29 err/s: 0.00 reconn/s: 0.00
[ 65s ] thds: 1024 tps: 18696.32 qps: 18696.32 (r/w/o: 18696.32/0.00/0.00) lat (ms,95%): 147.61 err/s: 0.00 reconn/s: 0.00
[ 66s ] thds: 1024 tps: 18752.17 qps: 18752.17 (r/w/o: 18752.17/0.00/0.00) lat (ms,95%): 147.61 err/s: 0.00 reconn/s: 0.00
[ 67s ] thds: 1024 tps: 19034.92 qps: 19034.92 (r/w/o: 19034.92/0.00/0.00) lat (ms,95%): 147.61 err/s: 0.00 reconn/s: 0.00
[ 68s ] thds: 1024 tps: 19469.39 qps: 19469.39 (r/w/o: 19469.39/0.00/0.00) lat (ms,95%): 147.61 err/s: 0.00 reconn/s: 0.00
[ 69s ] thds: 1024 tps: 19234.14 qps: 19233.14 (r/w/o: 19233.14/0.00/0.00) lat (ms,95%): 147.61 err/s: 0.00 reconn/s: 0.00
[ 70s ] thds: 1024 tps: 19150.90 qps: 19151.90 (r/w/o: 19151.90/0.00/0.00) lat (ms,95%): 147.61 err/s: 0.00 reconn/s: 0.00
[ 71s ] thds: 1024 tps: 19102.09 qps: 19102.09 (r/w/o: 19102.09/0.00/0.00) lat (ms,95%): 147.61 err/s: 0.00 reconn/s: 0.00
[ 72s ] thds: 1024 tps: 18695.30 qps: 18694.30 (r/w/o: 18694.30/0.00/0.00) lat (ms,95%): 150.29 err/s: 0.00 reconn/s: 0.00
[ 73s ] thds: 1024 tps: 19261.74 qps: 19262.74 (r/w/o: 19262.74/0.00/0.00) lat (ms,95%): 147.61 err/s: 0.00 reconn/s: 0.00
[ 74s ] thds: 1024 tps: 18881.92 qps: 18881.92 (r/w/o: 18881.92/0.00/0.00) lat (ms,95%): 147.61 err/s: 0.00 reconn/s: 0.00
[ 75s ] thds: 1024 tps: 19174.49 qps: 19174.49 (r/w/o: 19174.49/0.00/0.00) lat (ms,95%): 147.61 err/s: 0.00 reconn/s: 0.00
[ 76s ] thds: 1024 tps: 18838.71 qps: 18838.71 (r/w/o: 18838.71/0.00/0.00) lat (ms,95%): 147.61 err/s: 0.00 reconn/s: 0.00
[ 77s ] thds: 1024 tps: 18708.77 qps: 18708.77 (r/w/o: 18708.77/0.00/0.00) lat (ms,95%): 147.61 err/s: 0.00 reconn/s: 0.00
[ 78s ] thds: 1024 tps: 19082.58 qps: 19082.58 (r/w/o: 19082.58/0.00/0.00) lat (ms,95%): 147.61 err/s: 0.00 reconn/s: 0.00
[ 79s ] thds: 1024 tps: 18997.74 qps: 18997.74 (r/w/o: 18997.74/0.00/0.00) lat (ms,95%): 147.61 err/s: 0.00 reconn/s: 0.00
[ 80s ] thds: 1024 tps: 18924.89 qps: 18924.89 (r/w/o: 18924.89/0.00/0.00) lat (ms,95%): 147.61 err/s: 0.00 reconn/s: 0.00
[ 81s ] thds: 1024 tps: 19316.87 qps: 19315.87 (r/w/o: 19315.87/0.00/0.00) lat (ms,95%): 147.61 err/s: 0.00 reconn/s: 0.00
[ 82s ] thds: 1024 tps: 19021.60 qps: 19022.60 (r/w/o: 19022.60/0.00/0.00) lat (ms,95%): 147.61 err/s: 0.00 reconn/s: 0.00
[ 83s ] thds: 1024 tps: 18951.80 qps: 18951.80 (r/w/o: 18951.80/0.00/0.00) lat (ms,95%): 150.29 err/s: 0.00 reconn/s: 0.00
[ 84s ] thds: 1024 tps: 19084.32 qps: 19084.32 (r/w/o: 19084.32/0.00/0.00) lat (ms,95%): 147.61 err/s: 0.00 reconn/s: 0.00
[ 85s ] thds: 1024 tps: 18701.01 qps: 18701.01 (r/w/o: 18701.01/0.00/0.00) lat (ms,95%): 147.61 err/s: 0.00 reconn/s: 0.00
[ 86s ] thds: 1024 tps: 19115.00 qps: 19115.00 (r/w/o: 19115.00/0.00/0.00) lat (ms,95%): 147.61 err/s: 0.00 reconn/s: 0.00
[ 87s ] thds: 1024 tps: 18747.75 qps: 18746.75 (r/w/o: 18746.75/0.00/0.00) lat (ms,95%): 150.29 err/s: 0.00 reconn/s: 0.00
[ 88s ] thds: 1024 tps: 18610.19 qps: 18611.19 (r/w/o: 18611.19/0.00/0.00) lat (ms,95%): 150.29 err/s: 0.00 reconn/s: 0.00
[ 89s ] thds: 1024 tps: 18679.17 qps: 18679.17 (r/w/o: 18679.17/0.00/0.00) lat (ms,95%): 147.61 err/s: 0.00 reconn/s: 0.00
[ 90s ] thds: 1024 tps: 18903.98 qps: 18903.98 (r/w/o: 18903.98/0.00/0.00) lat (ms,95%): 147.61 err/s: 0.00 reconn/s: 0.00
[ 91s ] thds: 1024 tps: 18802.81 qps: 18802.81 (r/w/o: 18802.81/0.00/0.00) lat (ms,95%): 147.61 err/s: 0.00 reconn/s: 0.00
[ 92s ] thds: 1024 tps: 19055.32 qps: 19055.32 (r/w/o: 19055.32/0.00/0.00) lat (ms,95%): 147.61 err/s: 0.00 reconn/s: 0.00
[ 93s ] thds: 1024 tps: 19093.68 qps: 19093.68 (r/w/o: 19093.68/0.00/0.00) lat (ms,95%): 147.61 err/s: 0.00 reconn/s: 0.00
[ 94s ] thds: 1024 tps: 18699.84 qps: 18699.84 (r/w/o: 18699.84/0.00/0.00) lat (ms,95%): 147.61 err/s: 0.00 reconn/s: 0.00
[ 95s ] thds: 1024 tps: 18723.65 qps: 18723.65 (r/w/o: 18723.65/0.00/0.00) lat (ms,95%): 150.29 err/s: 0.00 reconn/s: 0.00
[ 96s ] thds: 1024 tps: 18770.10 qps: 18770.10 (r/w/o: 18770.10/0.00/0.00) lat (ms,95%): 150.29 err/s: 0.00 reconn/s: 0.00
[ 97s ] thds: 1024 tps: 18833.43 qps: 18833.43 (r/w/o: 18833.43/0.00/0.00) lat (ms,95%): 147.61 err/s: 0.00 reconn/s: 0.00
[ 98s ] thds: 1024 tps: 18958.74 qps: 18958.74 (r/w/o: 18958.74/0.00/0.00) lat (ms,95%): 150.29 err/s: 0.00 reconn/s: 0.00
[ 99s ] thds: 1024 tps: 19020.50 qps: 19020.50 (r/w/o: 19020.50/0.00/0.00) lat (ms,95%): 150.29 err/s: 0.00 reconn/s: 0.00
[ 100s ] thds: 1024 tps: 18866.54 qps: 18866.54 (r/w/o: 18866.54/0.00/0.00) lat (ms,95%): 150.29 err/s: 0.00 reconn/s: 0.00
[ 101s ] thds: 1024 tps: 18873.82 qps: 18873.82 (r/w/o: 18873.82/0.00/0.00) lat (ms,95%): 147.61 err/s: 0.00 reconn/s: 0.00
[ 102s ] thds: 1024 tps: 18765.52 qps: 18765.52 (r/w/o: 18765.52/0.00/0.00) lat (ms,95%): 150.29 err/s: 0.00 reconn/s: 0.00
[ 103s ] thds: 1024 tps: 18773.83 qps: 18772.83 (r/w/o: 18772.83/0.00/0.00) lat (ms,95%): 147.61 err/s: 0.00 reconn/s: 0.00
[ 104s ] thds: 1024 tps: 18889.92 qps: 18890.92 (r/w/o: 18890.92/0.00/0.00) lat (ms,95%): 147.61 err/s: 0.00 reconn/s: 0.00
[ 105s ] thds: 1024 tps: 18629.28 qps: 18629.28 (r/w/o: 18629.28/0.00/0.00) lat (ms,95%): 150.29 err/s: 0.00 reconn/s: 0.00
[ 106s ] thds: 1024 tps: 18965.60 qps: 18965.60 (r/w/o: 18965.60/0.00/0.00) lat (ms,95%): 147.61 err/s: 0.00 reconn/s: 0.00
[ 107s ] thds: 1024 tps: 19088.13 qps: 19088.13 (r/w/o: 19088.13/0.00/0.00) lat (ms,95%): 150.29 err/s: 0.00 reconn/s: 0.00
[ 108s ] thds: 1024 tps: 18986.36 qps: 18986.36 (r/w/o: 18986.36/0.00/0.00) lat (ms,95%): 150.29 err/s: 0.00 reconn/s: 0.00
[ 109s ] thds: 1024 tps: 18801.13 qps: 18800.13 (r/w/o: 18800.13/0.00/0.00) lat (ms,95%): 147.61 err/s: 0.00 reconn/s: 0.00
[ 110s ] thds: 1024 tps: 18965.44 qps: 18966.44 (r/w/o: 18966.44/0.00/0.00) lat (ms,95%): 147.61 err/s: 0.00 reconn/s: 0.00
[ 111s ] thds: 1024 tps: 18971.02 qps: 18971.02 (r/w/o: 18971.02/0.00/0.00) lat (ms,95%): 150.29 err/s: 0.00 reconn/s: 0.00
[ 112s ] thds: 1024 tps: 19110.14 qps: 19110.14 (r/w/o: 19110.14/0.00/0.00) lat (ms,95%): 147.61 err/s: 0.00 reconn/s: 0.00
[ 113s ] thds: 1024 tps: 18680.66 qps: 18680.66 (r/w/o: 18680.66/0.00/0.00) lat (ms,95%): 150.29 err/s: 0.00 reconn/s: 0.00
[ 114s ] thds: 1024 tps: 19099.22 qps: 19099.22 (r/w/o: 19099.22/0.00/0.00) lat (ms,95%): 150.29 err/s: 0.00 reconn/s: 0.00
[ 115s ] thds: 1024 tps: 18816.15 qps: 18815.15 (r/w/o: 18815.15/0.00/0.00) lat (ms,95%): 150.29 err/s: 0.00 reconn/s: 0.00
[ 116s ] thds: 1024 tps: 18940.34 qps: 18941.34 (r/w/o: 18941.34/0.00/0.00) lat (ms,95%): 147.61 err/s: 0.00 reconn/s: 0.00
[ 117s ] thds: 1024 tps: 18968.47 qps: 18968.47 (r/w/o: 18968.47/0.00/0.00) lat (ms,95%): 150.29 err/s: 0.00 reconn/s: 0.00
[ 118s ] thds: 1024 tps: 18901.88 qps: 18901.88 (r/w/o: 18901.88/0.00/0.00) lat (ms,95%): 150.29 err/s: 0.00 reconn/s: 0.00
[ 119s ] thds: 1024 tps: 18973.14 qps: 18973.14 (r/w/o: 18973.14/0.00/0.00) lat (ms,95%): 147.61 err/s: 0.00 reconn/s: 0.00
[ 120s ] thds: 1024 tps: 19040.36 qps: 19040.36 (r/w/o: 19040.36/0.00/0.00) lat (ms,95%): 150.29 err/s: 0.00 reconn/s: 0.00
[ 121s ] thds: 1024 tps: 19072.50 qps: 19071.50 (r/w/o: 19071.50/0.00/0.00) lat (ms,95%): 147.61 err/s: 0.00 reconn/s: 0.00
[ 122s ] thds: 1024 tps: 18387.89 qps: 18388.89 (r/w/o: 18388.89/0.00/0.00) lat (ms,95%): 147.61 err/s: 0.00 reconn/s: 0.00
[ 123s ] thds: 1024 tps: 18352.38 qps: 18351.38 (r/w/o: 18351.38/0.00/0.00) lat (ms,95%): 153.02 err/s: 0.00 reconn/s: 0.00
[ 124s ] thds: 1024 tps: 18032.80 qps: 18033.80 (r/w/o: 18033.80/0.00/0.00) lat (ms,95%): 155.80 err/s: 0.00 reconn/s: 0.00
[ 125s ] thds: 1024 tps: 18064.85 qps: 18064.85 (r/w/o: 18064.85/0.00/0.00) lat (ms,95%): 155.80 err/s: 0.00 reconn/s: 0.00
[ 126s ] thds: 1024 tps: 18536.89 qps: 18536.89 (r/w/o: 18536.89/0.00/0.00) lat (ms,95%): 155.80 err/s: 0.00 reconn/s: 0.00
[ 127s ] thds: 1024 tps: 18264.50 qps: 18264.50 (r/w/o: 18264.50/0.00/0.00) lat (ms,95%): 153.02 err/s: 0.00 reconn/s: 0.00
[ 128s ] thds: 1024 tps: 18459.79 qps: 18459.79 (r/w/o: 18459.79/0.00/0.00) lat (ms,95%): 158.63 err/s: 0.00 reconn/s: 0.00
[ 129s ] thds: 1024 tps: 18426.76 qps: 18426.76 (r/w/o: 18426.76/0.00/0.00) lat (ms,95%): 153.02 err/s: 0.00 reconn/s: 0.00
[ 130s ] thds: 1024 tps: 17817.80 qps: 17817.80 (r/w/o: 17817.80/0.00/0.00) lat (ms,95%): 155.80 err/s: 0.00 reconn/s: 0.00
[ 131s ] thds: 1024 tps: 18624.75 qps: 18624.75 (r/w/o: 18624.75/0.00/0.00) lat (ms,95%): 153.02 err/s: 0.00 reconn/s: 0.00
[ 132s ] thds: 1024 tps: 17869.60 qps: 17869.60 (r/w/o: 17869.60/0.00/0.00) lat (ms,95%): 161.51 err/s: 0.00 reconn/s: 0.00
[ 133s ] thds: 1024 tps: 18124.14 qps: 18124.14 (r/w/o: 18124.14/0.00/0.00) lat (ms,95%): 155.80 err/s: 0.00 reconn/s: 0.00
[ 134s ] thds: 1024 tps: 18318.41 qps: 18318.41 (r/w/o: 18318.41/0.00/0.00) lat (ms,95%): 153.02 err/s: 0.00 reconn/s: 0.00
[ 135s ] thds: 1024 tps: 18820.53 qps: 18820.53 (r/w/o: 18820.53/0.00/0.00) lat (ms,95%): 153.02 err/s: 0.00 reconn/s: 0.00
[ 136s ] thds: 1024 tps: 18191.85 qps: 18190.85 (r/w/o: 18190.85/0.00/0.00) lat (ms,95%): 153.02 err/s: 0.00 reconn/s: 0.00
[ 137s ] thds: 1024 tps: 18432.87 qps: 18433.87 (r/w/o: 18433.87/0.00/0.00) lat (ms,95%): 153.02 err/s: 0.00 reconn/s: 0.00
[ 138s ] thds: 1024 tps: 18998.18 qps: 18998.18 (r/w/o: 18998.18/0.00/0.00) lat (ms,95%): 150.29 err/s: 0.00 reconn/s: 0.00
[ 139s ] thds: 1024 tps: 18336.02 qps: 18336.02 (r/w/o: 18336.02/0.00/0.00) lat (ms,95%): 150.29 err/s: 0.00 reconn/s: 0.00
[ 140s ] thds: 1024 tps: 18318.73 qps: 18318.73 (r/w/o: 18318.73/0.00/0.00) lat (ms,95%): 153.02 err/s: 0.00 reconn/s: 0.00
[ 141s ] thds: 1024 tps: 18339.07 qps: 18339.07 (r/w/o: 18339.07/0.00/0.00) lat (ms,95%): 153.02 err/s: 0.00 reconn/s: 0.00
[ 142s ] thds: 1024 tps: 18497.02 qps: 18497.02 (r/w/o: 18497.02/0.00/0.00) lat (ms,95%): 153.02 err/s: 0.00 reconn/s: 0.00
[ 143s ] thds: 1024 tps: 18617.46 qps: 18617.46 (r/w/o: 18617.46/0.00/0.00) lat (ms,95%): 153.02 err/s: 0.00 reconn/s: 0.00
[ 144s ] thds: 1024 tps: 18418.70 qps: 18418.70 (r/w/o: 18418.70/0.00/0.00) lat (ms,95%): 150.29 err/s: 0.00 reconn/s: 0.00
[ 145s ] thds: 1024 tps: 18694.49 qps: 18694.49 (r/w/o: 18694.49/0.00/0.00) lat (ms,95%): 150.29 err/s: 0.00 reconn/s: 0.00
[ 146s ] thds: 1024 tps: 19213.34 qps: 19212.34 (r/w/o: 19212.34/0.00/0.00) lat (ms,95%): 150.29 err/s: 0.00 reconn/s: 0.00
[ 147s ] thds: 1024 tps: 18562.23 qps: 18563.23 (r/w/o: 18563.23/0.00/0.00) lat (ms,95%): 150.29 err/s: 0.00 reconn/s: 0.00
[ 148s ] thds: 1024 tps: 18670.18 qps: 18670.18 (r/w/o: 18670.18/0.00/0.00) lat (ms,95%): 150.29 err/s: 0.00 reconn/s: 0.00
[ 149s ] thds: 1024 tps: 19150.97 qps: 19150.97 (r/w/o: 19150.97/0.00/0.00) lat (ms,95%): 147.61 err/s: 0.00 reconn/s: 0.00
[ 150s ] thds: 1024 tps: 19142.88 qps: 19142.88 (r/w/o: 19142.88/0.00/0.00) lat (ms,95%): 147.61 err/s: 0.00 reconn/s: 0.00
[ 151s ] thds: 1024 tps: 18892.15 qps: 18892.15 (r/w/o: 18892.15/0.00/0.00) lat (ms,95%): 150.29 err/s: 0.00 reconn/s: 0.00
[ 152s ] thds: 1024 tps: 19086.37 qps: 19086.37 (r/w/o: 19086.37/0.00/0.00) lat (ms,95%): 147.61 err/s: 0.00 reconn/s: 0.00
[ 153s ] thds: 1024 tps: 19110.36 qps: 19110.36 (r/w/o: 19110.36/0.00/0.00) lat (ms,95%): 147.61 err/s: 0.00 reconn/s: 0.00
[ 154s ] thds: 1024 tps: 19122.87 qps: 19122.87 (r/w/o: 19122.87/0.00/0.00) lat (ms,95%): 147.61 err/s: 0.00 reconn/s: 0.00
[ 155s ] thds: 1024 tps: 18893.24 qps: 18893.24 (r/w/o: 18893.24/0.00/0.00) lat (ms,95%): 150.29 err/s: 0.00 reconn/s: 0.00
[ 156s ] thds: 1024 tps: 19003.77 qps: 19003.77 (r/w/o: 19003.77/0.00/0.00) lat (ms,95%): 147.61 err/s: 0.00 reconn/s: 0.00
[ 157s ] thds: 1024 tps: 18629.58 qps: 18629.58 (r/w/o: 18629.58/0.00/0.00) lat (ms,95%): 147.61 err/s: 0.00 reconn/s: 0.00
[ 158s ] thds: 1024 tps: 18846.55 qps: 18845.55 (r/w/o: 18845.55/0.00/0.00) lat (ms,95%): 147.61 err/s: 0.00 reconn/s: 0.00
[ 159s ] thds: 1024 tps: 19179.04 qps: 19179.04 (r/w/o: 19179.04/0.00/0.00) lat (ms,95%): 147.61 err/s: 0.00 reconn/s: 0.00
[ 160s ] thds: 1024 tps: 18803.61 qps: 18804.61 (r/w/o: 18804.61/0.00/0.00) lat (ms,95%): 147.61 err/s: 0.00 reconn/s: 0.00
[ 161s ] thds: 1024 tps: 19297.52 qps: 19297.52 (r/w/o: 19297.52/0.00/0.00) lat (ms,95%): 147.61 err/s: 0.00 reconn/s: 0.00
[ 162s ] thds: 1024 tps: 19089.47 qps: 19089.47 (r/w/o: 19089.47/0.00/0.00) lat (ms,95%): 147.61 err/s: 0.00 reconn/s: 0.00
[ 163s ] thds: 1024 tps: 18907.83 qps: 18907.83 (r/w/o: 18907.83/0.00/0.00) lat (ms,95%): 147.61 err/s: 0.00 reconn/s: 0.00
[ 164s ] thds: 1024 tps: 18937.55 qps: 18937.55 (r/w/o: 18937.55/0.00/0.00) lat (ms,95%): 147.61 err/s: 0.00 reconn/s: 0.00
[ 165s ] thds: 1024 tps: 19092.66 qps: 19092.66 (r/w/o: 19092.66/0.00/0.00) lat (ms,95%): 147.61 err/s: 0.00 reconn/s: 0.00
[ 166s ] thds: 1024 tps: 19399.33 qps: 19399.33 (r/w/o: 19399.33/0.00/0.00) lat (ms,95%): 147.61 err/s: 0.00 reconn/s: 0.00
[ 167s ] thds: 1024 tps: 18863.36 qps: 18863.36 (r/w/o: 18863.36/0.00/0.00) lat (ms,95%): 147.61 err/s: 0.00 reconn/s: 0.00
[ 168s ] thds: 1024 tps: 19308.93 qps: 19308.93 (r/w/o: 19308.93/0.00/0.00) lat (ms,95%): 147.61 err/s: 0.00 reconn/s: 0.00
[ 169s ] thds: 1024 tps: 19309.57 qps: 19309.57 (r/w/o: 19309.57/0.00/0.00) lat (ms,95%): 147.61 err/s: 0.00 reconn/s: 0.00
[ 170s ] thds: 1024 tps: 18641.07 qps: 18641.07 (r/w/o: 18641.07/0.00/0.00) lat (ms,95%): 150.29 err/s: 0.00 reconn/s: 0.00
[ 171s ] thds: 1024 tps: 19142.29 qps: 19142.29 (r/w/o: 19142.29/0.00/0.00) lat (ms,95%): 150.29 err/s: 0.00 reconn/s: 0.00
[ 172s ] thds: 1024 tps: 19132.82 qps: 19131.82 (r/w/o: 19131.82/0.00/0.00) lat (ms,95%): 147.61 err/s: 0.00 reconn/s: 0.00
[ 173s ] thds: 1024 tps: 19167.92 qps: 19168.92 (r/w/o: 19168.92/0.00/0.00) lat (ms,95%): 147.61 err/s: 0.00 reconn/s: 0.00
[ 174s ] thds: 1024 tps: 19007.46 qps: 19007.46 (r/w/o: 19007.46/0.00/0.00) lat (ms,95%): 147.61 err/s: 0.00 reconn/s: 0.00
[ 175s ] thds: 1024 tps: 19125.27 qps: 19124.27 (r/w/o: 19124.27/0.00/0.00) lat (ms,95%): 147.61 err/s: 0.00 reconn/s: 0.00
[ 176s ] thds: 1024 tps: 19288.21 qps: 19289.21 (r/w/o: 19289.21/0.00/0.00) lat (ms,95%): 147.61 err/s: 0.00 reconn/s: 0.00
[ 177s ] thds: 1024 tps: 18560.73 qps: 18560.73 (r/w/o: 18560.73/0.00/0.00) lat (ms,95%): 150.29 err/s: 0.00 reconn/s: 0.00
[ 178s ] thds: 1024 tps: 19273.72 qps: 19273.72 (r/w/o: 19273.72/0.00/0.00) lat (ms,95%): 150.29 err/s: 0.00 reconn/s: 0.00
[ 179s ] thds: 1024 tps: 18970.85 qps: 18969.85 (r/w/o: 18969.85/0.00/0.00) lat (ms,95%): 150.29 err/s: 0.00 reconn/s: 0.00
[ 180s ] thds: 1024 tps: 18937.00 qps: 18938.00 (r/w/o: 18938.00/0.00/0.00) lat (ms,95%): 147.61 err/s: 0.00 reconn/s: 0.00
[ 181s ] thds: 1024 tps: 18987.23 qps: 18987.23 (r/w/o: 18987.23/0.00/0.00) lat (ms,95%): 147.61 err/s: 0.00 reconn/s: 0.00
[ 182s ] thds: 1024 tps: 19122.86 qps: 19122.86 (r/w/o: 19122.86/0.00/0.00) lat (ms,95%): 147.61 err/s: 0.00 reconn/s: 0.00
[ 183s ] thds: 1024 tps: 19085.81 qps: 19085.81 (r/w/o: 19085.81/0.00/0.00) lat (ms,95%): 150.29 err/s: 0.00 reconn/s: 0.00
[ 184s ] thds: 1024 tps: 19308.50 qps: 19308.50 (r/w/o: 19308.50/0.00/0.00) lat (ms,95%): 147.61 err/s: 0.00 reconn/s: 0.00
[ 185s ] thds: 1024 tps: 19243.70 qps: 19242.70 (r/w/o: 19242.70/0.00/0.00) lat (ms,95%): 147.61 err/s: 0.00 reconn/s: 0.00
[ 186s ] thds: 1024 tps: 19345.58 qps: 19346.59 (r/w/o: 19346.59/0.00/0.00) lat (ms,95%): 147.61 err/s: 0.00 reconn/s: 0.00
[ 187s ] thds: 1024 tps: 19126.33 qps: 19126.33 (r/w/o: 19126.33/0.00/0.00) lat (ms,95%): 147.61 err/s: 0.00 reconn/s: 0.00
[ 188s ] thds: 1024 tps: 19002.92 qps: 19002.92 (r/w/o: 19002.92/0.00/0.00) lat (ms,95%): 147.61 err/s: 0.00 reconn/s: 0.00
[ 189s ] thds: 1024 tps: 19235.38 qps: 19234.38 (r/w/o: 19234.38/0.00/0.00) lat (ms,95%): 147.61 err/s: 0.00 reconn/s: 0.00
[ 190s ] thds: 1024 tps: 19217.95 qps: 19218.95 (r/w/o: 19218.95/0.00/0.00) lat (ms,95%): 147.61 err/s: 0.00 reconn/s: 0.00
[ 191s ] thds: 1024 tps: 18781.50 qps: 18781.50 (r/w/o: 18781.50/0.00/0.00) lat (ms,95%): 147.61 err/s: 0.00 reconn/s: 0.00
[ 192s ] thds: 1024 tps: 19251.61 qps: 19251.61 (r/w/o: 19251.61/0.00/0.00) lat (ms,95%): 147.61 err/s: 0.00 reconn/s: 0.00
[ 193s ] thds: 1024 tps: 19209.05 qps: 19209.05 (r/w/o: 19209.05/0.00/0.00) lat (ms,95%): 147.61 err/s: 0.00 reconn/s: 0.00
[ 194s ] thds: 1024 tps: 19094.40 qps: 19094.40 (r/w/o: 19094.40/0.00/0.00) lat (ms,95%): 147.61 err/s: 0.00 reconn/s: 0.00
[ 195s ] thds: 1024 tps: 18971.72 qps: 18971.72 (r/w/o: 18971.72/0.00/0.00) lat (ms,95%): 147.61 err/s: 0.00 reconn/s: 0.00
[ 196s ] thds: 1024 tps: 18871.09 qps: 18871.09 (r/w/o: 18871.09/0.00/0.00) lat (ms,95%): 147.61 err/s: 0.00 reconn/s: 0.00
[ 197s ] thds: 1024 tps: 19512.64 qps: 19512.64 (r/w/o: 19512.64/0.00/0.00) lat (ms,95%): 147.61 err/s: 0.00 reconn/s: 0.00
[ 198s ] thds: 1024 tps: 19096.08 qps: 19096.08 (r/w/o: 19096.08/0.00/0.00) lat (ms,95%): 147.61 err/s: 0.00 reconn/s: 0.00
[ 199s ] thds: 1024 tps: 19143.54 qps: 19143.54 (r/w/o: 19143.54/0.00/0.00) lat (ms,95%): 147.61 err/s: 0.00 reconn/s: 0.00
[ 200s ] thds: 1024 tps: 18895.03 qps: 18895.03 (r/w/o: 18895.03/0.00/0.00) lat (ms,95%): 147.61 err/s: 0.00 reconn/s: 0.00
[ 201s ] thds: 1024 tps: 19076.88 qps: 19076.88 (r/w/o: 19076.88/0.00/0.00) lat (ms,95%): 147.61 err/s: 0.00 reconn/s: 0.00
[ 202s ] thds: 1024 tps: 19056.73 qps: 19056.73 (r/w/o: 19056.73/0.00/0.00) lat (ms,95%): 147.61 err/s: 0.00 reconn/s: 0.00
[ 203s ] thds: 1024 tps: 19009.17 qps: 19007.17 (r/w/o: 19007.17/0.00/0.00) lat (ms,95%): 147.61 err/s: 0.00 reconn/s: 0.00
[ 204s ] thds: 1024 tps: 19023.62 qps: 19024.62 (r/w/o: 19024.62/0.00/0.00) lat (ms,95%): 147.61 err/s: 0.00 reconn/s: 0.00
[ 205s ] thds: 1024 tps: 18966.18 qps: 18967.18 (r/w/o: 18967.18/0.00/0.00) lat (ms,95%): 150.29 err/s: 0.00 reconn/s: 0.00
[ 206s ] thds: 1024 tps: 19136.85 qps: 19136.85 (r/w/o: 19136.85/0.00/0.00) lat (ms,95%): 147.61 err/s: 0.00 reconn/s: 0.00
[ 207s ] thds: 1024 tps: 19006.41 qps: 19006.41 (r/w/o: 19006.41/0.00/0.00) lat (ms,95%): 150.29 err/s: 0.00 reconn/s: 0.00
[ 208s ] thds: 1024 tps: 19597.10 qps: 19597.10 (r/w/o: 19597.10/0.00/0.00) lat (ms,95%): 147.61 err/s: 0.00 reconn/s: 0.00
[ 209s ] thds: 1024 tps: 19093.74 qps: 19093.74 (r/w/o: 19093.74/0.00/0.00) lat (ms,95%): 147.61 err/s: 0.00 reconn/s: 0.00
[ 210s ] thds: 1024 tps: 19125.35 qps: 19124.35 (r/w/o: 19124.35/0.00/0.00) lat (ms,95%): 147.61 err/s: 0.00 reconn/s: 0.00
[ 211s ] thds: 1024 tps: 19193.45 qps: 19194.45 (r/w/o: 19194.45/0.00/0.00) lat (ms,95%): 147.61 err/s: 0.00 reconn/s: 0.00
[ 212s ] thds: 1024 tps: 18766.73 qps: 18766.73 (r/w/o: 18766.73/0.00/0.00) lat (ms,95%): 147.61 err/s: 0.00 reconn/s: 0.00
[ 213s ] thds: 1024 tps: 19111.32 qps: 19111.32 (r/w/o: 19111.32/0.00/0.00) lat (ms,95%): 147.61 err/s: 0.00 reconn/s: 0.00
[ 214s ] thds: 1024 tps: 18997.98 qps: 18997.98 (r/w/o: 18997.98/0.00/0.00) lat (ms,95%): 147.61 err/s: 0.00 reconn/s: 0.00
[ 215s ] thds: 1024 tps: 19055.87 qps: 19055.87 (r/w/o: 19055.87/0.00/0.00) lat (ms,95%): 150.29 err/s: 0.00 reconn/s: 0.00
[ 216s ] thds: 1024 tps: 19189.17 qps: 19189.17 (r/w/o: 19189.17/0.00/0.00) lat (ms,95%): 147.61 err/s: 0.00 reconn/s: 0.00
[ 217s ] thds: 1024 tps: 19108.82 qps: 19108.82 (r/w/o: 19108.82/0.00/0.00) lat (ms,95%): 147.61 err/s: 0.00 reconn/s: 0.00
[ 218s ] thds: 1024 tps: 19132.11 qps: 19132.11 (r/w/o: 19132.11/0.00/0.00) lat (ms,95%): 147.61 err/s: 0.00 reconn/s: 0.00
[ 219s ] thds: 1024 tps: 19009.20 qps: 19009.20 (r/w/o: 19009.20/0.00/0.00) lat (ms,95%): 147.61 err/s: 0.00 reconn/s: 0.00
[ 220s ] thds: 1024 tps: 18979.66 qps: 18979.66 (r/w/o: 18979.66/0.00/0.00) lat (ms,95%): 147.61 err/s: 0.00 reconn/s: 0.00
[ 221s ] thds: 1024 tps: 19152.98 qps: 19152.98 (r/w/o: 19152.98/0.00/0.00) lat (ms,95%): 147.61 err/s: 0.00 reconn/s: 0.00
[ 222s ] thds: 1024 tps: 19143.85 qps: 19143.85 (r/w/o: 19143.85/0.00/0.00) lat (ms,95%): 147.61 err/s: 0.00 reconn/s: 0.00
[ 223s ] thds: 1024 tps: 19024.07 qps: 19024.07 (r/w/o: 19024.07/0.00/0.00) lat (ms,95%): 147.61 err/s: 0.00 reconn/s: 0.00
[ 224s ] thds: 1024 tps: 18846.17 qps: 18845.17 (r/w/o: 18845.17/0.00/0.00) lat (ms,95%): 147.61 err/s: 0.00 reconn/s: 0.00
[ 225s ] thds: 1024 tps: 18868.09 qps: 18868.09 (r/w/o: 18868.09/0.00/0.00) lat (ms,95%): 150.29 err/s: 0.00 reconn/s: 0.00
[ 226s ] thds: 1024 tps: 19353.93 qps: 19354.93 (r/w/o: 19354.93/0.00/0.00) lat (ms,95%): 147.61 err/s: 0.00 reconn/s: 0.00
[ 227s ] thds: 1024 tps: 18972.39 qps: 18972.39 (r/w/o: 18972.39/0.00/0.00) lat (ms,95%): 147.61 err/s: 0.00 reconn/s: 0.00
[ 228s ] thds: 1024 tps: 18801.22 qps: 18800.22 (r/w/o: 18800.22/0.00/0.00) lat (ms,95%): 150.29 err/s: 0.00 reconn/s: 0.00
[ 229s ] thds: 1024 tps: 18837.69 qps: 18838.69 (r/w/o: 18838.69/0.00/0.00) lat (ms,95%): 147.61 err/s: 0.00 reconn/s: 0.00
[ 230s ] thds: 1024 tps: 18771.71 qps: 18771.71 (r/w/o: 18771.71/0.00/0.00) lat (ms,95%): 147.61 err/s: 0.00 reconn/s: 0.00
[ 231s ] thds: 1024 tps: 19062.73 qps: 19062.73 (r/w/o: 19062.73/0.00/0.00) lat (ms,95%): 150.29 err/s: 0.00 reconn/s: 0.00
[ 232s ] thds: 1024 tps: 19093.30 qps: 19093.30 (r/w/o: 19093.30/0.00/0.00) lat (ms,95%): 150.29 err/s: 0.00 reconn/s: 0.00
[ 233s ] thds: 1024 tps: 19170.29 qps: 19170.29 (r/w/o: 19170.29/0.00/0.00) lat (ms,95%): 150.29 err/s: 0.00 reconn/s: 0.00
[ 234s ] thds: 1024 tps: 19289.80 qps: 19289.80 (r/w/o: 19289.80/0.00/0.00) lat (ms,95%): 147.61 err/s: 0.00 reconn/s: 0.00
[ 235s ] thds: 1024 tps: 19104.92 qps: 19104.92 (r/w/o: 19104.92/0.00/0.00) lat (ms,95%): 147.61 err/s: 0.00 reconn/s: 0.00
[ 236s ] thds: 1024 tps: 19101.45 qps: 19101.45 (r/w/o: 19101.45/0.00/0.00) lat (ms,95%): 147.61 err/s: 0.00 reconn/s: 0.00
[ 237s ] thds: 1024 tps: 18960.65 qps: 18960.65 (r/w/o: 18960.65/0.00/0.00) lat (ms,95%): 147.61 err/s: 0.00 reconn/s: 0.00
[ 238s ] thds: 1024 tps: 19096.78 qps: 19096.78 (r/w/o: 19096.78/0.00/0.00) lat (ms,95%): 147.61 err/s: 0.00 reconn/s: 0.00
[ 239s ] thds: 1024 tps: 18804.47 qps: 18804.47 (r/w/o: 18804.47/0.00/0.00) lat (ms,95%): 147.61 err/s: 0.00 reconn/s: 0.00
[ 240s ] thds: 1024 tps: 18929.75 qps: 18929.75 (r/w/o: 18929.75/0.00/0.00) lat (ms,95%): 147.61 err/s: 0.00 reconn/s: 0.00
Latency histogram (values are in milliseconds)
       value  ------------- distribution ------------- count
       0.481 |                                         1
       0.490 |                                         2
       0.499 |                                         6
       0.508 |                                         5
       0.517 |                                         9
       0.527 |                                         16
       0.536 |                                         28
       0.546 |                                         68
       0.556 |                                         82
       0.566 |                                         96
       0.576 |                                         136
       0.587 |                                         151
       0.597 |                                         191
       0.608 |                                         210
       0.619 |                                         231
       0.630 |                                         271
       0.642 |                                         263
       0.654 |                                         252
       0.665 |                                         280
       0.677 |                                         319
       0.690 |                                         322
       0.702 |                                         325
       0.715 |                                         351
       0.728 |                                         368
       0.741 |                                         342
       0.755 |                                         331
       0.768 |                                         373
       0.782 |                                         332
       0.797 |                                         303
       0.811 |                                         319
       0.826 |                                         364
       0.841 |                                         315
       0.856 |                                         296
       0.872 |                                         320
       0.888 |                                         337
       0.904 |                                         281
       0.920 |                                         263
       0.937 |                                         243
       0.954 |                                         255
       0.971 |                                         254
       0.989 |                                         276
       1.007 |                                         317
       1.025 |                                         403
       1.044 |                                         544
       1.063 |                                         667
       1.082 |                                         810
       1.102 |                                         890
       1.122 |                                         1103
       1.142 |                                         1178
       1.163 |                                         1322
       1.184 |                                         1710
       1.205 |*                                        2176
       1.227 |*                                        2954
       1.250 |*                                        3865
       1.272 |*                                        4899
       1.295 |*                                        5746
       1.319 |**                                       6823
       1.343 |**                                       7508
       1.367 |**                                       7936
       1.392 |**                                       8153
       1.417 |**                                       8392
       1.443 |**                                       8338
       1.469 |**                                       8127
       1.496 |**                                       7763
       1.523 |**                                       7773
       1.551 |**                                       7549
       1.579 |**                                       7222
       1.608 |**                                       6998
       1.637 |**                                       7196
       1.667 |**                                       8070
       1.697 |**                                       9786
       1.728 |***                                      12066
       1.759 |****                                     15166
       1.791 |****                                     18331
       1.824 |*****                                    21251
       1.857 |******                                   23608
       1.891 |******                                   25694
       1.925 |*******                                  27209
       1.960 |*******                                  28867
       1.996 |*******                                  29865
       2.032 |*******                                  30259
       2.069 |*******                                  29804
       2.106 |*******                                  29320
       2.145 |*******                                  28904
       2.184 |*******                                  29839
       2.223 |********                                 31064
       2.264 |********                                 32555
       2.305 |********                                 33452
       2.347 |*********                                35047
       2.389 |*********                                36557
       2.433 |**********                               40163
       2.477 |***********                              46730
       2.522 |**************                           55525
       2.568 |****************                         63649
       2.615 |*****************                        70404
       2.662 |******************                       74461
       2.710 |*******************                      76332
       2.760 |*******************                      78157
       2.810 |********************                     80456
       2.861 |*********************                    85638
       2.913 |***********************                  93349
       2.966 |*************************                102966
       3.020 |***************************              111065
       3.075 |****************************             114425
       3.130 |****************************             113861
       3.187 |***************************              108143
       3.245 |************************                 99264
       3.304 |**********************                   87981
       3.364 |*******************                      78860
       3.425 |******************                       73135
       3.488 |****************                         67116
       3.551 |***************                          61418
       3.615 |*************                            53847
       3.681 |***********                              45567
       3.748 |**********                               39064
       3.816 |********                                 32315
       3.885 |*******                                  26718
       3.956 |******                                   22447
       4.028 |*****                                    18706
       4.101 |****                                     16106
       4.176 |***                                      13806
       4.252 |***                                      11877
       4.329 |***                                      10233
       4.407 |**                                       8576
       4.487 |**                                       7242
       4.569 |**                                       6154
       4.652 |*                                        5198
       4.737 |*                                        4409
       4.823 |*                                        3828
       4.910 |*                                        3429
       4.999 |*                                        2941
       5.090 |*                                        2574
       5.183 |*                                        2113
       5.277 |                                         1800
       5.373 |                                         1606
       5.470 |                                         1382
       5.570 |                                         1262
       5.671 |                                         1122
       5.774 |                                         1054
       5.879 |                                         860
       5.986 |                                         728
       6.095 |                                         693
       6.205 |                                         633
       6.318 |                                         587
       6.433 |                                         523
       6.550 |                                         470
       6.669 |                                         439
       6.790 |                                         406
       6.913 |                                         350
       7.039 |                                         342
       7.167 |                                         318
       7.297 |                                         308
       7.430 |                                         248
       7.565 |                                         263
       7.702 |                                         213
       7.842 |                                         199
       7.985 |                                         219
       8.130 |                                         189
       8.277 |                                         149
       8.428 |                                         141
       8.581 |                                         170
       8.737 |                                         161
       8.895 |                                         115
       9.057 |                                         137
       9.222 |                                         142
       9.389 |                                         122
       9.560 |                                         104
       9.734 |                                         98
       9.910 |                                         110
      10.090 |                                         83
      10.274 |                                         118
      10.460 |                                         85
      10.651 |                                         101
      10.844 |                                         82
      11.041 |                                         90
      11.242 |                                         89
      11.446 |                                         76
      11.654 |                                         77
      11.866 |                                         63
      12.081 |                                         76
      12.301 |                                         74
      12.524 |                                         69
      12.752 |                                         55
      12.984 |                                         70
      13.219 |                                         69
      13.460 |                                         68
      13.704 |                                         60
      13.953 |                                         55
      14.207 |                                         61
      14.465 |                                         55
      14.728 |                                         61
      14.995 |                                         49
      15.268 |                                         55
      15.545 |                                         54
      15.828 |                                         64
      16.115 |                                         43
      16.408 |                                         41
      16.706 |                                         27
      17.010 |                                         46
      17.319 |                                         28
      17.633 |                                         31
      17.954 |                                         29
      18.280 |                                         30
      18.612 |                                         33
      18.950 |                                         27
      19.295 |                                         21
      19.645 |                                         33
      20.002 |                                         22
      20.366 |                                         25
      20.736 |                                         26
      21.112 |                                         26
      21.496 |                                         21
      21.886 |                                         29
      22.284 |                                         12
      22.689 |                                         21
      23.101 |                                         16
      23.521 |                                         22
      23.948 |                                         16
      24.384 |                                         18
      24.827 |                                         8
      25.278 |                                         18
      25.737 |                                         17
      26.205 |                                         24
      26.681 |                                         17
      27.165 |                                         11
      27.659 |                                         9
      28.162 |                                         5
      28.673 |                                         4
      29.194 |                                         5
      29.725 |                                         5
      30.265 |                                         2
      30.815 |                                         5
      31.375 |                                         2
      31.945 |                                         5
      32.525 |                                         5
      33.116 |                                         5
      33.718 |                                         5
      34.330 |                                         5
      34.954 |                                         4
      35.589 |                                         4
      36.236 |                                         2
      36.894 |                                         7
      37.565 |                                         4
      38.247 |                                         2
      38.942 |                                         4
      39.650 |                                         4
      40.370 |                                         1
      41.104 |                                         3
      43.385 |                                         1
      48.335 |                                         1
      97.555 |                                         10
      99.327 |                                         24
     101.132 |                                         83
     102.969 |                                         282
     104.840 |                                         732
     106.745 |                                         1530
     108.685 |*                                        2841
     110.659 |*                                        5094
     112.670 |**                                       9201
     114.717 |****                                     15207
     116.802 |******                                   23013
     118.924 |********                                 33855
     121.085 |************                             49175
     123.285 |*****************                        68012
     125.525 |**********************                   88592
     127.805 |***************************              110869
     130.128 |*********************************        132773
     132.492 |*************************************    150904
     134.899 |**************************************** 163207
     137.350 |**************************************** 162729
     139.846 |*************************************    150658
     142.387 |*********************************        133158
     144.974 |****************************             112251
     147.608 |**********************                   90569
     150.290 |*****************                        71123
     153.021 |*************                            54438
     155.801 |**********                               39403
     158.632 |******                                   26416
     161.514 |****                                     15917
     164.449 |**                                       8176
     167.437 |*                                        3817
     170.479 |                                         1485
     173.577 |                                         597
     176.731 |                                         285
     179.942 |                                         169
     183.211 |                                         87
     186.540 |                                         37
     189.929 |                                         18
     193.380 |                                         19
     196.894 |                                         10
     200.472 |                                         1
     211.599 |                                         2
     215.443 |                                         2
     219.358 |                                         14
     223.344 |                                         24
     227.402 |                                         45
     231.534 |                                         97
     235.740 |                                         194
     240.024 |                                         288
     244.385 |                                         436
     248.825 |                                         639
     253.346 |                                         786
     257.950 |                                         849
     262.636 |                                         816
     267.408 |                                         750
     272.267 |                                         640
     277.214 |                                         487
     282.251 |                                         369
     287.379 |                                         227
     292.601 |                                         129
     297.917 |                                         58
     303.330 |                                         24
     308.842 |                                         9
     314.453 |                                         7
     320.167 |                                         5
     325.984 |                                         1
     331.907 |                                         1
     569.667 |                                         1
 
SQL statistics:
    queries performed:
        read:                            4548562
        write:                           0
        other:                           0
        total:                           4548562
    transactions:                        4548561 (18927.27 per sec.)
    queries:                             4548562 (18927.28 per sec.)
    ignored errors:                      0      (0.00 per sec.)
    reconnects:                          0      (0.00 per sec.)

Throughput:
    events/s (eps):                      18927.2744
    time elapsed:                        240.3182s
    total number of events:              4548561

Latency (ms):
         min:                                    0.48
         avg:                                   54.06
         max:                                  568.42
         95th percentile:                      150.29
         sum:                            245888182.98

Threads fairness:
    events (avg/stddev):           4441.9189/91.29
    execution time (avg/stddev):   240.1252/0.06

