sysbench 1.1.0-3ceba0b (using bundled LuaJIT 2.1.0-beta3)

Running the test with following options:
Number of threads: 128
Warmup time: 60s
Report intermediate results every 1 second(s)
Initializing random number generator from current time


Initializing worker threads...

Threads started!

Warming up for 60 seconds...

[ 1s ] thds: 128 tps: 2563.65 qps: 2563.65 (r/w/o: 0.00/2508.20/55.46) lat (ms,95%): 95.81 err/s: 0.00 reconn/s: 0.00
[ 2s ] thds: 128 tps: 2537.28 qps: 2537.28 (r/w/o: 0.00/2474.27/63.01) lat (ms,95%): 89.16 err/s: 0.00 reconn/s: 0.00
[ 3s ] thds: 128 tps: 1524.38 qps: 1524.38 (r/w/o: 0.00/1484.37/40.01) lat (ms,95%): 161.51 err/s: 0.00 reconn/s: 0.00
[ 4s ] thds: 128 tps: 1449.67 qps: 1449.67 (r/w/o: 0.00/1417.68/31.99) lat (ms,95%): 167.44 err/s: 0.00 reconn/s: 0.00
[ 5s ] thds: 128 tps: 1527.26 qps: 1527.26 (r/w/o: 0.00/1484.28/42.98) lat (ms,95%): 170.48 err/s: 0.00 reconn/s: 0.00
[ 6s ] thds: 128 tps: 1533.48 qps: 1533.48 (r/w/o: 0.00/1494.47/39.01) lat (ms,95%): 167.44 err/s: 0.00 reconn/s: 0.00
[ 7s ] thds: 128 tps: 1494.45 qps: 1494.45 (r/w/o: 0.00/1466.44/28.01) lat (ms,95%): 186.54 err/s: 0.00 reconn/s: 0.00
[ 8s ] thds: 128 tps: 1481.83 qps: 1481.83 (r/w/o: 0.00/1444.84/37.00) lat (ms,95%): 215.44 err/s: 0.00 reconn/s: 0.00
[ 9s ] thds: 128 tps: 1472.98 qps: 1472.98 (r/w/o: 0.00/1444.98/28.00) lat (ms,95%): 215.44 err/s: 0.00 reconn/s: 0.00
[ 10s ] thds: 128 tps: 1515.04 qps: 1515.04 (r/w/o: 0.00/1492.03/23.00) lat (ms,95%): 211.60 err/s: 0.00 reconn/s: 0.00
[ 11s ] thds: 128 tps: 1644.14 qps: 1644.14 (r/w/o: 0.00/1610.14/34.00) lat (ms,95%): 125.52 err/s: 0.00 reconn/s: 0.00
[ 12s ] thds: 128 tps: 1681.28 qps: 1682.28 (r/w/o: 0.00/1651.27/31.01) lat (ms,95%): 123.28 err/s: 0.00 reconn/s: 0.00
[ 13s ] thds: 128 tps: 1482.50 qps: 1481.50 (r/w/o: 0.00/1441.51/39.99) lat (ms,95%): 125.52 err/s: 0.00 reconn/s: 0.00
[ 14s ] thds: 128 tps: 1422.90 qps: 1422.90 (r/w/o: 0.00/1392.90/30.00) lat (ms,95%): 193.38 err/s: 0.00 reconn/s: 0.00
[ 15s ] thds: 128 tps: 1421.49 qps: 1421.49 (r/w/o: 0.00/1396.48/25.01) lat (ms,95%): 196.89 err/s: 0.00 reconn/s: 0.00
[ 16s ] thds: 128 tps: 1488.06 qps: 1488.06 (r/w/o: 0.00/1453.06/35.00) lat (ms,95%): 189.93 err/s: 0.00 reconn/s: 0.00
[ 17s ] thds: 128 tps: 1414.83 qps: 1414.83 (r/w/o: 0.00/1397.83/17.00) lat (ms,95%): 196.89 err/s: 0.00 reconn/s: 0.00
[ 18s ] thds: 128 tps: 1418.05 qps: 1418.05 (r/w/o: 0.00/1386.05/32.00) lat (ms,95%): 204.11 err/s: 0.00 reconn/s: 0.00
[ 19s ] thds: 128 tps: 1432.54 qps: 1432.54 (r/w/o: 0.00/1401.55/30.99) lat (ms,95%): 200.47 err/s: 0.00 reconn/s: 0.00
[ 20s ] thds: 128 tps: 1467.30 qps: 1467.30 (r/w/o: 0.00/1436.29/31.01) lat (ms,95%): 186.54 err/s: 0.00 reconn/s: 0.00
[ 21s ] thds: 128 tps: 1600.77 qps: 1600.77 (r/w/o: 0.00/1566.77/34.00) lat (ms,95%): 132.49 err/s: 0.00 reconn/s: 0.00
[ 22s ] thds: 128 tps: 1549.39 qps: 1549.39 (r/w/o: 0.00/1504.38/45.01) lat (ms,95%): 132.49 err/s: 0.00 reconn/s: 0.00
[ 23s ] thds: 128 tps: 1537.62 qps: 1537.62 (r/w/o: 0.00/1507.62/29.99) lat (ms,95%): 132.49 err/s: 0.00 reconn/s: 0.00
[ 24s ] thds: 128 tps: 1491.48 qps: 1491.48 (r/w/o: 0.00/1460.47/31.01) lat (ms,95%): 173.58 err/s: 0.00 reconn/s: 0.00
[ 25s ] thds: 128 tps: 1486.04 qps: 1486.04 (r/w/o: 0.00/1459.05/26.98) lat (ms,95%): 170.48 err/s: 0.00 reconn/s: 0.00
[ 26s ] thds: 128 tps: 1527.97 qps: 1527.97 (r/w/o: 0.00/1489.95/38.02) lat (ms,95%): 125.52 err/s: 0.00 reconn/s: 0.00
[ 27s ] thds: 128 tps: 1601.03 qps: 1601.03 (r/w/o: 0.00/1561.03/40.00) lat (ms,95%): 123.28 err/s: 0.00 reconn/s: 0.00
[ 28s ] thds: 128 tps: 1460.58 qps: 1460.58 (r/w/o: 0.00/1431.58/28.99) lat (ms,95%): 173.58 err/s: 0.00 reconn/s: 0.00
[ 29s ] thds: 128 tps: 1495.89 qps: 1495.89 (r/w/o: 0.00/1464.89/31.00) lat (ms,95%): 173.58 err/s: 0.00 reconn/s: 0.00
[ 30s ] thds: 128 tps: 1510.96 qps: 1510.96 (r/w/o: 0.00/1474.96/36.00) lat (ms,95%): 173.58 err/s: 0.00 reconn/s: 0.00
[ 31s ] thds: 128 tps: 1521.11 qps: 1521.11 (r/w/o: 0.00/1487.11/34.00) lat (ms,95%): 173.58 err/s: 0.00 reconn/s: 0.00
[ 32s ] thds: 128 tps: 1410.25 qps: 1410.25 (r/w/o: 0.00/1388.25/22.00) lat (ms,95%): 189.93 err/s: 0.00 reconn/s: 0.00
[ 33s ] thds: 128 tps: 1411.08 qps: 1411.08 (r/w/o: 0.00/1380.07/31.00) lat (ms,95%): 189.93 err/s: 0.00 reconn/s: 0.00
[ 34s ] thds: 128 tps: 1424.12 qps: 1424.12 (r/w/o: 0.00/1392.12/32.00) lat (ms,95%): 183.21 err/s: 0.00 reconn/s: 0.00
[ 35s ] thds: 128 tps: 1552.91 qps: 1552.91 (r/w/o: 0.00/1518.91/34.00) lat (ms,95%): 164.45 err/s: 0.00 reconn/s: 0.00
[ 36s ] thds: 128 tps: 1576.57 qps: 1576.57 (r/w/o: 0.00/1539.58/36.99) lat (ms,95%): 125.52 err/s: 0.00 reconn/s: 0.00
[ 37s ] thds: 128 tps: 1538.50 qps: 1538.50 (r/w/o: 0.00/1502.49/36.01) lat (ms,95%): 127.81 err/s: 0.00 reconn/s: 0.00
[ 38s ] thds: 128 tps: 1544.95 qps: 1544.95 (r/w/o: 0.00/1501.95/43.00) lat (ms,95%): 127.81 err/s: 0.00 reconn/s: 0.00
[ 39s ] thds: 128 tps: 1509.58 qps: 1509.58 (r/w/o: 0.00/1480.59/28.99) lat (ms,95%): 144.97 err/s: 0.00 reconn/s: 0.00
[ 40s ] thds: 128 tps: 1580.19 qps: 1580.19 (r/w/o: 0.00/1542.19/38.00) lat (ms,95%): 127.81 err/s: 0.00 reconn/s: 0.00
[ 41s ] thds: 128 tps: 1607.80 qps: 1607.80 (r/w/o: 0.00/1564.80/42.99) lat (ms,95%): 114.72 err/s: 0.00 reconn/s: 0.00
[ 42s ] thds: 128 tps: 1537.58 qps: 1537.58 (r/w/o: 0.00/1516.57/21.01) lat (ms,95%): 139.85 err/s: 0.00 reconn/s: 0.00
[ 43s ] thds: 128 tps: 1412.93 qps: 1412.93 (r/w/o: 0.00/1361.93/51.00) lat (ms,95%): 102.97 err/s: 0.00 reconn/s: 0.00
[ 44s ] thds: 128 tps: 1459.99 qps: 1459.99 (r/w/o: 0.00/1435.99/24.00) lat (ms,95%): 101.13 err/s: 0.00 reconn/s: 0.00
[ 45s ] thds: 128 tps: 1486.98 qps: 1486.98 (r/w/o: 0.00/1454.98/32.00) lat (ms,95%): 101.13 err/s: 0.00 reconn/s: 0.00
[ 46s ] thds: 128 tps: 1526.15 qps: 1526.15 (r/w/o: 0.00/1496.15/30.00) lat (ms,95%): 112.67 err/s: 0.00 reconn/s: 0.00
[ 47s ] thds: 128 tps: 1534.20 qps: 1534.20 (r/w/o: 0.00/1496.22/37.98) lat (ms,95%): 112.67 err/s: 0.00 reconn/s: 0.00
[ 48s ] thds: 128 tps: 1583.59 qps: 1583.59 (r/w/o: 0.00/1543.57/40.01) lat (ms,95%): 112.67 err/s: 0.00 reconn/s: 0.00
[ 49s ] thds: 128 tps: 1558.15 qps: 1558.15 (r/w/o: 0.00/1525.14/33.00) lat (ms,95%): 112.67 err/s: 0.00 reconn/s: 0.00
[ 50s ] thds: 128 tps: 1485.87 qps: 1485.87 (r/w/o: 0.00/1450.87/35.00) lat (ms,95%): 130.13 err/s: 0.00 reconn/s: 0.00
[ 51s ] thds: 128 tps: 1480.52 qps: 1480.52 (r/w/o: 0.00/1448.53/31.99) lat (ms,95%): 132.49 err/s: 0.00 reconn/s: 0.00
[ 52s ] thds: 128 tps: 1492.42 qps: 1492.42 (r/w/o: 0.00/1463.42/29.01) lat (ms,95%): 132.49 err/s: 0.00 reconn/s: 0.00
[ 53s ] thds: 128 tps: 1521.05 qps: 1521.05 (r/w/o: 0.00/1486.05/35.00) lat (ms,95%): 132.49 err/s: 0.00 reconn/s: 0.00
[ 54s ] thds: 128 tps: 1499.99 qps: 1499.99 (r/w/o: 0.00/1467.99/32.00) lat (ms,95%): 118.92 err/s: 0.00 reconn/s: 0.00
[ 55s ] thds: 128 tps: 1477.98 qps: 1477.98 (r/w/o: 0.00/1444.98/33.00) lat (ms,95%): 118.92 err/s: 0.00 reconn/s: 0.00
[ 56s ] thds: 128 tps: 1477.59 qps: 1477.59 (r/w/o: 0.00/1446.60/30.99) lat (ms,95%): 118.92 err/s: 0.00 reconn/s: 0.00
[ 57s ] thds: 128 tps: 1526.97 qps: 1526.97 (r/w/o: 0.00/1490.97/36.00) lat (ms,95%): 104.84 err/s: 0.00 reconn/s: 0.00
[ 58s ] thds: 128 tps: 2702.49 qps: 2702.49 (r/w/o: 0.00/2644.48/58.01) lat (ms,95%): 90.78 err/s: 0.00 reconn/s: 0.00
[ 59s ] thds: 128 tps: 2853.66 qps: 2853.66 (r/w/o: 0.00/2798.67/54.99) lat (ms,95%): 89.16 err/s: 0.00 reconn/s: 0.00
[ 60s ] thds: 128 tps: 2866.61 qps: 2866.61 (r/w/o: 0.00/2807.60/59.01) lat (ms,95%): 89.16 err/s: 0.00 reconn/s: 0.00
[ 61s ] thds: 128 tps: 2903.99 qps: 2903.99 (r/w/o: 0.00/2838.99/65.00) lat (ms,95%): 89.16 err/s: 0.00 reconn/s: 0.00
[ 62s ] thds: 128 tps: 2946.59 qps: 2946.59 (r/w/o: 0.00/2879.60/66.99) lat (ms,95%): 89.16 err/s: 0.00 reconn/s: 0.00
[ 63s ] thds: 128 tps: 2114.92 qps: 2114.92 (r/w/o: 0.00/2076.93/38.00) lat (ms,95%): 90.78 err/s: 0.00 reconn/s: 0.00
[ 64s ] thds: 128 tps: 1535.24 qps: 1535.24 (r/w/o: 0.00/1501.24/34.01) lat (ms,95%): 176.73 err/s: 0.00 reconn/s: 0.00
[ 65s ] thds: 128 tps: 1575.63 qps: 1575.63 (r/w/o: 0.00/1540.64/34.99) lat (ms,95%): 176.73 err/s: 0.00 reconn/s: 0.00
[ 66s ] thds: 128 tps: 1547.09 qps: 1547.09 (r/w/o: 0.00/1518.09/29.00) lat (ms,95%): 176.73 err/s: 0.00 reconn/s: 0.00
[ 67s ] thds: 128 tps: 1524.23 qps: 1524.23 (r/w/o: 0.00/1485.22/39.01) lat (ms,95%): 176.73 err/s: 0.00 reconn/s: 0.00
[ 68s ] thds: 128 tps: 1507.14 qps: 1507.14 (r/w/o: 0.00/1471.14/36.00) lat (ms,95%): 219.36 err/s: 0.00 reconn/s: 0.00
[ 69s ] thds: 128 tps: 1486.49 qps: 1486.49 (r/w/o: 0.00/1454.50/31.99) lat (ms,95%): 219.36 err/s: 0.00 reconn/s: 0.00
[ 70s ] thds: 128 tps: 1524.49 qps: 1524.49 (r/w/o: 0.00/1491.48/33.01) lat (ms,95%): 219.36 err/s: 0.00 reconn/s: 0.00
[ 71s ] thds: 128 tps: 1661.48 qps: 1661.48 (r/w/o: 0.00/1622.49/38.99) lat (ms,95%): 101.13 err/s: 0.00 reconn/s: 0.00
[ 72s ] thds: 128 tps: 1526.39 qps: 1526.39 (r/w/o: 0.00/1487.38/39.01) lat (ms,95%): 110.66 err/s: 0.00 reconn/s: 0.00
[ 73s ] thds: 128 tps: 1453.77 qps: 1453.77 (r/w/o: 0.00/1426.77/27.00) lat (ms,95%): 253.35 err/s: 0.00 reconn/s: 0.00
[ 74s ] thds: 128 tps: 1460.32 qps: 1460.32 (r/w/o: 0.00/1423.31/37.01) lat (ms,95%): 257.95 err/s: 0.00 reconn/s: 0.00
[ 75s ] thds: 128 tps: 1473.53 qps: 1473.53 (r/w/o: 0.00/1439.54/33.99) lat (ms,95%): 253.35 err/s: 0.00 reconn/s: 0.00
[ 76s ] thds: 128 tps: 1509.44 qps: 1509.44 (r/w/o: 0.00/1469.43/40.01) lat (ms,95%): 90.78 err/s: 0.00 reconn/s: 0.00
[ 77s ] thds: 128 tps: 1477.91 qps: 1477.91 (r/w/o: 0.00/1458.91/19.00) lat (ms,95%): 90.78 err/s: 0.00 reconn/s: 0.00
[ 78s ] thds: 128 tps: 1472.71 qps: 1472.71 (r/w/o: 0.00/1442.71/29.99) lat (ms,95%): 90.78 err/s: 0.00 reconn/s: 0.00
[ 79s ] thds: 128 tps: 1487.90 qps: 1487.90 (r/w/o: 0.00/1461.90/26.00) lat (ms,95%): 90.78 err/s: 0.00 reconn/s: 0.00
[ 80s ] thds: 128 tps: 1623.50 qps: 1623.50 (r/w/o: 0.00/1582.48/41.01) lat (ms,95%): 89.16 err/s: 0.00 reconn/s: 0.00
[ 81s ] thds: 128 tps: 1485.98 qps: 1485.98 (r/w/o: 0.00/1454.98/31.00) lat (ms,95%): 167.44 err/s: 0.00 reconn/s: 0.00
[ 82s ] thds: 128 tps: 1469.03 qps: 1469.03 (r/w/o: 0.00/1438.03/31.00) lat (ms,95%): 170.48 err/s: 0.00 reconn/s: 0.00
[ 83s ] thds: 128 tps: 1463.91 qps: 1463.91 (r/w/o: 0.00/1439.91/24.00) lat (ms,95%): 170.48 err/s: 0.00 reconn/s: 0.00
[ 84s ] thds: 128 tps: 1494.71 qps: 1494.71 (r/w/o: 0.00/1461.72/32.99) lat (ms,95%): 170.48 err/s: 0.00 reconn/s: 0.00
[ 85s ] thds: 128 tps: 1490.23 qps: 1490.23 (r/w/o: 0.00/1455.22/35.01) lat (ms,95%): 227.40 err/s: 0.00 reconn/s: 0.00
[ 86s ] thds: 128 tps: 1473.05 qps: 1473.05 (r/w/o: 0.00/1442.05/31.00) lat (ms,95%): 223.34 err/s: 0.00 reconn/s: 0.00
[ 87s ] thds: 128 tps: 1458.64 qps: 1458.64 (r/w/o: 0.00/1427.64/30.99) lat (ms,95%): 227.40 err/s: 0.00 reconn/s: 0.00
[ 88s ] thds: 128 tps: 1562.45 qps: 1562.45 (r/w/o: 0.00/1522.44/40.01) lat (ms,95%): 179.94 err/s: 0.00 reconn/s: 0.00
[ 89s ] thds: 128 tps: 1521.92 qps: 1521.92 (r/w/o: 0.00/1490.92/31.00) lat (ms,95%): 134.90 err/s: 0.00 reconn/s: 0.00
[ 90s ] thds: 128 tps: 1460.70 qps: 1460.70 (r/w/o: 0.00/1431.70/28.99) lat (ms,95%): 137.35 err/s: 0.00 reconn/s: 0.00
[ 91s ] thds: 128 tps: 1487.69 qps: 1487.69 (r/w/o: 0.00/1452.70/34.99) lat (ms,95%): 137.35 err/s: 0.00 reconn/s: 0.00
[ 92s ] thds: 128 tps: 1513.19 qps: 1513.19 (r/w/o: 0.00/1471.19/42.01) lat (ms,95%): 137.35 err/s: 0.00 reconn/s: 0.00
[ 93s ] thds: 128 tps: 1536.48 qps: 1536.48 (r/w/o: 0.00/1493.47/43.01) lat (ms,95%): 150.29 err/s: 0.00 reconn/s: 0.00
[ 94s ] thds: 128 tps: 1563.87 qps: 1563.87 (r/w/o: 0.00/1525.87/38.00) lat (ms,95%): 155.80 err/s: 0.00 reconn/s: 0.00
[ 95s ] thds: 128 tps: 1492.88 qps: 1492.88 (r/w/o: 0.00/1468.89/24.00) lat (ms,95%): 153.02 err/s: 0.00 reconn/s: 0.00
[ 96s ] thds: 128 tps: 1473.15 qps: 1473.15 (r/w/o: 0.00/1438.15/35.00) lat (ms,95%): 153.02 err/s: 0.00 reconn/s: 0.00
[ 97s ] thds: 128 tps: 2545.05 qps: 2545.05 (r/w/o: 0.00/2492.05/53.00) lat (ms,95%): 94.10 err/s: 0.00 reconn/s: 0.00
[ 98s ] thds: 128 tps: 2862.65 qps: 2862.65 (r/w/o: 0.00/2796.63/66.01) lat (ms,95%): 92.42 err/s: 0.00 reconn/s: 0.00
[ 99s ] thds: 128 tps: 2865.57 qps: 2865.57 (r/w/o: 0.00/2795.61/69.97) lat (ms,95%): 90.78 err/s: 0.00 reconn/s: 0.00
[ 100s ] thds: 128 tps: 2864.07 qps: 2864.07 (r/w/o: 0.00/2804.06/60.00) lat (ms,95%): 89.16 err/s: 0.00 reconn/s: 0.00
[ 101s ] thds: 128 tps: 2929.25 qps: 2929.25 (r/w/o: 0.00/2872.24/57.00) lat (ms,95%): 89.16 err/s: 0.00 reconn/s: 0.00
[ 102s ] thds: 128 tps: 2036.08 qps: 2036.08 (r/w/o: 0.00/1996.08/40.00) lat (ms,95%): 102.97 err/s: 0.00 reconn/s: 0.00
[ 103s ] thds: 128 tps: 1482.86 qps: 1482.86 (r/w/o: 0.00/1446.86/36.00) lat (ms,95%): 127.81 err/s: 0.00 reconn/s: 0.00
[ 104s ] thds: 128 tps: 1477.42 qps: 1477.42 (r/w/o: 0.00/1443.41/34.01) lat (ms,95%): 127.81 err/s: 0.00 reconn/s: 0.00
[ 105s ] thds: 128 tps: 1504.37 qps: 1504.37 (r/w/o: 0.00/1475.38/28.99) lat (ms,95%): 127.81 err/s: 0.00 reconn/s: 0.00
[ 106s ] thds: 128 tps: 1508.63 qps: 1508.63 (r/w/o: 0.00/1470.62/38.02) lat (ms,95%): 150.29 err/s: 0.00 reconn/s: 0.00
[ 107s ] thds: 128 tps: 1477.53 qps: 1477.53 (r/w/o: 0.00/1449.54/27.99) lat (ms,95%): 147.61 err/s: 0.00 reconn/s: 0.00
[ 108s ] thds: 128 tps: 1479.34 qps: 1479.34 (r/w/o: 0.00/1453.33/26.01) lat (ms,95%): 150.29 err/s: 0.00 reconn/s: 0.00
[ 109s ] thds: 128 tps: 1500.73 qps: 1500.73 (r/w/o: 0.00/1466.74/33.99) lat (ms,95%): 150.29 err/s: 0.00 reconn/s: 0.00
[ 110s ] thds: 128 tps: 1598.68 qps: 1598.68 (r/w/o: 0.00/1557.67/41.02) lat (ms,95%): 121.08 err/s: 0.00 reconn/s: 0.00
[ 111s ] thds: 128 tps: 1534.37 qps: 1534.37 (r/w/o: 0.00/1498.38/35.99) lat (ms,95%): 121.08 err/s: 0.00 reconn/s: 0.00
[ 112s ] thds: 128 tps: 1481.09 qps: 1481.09 (r/w/o: 0.00/1447.08/34.00) lat (ms,95%): 147.61 err/s: 0.00 reconn/s: 0.00
[ 113s ] thds: 128 tps: 1482.87 qps: 1482.87 (r/w/o: 0.00/1451.87/31.00) lat (ms,95%): 147.61 err/s: 0.00 reconn/s: 0.00
[ 114s ] thds: 128 tps: 1529.16 qps: 1529.16 (r/w/o: 0.00/1493.15/36.00) lat (ms,95%): 147.61 err/s: 0.00 reconn/s: 0.00
[ 115s ] thds: 128 tps: 1569.00 qps: 1569.00 (r/w/o: 0.00/1530.00/39.00) lat (ms,95%): 132.49 err/s: 0.00 reconn/s: 0.00
[ 116s ] thds: 128 tps: 1563.00 qps: 1563.00 (r/w/o: 0.00/1527.00/36.00) lat (ms,95%): 130.13 err/s: 0.00 reconn/s: 0.00
[ 117s ] thds: 128 tps: 1460.04 qps: 1460.04 (r/w/o: 0.00/1425.04/35.00) lat (ms,95%): 170.48 err/s: 0.00 reconn/s: 0.00
[ 118s ] thds: 128 tps: 1429.93 qps: 1429.93 (r/w/o: 0.00/1395.94/34.00) lat (ms,95%): 170.48 err/s: 0.00 reconn/s: 0.00
[ 119s ] thds: 128 tps: 1498.10 qps: 1498.10 (r/w/o: 0.00/1470.10/28.00) lat (ms,95%): 170.48 err/s: 0.00 reconn/s: 0.00
[ 120s ] thds: 128 tps: 1568.76 qps: 1568.76 (r/w/o: 0.00/1529.76/38.99) lat (ms,95%): 164.45 err/s: 0.00 reconn/s: 0.00
[ 121s ] thds: 128 tps: 1457.81 qps: 1457.81 (r/w/o: 0.00/1431.82/26.00) lat (ms,95%): 161.51 err/s: 0.00 reconn/s: 0.00
[ 122s ] thds: 128 tps: 1467.17 qps: 1467.17 (r/w/o: 0.00/1443.17/24.00) lat (ms,95%): 118.92 err/s: 0.00 reconn/s: 0.00
[ 123s ] thds: 128 tps: 1485.68 qps: 1485.68 (r/w/o: 0.00/1450.69/34.99) lat (ms,95%): 112.67 err/s: 0.00 reconn/s: 0.00
[ 124s ] thds: 128 tps: 1497.30 qps: 1497.30 (r/w/o: 0.00/1464.29/33.01) lat (ms,95%): 150.29 err/s: 0.00 reconn/s: 0.00
[ 125s ] thds: 128 tps: 1556.36 qps: 1556.36 (r/w/o: 0.00/1514.35/42.01) lat (ms,95%): 95.81 err/s: 0.00 reconn/s: 0.00
[ 126s ] thds: 128 tps: 1524.82 qps: 1524.82 (r/w/o: 0.00/1487.82/37.00) lat (ms,95%): 132.49 err/s: 0.00 reconn/s: 0.00
[ 127s ] thds: 128 tps: 1504.88 qps: 1504.88 (r/w/o: 0.00/1474.89/30.00) lat (ms,95%): 92.42 err/s: 0.00 reconn/s: 0.00
[ 128s ] thds: 128 tps: 1944.06 qps: 1944.06 (r/w/o: 0.00/1894.06/50.00) lat (ms,95%): 90.78 err/s: 0.00 reconn/s: 0.00
[ 129s ] thds: 128 tps: 2494.73 qps: 2494.73 (r/w/o: 0.00/2450.74/44.00) lat (ms,95%): 89.16 err/s: 0.00 reconn/s: 0.00
[ 130s ] thds: 128 tps: 2489.62 qps: 2489.62 (r/w/o: 0.00/2432.63/56.99) lat (ms,95%): 90.78 err/s: 0.00 reconn/s: 0.00
[ 131s ] thds: 128 tps: 2507.35 qps: 2507.35 (r/w/o: 0.00/2440.34/67.01) lat (ms,95%): 90.78 err/s: 0.00 reconn/s: 0.00
[ 132s ] thds: 128 tps: 2575.32 qps: 2575.32 (r/w/o: 0.00/2521.29/54.03) lat (ms,95%): 89.16 err/s: 0.00 reconn/s: 0.00
[ 133s ] thds: 128 tps: 1658.01 qps: 1658.01 (r/w/o: 0.00/1629.03/28.98) lat (ms,95%): 137.35 err/s: 0.00 reconn/s: 0.00
[ 134s ] thds: 128 tps: 1529.08 qps: 1529.08 (r/w/o: 0.00/1484.08/45.00) lat (ms,95%): 176.73 err/s: 0.00 reconn/s: 0.00
[ 135s ] thds: 128 tps: 1542.07 qps: 1542.07 (r/w/o: 0.00/1508.06/34.00) lat (ms,95%): 176.73 err/s: 0.00 reconn/s: 0.00
[ 136s ] thds: 128 tps: 1530.22 qps: 1530.22 (r/w/o: 0.00/1498.22/32.00) lat (ms,95%): 176.73 err/s: 0.00 reconn/s: 0.00
[ 137s ] thds: 128 tps: 1509.74 qps: 1509.74 (r/w/o: 0.00/1483.75/26.00) lat (ms,95%): 196.89 err/s: 0.00 reconn/s: 0.00
[ 138s ] thds: 128 tps: 1486.31 qps: 1486.31 (r/w/o: 0.00/1455.30/31.01) lat (ms,95%): 204.11 err/s: 0.00 reconn/s: 0.00
[ 139s ] thds: 128 tps: 1501.99 qps: 1501.99 (r/w/o: 0.00/1469.99/32.00) lat (ms,95%): 204.11 err/s: 0.00 reconn/s: 0.00
[ 140s ] thds: 128 tps: 1542.60 qps: 1542.60 (r/w/o: 0.00/1515.61/26.99) lat (ms,95%): 95.81 err/s: 0.00 reconn/s: 0.00
[ 141s ] thds: 128 tps: 1591.92 qps: 1591.92 (r/w/o: 0.00/1545.89/46.03) lat (ms,95%): 89.16 err/s: 0.00 reconn/s: 0.00
[ 142s ] thds: 128 tps: 1474.17 qps: 1474.17 (r/w/o: 0.00/1444.18/29.98) lat (ms,95%): 130.13 err/s: 0.00 reconn/s: 0.00
[ 143s ] thds: 128 tps: 1464.26 qps: 1464.26 (r/w/o: 0.00/1431.26/33.01) lat (ms,95%): 130.13 err/s: 0.00 reconn/s: 0.00
[ 144s ] thds: 128 tps: 1482.02 qps: 1482.02 (r/w/o: 0.00/1460.02/22.00) lat (ms,95%): 130.13 err/s: 0.00 reconn/s: 0.00
[ 145s ] thds: 128 tps: 1508.82 qps: 1508.82 (r/w/o: 0.00/1466.83/42.00) lat (ms,95%): 130.13 err/s: 0.00 reconn/s: 0.00
[ 146s ] thds: 128 tps: 1497.83 qps: 1497.83 (r/w/o: 0.00/1469.83/28.00) lat (ms,95%): 142.39 err/s: 0.00 reconn/s: 0.00
[ 147s ] thds: 128 tps: 1491.13 qps: 1491.13 (r/w/o: 0.00/1454.13/37.00) lat (ms,95%): 142.39 err/s: 0.00 reconn/s: 0.00
[ 148s ] thds: 128 tps: 1514.69 qps: 1514.69 (r/w/o: 0.00/1473.67/41.02) lat (ms,95%): 142.39 err/s: 0.00 reconn/s: 0.00
[ 149s ] thds: 128 tps: 1504.47 qps: 1504.47 (r/w/o: 0.00/1481.47/22.99) lat (ms,95%): 142.39 err/s: 0.00 reconn/s: 0.00
[ 150s ] thds: 128 tps: 2649.10 qps: 2649.10 (r/w/o: 0.00/2584.07/65.03) lat (ms,95%): 108.68 err/s: 0.00 reconn/s: 0.00
[ 151s ] thds: 128 tps: 2819.91 qps: 2819.91 (r/w/o: 0.00/2759.94/59.98) lat (ms,95%): 106.75 err/s: 0.00 reconn/s: 0.00
[ 152s ] thds: 128 tps: 2815.56 qps: 2815.56 (r/w/o: 0.00/2764.59/50.97) lat (ms,95%): 106.75 err/s: 0.00 reconn/s: 0.00
[ 153s ] thds: 128 tps: 1479.33 qps: 1479.33 (r/w/o: 0.00/1444.30/35.03) lat (ms,95%): 170.48 err/s: 0.00 reconn/s: 0.00
[ 154s ] thds: 128 tps: 1473.48 qps: 1473.48 (r/w/o: 0.00/1439.49/33.99) lat (ms,95%): 170.48 err/s: 0.00 reconn/s: 0.00
[ 155s ] thds: 128 tps: 1535.57 qps: 1535.57 (r/w/o: 0.00/1508.56/27.01) lat (ms,95%): 170.48 err/s: 0.00 reconn/s: 0.00
[ 156s ] thds: 128 tps: 1577.04 qps: 1577.04 (r/w/o: 0.00/1539.04/38.00) lat (ms,95%): 170.48 err/s: 0.00 reconn/s: 0.00
[ 157s ] thds: 128 tps: 1525.37 qps: 1525.37 (r/w/o: 0.00/1502.37/22.99) lat (ms,95%): 155.80 err/s: 0.00 reconn/s: 0.00
[ 158s ] thds: 128 tps: 1665.90 qps: 1665.90 (r/w/o: 0.00/1627.90/38.00) lat (ms,95%): 196.89 err/s: 0.00 reconn/s: 0.00
[ 159s ] thds: 128 tps: 2643.31 qps: 2643.31 (r/w/o: 0.00/2582.33/60.98) lat (ms,95%): 153.02 err/s: 0.00 reconn/s: 0.00
[ 160s ] thds: 128 tps: 2633.99 qps: 2633.99 (r/w/o: 0.00/2580.99/53.00) lat (ms,95%): 153.02 err/s: 0.00 reconn/s: 0.00
[ 161s ] thds: 128 tps: 2539.16 qps: 2539.16 (r/w/o: 0.00/2498.16/41.00) lat (ms,95%): 137.35 err/s: 0.00 reconn/s: 0.00
[ 162s ] thds: 128 tps: 1439.80 qps: 1439.80 (r/w/o: 0.00/1407.81/32.00) lat (ms,95%): 167.44 err/s: 0.00 reconn/s: 0.00
[ 163s ] thds: 128 tps: 1406.61 qps: 1406.61 (r/w/o: 0.00/1373.59/33.01) lat (ms,95%): 167.44 err/s: 0.00 reconn/s: 0.00
[ 164s ] thds: 128 tps: 1529.96 qps: 1529.96 (r/w/o: 0.00/1501.96/28.00) lat (ms,95%): 167.44 err/s: 0.00 reconn/s: 0.00
[ 165s ] thds: 128 tps: 1659.90 qps: 1659.90 (r/w/o: 0.00/1616.91/43.00) lat (ms,95%): 155.80 err/s: 0.00 reconn/s: 0.00
[ 166s ] thds: 128 tps: 1621.64 qps: 1621.64 (r/w/o: 0.00/1589.63/32.01) lat (ms,95%): 116.80 err/s: 0.00 reconn/s: 0.00
[ 167s ] thds: 128 tps: 1424.60 qps: 1424.60 (r/w/o: 0.00/1393.61/30.99) lat (ms,95%): 167.44 err/s: 0.00 reconn/s: 0.00
[ 168s ] thds: 128 tps: 1307.82 qps: 1307.82 (r/w/o: 0.00/1270.82/36.99) lat (ms,95%): 167.44 err/s: 0.00 reconn/s: 0.00
[ 169s ] thds: 128 tps: 1361.68 qps: 1361.68 (r/w/o: 0.00/1323.66/38.02) lat (ms,95%): 164.45 err/s: 0.00 reconn/s: 0.00
[ 170s ] thds: 128 tps: 1477.18 qps: 1477.18 (r/w/o: 0.00/1442.20/34.98) lat (ms,95%): 158.63 err/s: 0.00 reconn/s: 0.00
[ 171s ] thds: 128 tps: 1486.22 qps: 1486.22 (r/w/o: 0.00/1457.22/29.00) lat (ms,95%): 158.63 err/s: 0.00 reconn/s: 0.00
[ 172s ] thds: 128 tps: 1464.49 qps: 1464.49 (r/w/o: 0.00/1434.48/30.01) lat (ms,95%): 155.80 err/s: 0.00 reconn/s: 0.00
[ 173s ] thds: 128 tps: 1529.75 qps: 1529.75 (r/w/o: 0.00/1497.76/31.99) lat (ms,95%): 147.61 err/s: 0.00 reconn/s: 0.00
[ 174s ] thds: 128 tps: 1563.66 qps: 1563.66 (r/w/o: 0.00/1532.66/30.99) lat (ms,95%): 147.61 err/s: 0.00 reconn/s: 0.00
[ 175s ] thds: 128 tps: 1636.46 qps: 1636.46 (r/w/o: 0.00/1600.45/36.01) lat (ms,95%): 132.49 err/s: 0.00 reconn/s: 0.00
[ 176s ] thds: 128 tps: 1611.48 qps: 1611.48 (r/w/o: 0.00/1576.50/34.99) lat (ms,95%): 108.68 err/s: 0.00 reconn/s: 0.00
[ 177s ] thds: 128 tps: 1462.07 qps: 1462.07 (r/w/o: 0.00/1432.07/30.00) lat (ms,95%): 132.49 err/s: 0.00 reconn/s: 0.00
[ 178s ] thds: 128 tps: 1437.96 qps: 1437.96 (r/w/o: 0.00/1411.96/26.00) lat (ms,95%): 132.49 err/s: 0.00 reconn/s: 0.00
[ 179s ] thds: 128 tps: 1490.08 qps: 1490.08 (r/w/o: 0.00/1458.08/32.00) lat (ms,95%): 125.52 err/s: 0.00 reconn/s: 0.00
[ 180s ] thds: 128 tps: 1535.91 qps: 1535.91 (r/w/o: 0.00/1510.91/25.00) lat (ms,95%): 125.52 err/s: 0.00 reconn/s: 0.00
[ 181s ] thds: 128 tps: 1449.53 qps: 1449.53 (r/w/o: 0.00/1422.52/27.01) lat (ms,95%): 125.52 err/s: 0.00 reconn/s: 0.00
[ 182s ] thds: 128 tps: 1403.10 qps: 1403.10 (r/w/o: 0.00/1382.10/21.00) lat (ms,95%): 123.28 err/s: 0.00 reconn/s: 0.00
[ 183s ] thds: 128 tps: 1404.45 qps: 1404.45 (r/w/o: 0.00/1374.46/29.99) lat (ms,95%): 125.52 err/s: 0.00 reconn/s: 0.00
[ 184s ] thds: 128 tps: 1825.67 qps: 1825.67 (r/w/o: 0.00/1783.68/41.99) lat (ms,95%): 116.80 err/s: 0.00 reconn/s: 0.00
[ 185s ] thds: 128 tps: 2926.67 qps: 2926.67 (r/w/o: 0.00/2851.63/75.04) lat (ms,95%): 104.84 err/s: 0.00 reconn/s: 0.00
[ 186s ] thds: 128 tps: 2919.67 qps: 2919.67 (r/w/o: 0.00/2851.68/67.99) lat (ms,95%): 104.84 err/s: 0.00 reconn/s: 0.00
[ 187s ] thds: 128 tps: 2918.54 qps: 2918.54 (r/w/o: 0.00/2845.58/72.96) lat (ms,95%): 101.13 err/s: 0.00 reconn/s: 0.00
[ 188s ] thds: 128 tps: 2897.53 qps: 2897.53 (r/w/o: 0.00/2812.54/84.99) lat (ms,95%): 97.55 err/s: 0.00 reconn/s: 0.00
[ 189s ] thds: 128 tps: 1819.65 qps: 1819.65 (r/w/o: 0.00/1785.64/34.01) lat (ms,95%): 90.78 err/s: 0.00 reconn/s: 0.00
[ 190s ] thds: 128 tps: 1559.97 qps: 1559.97 (r/w/o: 0.00/1514.97/45.00) lat (ms,95%): 90.78 err/s: 0.00 reconn/s: 0.00
[ 191s ] thds: 128 tps: 1589.02 qps: 1589.02 (r/w/o: 0.00/1554.02/35.00) lat (ms,95%): 90.78 err/s: 0.00 reconn/s: 0.00
[ 192s ] thds: 128 tps: 1483.70 qps: 1483.70 (r/w/o: 0.00/1458.68/25.01) lat (ms,95%): 147.61 err/s: 0.00 reconn/s: 0.00
[ 193s ] thds: 128 tps: 1476.91 qps: 1476.91 (r/w/o: 0.00/1439.94/36.97) lat (ms,95%): 142.39 err/s: 0.00 reconn/s: 0.00
[ 194s ] thds: 128 tps: 1482.26 qps: 1482.26 (r/w/o: 0.00/1456.25/26.00) lat (ms,95%): 147.61 err/s: 0.00 reconn/s: 0.00
[ 195s ] thds: 128 tps: 1500.84 qps: 1500.84 (r/w/o: 0.00/1470.84/30.00) lat (ms,95%): 139.85 err/s: 0.00 reconn/s: 0.00
[ 196s ] thds: 128 tps: 1626.72 qps: 1626.72 (r/w/o: 0.00/1596.72/29.99) lat (ms,95%): 106.75 err/s: 0.00 reconn/s: 0.00
[ 197s ] thds: 128 tps: 2794.37 qps: 2794.37 (r/w/o: 0.00/2746.33/48.04) lat (ms,95%): 106.75 err/s: 0.00 reconn/s: 0.00
[ 198s ] thds: 128 tps: 2819.84 qps: 2819.84 (r/w/o: 0.00/2754.84/65.00) lat (ms,95%): 101.13 err/s: 0.00 reconn/s: 0.00
[ 199s ] thds: 128 tps: 2852.36 qps: 2852.36 (r/w/o: 0.00/2800.38/51.99) lat (ms,95%): 97.55 err/s: 0.00 reconn/s: 0.00
[ 200s ] thds: 128 tps: 2923.79 qps: 2923.79 (r/w/o: 0.00/2861.81/61.97) lat (ms,95%): 87.56 err/s: 0.00 reconn/s: 0.00
[ 201s ] thds: 128 tps: 2880.44 qps: 2880.44 (r/w/o: 0.00/2818.41/62.03) lat (ms,95%): 90.78 err/s: 0.00 reconn/s: 0.00
[ 202s ] thds: 128 tps: 1684.48 qps: 1684.48 (r/w/o: 0.00/1653.49/30.99) lat (ms,95%): 101.13 err/s: 0.00 reconn/s: 0.00
[ 203s ] thds: 128 tps: 1514.53 qps: 1514.53 (r/w/o: 0.00/1477.51/37.01) lat (ms,95%): 150.29 err/s: 0.00 reconn/s: 0.00
[ 204s ] thds: 128 tps: 1517.07 qps: 1517.07 (r/w/o: 0.00/1476.09/40.97) lat (ms,95%): 150.29 err/s: 0.00 reconn/s: 0.00
[ 205s ] thds: 128 tps: 1506.19 qps: 1506.19 (r/w/o: 0.00/1476.17/30.02) lat (ms,95%): 150.29 err/s: 0.00 reconn/s: 0.00
[ 206s ] thds: 128 tps: 1519.70 qps: 1519.70 (r/w/o: 0.00/1484.71/34.99) lat (ms,95%): 147.61 err/s: 0.00 reconn/s: 0.00
[ 207s ] thds: 128 tps: 1490.29 qps: 1490.29 (r/w/o: 0.00/1469.30/20.99) lat (ms,95%): 144.97 err/s: 0.00 reconn/s: 0.00
[ 208s ] thds: 128 tps: 1504.03 qps: 1504.03 (r/w/o: 0.00/1474.03/30.00) lat (ms,95%): 144.97 err/s: 0.00 reconn/s: 0.00
[ 209s ] thds: 128 tps: 1515.14 qps: 1515.14 (r/w/o: 0.00/1477.14/38.00) lat (ms,95%): 144.97 err/s: 0.00 reconn/s: 0.00
[ 210s ] thds: 128 tps: 1605.43 qps: 1605.43 (r/w/o: 0.00/1560.42/45.01) lat (ms,95%): 116.80 err/s: 0.00 reconn/s: 0.00
[ 211s ] thds: 128 tps: 1551.32 qps: 1551.32 (r/w/o: 0.00/1515.31/36.01) lat (ms,95%): 116.80 err/s: 0.00 reconn/s: 0.00
[ 212s ] thds: 128 tps: 1446.96 qps: 1446.96 (r/w/o: 0.00/1421.96/25.00) lat (ms,95%): 121.08 err/s: 0.00 reconn/s: 0.00
[ 213s ] thds: 128 tps: 1485.50 qps: 1485.50 (r/w/o: 0.00/1446.54/38.96) lat (ms,95%): 116.80 err/s: 0.00 reconn/s: 0.00
[ 214s ] thds: 128 tps: 1479.30 qps: 1479.30 (r/w/o: 0.00/1456.30/23.00) lat (ms,95%): 132.49 err/s: 0.00 reconn/s: 0.00
[ 215s ] thds: 128 tps: 1459.74 qps: 1459.74 (r/w/o: 0.00/1427.74/31.99) lat (ms,95%): 137.35 err/s: 0.00 reconn/s: 0.00
[ 216s ] thds: 128 tps: 1448.46 qps: 1448.46 (r/w/o: 0.00/1409.42/39.04) lat (ms,95%): 137.35 err/s: 0.00 reconn/s: 0.00
[ 217s ] thds: 128 tps: 1465.92 qps: 1465.92 (r/w/o: 0.00/1422.93/43.00) lat (ms,95%): 137.35 err/s: 0.00 reconn/s: 0.00
[ 218s ] thds: 128 tps: 1498.24 qps: 1498.24 (r/w/o: 0.00/1468.25/29.98) lat (ms,95%): 137.35 err/s: 0.00 reconn/s: 0.00
[ 219s ] thds: 128 tps: 1504.09 qps: 1504.09 (r/w/o: 0.00/1480.08/24.00) lat (ms,95%): 134.90 err/s: 0.00 reconn/s: 0.00
[ 220s ] thds: 128 tps: 1548.66 qps: 1548.66 (r/w/o: 0.00/1522.65/26.01) lat (ms,95%): 134.90 err/s: 0.00 reconn/s: 0.00
[ 221s ] thds: 128 tps: 1518.69 qps: 1518.69 (r/w/o: 0.00/1487.69/30.99) lat (ms,95%): 132.49 err/s: 0.00 reconn/s: 0.00
[ 222s ] thds: 128 tps: 1516.43 qps: 1516.43 (r/w/o: 0.00/1482.44/33.99) lat (ms,95%): 132.49 err/s: 0.00 reconn/s: 0.00
[ 223s ] thds: 128 tps: 1538.90 qps: 1538.90 (r/w/o: 0.00/1512.90/26.00) lat (ms,95%): 106.75 err/s: 0.00 reconn/s: 0.00
[ 224s ] thds: 128 tps: 1558.00 qps: 1558.00 (r/w/o: 0.00/1536.00/22.00) lat (ms,95%): 106.75 err/s: 0.00 reconn/s: 0.00
[ 225s ] thds: 128 tps: 1486.36 qps: 1486.36 (r/w/o: 0.00/1446.35/40.01) lat (ms,95%): 132.49 err/s: 0.00 reconn/s: 0.00
[ 226s ] thds: 128 tps: 1437.87 qps: 1437.87 (r/w/o: 0.00/1403.87/34.00) lat (ms,95%): 134.90 err/s: 0.00 reconn/s: 0.00
[ 227s ] thds: 128 tps: 1440.16 qps: 1440.16 (r/w/o: 0.00/1415.16/25.00) lat (ms,95%): 137.35 err/s: 0.00 reconn/s: 0.00
[ 228s ] thds: 128 tps: 1499.36 qps: 1499.36 (r/w/o: 0.00/1461.35/38.01) lat (ms,95%): 137.35 err/s: 0.00 reconn/s: 0.00
[ 229s ] thds: 128 tps: 1519.07 qps: 1519.07 (r/w/o: 0.00/1490.07/29.00) lat (ms,95%): 144.97 err/s: 0.00 reconn/s: 0.00
[ 230s ] thds: 128 tps: 1482.19 qps: 1482.19 (r/w/o: 0.00/1453.19/29.00) lat (ms,95%): 144.97 err/s: 0.00 reconn/s: 0.00
[ 231s ] thds: 128 tps: 1474.02 qps: 1474.02 (r/w/o: 0.00/1449.02/25.00) lat (ms,95%): 144.97 err/s: 0.00 reconn/s: 0.00
[ 232s ] thds: 128 tps: 1532.79 qps: 1532.79 (r/w/o: 0.00/1493.80/38.99) lat (ms,95%): 132.49 err/s: 0.00 reconn/s: 0.00
[ 233s ] thds: 128 tps: 1573.02 qps: 1573.02 (r/w/o: 0.00/1537.02/36.00) lat (ms,95%): 130.13 err/s: 0.00 reconn/s: 0.00
[ 234s ] thds: 128 tps: 1513.12 qps: 1513.12 (r/w/o: 0.00/1491.11/22.00) lat (ms,95%): 130.13 err/s: 0.00 reconn/s: 0.00
[ 235s ] thds: 128 tps: 1473.11 qps: 1473.11 (r/w/o: 0.00/1443.11/30.00) lat (ms,95%): 137.35 err/s: 0.00 reconn/s: 0.00
[ 236s ] thds: 128 tps: 1460.84 qps: 1460.84 (r/w/o: 0.00/1418.85/42.00) lat (ms,95%): 137.35 err/s: 0.00 reconn/s: 0.00
[ 237s ] thds: 128 tps: 1557.77 qps: 1557.77 (r/w/o: 0.00/1523.77/33.99) lat (ms,95%): 106.75 err/s: 0.00 reconn/s: 0.00
[ 238s ] thds: 128 tps: 1596.43 qps: 1596.43 (r/w/o: 0.00/1567.42/29.01) lat (ms,95%): 112.67 err/s: 0.00 reconn/s: 0.00
[ 239s ] thds: 128 tps: 1484.98 qps: 1484.98 (r/w/o: 0.00/1456.98/28.00) lat (ms,95%): 114.72 err/s: 0.00 reconn/s: 0.00
[ 240s ] thds: 128 tps: 1451.80 qps: 1451.80 (r/w/o: 0.00/1425.81/26.00) lat (ms,95%): 215.44 err/s: 0.00 reconn/s: 0.00
Latency histogram (values are in milliseconds)
       value  ------------- distribution ------------- count
       4.999 |                                         1
       5.090 |                                         1
       5.183 |                                         1
       5.277 |                                         1
       5.373 |                                         2
       5.470 |                                         4
       5.570 |                                         12
       5.671 |                                         17
       5.774 |                                         23
       5.879 |                                         37
       5.986 |                                         61
       6.095 |                                         122
       6.205 |                                         198
       6.318 |*                                        291
       6.433 |*                                        398
       6.550 |*                                        450
       6.669 |*                                        554
       6.790 |**                                       709
       6.913 |**                                       863
       7.039 |**                                       1138
       7.167 |***                                      1600
       7.297 |*****                                    2102
       7.430 |*****                                    2410
       7.565 |*****                                    2336
       7.702 |*****                                    2113
       7.842 |*****                                    2193
       7.985 |*****                                    2370
       8.130 |*****                                    2301
       8.277 |******                                   2563
       8.428 |******                                   2590
       8.581 |*****                                    2456
       8.737 |****                                     2046
       8.895 |****                                     1775
       9.057 |***                                      1592
       9.222 |***                                      1458
       9.389 |***                                      1488
       9.560 |***                                      1246
       9.734 |**                                       1007
       9.910 |**                                       758
      10.090 |*                                        547
      10.274 |*                                        437
      10.460 |*                                        300
      10.651 |*                                        237
      10.844 |                                         168
      11.041 |                                         111
      11.242 |                                         80
      11.446 |                                         46
      11.654 |                                         42
      11.866 |                                         29
      12.081 |                                         18
      12.301 |                                         12
      12.524 |                                         9
      12.752 |                                         10
      12.984 |                                         2
      13.219 |                                         6
      13.460 |                                         2
      13.704 |                                         2
      13.953 |                                         2
      14.465 |                                         2
      15.268 |                                         1
      15.828 |                                         2
      16.408 |                                         5
      17.010 |                                         1
      17.633 |                                         1
      17.954 |                                         1
      18.280 |                                         3
      18.950 |                                         3
      19.295 |                                         2
      19.645 |                                         1
      20.002 |                                         6
      20.366 |                                         1
      21.112 |                                         2
      21.496 |                                         4
      21.886 |                                         2
      22.284 |                                         2
      22.689 |                                         6
      23.101 |                                         3
      23.521 |                                         3
      23.948 |                                         4
      24.827 |                                         5
      25.278 |                                         2
      25.737 |                                         2
      26.205 |                                         3
      26.681 |                                         7
      27.659 |                                         6
      28.162 |                                         3
      28.673 |                                         2
      29.194 |                                         1
      29.725 |                                         5
      30.265 |                                         3
      30.815 |                                         4
      31.375 |                                         2
      31.945 |                                         4
      32.525 |                                         2
      33.116 |                                         5
      33.718 |                                         9
      34.330 |                                         4
      34.954 |                                         4
      35.589 |                                         8
      36.236 |                                         4
      36.894 |                                         8
      37.565 |                                         6
      38.247 |                                         9
      38.942 |                                         13
      39.650 |                                         17
      40.370 |                                         26
      41.104 |                                         54
      41.851 |                                         64
      42.611 |                                         96
      43.385 |                                         221
      44.173 |*                                        299
      44.976 |*                                        318
      45.793 |*                                        350
      46.625 |*                                        528
      47.472 |**                                       752
      48.335 |**                                       896
      49.213 |**                                       1065
      50.107 |***                                      1201
      51.018 |***                                      1543
      51.945 |*****                                    2339
      52.889 |*******                                  3039
      53.850 |*******                                  3343
      54.828 |******                                   2751
      55.824 |****                                     2066
      56.839 |*****                                    2121
      57.871 |******                                   2928
      58.923 |********                                 3557
      59.993 |********                                 3915
      61.083 |***********                              4939
      62.193 |***********                              5276
      63.323 |************                             5561
      64.474 |****************                         7394
      65.645 |*******************                      8963
      66.838 |************************                 11117
      68.053 |*************************                11538
      69.289 |***************************              12440
      70.548 |*********************************        15104
      71.830 |**************************************   17753
      73.135 |**************************************** 18483
      74.464 |**************************************** 18505
      75.817 |*************************************    17002
      77.194 |**********************************       15790
      78.597 |***********************************      16079
      80.025 |*********************************        15336
      81.479 |***************************              12702
      82.959 |***************************              12395
      84.467 |***********************                  10488
      86.002 |*******************                      8992
      87.564 |****************                         7443
      89.155 |***************                          6984
      90.775 |***********                              4970
      92.424 |*****                                    2534
      94.104 |****                                     1769
      95.814 |*****                                    2390
      97.555 |*****                                    2266
      99.327 |*****                                    2258
     101.132 |******                                   2822
     102.969 |******                                   2572
     104.840 |*****                                    2413
     106.745 |******                                   2986
     108.685 |***                                      1575
     110.659 |**                                       975
     112.670 |****                                     1676
     114.717 |***                                      1590
     116.802 |***                                      1445
     118.924 |***                                      1392
     121.085 |**                                       974
     123.285 |***                                      1422
     125.525 |*****                                    2142
     127.805 |**                                       897
     130.128 |**                                       1116
     132.492 |****                                     1938
     134.899 |**                                       854
     137.350 |***                                      1321
     139.846 |*                                        670
     142.387 |**                                       965
     144.974 |***                                      1193
     147.608 |**                                       922
     150.290 |**                                       758
     153.021 |*                                        290
     155.801 |*                                        558
     158.632 |*                                        369
     161.514 |**                                       793
     164.449 |**                                       703
     167.437 |**                                       762
     170.479 |**                                       894
     173.577 |**                                       850
     176.731 |**                                       767
     179.942 |*                                        460
     183.211 |*                                        232
     186.540 |*                                        444
     189.929 |*                                        454
     193.380 |*                                        348
     196.894 |*                                        572
     200.472 |*                                        498
     204.114 |*                                        500
     207.823 |*                                        408
     211.599 |*                                        377
     215.443 |*                                        272
     219.358 |                                         202
     223.344 |                                         160
     227.402 |*                                        465
     231.534 |*                                        296
     235.740 |                                         24
     240.024 |                                         40
     244.385 |                                         153
     248.825 |*                                        239
     253.346 |                                         193
     257.950 |*                                        235
     262.636 |                                         86
     267.408 |                                         200
     272.267 |                                         164
     277.214 |                                         212
     282.251 |                                         100
     287.379 |*                                        358
     292.601 |                                         96
     297.917 |                                         46
     303.330 |                                         91
     308.842 |                                         65
     314.453 |                                         59
     320.167 |                                         121
     325.984 |                                         62
     331.907 |                                         60
     337.938 |                                         139
     344.078 |                                         56
     350.330 |                                         15
     356.695 |                                         10
     363.176 |                                         8
     369.775 |                                         7
     376.494 |                                         8
     383.334 |                                         6
     390.299 |                                         14
     397.391 |                                         39
     404.611 |                                         91
     411.963 |                                         21
     419.448 |                                         34
     427.069 |                                         13
     434.829 |                                         13
     442.730 |                                         9
     450.774 |                                         13
     458.964 |                                         49
     467.304 |                                         5
     475.794 |                                         8
     484.439 |                                         10
     493.242 |                                         9
     502.204 |                                         63
     511.328 |                                         23
     520.619 |                                         21
     530.078 |                                         78
     539.710 |                                         116
     549.516 |                                         23
     559.501 |                                         7
     569.667 |                                         5
     580.017 |                                         5
     590.556 |                                         5
     601.286 |                                         5
     612.211 |                                         6
     623.335 |                                         2
     634.661 |                                         2
     646.192 |                                         2
     657.933 |                                         1
     669.888 |                                         1
     694.452 |                                         1
     707.070 |                                         1
     893.561 |                                         1
     909.797 |                                         1
     926.327 |                                         1
     995.508 |                                         1
    1032.013 |                                         3
    1050.764 |                                         5
    1069.856 |                                         11
    1089.295 |                                         6
    1109.087 |                                         8
    1129.239 |                                         9
    1149.757 |                                         5
    1170.648 |                                         7
    1191.918 |                                         5
    1213.575 |                                         5
    1235.625 |                                         2
    1258.076 |                                         1
    1327.905 |                                         2
    1352.033 |                                         2
    1427.078 |                                         1
    1453.007 |                                         1
    1589.895 |                                         1
 
SQL statistics:
    queries performed:
        read:                            0
        write:                           394636
        other:                           8770
        total:                           403406
    transactions:                        403406 (1679.55 per sec.)
    queries:                             403406 (1679.55 per sec.)
    ignored errors:                      0      (0.00 per sec.)
    reconnects:                          0      (0.00 per sec.)

Throughput:
    events/s (eps):                      1679.5534
    time elapsed:                        240.1868s
    total number of events:              403406

Latency (ms):
         min:                                    5.00
         avg:                                   76.18
         max:                                 1588.12
         95th percentile:                      137.35
         sum:                             30729765.88

Threads fairness:
    events (avg/stddev):           3151.5547/423.01
    execution time (avg/stddev):   240.0763/0.04

