sysbench 1.1.0-3ceba0b (using bundled LuaJIT 2.1.0-beta3)

Running the test with following options:
Number of threads: 4
Warmup time: 60s
Report intermediate results every 1 second(s)
Initializing random number generator from current time


Initializing worker threads...

Threads started!

Warming up for 60 seconds...

[ 1s ] thds: 4 tps: 506.18 qps: 506.18 (r/w/o: 0.00/494.97/11.21) lat (ms,95%): 8.90 err/s: 0.00 reconn/s: 0.00
[ 2s ] thds: 4 tps: 518.98 qps: 518.98 (r/w/o: 0.00/503.98/15.00) lat (ms,95%): 8.90 err/s: 0.00 reconn/s: 0.00
[ 3s ] thds: 4 tps: 518.16 qps: 518.16 (r/w/o: 0.00/507.16/11.00) lat (ms,95%): 8.90 err/s: 0.00 reconn/s: 0.00
[ 4s ] thds: 4 tps: 516.01 qps: 516.01 (r/w/o: 0.00/507.01/9.00) lat (ms,95%): 8.90 err/s: 0.00 reconn/s: 0.00
[ 5s ] thds: 4 tps: 513.96 qps: 513.96 (r/w/o: 0.00/506.96/7.00) lat (ms,95%): 9.06 err/s: 0.00 reconn/s: 0.00
[ 6s ] thds: 4 tps: 517.90 qps: 517.90 (r/w/o: 0.00/509.91/8.00) lat (ms,95%): 8.90 err/s: 0.00 reconn/s: 0.00
[ 7s ] thds: 4 tps: 513.98 qps: 513.98 (r/w/o: 0.00/505.98/8.00) lat (ms,95%): 9.06 err/s: 0.00 reconn/s: 0.00
[ 8s ] thds: 4 tps: 517.00 qps: 517.00 (r/w/o: 0.00/501.00/16.00) lat (ms,95%): 9.06 err/s: 0.00 reconn/s: 0.00
[ 9s ] thds: 4 tps: 516.13 qps: 516.13 (r/w/o: 0.00/510.13/6.00) lat (ms,95%): 8.90 err/s: 0.00 reconn/s: 0.00
[ 10s ] thds: 4 tps: 514.88 qps: 514.88 (r/w/o: 0.00/498.88/16.00) lat (ms,95%): 8.90 err/s: 0.00 reconn/s: 0.00
[ 11s ] thds: 4 tps: 512.98 qps: 512.98 (r/w/o: 0.00/502.98/10.00) lat (ms,95%): 9.06 err/s: 0.00 reconn/s: 0.00
[ 12s ] thds: 4 tps: 514.01 qps: 514.01 (r/w/o: 0.00/503.01/11.00) lat (ms,95%): 8.90 err/s: 0.00 reconn/s: 0.00
[ 13s ] thds: 4 tps: 511.01 qps: 511.01 (r/w/o: 0.00/496.01/15.00) lat (ms,95%): 8.90 err/s: 0.00 reconn/s: 0.00
[ 14s ] thds: 4 tps: 518.12 qps: 518.12 (r/w/o: 0.00/510.11/8.00) lat (ms,95%): 9.06 err/s: 0.00 reconn/s: 0.00
[ 15s ] thds: 4 tps: 518.02 qps: 518.02 (r/w/o: 0.00/506.02/12.00) lat (ms,95%): 8.90 err/s: 0.00 reconn/s: 0.00
[ 16s ] thds: 4 tps: 515.82 qps: 515.82 (r/w/o: 0.00/503.83/12.00) lat (ms,95%): 8.90 err/s: 0.00 reconn/s: 0.00
[ 17s ] thds: 4 tps: 515.18 qps: 515.18 (r/w/o: 0.00/505.18/10.00) lat (ms,95%): 8.90 err/s: 0.00 reconn/s: 0.00
[ 18s ] thds: 4 tps: 516.93 qps: 516.93 (r/w/o: 0.00/510.93/6.00) lat (ms,95%): 8.90 err/s: 0.00 reconn/s: 0.00
[ 19s ] thds: 4 tps: 520.75 qps: 520.75 (r/w/o: 0.00/513.76/7.00) lat (ms,95%): 8.90 err/s: 0.00 reconn/s: 0.00
[ 20s ] thds: 4 tps: 520.18 qps: 520.18 (r/w/o: 0.00/500.18/20.01) lat (ms,95%): 8.90 err/s: 0.00 reconn/s: 0.00
[ 21s ] thds: 4 tps: 519.07 qps: 519.07 (r/w/o: 0.00/510.07/9.00) lat (ms,95%): 8.90 err/s: 0.00 reconn/s: 0.00
[ 22s ] thds: 4 tps: 519.16 qps: 519.16 (r/w/o: 0.00/505.15/14.00) lat (ms,95%): 8.90 err/s: 0.00 reconn/s: 0.00
[ 23s ] thds: 4 tps: 512.84 qps: 512.84 (r/w/o: 0.00/500.84/12.00) lat (ms,95%): 9.06 err/s: 0.00 reconn/s: 0.00
[ 24s ] thds: 4 tps: 511.92 qps: 511.92 (r/w/o: 0.00/496.92/15.00) lat (ms,95%): 9.06 err/s: 0.00 reconn/s: 0.00
[ 25s ] thds: 4 tps: 512.07 qps: 512.07 (r/w/o: 0.00/494.07/18.00) lat (ms,95%): 9.06 err/s: 0.00 reconn/s: 0.00
[ 26s ] thds: 4 tps: 514.95 qps: 514.95 (r/w/o: 0.00/501.95/13.00) lat (ms,95%): 8.90 err/s: 0.00 reconn/s: 0.00
[ 27s ] thds: 4 tps: 517.94 qps: 517.94 (r/w/o: 0.00/498.94/19.00) lat (ms,95%): 8.90 err/s: 0.00 reconn/s: 0.00
[ 28s ] thds: 4 tps: 518.12 qps: 518.12 (r/w/o: 0.00/508.12/10.00) lat (ms,95%): 8.90 err/s: 0.00 reconn/s: 0.00
[ 29s ] thds: 4 tps: 511.94 qps: 511.94 (r/w/o: 0.00/503.94/8.00) lat (ms,95%): 8.90 err/s: 0.00 reconn/s: 0.00
[ 30s ] thds: 4 tps: 515.98 qps: 515.98 (r/w/o: 0.00/505.98/10.00) lat (ms,95%): 9.06 err/s: 0.00 reconn/s: 0.00
[ 31s ] thds: 4 tps: 516.14 qps: 516.14 (r/w/o: 0.00/503.14/13.00) lat (ms,95%): 9.06 err/s: 0.00 reconn/s: 0.00
[ 32s ] thds: 4 tps: 510.90 qps: 510.90 (r/w/o: 0.00/501.90/9.00) lat (ms,95%): 8.90 err/s: 0.00 reconn/s: 0.00
[ 33s ] thds: 4 tps: 512.06 qps: 512.06 (r/w/o: 0.00/500.05/12.00) lat (ms,95%): 9.06 err/s: 0.00 reconn/s: 0.00
[ 34s ] thds: 4 tps: 516.06 qps: 516.06 (r/w/o: 0.00/502.06/14.00) lat (ms,95%): 9.06 err/s: 0.00 reconn/s: 0.00
[ 35s ] thds: 4 tps: 517.94 qps: 517.94 (r/w/o: 0.00/507.94/10.00) lat (ms,95%): 9.06 err/s: 0.00 reconn/s: 0.00
[ 36s ] thds: 4 tps: 512.14 qps: 512.14 (r/w/o: 0.00/503.14/9.00) lat (ms,95%): 9.06 err/s: 0.00 reconn/s: 0.00
[ 37s ] thds: 4 tps: 518.74 qps: 518.74 (r/w/o: 0.00/507.75/10.99) lat (ms,95%): 8.90 err/s: 0.00 reconn/s: 0.00
[ 38s ] thds: 4 tps: 514.05 qps: 514.05 (r/w/o: 0.00/505.05/9.00) lat (ms,95%): 9.06 err/s: 0.00 reconn/s: 0.00
[ 39s ] thds: 4 tps: 519.06 qps: 519.06 (r/w/o: 0.00/505.06/14.00) lat (ms,95%): 8.90 err/s: 0.00 reconn/s: 0.00
[ 40s ] thds: 4 tps: 518.00 qps: 518.00 (r/w/o: 0.00/511.00/7.00) lat (ms,95%): 8.90 err/s: 0.00 reconn/s: 0.00
[ 41s ] thds: 4 tps: 516.01 qps: 516.01 (r/w/o: 0.00/506.01/10.00) lat (ms,95%): 8.90 err/s: 0.00 reconn/s: 0.00
[ 42s ] thds: 4 tps: 519.99 qps: 519.99 (r/w/o: 0.00/508.99/11.00) lat (ms,95%): 8.90 err/s: 0.00 reconn/s: 0.00
[ 43s ] thds: 4 tps: 514.91 qps: 514.91 (r/w/o: 0.00/504.91/10.00) lat (ms,95%): 8.90 err/s: 0.00 reconn/s: 0.00
[ 44s ] thds: 4 tps: 518.08 qps: 518.08 (r/w/o: 0.00/509.08/9.00) lat (ms,95%): 9.06 err/s: 0.00 reconn/s: 0.00
[ 45s ] thds: 4 tps: 517.02 qps: 517.02 (r/w/o: 0.00/511.02/6.00) lat (ms,95%): 8.90 err/s: 0.00 reconn/s: 0.00
[ 46s ] thds: 4 tps: 524.98 qps: 524.98 (r/w/o: 0.00/511.98/13.00) lat (ms,95%): 8.90 err/s: 0.00 reconn/s: 0.00
[ 47s ] thds: 4 tps: 518.99 qps: 518.99 (r/w/o: 0.00/510.99/8.00) lat (ms,95%): 8.90 err/s: 0.00 reconn/s: 0.00
[ 48s ] thds: 4 tps: 515.00 qps: 515.00 (r/w/o: 0.00/502.00/13.00) lat (ms,95%): 9.06 err/s: 0.00 reconn/s: 0.00
[ 49s ] thds: 4 tps: 516.02 qps: 516.02 (r/w/o: 0.00/507.02/9.00) lat (ms,95%): 9.06 err/s: 0.00 reconn/s: 0.00
[ 50s ] thds: 4 tps: 509.85 qps: 509.85 (r/w/o: 0.00/501.85/8.00) lat (ms,95%): 8.90 err/s: 0.00 reconn/s: 0.00
[ 51s ] thds: 4 tps: 517.14 qps: 517.14 (r/w/o: 0.00/509.14/8.00) lat (ms,95%): 8.90 err/s: 0.00 reconn/s: 0.00
[ 52s ] thds: 4 tps: 517.98 qps: 517.98 (r/w/o: 0.00/506.98/11.00) lat (ms,95%): 9.06 err/s: 0.00 reconn/s: 0.00
[ 53s ] thds: 4 tps: 515.01 qps: 515.01 (r/w/o: 0.00/503.01/12.00) lat (ms,95%): 8.90 err/s: 0.00 reconn/s: 0.00
[ 54s ] thds: 4 tps: 523.84 qps: 523.84 (r/w/o: 0.00/504.84/18.99) lat (ms,95%): 8.90 err/s: 0.00 reconn/s: 0.00
[ 55s ] thds: 4 tps: 518.16 qps: 518.16 (r/w/o: 0.00/506.15/12.00) lat (ms,95%): 9.06 err/s: 0.00 reconn/s: 0.00
[ 56s ] thds: 4 tps: 515.01 qps: 515.01 (r/w/o: 0.00/507.01/8.00) lat (ms,95%): 8.90 err/s: 0.00 reconn/s: 0.00
[ 57s ] thds: 4 tps: 518.96 qps: 518.96 (r/w/o: 0.00/503.96/15.00) lat (ms,95%): 8.90 err/s: 0.00 reconn/s: 0.00
[ 58s ] thds: 4 tps: 519.22 qps: 519.22 (r/w/o: 0.00/505.21/14.01) lat (ms,95%): 9.06 err/s: 0.00 reconn/s: 0.00
[ 59s ] thds: 4 tps: 510.79 qps: 510.79 (r/w/o: 0.00/499.79/11.00) lat (ms,95%): 9.22 err/s: 0.00 reconn/s: 0.00
[ 60s ] thds: 4 tps: 514.22 qps: 514.22 (r/w/o: 0.00/506.22/8.00) lat (ms,95%): 9.06 err/s: 0.00 reconn/s: 0.00
[ 61s ] thds: 4 tps: 521.77 qps: 521.77 (r/w/o: 0.00/514.78/7.00) lat (ms,95%): 8.90 err/s: 0.00 reconn/s: 0.00
[ 62s ] thds: 4 tps: 519.02 qps: 519.02 (r/w/o: 0.00/508.02/11.00) lat (ms,95%): 8.90 err/s: 0.00 reconn/s: 0.00
[ 63s ] thds: 4 tps: 517.99 qps: 517.99 (r/w/o: 0.00/504.99/13.00) lat (ms,95%): 8.90 err/s: 0.00 reconn/s: 0.00
[ 64s ] thds: 4 tps: 517.92 qps: 517.92 (r/w/o: 0.00/504.92/13.00) lat (ms,95%): 8.90 err/s: 0.00 reconn/s: 0.00
[ 65s ] thds: 4 tps: 515.12 qps: 515.12 (r/w/o: 0.00/504.12/11.00) lat (ms,95%): 9.06 err/s: 0.00 reconn/s: 0.00
[ 66s ] thds: 4 tps: 515.97 qps: 515.97 (r/w/o: 0.00/505.97/10.00) lat (ms,95%): 9.06 err/s: 0.00 reconn/s: 0.00
[ 67s ] thds: 4 tps: 517.00 qps: 517.00 (r/w/o: 0.00/508.00/9.00) lat (ms,95%): 9.06 err/s: 0.00 reconn/s: 0.00
[ 68s ] thds: 4 tps: 518.01 qps: 518.01 (r/w/o: 0.00/503.01/15.00) lat (ms,95%): 9.06 err/s: 0.00 reconn/s: 0.00
[ 69s ] thds: 4 tps: 515.83 qps: 515.83 (r/w/o: 0.00/499.84/15.99) lat (ms,95%): 8.90 err/s: 0.00 reconn/s: 0.00
[ 70s ] thds: 4 tps: 509.15 qps: 509.15 (r/w/o: 0.00/499.14/10.00) lat (ms,95%): 8.90 err/s: 0.00 reconn/s: 0.00
[ 71s ] thds: 4 tps: 513.97 qps: 513.97 (r/w/o: 0.00/501.97/12.00) lat (ms,95%): 8.90 err/s: 0.00 reconn/s: 0.00
[ 72s ] thds: 4 tps: 510.15 qps: 510.15 (r/w/o: 0.00/497.14/13.00) lat (ms,95%): 9.06 err/s: 0.00 reconn/s: 0.00
[ 73s ] thds: 4 tps: 514.81 qps: 514.81 (r/w/o: 0.00/502.82/12.00) lat (ms,95%): 9.06 err/s: 0.00 reconn/s: 0.00
[ 74s ] thds: 4 tps: 515.00 qps: 515.00 (r/w/o: 0.00/508.00/7.00) lat (ms,95%): 8.90 err/s: 0.00 reconn/s: 0.00
[ 75s ] thds: 4 tps: 519.27 qps: 519.27 (r/w/o: 0.00/509.27/10.01) lat (ms,95%): 8.90 err/s: 0.00 reconn/s: 0.00
[ 76s ] thds: 4 tps: 512.79 qps: 512.79 (r/w/o: 0.00/503.79/9.00) lat (ms,95%): 8.90 err/s: 0.00 reconn/s: 0.00
[ 77s ] thds: 4 tps: 514.20 qps: 514.20 (r/w/o: 0.00/504.20/10.00) lat (ms,95%): 8.90 err/s: 0.00 reconn/s: 0.00
[ 78s ] thds: 4 tps: 514.04 qps: 514.04 (r/w/o: 0.00/500.04/14.00) lat (ms,95%): 8.90 err/s: 0.00 reconn/s: 0.00
[ 79s ] thds: 4 tps: 511.96 qps: 511.96 (r/w/o: 0.00/499.96/12.00) lat (ms,95%): 9.06 err/s: 0.00 reconn/s: 0.00
[ 80s ] thds: 4 tps: 510.70 qps: 510.70 (r/w/o: 0.00/500.71/9.99) lat (ms,95%): 9.06 err/s: 0.00 reconn/s: 0.00
[ 81s ] thds: 4 tps: 517.00 qps: 517.00 (r/w/o: 0.00/506.00/11.00) lat (ms,95%): 8.90 err/s: 0.00 reconn/s: 0.00
[ 82s ] thds: 4 tps: 518.11 qps: 518.11 (r/w/o: 0.00/502.11/16.00) lat (ms,95%): 8.90 err/s: 0.00 reconn/s: 0.00
[ 83s ] thds: 4 tps: 518.99 qps: 518.99 (r/w/o: 0.00/506.99/12.00) lat (ms,95%): 8.90 err/s: 0.00 reconn/s: 0.00
[ 84s ] thds: 4 tps: 517.17 qps: 517.17 (r/w/o: 0.00/505.17/12.00) lat (ms,95%): 8.90 err/s: 0.00 reconn/s: 0.00
[ 85s ] thds: 4 tps: 518.86 qps: 518.86 (r/w/o: 0.00/497.87/20.99) lat (ms,95%): 8.90 err/s: 0.00 reconn/s: 0.00
[ 86s ] thds: 4 tps: 514.97 qps: 514.97 (r/w/o: 0.00/502.97/12.00) lat (ms,95%): 9.06 err/s: 0.00 reconn/s: 0.00
[ 87s ] thds: 4 tps: 515.97 qps: 515.97 (r/w/o: 0.00/506.97/9.00) lat (ms,95%): 8.90 err/s: 0.00 reconn/s: 0.00
[ 88s ] thds: 4 tps: 519.86 qps: 519.86 (r/w/o: 0.00/502.87/17.00) lat (ms,95%): 8.90 err/s: 0.00 reconn/s: 0.00
[ 89s ] thds: 4 tps: 515.16 qps: 515.16 (r/w/o: 0.00/502.16/13.00) lat (ms,95%): 8.90 err/s: 0.00 reconn/s: 0.00
[ 90s ] thds: 4 tps: 515.83 qps: 515.83 (r/w/o: 0.00/509.83/6.00) lat (ms,95%): 8.90 err/s: 0.00 reconn/s: 0.00
[ 91s ] thds: 4 tps: 511.07 qps: 511.07 (r/w/o: 0.00/508.07/3.00) lat (ms,95%): 8.90 err/s: 0.00 reconn/s: 0.00
[ 92s ] thds: 4 tps: 513.97 qps: 513.97 (r/w/o: 0.00/500.97/13.00) lat (ms,95%): 8.90 err/s: 0.00 reconn/s: 0.00
[ 93s ] thds: 4 tps: 514.10 qps: 514.10 (r/w/o: 0.00/504.10/10.00) lat (ms,95%): 8.90 err/s: 0.00 reconn/s: 0.00
[ 94s ] thds: 4 tps: 516.01 qps: 516.01 (r/w/o: 0.00/505.01/11.00) lat (ms,95%): 9.06 err/s: 0.00 reconn/s: 0.00
[ 95s ] thds: 4 tps: 514.00 qps: 514.00 (r/w/o: 0.00/501.00/13.00) lat (ms,95%): 9.06 err/s: 0.00 reconn/s: 0.00
[ 96s ] thds: 4 tps: 516.00 qps: 516.00 (r/w/o: 0.00/503.00/13.00) lat (ms,95%): 9.06 err/s: 0.00 reconn/s: 0.00
[ 97s ] thds: 4 tps: 513.19 qps: 513.19 (r/w/o: 0.00/503.19/10.00) lat (ms,95%): 8.90 err/s: 0.00 reconn/s: 0.00
[ 98s ] thds: 4 tps: 507.79 qps: 507.79 (r/w/o: 0.00/496.79/11.00) lat (ms,95%): 9.22 err/s: 0.00 reconn/s: 0.00
[ 99s ] thds: 4 tps: 514.06 qps: 514.06 (r/w/o: 0.00/507.06/7.00) lat (ms,95%): 9.06 err/s: 0.00 reconn/s: 0.00
[ 100s ] thds: 4 tps: 511.97 qps: 511.97 (r/w/o: 0.00/500.97/11.00) lat (ms,95%): 9.06 err/s: 0.00 reconn/s: 0.00
[ 101s ] thds: 4 tps: 520.00 qps: 520.00 (r/w/o: 0.00/511.00/9.00) lat (ms,95%): 8.90 err/s: 0.00 reconn/s: 0.00
[ 102s ] thds: 4 tps: 517.99 qps: 517.99 (r/w/o: 0.00/509.99/8.00) lat (ms,95%): 9.06 err/s: 0.00 reconn/s: 0.00
[ 103s ] thds: 4 tps: 516.79 qps: 516.79 (r/w/o: 0.00/506.80/10.00) lat (ms,95%): 8.90 err/s: 0.00 reconn/s: 0.00
[ 104s ] thds: 4 tps: 515.17 qps: 515.17 (r/w/o: 0.00/505.16/10.00) lat (ms,95%): 8.90 err/s: 0.00 reconn/s: 0.00
[ 105s ] thds: 4 tps: 514.02 qps: 514.02 (r/w/o: 0.00/503.02/11.00) lat (ms,95%): 9.06 err/s: 0.00 reconn/s: 0.00
[ 106s ] thds: 4 tps: 517.82 qps: 517.82 (r/w/o: 0.00/506.83/11.00) lat (ms,95%): 8.90 err/s: 0.00 reconn/s: 0.00
[ 107s ] thds: 4 tps: 512.17 qps: 512.17 (r/w/o: 0.00/505.17/7.00) lat (ms,95%): 9.06 err/s: 0.00 reconn/s: 0.00
[ 108s ] thds: 4 tps: 518.02 qps: 518.02 (r/w/o: 0.00/512.02/6.00) lat (ms,95%): 8.90 err/s: 0.00 reconn/s: 0.00
[ 109s ] thds: 4 tps: 513.98 qps: 513.98 (r/w/o: 0.00/504.98/9.00) lat (ms,95%): 8.90 err/s: 0.00 reconn/s: 0.00
[ 110s ] thds: 4 tps: 514.03 qps: 514.03 (r/w/o: 0.00/490.03/24.00) lat (ms,95%): 8.90 err/s: 0.00 reconn/s: 0.00
[ 111s ] thds: 4 tps: 516.95 qps: 516.95 (r/w/o: 0.00/501.95/15.00) lat (ms,95%): 9.06 err/s: 0.00 reconn/s: 0.00
[ 112s ] thds: 4 tps: 511.00 qps: 511.00 (r/w/o: 0.00/500.00/11.00) lat (ms,95%): 8.90 err/s: 0.00 reconn/s: 0.00
[ 113s ] thds: 4 tps: 515.31 qps: 515.31 (r/w/o: 0.00/498.30/17.01) lat (ms,95%): 8.90 err/s: 0.00 reconn/s: 0.00
[ 114s ] thds: 4 tps: 513.71 qps: 513.71 (r/w/o: 0.00/503.71/9.99) lat (ms,95%): 8.90 err/s: 0.00 reconn/s: 0.00
[ 115s ] thds: 4 tps: 517.00 qps: 517.00 (r/w/o: 0.00/508.00/9.00) lat (ms,95%): 8.90 err/s: 0.00 reconn/s: 0.00
[ 116s ] thds: 4 tps: 517.28 qps: 517.28 (r/w/o: 0.00/500.27/17.01) lat (ms,95%): 8.90 err/s: 0.00 reconn/s: 0.00
[ 117s ] thds: 4 tps: 518.74 qps: 518.74 (r/w/o: 0.00/507.75/10.99) lat (ms,95%): 8.90 err/s: 0.00 reconn/s: 0.00
[ 118s ] thds: 4 tps: 515.98 qps: 515.98 (r/w/o: 0.00/505.98/10.00) lat (ms,95%): 8.90 err/s: 0.00 reconn/s: 0.00
[ 119s ] thds: 4 tps: 512.23 qps: 512.23 (r/w/o: 0.00/501.23/11.00) lat (ms,95%): 8.90 err/s: 0.00 reconn/s: 0.00
[ 120s ] thds: 4 tps: 510.73 qps: 510.73 (r/w/o: 0.00/497.73/12.99) lat (ms,95%): 8.90 err/s: 0.00 reconn/s: 0.00
[ 121s ] thds: 4 tps: 514.21 qps: 514.21 (r/w/o: 0.00/498.20/16.01) lat (ms,95%): 9.06 err/s: 0.00 reconn/s: 0.00
[ 122s ] thds: 4 tps: 517.03 qps: 517.03 (r/w/o: 0.00/505.03/12.00) lat (ms,95%): 8.90 err/s: 0.00 reconn/s: 0.00
[ 123s ] thds: 4 tps: 520.78 qps: 520.78 (r/w/o: 0.00/507.79/12.99) lat (ms,95%): 8.90 err/s: 0.00 reconn/s: 0.00
[ 124s ] thds: 4 tps: 517.25 qps: 517.25 (r/w/o: 0.00/500.24/17.01) lat (ms,95%): 9.06 err/s: 0.00 reconn/s: 0.00
[ 125s ] thds: 4 tps: 511.73 qps: 511.73 (r/w/o: 0.00/491.74/19.99) lat (ms,95%): 9.06 err/s: 0.00 reconn/s: 0.00
[ 126s ] thds: 4 tps: 512.23 qps: 512.23 (r/w/o: 0.00/503.23/9.00) lat (ms,95%): 9.06 err/s: 0.00 reconn/s: 0.00
[ 127s ] thds: 4 tps: 513.81 qps: 513.81 (r/w/o: 0.00/497.82/15.99) lat (ms,95%): 9.06 err/s: 0.00 reconn/s: 0.00
[ 128s ] thds: 4 tps: 513.99 qps: 513.99 (r/w/o: 0.00/500.99/13.00) lat (ms,95%): 9.06 err/s: 0.00 reconn/s: 0.00
[ 129s ] thds: 4 tps: 512.89 qps: 512.89 (r/w/o: 0.00/506.89/6.00) lat (ms,95%): 8.90 err/s: 0.00 reconn/s: 0.00
[ 130s ] thds: 4 tps: 518.40 qps: 518.40 (r/w/o: 0.00/503.38/15.01) lat (ms,95%): 9.06 err/s: 0.00 reconn/s: 0.00
[ 131s ] thds: 4 tps: 512.70 qps: 512.70 (r/w/o: 0.00/505.71/7.00) lat (ms,95%): 9.06 err/s: 0.00 reconn/s: 0.00
[ 132s ] thds: 4 tps: 517.90 qps: 517.90 (r/w/o: 0.00/503.90/14.00) lat (ms,95%): 8.90 err/s: 0.00 reconn/s: 0.00
[ 133s ] thds: 4 tps: 513.01 qps: 513.01 (r/w/o: 0.00/502.01/11.00) lat (ms,95%): 9.06 err/s: 0.00 reconn/s: 0.00
[ 134s ] thds: 4 tps: 511.01 qps: 511.01 (r/w/o: 0.00/499.01/12.00) lat (ms,95%): 8.90 err/s: 0.00 reconn/s: 0.00
[ 135s ] thds: 4 tps: 517.01 qps: 517.01 (r/w/o: 0.00/503.01/14.00) lat (ms,95%): 9.06 err/s: 0.00 reconn/s: 0.00
[ 136s ] thds: 4 tps: 518.27 qps: 518.27 (r/w/o: 0.00/503.26/15.01) lat (ms,95%): 8.90 err/s: 0.00 reconn/s: 0.00
[ 137s ] thds: 4 tps: 519.08 qps: 519.08 (r/w/o: 0.00/511.07/8.00) lat (ms,95%): 8.90 err/s: 0.00 reconn/s: 0.00
[ 138s ] thds: 4 tps: 515.74 qps: 515.74 (r/w/o: 0.00/504.74/10.99) lat (ms,95%): 8.90 err/s: 0.00 reconn/s: 0.00
[ 139s ] thds: 4 tps: 514.29 qps: 514.29 (r/w/o: 0.00/502.29/12.01) lat (ms,95%): 9.06 err/s: 0.00 reconn/s: 0.00
[ 140s ] thds: 4 tps: 511.92 qps: 511.92 (r/w/o: 0.00/496.92/15.00) lat (ms,95%): 9.06 err/s: 0.00 reconn/s: 0.00
[ 141s ] thds: 4 tps: 515.70 qps: 515.70 (r/w/o: 0.00/504.71/10.99) lat (ms,95%): 8.90 err/s: 0.00 reconn/s: 0.00
[ 142s ] thds: 4 tps: 517.10 qps: 517.10 (r/w/o: 0.00/502.09/15.00) lat (ms,95%): 9.06 err/s: 0.00 reconn/s: 0.00
[ 143s ] thds: 4 tps: 518.20 qps: 518.20 (r/w/o: 0.00/503.19/15.01) lat (ms,95%): 8.90 err/s: 0.00 reconn/s: 0.00
[ 144s ] thds: 4 tps: 518.79 qps: 518.79 (r/w/o: 0.00/509.79/9.00) lat (ms,95%): 9.06 err/s: 0.00 reconn/s: 0.00
[ 145s ] thds: 4 tps: 521.20 qps: 521.20 (r/w/o: 0.00/509.20/12.00) lat (ms,95%): 9.06 err/s: 0.00 reconn/s: 0.00
[ 146s ] thds: 4 tps: 516.69 qps: 516.69 (r/w/o: 0.00/500.70/15.99) lat (ms,95%): 8.90 err/s: 0.00 reconn/s: 0.00
[ 147s ] thds: 4 tps: 514.41 qps: 514.41 (r/w/o: 0.00/501.40/13.01) lat (ms,95%): 9.06 err/s: 0.00 reconn/s: 0.00
[ 148s ] thds: 4 tps: 509.93 qps: 509.93 (r/w/o: 0.00/505.93/4.00) lat (ms,95%): 9.06 err/s: 0.00 reconn/s: 0.00
[ 149s ] thds: 4 tps: 512.04 qps: 512.04 (r/w/o: 0.00/499.04/13.00) lat (ms,95%): 9.06 err/s: 0.00 reconn/s: 0.00
[ 150s ] thds: 4 tps: 518.05 qps: 518.05 (r/w/o: 0.00/504.05/14.00) lat (ms,95%): 8.90 err/s: 0.00 reconn/s: 0.00
[ 151s ] thds: 4 tps: 512.64 qps: 512.64 (r/w/o: 0.00/504.65/7.99) lat (ms,95%): 9.06 err/s: 0.00 reconn/s: 0.00
[ 152s ] thds: 4 tps: 515.18 qps: 515.18 (r/w/o: 0.00/504.18/11.00) lat (ms,95%): 8.90 err/s: 0.00 reconn/s: 0.00
[ 153s ] thds: 4 tps: 516.73 qps: 516.73 (r/w/o: 0.00/505.74/10.99) lat (ms,95%): 8.90 err/s: 0.00 reconn/s: 0.00
[ 154s ] thds: 4 tps: 510.02 qps: 510.02 (r/w/o: 0.00/501.02/9.00) lat (ms,95%): 9.06 err/s: 0.00 reconn/s: 0.00
[ 155s ] thds: 4 tps: 512.98 qps: 512.98 (r/w/o: 0.00/500.98/12.00) lat (ms,95%): 9.06 err/s: 0.00 reconn/s: 0.00
[ 156s ] thds: 4 tps: 513.07 qps: 513.07 (r/w/o: 0.00/502.07/11.00) lat (ms,95%): 9.06 err/s: 0.00 reconn/s: 0.00
[ 157s ] thds: 4 tps: 517.91 qps: 517.91 (r/w/o: 0.00/507.91/10.00) lat (ms,95%): 8.90 err/s: 0.00 reconn/s: 0.00
[ 158s ] thds: 4 tps: 517.42 qps: 517.42 (r/w/o: 0.00/510.41/7.01) lat (ms,95%): 9.06 err/s: 0.00 reconn/s: 0.00
[ 159s ] thds: 4 tps: 513.85 qps: 513.85 (r/w/o: 0.00/499.85/14.00) lat (ms,95%): 9.06 err/s: 0.00 reconn/s: 0.00
[ 160s ] thds: 4 tps: 511.15 qps: 511.15 (r/w/o: 0.00/497.15/14.00) lat (ms,95%): 9.06 err/s: 0.00 reconn/s: 0.00
[ 161s ] thds: 4 tps: 516.61 qps: 516.61 (r/w/o: 0.00/510.61/6.00) lat (ms,95%): 8.90 err/s: 0.00 reconn/s: 0.00
[ 162s ] thds: 4 tps: 515.16 qps: 515.16 (r/w/o: 0.00/501.16/14.00) lat (ms,95%): 8.90 err/s: 0.00 reconn/s: 0.00
[ 163s ] thds: 4 tps: 519.22 qps: 519.22 (r/w/o: 0.00/505.22/14.01) lat (ms,95%): 8.90 err/s: 0.00 reconn/s: 0.00
[ 164s ] thds: 4 tps: 515.63 qps: 515.63 (r/w/o: 0.00/507.64/7.99) lat (ms,95%): 9.06 err/s: 0.00 reconn/s: 0.00
[ 165s ] thds: 4 tps: 515.23 qps: 515.23 (r/w/o: 0.00/507.23/8.00) lat (ms,95%): 9.06 err/s: 0.00 reconn/s: 0.00
[ 166s ] thds: 4 tps: 515.14 qps: 515.14 (r/w/o: 0.00/501.13/14.00) lat (ms,95%): 8.90 err/s: 0.00 reconn/s: 0.00
[ 167s ] thds: 4 tps: 515.01 qps: 515.01 (r/w/o: 0.00/509.01/6.00) lat (ms,95%): 8.90 err/s: 0.00 reconn/s: 0.00
[ 168s ] thds: 4 tps: 511.63 qps: 511.63 (r/w/o: 0.00/501.63/9.99) lat (ms,95%): 9.06 err/s: 0.00 reconn/s: 0.00
[ 169s ] thds: 4 tps: 516.42 qps: 516.42 (r/w/o: 0.00/504.41/12.01) lat (ms,95%): 9.06 err/s: 0.00 reconn/s: 0.00
[ 170s ] thds: 4 tps: 516.95 qps: 516.95 (r/w/o: 0.00/508.95/8.00) lat (ms,95%): 9.06 err/s: 0.00 reconn/s: 0.00
[ 171s ] thds: 4 tps: 515.88 qps: 515.88 (r/w/o: 0.00/508.89/7.00) lat (ms,95%): 9.22 err/s: 0.00 reconn/s: 0.00
[ 172s ] thds: 4 tps: 518.10 qps: 518.10 (r/w/o: 0.00/505.10/13.00) lat (ms,95%): 9.06 err/s: 0.00 reconn/s: 0.00
[ 173s ] thds: 4 tps: 514.01 qps: 514.01 (r/w/o: 0.00/495.01/19.00) lat (ms,95%): 9.06 err/s: 0.00 reconn/s: 0.00
[ 174s ] thds: 4 tps: 519.03 qps: 519.03 (r/w/o: 0.00/507.03/12.00) lat (ms,95%): 9.06 err/s: 0.00 reconn/s: 0.00
[ 175s ] thds: 4 tps: 514.81 qps: 514.81 (r/w/o: 0.00/502.81/12.00) lat (ms,95%): 8.90 err/s: 0.00 reconn/s: 0.00
[ 176s ] thds: 4 tps: 517.18 qps: 517.18 (r/w/o: 0.00/494.17/23.01) lat (ms,95%): 9.06 err/s: 0.00 reconn/s: 0.00
[ 177s ] thds: 4 tps: 512.89 qps: 512.89 (r/w/o: 0.00/497.90/15.00) lat (ms,95%): 8.90 err/s: 0.00 reconn/s: 0.00
[ 178s ] thds: 4 tps: 518.96 qps: 518.96 (r/w/o: 0.00/504.96/14.00) lat (ms,95%): 8.90 err/s: 0.00 reconn/s: 0.00
[ 179s ] thds: 4 tps: 514.09 qps: 514.09 (r/w/o: 0.00/499.09/15.00) lat (ms,95%): 9.06 err/s: 0.00 reconn/s: 0.00
[ 180s ] thds: 4 tps: 515.63 qps: 515.63 (r/w/o: 0.00/506.63/8.99) lat (ms,95%): 9.06 err/s: 0.00 reconn/s: 0.00
[ 181s ] thds: 4 tps: 518.35 qps: 518.35 (r/w/o: 0.00/510.34/8.01) lat (ms,95%): 8.90 err/s: 0.00 reconn/s: 0.00
[ 182s ] thds: 4 tps: 510.07 qps: 510.07 (r/w/o: 0.00/502.07/8.00) lat (ms,95%): 9.22 err/s: 0.00 reconn/s: 0.00
[ 183s ] thds: 4 tps: 516.95 qps: 516.95 (r/w/o: 0.00/499.95/17.00) lat (ms,95%): 9.06 err/s: 0.00 reconn/s: 0.00
[ 184s ] thds: 4 tps: 511.97 qps: 511.97 (r/w/o: 0.00/496.97/15.00) lat (ms,95%): 9.06 err/s: 0.00 reconn/s: 0.00
[ 185s ] thds: 4 tps: 518.06 qps: 518.06 (r/w/o: 0.00/509.06/9.00) lat (ms,95%): 8.90 err/s: 0.00 reconn/s: 0.00
[ 186s ] thds: 4 tps: 516.01 qps: 516.01 (r/w/o: 0.00/507.01/9.00) lat (ms,95%): 8.90 err/s: 0.00 reconn/s: 0.00
[ 187s ] thds: 4 tps: 513.63 qps: 513.63 (r/w/o: 0.00/503.64/9.99) lat (ms,95%): 8.90 err/s: 0.00 reconn/s: 0.00
[ 188s ] thds: 4 tps: 514.37 qps: 514.37 (r/w/o: 0.00/506.36/8.01) lat (ms,95%): 9.06 err/s: 0.00 reconn/s: 0.00
[ 189s ] thds: 4 tps: 517.01 qps: 517.01 (r/w/o: 0.00/506.01/11.00) lat (ms,95%): 8.90 err/s: 0.00 reconn/s: 0.00
[ 190s ] thds: 4 tps: 512.83 qps: 512.83 (r/w/o: 0.00/499.84/13.00) lat (ms,95%): 9.06 err/s: 0.00 reconn/s: 0.00
[ 191s ] thds: 4 tps: 516.09 qps: 516.09 (r/w/o: 0.00/512.09/4.00) lat (ms,95%): 8.90 err/s: 0.00 reconn/s: 0.00
[ 192s ] thds: 4 tps: 518.11 qps: 518.11 (r/w/o: 0.00/511.10/7.00) lat (ms,95%): 8.90 err/s: 0.00 reconn/s: 0.00
[ 193s ] thds: 4 tps: 515.96 qps: 515.96 (r/w/o: 0.00/505.96/10.00) lat (ms,95%): 9.06 err/s: 0.00 reconn/s: 0.00
[ 194s ] thds: 4 tps: 513.86 qps: 513.86 (r/w/o: 0.00/503.87/10.00) lat (ms,95%): 9.06 err/s: 0.00 reconn/s: 0.00
[ 195s ] thds: 4 tps: 515.00 qps: 515.00 (r/w/o: 0.00/497.00/18.00) lat (ms,95%): 8.90 err/s: 0.00 reconn/s: 0.00
[ 196s ] thds: 4 tps: 517.00 qps: 517.00 (r/w/o: 0.00/505.00/12.00) lat (ms,95%): 8.90 err/s: 0.00 reconn/s: 0.00
[ 197s ] thds: 4 tps: 517.02 qps: 517.02 (r/w/o: 0.00/504.02/13.00) lat (ms,95%): 8.90 err/s: 0.00 reconn/s: 0.00
[ 198s ] thds: 4 tps: 511.98 qps: 511.98 (r/w/o: 0.00/500.98/11.00) lat (ms,95%): 8.90 err/s: 0.00 reconn/s: 0.00
[ 199s ] thds: 4 tps: 509.04 qps: 509.04 (r/w/o: 0.00/493.04/16.00) lat (ms,95%): 9.22 err/s: 0.00 reconn/s: 0.00
[ 200s ] thds: 4 tps: 509.95 qps: 509.95 (r/w/o: 0.00/498.95/11.00) lat (ms,95%): 9.22 err/s: 0.00 reconn/s: 0.00
[ 201s ] thds: 4 tps: 515.08 qps: 515.08 (r/w/o: 0.00/508.08/7.00) lat (ms,95%): 9.06 err/s: 0.00 reconn/s: 0.00
[ 202s ] thds: 4 tps: 515.02 qps: 515.02 (r/w/o: 0.00/503.02/12.00) lat (ms,95%): 9.06 err/s: 0.00 reconn/s: 0.00
[ 203s ] thds: 4 tps: 515.02 qps: 515.02 (r/w/o: 0.00/505.02/10.00) lat (ms,95%): 9.06 err/s: 0.00 reconn/s: 0.00
[ 204s ] thds: 4 tps: 513.00 qps: 513.00 (r/w/o: 0.00/506.00/7.00) lat (ms,95%): 9.06 err/s: 0.00 reconn/s: 0.00
[ 205s ] thds: 4 tps: 512.88 qps: 512.88 (r/w/o: 0.00/502.88/10.00) lat (ms,95%): 9.06 err/s: 0.00 reconn/s: 0.00
[ 206s ] thds: 4 tps: 512.98 qps: 512.98 (r/w/o: 0.00/502.98/10.00) lat (ms,95%): 9.06 err/s: 0.00 reconn/s: 0.00
[ 207s ] thds: 4 tps: 513.15 qps: 513.15 (r/w/o: 0.00/498.15/15.00) lat (ms,95%): 9.06 err/s: 0.00 reconn/s: 0.00
[ 208s ] thds: 4 tps: 517.86 qps: 517.86 (r/w/o: 0.00/504.86/13.00) lat (ms,95%): 8.90 err/s: 0.00 reconn/s: 0.00
[ 209s ] thds: 4 tps: 515.04 qps: 515.04 (r/w/o: 0.00/501.04/14.00) lat (ms,95%): 9.06 err/s: 0.00 reconn/s: 0.00
[ 210s ] thds: 4 tps: 517.97 qps: 517.97 (r/w/o: 0.00/509.98/8.00) lat (ms,95%): 9.06 err/s: 0.00 reconn/s: 0.00
[ 211s ] thds: 4 tps: 514.98 qps: 514.98 (r/w/o: 0.00/504.98/10.00) lat (ms,95%): 8.90 err/s: 0.00 reconn/s: 0.00
[ 212s ] thds: 4 tps: 517.18 qps: 517.18 (r/w/o: 0.00/504.18/13.00) lat (ms,95%): 9.06 err/s: 0.00 reconn/s: 0.00
[ 213s ] thds: 4 tps: 518.92 qps: 518.92 (r/w/o: 0.00/509.92/9.00) lat (ms,95%): 9.06 err/s: 0.00 reconn/s: 0.00
[ 214s ] thds: 4 tps: 510.89 qps: 510.89 (r/w/o: 0.00/505.89/5.00) lat (ms,95%): 9.39 err/s: 0.00 reconn/s: 0.00
[ 215s ] thds: 4 tps: 516.00 qps: 516.00 (r/w/o: 0.00/506.00/10.00) lat (ms,95%): 9.06 err/s: 0.00 reconn/s: 0.00
[ 216s ] thds: 4 tps: 517.10 qps: 517.10 (r/w/o: 0.00/507.10/10.00) lat (ms,95%): 9.06 err/s: 0.00 reconn/s: 0.00
[ 217s ] thds: 4 tps: 516.07 qps: 516.07 (r/w/o: 0.00/503.07/13.00) lat (ms,95%): 8.90 err/s: 0.00 reconn/s: 0.00
[ 218s ] thds: 4 tps: 516.02 qps: 516.02 (r/w/o: 0.00/500.02/16.00) lat (ms,95%): 9.06 err/s: 0.00 reconn/s: 0.00
[ 219s ] thds: 4 tps: 510.86 qps: 510.86 (r/w/o: 0.00/501.86/9.00) lat (ms,95%): 9.22 err/s: 0.00 reconn/s: 0.00
[ 220s ] thds: 4 tps: 514.07 qps: 514.07 (r/w/o: 0.00/501.07/13.00) lat (ms,95%): 8.90 err/s: 0.00 reconn/s: 0.00
[ 221s ] thds: 4 tps: 518.93 qps: 518.93 (r/w/o: 0.00/505.93/13.00) lat (ms,95%): 8.90 err/s: 0.00 reconn/s: 0.00
[ 222s ] thds: 4 tps: 519.94 qps: 519.94 (r/w/o: 0.00/507.94/12.00) lat (ms,95%): 8.90 err/s: 0.00 reconn/s: 0.00
[ 223s ] thds: 4 tps: 513.04 qps: 513.04 (r/w/o: 0.00/501.03/12.00) lat (ms,95%): 8.90 err/s: 0.00 reconn/s: 0.00
[ 224s ] thds: 4 tps: 519.18 qps: 519.18 (r/w/o: 0.00/510.18/9.00) lat (ms,95%): 9.06 err/s: 0.00 reconn/s: 0.00
[ 225s ] thds: 4 tps: 517.92 qps: 517.92 (r/w/o: 0.00/503.92/14.00) lat (ms,95%): 8.90 err/s: 0.00 reconn/s: 0.00
[ 226s ] thds: 4 tps: 515.97 qps: 515.97 (r/w/o: 0.00/498.97/17.00) lat (ms,95%): 8.90 err/s: 0.00 reconn/s: 0.00
[ 227s ] thds: 4 tps: 520.92 qps: 520.92 (r/w/o: 0.00/508.92/12.00) lat (ms,95%): 8.90 err/s: 0.00 reconn/s: 0.00
[ 228s ] thds: 4 tps: 519.99 qps: 519.99 (r/w/o: 0.00/508.99/11.00) lat (ms,95%): 8.90 err/s: 0.00 reconn/s: 0.00
[ 229s ] thds: 4 tps: 519.18 qps: 519.18 (r/w/o: 0.00/502.17/17.01) lat (ms,95%): 8.90 err/s: 0.00 reconn/s: 0.00
[ 230s ] thds: 4 tps: 513.88 qps: 513.88 (r/w/o: 0.00/497.89/16.00) lat (ms,95%): 8.90 err/s: 0.00 reconn/s: 0.00
[ 231s ] thds: 4 tps: 520.95 qps: 520.95 (r/w/o: 0.00/513.95/7.00) lat (ms,95%): 8.90 err/s: 0.00 reconn/s: 0.00
[ 232s ] thds: 4 tps: 517.97 qps: 517.97 (r/w/o: 0.00/504.97/13.00) lat (ms,95%): 9.06 err/s: 0.00 reconn/s: 0.00
[ 233s ] thds: 4 tps: 517.07 qps: 517.07 (r/w/o: 0.00/507.07/10.00) lat (ms,95%): 9.06 err/s: 0.00 reconn/s: 0.00
[ 234s ] thds: 4 tps: 509.94 qps: 509.94 (r/w/o: 0.00/494.94/15.00) lat (ms,95%): 9.06 err/s: 0.00 reconn/s: 0.00
[ 235s ] thds: 4 tps: 519.00 qps: 519.00 (r/w/o: 0.00/505.00/14.00) lat (ms,95%): 9.06 err/s: 0.00 reconn/s: 0.00
[ 236s ] thds: 4 tps: 514.01 qps: 514.01 (r/w/o: 0.00/503.01/11.00) lat (ms,95%): 9.06 err/s: 0.00 reconn/s: 0.00
[ 237s ] thds: 4 tps: 512.04 qps: 512.04 (r/w/o: 0.00/497.04/15.00) lat (ms,95%): 9.06 err/s: 0.00 reconn/s: 0.00
[ 238s ] thds: 4 tps: 516.00 qps: 516.00 (r/w/o: 0.00/503.00/13.00) lat (ms,95%): 8.90 err/s: 0.00 reconn/s: 0.00
[ 239s ] thds: 4 tps: 516.12 qps: 516.12 (r/w/o: 0.00/507.12/9.00) lat (ms,95%): 8.90 err/s: 0.00 reconn/s: 0.00
[ 240s ] thds: 4 tps: 514.76 qps: 514.76 (r/w/o: 0.00/501.77/12.99) lat (ms,95%): 9.06 err/s: 0.00 reconn/s: 0.00
Latency histogram (values are in milliseconds)
       value  ------------- distribution ------------- count
       4.252 |                                         1
       4.329 |                                         1
       4.737 |                                         3
       4.823 |                                         7
       4.910 |                                         17
       4.999 |                                         13
       5.090 |                                         33
       5.183 |                                         50
       5.277 |                                         95
       5.373 |                                         61
       5.470 |                                         69
       5.570 |                                         83
       5.671 |*                                        203
       5.774 |**                                       552
       5.879 |***                                      1018
       5.986 |****                                     1178
       6.095 |****                                     1264
       6.205 |******                                   2040
       6.318 |************                             3881
       6.433 |***********                              3666
       6.550 |********                                 2662
       6.669 |********                                 2552
       6.790 |********                                 2777
       6.913 |*********                                3007
       7.039 |***********                              3493
       7.167 |***********                              3562
       7.297 |**********************                   7168
       7.430 |*****************************            9493
       7.565 |***************                          5015
       7.702 |***************                          4792
       7.842 |*****************                        5667
       7.985 |**********************                   7055
       8.130 |***********************                  7457
       8.277 |*********************                    6983
       8.428 |**************************************** 13124
       8.581 |*************************                8111
       8.737 |******************                       5766
       8.895 |**************                           4634
       9.057 |******                                   1879
       9.222 |***                                      1006
       9.389 |***                                      1018
       9.560 |***                                      898
       9.734 |*                                        420
       9.910 |*                                        314
      10.090 |                                         151
      10.274 |                                         81
      10.460 |                                         115
      10.651 |                                         111
      10.844 |                                         51
      11.041 |                                         50
      11.242 |                                         23
      11.446 |                                         21
      11.654 |                                         17
      11.866 |                                         8
      12.081 |                                         7
      12.301 |                                         3
      12.524 |                                         5
      12.752 |                                         8
      12.984 |                                         2
      13.219 |                                         2
      13.460 |                                         1
      13.704 |                                         5
      13.953 |                                         1
      14.207 |                                         1
      15.828 |                                         1
      16.115 |                                         1
      25.278 |                                         1
 
SQL statistics:
    queries performed:
        read:                            0
        write:                           120990
        other:                           2764
        total:                           123754
    transactions:                        123754 (515.62 per sec.)
    queries:                             123754 (515.62 per sec.)
    ignored errors:                      0      (0.00 per sec.)
    reconnects:                          0      (0.00 per sec.)

Throughput:
    events/s (eps):                      515.6206
    time elapsed:                        240.0100s
    total number of events:              123754

Latency (ms):
         min:                                    4.25
         avg:                                    7.76
         max:                                   25.17
         95th percentile:                        9.06
         sum:                               959792.17

Threads fairness:
    events (avg/stddev):           30938.2500/2881.48
    execution time (avg/stddev):   239.9480/0.01

