sysbench 1.1.0-3ceba0b (using bundled LuaJIT 2.1.0-beta3)

Running the test with following options:
Number of threads: 128
Warmup time: 60s
Report intermediate results every 1 second(s)
Initializing random number generator from current time


Initializing worker threads...

Threads started!

Warming up for 60 seconds...

[ 1s ] thds: 128 tps: 485.91 qps: 9735.10 (r/w/o: 6816.45/1911.46/1007.20) lat (ms,95%): 450.77 err/s: 0.00 reconn/s: 0.00
[ 2s ] thds: 128 tps: 392.97 qps: 8028.32 (r/w/o: 5652.52/1557.87/817.93) lat (ms,95%): 458.96 err/s: 0.00 reconn/s: 0.00
[ 3s ] thds: 128 tps: 395.24 qps: 7810.76 (r/w/o: 5438.32/1560.95/811.49) lat (ms,95%): 475.79 err/s: 0.00 reconn/s: 0.00
[ 4s ] thds: 128 tps: 396.93 qps: 7947.62 (r/w/o: 5613.03/1514.74/819.86) lat (ms,95%): 484.44 err/s: 0.00 reconn/s: 0.00
[ 5s ] thds: 128 tps: 383.07 qps: 7893.42 (r/w/o: 5534.99/1565.28/793.14) lat (ms,95%): 484.44 err/s: 0.00 reconn/s: 0.00
[ 6s ] thds: 128 tps: 400.80 qps: 7975.95 (r/w/o: 5531.19/1611.18/833.58) lat (ms,95%): 475.79 err/s: 0.00 reconn/s: 0.00
[ 7s ] thds: 128 tps: 446.95 qps: 8711.96 (r/w/o: 6117.27/1673.80/920.89) lat (ms,95%): 356.70 err/s: 0.00 reconn/s: 0.00
[ 8s ] thds: 128 tps: 432.15 qps: 8692.04 (r/w/o: 6067.12/1728.60/896.31) lat (ms,95%): 350.33 err/s: 0.00 reconn/s: 0.00
[ 9s ] thds: 128 tps: 375.09 qps: 7850.91 (r/w/o: 5574.36/1504.37/772.19) lat (ms,95%): 484.44 err/s: 0.00 reconn/s: 0.00
[ 10s ] thds: 128 tps: 371.81 qps: 7228.26 (r/w/o: 5040.39/1424.26/763.60) lat (ms,95%): 484.44 err/s: 0.00 reconn/s: 0.00
[ 11s ] thds: 128 tps: 354.06 qps: 7254.16 (r/w/o: 5141.82/1379.22/733.12) lat (ms,95%): 475.79 err/s: 0.00 reconn/s: 0.00
[ 12s ] thds: 128 tps: 397.98 qps: 7604.60 (r/w/o: 5163.73/1611.92/828.96) lat (ms,95%): 475.79 err/s: 0.00 reconn/s: 0.00
[ 13s ] thds: 128 tps: 382.99 qps: 8002.80 (r/w/o: 5697.86/1525.96/778.98) lat (ms,95%): 434.83 err/s: 0.00 reconn/s: 0.00
[ 14s ] thds: 128 tps: 396.18 qps: 7377.43 (r/w/o: 5067.36/1490.69/819.38) lat (ms,95%): 434.83 err/s: 0.00 reconn/s: 0.00
[ 15s ] thds: 128 tps: 380.01 qps: 8037.17 (r/w/o: 5715.12/1539.03/783.02) lat (ms,95%): 434.83 err/s: 0.00 reconn/s: 0.00
[ 16s ] thds: 128 tps: 404.03 qps: 8101.55 (r/w/o: 5702.39/1564.11/835.06) lat (ms,95%): 427.07 err/s: 0.00 reconn/s: 0.00
[ 17s ] thds: 128 tps: 424.71 qps: 8292.32 (r/w/o: 5731.08/1686.85/874.40) lat (ms,95%): 337.94 err/s: 0.00 reconn/s: 0.00
[ 18s ] thds: 128 tps: 418.03 qps: 8743.61 (r/w/o: 6222.44/1653.12/868.06) lat (ms,95%): 337.94 err/s: 0.00 reconn/s: 0.00
[ 19s ] thds: 128 tps: 407.99 qps: 7942.89 (r/w/o: 5516.92/1581.98/843.99) lat (ms,95%): 369.77 err/s: 0.00 reconn/s: 0.00
[ 20s ] thds: 128 tps: 365.19 qps: 6900.65 (r/w/o: 4708.49/1438.76/753.40) lat (ms,95%): 580.02 err/s: 0.00 reconn/s: 0.00
[ 21s ] thds: 128 tps: 363.81 qps: 7799.93 (r/w/o: 5559.10/1483.23/757.60) lat (ms,95%): 590.56 err/s: 0.00 reconn/s: 0.00
[ 22s ] thds: 128 tps: 387.00 qps: 7834.97 (r/w/o: 5530.98/1501.99/802.00) lat (ms,95%): 590.56 err/s: 0.00 reconn/s: 0.00
[ 23s ] thds: 128 tps: 401.21 qps: 7397.90 (r/w/o: 5045.66/1521.80/830.44) lat (ms,95%): 623.33 err/s: 0.00 reconn/s: 0.00
[ 24s ] thds: 128 tps: 383.81 qps: 7931.99 (r/w/o: 5573.18/1560.21/798.60) lat (ms,95%): 669.89 err/s: 0.00 reconn/s: 0.00
[ 25s ] thds: 128 tps: 372.20 qps: 7525.06 (r/w/o: 5293.86/1466.79/764.41) lat (ms,95%): 682.06 err/s: 0.00 reconn/s: 0.00
[ 26s ] thds: 128 tps: 377.00 qps: 7418.96 (r/w/o: 5172.97/1466.99/779.00) lat (ms,95%): 682.06 err/s: 0.00 reconn/s: 0.00
[ 27s ] thds: 128 tps: 440.80 qps: 8962.90 (r/w/o: 6284.12/1767.19/911.58) lat (ms,95%): 623.33 err/s: 0.00 reconn/s: 0.00
[ 28s ] thds: 128 tps: 453.97 qps: 9261.33 (r/w/o: 6630.52/1690.88/939.93) lat (ms,95%): 325.98 err/s: 0.00 reconn/s: 0.00
[ 29s ] thds: 128 tps: 382.00 qps: 7254.95 (r/w/o: 4906.97/1554.99/792.99) lat (ms,95%): 657.93 err/s: 0.00 reconn/s: 0.00
[ 30s ] thds: 128 tps: 369.99 qps: 7563.80 (r/w/o: 5409.86/1389.96/763.98) lat (ms,95%): 657.93 err/s: 0.00 reconn/s: 0.00
[ 31s ] thds: 128 tps: 374.01 qps: 7488.26 (r/w/o: 5155.18/1561.05/772.03) lat (ms,95%): 657.93 err/s: 0.00 reconn/s: 0.00
[ 32s ] thds: 128 tps: 370.20 qps: 7755.29 (r/w/o: 5545.07/1450.80/759.42) lat (ms,95%): 669.89 err/s: 0.00 reconn/s: 0.00
[ 33s ] thds: 128 tps: 401.02 qps: 7445.30 (r/w/o: 5065.20/1551.06/829.03) lat (ms,95%): 601.29 err/s: 0.00 reconn/s: 0.00
[ 34s ] thds: 128 tps: 378.00 qps: 7963.01 (r/w/o: 5695.00/1485.00/783.00) lat (ms,95%): 590.56 err/s: 0.00 reconn/s: 0.00
[ 35s ] thds: 128 tps: 386.85 qps: 7492.04 (r/w/o: 5119.98/1573.38/798.68) lat (ms,95%): 601.29 err/s: 0.00 reconn/s: 0.00
[ 36s ] thds: 128 tps: 406.16 qps: 8584.42 (r/w/o: 6174.46/1575.63/834.33) lat (ms,95%): 580.02 err/s: 0.00 reconn/s: 0.00
[ 37s ] thds: 128 tps: 452.71 qps: 8907.23 (r/w/o: 6206.98/1779.85/920.40) lat (ms,95%): 331.91 err/s: 0.00 reconn/s: 0.00
[ 38s ] thds: 128 tps: 343.22 qps: 6879.34 (r/w/o: 4759.00/1417.89/702.44) lat (ms,95%): 590.56 err/s: 0.00 reconn/s: 0.00
[ 39s ] thds: 128 tps: 376.01 qps: 6992.15 (r/w/o: 4807.10/1410.03/775.02) lat (ms,95%): 590.56 err/s: 0.00 reconn/s: 0.00
[ 40s ] thds: 128 tps: 356.00 qps: 7700.00 (r/w/o: 5524.00/1433.00/743.00) lat (ms,95%): 580.02 err/s: 0.00 reconn/s: 0.00
[ 41s ] thds: 128 tps: 393.72 qps: 7223.90 (r/w/o: 4944.51/1472.96/806.43) lat (ms,95%): 590.56 err/s: 0.00 reconn/s: 0.00
[ 42s ] thds: 128 tps: 374.25 qps: 8055.34 (r/w/o: 5692.78/1589.05/773.51) lat (ms,95%): 746.32 err/s: 0.00 reconn/s: 0.00
[ 43s ] thds: 128 tps: 388.02 qps: 7253.35 (r/w/o: 5031.24/1420.07/802.04) lat (ms,95%): 759.88 err/s: 0.00 reconn/s: 0.00
[ 44s ] thds: 128 tps: 365.00 qps: 7650.97 (r/w/o: 5456.98/1438.99/755.00) lat (ms,95%): 773.68 err/s: 0.00 reconn/s: 0.00
[ 45s ] thds: 128 tps: 428.00 qps: 8394.95 (r/w/o: 5793.97/1715.99/885.00) lat (ms,95%): 733.00 err/s: 0.00 reconn/s: 0.00
[ 46s ] thds: 128 tps: 465.80 qps: 9235.95 (r/w/o: 6471.16/1805.21/959.58) lat (ms,95%): 331.91 err/s: 0.00 reconn/s: 0.00
[ 47s ] thds: 128 tps: 413.88 qps: 8258.60 (r/w/o: 5734.34/1668.52/855.75) lat (ms,95%): 419.45 err/s: 0.00 reconn/s: 0.00
[ 48s ] thds: 128 tps: 395.29 qps: 7989.85 (r/w/o: 5698.17/1483.09/808.59) lat (ms,95%): 458.96 err/s: 0.00 reconn/s: 0.00
[ 49s ] thds: 128 tps: 391.80 qps: 8132.75 (r/w/o: 5689.02/1641.14/802.58) lat (ms,95%): 467.30 err/s: 0.00 reconn/s: 0.00
[ 50s ] thds: 128 tps: 412.21 qps: 7881.97 (r/w/o: 5426.73/1603.81/851.43) lat (ms,95%): 467.30 err/s: 0.00 reconn/s: 0.00
[ 51s ] thds: 128 tps: 390.00 qps: 8191.03 (r/w/o: 5868.02/1519.00/804.00) lat (ms,95%): 511.33 err/s: 0.00 reconn/s: 0.00
[ 52s ] thds: 128 tps: 396.86 qps: 7780.22 (r/w/o: 5356.09/1608.43/815.71) lat (ms,95%): 520.62 err/s: 0.00 reconn/s: 0.00
[ 53s ] thds: 128 tps: 386.12 qps: 7793.37 (r/w/o: 5535.68/1459.44/798.24) lat (ms,95%): 530.08 err/s: 0.00 reconn/s: 0.00
[ 54s ] thds: 128 tps: 403.75 qps: 7789.26 (r/w/o: 5337.75/1621.01/830.49) lat (ms,95%): 530.08 err/s: 0.00 reconn/s: 0.00
[ 55s ] thds: 128 tps: 380.01 qps: 8066.22 (r/w/o: 5742.16/1551.04/773.02) lat (ms,95%): 539.71 err/s: 0.00 reconn/s: 0.00
[ 56s ] thds: 128 tps: 396.09 qps: 7640.67 (r/w/o: 5313.16/1510.33/817.18) lat (ms,95%): 530.08 err/s: 0.00 reconn/s: 0.00
[ 57s ] thds: 128 tps: 394.92 qps: 7760.33 (r/w/o: 5368.85/1570.66/820.82) lat (ms,95%): 530.08 err/s: 0.00 reconn/s: 0.00
[ 58s ] thds: 128 tps: 385.99 qps: 8158.87 (r/w/o: 5780.91/1574.98/802.99) lat (ms,95%): 530.08 err/s: 0.00 reconn/s: 0.00
[ 59s ] thds: 128 tps: 438.17 qps: 8460.26 (r/w/o: 5913.28/1634.63/912.35) lat (ms,95%): 369.77 err/s: 0.00 reconn/s: 0.00
[ 60s ] thds: 128 tps: 425.08 qps: 8617.57 (r/w/o: 6041.10/1702.31/874.16) lat (ms,95%): 369.77 err/s: 0.00 reconn/s: 0.00
[ 61s ] thds: 128 tps: 390.76 qps: 7433.43 (r/w/o: 5116.85/1506.07/810.50) lat (ms,95%): 419.45 err/s: 0.00 reconn/s: 0.00
[ 62s ] thds: 128 tps: 325.98 qps: 7091.63 (r/w/o: 5094.74/1316.93/679.96) lat (ms,95%): 530.08 err/s: 0.00 reconn/s: 0.00
[ 63s ] thds: 128 tps: 355.04 qps: 6423.67 (r/w/o: 4320.45/1371.14/732.08) lat (ms,95%): 520.62 err/s: 0.00 reconn/s: 0.00
[ 64s ] thds: 128 tps: 356.21 qps: 7473.35 (r/w/o: 5288.08/1449.84/735.43) lat (ms,95%): 520.62 err/s: 0.00 reconn/s: 0.00
[ 65s ] thds: 128 tps: 383.99 qps: 7762.83 (r/w/o: 5488.88/1476.97/796.98) lat (ms,95%): 549.52 err/s: 0.00 reconn/s: 0.00
[ 66s ] thds: 128 tps: 390.00 qps: 7336.93 (r/w/o: 5056.95/1475.99/803.99) lat (ms,95%): 646.19 err/s: 0.00 reconn/s: 0.00
[ 67s ] thds: 128 tps: 371.79 qps: 8147.44 (r/w/o: 5834.74/1541.14/771.57) lat (ms,95%): 646.19 err/s: 0.00 reconn/s: 0.00
[ 68s ] thds: 128 tps: 383.99 qps: 7221.87 (r/w/o: 4937.91/1487.97/795.99) lat (ms,95%): 646.19 err/s: 0.00 reconn/s: 0.00
[ 69s ] thds: 128 tps: 451.02 qps: 9083.40 (r/w/o: 6360.28/1793.08/930.04) lat (ms,95%): 511.33 err/s: 0.00 reconn/s: 0.00
[ 70s ] thds: 128 tps: 456.99 qps: 9234.86 (r/w/o: 6527.90/1756.97/949.99) lat (ms,95%): 325.98 err/s: 0.00 reconn/s: 0.00
[ 71s ] thds: 128 tps: 425.24 qps: 9043.17 (r/w/o: 6369.64/1799.03/874.50) lat (ms,95%): 325.98 err/s: 0.00 reconn/s: 0.00
[ 72s ] thds: 128 tps: 422.80 qps: 7454.52 (r/w/o: 5095.62/1487.31/871.59) lat (ms,95%): 511.33 err/s: 0.00 reconn/s: 0.00
[ 73s ] thds: 128 tps: 358.17 qps: 7461.52 (r/w/o: 5280.49/1435.68/745.35) lat (ms,95%): 580.02 err/s: 0.00 reconn/s: 0.00
[ 74s ] thds: 128 tps: 370.77 qps: 7734.20 (r/w/o: 5433.63/1528.05/772.52) lat (ms,95%): 580.02 err/s: 0.00 reconn/s: 0.00
[ 75s ] thds: 128 tps: 396.19 qps: 7912.70 (r/w/o: 5664.65/1430.67/817.38) lat (ms,95%): 580.02 err/s: 0.00 reconn/s: 0.00
[ 76s ] thds: 128 tps: 393.82 qps: 7491.60 (r/w/o: 5090.69/1589.28/811.63) lat (ms,95%): 669.89 err/s: 0.00 reconn/s: 0.00
[ 77s ] thds: 128 tps: 384.22 qps: 7784.44 (r/w/o: 5507.14/1478.84/798.46) lat (ms,95%): 707.07 err/s: 0.00 reconn/s: 0.00
[ 78s ] thds: 128 tps: 385.86 qps: 7579.26 (r/w/o: 5228.11/1555.44/795.71) lat (ms,95%): 694.45 err/s: 0.00 reconn/s: 0.00
[ 79s ] thds: 128 tps: 372.96 qps: 8037.19 (r/w/o: 5725.42/1538.85/772.92) lat (ms,95%): 694.45 err/s: 0.00 reconn/s: 0.00
[ 80s ] thds: 128 tps: 455.23 qps: 8935.48 (r/w/o: 6226.12/1768.89/940.47) lat (ms,95%): 376.49 err/s: 0.00 reconn/s: 0.00
[ 81s ] thds: 128 tps: 436.77 qps: 8487.60 (r/w/o: 5864.96/1723.11/899.53) lat (ms,95%): 350.33 err/s: 0.00 reconn/s: 0.00
[ 82s ] thds: 128 tps: 376.98 qps: 7445.65 (r/w/o: 5264.75/1406.93/773.96) lat (ms,95%): 559.50 err/s: 0.00 reconn/s: 0.00
[ 83s ] thds: 128 tps: 360.91 qps: 7094.21 (r/w/o: 4950.75/1397.65/745.81) lat (ms,95%): 569.67 err/s: 0.00 reconn/s: 0.00
[ 84s ] thds: 128 tps: 359.15 qps: 7361.04 (r/w/o: 5182.14/1441.60/737.30) lat (ms,95%): 569.67 err/s: 0.00 reconn/s: 0.00
[ 85s ] thds: 128 tps: 378.11 qps: 7634.22 (r/w/o: 5235.52/1620.47/778.23) lat (ms,95%): 569.67 err/s: 0.00 reconn/s: 0.00
[ 86s ] thds: 128 tps: 386.77 qps: 7726.32 (r/w/o: 5476.68/1447.12/802.51) lat (ms,95%): 511.33 err/s: 0.00 reconn/s: 0.00
[ 87s ] thds: 128 tps: 389.90 qps: 7680.00 (r/w/o: 5342.61/1520.60/816.79) lat (ms,95%): 502.20 err/s: 0.00 reconn/s: 0.00
[ 88s ] thds: 128 tps: 373.34 qps: 7582.96 (r/w/o: 5361.92/1453.33/767.71) lat (ms,95%): 502.20 err/s: 0.00 reconn/s: 0.00
[ 89s ] thds: 128 tps: 450.76 qps: 8881.35 (r/w/o: 6160.77/1798.06/922.52) lat (ms,95%): 411.96 err/s: 0.00 reconn/s: 0.00
[ 90s ] thds: 128 tps: 447.00 qps: 9144.99 (r/w/o: 6466.99/1755.00/923.00) lat (ms,95%): 337.94 err/s: 0.00 reconn/s: 0.00
[ 91s ] thds: 128 tps: 373.03 qps: 7428.57 (r/w/o: 5207.40/1455.11/766.06) lat (ms,95%): 475.79 err/s: 0.00 reconn/s: 0.00
[ 92s ] thds: 128 tps: 381.95 qps: 7581.05 (r/w/o: 5270.34/1516.81/793.90) lat (ms,95%): 493.24 err/s: 0.00 reconn/s: 0.00
[ 93s ] thds: 128 tps: 384.26 qps: 7547.05 (r/w/o: 5302.55/1451.97/792.53) lat (ms,95%): 484.44 err/s: 0.00 reconn/s: 0.00
[ 94s ] thds: 128 tps: 395.82 qps: 8017.43 (r/w/o: 5575.52/1625.28/816.64) lat (ms,95%): 493.24 err/s: 0.00 reconn/s: 0.00
[ 95s ] thds: 128 tps: 386.81 qps: 7729.12 (r/w/o: 5408.28/1523.23/797.60) lat (ms,95%): 580.02 err/s: 0.00 reconn/s: 0.00
[ 96s ] thds: 128 tps: 368.10 qps: 7860.18 (r/w/o: 5602.56/1494.41/763.21) lat (ms,95%): 580.02 err/s: 0.00 reconn/s: 0.00
[ 97s ] thds: 128 tps: 402.25 qps: 7737.79 (r/w/o: 5378.33/1522.94/836.52) lat (ms,95%): 590.56 err/s: 0.00 reconn/s: 0.00
[ 98s ] thds: 128 tps: 403.97 qps: 8317.37 (r/w/o: 5877.55/1609.88/829.94) lat (ms,95%): 569.67 err/s: 0.00 reconn/s: 0.00
[ 99s ] thds: 128 tps: 459.07 qps: 8783.41 (r/w/o: 6090.97/1757.28/935.15) lat (ms,95%): 325.98 err/s: 0.00 reconn/s: 0.00
[ 100s ] thds: 128 tps: 403.92 qps: 8026.45 (r/w/o: 5564.93/1629.69/831.84) lat (ms,95%): 493.24 err/s: 0.00 reconn/s: 0.00
[ 101s ] thds: 128 tps: 370.85 qps: 7301.01 (r/w/o: 5094.92/1447.41/758.69) lat (ms,95%): 612.21 err/s: 0.00 reconn/s: 0.00
[ 102s ] thds: 128 tps: 355.15 qps: 7593.22 (r/w/o: 5367.28/1487.63/738.31) lat (ms,95%): 612.21 err/s: 0.00 reconn/s: 0.00
[ 103s ] thds: 128 tps: 370.04 qps: 6938.77 (r/w/o: 4849.53/1329.15/760.08) lat (ms,95%): 612.21 err/s: 0.00 reconn/s: 0.00
[ 104s ] thds: 128 tps: 392.73 qps: 7523.85 (r/w/o: 5163.47/1543.94/816.44) lat (ms,95%): 580.02 err/s: 0.00 reconn/s: 0.00
[ 105s ] thds: 128 tps: 376.15 qps: 8044.17 (r/w/o: 5710.25/1551.61/782.31) lat (ms,95%): 530.08 err/s: 0.00 reconn/s: 0.00
[ 106s ] thds: 128 tps: 385.91 qps: 7642.17 (r/w/o: 5337.72/1497.64/806.81) lat (ms,95%): 520.62 err/s: 0.00 reconn/s: 0.00
[ 107s ] thds: 128 tps: 386.15 qps: 7948.12 (r/w/o: 5636.21/1511.59/800.31) lat (ms,95%): 530.08 err/s: 0.00 reconn/s: 0.00
[ 108s ] thds: 128 tps: 419.75 qps: 8447.89 (r/w/o: 5955.40/1629.01/863.48) lat (ms,95%): 419.45 err/s: 0.00 reconn/s: 0.00
[ 109s ] thds: 128 tps: 423.27 qps: 8307.35 (r/w/o: 5804.74/1632.05/870.56) lat (ms,95%): 397.39 err/s: 0.00 reconn/s: 0.00
[ 110s ] thds: 128 tps: 428.78 qps: 8290.80 (r/w/o: 5710.11/1691.14/889.55) lat (ms,95%): 404.61 err/s: 0.00 reconn/s: 0.00
[ 111s ] thds: 128 tps: 401.96 qps: 8318.16 (r/w/o: 5825.41/1661.83/830.92) lat (ms,95%): 369.77 err/s: 0.00 reconn/s: 0.00
[ 112s ] thds: 128 tps: 389.27 qps: 8023.65 (r/w/o: 5723.03/1497.06/803.57) lat (ms,95%): 383.33 err/s: 0.00 reconn/s: 0.00
[ 113s ] thds: 128 tps: 395.00 qps: 7977.01 (r/w/o: 5594.00/1561.00/822.00) lat (ms,95%): 390.30 err/s: 0.00 reconn/s: 0.00
[ 114s ] thds: 128 tps: 409.98 qps: 7787.71 (r/w/o: 5360.80/1583.94/842.97) lat (ms,95%): 390.30 err/s: 0.00 reconn/s: 0.00
[ 115s ] thds: 128 tps: 396.96 qps: 8009.26 (r/w/o: 5617.48/1569.85/821.92) lat (ms,95%): 397.39 err/s: 0.00 reconn/s: 0.00
[ 116s ] thds: 128 tps: 391.68 qps: 7928.59 (r/w/o: 5608.46/1507.78/812.34) lat (ms,95%): 411.96 err/s: 0.00 reconn/s: 0.00
[ 117s ] thds: 128 tps: 395.32 qps: 7666.24 (r/w/o: 5238.26/1616.32/811.66) lat (ms,95%): 411.96 err/s: 0.00 reconn/s: 0.00
[ 118s ] thds: 128 tps: 389.08 qps: 8204.61 (r/w/o: 5816.14/1590.31/798.16) lat (ms,95%): 404.61 err/s: 0.00 reconn/s: 0.00
[ 119s ] thds: 128 tps: 409.64 qps: 7543.30 (r/w/o: 5207.37/1488.68/847.25) lat (ms,95%): 411.96 err/s: 0.00 reconn/s: 0.00
[ 120s ] thds: 128 tps: 384.06 qps: 8095.23 (r/w/o: 5694.87/1605.24/795.12) lat (ms,95%): 411.96 err/s: 0.00 reconn/s: 0.00
[ 121s ] thds: 128 tps: 402.91 qps: 7656.32 (r/w/o: 5313.83/1512.67/829.82) lat (ms,95%): 411.96 err/s: 0.00 reconn/s: 0.00
[ 122s ] thds: 128 tps: 384.31 qps: 8168.58 (r/w/o: 5802.67/1577.27/788.63) lat (ms,95%): 411.96 err/s: 0.00 reconn/s: 0.00
[ 123s ] thds: 128 tps: 402.99 qps: 7692.86 (r/w/o: 5334.90/1521.97/835.99) lat (ms,95%): 411.96 err/s: 0.00 reconn/s: 0.00
[ 124s ] thds: 128 tps: 381.77 qps: 8009.19 (r/w/o: 5608.63/1615.03/785.53) lat (ms,95%): 411.96 err/s: 0.00 reconn/s: 0.00
[ 125s ] thds: 128 tps: 396.21 qps: 7985.23 (r/w/o: 5663.00/1508.80/813.43) lat (ms,95%): 419.45 err/s: 0.00 reconn/s: 0.00
[ 126s ] thds: 128 tps: 396.76 qps: 7882.26 (r/w/o: 5512.68/1545.07/824.50) lat (ms,95%): 404.61 err/s: 0.00 reconn/s: 0.00
[ 127s ] thds: 128 tps: 395.08 qps: 7779.59 (r/w/o: 5476.12/1490.30/813.17) lat (ms,95%): 411.96 err/s: 0.00 reconn/s: 0.00
[ 128s ] thds: 128 tps: 399.18 qps: 7809.43 (r/w/o: 5371.36/1616.71/821.36) lat (ms,95%): 427.07 err/s: 0.00 reconn/s: 0.00
[ 129s ] thds: 128 tps: 388.00 qps: 8017.97 (r/w/o: 5705.98/1509.99/802.00) lat (ms,95%): 404.61 err/s: 0.00 reconn/s: 0.00
[ 130s ] thds: 128 tps: 396.04 qps: 7657.77 (r/w/o: 5270.53/1575.16/812.08) lat (ms,95%): 411.96 err/s: 0.00 reconn/s: 0.00
[ 131s ] thds: 128 tps: 386.76 qps: 8155.92 (r/w/o: 5753.42/1605.00/797.50) lat (ms,95%): 411.96 err/s: 0.00 reconn/s: 0.00
[ 132s ] thds: 128 tps: 407.00 qps: 7598.09 (r/w/o: 5253.06/1503.02/842.01) lat (ms,95%): 411.96 err/s: 0.00 reconn/s: 0.00
[ 133s ] thds: 128 tps: 383.17 qps: 8098.60 (r/w/o: 5710.54/1600.71/787.35) lat (ms,95%): 411.96 err/s: 0.00 reconn/s: 0.00
[ 134s ] thds: 128 tps: 401.05 qps: 7699.93 (r/w/o: 5372.65/1503.18/824.10) lat (ms,95%): 419.45 err/s: 0.00 reconn/s: 0.00
[ 135s ] thds: 128 tps: 394.67 qps: 7984.34 (r/w/o: 5578.35/1583.68/822.31) lat (ms,95%): 411.96 err/s: 0.00 reconn/s: 0.00
[ 136s ] thds: 128 tps: 394.35 qps: 7817.85 (r/w/o: 5491.81/1519.33/806.71) lat (ms,95%): 411.96 err/s: 0.00 reconn/s: 0.00
[ 137s ] thds: 128 tps: 393.98 qps: 7976.52 (r/w/o: 5546.67/1619.90/809.95) lat (ms,95%): 411.96 err/s: 0.00 reconn/s: 0.00
[ 138s ] thds: 128 tps: 386.97 qps: 7966.40 (r/w/o: 5696.57/1465.89/803.94) lat (ms,95%): 411.96 err/s: 0.00 reconn/s: 0.00
[ 139s ] thds: 128 tps: 396.86 qps: 7854.24 (r/w/o: 5444.09/1581.45/828.71) lat (ms,95%): 411.96 err/s: 0.00 reconn/s: 0.00
[ 140s ] thds: 128 tps: 387.85 qps: 7956.88 (r/w/o: 5680.78/1481.42/794.69) lat (ms,95%): 411.96 err/s: 0.00 reconn/s: 0.00
[ 141s ] thds: 128 tps: 400.99 qps: 7646.82 (r/w/o: 5206.88/1615.96/823.98) lat (ms,95%): 427.07 err/s: 0.00 reconn/s: 0.00
[ 142s ] thds: 128 tps: 384.35 qps: 8062.44 (r/w/o: 5732.29/1539.42/790.73) lat (ms,95%): 411.96 err/s: 0.00 reconn/s: 0.00
[ 143s ] thds: 128 tps: 405.61 qps: 7627.70 (r/w/o: 5237.99/1560.51/829.21) lat (ms,95%): 434.83 err/s: 0.00 reconn/s: 0.00
[ 144s ] thds: 128 tps: 380.09 qps: 8095.95 (r/w/o: 5733.38/1581.38/781.19) lat (ms,95%): 404.61 err/s: 0.00 reconn/s: 0.00
[ 145s ] thds: 128 tps: 405.23 qps: 7619.40 (r/w/o: 5273.05/1506.87/839.48) lat (ms,95%): 419.45 err/s: 0.00 reconn/s: 0.00
[ 146s ] thds: 128 tps: 382.01 qps: 8206.28 (r/w/o: 5799.19/1618.05/789.03) lat (ms,95%): 411.96 err/s: 0.00 reconn/s: 0.00
[ 147s ] thds: 128 tps: 402.02 qps: 7589.35 (r/w/o: 5295.25/1466.07/828.04) lat (ms,95%): 419.45 err/s: 0.00 reconn/s: 0.00
[ 148s ] thds: 128 tps: 394.02 qps: 7959.39 (r/w/o: 5553.27/1598.08/808.04) lat (ms,95%): 411.96 err/s: 0.00 reconn/s: 0.00
[ 149s ] thds: 128 tps: 390.94 qps: 7687.74 (r/w/o: 5348.12/1529.75/809.87) lat (ms,95%): 411.96 err/s: 0.00 reconn/s: 0.00
[ 150s ] thds: 128 tps: 387.10 qps: 8073.99 (r/w/o: 5716.41/1553.38/804.20) lat (ms,95%): 404.61 err/s: 0.00 reconn/s: 0.00
[ 151s ] thds: 128 tps: 398.79 qps: 7686.91 (r/w/o: 5418.12/1449.23/819.56) lat (ms,95%): 419.45 err/s: 0.00 reconn/s: 0.00
[ 152s ] thds: 128 tps: 396.18 qps: 7720.52 (r/w/o: 5278.41/1615.74/826.38) lat (ms,95%): 419.45 err/s: 0.00 reconn/s: 0.00
[ 153s ] thds: 128 tps: 392.75 qps: 7944.04 (r/w/o: 5618.49/1520.05/805.50) lat (ms,95%): 411.96 err/s: 0.00 reconn/s: 0.00
[ 154s ] thds: 128 tps: 389.91 qps: 7812.26 (r/w/o: 5397.80/1605.64/808.82) lat (ms,95%): 411.96 err/s: 0.00 reconn/s: 0.00
[ 155s ] thds: 128 tps: 389.00 qps: 8085.96 (r/w/o: 5772.97/1515.99/797.00) lat (ms,95%): 419.45 err/s: 0.00 reconn/s: 0.00
[ 156s ] thds: 128 tps: 397.34 qps: 7763.60 (r/w/o: 5341.54/1606.37/815.69) lat (ms,95%): 411.96 err/s: 0.00 reconn/s: 0.00
[ 157s ] thds: 128 tps: 388.99 qps: 8013.87 (r/w/o: 5725.91/1491.98/795.99) lat (ms,95%): 419.45 err/s: 0.00 reconn/s: 0.00
[ 158s ] thds: 128 tps: 397.98 qps: 7760.70 (r/w/o: 5318.80/1618.94/822.97) lat (ms,95%): 419.45 err/s: 0.00 reconn/s: 0.00
[ 159s ] thds: 128 tps: 385.99 qps: 8028.76 (r/w/o: 5744.83/1491.95/791.98) lat (ms,95%): 434.83 err/s: 0.00 reconn/s: 0.00
[ 160s ] thds: 128 tps: 394.76 qps: 7829.27 (r/w/o: 5405.73/1615.02/808.51) lat (ms,95%): 419.45 err/s: 0.00 reconn/s: 0.00
[ 161s ] thds: 128 tps: 396.91 qps: 7582.32 (r/w/o: 5314.82/1446.68/820.82) lat (ms,95%): 427.07 err/s: 0.00 reconn/s: 0.00
[ 162s ] thds: 128 tps: 394.28 qps: 8173.86 (r/w/o: 5733.11/1618.16/822.59) lat (ms,95%): 419.45 err/s: 0.00 reconn/s: 0.00
[ 163s ] thds: 128 tps: 405.02 qps: 7646.47 (r/w/o: 5270.32/1543.09/833.05) lat (ms,95%): 427.07 err/s: 0.00 reconn/s: 0.00
[ 164s ] thds: 128 tps: 380.98 qps: 8051.49 (r/w/o: 5763.64/1502.90/784.95) lat (ms,95%): 427.07 err/s: 0.00 reconn/s: 0.00
[ 165s ] thds: 128 tps: 406.02 qps: 7567.43 (r/w/o: 5134.29/1591.09/842.05) lat (ms,95%): 434.83 err/s: 0.00 reconn/s: 0.00
[ 166s ] thds: 128 tps: 373.61 qps: 7836.87 (r/w/o: 5606.18/1456.49/774.20) lat (ms,95%): 427.07 err/s: 0.00 reconn/s: 0.00
[ 167s ] thds: 128 tps: 400.47 qps: 7746.10 (r/w/o: 5361.30/1553.83/830.98) lat (ms,95%): 427.07 err/s: 0.00 reconn/s: 0.00
[ 168s ] thds: 128 tps: 414.60 qps: 8547.74 (r/w/o: 6048.15/1643.41/856.17) lat (ms,95%): 344.08 err/s: 0.00 reconn/s: 0.00
[ 169s ] thds: 128 tps: 414.28 qps: 8479.76 (r/w/o: 5906.01/1719.17/854.58) lat (ms,95%): 356.70 err/s: 0.00 reconn/s: 0.00
[ 170s ] thds: 128 tps: 385.11 qps: 7802.15 (r/w/o: 5566.53/1430.39/805.22) lat (ms,95%): 369.77 err/s: 0.00 reconn/s: 0.00
[ 171s ] thds: 128 tps: 341.96 qps: 6300.30 (r/w/o: 4202.53/1394.85/702.92) lat (ms,95%): 1050.76 err/s: 0.00 reconn/s: 0.00
[ 172s ] thds: 128 tps: 316.04 qps: 6925.98 (r/w/o: 5033.71/1236.18/656.09) lat (ms,95%): 1069.86 err/s: 0.00 reconn/s: 0.00
[ 173s ] thds: 128 tps: 360.77 qps: 6808.62 (r/w/o: 4645.01/1415.09/748.52) lat (ms,95%): 1069.86 err/s: 0.00 reconn/s: 0.00
[ 174s ] thds: 128 tps: 424.27 qps: 8297.33 (r/w/o: 5773.71/1639.05/884.57) lat (ms,95%): 977.74 err/s: 0.00 reconn/s: 0.00
[ 175s ] thds: 128 tps: 399.91 qps: 8075.27 (r/w/o: 5744.77/1505.68/824.82) lat (ms,95%): 657.93 err/s: 0.00 reconn/s: 0.00
[ 176s ] thds: 128 tps: 400.08 qps: 8379.75 (r/w/o: 5895.23/1652.35/832.17) lat (ms,95%): 682.06 err/s: 0.00 reconn/s: 0.00
[ 177s ] thds: 128 tps: 394.82 qps: 7917.36 (r/w/o: 5611.42/1492.31/813.63) lat (ms,95%): 682.06 err/s: 0.00 reconn/s: 0.00
[ 178s ] thds: 128 tps: 411.79 qps: 8106.80 (r/w/o: 5652.07/1615.16/839.57) lat (ms,95%): 669.89 err/s: 0.00 reconn/s: 0.00
[ 179s ] thds: 128 tps: 458.43 qps: 9114.59 (r/w/o: 6331.97/1831.73/950.90) lat (ms,95%): 390.30 err/s: 0.00 reconn/s: 0.00
[ 180s ] thds: 128 tps: 422.95 qps: 8436.92 (r/w/o: 5882.24/1680.78/873.89) lat (ms,95%): 390.30 err/s: 0.00 reconn/s: 0.00
[ 181s ] thds: 128 tps: 385.85 qps: 7478.13 (r/w/o: 5159.02/1535.41/783.70) lat (ms,95%): 493.24 err/s: 0.00 reconn/s: 0.00
[ 182s ] thds: 128 tps: 352.12 qps: 7296.50 (r/w/o: 5101.75/1465.50/729.25) lat (ms,95%): 511.33 err/s: 0.00 reconn/s: 0.00
[ 183s ] thds: 128 tps: 370.00 qps: 7028.06 (r/w/o: 4883.04/1383.01/762.01) lat (ms,95%): 502.20 err/s: 0.00 reconn/s: 0.00
[ 184s ] thds: 128 tps: 375.00 qps: 7979.91 (r/w/o: 5806.94/1405.98/766.99) lat (ms,95%): 484.44 err/s: 0.00 reconn/s: 0.00
[ 185s ] thds: 128 tps: 387.00 qps: 7891.94 (r/w/o: 5418.96/1668.99/803.99) lat (ms,95%): 458.96 err/s: 0.00 reconn/s: 0.00
[ 186s ] thds: 128 tps: 393.03 qps: 7540.66 (r/w/o: 5277.46/1442.13/821.07) lat (ms,95%): 450.77 err/s: 0.00 reconn/s: 0.00
[ 187s ] thds: 128 tps: 384.03 qps: 7626.64 (r/w/o: 5291.44/1546.13/789.07) lat (ms,95%): 442.73 err/s: 0.00 reconn/s: 0.00
[ 188s ] thds: 128 tps: 432.88 qps: 8657.65 (r/w/o: 6120.34/1637.55/899.76) lat (ms,95%): 376.49 err/s: 0.00 reconn/s: 0.00
[ 189s ] thds: 128 tps: 419.67 qps: 8937.98 (r/w/o: 6296.05/1770.61/871.32) lat (ms,95%): 337.94 err/s: 0.00 reconn/s: 0.00
[ 190s ] thds: 128 tps: 437.43 qps: 8125.95 (r/w/o: 5551.43/1669.63/904.89) lat (ms,95%): 344.08 err/s: 0.00 reconn/s: 0.00
[ 191s ] thds: 128 tps: 394.60 qps: 7976.92 (r/w/o: 5629.30/1536.44/811.18) lat (ms,95%): 376.49 err/s: 0.00 reconn/s: 0.00
[ 192s ] thds: 128 tps: 375.27 qps: 7717.46 (r/w/o: 5453.86/1498.06/765.54) lat (ms,95%): 390.30 err/s: 0.00 reconn/s: 0.00
[ 193s ] thds: 128 tps: 400.02 qps: 8153.32 (r/w/o: 5710.22/1618.06/825.03) lat (ms,95%): 397.39 err/s: 0.00 reconn/s: 0.00
[ 194s ] thds: 128 tps: 409.59 qps: 7886.08 (r/w/o: 5517.46/1522.47/846.15) lat (ms,95%): 376.49 err/s: 0.00 reconn/s: 0.00
[ 195s ] thds: 128 tps: 393.18 qps: 7712.45 (r/w/o: 5318.38/1593.71/800.36) lat (ms,95%): 397.39 err/s: 0.00 reconn/s: 0.00
[ 196s ] thds: 128 tps: 397.23 qps: 7835.56 (r/w/o: 5475.19/1538.90/821.48) lat (ms,95%): 411.96 err/s: 0.00 reconn/s: 0.00
[ 197s ] thds: 128 tps: 390.94 qps: 8031.79 (r/w/o: 5647.15/1582.76/801.88) lat (ms,95%): 411.96 err/s: 0.00 reconn/s: 0.00
[ 198s ] thds: 128 tps: 389.00 qps: 8053.95 (r/w/o: 5775.96/1476.99/801.00) lat (ms,95%): 404.61 err/s: 0.00 reconn/s: 0.00
[ 199s ] thds: 128 tps: 405.93 qps: 7578.64 (r/w/o: 5147.07/1598.71/832.85) lat (ms,95%): 419.45 err/s: 0.00 reconn/s: 0.00
[ 200s ] thds: 128 tps: 390.26 qps: 8137.44 (r/w/o: 5736.84/1589.06/811.54) lat (ms,95%): 411.96 err/s: 0.00 reconn/s: 0.00
[ 201s ] thds: 128 tps: 399.79 qps: 7789.94 (r/w/o: 5402.18/1561.19/826.57) lat (ms,95%): 411.96 err/s: 0.00 reconn/s: 0.00
[ 202s ] thds: 128 tps: 390.17 qps: 8122.58 (r/w/o: 5753.53/1553.68/815.36) lat (ms,95%): 419.45 err/s: 0.00 reconn/s: 0.00
[ 203s ] thds: 128 tps: 395.85 qps: 7790.05 (r/w/o: 5445.94/1526.42/817.69) lat (ms,95%): 427.07 err/s: 0.00 reconn/s: 0.00
[ 204s ] thds: 128 tps: 383.10 qps: 8095.05 (r/w/o: 5744.46/1568.40/782.20) lat (ms,95%): 419.45 err/s: 0.00 reconn/s: 0.00
[ 205s ] thds: 128 tps: 399.81 qps: 7623.46 (r/w/o: 5341.52/1454.32/827.62) lat (ms,95%): 411.96 err/s: 0.00 reconn/s: 0.00
[ 206s ] thds: 128 tps: 397.17 qps: 7919.33 (r/w/o: 5494.31/1605.68/819.34) lat (ms,95%): 427.07 err/s: 0.00 reconn/s: 0.00
[ 207s ] thds: 128 tps: 400.07 qps: 7872.32 (r/w/o: 5514.93/1537.26/820.14) lat (ms,95%): 419.45 err/s: 0.00 reconn/s: 0.00
[ 208s ] thds: 128 tps: 392.03 qps: 7986.56 (r/w/o: 5567.39/1600.11/819.06) lat (ms,95%): 411.96 err/s: 0.00 reconn/s: 0.00
[ 209s ] thds: 128 tps: 382.90 qps: 8049.97 (r/w/o: 5756.55/1498.62/794.80) lat (ms,95%): 411.96 err/s: 0.00 reconn/s: 0.00
[ 210s ] thds: 128 tps: 398.99 qps: 7774.85 (r/w/o: 5400.90/1554.97/818.98) lat (ms,95%): 411.96 err/s: 0.00 reconn/s: 0.00
[ 211s ] thds: 128 tps: 396.11 qps: 7937.25 (r/w/o: 5560.58/1559.44/817.23) lat (ms,95%): 404.61 err/s: 0.00 reconn/s: 0.00
[ 212s ] thds: 128 tps: 398.76 qps: 7567.53 (r/w/o: 5185.94/1555.08/826.51) lat (ms,95%): 411.96 err/s: 0.00 reconn/s: 0.00
[ 213s ] thds: 128 tps: 379.23 qps: 8220.02 (r/w/o: 5840.57/1592.97/786.48) lat (ms,95%): 427.07 err/s: 0.00 reconn/s: 0.00
[ 214s ] thds: 128 tps: 402.88 qps: 7697.67 (r/w/o: 5358.38/1510.54/828.75) lat (ms,95%): 419.45 err/s: 0.00 reconn/s: 0.00
[ 215s ] thds: 128 tps: 392.99 qps: 7986.75 (r/w/o: 5629.82/1541.95/814.97) lat (ms,95%): 404.61 err/s: 0.00 reconn/s: 0.00
[ 216s ] thds: 128 tps: 399.09 qps: 7810.85 (r/w/o: 5436.29/1548.37/826.20) lat (ms,95%): 434.83 err/s: 0.00 reconn/s: 0.00
[ 217s ] thds: 128 tps: 399.67 qps: 7822.51 (r/w/o: 5371.55/1630.65/820.32) lat (ms,95%): 411.96 err/s: 0.00 reconn/s: 0.00
[ 218s ] thds: 128 tps: 379.34 qps: 8150.29 (r/w/o: 5841.22/1525.36/783.70) lat (ms,95%): 404.61 err/s: 0.00 reconn/s: 0.00
[ 219s ] thds: 128 tps: 402.00 qps: 7626.93 (r/w/o: 5320.95/1479.99/825.99) lat (ms,95%): 434.83 err/s: 0.00 reconn/s: 0.00
[ 220s ] thds: 128 tps: 395.81 qps: 7870.17 (r/w/o: 5451.34/1609.22/809.61) lat (ms,95%): 411.96 err/s: 0.00 reconn/s: 0.00
[ 221s ] thds: 128 tps: 396.80 qps: 7756.13 (r/w/o: 5400.30/1534.23/821.59) lat (ms,95%): 404.61 err/s: 0.00 reconn/s: 0.00
[ 222s ] thds: 128 tps: 392.36 qps: 7974.38 (r/w/o: 5584.17/1577.46/812.75) lat (ms,95%): 404.61 err/s: 0.00 reconn/s: 0.00
[ 223s ] thds: 128 tps: 383.89 qps: 8079.72 (r/w/o: 5768.38/1519.57/791.78) lat (ms,95%): 404.61 err/s: 0.00 reconn/s: 0.00
[ 224s ] thds: 128 tps: 398.86 qps: 7636.29 (r/w/o: 5287.12/1529.46/819.71) lat (ms,95%): 404.61 err/s: 0.00 reconn/s: 0.00
[ 225s ] thds: 128 tps: 388.90 qps: 7818.04 (r/w/o: 5440.64/1575.61/801.80) lat (ms,95%): 411.96 err/s: 0.00 reconn/s: 0.00
[ 226s ] thds: 128 tps: 401.15 qps: 7685.88 (r/w/o: 5291.98/1571.59/822.31) lat (ms,95%): 419.45 err/s: 0.00 reconn/s: 0.00
[ 227s ] thds: 128 tps: 389.15 qps: 8178.25 (r/w/o: 5777.30/1590.63/810.32) lat (ms,95%): 404.61 err/s: 0.00 reconn/s: 0.00
[ 228s ] thds: 128 tps: 386.95 qps: 7914.02 (r/w/o: 5652.30/1467.82/793.90) lat (ms,95%): 404.61 err/s: 0.00 reconn/s: 0.00
[ 229s ] thds: 128 tps: 403.13 qps: 7750.55 (r/w/o: 5378.77/1552.51/819.27) lat (ms,95%): 411.96 err/s: 0.00 reconn/s: 0.00
[ 230s ] thds: 128 tps: 390.01 qps: 7957.30 (r/w/o: 5588.21/1557.06/812.03) lat (ms,95%): 411.96 err/s: 0.00 reconn/s: 0.00
[ 231s ] thds: 128 tps: 405.98 qps: 7679.65 (r/w/o: 5261.76/1582.93/834.96) lat (ms,95%): 404.61 err/s: 0.00 reconn/s: 0.00
[ 232s ] thds: 128 tps: 385.86 qps: 8145.09 (r/w/o: 5773.94/1578.44/792.72) lat (ms,95%): 419.45 err/s: 0.00 reconn/s: 0.00
[ 233s ] thds: 128 tps: 396.94 qps: 7850.89 (r/w/o: 5515.22/1514.79/820.88) lat (ms,95%): 404.61 err/s: 0.00 reconn/s: 0.00
[ 234s ] thds: 128 tps: 398.20 qps: 7794.93 (r/w/o: 5440.75/1525.77/828.42) lat (ms,95%): 404.61 err/s: 0.00 reconn/s: 0.00
[ 235s ] thds: 128 tps: 390.89 qps: 7840.88 (r/w/o: 5474.52/1558.58/807.78) lat (ms,95%): 411.96 err/s: 0.00 reconn/s: 0.00
[ 236s ] thds: 128 tps: 398.07 qps: 7816.42 (r/w/o: 5387.98/1599.29/829.15) lat (ms,95%): 411.96 err/s: 0.00 reconn/s: 0.00
[ 237s ] thds: 128 tps: 387.96 qps: 8141.20 (r/w/o: 5779.43/1563.85/797.92) lat (ms,95%): 411.96 err/s: 0.00 reconn/s: 0.00
[ 238s ] thds: 128 tps: 392.88 qps: 7818.69 (r/w/o: 5524.37/1478.56/815.76) lat (ms,95%): 411.96 err/s: 0.00 reconn/s: 0.00
[ 239s ] thds: 128 tps: 398.88 qps: 7882.53 (r/w/o: 5488.28/1573.51/820.74) lat (ms,95%): 404.61 err/s: 0.00 reconn/s: 0.00
[ 240s ] thds: 128 tps: 391.22 qps: 7926.38 (r/w/o: 5583.09/1542.85/800.44) lat (ms,95%): 397.39 err/s: 0.00 reconn/s: 0.00
Latency histogram (values are in milliseconds)
       value  ------------- distribution ------------- count
     118.924 |                                         1
     132.492 |                                         1
     139.846 |                                         1
     142.387 |                                         1
     144.974 |                                         1
     147.608 |                                         2
     150.290 |                                         1
     153.021 |                                         6
     155.801 |                                         5
     158.632 |                                         6
     161.514 |                                         4
     164.449 |                                         8
     167.437 |                                         8
     170.479 |                                         9
     173.577 |                                         11
     176.731 |                                         19
     179.942 |                                         24
     183.211 |                                         31
     186.540 |                                         36
     189.929 |                                         43
     193.380 |*                                        55
     196.894 |*                                        76
     200.472 |*                                        97
     204.114 |*                                        128
     207.823 |**                                       203
     211.599 |**                                       203
     215.443 |***                                      311
     219.358 |****                                     414
     223.344 |*****                                    556
     227.402 |******                                   694
     231.534 |*********                                929
     235.740 |************                             1249
     240.024 |***************                          1579
     244.385 |*******************                      2094
     248.825 |************************                 2575
     253.346 |******************************           3223
     257.950 |************************************     3842
     262.636 |***************************************  4180
     267.408 |**************************************** 4313
     272.267 |**************************************   4069
     277.214 |*********************************        3587
     282.251 |********************************         3426
     287.379 |******************************           3184
     292.601 |******************************           3188
     297.917 |*****************************            3103
     303.330 |**************************               2789
     308.842 |*************************                2691
     314.453 |************************                 2585
     320.167 |************************                 2555
     325.984 |************************                 2616
     331.907 |***********************                  2505
     337.938 |************************                 2612
     344.078 |************************                 2540
     350.330 |********************                     2178
     356.695 |****************                         1709
     363.176 |**************                           1548
     369.775 |*************                            1382
     376.494 |**************                           1466
     383.334 |****************                         1708
     390.299 |*****************                        1883
     397.391 |******************                       1910
     404.611 |**************                           1540
     411.963 |***********                              1162
     419.448 |*********                                920
     427.069 |*******                                  709
     434.829 |*****                                    590
     442.730 |*****                                    524
     450.774 |****                                     432
     458.964 |***                                      360
     467.304 |***                                      375
     475.794 |****                                     406
     484.439 |***                                      352
     493.242 |***                                      317
     502.204 |***                                      344
     511.328 |***                                      367
     520.619 |***                                      313
     530.078 |***                                      278
     539.710 |**                                       219
     549.516 |**                                       195
     559.501 |***                                      278
     569.667 |***                                      356
     580.017 |***                                      327
     590.556 |***                                      283
     601.286 |**                                       197
     612.211 |**                                       166
     623.335 |*                                        150
     634.661 |*                                        153
     646.192 |**                                       176
     657.933 |**                                       207
     669.888 |**                                       174
     682.059 |**                                       173
     694.452 |*                                        108
     707.070 |*                                        63
     719.917 |                                         36
     732.998 |                                         33
     746.316 |                                         36
     759.876 |*                                        69
     773.683 |                                         34
     787.741 |                                         16
     802.053 |                                         7
     816.626 |                                         7
     831.464 |                                         1
     846.572 |                                         1
     861.954 |                                         1
     893.561 |                                         1
     909.797 |                                         1
     960.295 |                                         1
     977.743 |                                         2
     995.508 |                                         4
    1013.597 |                                         6
    1032.013 |                                         16
    1050.764 |                                         30
    1069.856 |                                         39
    1089.295 |                                         18
    1109.087 |                                         15
    1129.239 |                                         4
    1149.757 |                                         2
    1170.648 |                                         2
    1213.575 |                                         1
 
SQL statistics:
    queries performed:
        read:                            1325617
        write:                           372878
        other:                           195514
        total:                           1894009
    transactions:                        94771  (394.15 per sec.)
    queries:                             1894009 (7877.20 per sec.)
    ignored errors:                      0      (0.00 per sec.)
    reconnects:                          0      (0.00 per sec.)

Throughput:
    events/s (eps):                      394.1533
    time elapsed:                        240.4429s
    total number of events:              94771

Latency (ms):
         min:                                  119.25
         avg:                                  324.61
         max:                                 1203.30
         95th percentile:                      502.20
         sum:                             30763486.16

Threads fairness:
    events (avg/stddev):           740.3906/69.17
    execution time (avg/stddev):   240.3397/0.12

