sysbench 1.1.0-3ceba0b (using bundled LuaJIT 2.1.0-beta3)

Running the test with following options:
Number of threads: 64
Warmup time: 60s
Report intermediate results every 1 second(s)
Initializing random number generator from current time


Initializing worker threads...

Threads started!

Warming up for 60 seconds...

[ 1s ] thds: 64 tps: 2204.00 qps: 2204.00 (r/w/o: 0.00/2155.48/48.52) lat (ms,95%): 70.55 err/s: 0.00 reconn/s: 0.00
[ 2s ] thds: 64 tps: 1524.04 qps: 1524.04 (r/w/o: 0.00/1484.04/40.00) lat (ms,95%): 70.55 err/s: 0.00 reconn/s: 0.00
[ 3s ] thds: 64 tps: 1503.25 qps: 1503.25 (r/w/o: 0.00/1464.25/39.01) lat (ms,95%): 114.72 err/s: 0.00 reconn/s: 0.00
[ 4s ] thds: 64 tps: 1531.09 qps: 1531.09 (r/w/o: 0.00/1497.08/34.00) lat (ms,95%): 114.72 err/s: 0.00 reconn/s: 0.00
[ 5s ] thds: 64 tps: 1558.74 qps: 1558.74 (r/w/o: 0.00/1523.74/34.99) lat (ms,95%): 114.72 err/s: 0.00 reconn/s: 0.00
[ 6s ] thds: 64 tps: 1557.23 qps: 1557.23 (r/w/o: 0.00/1534.23/23.00) lat (ms,95%): 90.78 err/s: 0.00 reconn/s: 0.00
[ 7s ] thds: 64 tps: 1575.34 qps: 1575.34 (r/w/o: 0.00/1550.35/24.99) lat (ms,95%): 86.00 err/s: 0.00 reconn/s: 0.00
[ 8s ] thds: 64 tps: 1477.27 qps: 1477.27 (r/w/o: 0.00/1441.26/36.01) lat (ms,95%): 86.00 err/s: 0.00 reconn/s: 0.00
[ 9s ] thds: 64 tps: 1404.03 qps: 1404.03 (r/w/o: 0.00/1380.02/24.00) lat (ms,95%): 92.42 err/s: 0.00 reconn/s: 0.00
[ 10s ] thds: 64 tps: 1425.32 qps: 1425.32 (r/w/o: 0.00/1389.31/36.01) lat (ms,95%): 94.10 err/s: 0.00 reconn/s: 0.00
[ 11s ] thds: 64 tps: 1489.06 qps: 1489.06 (r/w/o: 0.00/1458.06/31.00) lat (ms,95%): 89.16 err/s: 0.00 reconn/s: 0.00
[ 12s ] thds: 64 tps: 1479.42 qps: 1479.42 (r/w/o: 0.00/1446.43/32.99) lat (ms,95%): 92.42 err/s: 0.00 reconn/s: 0.00
[ 13s ] thds: 64 tps: 1449.98 qps: 1449.98 (r/w/o: 0.00/1411.98/38.00) lat (ms,95%): 90.78 err/s: 0.00 reconn/s: 0.00
[ 14s ] thds: 64 tps: 1434.19 qps: 1434.19 (r/w/o: 0.00/1407.19/27.00) lat (ms,95%): 90.78 err/s: 0.00 reconn/s: 0.00
[ 15s ] thds: 64 tps: 1567.34 qps: 1567.34 (r/w/o: 0.00/1532.33/35.01) lat (ms,95%): 65.65 err/s: 0.00 reconn/s: 0.00
[ 16s ] thds: 64 tps: 1579.94 qps: 1579.94 (r/w/o: 0.00/1544.94/35.00) lat (ms,95%): 64.47 err/s: 0.00 reconn/s: 0.00
[ 17s ] thds: 64 tps: 1497.55 qps: 1497.55 (r/w/o: 0.00/1467.56/29.99) lat (ms,95%): 64.47 err/s: 0.00 reconn/s: 0.00
[ 18s ] thds: 64 tps: 1507.05 qps: 1507.05 (r/w/o: 0.00/1470.05/37.00) lat (ms,95%): 64.47 err/s: 0.00 reconn/s: 0.00
[ 19s ] thds: 64 tps: 1524.82 qps: 1524.82 (r/w/o: 0.00/1492.82/32.00) lat (ms,95%): 64.47 err/s: 0.00 reconn/s: 0.00
[ 20s ] thds: 64 tps: 1500.15 qps: 1500.15 (r/w/o: 0.00/1468.15/32.00) lat (ms,95%): 54.83 err/s: 0.00 reconn/s: 0.00
[ 21s ] thds: 64 tps: 1521.56 qps: 1521.56 (r/w/o: 0.00/1492.55/29.01) lat (ms,95%): 51.02 err/s: 0.00 reconn/s: 0.00
[ 22s ] thds: 64 tps: 1492.89 qps: 1492.89 (r/w/o: 0.00/1466.89/26.00) lat (ms,95%): 48.34 err/s: 0.00 reconn/s: 0.00
[ 23s ] thds: 64 tps: 1463.62 qps: 1463.62 (r/w/o: 0.00/1429.63/33.99) lat (ms,95%): 92.42 err/s: 0.00 reconn/s: 0.00
[ 24s ] thds: 64 tps: 2054.98 qps: 2054.98 (r/w/o: 0.00/2018.98/36.00) lat (ms,95%): 49.21 err/s: 0.00 reconn/s: 0.00
[ 25s ] thds: 64 tps: 2200.16 qps: 2200.16 (r/w/o: 0.00/2144.16/56.00) lat (ms,95%): 47.47 err/s: 0.00 reconn/s: 0.00
[ 26s ] thds: 64 tps: 2214.41 qps: 2214.41 (r/w/o: 0.00/2170.40/44.01) lat (ms,95%): 48.34 err/s: 0.00 reconn/s: 0.00
[ 27s ] thds: 64 tps: 2185.47 qps: 2185.47 (r/w/o: 0.00/2144.46/41.01) lat (ms,95%): 48.34 err/s: 0.00 reconn/s: 0.00
[ 28s ] thds: 64 tps: 2191.08 qps: 2191.08 (r/w/o: 0.00/2138.08/53.00) lat (ms,95%): 48.34 err/s: 0.00 reconn/s: 0.00
[ 29s ] thds: 64 tps: 1699.90 qps: 1699.90 (r/w/o: 0.00/1656.93/42.97) lat (ms,95%): 59.99 err/s: 0.00 reconn/s: 0.00
[ 30s ] thds: 64 tps: 1588.53 qps: 1588.53 (r/w/o: 0.00/1552.52/36.01) lat (ms,95%): 62.19 err/s: 0.00 reconn/s: 0.00
[ 31s ] thds: 64 tps: 1543.53 qps: 1543.53 (r/w/o: 0.00/1507.54/35.99) lat (ms,95%): 61.08 err/s: 0.00 reconn/s: 0.00
[ 32s ] thds: 64 tps: 1537.46 qps: 1537.46 (r/w/o: 0.00/1499.44/38.01) lat (ms,95%): 62.19 err/s: 0.00 reconn/s: 0.00
[ 33s ] thds: 64 tps: 1477.77 qps: 1477.77 (r/w/o: 0.00/1441.77/35.99) lat (ms,95%): 63.32 err/s: 0.00 reconn/s: 0.00
[ 34s ] thds: 64 tps: 1463.65 qps: 1463.65 (r/w/o: 0.00/1440.64/23.01) lat (ms,95%): 114.72 err/s: 0.00 reconn/s: 0.00
[ 35s ] thds: 64 tps: 1545.24 qps: 1545.24 (r/w/o: 0.00/1503.26/41.98) lat (ms,95%): 112.67 err/s: 0.00 reconn/s: 0.00
[ 36s ] thds: 64 tps: 1535.81 qps: 1535.81 (r/w/o: 0.00/1503.82/32.00) lat (ms,95%): 59.99 err/s: 0.00 reconn/s: 0.00
[ 37s ] thds: 64 tps: 1493.03 qps: 1493.03 (r/w/o: 0.00/1459.03/34.00) lat (ms,95%): 101.13 err/s: 0.00 reconn/s: 0.00
[ 38s ] thds: 64 tps: 1487.84 qps: 1487.84 (r/w/o: 0.00/1452.82/35.02) lat (ms,95%): 106.75 err/s: 0.00 reconn/s: 0.00
[ 39s ] thds: 64 tps: 1474.36 qps: 1474.36 (r/w/o: 0.00/1440.38/33.99) lat (ms,95%): 108.68 err/s: 0.00 reconn/s: 0.00
[ 40s ] thds: 64 tps: 1508.35 qps: 1508.35 (r/w/o: 0.00/1476.34/32.01) lat (ms,95%): 106.75 err/s: 0.00 reconn/s: 0.00
[ 41s ] thds: 64 tps: 1557.35 qps: 1557.35 (r/w/o: 0.00/1528.35/29.01) lat (ms,95%): 74.46 err/s: 0.00 reconn/s: 0.00
[ 42s ] thds: 64 tps: 1526.67 qps: 1526.67 (r/w/o: 0.00/1497.67/28.99) lat (ms,95%): 73.13 err/s: 0.00 reconn/s: 0.00
[ 43s ] thds: 64 tps: 1453.37 qps: 1453.37 (r/w/o: 0.00/1426.36/27.01) lat (ms,95%): 73.13 err/s: 0.00 reconn/s: 0.00
[ 44s ] thds: 64 tps: 1477.06 qps: 1477.06 (r/w/o: 0.00/1442.08/34.98) lat (ms,95%): 75.82 err/s: 0.00 reconn/s: 0.00
[ 45s ] thds: 64 tps: 1522.03 qps: 1522.03 (r/w/o: 0.00/1492.03/30.00) lat (ms,95%): 69.29 err/s: 0.00 reconn/s: 0.00
[ 46s ] thds: 64 tps: 1518.11 qps: 1518.11 (r/w/o: 0.00/1477.11/41.00) lat (ms,95%): 75.82 err/s: 0.00 reconn/s: 0.00
[ 47s ] thds: 64 tps: 1496.02 qps: 1496.02 (r/w/o: 0.00/1461.02/35.00) lat (ms,95%): 77.19 err/s: 0.00 reconn/s: 0.00
[ 48s ] thds: 64 tps: 1492.99 qps: 1492.99 (r/w/o: 0.00/1463.99/29.00) lat (ms,95%): 78.60 err/s: 0.00 reconn/s: 0.00
[ 49s ] thds: 64 tps: 1499.87 qps: 1499.87 (r/w/o: 0.00/1465.88/34.00) lat (ms,95%): 78.60 err/s: 0.00 reconn/s: 0.00
[ 50s ] thds: 64 tps: 1523.46 qps: 1523.46 (r/w/o: 0.00/1499.45/24.01) lat (ms,95%): 77.19 err/s: 0.00 reconn/s: 0.00
[ 51s ] thds: 64 tps: 1541.43 qps: 1541.43 (r/w/o: 0.00/1509.44/31.99) lat (ms,95%): 77.19 err/s: 0.00 reconn/s: 0.00
[ 52s ] thds: 64 tps: 1519.19 qps: 1519.19 (r/w/o: 0.00/1490.18/29.00) lat (ms,95%): 118.92 err/s: 0.00 reconn/s: 0.00
[ 53s ] thds: 64 tps: 1472.93 qps: 1472.93 (r/w/o: 0.00/1439.94/33.00) lat (ms,95%): 118.92 err/s: 0.00 reconn/s: 0.00
[ 54s ] thds: 64 tps: 1425.36 qps: 1425.36 (r/w/o: 0.00/1389.35/36.01) lat (ms,95%): 118.92 err/s: 0.00 reconn/s: 0.00
[ 55s ] thds: 64 tps: 1530.33 qps: 1530.33 (r/w/o: 0.00/1501.34/28.99) lat (ms,95%): 87.56 err/s: 0.00 reconn/s: 0.00
[ 56s ] thds: 64 tps: 1510.40 qps: 1510.40 (r/w/o: 0.00/1477.39/33.01) lat (ms,95%): 84.47 err/s: 0.00 reconn/s: 0.00
[ 57s ] thds: 64 tps: 1483.71 qps: 1483.71 (r/w/o: 0.00/1451.71/31.99) lat (ms,95%): 80.03 err/s: 0.00 reconn/s: 0.00
[ 58s ] thds: 64 tps: 1495.54 qps: 1495.54 (r/w/o: 0.00/1464.53/31.01) lat (ms,95%): 78.60 err/s: 0.00 reconn/s: 0.00
[ 59s ] thds: 64 tps: 1471.46 qps: 1471.46 (r/w/o: 0.00/1441.47/29.99) lat (ms,95%): 78.60 err/s: 0.00 reconn/s: 0.00
[ 60s ] thds: 64 tps: 1508.10 qps: 1508.10 (r/w/o: 0.00/1475.08/33.02) lat (ms,95%): 64.47 err/s: 0.00 reconn/s: 0.00
[ 61s ] thds: 64 tps: 1526.14 qps: 1526.14 (r/w/o: 0.00/1487.17/38.98) lat (ms,95%): 64.47 err/s: 0.00 reconn/s: 0.00
[ 62s ] thds: 64 tps: 1547.11 qps: 1547.11 (r/w/o: 0.00/1512.11/35.00) lat (ms,95%): 63.32 err/s: 0.00 reconn/s: 0.00
[ 63s ] thds: 64 tps: 1550.57 qps: 1550.57 (r/w/o: 0.00/1509.59/40.99) lat (ms,95%): 64.47 err/s: 0.00 reconn/s: 0.00
[ 64s ] thds: 64 tps: 1513.53 qps: 1513.53 (r/w/o: 0.00/1478.51/35.01) lat (ms,95%): 95.81 err/s: 0.00 reconn/s: 0.00
[ 65s ] thds: 64 tps: 1464.79 qps: 1464.79 (r/w/o: 0.00/1421.80/42.99) lat (ms,95%): 99.33 err/s: 0.00 reconn/s: 0.00
[ 66s ] thds: 64 tps: 1481.79 qps: 1481.79 (r/w/o: 0.00/1447.80/34.00) lat (ms,95%): 102.97 err/s: 0.00 reconn/s: 0.00
[ 67s ] thds: 64 tps: 1504.26 qps: 1504.26 (r/w/o: 0.00/1466.25/38.01) lat (ms,95%): 77.19 err/s: 0.00 reconn/s: 0.00
[ 68s ] thds: 64 tps: 1564.14 qps: 1564.14 (r/w/o: 0.00/1534.13/30.00) lat (ms,95%): 75.82 err/s: 0.00 reconn/s: 0.00
[ 69s ] thds: 64 tps: 1511.75 qps: 1511.75 (r/w/o: 0.00/1468.76/42.99) lat (ms,95%): 75.82 err/s: 0.00 reconn/s: 0.00
[ 70s ] thds: 64 tps: 1453.92 qps: 1453.92 (r/w/o: 0.00/1421.92/32.00) lat (ms,95%): 75.82 err/s: 0.00 reconn/s: 0.00
[ 71s ] thds: 64 tps: 1477.76 qps: 1477.76 (r/w/o: 0.00/1442.76/34.99) lat (ms,95%): 52.89 err/s: 0.00 reconn/s: 0.00
[ 72s ] thds: 64 tps: 1595.24 qps: 1595.24 (r/w/o: 0.00/1560.22/35.03) lat (ms,95%): 51.94 err/s: 0.00 reconn/s: 0.00
[ 73s ] thds: 64 tps: 1431.94 qps: 1431.94 (r/w/o: 0.00/1400.96/30.98) lat (ms,95%): 70.55 err/s: 0.00 reconn/s: 0.00
[ 74s ] thds: 64 tps: 1434.97 qps: 1434.97 (r/w/o: 0.00/1403.95/31.02) lat (ms,95%): 70.55 err/s: 0.00 reconn/s: 0.00
[ 75s ] thds: 64 tps: 1453.15 qps: 1453.15 (r/w/o: 0.00/1428.15/25.00) lat (ms,95%): 70.55 err/s: 0.00 reconn/s: 0.00
[ 76s ] thds: 64 tps: 1522.84 qps: 1522.84 (r/w/o: 0.00/1491.84/31.00) lat (ms,95%): 70.55 err/s: 0.00 reconn/s: 0.00
[ 77s ] thds: 64 tps: 1450.95 qps: 1450.95 (r/w/o: 0.00/1423.95/27.00) lat (ms,95%): 77.19 err/s: 0.00 reconn/s: 0.00
[ 78s ] thds: 64 tps: 1441.26 qps: 1441.26 (r/w/o: 0.00/1400.25/41.01) lat (ms,95%): 77.19 err/s: 0.00 reconn/s: 0.00
[ 79s ] thds: 64 tps: 1441.84 qps: 1441.84 (r/w/o: 0.00/1404.87/36.97) lat (ms,95%): 77.19 err/s: 0.00 reconn/s: 0.00
[ 80s ] thds: 64 tps: 1772.32 qps: 1772.32 (r/w/o: 0.00/1737.29/35.03) lat (ms,95%): 77.19 err/s: 0.00 reconn/s: 0.00
[ 81s ] thds: 64 tps: 2369.55 qps: 2369.55 (r/w/o: 0.00/2310.59/58.96) lat (ms,95%): 47.47 err/s: 0.00 reconn/s: 0.00
[ 82s ] thds: 64 tps: 2350.18 qps: 2350.18 (r/w/o: 0.00/2282.18/68.01) lat (ms,95%): 51.02 err/s: 0.00 reconn/s: 0.00
[ 83s ] thds: 64 tps: 2323.76 qps: 2323.76 (r/w/o: 0.00/2266.77/56.99) lat (ms,95%): 55.82 err/s: 0.00 reconn/s: 0.00
[ 84s ] thds: 64 tps: 2297.22 qps: 2297.22 (r/w/o: 0.00/2252.21/45.00) lat (ms,95%): 45.79 err/s: 0.00 reconn/s: 0.00
[ 85s ] thds: 64 tps: 2454.38 qps: 2454.38 (r/w/o: 0.00/2398.37/56.01) lat (ms,95%): 43.39 err/s: 0.00 reconn/s: 0.00
[ 86s ] thds: 64 tps: 1679.81 qps: 1679.81 (r/w/o: 0.00/1655.82/24.00) lat (ms,95%): 51.02 err/s: 0.00 reconn/s: 0.00
[ 87s ] thds: 64 tps: 1398.75 qps: 1398.75 (r/w/o: 0.00/1369.73/29.02) lat (ms,95%): 69.29 err/s: 0.00 reconn/s: 0.00
[ 88s ] thds: 64 tps: 1415.77 qps: 1415.77 (r/w/o: 0.00/1383.78/31.99) lat (ms,95%): 69.29 err/s: 0.00 reconn/s: 0.00
[ 89s ] thds: 64 tps: 1449.21 qps: 1449.21 (r/w/o: 0.00/1412.21/37.01) lat (ms,95%): 69.29 err/s: 0.00 reconn/s: 0.00
[ 90s ] thds: 64 tps: 1536.03 qps: 1536.03 (r/w/o: 0.00/1507.03/29.00) lat (ms,95%): 69.29 err/s: 0.00 reconn/s: 0.00
[ 91s ] thds: 64 tps: 1546.89 qps: 1546.89 (r/w/o: 0.00/1505.89/41.00) lat (ms,95%): 69.29 err/s: 0.00 reconn/s: 0.00
[ 92s ] thds: 64 tps: 1518.03 qps: 1518.03 (r/w/o: 0.00/1484.03/34.00) lat (ms,95%): 63.32 err/s: 0.00 reconn/s: 0.00
[ 93s ] thds: 64 tps: 1495.05 qps: 1495.05 (r/w/o: 0.00/1461.05/34.00) lat (ms,95%): 63.32 err/s: 0.00 reconn/s: 0.00
[ 94s ] thds: 64 tps: 1492.10 qps: 1492.10 (r/w/o: 0.00/1461.12/30.98) lat (ms,95%): 62.19 err/s: 0.00 reconn/s: 0.00
[ 95s ] thds: 64 tps: 1555.81 qps: 1555.81 (r/w/o: 0.00/1513.78/42.02) lat (ms,95%): 56.84 err/s: 0.00 reconn/s: 0.00
[ 96s ] thds: 64 tps: 1566.87 qps: 1566.87 (r/w/o: 0.00/1530.90/35.97) lat (ms,95%): 62.19 err/s: 0.00 reconn/s: 0.00
[ 97s ] thds: 64 tps: 1539.22 qps: 1539.22 (r/w/o: 0.00/1486.18/53.04) lat (ms,95%): 62.19 err/s: 0.00 reconn/s: 0.00
[ 98s ] thds: 64 tps: 1438.41 qps: 1438.41 (r/w/o: 0.00/1397.43/40.98) lat (ms,95%): 65.65 err/s: 0.00 reconn/s: 0.00
[ 99s ] thds: 64 tps: 1447.60 qps: 1447.60 (r/w/o: 0.00/1410.59/37.02) lat (ms,95%): 65.65 err/s: 0.00 reconn/s: 0.00
[ 100s ] thds: 64 tps: 1481.78 qps: 1481.78 (r/w/o: 0.00/1450.78/31.00) lat (ms,95%): 59.99 err/s: 0.00 reconn/s: 0.00
[ 101s ] thds: 64 tps: 1490.23 qps: 1490.23 (r/w/o: 0.00/1462.24/27.99) lat (ms,95%): 59.99 err/s: 0.00 reconn/s: 0.00
[ 102s ] thds: 64 tps: 1404.74 qps: 1404.74 (r/w/o: 0.00/1372.72/32.02) lat (ms,95%): 87.56 err/s: 0.00 reconn/s: 0.00
[ 103s ] thds: 64 tps: 1322.11 qps: 1322.11 (r/w/o: 0.00/1305.11/17.00) lat (ms,95%): 110.66 err/s: 0.00 reconn/s: 0.00
[ 104s ] thds: 64 tps: 1382.42 qps: 1382.42 (r/w/o: 0.00/1361.43/20.99) lat (ms,95%): 110.66 err/s: 0.00 reconn/s: 0.00
[ 105s ] thds: 64 tps: 1619.03 qps: 1619.03 (r/w/o: 0.00/1582.03/37.00) lat (ms,95%): 77.19 err/s: 0.00 reconn/s: 0.00
[ 106s ] thds: 64 tps: 1544.25 qps: 1544.25 (r/w/o: 0.00/1523.26/20.99) lat (ms,95%): 90.78 err/s: 0.00 reconn/s: 0.00
[ 107s ] thds: 64 tps: 1606.57 qps: 1606.57 (r/w/o: 0.00/1564.52/42.04) lat (ms,95%): 84.47 err/s: 0.00 reconn/s: 0.00
[ 108s ] thds: 64 tps: 1587.89 qps: 1587.89 (r/w/o: 0.00/1547.90/40.00) lat (ms,95%): 87.56 err/s: 0.00 reconn/s: 0.00
[ 109s ] thds: 64 tps: 1465.48 qps: 1465.48 (r/w/o: 0.00/1432.49/32.99) lat (ms,95%): 90.78 err/s: 0.00 reconn/s: 0.00
[ 110s ] thds: 64 tps: 2142.36 qps: 2142.36 (r/w/o: 0.00/2090.36/52.01) lat (ms,95%): 74.46 err/s: 0.00 reconn/s: 0.00
[ 111s ] thds: 64 tps: 2154.25 qps: 2154.25 (r/w/o: 0.00/2102.27/51.98) lat (ms,95%): 69.29 err/s: 0.00 reconn/s: 0.00
[ 112s ] thds: 64 tps: 2158.03 qps: 2158.03 (r/w/o: 0.00/2112.03/46.00) lat (ms,95%): 71.83 err/s: 0.00 reconn/s: 0.00
[ 113s ] thds: 64 tps: 2198.81 qps: 2198.81 (r/w/o: 0.00/2156.79/42.02) lat (ms,95%): 65.65 err/s: 0.00 reconn/s: 0.00
[ 114s ] thds: 64 tps: 2264.92 qps: 2264.92 (r/w/o: 0.00/2211.92/53.00) lat (ms,95%): 63.32 err/s: 0.00 reconn/s: 0.00
[ 115s ] thds: 64 tps: 1801.34 qps: 1801.34 (r/w/o: 0.00/1760.34/41.01) lat (ms,95%): 64.47 err/s: 0.00 reconn/s: 0.00
[ 116s ] thds: 64 tps: 1529.05 qps: 1529.05 (r/w/o: 0.00/1502.04/27.00) lat (ms,95%): 71.83 err/s: 0.00 reconn/s: 0.00
[ 117s ] thds: 64 tps: 1508.04 qps: 1508.04 (r/w/o: 0.00/1474.04/34.00) lat (ms,95%): 75.82 err/s: 0.00 reconn/s: 0.00
[ 118s ] thds: 64 tps: 1530.41 qps: 1530.41 (r/w/o: 0.00/1489.43/40.98) lat (ms,95%): 75.82 err/s: 0.00 reconn/s: 0.00
[ 119s ] thds: 64 tps: 1535.74 qps: 1535.74 (r/w/o: 0.00/1503.74/31.99) lat (ms,95%): 66.84 err/s: 0.00 reconn/s: 0.00
[ 120s ] thds: 64 tps: 1457.56 qps: 1457.56 (r/w/o: 0.00/1428.54/29.01) lat (ms,95%): 90.78 err/s: 0.00 reconn/s: 0.00
[ 121s ] thds: 64 tps: 1466.20 qps: 1466.20 (r/w/o: 0.00/1434.19/32.00) lat (ms,95%): 90.78 err/s: 0.00 reconn/s: 0.00
[ 122s ] thds: 64 tps: 1474.83 qps: 1474.83 (r/w/o: 0.00/1440.83/34.00) lat (ms,95%): 92.42 err/s: 0.00 reconn/s: 0.00
[ 123s ] thds: 64 tps: 1477.76 qps: 1477.76 (r/w/o: 0.00/1440.77/36.99) lat (ms,95%): 95.81 err/s: 0.00 reconn/s: 0.00
[ 124s ] thds: 64 tps: 1522.48 qps: 1522.48 (r/w/o: 0.00/1483.50/38.99) lat (ms,95%): 92.42 err/s: 0.00 reconn/s: 0.00
[ 125s ] thds: 64 tps: 1557.97 qps: 1557.97 (r/w/o: 0.00/1521.94/36.02) lat (ms,95%): 74.46 err/s: 0.00 reconn/s: 0.00
[ 126s ] thds: 64 tps: 1511.05 qps: 1511.05 (r/w/o: 0.00/1478.05/33.00) lat (ms,95%): 101.13 err/s: 0.00 reconn/s: 0.00
[ 127s ] thds: 64 tps: 1556.92 qps: 1556.92 (r/w/o: 0.00/1527.92/29.00) lat (ms,95%): 77.19 err/s: 0.00 reconn/s: 0.00
[ 128s ] thds: 64 tps: 1574.82 qps: 1574.82 (r/w/o: 0.00/1543.85/30.98) lat (ms,95%): 77.19 err/s: 0.00 reconn/s: 0.00
[ 129s ] thds: 64 tps: 1580.24 qps: 1580.24 (r/w/o: 0.00/1540.21/40.03) lat (ms,95%): 77.19 err/s: 0.00 reconn/s: 0.00
[ 130s ] thds: 64 tps: 1474.91 qps: 1474.91 (r/w/o: 0.00/1440.94/33.97) lat (ms,95%): 77.19 err/s: 0.00 reconn/s: 0.00
[ 131s ] thds: 64 tps: 1524.01 qps: 1524.01 (r/w/o: 0.00/1489.98/34.02) lat (ms,95%): 71.83 err/s: 0.00 reconn/s: 0.00
[ 132s ] thds: 64 tps: 1458.24 qps: 1458.24 (r/w/o: 0.00/1435.26/22.99) lat (ms,95%): 73.13 err/s: 0.00 reconn/s: 0.00
[ 133s ] thds: 64 tps: 1488.94 qps: 1488.94 (r/w/o: 0.00/1455.92/33.02) lat (ms,95%): 73.13 err/s: 0.00 reconn/s: 0.00
[ 134s ] thds: 64 tps: 1485.92 qps: 1485.92 (r/w/o: 0.00/1452.92/33.00) lat (ms,95%): 92.42 err/s: 0.00 reconn/s: 0.00
[ 135s ] thds: 64 tps: 1581.24 qps: 1581.24 (r/w/o: 0.00/1531.26/49.98) lat (ms,95%): 81.48 err/s: 0.00 reconn/s: 0.00
[ 136s ] thds: 64 tps: 1542.91 qps: 1542.91 (r/w/o: 0.00/1510.92/32.00) lat (ms,95%): 65.65 err/s: 0.00 reconn/s: 0.00
[ 137s ] thds: 64 tps: 1485.65 qps: 1485.65 (r/w/o: 0.00/1453.64/32.01) lat (ms,95%): 64.47 err/s: 0.00 reconn/s: 0.00
[ 138s ] thds: 64 tps: 1499.93 qps: 1499.93 (r/w/o: 0.00/1474.93/25.00) lat (ms,95%): 64.47 err/s: 0.00 reconn/s: 0.00
[ 139s ] thds: 64 tps: 1515.02 qps: 1515.02 (r/w/o: 0.00/1485.02/30.00) lat (ms,95%): 65.65 err/s: 0.00 reconn/s: 0.00
[ 140s ] thds: 64 tps: 1504.85 qps: 1504.85 (r/w/o: 0.00/1466.88/37.97) lat (ms,95%): 68.05 err/s: 0.00 reconn/s: 0.00
[ 141s ] thds: 64 tps: 1514.41 qps: 1514.41 (r/w/o: 0.00/1492.39/22.02) lat (ms,95%): 66.84 err/s: 0.00 reconn/s: 0.00
[ 142s ] thds: 64 tps: 1498.78 qps: 1498.78 (r/w/o: 0.00/1468.79/30.00) lat (ms,95%): 71.83 err/s: 0.00 reconn/s: 0.00
[ 143s ] thds: 64 tps: 1475.80 qps: 1475.80 (r/w/o: 0.00/1440.83/34.97) lat (ms,95%): 70.55 err/s: 0.00 reconn/s: 0.00
[ 144s ] thds: 64 tps: 1514.25 qps: 1514.25 (r/w/o: 0.00/1483.24/31.01) lat (ms,95%): 70.55 err/s: 0.00 reconn/s: 0.00
[ 145s ] thds: 64 tps: 1531.17 qps: 1531.17 (r/w/o: 0.00/1498.15/33.03) lat (ms,95%): 71.83 err/s: 0.00 reconn/s: 0.00
[ 146s ] thds: 64 tps: 1448.79 qps: 1448.79 (r/w/o: 0.00/1415.82/32.97) lat (ms,95%): 99.33 err/s: 0.00 reconn/s: 0.00
[ 147s ] thds: 64 tps: 1407.18 qps: 1407.18 (r/w/o: 0.00/1388.16/19.02) lat (ms,95%): 99.33 err/s: 0.00 reconn/s: 0.00
[ 148s ] thds: 64 tps: 1481.10 qps: 1481.10 (r/w/o: 0.00/1448.12/32.98) lat (ms,95%): 70.55 err/s: 0.00 reconn/s: 0.00
[ 149s ] thds: 64 tps: 1562.48 qps: 1562.48 (r/w/o: 0.00/1532.47/30.01) lat (ms,95%): 63.32 err/s: 0.00 reconn/s: 0.00
[ 150s ] thds: 64 tps: 1472.24 qps: 1472.24 (r/w/o: 0.00/1443.25/28.99) lat (ms,95%): 69.29 err/s: 0.00 reconn/s: 0.00
[ 151s ] thds: 64 tps: 1493.22 qps: 1493.22 (r/w/o: 0.00/1458.19/35.03) lat (ms,95%): 69.29 err/s: 0.00 reconn/s: 0.00
[ 152s ] thds: 64 tps: 1531.54 qps: 1531.54 (r/w/o: 0.00/1496.55/34.99) lat (ms,95%): 70.55 err/s: 0.00 reconn/s: 0.00
[ 153s ] thds: 64 tps: 1510.62 qps: 1510.62 (r/w/o: 0.00/1464.63/45.99) lat (ms,95%): 71.83 err/s: 0.00 reconn/s: 0.00
[ 154s ] thds: 64 tps: 1496.68 qps: 1496.68 (r/w/o: 0.00/1460.66/36.02) lat (ms,95%): 90.78 err/s: 0.00 reconn/s: 0.00
[ 155s ] thds: 64 tps: 1581.56 qps: 1581.56 (r/w/o: 0.00/1554.56/26.99) lat (ms,95%): 69.29 err/s: 0.00 reconn/s: 0.00
[ 156s ] thds: 64 tps: 1473.43 qps: 1473.43 (r/w/o: 0.00/1439.45/33.99) lat (ms,95%): 90.78 err/s: 0.00 reconn/s: 0.00
[ 157s ] thds: 64 tps: 1454.82 qps: 1454.82 (r/w/o: 0.00/1420.80/34.02) lat (ms,95%): 90.78 err/s: 0.00 reconn/s: 0.00
[ 158s ] thds: 64 tps: 1536.95 qps: 1536.95 (r/w/o: 0.00/1506.95/30.00) lat (ms,95%): 61.08 err/s: 0.00 reconn/s: 0.00
[ 159s ] thds: 64 tps: 1517.01 qps: 1517.01 (r/w/o: 0.00/1483.01/34.00) lat (ms,95%): 61.08 err/s: 0.00 reconn/s: 0.00
[ 160s ] thds: 64 tps: 1433.14 qps: 1433.14 (r/w/o: 0.00/1406.14/27.00) lat (ms,95%): 75.82 err/s: 0.00 reconn/s: 0.00
[ 161s ] thds: 64 tps: 1441.86 qps: 1441.86 (r/w/o: 0.00/1408.86/33.00) lat (ms,95%): 75.82 err/s: 0.00 reconn/s: 0.00
[ 162s ] thds: 64 tps: 1478.93 qps: 1478.93 (r/w/o: 0.00/1444.94/34.00) lat (ms,95%): 75.82 err/s: 0.00 reconn/s: 0.00
[ 163s ] thds: 64 tps: 1543.38 qps: 1543.38 (r/w/o: 0.00/1499.37/44.01) lat (ms,95%): 66.84 err/s: 0.00 reconn/s: 0.00
[ 164s ] thds: 64 tps: 1543.26 qps: 1543.26 (r/w/o: 0.00/1517.27/25.99) lat (ms,95%): 74.46 err/s: 0.00 reconn/s: 0.00
[ 165s ] thds: 64 tps: 1480.20 qps: 1480.20 (r/w/o: 0.00/1459.20/21.00) lat (ms,95%): 80.03 err/s: 0.00 reconn/s: 0.00
[ 166s ] thds: 64 tps: 1471.47 qps: 1471.47 (r/w/o: 0.00/1436.46/35.01) lat (ms,95%): 80.03 err/s: 0.00 reconn/s: 0.00
[ 167s ] thds: 64 tps: 1460.93 qps: 1460.93 (r/w/o: 0.00/1421.96/38.97) lat (ms,95%): 80.03 err/s: 0.00 reconn/s: 0.00
[ 168s ] thds: 64 tps: 1535.30 qps: 1535.30 (r/w/o: 0.00/1510.29/25.00) lat (ms,95%): 55.82 err/s: 0.00 reconn/s: 0.00
[ 169s ] thds: 64 tps: 1565.73 qps: 1565.73 (r/w/o: 0.00/1520.71/45.02) lat (ms,95%): 55.82 err/s: 0.00 reconn/s: 0.00
[ 170s ] thds: 64 tps: 1517.62 qps: 1517.62 (r/w/o: 0.00/1490.63/26.99) lat (ms,95%): 62.19 err/s: 0.00 reconn/s: 0.00
[ 171s ] thds: 64 tps: 1405.45 qps: 1405.45 (r/w/o: 0.00/1373.47/31.99) lat (ms,95%): 116.80 err/s: 0.00 reconn/s: 0.00
[ 172s ] thds: 64 tps: 1455.01 qps: 1455.01 (r/w/o: 0.00/1415.98/39.03) lat (ms,95%): 114.72 err/s: 0.00 reconn/s: 0.00
[ 173s ] thds: 64 tps: 1512.13 qps: 1512.13 (r/w/o: 0.00/1487.13/25.00) lat (ms,95%): 112.67 err/s: 0.00 reconn/s: 0.00
[ 174s ] thds: 64 tps: 1485.03 qps: 1485.03 (r/w/o: 0.00/1446.03/39.00) lat (ms,95%): 101.13 err/s: 0.00 reconn/s: 0.00
[ 175s ] thds: 64 tps: 1472.32 qps: 1472.32 (r/w/o: 0.00/1435.33/36.98) lat (ms,95%): 99.33 err/s: 0.00 reconn/s: 0.00
[ 176s ] thds: 64 tps: 1455.38 qps: 1455.38 (r/w/o: 0.00/1423.37/32.01) lat (ms,95%): 99.33 err/s: 0.00 reconn/s: 0.00
[ 177s ] thds: 64 tps: 1457.04 qps: 1457.04 (r/w/o: 0.00/1426.04/31.00) lat (ms,95%): 70.55 err/s: 0.00 reconn/s: 0.00
[ 178s ] thds: 64 tps: 2001.21 qps: 2001.21 (r/w/o: 0.00/1953.23/47.98) lat (ms,95%): 69.29 err/s: 0.00 reconn/s: 0.00
[ 179s ] thds: 64 tps: 2170.91 qps: 2170.91 (r/w/o: 0.00/2127.89/43.02) lat (ms,95%): 68.05 err/s: 0.00 reconn/s: 0.00
[ 180s ] thds: 64 tps: 2153.93 qps: 2153.93 (r/w/o: 0.00/2096.93/57.00) lat (ms,95%): 69.29 err/s: 0.00 reconn/s: 0.00
[ 181s ] thds: 64 tps: 2178.08 qps: 2178.08 (r/w/o: 0.00/2125.08/53.00) lat (ms,95%): 49.21 err/s: 0.00 reconn/s: 0.00
[ 182s ] thds: 64 tps: 2169.00 qps: 2169.00 (r/w/o: 0.00/2124.00/45.00) lat (ms,95%): 49.21 err/s: 0.00 reconn/s: 0.00
[ 183s ] thds: 64 tps: 1674.77 qps: 1674.77 (r/w/o: 0.00/1634.78/39.99) lat (ms,95%): 54.83 err/s: 0.00 reconn/s: 0.00
[ 184s ] thds: 64 tps: 1525.79 qps: 1525.79 (r/w/o: 0.00/1492.80/33.00) lat (ms,95%): 55.82 err/s: 0.00 reconn/s: 0.00
[ 185s ] thds: 64 tps: 1517.35 qps: 1517.35 (r/w/o: 0.00/1485.34/32.01) lat (ms,95%): 56.84 err/s: 0.00 reconn/s: 0.00
[ 186s ] thds: 64 tps: 1536.12 qps: 1536.12 (r/w/o: 0.00/1497.12/39.00) lat (ms,95%): 56.84 err/s: 0.00 reconn/s: 0.00
[ 187s ] thds: 64 tps: 1521.86 qps: 1521.86 (r/w/o: 0.00/1485.87/36.00) lat (ms,95%): 69.29 err/s: 0.00 reconn/s: 0.00
[ 188s ] thds: 64 tps: 1512.23 qps: 1512.23 (r/w/o: 0.00/1475.23/37.01) lat (ms,95%): 69.29 err/s: 0.00 reconn/s: 0.00
[ 189s ] thds: 64 tps: 1562.70 qps: 1562.70 (r/w/o: 0.00/1524.70/37.99) lat (ms,95%): 68.05 err/s: 0.00 reconn/s: 0.00
[ 190s ] thds: 64 tps: 1525.25 qps: 1525.25 (r/w/o: 0.00/1485.24/40.01) lat (ms,95%): 66.84 err/s: 0.00 reconn/s: 0.00
[ 191s ] thds: 64 tps: 1494.87 qps: 1494.87 (r/w/o: 0.00/1459.87/35.00) lat (ms,95%): 70.55 err/s: 0.00 reconn/s: 0.00
[ 192s ] thds: 64 tps: 1487.88 qps: 1487.88 (r/w/o: 0.00/1452.88/35.00) lat (ms,95%): 74.46 err/s: 0.00 reconn/s: 0.00
[ 193s ] thds: 64 tps: 1503.69 qps: 1503.69 (r/w/o: 0.00/1468.70/34.99) lat (ms,95%): 69.29 err/s: 0.00 reconn/s: 0.00
[ 194s ] thds: 64 tps: 1522.44 qps: 1522.44 (r/w/o: 0.00/1500.43/22.01) lat (ms,95%): 75.82 err/s: 0.00 reconn/s: 0.00
[ 195s ] thds: 64 tps: 1553.10 qps: 1553.10 (r/w/o: 0.00/1522.10/31.00) lat (ms,95%): 54.83 err/s: 0.00 reconn/s: 0.00
[ 196s ] thds: 64 tps: 1558.44 qps: 1558.44 (r/w/o: 0.00/1522.46/35.99) lat (ms,95%): 54.83 err/s: 0.00 reconn/s: 0.00
[ 197s ] thds: 64 tps: 1465.53 qps: 1465.53 (r/w/o: 0.00/1424.52/41.01) lat (ms,95%): 77.19 err/s: 0.00 reconn/s: 0.00
[ 198s ] thds: 64 tps: 1435.86 qps: 1435.86 (r/w/o: 0.00/1416.86/19.00) lat (ms,95%): 73.13 err/s: 0.00 reconn/s: 0.00
[ 199s ] thds: 64 tps: 1502.80 qps: 1502.80 (r/w/o: 0.00/1472.80/30.00) lat (ms,95%): 73.13 err/s: 0.00 reconn/s: 0.00
[ 200s ] thds: 64 tps: 1519.24 qps: 1519.24 (r/w/o: 0.00/1488.23/31.00) lat (ms,95%): 73.13 err/s: 0.00 reconn/s: 0.00
[ 201s ] thds: 64 tps: 1508.86 qps: 1508.86 (r/w/o: 0.00/1471.87/37.00) lat (ms,95%): 74.46 err/s: 0.00 reconn/s: 0.00
[ 202s ] thds: 64 tps: 1512.87 qps: 1512.87 (r/w/o: 0.00/1483.87/29.00) lat (ms,95%): 74.46 err/s: 0.00 reconn/s: 0.00
[ 203s ] thds: 64 tps: 1518.03 qps: 1518.03 (r/w/o: 0.00/1482.03/36.00) lat (ms,95%): 74.46 err/s: 0.00 reconn/s: 0.00
[ 204s ] thds: 64 tps: 1463.34 qps: 1463.34 (r/w/o: 0.00/1443.33/20.00) lat (ms,95%): 74.46 err/s: 0.00 reconn/s: 0.00
[ 205s ] thds: 64 tps: 1533.80 qps: 1533.80 (r/w/o: 0.00/1495.80/38.00) lat (ms,95%): 74.46 err/s: 0.00 reconn/s: 0.00
[ 206s ] thds: 64 tps: 1498.21 qps: 1498.21 (r/w/o: 0.00/1462.21/36.01) lat (ms,95%): 78.60 err/s: 0.00 reconn/s: 0.00
[ 207s ] thds: 64 tps: 1505.97 qps: 1505.97 (r/w/o: 0.00/1476.97/29.00) lat (ms,95%): 78.60 err/s: 0.00 reconn/s: 0.00
[ 208s ] thds: 64 tps: 1489.00 qps: 1489.00 (r/w/o: 0.00/1456.00/33.00) lat (ms,95%): 87.56 err/s: 0.00 reconn/s: 0.00
[ 209s ] thds: 64 tps: 1532.93 qps: 1532.93 (r/w/o: 0.00/1502.93/30.00) lat (ms,95%): 87.56 err/s: 0.00 reconn/s: 0.00
[ 210s ] thds: 64 tps: 1512.15 qps: 1512.15 (r/w/o: 0.00/1480.15/32.00) lat (ms,95%): 86.00 err/s: 0.00 reconn/s: 0.00
[ 211s ] thds: 64 tps: 1462.85 qps: 1462.85 (r/w/o: 0.00/1434.86/28.00) lat (ms,95%): 82.96 err/s: 0.00 reconn/s: 0.00
[ 212s ] thds: 64 tps: 1484.62 qps: 1484.62 (r/w/o: 0.00/1446.63/37.99) lat (ms,95%): 54.83 err/s: 0.00 reconn/s: 0.00
[ 213s ] thds: 64 tps: 1573.94 qps: 1573.94 (r/w/o: 0.00/1540.94/33.00) lat (ms,95%): 54.83 err/s: 0.00 reconn/s: 0.00
[ 214s ] thds: 64 tps: 1479.95 qps: 1479.95 (r/w/o: 0.00/1448.96/31.00) lat (ms,95%): 65.65 err/s: 0.00 reconn/s: 0.00
[ 215s ] thds: 64 tps: 1467.62 qps: 1467.62 (r/w/o: 0.00/1432.60/35.01) lat (ms,95%): 68.05 err/s: 0.00 reconn/s: 0.00
[ 216s ] thds: 64 tps: 1493.79 qps: 1493.79 (r/w/o: 0.00/1456.79/36.99) lat (ms,95%): 70.55 err/s: 0.00 reconn/s: 0.00
[ 217s ] thds: 64 tps: 1571.11 qps: 1571.11 (r/w/o: 0.00/1540.11/31.00) lat (ms,95%): 77.19 err/s: 0.00 reconn/s: 0.00
[ 218s ] thds: 64 tps: 1525.94 qps: 1525.94 (r/w/o: 0.00/1484.94/41.00) lat (ms,95%): 80.03 err/s: 0.00 reconn/s: 0.00
[ 219s ] thds: 64 tps: 1465.08 qps: 1465.08 (r/w/o: 0.00/1436.08/29.00) lat (ms,95%): 80.03 err/s: 0.00 reconn/s: 0.00
[ 220s ] thds: 64 tps: 1467.99 qps: 1467.99 (r/w/o: 0.00/1432.99/35.00) lat (ms,95%): 80.03 err/s: 0.00 reconn/s: 0.00
[ 221s ] thds: 64 tps: 1504.42 qps: 1504.42 (r/w/o: 0.00/1469.43/34.99) lat (ms,95%): 59.99 err/s: 0.00 reconn/s: 0.00
[ 222s ] thds: 64 tps: 1539.54 qps: 1539.54 (r/w/o: 0.00/1506.53/33.01) lat (ms,95%): 58.92 err/s: 0.00 reconn/s: 0.00
[ 223s ] thds: 64 tps: 1493.91 qps: 1493.91 (r/w/o: 0.00/1446.91/47.00) lat (ms,95%): 59.99 err/s: 0.00 reconn/s: 0.00
[ 224s ] thds: 64 tps: 1440.99 qps: 1440.99 (r/w/o: 0.00/1403.99/37.00) lat (ms,95%): 104.84 err/s: 0.00 reconn/s: 0.00
[ 225s ] thds: 64 tps: 1458.04 qps: 1458.04 (r/w/o: 0.00/1424.04/34.00) lat (ms,95%): 104.84 err/s: 0.00 reconn/s: 0.00
[ 226s ] thds: 64 tps: 1497.89 qps: 1497.89 (r/w/o: 0.00/1466.89/31.00) lat (ms,95%): 104.84 err/s: 0.00 reconn/s: 0.00
[ 227s ] thds: 64 tps: 1549.66 qps: 1549.66 (r/w/o: 0.00/1517.67/31.99) lat (ms,95%): 94.10 err/s: 0.00 reconn/s: 0.00
[ 228s ] thds: 64 tps: 1470.02 qps: 1470.02 (r/w/o: 0.00/1441.02/29.00) lat (ms,95%): 94.10 err/s: 0.00 reconn/s: 0.00
[ 229s ] thds: 64 tps: 1472.39 qps: 1472.39 (r/w/o: 0.00/1440.38/32.01) lat (ms,95%): 92.42 err/s: 0.00 reconn/s: 0.00
[ 230s ] thds: 64 tps: 1480.11 qps: 1480.11 (r/w/o: 0.00/1440.11/40.00) lat (ms,95%): 90.78 err/s: 0.00 reconn/s: 0.00
[ 231s ] thds: 64 tps: 1554.87 qps: 1554.87 (r/w/o: 0.00/1515.88/39.00) lat (ms,95%): 73.13 err/s: 0.00 reconn/s: 0.00
[ 232s ] thds: 64 tps: 1513.96 qps: 1513.96 (r/w/o: 0.00/1489.96/24.00) lat (ms,95%): 110.66 err/s: 0.00 reconn/s: 0.00
[ 233s ] thds: 64 tps: 1503.44 qps: 1503.44 (r/w/o: 0.00/1486.44/16.99) lat (ms,95%): 110.66 err/s: 0.00 reconn/s: 0.00
[ 234s ] thds: 64 tps: 1461.19 qps: 1461.19 (r/w/o: 0.00/1418.18/43.01) lat (ms,95%): 94.10 err/s: 0.00 reconn/s: 0.00
[ 235s ] thds: 64 tps: 1526.37 qps: 1526.37 (r/w/o: 0.00/1493.36/33.01) lat (ms,95%): 95.81 err/s: 0.00 reconn/s: 0.00
[ 236s ] thds: 64 tps: 1541.65 qps: 1541.65 (r/w/o: 0.00/1509.66/31.99) lat (ms,95%): 77.19 err/s: 0.00 reconn/s: 0.00
[ 237s ] thds: 64 tps: 1509.39 qps: 1510.39 (r/w/o: 0.00/1481.38/29.01) lat (ms,95%): 70.55 err/s: 0.00 reconn/s: 0.00
[ 238s ] thds: 64 tps: 1462.91 qps: 1461.91 (r/w/o: 0.00/1437.91/24.00) lat (ms,95%): 70.55 err/s: 0.00 reconn/s: 0.00
[ 239s ] thds: 64 tps: 1515.78 qps: 1515.78 (r/w/o: 0.00/1484.79/31.00) lat (ms,95%): 70.55 err/s: 0.00 reconn/s: 0.00
[ 240s ] thds: 64 tps: 1546.30 qps: 1546.30 (r/w/o: 0.00/1522.30/24.00) lat (ms,95%): 70.55 err/s: 0.00 reconn/s: 0.00
Latency histogram (values are in milliseconds)
       value  ------------- distribution ------------- count
       5.277 |                                         1
       5.470 |                                         5
       5.570 |                                         6
       5.671 |                                         6
       5.774 |                                         5
       5.879 |                                         13
       5.986 |                                         20
       6.095 |                                         38
       6.205 |                                         77
       6.318 |                                         135
       6.433 |                                         128
       6.550 |                                         144
       6.669 |                                         143
       6.790 |*                                        263
       6.913 |*                                        350
       7.039 |*                                        445
       7.167 |**                                       557
       7.297 |***                                      865
       7.430 |***                                      983
       7.565 |***                                      922
       7.702 |***                                      851
       7.842 |***                                      902
       7.985 |***                                      981
       8.130 |***                                      896
       8.277 |***                                      958
       8.428 |***                                      1152
       8.581 |***                                      893
       8.737 |**                                       721
       8.895 |**                                       626
       9.057 |**                                       511
       9.222 |*                                        391
       9.389 |*                                        365
       9.560 |*                                        299
       9.734 |*                                        190
       9.910 |                                         142
      10.090 |                                         106
      10.274 |                                         67
      10.460 |                                         48
      10.651 |                                         40
      10.844 |                                         26
      11.041 |                                         13
      11.242 |                                         10
      11.446 |                                         4
      11.654 |                                         8
      11.866 |                                         8
      12.081 |                                         2
      12.301 |                                         4
      12.524 |                                         1
      13.219 |                                         2
      13.704 |                                         1
      13.953 |                                         2
      14.465 |                                         1
      14.728 |                                         1
      14.995 |                                         3
      15.268 |                                         1
      15.545 |                                         4
      15.828 |                                         12
      16.115 |                                         1
      16.408 |                                         10
      16.706 |                                         8
      17.010 |                                         9
      17.319 |                                         13
      17.633 |                                         12
      17.954 |                                         26
      18.280 |                                         33
      18.612 |                                         44
      18.950 |                                         58
      19.295 |                                         55
      19.645 |                                         95
      20.002 |                                         144
      20.366 |*                                        172
      20.736 |*                                        215
      21.112 |*                                        376
      21.496 |*                                        410
      21.886 |**                                       527
      22.284 |***                                      892
      22.689 |***                                      901
      23.101 |****                                     1237
      23.521 |****                                     1443
      23.948 |******                                   1886
      24.384 |*********                                2987
      24.827 |**********                               3399
      25.278 |***************                          5048
      25.737 |**************                           4798
      26.205 |***************                          5010
      26.681 |***************                          5149
      27.165 |************                             3938
      27.659 |************                             4146
      28.162 |*********                                2980
      28.673 |***********                              3562
      29.194 |*********                                2950
      29.725 |*************                            4323
      30.265 |************                             3997
      30.815 |********************                     6681
      31.375 |***********************                  7834
      31.945 |***********************************      11672
      32.525 |*************************************    12459
      33.116 |**************************************   12602
      33.718 |**************************************** 13362
      34.330 |******************************           9862
      34.954 |*********************************        11044
      35.589 |*********************                    7159
      36.236 |*********************                    7074
      36.894 |*********************                    7146
      37.565 |*********************                    7014
      38.247 |*******************************          10215
      38.942 |***********************************      11610
      39.650 |*******************************          10412
      40.370 |***********************************      11714
      41.104 |********************************         10852
      41.851 |***************************              8853
      42.611 |***************************              9157
      43.385 |****************************             9330
      44.173 |**************************               8547
      44.976 |***********************                  7722
      45.793 |************************                 7921
      46.625 |*********************                    7034
      47.472 |*******************                      6277
      48.335 |***************                          5161
      49.213 |***********                              3656
      50.107 |********                                 2679
      51.018 |*******                                  2300
      51.945 |*******                                  2182
      52.889 |*******                                  2273
      53.850 |*******                                  2216
      54.828 |******                                   1926
      55.824 |*******                                  2194
      56.839 |******                                   2077
      57.871 |*****                                    1529
      58.923 |*****                                    1595
      59.993 |*****                                    1548
      61.083 |****                                     1420
      62.193 |******                                   1959
      63.323 |*****                                    1828
      64.474 |*****                                    1736
      65.645 |*****                                    1602
      66.838 |***                                      1121
      68.053 |***                                      1077
      69.289 |****                                     1463
      70.548 |****                                     1206
      71.830 |****                                     1190
      73.135 |***                                      1167
      74.464 |***                                      1073
      75.817 |****                                     1275
      77.194 |****                                     1466
      78.597 |***                                      1083
      80.025 |*                                        485
      81.479 |*                                        261
      82.959 |*                                        230
      84.467 |*                                        352
      86.002 |*                                        482
      87.564 |*                                        494
      89.155 |*                                        445
      90.775 |**                                       813
      92.424 |**                                       757
      94.104 |**                                       502
      95.814 |*                                        252
      97.555 |*                                        340
      99.327 |*                                        387
     101.132 |**                                       678
     102.969 |**                                       553
     104.840 |*                                        461
     106.745 |*                                        223
     108.685 |*                                        249
     110.659 |*                                        319
     112.670 |**                                       529
     114.717 |**                                       588
     116.802 |                                         150
     118.924 |*                                        294
     121.085 |*                                        222
     123.285 |*                                        427
     125.525 |*                                        200
     127.805 |*                                        192
     130.128 |*                                        251
     132.492 |*                                        224
     134.899 |                                         69
     137.350 |*                                        169
     139.846 |                                         46
     142.387 |*                                        214
     144.974 |*                                        187
     147.608 |*                                        337
     150.290 |                                         24
     153.021 |                                         43
     155.801 |                                         12
     158.632 |                                         92
     161.514 |                                         24
     164.449 |                                         136
     167.437 |                                         51
     170.479 |                                         118
     173.577 |                                         112
     176.731 |                                         24
     179.942 |                                         107
     183.211 |                                         152
     186.540 |                                         81
     189.929 |                                         13
     193.380 |                                         44
     196.894 |                                         12
     200.472 |                                         16
     204.114 |                                         76
     207.823 |                                         16
     211.599 |                                         11
     215.443 |                                         15
     219.358 |                                         3
     223.344 |*                                        223
     227.402 |                                         24
     231.534 |                                         8
     235.740 |                                         3
     240.024 |                                         1
     244.385 |                                         5
     248.825 |                                         6
     253.346 |                                         3
     257.950 |                                         37
     262.636 |                                         13
     267.408 |                                         2
     272.267 |                                         2
     282.251 |                                         2
     287.379 |                                         2
     292.601 |                                         1
     297.917 |                                         2
     303.330 |                                         1
     314.453 |                                         1
     325.984 |                                         1
     331.907 |                                         1
     344.078 |                                         15
     356.695 |                                         17
     363.176 |                                         9
     369.775 |                                         2
     376.494 |                                         22
     383.334 |                                         5
     390.299 |                                         1
     397.391 |                                         4
     404.611 |                                         5
     419.448 |                                         38
     442.730 |                                         2
     467.304 |                                         1
     475.794 |                                         1
     493.242 |                                         1
 
SQL statistics:
    queries performed:
        read:                            0
        write:                           367490
        other:                           8293
        total:                           375783
    transactions:                        375783 (1565.30 per sec.)
    queries:                             375783 (1565.30 per sec.)
    ignored errors:                      0      (0.00 per sec.)
    reconnects:                          0      (0.00 per sec.)

Throughput:
    events/s (eps):                      1565.2978
    time elapsed:                        240.0718s
    total number of events:              375783

Latency (ms):
         min:                                    5.25
         avg:                                   40.88
         max:                                  497.44
         95th percentile:                       74.46
         sum:                             15362708.95

Threads fairness:
    events (avg/stddev):           5871.5781/994.42
    execution time (avg/stddev):   240.0423/0.03

