sysbench 1.1.0-3ceba0b (using bundled LuaJIT 2.1.0-beta3)

Running the test with following options:
Number of threads: 128
Warmup time: 60s
Report intermediate results every 1 second(s)
Initializing random number generator from current time


Initializing worker threads...

Threads started!

Warming up for 60 seconds...

[ 1s ] thds: 128 tps: 1018.35 qps: 16310.31 (r/w/o: 14271.57/0.00/2038.74) lat (ms,95%): 207.82 err/s: 0.00 reconn/s: 0.00
[ 2s ] thds: 128 tps: 1054.65 qps: 16871.43 (r/w/o: 14762.13/0.00/2109.30) lat (ms,95%): 200.47 err/s: 0.00 reconn/s: 0.00
[ 3s ] thds: 128 tps: 1056.43 qps: 16931.96 (r/w/o: 14817.09/0.00/2114.87) lat (ms,95%): 200.47 err/s: 0.00 reconn/s: 0.00
[ 4s ] thds: 128 tps: 1044.62 qps: 16669.99 (r/w/o: 14580.74/0.00/2089.25) lat (ms,95%): 204.11 err/s: 0.00 reconn/s: 0.00
[ 5s ] thds: 128 tps: 1065.98 qps: 17122.73 (r/w/o: 14989.76/0.00/2132.97) lat (ms,95%): 207.82 err/s: 0.00 reconn/s: 0.00
[ 6s ] thds: 128 tps: 1031.26 qps: 16449.10 (r/w/o: 14387.59/0.00/2061.51) lat (ms,95%): 215.44 err/s: 0.00 reconn/s: 0.00
[ 7s ] thds: 128 tps: 1050.69 qps: 16771.07 (r/w/o: 14670.69/0.00/2100.38) lat (ms,95%): 207.82 err/s: 0.00 reconn/s: 0.00
[ 8s ] thds: 128 tps: 1063.15 qps: 17070.38 (r/w/o: 14944.09/0.00/2126.30) lat (ms,95%): 200.47 err/s: 0.00 reconn/s: 0.00
[ 9s ] thds: 128 tps: 1040.40 qps: 16695.44 (r/w/o: 14614.64/0.00/2080.80) lat (ms,95%): 204.11 err/s: 0.00 reconn/s: 0.00
[ 10s ] thds: 128 tps: 1066.32 qps: 16930.28 (r/w/o: 14797.63/0.00/2132.65) lat (ms,95%): 200.47 err/s: 0.00 reconn/s: 0.00
[ 11s ] thds: 128 tps: 1050.94 qps: 16842.09 (r/w/o: 14738.21/0.00/2103.89) lat (ms,95%): 200.47 err/s: 0.00 reconn/s: 0.00
[ 12s ] thds: 128 tps: 1051.64 qps: 16872.21 (r/w/o: 14769.94/0.00/2102.27) lat (ms,95%): 200.47 err/s: 0.00 reconn/s: 0.00
[ 13s ] thds: 128 tps: 1062.08 qps: 17014.31 (r/w/o: 14890.15/0.00/2124.16) lat (ms,95%): 196.89 err/s: 0.00 reconn/s: 0.00
[ 14s ] thds: 128 tps: 1043.81 qps: 16705.02 (r/w/o: 14617.40/0.00/2087.63) lat (ms,95%): 207.82 err/s: 0.00 reconn/s: 0.00
[ 15s ] thds: 128 tps: 1043.18 qps: 16674.90 (r/w/o: 14588.54/0.00/2086.36) lat (ms,95%): 204.11 err/s: 0.00 reconn/s: 0.00
[ 16s ] thds: 128 tps: 1020.03 qps: 16237.47 (r/w/o: 14197.41/0.00/2040.06) lat (ms,95%): 211.60 err/s: 0.00 reconn/s: 0.00
[ 17s ] thds: 128 tps: 1046.95 qps: 16762.23 (r/w/o: 14669.33/0.00/2092.90) lat (ms,95%): 207.82 err/s: 0.00 reconn/s: 0.00
[ 18s ] thds: 128 tps: 1026.93 qps: 16574.89 (r/w/o: 14522.03/0.00/2052.86) lat (ms,95%): 204.11 err/s: 0.00 reconn/s: 0.00
[ 19s ] thds: 128 tps: 1012.53 qps: 16188.50 (r/w/o: 14161.44/0.00/2027.06) lat (ms,95%): 211.60 err/s: 0.00 reconn/s: 0.00
[ 20s ] thds: 128 tps: 1062.59 qps: 16924.47 (r/w/o: 14801.28/0.00/2123.19) lat (ms,95%): 204.11 err/s: 0.00 reconn/s: 0.00
[ 21s ] thds: 128 tps: 1042.49 qps: 16705.77 (r/w/o: 14617.80/0.00/2087.97) lat (ms,95%): 204.11 err/s: 0.00 reconn/s: 0.00
[ 22s ] thds: 128 tps: 1035.52 qps: 16575.39 (r/w/o: 14505.34/0.00/2070.05) lat (ms,95%): 207.82 err/s: 0.00 reconn/s: 0.00
[ 23s ] thds: 128 tps: 1011.95 qps: 16308.27 (r/w/o: 14285.36/0.00/2022.91) lat (ms,95%): 211.60 err/s: 0.00 reconn/s: 0.00
[ 24s ] thds: 128 tps: 1062.01 qps: 16869.23 (r/w/o: 14743.20/0.00/2126.03) lat (ms,95%): 204.11 err/s: 0.00 reconn/s: 0.00
[ 25s ] thds: 128 tps: 1041.01 qps: 16675.08 (r/w/o: 14594.07/0.00/2081.01) lat (ms,95%): 196.89 err/s: 0.00 reconn/s: 0.00
[ 26s ] thds: 128 tps: 1049.00 qps: 16733.07 (r/w/o: 14634.06/0.00/2099.01) lat (ms,95%): 204.11 err/s: 0.00 reconn/s: 0.00
[ 27s ] thds: 128 tps: 1044.00 qps: 16647.94 (r/w/o: 14561.95/0.00/2085.99) lat (ms,95%): 200.47 err/s: 0.00 reconn/s: 0.00
[ 28s ] thds: 128 tps: 1090.93 qps: 17507.81 (r/w/o: 15326.96/0.00/2180.85) lat (ms,95%): 196.89 err/s: 0.00 reconn/s: 0.00
[ 29s ] thds: 128 tps: 1042.01 qps: 16673.10 (r/w/o: 14588.09/0.00/2085.01) lat (ms,95%): 200.47 err/s: 0.00 reconn/s: 0.00
[ 30s ] thds: 128 tps: 1047.06 qps: 16690.02 (r/w/o: 14597.89/0.00/2092.13) lat (ms,95%): 200.47 err/s: 0.00 reconn/s: 0.00
[ 31s ] thds: 128 tps: 997.85 qps: 16107.57 (r/w/o: 14110.87/0.00/1996.70) lat (ms,95%): 207.82 err/s: 0.00 reconn/s: 0.00
[ 32s ] thds: 128 tps: 1081.59 qps: 17258.46 (r/w/o: 15096.28/0.00/2162.18) lat (ms,95%): 196.89 err/s: 0.00 reconn/s: 0.00
[ 33s ] thds: 128 tps: 1030.40 qps: 16456.41 (r/w/o: 14393.61/0.00/2062.80) lat (ms,95%): 211.60 err/s: 0.00 reconn/s: 0.00
[ 34s ] thds: 128 tps: 1043.99 qps: 16677.83 (r/w/o: 14589.85/0.00/2087.98) lat (ms,95%): 207.82 err/s: 0.00 reconn/s: 0.00
[ 35s ] thds: 128 tps: 1018.09 qps: 16312.37 (r/w/o: 14276.20/0.00/2036.17) lat (ms,95%): 211.60 err/s: 0.00 reconn/s: 0.00
[ 36s ] thds: 128 tps: 1053.68 qps: 16796.87 (r/w/o: 14693.51/0.00/2103.36) lat (ms,95%): 207.82 err/s: 0.00 reconn/s: 0.00
[ 37s ] thds: 128 tps: 1069.39 qps: 17128.30 (r/w/o: 14987.51/0.00/2140.79) lat (ms,95%): 196.89 err/s: 0.00 reconn/s: 0.00
[ 38s ] thds: 128 tps: 1059.89 qps: 16968.27 (r/w/o: 14847.49/0.00/2120.78) lat (ms,95%): 196.89 err/s: 0.00 reconn/s: 0.00
[ 39s ] thds: 128 tps: 1037.13 qps: 16670.04 (r/w/o: 14595.79/0.00/2074.25) lat (ms,95%): 204.11 err/s: 0.00 reconn/s: 0.00
[ 40s ] thds: 128 tps: 1055.46 qps: 16863.37 (r/w/o: 14750.45/0.00/2112.92) lat (ms,95%): 193.38 err/s: 0.00 reconn/s: 0.00
[ 41s ] thds: 128 tps: 1061.62 qps: 16995.87 (r/w/o: 14872.64/0.00/2123.23) lat (ms,95%): 207.82 err/s: 0.00 reconn/s: 0.00
[ 42s ] thds: 128 tps: 1058.78 qps: 16921.42 (r/w/o: 14805.87/0.00/2115.55) lat (ms,95%): 200.47 err/s: 0.00 reconn/s: 0.00
[ 43s ] thds: 128 tps: 1046.55 qps: 16746.76 (r/w/o: 14652.66/0.00/2094.09) lat (ms,95%): 204.11 err/s: 0.00 reconn/s: 0.00
[ 44s ] thds: 128 tps: 1031.10 qps: 16490.60 (r/w/o: 14427.40/0.00/2063.20) lat (ms,95%): 207.82 err/s: 0.00 reconn/s: 0.00
[ 45s ] thds: 128 tps: 1047.70 qps: 16679.19 (r/w/o: 14583.80/0.00/2095.40) lat (ms,95%): 207.82 err/s: 0.00 reconn/s: 0.00
[ 46s ] thds: 128 tps: 1048.58 qps: 16872.28 (r/w/o: 14775.12/0.00/2097.15) lat (ms,95%): 196.89 err/s: 0.00 reconn/s: 0.00
[ 47s ] thds: 128 tps: 1047.15 qps: 16685.35 (r/w/o: 14592.05/0.00/2093.29) lat (ms,95%): 204.11 err/s: 0.00 reconn/s: 0.00
[ 48s ] thds: 128 tps: 1024.07 qps: 16507.19 (r/w/o: 14459.04/0.00/2048.15) lat (ms,95%): 207.82 err/s: 0.00 reconn/s: 0.00
[ 49s ] thds: 128 tps: 1063.92 qps: 17001.70 (r/w/o: 14873.86/0.00/2127.84) lat (ms,95%): 200.47 err/s: 0.00 reconn/s: 0.00
[ 50s ] thds: 128 tps: 1065.85 qps: 17080.59 (r/w/o: 14949.89/0.00/2130.70) lat (ms,95%): 196.89 err/s: 0.00 reconn/s: 0.00
[ 51s ] thds: 128 tps: 1063.38 qps: 16994.09 (r/w/o: 14864.34/0.00/2129.76) lat (ms,95%): 200.47 err/s: 0.00 reconn/s: 0.00
[ 52s ] thds: 128 tps: 1025.17 qps: 16313.78 (r/w/o: 14264.43/0.00/2049.35) lat (ms,95%): 204.11 err/s: 0.00 reconn/s: 0.00
[ 53s ] thds: 128 tps: 1057.59 qps: 16970.49 (r/w/o: 14857.31/0.00/2113.18) lat (ms,95%): 207.82 err/s: 0.00 reconn/s: 0.00
[ 54s ] thds: 128 tps: 1020.80 qps: 16300.84 (r/w/o: 14257.23/0.00/2043.60) lat (ms,95%): 207.82 err/s: 0.00 reconn/s: 0.00
[ 55s ] thds: 128 tps: 1042.70 qps: 16702.27 (r/w/o: 14615.86/0.00/2086.41) lat (ms,95%): 204.11 err/s: 0.00 reconn/s: 0.00
[ 56s ] thds: 128 tps: 1041.53 qps: 16648.45 (r/w/o: 14569.40/0.00/2079.06) lat (ms,95%): 211.60 err/s: 0.00 reconn/s: 0.00
[ 57s ] thds: 128 tps: 1024.97 qps: 16582.51 (r/w/o: 14529.57/0.00/2052.94) lat (ms,95%): 207.82 err/s: 0.00 reconn/s: 0.00
[ 58s ] thds: 128 tps: 1064.04 qps: 16863.64 (r/w/o: 14734.56/0.00/2129.08) lat (ms,95%): 207.82 err/s: 0.00 reconn/s: 0.00
[ 59s ] thds: 128 tps: 1094.70 qps: 17582.21 (r/w/o: 15394.81/0.00/2187.40) lat (ms,95%): 196.89 err/s: 0.00 reconn/s: 0.00
[ 60s ] thds: 128 tps: 1049.16 qps: 16708.56 (r/w/o: 14610.24/0.00/2098.32) lat (ms,95%): 204.11 err/s: 0.00 reconn/s: 0.00
[ 61s ] thds: 128 tps: 1031.06 qps: 16522.97 (r/w/o: 14458.85/0.00/2064.12) lat (ms,95%): 204.11 err/s: 0.00 reconn/s: 0.00
[ 62s ] thds: 128 tps: 1029.09 qps: 16478.51 (r/w/o: 14423.32/0.00/2055.19) lat (ms,95%): 207.82 err/s: 0.00 reconn/s: 0.00
[ 63s ] thds: 128 tps: 1041.94 qps: 16649.00 (r/w/o: 14562.13/0.00/2086.88) lat (ms,95%): 204.11 err/s: 0.00 reconn/s: 0.00
[ 64s ] thds: 128 tps: 1023.00 qps: 16348.03 (r/w/o: 14304.03/0.00/2044.00) lat (ms,95%): 207.82 err/s: 0.00 reconn/s: 0.00
[ 65s ] thds: 128 tps: 1074.20 qps: 17224.24 (r/w/o: 15075.83/0.00/2148.41) lat (ms,95%): 193.38 err/s: 0.00 reconn/s: 0.00
[ 66s ] thds: 128 tps: 1055.75 qps: 16914.99 (r/w/o: 14801.49/0.00/2113.50) lat (ms,95%): 204.11 err/s: 0.00 reconn/s: 0.00
[ 67s ] thds: 128 tps: 1014.22 qps: 16120.56 (r/w/o: 14094.12/0.00/2026.44) lat (ms,95%): 211.60 err/s: 0.00 reconn/s: 0.00
[ 68s ] thds: 128 tps: 1054.92 qps: 16959.73 (r/w/o: 14849.89/0.00/2109.83) lat (ms,95%): 204.11 err/s: 0.00 reconn/s: 0.00
[ 69s ] thds: 128 tps: 1065.19 qps: 17184.01 (r/w/o: 15051.62/0.00/2132.39) lat (ms,95%): 196.89 err/s: 0.00 reconn/s: 0.00
[ 70s ] thds: 128 tps: 1054.59 qps: 16804.42 (r/w/o: 14696.24/0.00/2108.18) lat (ms,95%): 204.11 err/s: 0.00 reconn/s: 0.00
[ 71s ] thds: 128 tps: 1043.97 qps: 16629.57 (r/w/o: 14541.62/0.00/2087.95) lat (ms,95%): 207.82 err/s: 0.00 reconn/s: 0.00
[ 72s ] thds: 128 tps: 1036.69 qps: 16626.08 (r/w/o: 14554.69/0.00/2071.39) lat (ms,95%): 207.82 err/s: 0.00 reconn/s: 0.00
[ 73s ] thds: 128 tps: 1039.46 qps: 16602.38 (r/w/o: 14523.45/0.00/2078.92) lat (ms,95%): 204.11 err/s: 0.00 reconn/s: 0.00
[ 74s ] thds: 128 tps: 1063.89 qps: 16941.30 (r/w/o: 14815.52/0.00/2125.79) lat (ms,95%): 200.47 err/s: 0.00 reconn/s: 0.00
[ 75s ] thds: 128 tps: 1040.06 qps: 16763.01 (r/w/o: 14678.89/0.00/2084.13) lat (ms,95%): 207.82 err/s: 0.00 reconn/s: 0.00
[ 76s ] thds: 128 tps: 1029.04 qps: 16405.69 (r/w/o: 14349.61/0.00/2056.09) lat (ms,95%): 207.82 err/s: 0.00 reconn/s: 0.00
[ 77s ] thds: 128 tps: 1050.79 qps: 16778.62 (r/w/o: 14677.04/0.00/2101.58) lat (ms,95%): 204.11 err/s: 0.00 reconn/s: 0.00
[ 78s ] thds: 128 tps: 1049.57 qps: 16771.18 (r/w/o: 14673.04/0.00/2098.15) lat (ms,95%): 204.11 err/s: 0.00 reconn/s: 0.00
[ 79s ] thds: 128 tps: 1041.62 qps: 16699.91 (r/w/o: 14615.67/0.00/2084.24) lat (ms,95%): 204.11 err/s: 0.00 reconn/s: 0.00
[ 80s ] thds: 128 tps: 1062.92 qps: 17082.64 (r/w/o: 14956.81/0.00/2125.83) lat (ms,95%): 200.47 err/s: 0.00 reconn/s: 0.00
[ 81s ] thds: 128 tps: 1055.83 qps: 16781.32 (r/w/o: 14668.66/0.00/2112.66) lat (ms,95%): 200.47 err/s: 0.00 reconn/s: 0.00
[ 82s ] thds: 128 tps: 1060.25 qps: 17057.08 (r/w/o: 14939.57/0.00/2117.51) lat (ms,95%): 204.11 err/s: 0.00 reconn/s: 0.00
[ 83s ] thds: 128 tps: 1029.91 qps: 16407.55 (r/w/o: 14344.74/0.00/2062.82) lat (ms,95%): 204.11 err/s: 0.00 reconn/s: 0.00
[ 84s ] thds: 128 tps: 1056.20 qps: 16949.25 (r/w/o: 14835.85/0.00/2113.41) lat (ms,95%): 207.82 err/s: 0.00 reconn/s: 0.00
[ 85s ] thds: 128 tps: 1066.38 qps: 17047.05 (r/w/o: 14919.30/0.00/2127.76) lat (ms,95%): 204.11 err/s: 0.00 reconn/s: 0.00
[ 86s ] thds: 128 tps: 1091.21 qps: 17408.34 (r/w/o: 15222.92/0.00/2185.42) lat (ms,95%): 196.89 err/s: 0.00 reconn/s: 0.00
[ 87s ] thds: 128 tps: 1060.31 qps: 17066.04 (r/w/o: 14943.41/0.00/2122.63) lat (ms,95%): 200.47 err/s: 0.00 reconn/s: 0.00
[ 88s ] thds: 128 tps: 1070.01 qps: 17096.15 (r/w/o: 14957.14/0.00/2139.02) lat (ms,95%): 200.47 err/s: 0.00 reconn/s: 0.00
[ 89s ] thds: 128 tps: 1056.01 qps: 16828.12 (r/w/o: 14716.10/0.00/2112.01) lat (ms,95%): 200.47 err/s: 0.00 reconn/s: 0.00
[ 90s ] thds: 128 tps: 1044.06 qps: 16706.94 (r/w/o: 14621.82/0.00/2085.12) lat (ms,95%): 207.82 err/s: 0.00 reconn/s: 0.00
[ 91s ] thds: 128 tps: 1062.70 qps: 17046.23 (r/w/o: 14920.83/0.00/2125.41) lat (ms,95%): 200.47 err/s: 0.00 reconn/s: 0.00
[ 92s ] thds: 128 tps: 1069.57 qps: 17110.06 (r/w/o: 14967.93/0.00/2142.13) lat (ms,95%): 196.89 err/s: 0.00 reconn/s: 0.00
[ 93s ] thds: 128 tps: 1044.70 qps: 16743.19 (r/w/o: 14652.79/0.00/2090.40) lat (ms,95%): 204.11 err/s: 0.00 reconn/s: 0.00
[ 94s ] thds: 128 tps: 1052.91 qps: 16835.48 (r/w/o: 14731.67/0.00/2103.81) lat (ms,95%): 204.11 err/s: 0.00 reconn/s: 0.00
[ 95s ] thds: 128 tps: 1031.43 qps: 16576.78 (r/w/o: 14510.93/0.00/2065.85) lat (ms,95%): 211.60 err/s: 0.00 reconn/s: 0.00
[ 96s ] thds: 128 tps: 1054.70 qps: 16829.22 (r/w/o: 14722.82/0.00/2106.40) lat (ms,95%): 204.11 err/s: 0.00 reconn/s: 0.00
[ 97s ] thds: 128 tps: 1058.55 qps: 16896.81 (r/w/o: 14778.71/0.00/2118.10) lat (ms,95%): 204.11 err/s: 0.00 reconn/s: 0.00
[ 98s ] thds: 128 tps: 1037.56 qps: 16612.03 (r/w/o: 14539.90/0.00/2072.13) lat (ms,95%): 204.11 err/s: 0.00 reconn/s: 0.00
[ 99s ] thds: 128 tps: 1080.73 qps: 17318.72 (r/w/o: 15152.26/0.00/2166.47) lat (ms,95%): 196.89 err/s: 0.00 reconn/s: 0.00
[ 100s ] thds: 128 tps: 1055.02 qps: 16904.25 (r/w/o: 14794.22/0.00/2110.03) lat (ms,95%): 204.11 err/s: 0.00 reconn/s: 0.00
[ 101s ] thds: 128 tps: 1048.44 qps: 16820.94 (r/w/o: 14726.07/0.00/2094.87) lat (ms,95%): 204.11 err/s: 0.00 reconn/s: 0.00
[ 102s ] thds: 128 tps: 1041.64 qps: 16527.12 (r/w/o: 14442.84/0.00/2084.28) lat (ms,95%): 207.82 err/s: 0.00 reconn/s: 0.00
[ 103s ] thds: 128 tps: 1055.87 qps: 16886.98 (r/w/o: 14777.24/0.00/2109.75) lat (ms,95%): 196.89 err/s: 0.00 reconn/s: 0.00
[ 104s ] thds: 128 tps: 1083.20 qps: 17386.23 (r/w/o: 15219.82/0.00/2166.40) lat (ms,95%): 193.38 err/s: 0.00 reconn/s: 0.00
[ 105s ] thds: 128 tps: 1044.93 qps: 16696.91 (r/w/o: 14606.05/0.00/2090.86) lat (ms,95%): 204.11 err/s: 0.00 reconn/s: 0.00
[ 106s ] thds: 128 tps: 1040.00 qps: 16608.94 (r/w/o: 14529.95/0.00/2078.99) lat (ms,95%): 204.11 err/s: 0.00 reconn/s: 0.00
[ 107s ] thds: 128 tps: 1063.03 qps: 17109.50 (r/w/o: 14981.44/0.00/2128.06) lat (ms,95%): 196.89 err/s: 0.00 reconn/s: 0.00
[ 108s ] thds: 128 tps: 1028.52 qps: 16441.27 (r/w/o: 14384.24/0.00/2057.03) lat (ms,95%): 207.82 err/s: 0.00 reconn/s: 0.00
[ 109s ] thds: 128 tps: 1042.91 qps: 16773.54 (r/w/o: 14688.72/0.00/2084.82) lat (ms,95%): 196.89 err/s: 0.00 reconn/s: 0.00
[ 110s ] thds: 128 tps: 1070.66 qps: 16989.41 (r/w/o: 14847.10/0.00/2142.31) lat (ms,95%): 207.82 err/s: 0.00 reconn/s: 0.00
[ 111s ] thds: 128 tps: 1038.89 qps: 16646.26 (r/w/o: 14568.47/0.00/2077.78) lat (ms,95%): 204.11 err/s: 0.00 reconn/s: 0.00
[ 112s ] thds: 128 tps: 1078.51 qps: 17205.11 (r/w/o: 15049.10/0.00/2156.01) lat (ms,95%): 200.47 err/s: 0.00 reconn/s: 0.00
[ 113s ] thds: 128 tps: 1051.61 qps: 16940.86 (r/w/o: 14837.63/0.00/2103.22) lat (ms,95%): 207.82 err/s: 0.00 reconn/s: 0.00
[ 114s ] thds: 128 tps: 1084.04 qps: 17179.85 (r/w/o: 15011.76/0.00/2168.09) lat (ms,95%): 196.89 err/s: 0.00 reconn/s: 0.00
[ 115s ] thds: 128 tps: 1034.72 qps: 16657.54 (r/w/o: 14590.11/0.00/2067.43) lat (ms,95%): 200.47 err/s: 0.00 reconn/s: 0.00
[ 116s ] thds: 128 tps: 1040.70 qps: 16636.13 (r/w/o: 14551.74/0.00/2084.39) lat (ms,95%): 211.60 err/s: 0.00 reconn/s: 0.00
[ 117s ] thds: 128 tps: 1042.48 qps: 16674.69 (r/w/o: 14589.73/0.00/2084.96) lat (ms,95%): 211.60 err/s: 0.00 reconn/s: 0.00
[ 118s ] thds: 128 tps: 1041.94 qps: 16667.05 (r/w/o: 14582.17/0.00/2084.88) lat (ms,95%): 200.47 err/s: 0.00 reconn/s: 0.00
[ 119s ] thds: 128 tps: 1047.24 qps: 16764.84 (r/w/o: 14671.36/0.00/2093.48) lat (ms,95%): 204.11 err/s: 0.00 reconn/s: 0.00
[ 120s ] thds: 128 tps: 1045.75 qps: 16792.07 (r/w/o: 14700.56/0.00/2091.50) lat (ms,95%): 204.11 err/s: 0.00 reconn/s: 0.00
[ 121s ] thds: 128 tps: 1060.62 qps: 16876.94 (r/w/o: 14756.70/0.00/2120.24) lat (ms,95%): 200.47 err/s: 0.00 reconn/s: 0.00
[ 122s ] thds: 128 tps: 1048.25 qps: 16782.00 (r/w/o: 14685.50/0.00/2096.50) lat (ms,95%): 200.47 err/s: 0.00 reconn/s: 0.00
[ 123s ] thds: 128 tps: 1076.86 qps: 17119.85 (r/w/o: 14966.12/0.00/2153.73) lat (ms,95%): 200.47 err/s: 0.00 reconn/s: 0.00
[ 124s ] thds: 128 tps: 1026.99 qps: 16517.81 (r/w/o: 14463.84/0.00/2053.98) lat (ms,95%): 211.60 err/s: 0.00 reconn/s: 0.00
[ 125s ] thds: 128 tps: 1031.24 qps: 16527.92 (r/w/o: 14464.43/0.00/2063.49) lat (ms,95%): 204.11 err/s: 0.00 reconn/s: 0.00
[ 126s ] thds: 128 tps: 1065.09 qps: 17075.52 (r/w/o: 14946.33/0.00/2129.19) lat (ms,95%): 200.47 err/s: 0.00 reconn/s: 0.00
[ 127s ] thds: 128 tps: 1035.77 qps: 16493.37 (r/w/o: 14419.83/0.00/2073.54) lat (ms,95%): 204.11 err/s: 0.00 reconn/s: 0.00
[ 128s ] thds: 128 tps: 1020.15 qps: 16437.42 (r/w/o: 14400.12/0.00/2037.30) lat (ms,95%): 211.60 err/s: 0.00 reconn/s: 0.00
[ 129s ] thds: 128 tps: 1090.82 qps: 17381.13 (r/w/o: 15197.49/0.00/2183.64) lat (ms,95%): 196.89 err/s: 0.00 reconn/s: 0.00
[ 130s ] thds: 128 tps: 1065.19 qps: 17025.07 (r/w/o: 14896.69/0.00/2128.38) lat (ms,95%): 196.89 err/s: 0.00 reconn/s: 0.00
[ 131s ] thds: 128 tps: 1066.37 qps: 17099.87 (r/w/o: 14967.14/0.00/2132.74) lat (ms,95%): 200.47 err/s: 0.00 reconn/s: 0.00
[ 132s ] thds: 128 tps: 1027.57 qps: 16430.13 (r/w/o: 14374.99/0.00/2055.14) lat (ms,95%): 207.82 err/s: 0.00 reconn/s: 0.00
[ 133s ] thds: 128 tps: 1064.02 qps: 17019.37 (r/w/o: 14888.32/0.00/2131.05) lat (ms,95%): 204.11 err/s: 0.00 reconn/s: 0.00
[ 134s ] thds: 128 tps: 1064.06 qps: 17041.91 (r/w/o: 14914.79/0.00/2127.11) lat (ms,95%): 200.47 err/s: 0.00 reconn/s: 0.00
[ 135s ] thds: 128 tps: 1048.94 qps: 16719.12 (r/w/o: 14622.23/0.00/2096.89) lat (ms,95%): 207.82 err/s: 0.00 reconn/s: 0.00
[ 136s ] thds: 128 tps: 1030.07 qps: 16548.05 (r/w/o: 14489.92/0.00/2058.13) lat (ms,95%): 207.82 err/s: 0.00 reconn/s: 0.00
[ 137s ] thds: 128 tps: 1068.59 qps: 17012.52 (r/w/o: 14875.34/0.00/2137.19) lat (ms,95%): 200.47 err/s: 0.00 reconn/s: 0.00
[ 138s ] thds: 128 tps: 1022.21 qps: 16421.40 (r/w/o: 14374.97/0.00/2046.42) lat (ms,95%): 207.82 err/s: 0.00 reconn/s: 0.00
[ 139s ] thds: 128 tps: 1002.18 qps: 16135.95 (r/w/o: 14132.58/0.00/2003.37) lat (ms,95%): 207.82 err/s: 0.00 reconn/s: 0.00
[ 140s ] thds: 128 tps: 1042.74 qps: 16559.80 (r/w/o: 14471.33/0.00/2088.47) lat (ms,95%): 207.82 err/s: 0.00 reconn/s: 0.00
[ 141s ] thds: 128 tps: 1078.05 qps: 17227.84 (r/w/o: 15073.74/0.00/2154.11) lat (ms,95%): 196.89 err/s: 0.00 reconn/s: 0.00
[ 142s ] thds: 128 tps: 1011.02 qps: 16245.28 (r/w/o: 14222.24/0.00/2023.03) lat (ms,95%): 215.44 err/s: 0.00 reconn/s: 0.00
[ 143s ] thds: 128 tps: 1038.93 qps: 16592.81 (r/w/o: 14517.95/0.00/2074.85) lat (ms,95%): 207.82 err/s: 0.00 reconn/s: 0.00
[ 144s ] thds: 128 tps: 1074.83 qps: 17204.24 (r/w/o: 15051.58/0.00/2152.65) lat (ms,95%): 200.47 err/s: 0.00 reconn/s: 0.00
[ 145s ] thds: 128 tps: 1061.45 qps: 16962.24 (r/w/o: 14841.33/0.00/2120.90) lat (ms,95%): 204.11 err/s: 0.00 reconn/s: 0.00
[ 146s ] thds: 128 tps: 1062.41 qps: 17009.62 (r/w/o: 14886.79/0.00/2122.83) lat (ms,95%): 193.38 err/s: 0.00 reconn/s: 0.00
[ 147s ] thds: 128 tps: 1060.57 qps: 16914.15 (r/w/o: 14789.00/0.00/2125.15) lat (ms,95%): 204.11 err/s: 0.00 reconn/s: 0.00
[ 148s ] thds: 128 tps: 1062.72 qps: 17010.50 (r/w/o: 14889.06/0.00/2121.44) lat (ms,95%): 204.11 err/s: 0.00 reconn/s: 0.00
[ 149s ] thds: 128 tps: 1031.07 qps: 16556.07 (r/w/o: 14490.94/0.00/2065.13) lat (ms,95%): 200.47 err/s: 0.00 reconn/s: 0.00
[ 150s ] thds: 128 tps: 1046.00 qps: 16734.01 (r/w/o: 14642.01/0.00/2092.00) lat (ms,95%): 204.11 err/s: 0.00 reconn/s: 0.00
[ 151s ] thds: 128 tps: 1034.01 qps: 16576.08 (r/w/o: 14507.07/0.00/2069.01) lat (ms,95%): 207.82 err/s: 0.00 reconn/s: 0.00
[ 152s ] thds: 128 tps: 1059.80 qps: 16944.73 (r/w/o: 14826.14/0.00/2118.59) lat (ms,95%): 204.11 err/s: 0.00 reconn/s: 0.00
[ 153s ] thds: 128 tps: 1049.03 qps: 16792.43 (r/w/o: 14695.37/0.00/2097.05) lat (ms,95%): 200.47 err/s: 0.00 reconn/s: 0.00
[ 154s ] thds: 128 tps: 1049.63 qps: 16827.06 (r/w/o: 14724.80/0.00/2102.26) lat (ms,95%): 204.11 err/s: 0.00 reconn/s: 0.00
[ 155s ] thds: 128 tps: 1040.52 qps: 16576.35 (r/w/o: 14496.31/0.00/2080.05) lat (ms,95%): 204.11 err/s: 0.00 reconn/s: 0.00
[ 156s ] thds: 128 tps: 1051.77 qps: 16798.36 (r/w/o: 14697.81/0.00/2100.54) lat (ms,95%): 204.11 err/s: 0.00 reconn/s: 0.00
[ 157s ] thds: 128 tps: 1076.94 qps: 17237.96 (r/w/o: 15084.09/0.00/2153.87) lat (ms,95%): 196.89 err/s: 0.00 reconn/s: 0.00
[ 158s ] thds: 128 tps: 1050.18 qps: 16831.84 (r/w/o: 14728.49/0.00/2103.36) lat (ms,95%): 207.82 err/s: 0.00 reconn/s: 0.00
[ 159s ] thds: 128 tps: 1057.34 qps: 16900.47 (r/w/o: 14788.79/0.00/2111.68) lat (ms,95%): 196.89 err/s: 0.00 reconn/s: 0.00
[ 160s ] thds: 128 tps: 1056.01 qps: 16986.14 (r/w/o: 14870.12/0.00/2116.02) lat (ms,95%): 204.11 err/s: 0.00 reconn/s: 0.00
[ 161s ] thds: 128 tps: 1071.13 qps: 17071.21 (r/w/o: 14930.94/0.00/2140.27) lat (ms,95%): 204.11 err/s: 0.00 reconn/s: 0.00
[ 162s ] thds: 128 tps: 1055.83 qps: 16844.21 (r/w/o: 14733.55/0.00/2110.65) lat (ms,95%): 207.82 err/s: 0.00 reconn/s: 0.00
[ 163s ] thds: 128 tps: 1078.55 qps: 17445.76 (r/w/o: 15285.65/0.00/2160.10) lat (ms,95%): 193.38 err/s: 0.00 reconn/s: 0.00
[ 164s ] thds: 128 tps: 1076.20 qps: 17119.23 (r/w/o: 14968.82/0.00/2150.41) lat (ms,95%): 189.93 err/s: 0.00 reconn/s: 0.00
[ 165s ] thds: 128 tps: 1006.19 qps: 16120.00 (r/w/o: 14106.62/0.00/2013.37) lat (ms,95%): 211.60 err/s: 0.00 reconn/s: 0.00
[ 166s ] thds: 128 tps: 1052.80 qps: 16794.84 (r/w/o: 14695.24/0.00/2099.61) lat (ms,95%): 204.11 err/s: 0.00 reconn/s: 0.00
[ 167s ] thds: 128 tps: 1079.26 qps: 17362.11 (r/w/o: 15196.60/0.00/2165.51) lat (ms,95%): 200.47 err/s: 0.00 reconn/s: 0.00
[ 168s ] thds: 128 tps: 1026.75 qps: 16394.93 (r/w/o: 14341.44/0.00/2053.49) lat (ms,95%): 204.11 err/s: 0.00 reconn/s: 0.00
[ 169s ] thds: 128 tps: 1022.51 qps: 16300.26 (r/w/o: 14259.23/0.00/2041.03) lat (ms,95%): 207.82 err/s: 0.00 reconn/s: 0.00
[ 170s ] thds: 128 tps: 1036.76 qps: 16627.17 (r/w/o: 14550.65/0.00/2076.52) lat (ms,95%): 200.47 err/s: 0.00 reconn/s: 0.00
[ 171s ] thds: 128 tps: 1036.90 qps: 16534.43 (r/w/o: 14461.62/0.00/2072.80) lat (ms,95%): 204.11 err/s: 0.00 reconn/s: 0.00
[ 172s ] thds: 128 tps: 1049.09 qps: 16774.49 (r/w/o: 14677.30/0.00/2097.19) lat (ms,95%): 204.11 err/s: 0.00 reconn/s: 0.00
[ 173s ] thds: 128 tps: 1076.68 qps: 17241.90 (r/w/o: 15087.53/0.00/2154.36) lat (ms,95%): 193.38 err/s: 0.00 reconn/s: 0.00
[ 174s ] thds: 128 tps: 1048.19 qps: 16686.10 (r/w/o: 14589.71/0.00/2096.39) lat (ms,95%): 207.82 err/s: 0.00 reconn/s: 0.00
[ 175s ] thds: 128 tps: 1067.52 qps: 17148.26 (r/w/o: 15013.22/0.00/2135.04) lat (ms,95%): 200.47 err/s: 0.00 reconn/s: 0.00
[ 176s ] thds: 128 tps: 1041.14 qps: 16679.17 (r/w/o: 14594.90/0.00/2084.27) lat (ms,95%): 204.11 err/s: 0.00 reconn/s: 0.00
[ 177s ] thds: 128 tps: 1054.09 qps: 16839.37 (r/w/o: 14733.20/0.00/2106.17) lat (ms,95%): 204.11 err/s: 0.00 reconn/s: 0.00
[ 178s ] thds: 128 tps: 1066.25 qps: 17041.92 (r/w/o: 14911.43/0.00/2130.49) lat (ms,95%): 204.11 err/s: 0.00 reconn/s: 0.00
[ 179s ] thds: 128 tps: 1046.73 qps: 16790.70 (r/w/o: 14694.24/0.00/2096.46) lat (ms,95%): 204.11 err/s: 0.00 reconn/s: 0.00
[ 180s ] thds: 128 tps: 1010.15 qps: 16206.38 (r/w/o: 14186.08/0.00/2020.30) lat (ms,95%): 207.82 err/s: 0.00 reconn/s: 0.00
[ 181s ] thds: 128 tps: 1029.91 qps: 16360.59 (r/w/o: 14301.76/0.00/2058.82) lat (ms,95%): 207.82 err/s: 0.00 reconn/s: 0.00
[ 182s ] thds: 128 tps: 1069.03 qps: 17139.44 (r/w/o: 15002.38/0.00/2137.05) lat (ms,95%): 200.47 err/s: 0.00 reconn/s: 0.00
[ 183s ] thds: 128 tps: 1069.93 qps: 17161.93 (r/w/o: 15021.06/0.00/2140.87) lat (ms,95%): 196.89 err/s: 0.00 reconn/s: 0.00
[ 184s ] thds: 128 tps: 1025.81 qps: 16440.94 (r/w/o: 14388.32/0.00/2052.62) lat (ms,95%): 204.11 err/s: 0.00 reconn/s: 0.00
[ 185s ] thds: 128 tps: 1070.30 qps: 17172.81 (r/w/o: 15032.21/0.00/2140.60) lat (ms,95%): 200.47 err/s: 0.00 reconn/s: 0.00
[ 186s ] thds: 128 tps: 1041.27 qps: 16580.25 (r/w/o: 14499.72/0.00/2080.53) lat (ms,95%): 204.11 err/s: 0.00 reconn/s: 0.00
[ 187s ] thds: 128 tps: 1048.77 qps: 16675.32 (r/w/o: 14577.78/0.00/2097.54) lat (ms,95%): 207.82 err/s: 0.00 reconn/s: 0.00
[ 188s ] thds: 128 tps: 1043.07 qps: 16825.21 (r/w/o: 14737.06/0.00/2088.15) lat (ms,95%): 204.11 err/s: 0.00 reconn/s: 0.00
[ 189s ] thds: 128 tps: 1104.15 qps: 17631.37 (r/w/o: 15426.07/0.00/2205.30) lat (ms,95%): 196.89 err/s: 0.00 reconn/s: 0.00
[ 190s ] thds: 128 tps: 1033.40 qps: 16508.41 (r/w/o: 14437.61/0.00/2070.80) lat (ms,95%): 204.11 err/s: 0.00 reconn/s: 0.00
[ 191s ] thds: 128 tps: 1060.04 qps: 16994.67 (r/w/o: 14874.58/0.00/2120.08) lat (ms,95%): 204.11 err/s: 0.00 reconn/s: 0.00
[ 192s ] thds: 128 tps: 1022.59 qps: 16393.44 (r/w/o: 14350.26/0.00/2043.18) lat (ms,95%): 207.82 err/s: 0.00 reconn/s: 0.00
[ 193s ] thds: 128 tps: 1062.60 qps: 16915.62 (r/w/o: 14792.42/0.00/2123.20) lat (ms,95%): 200.47 err/s: 0.00 reconn/s: 0.00
[ 194s ] thds: 128 tps: 1051.81 qps: 16894.89 (r/w/o: 14792.28/0.00/2102.61) lat (ms,95%): 204.11 err/s: 0.00 reconn/s: 0.00
[ 195s ] thds: 128 tps: 1086.27 qps: 17405.33 (r/w/o: 15228.79/0.00/2176.54) lat (ms,95%): 193.38 err/s: 0.00 reconn/s: 0.00
[ 196s ] thds: 128 tps: 1041.33 qps: 16666.29 (r/w/o: 14584.63/0.00/2081.66) lat (ms,95%): 204.11 err/s: 0.00 reconn/s: 0.00
[ 197s ] thds: 128 tps: 1058.82 qps: 16932.14 (r/w/o: 14814.49/0.00/2117.64) lat (ms,95%): 196.89 err/s: 0.00 reconn/s: 0.00
[ 198s ] thds: 128 tps: 1070.91 qps: 17110.49 (r/w/o: 14970.68/0.00/2139.81) lat (ms,95%): 200.47 err/s: 0.00 reconn/s: 0.00
[ 199s ] thds: 128 tps: 1046.07 qps: 16690.18 (r/w/o: 14598.04/0.00/2092.15) lat (ms,95%): 207.82 err/s: 0.00 reconn/s: 0.00
[ 200s ] thds: 128 tps: 1047.93 qps: 16841.86 (r/w/o: 14743.01/0.00/2098.86) lat (ms,95%): 200.47 err/s: 0.00 reconn/s: 0.00
[ 201s ] thds: 128 tps: 1051.17 qps: 16774.70 (r/w/o: 14673.36/0.00/2101.34) lat (ms,95%): 204.11 err/s: 0.00 reconn/s: 0.00
[ 202s ] thds: 128 tps: 1062.07 qps: 16963.15 (r/w/o: 14840.01/0.00/2123.14) lat (ms,95%): 200.47 err/s: 0.00 reconn/s: 0.00
[ 203s ] thds: 128 tps: 1039.85 qps: 16688.54 (r/w/o: 14606.85/0.00/2081.69) lat (ms,95%): 200.47 err/s: 0.00 reconn/s: 0.00
[ 204s ] thds: 128 tps: 1033.94 qps: 16657.08 (r/w/o: 14590.19/0.00/2066.89) lat (ms,95%): 204.11 err/s: 0.00 reconn/s: 0.00
[ 205s ] thds: 128 tps: 1028.14 qps: 16425.29 (r/w/o: 14367.00/0.00/2058.29) lat (ms,95%): 211.60 err/s: 0.00 reconn/s: 0.00
[ 206s ] thds: 128 tps: 1073.08 qps: 17069.21 (r/w/o: 14926.06/0.00/2143.15) lat (ms,95%): 200.47 err/s: 0.00 reconn/s: 0.00
[ 207s ] thds: 128 tps: 1073.82 qps: 17138.14 (r/w/o: 14991.50/0.00/2146.64) lat (ms,95%): 200.47 err/s: 0.00 reconn/s: 0.00
[ 208s ] thds: 128 tps: 1072.15 qps: 17163.37 (r/w/o: 15017.07/0.00/2146.30) lat (ms,95%): 196.89 err/s: 0.00 reconn/s: 0.00
[ 209s ] thds: 128 tps: 1048.61 qps: 16841.77 (r/w/o: 14745.54/0.00/2096.22) lat (ms,95%): 204.11 err/s: 0.00 reconn/s: 0.00
[ 210s ] thds: 128 tps: 1046.90 qps: 16724.41 (r/w/o: 14630.61/0.00/2093.80) lat (ms,95%): 204.11 err/s: 0.00 reconn/s: 0.00
[ 211s ] thds: 128 tps: 1064.52 qps: 17013.39 (r/w/o: 14884.34/0.00/2129.05) lat (ms,95%): 204.11 err/s: 0.00 reconn/s: 0.00
[ 212s ] thds: 128 tps: 1035.34 qps: 16573.41 (r/w/o: 14499.74/0.00/2073.68) lat (ms,95%): 207.82 err/s: 0.00 reconn/s: 0.00
[ 213s ] thds: 128 tps: 1034.59 qps: 16544.48 (r/w/o: 14476.29/0.00/2068.18) lat (ms,95%): 207.82 err/s: 0.00 reconn/s: 0.00
[ 214s ] thds: 128 tps: 1029.88 qps: 16497.06 (r/w/o: 14440.30/0.00/2056.76) lat (ms,95%): 204.11 err/s: 0.00 reconn/s: 0.00
[ 215s ] thds: 128 tps: 1040.73 qps: 16714.73 (r/w/o: 14630.27/0.00/2084.47) lat (ms,95%): 204.11 err/s: 0.00 reconn/s: 0.00
[ 216s ] thds: 128 tps: 1045.15 qps: 16684.33 (r/w/o: 14596.03/0.00/2088.29) lat (ms,95%): 204.11 err/s: 0.00 reconn/s: 0.00
[ 217s ] thds: 128 tps: 1035.86 qps: 16562.84 (r/w/o: 14489.11/0.00/2073.73) lat (ms,95%): 204.11 err/s: 0.00 reconn/s: 0.00
[ 218s ] thds: 128 tps: 1045.05 qps: 16680.72 (r/w/o: 14594.63/0.00/2086.09) lat (ms,95%): 207.82 err/s: 0.00 reconn/s: 0.00
[ 219s ] thds: 128 tps: 1028.99 qps: 16483.92 (r/w/o: 14421.93/0.00/2061.99) lat (ms,95%): 204.11 err/s: 0.00 reconn/s: 0.00
[ 220s ] thds: 128 tps: 1078.13 qps: 17298.10 (r/w/o: 15140.83/0.00/2157.26) lat (ms,95%): 196.89 err/s: 0.00 reconn/s: 0.00
[ 221s ] thds: 128 tps: 1016.21 qps: 16150.31 (r/w/o: 14120.90/0.00/2029.42) lat (ms,95%): 215.44 err/s: 0.00 reconn/s: 0.00
[ 222s ] thds: 128 tps: 1049.66 qps: 16766.51 (r/w/o: 14664.20/0.00/2102.31) lat (ms,95%): 204.11 err/s: 0.00 reconn/s: 0.00
[ 223s ] thds: 128 tps: 1078.09 qps: 17374.43 (r/w/o: 15219.25/0.00/2155.18) lat (ms,95%): 189.93 err/s: 0.00 reconn/s: 0.00
[ 224s ] thds: 128 tps: 1049.23 qps: 16772.63 (r/w/o: 14673.17/0.00/2099.45) lat (ms,95%): 207.82 err/s: 0.00 reconn/s: 0.00
[ 225s ] thds: 128 tps: 1037.83 qps: 16619.28 (r/w/o: 14544.62/0.00/2074.66) lat (ms,95%): 207.82 err/s: 0.00 reconn/s: 0.00
[ 226s ] thds: 128 tps: 1063.89 qps: 16939.20 (r/w/o: 14813.43/0.00/2125.77) lat (ms,95%): 204.11 err/s: 0.00 reconn/s: 0.00
[ 227s ] thds: 128 tps: 1030.34 qps: 16548.48 (r/w/o: 14487.79/0.00/2060.68) lat (ms,95%): 204.11 err/s: 0.00 reconn/s: 0.00
[ 228s ] thds: 128 tps: 1063.58 qps: 16980.33 (r/w/o: 14853.16/0.00/2127.16) lat (ms,95%): 204.11 err/s: 0.00 reconn/s: 0.00
[ 229s ] thds: 128 tps: 1056.05 qps: 16879.80 (r/w/o: 14772.70/0.00/2107.10) lat (ms,95%): 196.89 err/s: 0.00 reconn/s: 0.00
[ 230s ] thds: 128 tps: 1079.66 qps: 17367.49 (r/w/o: 15201.18/0.00/2166.31) lat (ms,95%): 196.89 err/s: 0.00 reconn/s: 0.00
[ 231s ] thds: 128 tps: 1054.66 qps: 16894.61 (r/w/o: 14786.29/0.00/2108.32) lat (ms,95%): 200.47 err/s: 0.00 reconn/s: 0.00
[ 232s ] thds: 128 tps: 1042.87 qps: 16585.96 (r/w/o: 14504.21/0.00/2081.74) lat (ms,95%): 207.82 err/s: 0.00 reconn/s: 0.00
[ 233s ] thds: 128 tps: 1042.20 qps: 16715.15 (r/w/o: 14625.76/0.00/2089.39) lat (ms,95%): 204.11 err/s: 0.00 reconn/s: 0.00
[ 234s ] thds: 128 tps: 1029.94 qps: 16529.96 (r/w/o: 14470.09/0.00/2059.87) lat (ms,95%): 211.60 err/s: 0.00 reconn/s: 0.00
[ 235s ] thds: 128 tps: 1059.56 qps: 16916.99 (r/w/o: 14797.87/0.00/2119.12) lat (ms,95%): 204.11 err/s: 0.00 reconn/s: 0.00
[ 236s ] thds: 128 tps: 1057.79 qps: 16925.56 (r/w/o: 14809.99/0.00/2115.57) lat (ms,95%): 204.11 err/s: 0.00 reconn/s: 0.00
[ 237s ] thds: 128 tps: 1060.23 qps: 16914.62 (r/w/o: 14793.17/0.00/2121.45) lat (ms,95%): 204.11 err/s: 0.00 reconn/s: 0.00
[ 238s ] thds: 128 tps: 1031.73 qps: 16491.75 (r/w/o: 14432.28/0.00/2059.47) lat (ms,95%): 204.11 err/s: 0.00 reconn/s: 0.00
[ 239s ] thds: 128 tps: 1051.52 qps: 16804.29 (r/w/o: 14699.25/0.00/2105.04) lat (ms,95%): 204.11 err/s: 0.00 reconn/s: 0.00
[ 240s ] thds: 128 tps: 1050.21 qps: 16902.41 (r/w/o: 14803.98/0.00/2098.42) lat (ms,95%): 200.47 err/s: 0.00 reconn/s: 0.00
Latency histogram (values are in milliseconds)
       value  ------------- distribution ------------- count
      23.521 |                                         1
      24.384 |                                         1
      24.827 |                                         3
      25.278 |                                         3
      25.737 |                                         6
      26.205 |                                         8
      26.681 |                                         14
      27.165 |                                         13
      27.659 |                                         19
      28.162 |                                         28
      28.673 |                                         24
      29.194 |                                         38
      29.725 |                                         45
      30.265 |                                         47
      30.815 |*                                        54
      31.375 |*                                        64
      31.945 |*                                        72
      32.525 |*                                        95
      33.116 |*                                        88
      33.718 |*                                        115
      34.330 |*                                        124
      34.954 |*                                        122
      35.589 |*                                        155
      36.236 |*                                        150
      36.894 |**                                       183
      37.565 |**                                       189
      38.247 |**                                       212
      38.942 |**                                       236
      39.650 |**                                       257
      40.370 |***                                      292
      41.104 |***                                      299
      41.851 |***                                      301
      42.611 |***                                      323
      43.385 |***                                      341
      44.173 |***                                      364
      44.976 |****                                     403
      45.793 |****                                     407
      46.625 |****                                     466
      47.472 |*****                                    569
      48.335 |******                                   612
      49.213 |*******                                  700
      50.107 |*******                                  776
      51.018 |*********                                892
      51.945 |*********                                955
      52.889 |***********                              1102
      53.850 |***********                              1123
      54.828 |***********                              1181
      55.824 |************                             1239
      56.839 |************                             1280
      57.871 |*************                            1323
      58.923 |*************                            1346
      59.993 |**************                           1488
      61.083 |***************                          1565
      62.193 |**************                           1504
      63.323 |****************                         1714
      64.474 |*****************                        1755
      65.645 |*****************                        1826
      66.838 |*******************                      1948
      68.053 |********************                     2049
      69.289 |********************                     2097
      70.548 |**********************                   2330
      71.830 |**********************                   2345
      73.135 |***********************                  2450
      74.464 |************************                 2483
      75.817 |************************                 2558
      77.194 |**************************               2681
      78.597 |****************************             2895
      80.025 |***************************              2811
      81.479 |****************************             2942
      82.959 |*****************************            2986
      84.467 |*****************************            3049
      86.002 |*****************************            3072
      87.564 |******************************           3098
      89.155 |*******************************          3244
      90.775 |*******************************          3291
      92.424 |*********************************        3473
      94.104 |********************************         3386
      95.814 |********************************         3393
      97.555 |*********************************        3423
      99.327 |*********************************        3499
     101.132 |**********************************       3546
     102.969 |**********************************       3578
     104.840 |**********************************       3591
     106.745 |***********************************      3644
     108.685 |***********************************      3707
     110.659 |************************************     3737
     112.670 |************************************     3769
     114.717 |*************************************    3838
     116.802 |*************************************    3902
     118.924 |************************************     3813
     121.085 |*************************************    3885
     123.285 |*************************************    3907
     125.525 |*************************************    3851
     127.805 |**************************************   3946
     130.128 |**************************************   4010
     132.492 |**************************************   4010
     134.899 |***************************************  4027
     137.350 |***************************************  4111
     139.846 |***************************************  4088
     142.387 |**************************************** 4179
     144.974 |**************************************** 4180
     147.608 |***************************************  4046
     150.290 |**************************************** 4146
     153.021 |***************************************  4090
     155.801 |***************************************  4093
     158.632 |**************************************** 4131
     161.514 |**************************************   3998
     164.449 |**************************************   3989
     167.437 |***************************************  4025
     170.479 |************************************     3735
     173.577 |***********************************      3653
     176.731 |*********************************        3482
     179.942 |********************************         3381
     183.211 |*******************************          3224
     186.540 |*****************************            3009
     189.929 |***************************              2793
     193.380 |*************************                2596
     196.894 |*************************                2567
     200.472 |**********************                   2259
     204.114 |********************                     2091
     207.823 |*****************                        1762
     211.599 |****************                         1657
     215.443 |**************                           1412
     219.358 |************                             1216
     223.344 |**********                               1020
     227.402 |*********                                891
     231.534 |*******                                  773
     235.740 |******                                   606
     240.024 |****                                     469
     244.385 |****                                     367
     248.825 |***                                      319
     253.346 |**                                       239
     257.950 |**                                       210
     262.636 |*                                        140
     267.408 |*                                        86
     272.267 |*                                        82
     277.214 |*                                        55
     282.251 |                                         45
     287.379 |                                         22
     292.601 |                                         20
     297.917 |                                         12
     303.330 |                                         5
     308.842 |                                         8
     314.453 |                                         4
     320.167 |                                         2
     325.984 |                                         1
     337.938 |                                         1
     356.695 |                                         1
 
SQL statistics:
    queries performed:
        read:                            3528029
        write:                           0
        other:                           504009
        total:                           4032038
    transactions:                        252068 (1049.76 per sec.)
    queries:                             4032038 (16791.83 per sec.)
    ignored errors:                      0      (0.00 per sec.)
    reconnects:                          0      (0.00 per sec.)

Throughput:
    events/s (eps):                      1049.7627
    time elapsed:                        240.1197s
    total number of events:              252068

Latency (ms):
         min:                                   23.57
         avg:                                  121.93
         max:                                  358.84
         95th percentile:                      204.11
         sum:                             30733616.89

Threads fairness:
    events (avg/stddev):           1969.2734/128.27
    execution time (avg/stddev):   240.1064/0.05

