sysbench 1.1.0-3ceba0b (using bundled LuaJIT 2.1.0-beta3)

Running the test with following options:
Number of threads: 1024
Warmup time: 60s
Report intermediate results every 1 second(s)
Initializing random number generator from current time


Initializing worker threads...

Threads started!

Warming up for 60 seconds...

[ 1s ] thds: 1024 tps: 1014.99 qps: 16376.05 (r/w/o: 14329.32/0.00/2046.73) lat (ms,95%): 1869.60 err/s: 0.00 reconn/s: 0.00
[ 2s ] thds: 1024 tps: 1049.50 qps: 17001.98 (r/w/o: 14902.97/0.00/2099.01) lat (ms,95%): 1869.60 err/s: 0.00 reconn/s: 0.00
[ 3s ] thds: 1024 tps: 1058.22 qps: 16723.51 (r/w/o: 14605.07/0.00/2118.44) lat (ms,95%): 1903.57 err/s: 0.00 reconn/s: 0.00
[ 4s ] thds: 1024 tps: 1012.22 qps: 16252.58 (r/w/o: 14228.13/0.00/2024.45) lat (ms,95%): 1938.16 err/s: 0.00 reconn/s: 0.00
[ 5s ] thds: 1024 tps: 1063.07 qps: 16985.09 (r/w/o: 14861.95/0.00/2123.14) lat (ms,95%): 1973.38 err/s: 0.00 reconn/s: 0.00
[ 6s ] thds: 1024 tps: 1045.94 qps: 16621.06 (r/w/o: 14529.17/0.00/2091.88) lat (ms,95%): 1938.16 err/s: 0.00 reconn/s: 0.00
[ 7s ] thds: 1024 tps: 1026.02 qps: 16728.31 (r/w/o: 14677.27/0.00/2051.04) lat (ms,95%): 1938.16 err/s: 0.00 reconn/s: 0.00
[ 8s ] thds: 1024 tps: 1059.66 qps: 16912.55 (r/w/o: 14791.24/0.00/2121.32) lat (ms,95%): 1903.57 err/s: 0.00 reconn/s: 0.00
[ 9s ] thds: 1024 tps: 1072.08 qps: 16875.27 (r/w/o: 14733.11/0.00/2142.16) lat (ms,95%): 1938.16 err/s: 0.00 reconn/s: 0.00
[ 10s ] thds: 1024 tps: 1008.17 qps: 16405.77 (r/w/o: 14387.43/0.00/2018.34) lat (ms,95%): 1869.60 err/s: 0.00 reconn/s: 0.00
[ 11s ] thds: 1024 tps: 1056.87 qps: 16893.94 (r/w/o: 14780.20/0.00/2113.74) lat (ms,95%): 1903.57 err/s: 0.00 reconn/s: 0.00
[ 12s ] thds: 1024 tps: 1096.18 qps: 17512.93 (r/w/o: 15320.56/0.00/2192.37) lat (ms,95%): 1938.16 err/s: 0.00 reconn/s: 0.00
[ 13s ] thds: 1024 tps: 1040.08 qps: 16453.21 (r/w/o: 14373.06/0.00/2080.15) lat (ms,95%): 1869.60 err/s: 0.00 reconn/s: 0.00
[ 14s ] thds: 1024 tps: 1039.01 qps: 16693.10 (r/w/o: 14618.09/0.00/2075.01) lat (ms,95%): 1938.16 err/s: 0.00 reconn/s: 0.00
[ 15s ] thds: 1024 tps: 1013.64 qps: 16428.22 (r/w/o: 14398.93/0.00/2029.29) lat (ms,95%): 1938.16 err/s: 0.00 reconn/s: 0.00
[ 16s ] thds: 1024 tps: 1058.22 qps: 16777.47 (r/w/o: 14660.03/0.00/2117.44) lat (ms,95%): 1938.16 err/s: 0.00 reconn/s: 0.00
[ 17s ] thds: 1024 tps: 1034.06 qps: 16685.90 (r/w/o: 14617.79/0.00/2068.11) lat (ms,95%): 1938.16 err/s: 0.00 reconn/s: 0.00
[ 18s ] thds: 1024 tps: 1053.89 qps: 16792.22 (r/w/o: 14685.45/0.00/2106.78) lat (ms,95%): 1938.16 err/s: 0.00 reconn/s: 0.00
[ 19s ] thds: 1024 tps: 1052.02 qps: 16759.36 (r/w/o: 14654.32/0.00/2105.05) lat (ms,95%): 1903.57 err/s: 0.00 reconn/s: 0.00
[ 20s ] thds: 1024 tps: 1068.84 qps: 17023.51 (r/w/o: 14890.82/0.00/2132.69) lat (ms,95%): 1903.57 err/s: 0.00 reconn/s: 0.00
[ 21s ] thds: 1024 tps: 1037.21 qps: 16640.36 (r/w/o: 14564.94/0.00/2075.42) lat (ms,95%): 1903.57 err/s: 0.00 reconn/s: 0.00
[ 22s ] thds: 1024 tps: 1049.71 qps: 16816.43 (r/w/o: 14712.00/0.00/2104.43) lat (ms,95%): 1903.57 err/s: 0.00 reconn/s: 0.00
[ 23s ] thds: 1024 tps: 1070.42 qps: 17118.75 (r/w/o: 14978.91/0.00/2139.84) lat (ms,95%): 1938.16 err/s: 0.00 reconn/s: 0.00
[ 24s ] thds: 1024 tps: 1064.59 qps: 16801.55 (r/w/o: 14673.37/0.00/2128.18) lat (ms,95%): 1938.16 err/s: 0.00 reconn/s: 0.00
[ 25s ] thds: 1024 tps: 1015.02 qps: 16506.30 (r/w/o: 14474.26/0.00/2032.04) lat (ms,95%): 1938.16 err/s: 0.00 reconn/s: 0.00
[ 26s ] thds: 1024 tps: 1042.05 qps: 16919.75 (r/w/o: 14836.65/0.00/2083.09) lat (ms,95%): 1938.16 err/s: 0.00 reconn/s: 0.00
[ 27s ] thds: 1024 tps: 1058.38 qps: 16535.92 (r/w/o: 14417.16/0.00/2118.76) lat (ms,95%): 1903.57 err/s: 0.00 reconn/s: 0.00
[ 28s ] thds: 1024 tps: 1007.54 qps: 16215.56 (r/w/o: 14206.48/0.00/2009.08) lat (ms,95%): 1973.38 err/s: 0.00 reconn/s: 0.00
[ 29s ] thds: 1024 tps: 1050.46 qps: 17099.52 (r/w/o: 14996.60/0.00/2102.93) lat (ms,95%): 1938.16 err/s: 0.00 reconn/s: 0.00
[ 30s ] thds: 1024 tps: 1069.93 qps: 16891.83 (r/w/o: 14748.97/0.00/2142.85) lat (ms,95%): 1903.57 err/s: 0.00 reconn/s: 0.00
[ 31s ] thds: 1024 tps: 1049.88 qps: 16586.05 (r/w/o: 14487.30/0.00/2098.75) lat (ms,95%): 1903.57 err/s: 0.00 reconn/s: 0.00
[ 32s ] thds: 1024 tps: 1049.04 qps: 17087.64 (r/w/o: 14991.57/0.00/2096.08) lat (ms,95%): 1903.57 err/s: 0.00 reconn/s: 0.00
[ 33s ] thds: 1024 tps: 1065.87 qps: 17000.85 (r/w/o: 14867.12/0.00/2133.73) lat (ms,95%): 1903.57 err/s: 0.00 reconn/s: 0.00
[ 34s ] thds: 1024 tps: 988.87 qps: 16032.90 (r/w/o: 14056.16/0.00/1976.74) lat (ms,95%): 1973.38 err/s: 0.00 reconn/s: 0.00
[ 35s ] thds: 1024 tps: 1118.17 qps: 17428.62 (r/w/o: 15190.29/0.00/2238.34) lat (ms,95%): 1973.38 err/s: 0.00 reconn/s: 0.00
[ 36s ] thds: 1024 tps: 1038.20 qps: 16872.33 (r/w/o: 14795.92/0.00/2076.41) lat (ms,95%): 1903.57 err/s: 0.00 reconn/s: 0.00
[ 37s ] thds: 1024 tps: 1044.57 qps: 16615.21 (r/w/o: 14525.06/0.00/2090.15) lat (ms,95%): 1869.60 err/s: 0.00 reconn/s: 0.00
[ 38s ] thds: 1024 tps: 1055.03 qps: 16761.44 (r/w/o: 14652.38/0.00/2109.06) lat (ms,95%): 1903.57 err/s: 0.00 reconn/s: 0.00
[ 39s ] thds: 1024 tps: 1005.05 qps: 16369.75 (r/w/o: 14361.66/0.00/2008.09) lat (ms,95%): 1903.57 err/s: 0.00 reconn/s: 0.00
[ 40s ] thds: 1024 tps: 1064.26 qps: 16836.14 (r/w/o: 14704.61/0.00/2131.52) lat (ms,95%): 1938.16 err/s: 0.00 reconn/s: 0.00
[ 41s ] thds: 1024 tps: 1049.99 qps: 16877.78 (r/w/o: 14781.81/0.00/2095.97) lat (ms,95%): 1903.57 err/s: 0.00 reconn/s: 0.00
[ 42s ] thds: 1024 tps: 1041.94 qps: 16795.08 (r/w/o: 14709.20/0.00/2085.89) lat (ms,95%): 1938.16 err/s: 0.00 reconn/s: 0.00
[ 43s ] thds: 1024 tps: 1056.09 qps: 16741.45 (r/w/o: 14629.26/0.00/2112.18) lat (ms,95%): 1869.60 err/s: 0.00 reconn/s: 0.00
[ 44s ] thds: 1024 tps: 1037.71 qps: 16679.28 (r/w/o: 14602.87/0.00/2076.41) lat (ms,95%): 1903.57 err/s: 0.00 reconn/s: 0.00
[ 45s ] thds: 1024 tps: 1015.99 qps: 16277.91 (r/w/o: 14246.92/0.00/2030.99) lat (ms,95%): 1938.16 err/s: 0.00 reconn/s: 0.00
[ 46s ] thds: 1024 tps: 1084.31 qps: 17284.86 (r/w/o: 15114.25/0.00/2170.61) lat (ms,95%): 1869.60 err/s: 0.00 reconn/s: 0.00
[ 47s ] thds: 1024 tps: 1078.13 qps: 17259.13 (r/w/o: 15104.86/0.00/2154.27) lat (ms,95%): 1869.60 err/s: 0.00 reconn/s: 0.00
[ 48s ] thds: 1024 tps: 1063.96 qps: 17027.32 (r/w/o: 14898.40/0.00/2128.91) lat (ms,95%): 1869.60 err/s: 0.00 reconn/s: 0.00
[ 49s ] thds: 1024 tps: 1063.01 qps: 16881.16 (r/w/o: 14759.14/0.00/2122.02) lat (ms,95%): 1903.57 err/s: 0.00 reconn/s: 0.00
[ 50s ] thds: 1024 tps: 1043.97 qps: 16779.50 (r/w/o: 14690.56/0.00/2088.94) lat (ms,95%): 1903.57 err/s: 0.00 reconn/s: 0.00
[ 51s ] thds: 1024 tps: 1016.09 qps: 16484.52 (r/w/o: 14449.33/0.00/2035.19) lat (ms,95%): 1903.57 err/s: 0.00 reconn/s: 0.00
[ 52s ] thds: 1024 tps: 1038.95 qps: 16490.27 (r/w/o: 14415.36/0.00/2074.91) lat (ms,95%): 1973.38 err/s: 0.00 reconn/s: 0.00
[ 53s ] thds: 1024 tps: 1054.58 qps: 16781.37 (r/w/o: 14669.21/0.00/2112.17) lat (ms,95%): 1903.57 err/s: 0.00 reconn/s: 0.00
[ 54s ] thds: 1024 tps: 1046.90 qps: 16764.36 (r/w/o: 14673.56/0.00/2090.80) lat (ms,95%): 1973.38 err/s: 0.00 reconn/s: 0.00
[ 55s ] thds: 1024 tps: 1034.52 qps: 16426.28 (r/w/o: 14353.24/0.00/2073.04) lat (ms,95%): 1938.16 err/s: 0.00 reconn/s: 0.00
[ 56s ] thds: 1024 tps: 1041.63 qps: 16696.00 (r/w/o: 14613.74/0.00/2082.25) lat (ms,95%): 1869.60 err/s: 0.00 reconn/s: 0.00
[ 57s ] thds: 1024 tps: 1043.36 qps: 16886.88 (r/w/o: 14802.15/0.00/2084.73) lat (ms,95%): 1938.16 err/s: 0.00 reconn/s: 0.00
[ 58s ] thds: 1024 tps: 1077.57 qps: 17084.18 (r/w/o: 14931.04/0.00/2153.14) lat (ms,95%): 1869.60 err/s: 0.00 reconn/s: 0.00
[ 59s ] thds: 1024 tps: 1039.30 qps: 16797.81 (r/w/o: 14714.21/0.00/2083.60) lat (ms,95%): 1938.16 err/s: 0.00 reconn/s: 0.00
[ 60s ] thds: 1024 tps: 1053.13 qps: 16768.00 (r/w/o: 14666.75/0.00/2101.25) lat (ms,95%): 1938.16 err/s: 0.00 reconn/s: 0.00
[ 61s ] thds: 1024 tps: 1039.81 qps: 16658.88 (r/w/o: 14576.27/0.00/2082.61) lat (ms,95%): 1938.16 err/s: 0.00 reconn/s: 0.00
[ 62s ] thds: 1024 tps: 1096.99 qps: 17344.85 (r/w/o: 15149.87/0.00/2194.98) lat (ms,95%): 1869.60 err/s: 0.00 reconn/s: 0.00
[ 63s ] thds: 1024 tps: 1035.75 qps: 16557.03 (r/w/o: 14484.52/0.00/2072.50) lat (ms,95%): 1869.60 err/s: 0.00 reconn/s: 0.00
[ 64s ] thds: 1024 tps: 1015.06 qps: 16442.94 (r/w/o: 14417.82/0.00/2025.12) lat (ms,95%): 1903.57 err/s: 0.00 reconn/s: 0.00
[ 65s ] thds: 1024 tps: 1078.41 qps: 16951.52 (r/w/o: 14793.69/0.00/2157.83) lat (ms,95%): 1903.57 err/s: 0.00 reconn/s: 0.00
[ 66s ] thds: 1024 tps: 983.76 qps: 16133.05 (r/w/o: 14163.53/0.00/1969.52) lat (ms,95%): 1903.57 err/s: 0.00 reconn/s: 0.00
[ 67s ] thds: 1024 tps: 1077.21 qps: 17079.38 (r/w/o: 14925.95/0.00/2153.43) lat (ms,95%): 1938.16 err/s: 0.00 reconn/s: 0.00
[ 68s ] thds: 1024 tps: 1065.77 qps: 17088.33 (r/w/o: 14953.79/0.00/2134.54) lat (ms,95%): 1938.16 err/s: 0.00 reconn/s: 0.00
[ 69s ] thds: 1024 tps: 1034.81 qps: 16662.00 (r/w/o: 14594.37/0.00/2067.63) lat (ms,95%): 1938.16 err/s: 0.00 reconn/s: 0.00
[ 70s ] thds: 1024 tps: 1067.07 qps: 17039.17 (r/w/o: 14905.02/0.00/2134.15) lat (ms,95%): 1973.38 err/s: 0.00 reconn/s: 0.00
[ 71s ] thds: 1024 tps: 1051.90 qps: 16569.43 (r/w/o: 14465.63/0.00/2103.80) lat (ms,95%): 1938.16 err/s: 0.00 reconn/s: 0.00
[ 72s ] thds: 1024 tps: 1035.00 qps: 16946.07 (r/w/o: 14876.06/0.00/2070.01) lat (ms,95%): 1836.24 err/s: 0.00 reconn/s: 0.00
[ 73s ] thds: 1024 tps: 1051.02 qps: 16850.27 (r/w/o: 14747.24/0.00/2103.03) lat (ms,95%): 1903.57 err/s: 0.00 reconn/s: 0.00
[ 74s ] thds: 1024 tps: 1033.98 qps: 16436.74 (r/w/o: 14368.77/0.00/2067.97) lat (ms,95%): 1938.16 err/s: 0.00 reconn/s: 0.00
[ 75s ] thds: 1024 tps: 1042.48 qps: 16667.72 (r/w/o: 14583.76/0.00/2083.97) lat (ms,95%): 1973.38 err/s: 0.00 reconn/s: 0.00
[ 76s ] thds: 1024 tps: 1096.07 qps: 17225.15 (r/w/o: 15034.00/0.00/2191.15) lat (ms,95%): 1903.57 err/s: 0.00 reconn/s: 0.00
[ 77s ] thds: 1024 tps: 1021.93 qps: 16580.93 (r/w/o: 14536.06/0.00/2044.87) lat (ms,95%): 1938.16 err/s: 0.00 reconn/s: 0.00
[ 78s ] thds: 1024 tps: 1030.57 qps: 16613.09 (r/w/o: 14551.94/0.00/2061.14) lat (ms,95%): 1973.38 err/s: 0.00 reconn/s: 0.00
[ 79s ] thds: 1024 tps: 1071.01 qps: 16788.22 (r/w/o: 14646.19/0.00/2142.03) lat (ms,95%): 1869.60 err/s: 0.00 reconn/s: 0.00
[ 80s ] thds: 1024 tps: 1030.39 qps: 16718.36 (r/w/o: 14658.57/0.00/2059.78) lat (ms,95%): 1869.60 err/s: 0.00 reconn/s: 0.00
[ 81s ] thds: 1024 tps: 1086.03 qps: 16895.41 (r/w/o: 14722.36/0.00/2173.05) lat (ms,95%): 1869.60 err/s: 0.00 reconn/s: 0.00
[ 82s ] thds: 1024 tps: 1023.57 qps: 16706.94 (r/w/o: 14658.80/0.00/2048.13) lat (ms,95%): 1869.60 err/s: 0.00 reconn/s: 0.00
[ 83s ] thds: 1024 tps: 1054.91 qps: 16961.59 (r/w/o: 14854.77/0.00/2106.83) lat (ms,95%): 1869.60 err/s: 0.00 reconn/s: 0.00
[ 84s ] thds: 1024 tps: 1059.90 qps: 17006.39 (r/w/o: 14886.59/0.00/2119.80) lat (ms,95%): 1869.60 err/s: 0.00 reconn/s: 0.00
[ 85s ] thds: 1024 tps: 1039.31 qps: 16632.97 (r/w/o: 14550.35/0.00/2082.62) lat (ms,95%): 1903.57 err/s: 0.00 reconn/s: 0.00
[ 86s ] thds: 1024 tps: 1042.89 qps: 16738.25 (r/w/o: 14653.47/0.00/2084.78) lat (ms,95%): 1938.16 err/s: 0.00 reconn/s: 0.00
[ 87s ] thds: 1024 tps: 1045.80 qps: 16677.84 (r/w/o: 14587.24/0.00/2090.60) lat (ms,95%): 1903.57 err/s: 0.00 reconn/s: 0.00
[ 88s ] thds: 1024 tps: 1053.96 qps: 16695.41 (r/w/o: 14587.49/0.00/2107.93) lat (ms,95%): 1938.16 err/s: 0.00 reconn/s: 0.00
[ 89s ] thds: 1024 tps: 1062.12 qps: 16894.91 (r/w/o: 14770.67/0.00/2124.24) lat (ms,95%): 1938.16 err/s: 0.00 reconn/s: 0.00
[ 90s ] thds: 1024 tps: 1019.09 qps: 16604.47 (r/w/o: 14566.29/0.00/2038.18) lat (ms,95%): 1869.60 err/s: 0.00 reconn/s: 0.00
[ 91s ] thds: 1024 tps: 1054.14 qps: 16698.22 (r/w/o: 14592.94/0.00/2105.28) lat (ms,95%): 1938.16 err/s: 0.00 reconn/s: 0.00
[ 92s ] thds: 1024 tps: 1072.83 qps: 17204.28 (r/w/o: 15053.62/0.00/2150.66) lat (ms,95%): 1869.60 err/s: 0.00 reconn/s: 0.00
[ 93s ] thds: 1024 tps: 1057.05 qps: 16891.80 (r/w/o: 14781.70/0.00/2110.10) lat (ms,95%): 1938.16 err/s: 0.00 reconn/s: 0.00
[ 94s ] thds: 1024 tps: 1048.11 qps: 16669.79 (r/w/o: 14572.56/0.00/2097.22) lat (ms,95%): 1938.16 err/s: 0.00 reconn/s: 0.00
[ 95s ] thds: 1024 tps: 1025.31 qps: 16673.09 (r/w/o: 14621.47/0.00/2051.63) lat (ms,95%): 1973.38 err/s: 0.00 reconn/s: 0.00
[ 96s ] thds: 1024 tps: 1044.97 qps: 16747.59 (r/w/o: 14656.64/0.00/2090.95) lat (ms,95%): 1938.16 err/s: 0.00 reconn/s: 0.00
[ 97s ] thds: 1024 tps: 1101.52 qps: 17364.38 (r/w/o: 15161.34/0.00/2203.03) lat (ms,95%): 1869.60 err/s: 0.00 reconn/s: 0.00
[ 98s ] thds: 1024 tps: 1057.29 qps: 16926.69 (r/w/o: 14816.11/0.00/2110.59) lat (ms,95%): 1938.16 err/s: 0.00 reconn/s: 0.00
[ 99s ] thds: 1024 tps: 1039.74 qps: 16775.85 (r/w/o: 14695.37/0.00/2080.49) lat (ms,95%): 1903.57 err/s: 0.00 reconn/s: 0.00
[ 100s ] thds: 1024 tps: 1023.43 qps: 16606.94 (r/w/o: 14560.09/0.00/2046.86) lat (ms,95%): 1869.60 err/s: 0.00 reconn/s: 0.00
[ 101s ] thds: 1024 tps: 1088.49 qps: 17248.89 (r/w/o: 15070.91/0.00/2177.98) lat (ms,95%): 1836.24 err/s: 0.00 reconn/s: 0.00
[ 102s ] thds: 1024 tps: 1051.51 qps: 16624.02 (r/w/o: 14518.01/0.00/2106.02) lat (ms,95%): 1938.16 err/s: 0.00 reconn/s: 0.00
[ 103s ] thds: 1024 tps: 1016.58 qps: 16543.14 (r/w/o: 14513.98/0.00/2029.16) lat (ms,95%): 1938.16 err/s: 0.00 reconn/s: 0.00
[ 104s ] thds: 1024 tps: 1065.44 qps: 16712.82 (r/w/o: 14580.95/0.00/2131.87) lat (ms,95%): 1938.16 err/s: 0.00 reconn/s: 0.00
[ 105s ] thds: 1024 tps: 1022.70 qps: 16704.15 (r/w/o: 14657.74/0.00/2046.41) lat (ms,95%): 1938.16 err/s: 0.00 reconn/s: 0.00
[ 106s ] thds: 1024 tps: 1026.30 qps: 16345.74 (r/w/o: 14294.15/0.00/2051.59) lat (ms,95%): 1938.16 err/s: 0.00 reconn/s: 0.00
[ 107s ] thds: 1024 tps: 1054.51 qps: 16790.24 (r/w/o: 14680.21/0.00/2110.02) lat (ms,95%): 1903.57 err/s: 0.00 reconn/s: 0.00
[ 108s ] thds: 1024 tps: 1037.47 qps: 16414.37 (r/w/o: 14338.44/0.00/2075.93) lat (ms,95%): 1938.16 err/s: 0.00 reconn/s: 0.00
[ 109s ] thds: 1024 tps: 1003.00 qps: 16369.05 (r/w/o: 14364.04/0.00/2005.01) lat (ms,95%): 1903.57 err/s: 0.00 reconn/s: 0.00
[ 110s ] thds: 1024 tps: 1030.01 qps: 16516.21 (r/w/o: 14455.18/0.00/2061.03) lat (ms,95%): 1938.16 err/s: 0.00 reconn/s: 0.00
[ 111s ] thds: 1024 tps: 1098.00 qps: 17275.05 (r/w/o: 15079.04/0.00/2196.01) lat (ms,95%): 1903.57 err/s: 0.00 reconn/s: 0.00
[ 112s ] thds: 1024 tps: 1049.46 qps: 16928.22 (r/w/o: 14829.31/0.00/2098.91) lat (ms,95%): 1869.60 err/s: 0.00 reconn/s: 0.00
[ 113s ] thds: 1024 tps: 1078.08 qps: 17227.35 (r/w/o: 15072.18/0.00/2155.17) lat (ms,95%): 1938.16 err/s: 0.00 reconn/s: 0.00
[ 114s ] thds: 1024 tps: 1044.10 qps: 16818.57 (r/w/o: 14731.38/0.00/2087.19) lat (ms,95%): 1869.60 err/s: 0.00 reconn/s: 0.00
[ 115s ] thds: 1024 tps: 1083.28 qps: 17164.46 (r/w/o: 14995.89/0.00/2168.56) lat (ms,95%): 1869.60 err/s: 0.00 reconn/s: 0.00
[ 116s ] thds: 1024 tps: 1043.08 qps: 16968.31 (r/w/o: 14882.15/0.00/2086.16) lat (ms,95%): 1869.60 err/s: 0.00 reconn/s: 0.00
[ 117s ] thds: 1024 tps: 1024.40 qps: 16379.45 (r/w/o: 14330.65/0.00/2048.81) lat (ms,95%): 1903.57 err/s: 0.00 reconn/s: 0.00
[ 118s ] thds: 1024 tps: 1056.81 qps: 16666.99 (r/w/o: 14553.38/0.00/2113.62) lat (ms,95%): 1938.16 err/s: 0.00 reconn/s: 0.00
[ 119s ] thds: 1024 tps: 1020.30 qps: 16438.77 (r/w/o: 14398.18/0.00/2040.59) lat (ms,95%): 1938.16 err/s: 0.00 reconn/s: 0.00
[ 120s ] thds: 1024 tps: 1032.49 qps: 16438.75 (r/w/o: 14376.78/0.00/2061.97) lat (ms,95%): 1973.38 err/s: 0.00 reconn/s: 0.00
[ 121s ] thds: 1024 tps: 1073.54 qps: 16949.81 (r/w/o: 14800.73/0.00/2149.09) lat (ms,95%): 1869.60 err/s: 0.00 reconn/s: 0.00
[ 122s ] thds: 1024 tps: 1011.01 qps: 16549.22 (r/w/o: 14528.19/0.00/2021.03) lat (ms,95%): 1903.57 err/s: 0.00 reconn/s: 0.00
[ 123s ] thds: 1024 tps: 1061.02 qps: 16882.27 (r/w/o: 14758.23/0.00/2124.03) lat (ms,95%): 1938.16 err/s: 0.00 reconn/s: 0.00
[ 124s ] thds: 1024 tps: 1011.41 qps: 16349.60 (r/w/o: 14326.79/0.00/2022.82) lat (ms,95%): 1938.16 err/s: 0.00 reconn/s: 0.00
[ 125s ] thds: 1024 tps: 1066.45 qps: 16926.28 (r/w/o: 14795.38/0.00/2130.90) lat (ms,95%): 1869.60 err/s: 0.00 reconn/s: 0.00
[ 126s ] thds: 1024 tps: 1035.48 qps: 16518.59 (r/w/o: 14447.64/0.00/2070.95) lat (ms,95%): 1973.38 err/s: 0.00 reconn/s: 0.00
[ 127s ] thds: 1024 tps: 1027.62 qps: 16358.95 (r/w/o: 14302.71/0.00/2056.24) lat (ms,95%): 1938.16 err/s: 0.00 reconn/s: 0.00
[ 128s ] thds: 1024 tps: 1035.43 qps: 16593.87 (r/w/o: 14522.01/0.00/2071.86) lat (ms,95%): 1938.16 err/s: 0.00 reconn/s: 0.00
[ 129s ] thds: 1024 tps: 1044.53 qps: 16867.48 (r/w/o: 14780.41/0.00/2087.07) lat (ms,95%): 1973.38 err/s: 0.00 reconn/s: 0.00
[ 130s ] thds: 1024 tps: 1075.92 qps: 16935.78 (r/w/o: 14781.93/0.00/2153.84) lat (ms,95%): 1869.60 err/s: 0.00 reconn/s: 0.00
[ 131s ] thds: 1024 tps: 1027.04 qps: 16685.57 (r/w/o: 14638.50/0.00/2047.07) lat (ms,95%): 1938.16 err/s: 0.00 reconn/s: 0.00
[ 132s ] thds: 1024 tps: 1045.94 qps: 16815.04 (r/w/o: 14718.16/0.00/2096.88) lat (ms,95%): 1938.16 err/s: 0.00 reconn/s: 0.00
[ 133s ] thds: 1024 tps: 1007.07 qps: 16287.21 (r/w/o: 14270.06/0.00/2017.15) lat (ms,95%): 1869.60 err/s: 0.00 reconn/s: 0.00
[ 134s ] thds: 1024 tps: 1067.97 qps: 16754.57 (r/w/o: 14621.63/0.00/2132.95) lat (ms,95%): 2009.23 err/s: 0.00 reconn/s: 0.00
[ 135s ] thds: 1024 tps: 1058.49 qps: 17190.91 (r/w/o: 15073.93/0.00/2116.97) lat (ms,95%): 1903.57 err/s: 0.00 reconn/s: 0.00
[ 136s ] thds: 1024 tps: 1075.42 qps: 16815.91 (r/w/o: 14663.07/0.00/2152.84) lat (ms,95%): 1903.57 err/s: 0.00 reconn/s: 0.00
[ 137s ] thds: 1024 tps: 1002.22 qps: 16294.53 (r/w/o: 14291.09/0.00/2003.43) lat (ms,95%): 1938.16 err/s: 0.00 reconn/s: 0.00
[ 138s ] thds: 1024 tps: 1034.36 qps: 16641.85 (r/w/o: 14572.12/0.00/2069.73) lat (ms,95%): 1973.38 err/s: 0.00 reconn/s: 0.00
[ 139s ] thds: 1024 tps: 1074.48 qps: 16963.83 (r/w/o: 14816.87/0.00/2146.97) lat (ms,95%): 1973.38 err/s: 0.00 reconn/s: 0.00
[ 140s ] thds: 1024 tps: 1039.04 qps: 16562.57 (r/w/o: 14483.50/0.00/2079.07) lat (ms,95%): 1938.16 err/s: 0.00 reconn/s: 0.00
[ 141s ] thds: 1024 tps: 1064.00 qps: 17073.00 (r/w/o: 14944.00/0.00/2129.00) lat (ms,95%): 1938.16 err/s: 0.00 reconn/s: 0.00
[ 142s ] thds: 1024 tps: 1065.50 qps: 16996.94 (r/w/o: 14868.94/0.00/2127.99) lat (ms,95%): 1938.16 err/s: 0.00 reconn/s: 0.00
[ 143s ] thds: 1024 tps: 1053.36 qps: 16915.80 (r/w/o: 14809.07/0.00/2106.73) lat (ms,95%): 1903.57 err/s: 0.00 reconn/s: 0.00
[ 144s ] thds: 1024 tps: 1073.64 qps: 17179.29 (r/w/o: 15031.00/0.00/2148.29) lat (ms,95%): 1938.16 err/s: 0.00 reconn/s: 0.00
[ 145s ] thds: 1024 tps: 1055.01 qps: 16790.10 (r/w/o: 14679.09/0.00/2111.01) lat (ms,95%): 1938.16 err/s: 0.00 reconn/s: 0.00
[ 146s ] thds: 1024 tps: 1035.96 qps: 16632.42 (r/w/o: 14559.49/0.00/2072.93) lat (ms,95%): 1903.57 err/s: 0.00 reconn/s: 0.00
[ 147s ] thds: 1024 tps: 1040.92 qps: 16657.71 (r/w/o: 14576.87/0.00/2080.84) lat (ms,95%): 1973.38 err/s: 0.00 reconn/s: 0.00
[ 148s ] thds: 1024 tps: 1046.64 qps: 16739.26 (r/w/o: 14646.98/0.00/2092.28) lat (ms,95%): 1938.16 err/s: 0.00 reconn/s: 0.00
[ 149s ] thds: 1024 tps: 1056.87 qps: 16643.98 (r/w/o: 14528.24/0.00/2115.74) lat (ms,95%): 1938.16 err/s: 0.00 reconn/s: 0.00
[ 150s ] thds: 1024 tps: 983.06 qps: 16385.98 (r/w/o: 14424.87/0.00/1961.12) lat (ms,95%): 1938.16 err/s: 0.00 reconn/s: 0.00
[ 151s ] thds: 1024 tps: 1086.54 qps: 16924.39 (r/w/o: 14748.31/0.00/2176.08) lat (ms,95%): 1938.16 err/s: 0.00 reconn/s: 0.00
[ 152s ] thds: 1024 tps: 1045.17 qps: 16705.67 (r/w/o: 14615.34/0.00/2090.33) lat (ms,95%): 1938.16 err/s: 0.00 reconn/s: 0.00
[ 153s ] thds: 1024 tps: 1030.80 qps: 16760.08 (r/w/o: 14698.48/0.00/2061.61) lat (ms,95%): 1903.57 err/s: 0.00 reconn/s: 0.00
[ 154s ] thds: 1024 tps: 1100.99 qps: 17237.79 (r/w/o: 15033.82/0.00/2203.97) lat (ms,95%): 1938.16 err/s: 0.00 reconn/s: 0.00
[ 155s ] thds: 1024 tps: 1010.04 qps: 16326.67 (r/w/o: 14306.59/0.00/2020.08) lat (ms,95%): 1903.57 err/s: 0.00 reconn/s: 0.00
[ 156s ] thds: 1024 tps: 1066.98 qps: 17253.72 (r/w/o: 15119.76/0.00/2133.97) lat (ms,95%): 1869.60 err/s: 0.00 reconn/s: 0.00
[ 157s ] thds: 1024 tps: 1092.04 qps: 17262.66 (r/w/o: 15079.57/0.00/2183.08) lat (ms,95%): 1869.60 err/s: 0.00 reconn/s: 0.00
[ 158s ] thds: 1024 tps: 1035.95 qps: 16528.19 (r/w/o: 14457.29/0.00/2070.90) lat (ms,95%): 1903.57 err/s: 0.00 reconn/s: 0.00
[ 159s ] thds: 1024 tps: 996.99 qps: 16289.77 (r/w/o: 14292.80/0.00/1996.97) lat (ms,95%): 1973.38 err/s: 0.00 reconn/s: 0.00
[ 160s ] thds: 1024 tps: 1060.86 qps: 16999.76 (r/w/o: 14878.04/0.00/2121.72) lat (ms,95%): 2009.23 err/s: 0.00 reconn/s: 0.00
[ 161s ] thds: 1024 tps: 1066.19 qps: 16672.01 (r/w/o: 14541.63/0.00/2130.38) lat (ms,95%): 1938.16 err/s: 0.00 reconn/s: 0.00
[ 162s ] thds: 1024 tps: 1033.26 qps: 16534.08 (r/w/o: 14468.57/0.00/2065.51) lat (ms,95%): 1836.24 err/s: 0.00 reconn/s: 0.00
[ 163s ] thds: 1024 tps: 998.72 qps: 16294.67 (r/w/o: 14294.24/0.00/2000.43) lat (ms,95%): 1903.57 err/s: 0.00 reconn/s: 0.00
[ 164s ] thds: 1024 tps: 1046.03 qps: 16433.45 (r/w/o: 14345.39/0.00/2088.06) lat (ms,95%): 1869.60 err/s: 0.00 reconn/s: 0.00
[ 165s ] thds: 1024 tps: 1065.92 qps: 17203.70 (r/w/o: 15069.86/0.00/2133.84) lat (ms,95%): 1869.60 err/s: 0.00 reconn/s: 0.00
[ 166s ] thds: 1024 tps: 1031.02 qps: 16447.28 (r/w/o: 14384.25/0.00/2063.04) lat (ms,95%): 1869.60 err/s: 0.00 reconn/s: 0.00
[ 167s ] thds: 1024 tps: 1053.54 qps: 17139.56 (r/w/o: 15033.47/0.00/2106.09) lat (ms,95%): 1938.16 err/s: 0.00 reconn/s: 0.00
[ 168s ] thds: 1024 tps: 1056.81 qps: 16673.97 (r/w/o: 14559.35/0.00/2114.62) lat (ms,95%): 1938.16 err/s: 0.00 reconn/s: 0.00
[ 169s ] thds: 1024 tps: 1023.07 qps: 16422.08 (r/w/o: 14375.94/0.00/2046.13) lat (ms,95%): 1938.16 err/s: 0.00 reconn/s: 0.00
[ 170s ] thds: 1024 tps: 1065.53 qps: 17013.53 (r/w/o: 14881.46/0.00/2132.07) lat (ms,95%): 1869.60 err/s: 0.00 reconn/s: 0.00
[ 171s ] thds: 1024 tps: 1083.43 qps: 17282.90 (r/w/o: 15121.04/0.00/2161.86) lat (ms,95%): 1938.16 err/s: 0.00 reconn/s: 0.00
[ 172s ] thds: 1024 tps: 1047.02 qps: 16844.27 (r/w/o: 14748.24/0.00/2096.03) lat (ms,95%): 1903.57 err/s: 0.00 reconn/s: 0.00
[ 173s ] thds: 1024 tps: 1060.62 qps: 17131.96 (r/w/o: 15010.73/0.00/2121.23) lat (ms,95%): 1973.38 err/s: 0.00 reconn/s: 0.00
[ 174s ] thds: 1024 tps: 1072.31 qps: 16945.15 (r/w/o: 14797.53/0.00/2147.63) lat (ms,95%): 1869.60 err/s: 0.00 reconn/s: 0.00
[ 175s ] thds: 1024 tps: 1065.66 qps: 17049.61 (r/w/o: 14919.29/0.00/2130.33) lat (ms,95%): 1836.24 err/s: 0.00 reconn/s: 0.00
[ 176s ] thds: 1024 tps: 1041.96 qps: 16487.34 (r/w/o: 14404.42/0.00/2082.92) lat (ms,95%): 1903.57 err/s: 0.00 reconn/s: 0.00
[ 177s ] thds: 1024 tps: 1052.09 qps: 17131.23 (r/w/o: 15026.04/0.00/2105.18) lat (ms,95%): 1836.24 err/s: 0.00 reconn/s: 0.00
[ 178s ] thds: 1024 tps: 1068.33 qps: 16939.18 (r/w/o: 14804.53/0.00/2134.65) lat (ms,95%): 1903.57 err/s: 0.00 reconn/s: 0.00
[ 179s ] thds: 1024 tps: 1018.61 qps: 16520.81 (r/w/o: 14481.60/0.00/2039.21) lat (ms,95%): 1903.57 err/s: 0.00 reconn/s: 0.00
[ 180s ] thds: 1024 tps: 1062.35 qps: 16958.66 (r/w/o: 14835.96/0.00/2122.71) lat (ms,95%): 1973.38 err/s: 0.00 reconn/s: 0.00
[ 181s ] thds: 1024 tps: 1046.01 qps: 16459.13 (r/w/o: 14366.11/0.00/2093.02) lat (ms,95%): 1869.60 err/s: 0.00 reconn/s: 0.00
[ 182s ] thds: 1024 tps: 1028.49 qps: 16724.98 (r/w/o: 14669.00/0.00/2055.98) lat (ms,95%): 1869.60 err/s: 0.00 reconn/s: 0.00
[ 183s ] thds: 1024 tps: 1073.13 qps: 16892.97 (r/w/o: 14747.72/0.00/2145.25) lat (ms,95%): 1973.38 err/s: 0.00 reconn/s: 0.00
[ 184s ] thds: 1024 tps: 1045.20 qps: 16908.06 (r/w/o: 14815.66/0.00/2092.40) lat (ms,95%): 1836.24 err/s: 0.00 reconn/s: 0.00
[ 185s ] thds: 1024 tps: 1040.19 qps: 16561.07 (r/w/o: 14481.68/0.00/2079.39) lat (ms,95%): 1938.16 err/s: 0.00 reconn/s: 0.00
[ 186s ] thds: 1024 tps: 1019.58 qps: 16447.31 (r/w/o: 14410.16/0.00/2037.15) lat (ms,95%): 1938.16 err/s: 0.00 reconn/s: 0.00
[ 187s ] thds: 1024 tps: 1082.03 qps: 17214.50 (r/w/o: 15046.44/0.00/2168.06) lat (ms,95%): 1869.60 err/s: 0.00 reconn/s: 0.00
[ 188s ] thds: 1024 tps: 1047.01 qps: 16842.24 (r/w/o: 14750.21/0.00/2092.03) lat (ms,95%): 1938.16 err/s: 0.00 reconn/s: 0.00
[ 189s ] thds: 1024 tps: 1053.96 qps: 16624.34 (r/w/o: 14515.42/0.00/2108.92) lat (ms,95%): 1938.16 err/s: 0.00 reconn/s: 0.00
[ 190s ] thds: 1024 tps: 993.01 qps: 16268.09 (r/w/o: 14286.08/0.00/1982.01) lat (ms,95%): 1938.16 err/s: 0.00 reconn/s: 0.00
[ 191s ] thds: 1024 tps: 1096.00 qps: 17294.97 (r/w/o: 15097.97/0.00/2197.00) lat (ms,95%): 1973.38 err/s: 0.00 reconn/s: 0.00
[ 192s ] thds: 1024 tps: 1055.05 qps: 17012.80 (r/w/o: 14907.70/0.00/2105.10) lat (ms,95%): 1869.60 err/s: 0.00 reconn/s: 0.00
[ 193s ] thds: 1024 tps: 1057.21 qps: 16812.42 (r/w/o: 14697.00/0.00/2115.42) lat (ms,95%): 1869.60 err/s: 0.00 reconn/s: 0.00
[ 194s ] thds: 1024 tps: 1080.76 qps: 17228.09 (r/w/o: 15063.57/0.00/2164.52) lat (ms,95%): 1903.57 err/s: 0.00 reconn/s: 0.00
[ 195s ] thds: 1024 tps: 1053.06 qps: 16935.91 (r/w/o: 14833.80/0.00/2102.11) lat (ms,95%): 1903.57 err/s: 0.00 reconn/s: 0.00
[ 196s ] thds: 1024 tps: 1046.97 qps: 16708.57 (r/w/o: 14610.62/0.00/2097.95) lat (ms,95%): 1973.38 err/s: 0.00 reconn/s: 0.00
[ 197s ] thds: 1024 tps: 1037.89 qps: 16737.19 (r/w/o: 14663.41/0.00/2073.78) lat (ms,95%): 1938.16 err/s: 0.00 reconn/s: 0.00
[ 198s ] thds: 1024 tps: 1024.12 qps: 16397.90 (r/w/o: 14348.66/0.00/2049.24) lat (ms,95%): 1973.38 err/s: 0.00 reconn/s: 0.00
[ 199s ] thds: 1024 tps: 1060.76 qps: 16650.25 (r/w/o: 14527.73/0.00/2122.52) lat (ms,95%): 1903.57 err/s: 0.00 reconn/s: 0.00
[ 200s ] thds: 1024 tps: 1024.83 qps: 16531.19 (r/w/o: 14481.54/0.00/2049.65) lat (ms,95%): 1903.57 err/s: 0.00 reconn/s: 0.00
[ 201s ] thds: 1024 tps: 1044.94 qps: 16791.02 (r/w/o: 14700.14/0.00/2090.88) lat (ms,95%): 1938.16 err/s: 0.00 reconn/s: 0.00
[ 202s ] thds: 1024 tps: 1046.48 qps: 16865.79 (r/w/o: 14773.82/0.00/2091.97) lat (ms,95%): 1938.16 err/s: 0.00 reconn/s: 0.00
[ 203s ] thds: 1024 tps: 1070.87 qps: 16932.95 (r/w/o: 14792.21/0.00/2140.74) lat (ms,95%): 1938.16 err/s: 0.00 reconn/s: 0.00
[ 204s ] thds: 1024 tps: 1056.07 qps: 16988.18 (r/w/o: 14877.04/0.00/2111.15) lat (ms,95%): 1903.57 err/s: 0.00 reconn/s: 0.00
[ 205s ] thds: 1024 tps: 1039.00 qps: 16408.03 (r/w/o: 14328.03/0.00/2080.00) lat (ms,95%): 1938.16 err/s: 0.00 reconn/s: 0.00
[ 206s ] thds: 1024 tps: 1050.46 qps: 16851.31 (r/w/o: 14752.39/0.00/2098.92) lat (ms,95%): 1938.16 err/s: 0.00 reconn/s: 0.00
[ 207s ] thds: 1024 tps: 1026.57 qps: 16639.32 (r/w/o: 14583.16/0.00/2056.15) lat (ms,95%): 1938.16 err/s: 0.00 reconn/s: 0.00
[ 208s ] thds: 1024 tps: 1075.23 qps: 17182.63 (r/w/o: 15034.18/0.00/2148.45) lat (ms,95%): 1938.16 err/s: 0.00 reconn/s: 0.00
[ 209s ] thds: 1024 tps: 1104.27 qps: 17844.35 (r/w/o: 15635.81/0.00/2208.54) lat (ms,95%): 1836.24 err/s: 0.00 reconn/s: 0.00
[ 210s ] thds: 1024 tps: 1100.57 qps: 17254.25 (r/w/o: 15051.11/0.00/2203.14) lat (ms,95%): 1869.60 err/s: 0.00 reconn/s: 0.00
[ 211s ] thds: 1024 tps: 1070.18 qps: 17220.93 (r/w/o: 15081.56/0.00/2139.36) lat (ms,95%): 1836.24 err/s: 0.00 reconn/s: 0.00
[ 212s ] thds: 1024 tps: 1032.02 qps: 16516.34 (r/w/o: 14454.30/0.00/2062.04) lat (ms,95%): 1903.57 err/s: 0.00 reconn/s: 0.00
[ 213s ] thds: 1024 tps: 1042.70 qps: 17182.54 (r/w/o: 15096.13/0.00/2086.40) lat (ms,95%): 1938.16 err/s: 0.00 reconn/s: 0.00
[ 214s ] thds: 1024 tps: 1082.01 qps: 17009.14 (r/w/o: 14844.13/0.00/2165.02) lat (ms,95%): 1903.57 err/s: 0.00 reconn/s: 0.00
[ 215s ] thds: 1024 tps: 1043.99 qps: 16498.84 (r/w/o: 14409.86/0.00/2088.98) lat (ms,95%): 1903.57 err/s: 0.00 reconn/s: 0.00
[ 216s ] thds: 1024 tps: 1046.37 qps: 16668.89 (r/w/o: 14577.16/0.00/2091.73) lat (ms,95%): 1903.57 err/s: 0.00 reconn/s: 0.00
[ 217s ] thds: 1024 tps: 1013.60 qps: 16537.84 (r/w/o: 14509.63/0.00/2028.21) lat (ms,95%): 1903.57 err/s: 0.00 reconn/s: 0.00
[ 218s ] thds: 1024 tps: 1078.87 qps: 17085.90 (r/w/o: 14928.16/0.00/2157.73) lat (ms,95%): 1903.57 err/s: 0.00 reconn/s: 0.00
[ 219s ] thds: 1024 tps: 1060.01 qps: 16806.23 (r/w/o: 14685.20/0.00/2121.03) lat (ms,95%): 1938.16 err/s: 0.00 reconn/s: 0.00
[ 220s ] thds: 1024 tps: 1041.69 qps: 16790.05 (r/w/o: 14710.67/0.00/2079.39) lat (ms,95%): 1938.16 err/s: 0.00 reconn/s: 0.00
[ 221s ] thds: 1024 tps: 1093.39 qps: 17456.28 (r/w/o: 15267.50/0.00/2188.79) lat (ms,95%): 1903.57 err/s: 0.00 reconn/s: 0.00
[ 222s ] thds: 1024 tps: 1050.01 qps: 16936.12 (r/w/o: 14836.11/0.00/2100.02) lat (ms,95%): 1903.57 err/s: 0.00 reconn/s: 0.00
[ 223s ] thds: 1024 tps: 1063.02 qps: 16949.32 (r/w/o: 14825.28/0.00/2124.04) lat (ms,95%): 1869.60 err/s: 0.00 reconn/s: 0.00
[ 224s ] thds: 1024 tps: 1043.88 qps: 16633.07 (r/w/o: 14543.32/0.00/2089.76) lat (ms,95%): 1903.57 err/s: 0.00 reconn/s: 0.00
[ 225s ] thds: 1024 tps: 1067.49 qps: 16988.91 (r/w/o: 14852.93/0.00/2135.98) lat (ms,95%): 1973.38 err/s: 0.00 reconn/s: 0.00
[ 226s ] thds: 1024 tps: 1029.59 qps: 16608.47 (r/w/o: 14551.29/0.00/2057.17) lat (ms,95%): 1903.57 err/s: 0.00 reconn/s: 0.00
[ 227s ] thds: 1024 tps: 1061.06 qps: 16912.91 (r/w/o: 14790.80/0.00/2122.11) lat (ms,95%): 1903.57 err/s: 0.00 reconn/s: 0.00
[ 228s ] thds: 1024 tps: 1026.90 qps: 16525.35 (r/w/o: 14469.56/0.00/2055.79) lat (ms,95%): 1938.16 err/s: 0.00 reconn/s: 0.00
[ 229s ] thds: 1024 tps: 1043.81 qps: 16789.91 (r/w/o: 14702.29/0.00/2087.62) lat (ms,95%): 1938.16 err/s: 0.00 reconn/s: 0.00
[ 230s ] thds: 1024 tps: 1045.25 qps: 16786.00 (r/w/o: 14695.50/0.00/2090.50) lat (ms,95%): 1938.16 err/s: 0.00 reconn/s: 0.00
[ 231s ] thds: 1024 tps: 1100.97 qps: 17102.49 (r/w/o: 14900.55/0.00/2201.93) lat (ms,95%): 1938.16 err/s: 0.00 reconn/s: 0.00
[ 232s ] thds: 1024 tps: 1025.89 qps: 16800.20 (r/w/o: 14747.42/0.00/2052.78) lat (ms,95%): 1938.16 err/s: 0.00 reconn/s: 0.00
[ 233s ] thds: 1024 tps: 1084.25 qps: 17075.13 (r/w/o: 14908.63/0.00/2166.49) lat (ms,95%): 1938.16 err/s: 0.00 reconn/s: 0.00
[ 234s ] thds: 1024 tps: 1030.86 qps: 16867.10 (r/w/o: 14804.38/0.00/2062.72) lat (ms,95%): 1938.16 err/s: 0.00 reconn/s: 0.00
[ 235s ] thds: 1024 tps: 1068.06 qps: 16581.86 (r/w/o: 14449.75/0.00/2132.11) lat (ms,95%): 1938.16 err/s: 0.00 reconn/s: 0.00
[ 236s ] thds: 1024 tps: 1020.23 qps: 16621.44 (r/w/o: 14578.99/0.00/2042.46) lat (ms,95%): 1938.16 err/s: 0.00 reconn/s: 0.00
[ 237s ] thds: 1024 tps: 1066.76 qps: 17158.28 (r/w/o: 15024.75/0.00/2133.53) lat (ms,95%): 1938.16 err/s: 0.00 reconn/s: 0.00
[ 238s ] thds: 1024 tps: 1076.55 qps: 17272.75 (r/w/o: 15120.65/0.00/2152.10) lat (ms,95%): 1938.16 err/s: 0.00 reconn/s: 0.00
[ 239s ] thds: 1024 tps: 1051.87 qps: 16748.87 (r/w/o: 14642.13/0.00/2106.73) lat (ms,95%): 1869.60 err/s: 0.00 reconn/s: 0.00
[ 240s ] thds: 1024 tps: 1051.52 qps: 16655.28 (r/w/o: 14552.24/0.00/2103.05) lat (ms,95%): 1938.16 err/s: 0.00 reconn/s: 0.00
Latency histogram (values are in milliseconds)
       value  ------------- distribution ------------- count
      24.827 |                                         2
      25.278 |                                         1
      25.737 |                                         4
      26.205 |                                         2
      26.681 |                                         6
      27.165 |                                         12
      27.659 |                                         6
      28.162 |                                         15
      28.673 |                                         21
      29.194 |                                         24
      29.725 |                                         31
      30.265 |                                         36
      30.815 |                                         32
      31.375 |                                         39
      31.945 |                                         42
      32.525 |                                         52
      33.116 |*                                        71
      33.718 |*                                        78
      34.330 |*                                        85
      34.954 |*                                        83
      35.589 |*                                        80
      36.236 |*                                        95
      36.894 |*                                        114
      37.565 |*                                        125
      38.247 |*                                        139
      38.942 |*                                        132
      39.650 |*                                        174
      40.370 |*                                        161
      41.104 |*                                        156
      41.851 |*                                        158
      42.611 |*                                        163
      43.385 |*                                        153
      44.173 |*                                        153
      44.976 |*                                        165
      45.793 |*                                        164
      46.625 |**                                       219
      47.472 |**                                       217
      48.335 |**                                       250
      49.213 |***                                      327
      50.107 |***                                      391
      51.018 |****                                     440
      51.945 |****                                     492
      52.889 |****                                     520
      53.850 |****                                     464
      54.828 |****                                     500
      55.824 |****                                     483
      56.839 |****                                     485
      57.871 |***                                      394
      58.923 |***                                      345
      59.993 |**                                       311
      61.083 |**                                       283
      62.193 |**                                       259
      63.323 |**                                       217
      64.474 |*                                        183
      65.645 |*                                        139
      66.838 |*                                        112
      68.053 |*                                        102
      69.289 |*                                        65
      70.548 |*                                        69
      71.830 |                                         52
      73.135 |                                         35
      74.464 |                                         28
      75.817 |                                         26
      77.194 |                                         23
      78.597 |                                         16
      80.025 |                                         17
      81.479 |                                         15
      82.959 |                                         8
      84.467 |                                         9
      86.002 |                                         1
      87.564 |                                         4
      89.155 |                                         4
      90.775 |                                         5
      92.424 |                                         2
      94.104 |                                         2
      95.814 |                                         1
      99.327 |                                         2
     104.840 |                                         1
     106.745 |                                         1
     114.717 |                                         1
     142.387 |                                         2
     147.608 |                                         2
     150.290 |                                         5
     153.021 |                                         6
     155.801 |                                         5
     158.632 |                                         15
     161.514 |                                         53
     164.449 |*                                        79
     167.437 |*                                        106
     170.479 |*                                        180
     173.577 |**                                       266
     176.731 |***                                      342
     179.942 |****                                     555
     183.211 |******                                   716
     186.540 |******                                   805
     189.929 |********                                 971
     193.380 |*********                                1144
     196.894 |**********                               1260
     200.472 |**********                               1242
     204.114 |**********                               1225
     207.823 |*********                                1069
     211.599 |*******                                  895
     215.443 |*****                                    669
     219.358 |****                                     484
     223.344 |***                                      355
     227.402 |**                                       241
     231.534 |*                                        147
     235.740 |*                                        79
     240.024 |                                         40
     244.385 |                                         19
     248.825 |                                         7
     253.346 |                                         3
     257.950 |                                         3
     277.214 |                                         1
     282.251 |                                         6
     287.379 |                                         16
     292.601 |                                         27
     297.917 |*                                        87
     303.330 |*                                        184
     308.842 |***                                      397
     314.453 |******                                   732
     320.167 |*********                                1122
     325.984 |**************                           1801
     331.907 |******************                       2314
     337.938 |***********************                  2877
     344.078 |*************************                3192
     350.330 |**************************               3304
     356.695 |**********************                   2730
     363.176 |******************                       2211
     369.775 |*************                            1576
     376.494 |********                                 1009
     383.334 |****                                     551
     390.299 |**                                       271
     397.391 |*                                        99
     404.611 |                                         33
     411.963 |                                         14
     419.448 |                                         12
     427.069 |                                         31
     434.829 |*                                        68
     442.730 |**                                       202
     450.774 |****                                     536
     458.964 |********                                 1017
     467.304 |*************                            1670
     475.794 |********************                     2492
     484.439 |**************************               3204
     493.242 |*****************************            3609
     502.204 |**************************               3267
     511.328 |*********************                    2591
     520.619 |**************                           1742
     530.078 |********                                 1016
     539.710 |****                                     499
     549.516 |*                                        168
     559.501 |*                                        85
     569.667 |*                                        84
     580.017 |**                                       207
     590.556 |****                                     548
     601.286 |**********                               1255
     612.211 |*******************                      2357
     623.335 |****************************             3572
     634.661 |************************************     4494
     646.192 |************************************     4506
     657.933 |******************************           3734
     669.888 |*******************                      2409
     682.059 |**********                               1292
     694.452 |*****                                    584
     707.070 |**                                       238
     719.917 |**                                       245
     732.998 |*****                                    600
     746.316 |***********                              1353
     759.876 |*********************                    2614
     773.683 |*******************************          3833
     787.741 |**********************************       4235
     802.053 |*******************************          3847
     816.626 |*********************                    2598
     831.464 |***********                              1420
     846.572 |****                                     532
     861.954 |***                                      346
     877.615 |******                                   757
     893.561 |**************                           1738
     909.797 |*************************                3143
     926.327 |***********************************      4426
     943.158 |************************************     4487
     960.295 |***************************              3388
     977.743 |***************                          1844
     995.508 |*******                                  827
    1013.597 |*****                                    660
    1032.013 |***********                              1407
    1050.764 |***********************                  2838
    1069.856 |**********************************       4278
    1089.295 |************************************     4539
    1109.087 |****************************             3521
    1129.239 |***************                          1820
    1149.757 |*******                                  906
    1170.648 |**********                               1203
    1191.918 |*********************                    2694
    1213.575 |***********************************      4433
    1235.625 |***************************************  4893
    1258.076 |****************************             3497
    1280.934 |***************                          1851
    1304.208 |**********                               1219
    1327.905 |*****************                        2128
    1352.033 |********************************         4014
    1376.599 |**************************************** 5014
    1401.611 |********************************         3998
    1427.078 |******************                       2204
    1453.007 |*************                            1580
    1479.408 |*********************                    2688
    1506.288 |************************************     4491
    1533.657 |**************************************   4801
    1561.523 |***************************              3342
    1589.895 |***************                          1835
    1618.783 |******************                       2235
    1648.196 |*****************************            3592
    1678.143 |**********************************       4314
    1708.634 |************************                 3005
    1739.679 |**************                           1695
    1771.289 |*****************                        2133
    1803.472 |***************************              3343
    1836.241 |**************************               3197
    1869.605 |***************                          1933
    1903.575 |***********                              1360
    1938.162 |***************                          1924
    1973.377 |*****************                        2185
    2009.233 |************                             1506
    2045.740 |*******                                  931
    2082.910 |*********                                1114
    2120.756 |**********                               1239
    2159.289 |*******                                  866
    2198.523 |****                                     507
    2238.469 |*****                                    605
    2279.141 |****                                     532
    2320.552 |**                                       289
    2362.716 |**                                       262
    2405.646 |**                                       280
    2449.355 |*                                        172
    2493.859 |*                                        77
    2539.172 |*                                        70
    2585.308 |                                         46
    2632.282 |                                         31
    2680.109 |                                         24
    2728.806 |                                         8
    2778.387 |                                         8
    2828.869 |                                         1
 
SQL statistics:
    queries performed:
        read:                            3532931
        write:                           0
        other:                           504774
        total:                           4037705
    transactions:                        252898 (1050.12 per sec.)
    queries:                             4037705 (16765.94 per sec.)
    ignored errors:                      0      (0.00 per sec.)
    reconnects:                          0      (0.00 per sec.)

Throughput:
    events/s (eps):                      1050.1194
    time elapsed:                        240.8283s
    total number of events:              252898

Latency (ms):
         min:                                   24.66
         avg:                                  976.18
         max:                                 2842.84
         95th percentile:                     1938.16
         sum:                            246872154.22

Threads fairness:
    events (avg/stddev):           246.9697/9.24
    execution time (avg/stddev):   241.0861/0.52

