sysbench 1.1.0-3ceba0b (using bundled LuaJIT 2.1.0-beta3)

Running the test with following options:
Number of threads: 8
Warmup time: 60s
Report intermediate results every 1 second(s)
Initializing random number generator from current time


Initializing worker threads...

Threads started!

Warming up for 60 seconds...

[ 1s ] thds: 8 tps: 3008.55 qps: 3008.55 (r/w/o: 3008.55/0.00/0.00) lat (ms,95%): 3.62 err/s: 0.00 reconn/s: 0.00
[ 2s ] thds: 8 tps: 3065.64 qps: 3065.64 (r/w/o: 3065.64/0.00/0.00) lat (ms,95%): 3.62 err/s: 0.00 reconn/s: 0.00
[ 3s ] thds: 8 tps: 3014.34 qps: 3014.34 (r/w/o: 3014.34/0.00/0.00) lat (ms,95%): 3.62 err/s: 0.00 reconn/s: 0.00
[ 4s ] thds: 8 tps: 3019.51 qps: 3019.51 (r/w/o: 3019.51/0.00/0.00) lat (ms,95%): 3.62 err/s: 0.00 reconn/s: 0.00
[ 5s ] thds: 8 tps: 2918.78 qps: 2918.78 (r/w/o: 2918.78/0.00/0.00) lat (ms,95%): 3.89 err/s: 0.00 reconn/s: 0.00
[ 6s ] thds: 8 tps: 3006.09 qps: 3006.09 (r/w/o: 3006.09/0.00/0.00) lat (ms,95%): 3.68 err/s: 0.00 reconn/s: 0.00
[ 7s ] thds: 8 tps: 3023.32 qps: 3023.32 (r/w/o: 3023.32/0.00/0.00) lat (ms,95%): 3.62 err/s: 0.00 reconn/s: 0.00
[ 8s ] thds: 8 tps: 3019.74 qps: 3019.74 (r/w/o: 3019.74/0.00/0.00) lat (ms,95%): 3.62 err/s: 0.00 reconn/s: 0.00
[ 9s ] thds: 8 tps: 3010.18 qps: 3010.18 (r/w/o: 3010.18/0.00/0.00) lat (ms,95%): 3.62 err/s: 0.00 reconn/s: 0.00
[ 10s ] thds: 8 tps: 3056.09 qps: 3056.09 (r/w/o: 3056.09/0.00/0.00) lat (ms,95%): 3.62 err/s: 0.00 reconn/s: 0.00
[ 11s ] thds: 8 tps: 3043.78 qps: 3043.78 (r/w/o: 3043.78/0.00/0.00) lat (ms,95%): 3.62 err/s: 0.00 reconn/s: 0.00
[ 12s ] thds: 8 tps: 3028.18 qps: 3028.18 (r/w/o: 3028.18/0.00/0.00) lat (ms,95%): 3.62 err/s: 0.00 reconn/s: 0.00
[ 13s ] thds: 8 tps: 3039.95 qps: 3039.95 (r/w/o: 3039.95/0.00/0.00) lat (ms,95%): 3.62 err/s: 0.00 reconn/s: 0.00
[ 14s ] thds: 8 tps: 2928.32 qps: 2928.32 (r/w/o: 2928.32/0.00/0.00) lat (ms,95%): 3.75 err/s: 0.00 reconn/s: 0.00
[ 15s ] thds: 8 tps: 2970.58 qps: 2970.58 (r/w/o: 2970.58/0.00/0.00) lat (ms,95%): 3.68 err/s: 0.00 reconn/s: 0.00
[ 16s ] thds: 8 tps: 3056.27 qps: 3056.27 (r/w/o: 3056.27/0.00/0.00) lat (ms,95%): 3.62 err/s: 0.00 reconn/s: 0.00
[ 17s ] thds: 8 tps: 3064.22 qps: 3064.22 (r/w/o: 3064.22/0.00/0.00) lat (ms,95%): 3.62 err/s: 0.00 reconn/s: 0.00
[ 18s ] thds: 8 tps: 3054.28 qps: 3054.28 (r/w/o: 3054.28/0.00/0.00) lat (ms,95%): 3.62 err/s: 0.00 reconn/s: 0.00
[ 19s ] thds: 8 tps: 3073.22 qps: 3073.22 (r/w/o: 3073.22/0.00/0.00) lat (ms,95%): 3.62 err/s: 0.00 reconn/s: 0.00
[ 20s ] thds: 8 tps: 3079.04 qps: 3079.04 (r/w/o: 3079.04/0.00/0.00) lat (ms,95%): 3.62 err/s: 0.00 reconn/s: 0.00
[ 21s ] thds: 8 tps: 3082.79 qps: 3082.79 (r/w/o: 3082.79/0.00/0.00) lat (ms,95%): 3.62 err/s: 0.00 reconn/s: 0.00
[ 22s ] thds: 8 tps: 3051.13 qps: 3051.13 (r/w/o: 3051.13/0.00/0.00) lat (ms,95%): 3.62 err/s: 0.00 reconn/s: 0.00
[ 23s ] thds: 8 tps: 2966.10 qps: 2966.10 (r/w/o: 2966.10/0.00/0.00) lat (ms,95%): 3.68 err/s: 0.00 reconn/s: 0.00
[ 24s ] thds: 8 tps: 2975.20 qps: 2975.20 (r/w/o: 2975.20/0.00/0.00) lat (ms,95%): 3.68 err/s: 0.00 reconn/s: 0.00
[ 25s ] thds: 8 tps: 3040.22 qps: 3040.22 (r/w/o: 3040.22/0.00/0.00) lat (ms,95%): 3.62 err/s: 0.00 reconn/s: 0.00
[ 26s ] thds: 8 tps: 3029.59 qps: 3029.59 (r/w/o: 3029.59/0.00/0.00) lat (ms,95%): 3.62 err/s: 0.00 reconn/s: 0.00
[ 27s ] thds: 8 tps: 3049.51 qps: 3049.51 (r/w/o: 3049.51/0.00/0.00) lat (ms,95%): 3.62 err/s: 0.00 reconn/s: 0.00
[ 28s ] thds: 8 tps: 3056.52 qps: 3056.52 (r/w/o: 3056.52/0.00/0.00) lat (ms,95%): 3.62 err/s: 0.00 reconn/s: 0.00
[ 29s ] thds: 8 tps: 3068.03 qps: 3068.03 (r/w/o: 3068.03/0.00/0.00) lat (ms,95%): 3.62 err/s: 0.00 reconn/s: 0.00
[ 30s ] thds: 8 tps: 3083.63 qps: 3083.63 (r/w/o: 3083.63/0.00/0.00) lat (ms,95%): 3.62 err/s: 0.00 reconn/s: 0.00
[ 31s ] thds: 8 tps: 3060.04 qps: 3060.04 (r/w/o: 3060.04/0.00/0.00) lat (ms,95%): 3.62 err/s: 0.00 reconn/s: 0.00
[ 32s ] thds: 8 tps: 2977.54 qps: 2977.54 (r/w/o: 2977.54/0.00/0.00) lat (ms,95%): 3.68 err/s: 0.00 reconn/s: 0.00
[ 33s ] thds: 8 tps: 2948.88 qps: 2948.88 (r/w/o: 2948.88/0.00/0.00) lat (ms,95%): 3.82 err/s: 0.00 reconn/s: 0.00
[ 34s ] thds: 8 tps: 3006.42 qps: 3006.42 (r/w/o: 3006.42/0.00/0.00) lat (ms,95%): 3.68 err/s: 0.00 reconn/s: 0.00
[ 35s ] thds: 8 tps: 3060.56 qps: 3060.56 (r/w/o: 3060.56/0.00/0.00) lat (ms,95%): 3.62 err/s: 0.00 reconn/s: 0.00
[ 36s ] thds: 8 tps: 3024.76 qps: 3024.76 (r/w/o: 3024.76/0.00/0.00) lat (ms,95%): 3.62 err/s: 0.00 reconn/s: 0.00
[ 37s ] thds: 8 tps: 3069.15 qps: 3069.15 (r/w/o: 3069.15/0.00/0.00) lat (ms,95%): 3.55 err/s: 0.00 reconn/s: 0.00
[ 38s ] thds: 8 tps: 3068.85 qps: 3068.85 (r/w/o: 3068.85/0.00/0.00) lat (ms,95%): 3.62 err/s: 0.00 reconn/s: 0.00
[ 39s ] thds: 8 tps: 3055.09 qps: 3055.09 (r/w/o: 3055.09/0.00/0.00) lat (ms,95%): 3.62 err/s: 0.00 reconn/s: 0.00
[ 40s ] thds: 8 tps: 3048.49 qps: 3048.49 (r/w/o: 3048.49/0.00/0.00) lat (ms,95%): 3.62 err/s: 0.00 reconn/s: 0.00
[ 41s ] thds: 8 tps: 2993.80 qps: 2993.80 (r/w/o: 2993.80/0.00/0.00) lat (ms,95%): 3.68 err/s: 0.00 reconn/s: 0.00
[ 42s ] thds: 8 tps: 2919.93 qps: 2919.93 (r/w/o: 2919.93/0.00/0.00) lat (ms,95%): 3.82 err/s: 0.00 reconn/s: 0.00
[ 43s ] thds: 8 tps: 2997.87 qps: 2997.87 (r/w/o: 2997.87/0.00/0.00) lat (ms,95%): 3.68 err/s: 0.00 reconn/s: 0.00
[ 44s ] thds: 8 tps: 3048.99 qps: 3048.99 (r/w/o: 3048.99/0.00/0.00) lat (ms,95%): 3.62 err/s: 0.00 reconn/s: 0.00
[ 45s ] thds: 8 tps: 3049.92 qps: 3049.92 (r/w/o: 3049.92/0.00/0.00) lat (ms,95%): 3.62 err/s: 0.00 reconn/s: 0.00
[ 46s ] thds: 8 tps: 3059.08 qps: 3059.08 (r/w/o: 3059.08/0.00/0.00) lat (ms,95%): 3.62 err/s: 0.00 reconn/s: 0.00
[ 47s ] thds: 8 tps: 3057.23 qps: 3057.23 (r/w/o: 3057.23/0.00/0.00) lat (ms,95%): 3.62 err/s: 0.00 reconn/s: 0.00
[ 48s ] thds: 8 tps: 3051.09 qps: 3051.09 (r/w/o: 3051.09/0.00/0.00) lat (ms,95%): 3.62 err/s: 0.00 reconn/s: 0.00
[ 49s ] thds: 8 tps: 3045.68 qps: 3045.68 (r/w/o: 3045.68/0.00/0.00) lat (ms,95%): 3.62 err/s: 0.00 reconn/s: 0.00
[ 50s ] thds: 8 tps: 3024.64 qps: 3024.64 (r/w/o: 3024.64/0.00/0.00) lat (ms,95%): 3.68 err/s: 0.00 reconn/s: 0.00
[ 51s ] thds: 8 tps: 2955.08 qps: 2955.08 (r/w/o: 2955.08/0.00/0.00) lat (ms,95%): 3.82 err/s: 0.00 reconn/s: 0.00
[ 52s ] thds: 8 tps: 2995.86 qps: 2995.86 (r/w/o: 2995.86/0.00/0.00) lat (ms,95%): 3.68 err/s: 0.00 reconn/s: 0.00
[ 53s ] thds: 8 tps: 3040.10 qps: 3040.10 (r/w/o: 3040.10/0.00/0.00) lat (ms,95%): 3.62 err/s: 0.00 reconn/s: 0.00
[ 54s ] thds: 8 tps: 3047.99 qps: 3047.99 (r/w/o: 3047.99/0.00/0.00) lat (ms,95%): 3.62 err/s: 0.00 reconn/s: 0.00
[ 55s ] thds: 8 tps: 3075.92 qps: 3075.92 (r/w/o: 3075.92/0.00/0.00) lat (ms,95%): 3.62 err/s: 0.00 reconn/s: 0.00
[ 56s ] thds: 8 tps: 3047.76 qps: 3047.76 (r/w/o: 3047.76/0.00/0.00) lat (ms,95%): 3.62 err/s: 0.00 reconn/s: 0.00
[ 57s ] thds: 8 tps: 3045.40 qps: 3045.40 (r/w/o: 3045.40/0.00/0.00) lat (ms,95%): 3.62 err/s: 0.00 reconn/s: 0.00
[ 58s ] thds: 8 tps: 3066.48 qps: 3066.48 (r/w/o: 3066.48/0.00/0.00) lat (ms,95%): 3.62 err/s: 0.00 reconn/s: 0.00
[ 59s ] thds: 8 tps: 3018.72 qps: 3018.72 (r/w/o: 3018.72/0.00/0.00) lat (ms,95%): 3.68 err/s: 0.00 reconn/s: 0.00
[ 60s ] thds: 8 tps: 2948.08 qps: 2948.08 (r/w/o: 2948.08/0.00/0.00) lat (ms,95%): 3.75 err/s: 0.00 reconn/s: 0.00
[ 61s ] thds: 8 tps: 2961.47 qps: 2961.47 (r/w/o: 2961.47/0.00/0.00) lat (ms,95%): 3.75 err/s: 0.00 reconn/s: 0.00
[ 62s ] thds: 8 tps: 3023.88 qps: 3023.88 (r/w/o: 3023.88/0.00/0.00) lat (ms,95%): 3.68 err/s: 0.00 reconn/s: 0.00
[ 63s ] thds: 8 tps: 3018.64 qps: 3018.64 (r/w/o: 3018.64/0.00/0.00) lat (ms,95%): 3.62 err/s: 0.00 reconn/s: 0.00
[ 64s ] thds: 8 tps: 3079.78 qps: 3079.78 (r/w/o: 3079.78/0.00/0.00) lat (ms,95%): 3.62 err/s: 0.00 reconn/s: 0.00
[ 65s ] thds: 8 tps: 3051.38 qps: 3051.38 (r/w/o: 3051.38/0.00/0.00) lat (ms,95%): 3.62 err/s: 0.00 reconn/s: 0.00
[ 66s ] thds: 8 tps: 3055.55 qps: 3055.55 (r/w/o: 3055.55/0.00/0.00) lat (ms,95%): 3.62 err/s: 0.00 reconn/s: 0.00
[ 67s ] thds: 8 tps: 3056.36 qps: 3056.36 (r/w/o: 3056.36/0.00/0.00) lat (ms,95%): 3.62 err/s: 0.00 reconn/s: 0.00
[ 68s ] thds: 8 tps: 3031.46 qps: 3031.46 (r/w/o: 3031.46/0.00/0.00) lat (ms,95%): 3.62 err/s: 0.00 reconn/s: 0.00
[ 69s ] thds: 8 tps: 2971.26 qps: 2971.26 (r/w/o: 2971.26/0.00/0.00) lat (ms,95%): 3.75 err/s: 0.00 reconn/s: 0.00
[ 70s ] thds: 8 tps: 2975.20 qps: 2975.20 (r/w/o: 2975.20/0.00/0.00) lat (ms,95%): 3.75 err/s: 0.00 reconn/s: 0.00
[ 71s ] thds: 8 tps: 3039.88 qps: 3039.88 (r/w/o: 3039.88/0.00/0.00) lat (ms,95%): 3.68 err/s: 0.00 reconn/s: 0.00
[ 72s ] thds: 8 tps: 3057.68 qps: 3057.68 (r/w/o: 3057.68/0.00/0.00) lat (ms,95%): 3.62 err/s: 0.00 reconn/s: 0.00
[ 73s ] thds: 8 tps: 3048.68 qps: 3048.68 (r/w/o: 3048.68/0.00/0.00) lat (ms,95%): 3.62 err/s: 0.00 reconn/s: 0.00
[ 74s ] thds: 8 tps: 3065.17 qps: 3065.17 (r/w/o: 3065.17/0.00/0.00) lat (ms,95%): 3.62 err/s: 0.00 reconn/s: 0.00
[ 75s ] thds: 8 tps: 3071.16 qps: 3071.16 (r/w/o: 3071.16/0.00/0.00) lat (ms,95%): 3.62 err/s: 0.00 reconn/s: 0.00
[ 76s ] thds: 8 tps: 3054.50 qps: 3054.50 (r/w/o: 3054.50/0.00/0.00) lat (ms,95%): 3.62 err/s: 0.00 reconn/s: 0.00
[ 77s ] thds: 8 tps: 3044.76 qps: 3044.76 (r/w/o: 3044.76/0.00/0.00) lat (ms,95%): 3.62 err/s: 0.00 reconn/s: 0.00
[ 78s ] thds: 8 tps: 3002.80 qps: 3002.80 (r/w/o: 3002.80/0.00/0.00) lat (ms,95%): 3.68 err/s: 0.00 reconn/s: 0.00
[ 79s ] thds: 8 tps: 2953.21 qps: 2953.21 (r/w/o: 2953.21/0.00/0.00) lat (ms,95%): 3.75 err/s: 0.00 reconn/s: 0.00
[ 80s ] thds: 8 tps: 2985.67 qps: 2985.67 (r/w/o: 2985.67/0.00/0.00) lat (ms,95%): 3.68 err/s: 0.00 reconn/s: 0.00
[ 81s ] thds: 8 tps: 3046.32 qps: 3046.32 (r/w/o: 3046.32/0.00/0.00) lat (ms,95%): 3.62 err/s: 0.00 reconn/s: 0.00
[ 82s ] thds: 8 tps: 3041.07 qps: 3041.07 (r/w/o: 3041.07/0.00/0.00) lat (ms,95%): 3.62 err/s: 0.00 reconn/s: 0.00
[ 83s ] thds: 8 tps: 3067.35 qps: 3067.35 (r/w/o: 3067.35/0.00/0.00) lat (ms,95%): 3.62 err/s: 0.00 reconn/s: 0.00
[ 84s ] thds: 8 tps: 3057.30 qps: 3057.30 (r/w/o: 3057.30/0.00/0.00) lat (ms,95%): 3.62 err/s: 0.00 reconn/s: 0.00
[ 85s ] thds: 8 tps: 3071.75 qps: 3071.75 (r/w/o: 3071.75/0.00/0.00) lat (ms,95%): 3.62 err/s: 0.00 reconn/s: 0.00
[ 86s ] thds: 8 tps: 3063.52 qps: 3063.52 (r/w/o: 3063.52/0.00/0.00) lat (ms,95%): 3.62 err/s: 0.00 reconn/s: 0.00
[ 87s ] thds: 8 tps: 3027.74 qps: 3027.74 (r/w/o: 3027.74/0.00/0.00) lat (ms,95%): 3.68 err/s: 0.00 reconn/s: 0.00
[ 88s ] thds: 8 tps: 2998.87 qps: 2998.87 (r/w/o: 2998.87/0.00/0.00) lat (ms,95%): 3.68 err/s: 0.00 reconn/s: 0.00
[ 89s ] thds: 8 tps: 3021.08 qps: 3021.08 (r/w/o: 3021.08/0.00/0.00) lat (ms,95%): 3.68 err/s: 0.00 reconn/s: 0.00
[ 90s ] thds: 8 tps: 3040.42 qps: 3040.42 (r/w/o: 3040.42/0.00/0.00) lat (ms,95%): 3.68 err/s: 0.00 reconn/s: 0.00
[ 91s ] thds: 8 tps: 3060.00 qps: 3060.00 (r/w/o: 3060.00/0.00/0.00) lat (ms,95%): 3.62 err/s: 0.00 reconn/s: 0.00
[ 92s ] thds: 8 tps: 3073.37 qps: 3073.37 (r/w/o: 3073.37/0.00/0.00) lat (ms,95%): 3.62 err/s: 0.00 reconn/s: 0.00
[ 93s ] thds: 8 tps: 3034.11 qps: 3034.11 (r/w/o: 3034.11/0.00/0.00) lat (ms,95%): 3.62 err/s: 0.00 reconn/s: 0.00
[ 94s ] thds: 8 tps: 3046.67 qps: 3046.67 (r/w/o: 3046.67/0.00/0.00) lat (ms,95%): 3.62 err/s: 0.00 reconn/s: 0.00
[ 95s ] thds: 8 tps: 3039.49 qps: 3039.49 (r/w/o: 3039.49/0.00/0.00) lat (ms,95%): 3.68 err/s: 0.00 reconn/s: 0.00
[ 96s ] thds: 8 tps: 3004.09 qps: 3004.09 (r/w/o: 3004.09/0.00/0.00) lat (ms,95%): 3.68 err/s: 0.00 reconn/s: 0.00
[ 97s ] thds: 8 tps: 2971.95 qps: 2971.95 (r/w/o: 2971.95/0.00/0.00) lat (ms,95%): 3.75 err/s: 0.00 reconn/s: 0.00
[ 98s ] thds: 8 tps: 3001.00 qps: 3001.00 (r/w/o: 3001.00/0.00/0.00) lat (ms,95%): 3.68 err/s: 0.00 reconn/s: 0.00
[ 99s ] thds: 8 tps: 3047.16 qps: 3047.16 (r/w/o: 3047.16/0.00/0.00) lat (ms,95%): 3.62 err/s: 0.00 reconn/s: 0.00
[ 100s ] thds: 8 tps: 3048.81 qps: 3048.81 (r/w/o: 3048.81/0.00/0.00) lat (ms,95%): 3.62 err/s: 0.00 reconn/s: 0.00
[ 101s ] thds: 8 tps: 3047.83 qps: 3047.83 (r/w/o: 3047.83/0.00/0.00) lat (ms,95%): 3.62 err/s: 0.00 reconn/s: 0.00
[ 102s ] thds: 8 tps: 3031.44 qps: 3031.44 (r/w/o: 3031.44/0.00/0.00) lat (ms,95%): 3.68 err/s: 0.00 reconn/s: 0.00
[ 103s ] thds: 8 tps: 3070.49 qps: 3070.49 (r/w/o: 3070.49/0.00/0.00) lat (ms,95%): 3.62 err/s: 0.00 reconn/s: 0.00
[ 104s ] thds: 8 tps: 3060.46 qps: 3060.46 (r/w/o: 3060.46/0.00/0.00) lat (ms,95%): 3.62 err/s: 0.00 reconn/s: 0.00
[ 105s ] thds: 8 tps: 3039.90 qps: 3039.90 (r/w/o: 3039.90/0.00/0.00) lat (ms,95%): 3.62 err/s: 0.00 reconn/s: 0.00
[ 106s ] thds: 8 tps: 2990.95 qps: 2990.95 (r/w/o: 2990.95/0.00/0.00) lat (ms,95%): 3.75 err/s: 0.00 reconn/s: 0.00
[ 107s ] thds: 8 tps: 2984.55 qps: 2984.55 (r/w/o: 2984.55/0.00/0.00) lat (ms,95%): 3.68 err/s: 0.00 reconn/s: 0.00
[ 108s ] thds: 8 tps: 3035.83 qps: 3035.83 (r/w/o: 3035.83/0.00/0.00) lat (ms,95%): 3.68 err/s: 0.00 reconn/s: 0.00
[ 109s ] thds: 8 tps: 3054.65 qps: 3054.65 (r/w/o: 3054.65/0.00/0.00) lat (ms,95%): 3.62 err/s: 0.00 reconn/s: 0.00
[ 110s ] thds: 8 tps: 3076.85 qps: 3076.85 (r/w/o: 3076.85/0.00/0.00) lat (ms,95%): 3.62 err/s: 0.00 reconn/s: 0.00
[ 111s ] thds: 8 tps: 3065.90 qps: 3065.90 (r/w/o: 3065.90/0.00/0.00) lat (ms,95%): 3.62 err/s: 0.00 reconn/s: 0.00
[ 112s ] thds: 8 tps: 3056.30 qps: 3056.30 (r/w/o: 3056.30/0.00/0.00) lat (ms,95%): 3.62 err/s: 0.00 reconn/s: 0.00
[ 113s ] thds: 8 tps: 3056.15 qps: 3056.15 (r/w/o: 3056.15/0.00/0.00) lat (ms,95%): 3.62 err/s: 0.00 reconn/s: 0.00
[ 114s ] thds: 8 tps: 3048.09 qps: 3048.09 (r/w/o: 3048.09/0.00/0.00) lat (ms,95%): 3.62 err/s: 0.00 reconn/s: 0.00
[ 115s ] thds: 8 tps: 2997.89 qps: 2997.89 (r/w/o: 2997.89/0.00/0.00) lat (ms,95%): 3.75 err/s: 0.00 reconn/s: 0.00
[ 116s ] thds: 8 tps: 2992.05 qps: 2992.05 (r/w/o: 2992.05/0.00/0.00) lat (ms,95%): 3.68 err/s: 0.00 reconn/s: 0.00
[ 117s ] thds: 8 tps: 3048.26 qps: 3048.26 (r/w/o: 3048.26/0.00/0.00) lat (ms,95%): 3.68 err/s: 0.00 reconn/s: 0.00
[ 118s ] thds: 8 tps: 3043.85 qps: 3043.85 (r/w/o: 3043.85/0.00/0.00) lat (ms,95%): 3.68 err/s: 0.00 reconn/s: 0.00
[ 119s ] thds: 8 tps: 3062.65 qps: 3062.65 (r/w/o: 3062.65/0.00/0.00) lat (ms,95%): 3.62 err/s: 0.00 reconn/s: 0.00
[ 120s ] thds: 8 tps: 3075.17 qps: 3075.17 (r/w/o: 3075.17/0.00/0.00) lat (ms,95%): 3.62 err/s: 0.00 reconn/s: 0.00
[ 121s ] thds: 8 tps: 3038.57 qps: 3038.57 (r/w/o: 3038.57/0.00/0.00) lat (ms,95%): 3.62 err/s: 0.00 reconn/s: 0.00
[ 122s ] thds: 8 tps: 3044.35 qps: 3044.35 (r/w/o: 3044.35/0.00/0.00) lat (ms,95%): 3.62 err/s: 0.00 reconn/s: 0.00
[ 123s ] thds: 8 tps: 3039.28 qps: 3039.28 (r/w/o: 3039.28/0.00/0.00) lat (ms,95%): 3.62 err/s: 0.00 reconn/s: 0.00
[ 124s ] thds: 8 tps: 2988.21 qps: 2988.21 (r/w/o: 2988.21/0.00/0.00) lat (ms,95%): 3.68 err/s: 0.00 reconn/s: 0.00
[ 125s ] thds: 8 tps: 2987.21 qps: 2987.21 (r/w/o: 2987.21/0.00/0.00) lat (ms,95%): 3.75 err/s: 0.00 reconn/s: 0.00
[ 126s ] thds: 8 tps: 3032.96 qps: 3032.96 (r/w/o: 3032.96/0.00/0.00) lat (ms,95%): 3.62 err/s: 0.00 reconn/s: 0.00
[ 127s ] thds: 8 tps: 3043.91 qps: 3043.91 (r/w/o: 3043.91/0.00/0.00) lat (ms,95%): 3.62 err/s: 0.00 reconn/s: 0.00
[ 128s ] thds: 8 tps: 3070.17 qps: 3070.17 (r/w/o: 3070.17/0.00/0.00) lat (ms,95%): 3.62 err/s: 0.00 reconn/s: 0.00
[ 129s ] thds: 8 tps: 3052.12 qps: 3052.12 (r/w/o: 3052.12/0.00/0.00) lat (ms,95%): 3.62 err/s: 0.00 reconn/s: 0.00
[ 130s ] thds: 8 tps: 3062.51 qps: 3062.51 (r/w/o: 3062.51/0.00/0.00) lat (ms,95%): 3.62 err/s: 0.00 reconn/s: 0.00
[ 131s ] thds: 8 tps: 3078.55 qps: 3078.55 (r/w/o: 3078.55/0.00/0.00) lat (ms,95%): 3.62 err/s: 0.00 reconn/s: 0.00
[ 132s ] thds: 8 tps: 3018.90 qps: 3018.90 (r/w/o: 3018.90/0.00/0.00) lat (ms,95%): 3.68 err/s: 0.00 reconn/s: 0.00
[ 133s ] thds: 8 tps: 2977.71 qps: 2977.71 (r/w/o: 2977.71/0.00/0.00) lat (ms,95%): 3.68 err/s: 0.00 reconn/s: 0.00
[ 134s ] thds: 8 tps: 2985.45 qps: 2985.45 (r/w/o: 2985.45/0.00/0.00) lat (ms,95%): 3.75 err/s: 0.00 reconn/s: 0.00
[ 135s ] thds: 8 tps: 2999.65 qps: 2999.65 (r/w/o: 2999.65/0.00/0.00) lat (ms,95%): 3.68 err/s: 0.00 reconn/s: 0.00
[ 136s ] thds: 8 tps: 3018.21 qps: 3018.21 (r/w/o: 3018.21/0.00/0.00) lat (ms,95%): 3.68 err/s: 0.00 reconn/s: 0.00
[ 137s ] thds: 8 tps: 3065.16 qps: 3065.16 (r/w/o: 3065.16/0.00/0.00) lat (ms,95%): 3.62 err/s: 0.00 reconn/s: 0.00
[ 138s ] thds: 8 tps: 3042.62 qps: 3042.62 (r/w/o: 3042.62/0.00/0.00) lat (ms,95%): 3.62 err/s: 0.00 reconn/s: 0.00
[ 139s ] thds: 8 tps: 3051.03 qps: 3051.03 (r/w/o: 3051.03/0.00/0.00) lat (ms,95%): 3.62 err/s: 0.00 reconn/s: 0.00
[ 140s ] thds: 8 tps: 3051.82 qps: 3051.82 (r/w/o: 3051.82/0.00/0.00) lat (ms,95%): 3.62 err/s: 0.00 reconn/s: 0.00
[ 141s ] thds: 8 tps: 3076.64 qps: 3076.64 (r/w/o: 3076.64/0.00/0.00) lat (ms,95%): 3.62 err/s: 0.00 reconn/s: 0.00
[ 142s ] thds: 8 tps: 3031.02 qps: 3031.02 (r/w/o: 3031.02/0.00/0.00) lat (ms,95%): 3.68 err/s: 0.00 reconn/s: 0.00
[ 143s ] thds: 8 tps: 2967.42 qps: 2967.42 (r/w/o: 2967.42/0.00/0.00) lat (ms,95%): 3.75 err/s: 0.00 reconn/s: 0.00
[ 144s ] thds: 8 tps: 3002.11 qps: 3002.11 (r/w/o: 3002.11/0.00/0.00) lat (ms,95%): 3.75 err/s: 0.00 reconn/s: 0.00
[ 145s ] thds: 8 tps: 3022.74 qps: 3022.74 (r/w/o: 3022.74/0.00/0.00) lat (ms,95%): 3.68 err/s: 0.00 reconn/s: 0.00
[ 146s ] thds: 8 tps: 3024.93 qps: 3024.93 (r/w/o: 3024.93/0.00/0.00) lat (ms,95%): 3.62 err/s: 0.00 reconn/s: 0.00
[ 147s ] thds: 8 tps: 3039.91 qps: 3039.91 (r/w/o: 3039.91/0.00/0.00) lat (ms,95%): 3.62 err/s: 0.00 reconn/s: 0.00
[ 148s ] thds: 8 tps: 3050.46 qps: 3050.46 (r/w/o: 3050.46/0.00/0.00) lat (ms,95%): 3.62 err/s: 0.00 reconn/s: 0.00
[ 149s ] thds: 8 tps: 3023.89 qps: 3023.89 (r/w/o: 3023.89/0.00/0.00) lat (ms,95%): 3.68 err/s: 0.00 reconn/s: 0.00
[ 150s ] thds: 8 tps: 3030.55 qps: 3030.55 (r/w/o: 3030.55/0.00/0.00) lat (ms,95%): 3.62 err/s: 0.00 reconn/s: 0.00
[ 151s ] thds: 8 tps: 3021.24 qps: 3021.24 (r/w/o: 3021.24/0.00/0.00) lat (ms,95%): 3.68 err/s: 0.00 reconn/s: 0.00
[ 152s ] thds: 8 tps: 2963.92 qps: 2963.92 (r/w/o: 2963.92/0.00/0.00) lat (ms,95%): 3.68 err/s: 0.00 reconn/s: 0.00
[ 153s ] thds: 8 tps: 2982.01 qps: 2982.01 (r/w/o: 2982.01/0.00/0.00) lat (ms,95%): 3.68 err/s: 0.00 reconn/s: 0.00
[ 154s ] thds: 8 tps: 3042.67 qps: 3042.67 (r/w/o: 3042.67/0.00/0.00) lat (ms,95%): 3.62 err/s: 0.00 reconn/s: 0.00
[ 155s ] thds: 8 tps: 3057.24 qps: 3057.24 (r/w/o: 3057.24/0.00/0.00) lat (ms,95%): 3.62 err/s: 0.00 reconn/s: 0.00
[ 156s ] thds: 8 tps: 3062.89 qps: 3062.89 (r/w/o: 3062.89/0.00/0.00) lat (ms,95%): 3.62 err/s: 0.00 reconn/s: 0.00
[ 157s ] thds: 8 tps: 3069.04 qps: 3069.04 (r/w/o: 3069.04/0.00/0.00) lat (ms,95%): 3.62 err/s: 0.00 reconn/s: 0.00
[ 158s ] thds: 8 tps: 3070.93 qps: 3070.93 (r/w/o: 3070.93/0.00/0.00) lat (ms,95%): 3.62 err/s: 0.00 reconn/s: 0.00
[ 159s ] thds: 8 tps: 3036.20 qps: 3036.20 (r/w/o: 3036.20/0.00/0.00) lat (ms,95%): 3.62 err/s: 0.00 reconn/s: 0.00
[ 160s ] thds: 8 tps: 2999.49 qps: 2999.49 (r/w/o: 2999.49/0.00/0.00) lat (ms,95%): 3.62 err/s: 0.00 reconn/s: 0.00
[ 161s ] thds: 8 tps: 2996.40 qps: 2996.40 (r/w/o: 2996.40/0.00/0.00) lat (ms,95%): 3.68 err/s: 0.00 reconn/s: 0.00
[ 162s ] thds: 8 tps: 2993.36 qps: 2993.36 (r/w/o: 2993.36/0.00/0.00) lat (ms,95%): 3.68 err/s: 0.00 reconn/s: 0.00
[ 163s ] thds: 8 tps: 3013.20 qps: 3013.20 (r/w/o: 3013.20/0.00/0.00) lat (ms,95%): 3.68 err/s: 0.00 reconn/s: 0.00
[ 164s ] thds: 8 tps: 3043.84 qps: 3043.84 (r/w/o: 3043.84/0.00/0.00) lat (ms,95%): 3.68 err/s: 0.00 reconn/s: 0.00
[ 165s ] thds: 8 tps: 3022.14 qps: 3022.14 (r/w/o: 3022.14/0.00/0.00) lat (ms,95%): 3.62 err/s: 0.00 reconn/s: 0.00
[ 166s ] thds: 8 tps: 3040.44 qps: 3040.44 (r/w/o: 3040.44/0.00/0.00) lat (ms,95%): 3.62 err/s: 0.00 reconn/s: 0.00
[ 167s ] thds: 8 tps: 3061.15 qps: 3061.15 (r/w/o: 3061.15/0.00/0.00) lat (ms,95%): 3.62 err/s: 0.00 reconn/s: 0.00
[ 168s ] thds: 8 tps: 3049.77 qps: 3049.77 (r/w/o: 3049.77/0.00/0.00) lat (ms,95%): 3.62 err/s: 0.00 reconn/s: 0.00
[ 169s ] thds: 8 tps: 3010.44 qps: 3010.44 (r/w/o: 3010.44/0.00/0.00) lat (ms,95%): 3.68 err/s: 0.00 reconn/s: 0.00
[ 170s ] thds: 8 tps: 3013.54 qps: 3013.54 (r/w/o: 3013.54/0.00/0.00) lat (ms,95%): 3.68 err/s: 0.00 reconn/s: 0.00
[ 171s ] thds: 8 tps: 2988.52 qps: 2988.52 (r/w/o: 2988.52/0.00/0.00) lat (ms,95%): 3.68 err/s: 0.00 reconn/s: 0.00
[ 172s ] thds: 8 tps: 3010.25 qps: 3010.25 (r/w/o: 3010.25/0.00/0.00) lat (ms,95%): 3.62 err/s: 0.00 reconn/s: 0.00
[ 173s ] thds: 8 tps: 3048.30 qps: 3048.30 (r/w/o: 3048.30/0.00/0.00) lat (ms,95%): 3.62 err/s: 0.00 reconn/s: 0.00
[ 174s ] thds: 8 tps: 3055.44 qps: 3055.44 (r/w/o: 3055.44/0.00/0.00) lat (ms,95%): 3.62 err/s: 0.00 reconn/s: 0.00
[ 175s ] thds: 8 tps: 3054.85 qps: 3054.85 (r/w/o: 3054.85/0.00/0.00) lat (ms,95%): 3.62 err/s: 0.00 reconn/s: 0.00
[ 176s ] thds: 8 tps: 3046.88 qps: 3046.88 (r/w/o: 3046.88/0.00/0.00) lat (ms,95%): 3.62 err/s: 0.00 reconn/s: 0.00
[ 177s ] thds: 8 tps: 3048.94 qps: 3048.94 (r/w/o: 3048.94/0.00/0.00) lat (ms,95%): 3.62 err/s: 0.00 reconn/s: 0.00
[ 178s ] thds: 8 tps: 3047.00 qps: 3047.00 (r/w/o: 3047.00/0.00/0.00) lat (ms,95%): 3.62 err/s: 0.00 reconn/s: 0.00
[ 179s ] thds: 8 tps: 3010.05 qps: 3010.05 (r/w/o: 3010.05/0.00/0.00) lat (ms,95%): 3.68 err/s: 0.00 reconn/s: 0.00
[ 180s ] thds: 8 tps: 2950.77 qps: 2950.77 (r/w/o: 2950.77/0.00/0.00) lat (ms,95%): 3.75 err/s: 0.00 reconn/s: 0.00
[ 181s ] thds: 8 tps: 3002.16 qps: 3002.16 (r/w/o: 3002.16/0.00/0.00) lat (ms,95%): 3.68 err/s: 0.00 reconn/s: 0.00
[ 182s ] thds: 8 tps: 3036.93 qps: 3036.93 (r/w/o: 3036.93/0.00/0.00) lat (ms,95%): 3.68 err/s: 0.00 reconn/s: 0.00
[ 183s ] thds: 8 tps: 3023.92 qps: 3023.92 (r/w/o: 3023.92/0.00/0.00) lat (ms,95%): 3.68 err/s: 0.00 reconn/s: 0.00
[ 184s ] thds: 8 tps: 3061.28 qps: 3061.28 (r/w/o: 3061.28/0.00/0.00) lat (ms,95%): 3.62 err/s: 0.00 reconn/s: 0.00
[ 185s ] thds: 8 tps: 3065.00 qps: 3065.00 (r/w/o: 3065.00/0.00/0.00) lat (ms,95%): 3.62 err/s: 0.00 reconn/s: 0.00
[ 186s ] thds: 8 tps: 3070.97 qps: 3070.97 (r/w/o: 3070.97/0.00/0.00) lat (ms,95%): 3.62 err/s: 0.00 reconn/s: 0.00
[ 187s ] thds: 8 tps: 3070.64 qps: 3070.64 (r/w/o: 3070.64/0.00/0.00) lat (ms,95%): 3.62 err/s: 0.00 reconn/s: 0.00
[ 188s ] thds: 8 tps: 3032.36 qps: 3032.36 (r/w/o: 3032.36/0.00/0.00) lat (ms,95%): 3.68 err/s: 0.00 reconn/s: 0.00
[ 189s ] thds: 8 tps: 2979.55 qps: 2979.55 (r/w/o: 2979.55/0.00/0.00) lat (ms,95%): 3.75 err/s: 0.00 reconn/s: 0.00
[ 190s ] thds: 8 tps: 3013.66 qps: 3013.66 (r/w/o: 3013.66/0.00/0.00) lat (ms,95%): 3.68 err/s: 0.00 reconn/s: 0.00
[ 191s ] thds: 8 tps: 3022.74 qps: 3022.74 (r/w/o: 3022.74/0.00/0.00) lat (ms,95%): 3.62 err/s: 0.00 reconn/s: 0.00
[ 192s ] thds: 8 tps: 3033.79 qps: 3033.79 (r/w/o: 3033.79/0.00/0.00) lat (ms,95%): 3.62 err/s: 0.00 reconn/s: 0.00
[ 193s ] thds: 8 tps: 3064.95 qps: 3064.95 (r/w/o: 3064.95/0.00/0.00) lat (ms,95%): 3.62 err/s: 0.00 reconn/s: 0.00
[ 194s ] thds: 8 tps: 3070.33 qps: 3070.33 (r/w/o: 3070.33/0.00/0.00) lat (ms,95%): 3.62 err/s: 0.00 reconn/s: 0.00
[ 195s ] thds: 8 tps: 3061.91 qps: 3061.91 (r/w/o: 3061.91/0.00/0.00) lat (ms,95%): 3.62 err/s: 0.00 reconn/s: 0.00
[ 196s ] thds: 8 tps: 3054.67 qps: 3054.67 (r/w/o: 3054.67/0.00/0.00) lat (ms,95%): 3.62 err/s: 0.00 reconn/s: 0.00
[ 197s ] thds: 8 tps: 3023.20 qps: 3023.20 (r/w/o: 3023.20/0.00/0.00) lat (ms,95%): 3.68 err/s: 0.00 reconn/s: 0.00
[ 198s ] thds: 8 tps: 3020.01 qps: 3020.01 (r/w/o: 3020.01/0.00/0.00) lat (ms,95%): 3.68 err/s: 0.00 reconn/s: 0.00
[ 199s ] thds: 8 tps: 2992.39 qps: 2992.39 (r/w/o: 2992.39/0.00/0.00) lat (ms,95%): 3.68 err/s: 0.00 reconn/s: 0.00
[ 200s ] thds: 8 tps: 3032.75 qps: 3032.75 (r/w/o: 3032.75/0.00/0.00) lat (ms,95%): 3.62 err/s: 0.00 reconn/s: 0.00
[ 201s ] thds: 8 tps: 3051.68 qps: 3051.68 (r/w/o: 3051.68/0.00/0.00) lat (ms,95%): 3.62 err/s: 0.00 reconn/s: 0.00
[ 202s ] thds: 8 tps: 3042.76 qps: 3042.76 (r/w/o: 3042.76/0.00/0.00) lat (ms,95%): 3.62 err/s: 0.00 reconn/s: 0.00
[ 203s ] thds: 8 tps: 3034.26 qps: 3034.26 (r/w/o: 3034.26/0.00/0.00) lat (ms,95%): 3.62 err/s: 0.00 reconn/s: 0.00
[ 204s ] thds: 8 tps: 3080.69 qps: 3080.69 (r/w/o: 3080.69/0.00/0.00) lat (ms,95%): 3.62 err/s: 0.00 reconn/s: 0.00
[ 205s ] thds: 8 tps: 3042.17 qps: 3042.17 (r/w/o: 3042.17/0.00/0.00) lat (ms,95%): 3.62 err/s: 0.00 reconn/s: 0.00
[ 206s ] thds: 8 tps: 3025.91 qps: 3025.91 (r/w/o: 3025.91/0.00/0.00) lat (ms,95%): 3.62 err/s: 0.00 reconn/s: 0.00
[ 207s ] thds: 8 tps: 2996.24 qps: 2996.24 (r/w/o: 2996.24/0.00/0.00) lat (ms,95%): 3.62 err/s: 0.00 reconn/s: 0.00
[ 208s ] thds: 8 tps: 2979.00 qps: 2979.00 (r/w/o: 2979.00/0.00/0.00) lat (ms,95%): 3.68 err/s: 0.00 reconn/s: 0.00
[ 209s ] thds: 8 tps: 3010.88 qps: 3010.88 (r/w/o: 3010.88/0.00/0.00) lat (ms,95%): 3.68 err/s: 0.00 reconn/s: 0.00
[ 210s ] thds: 8 tps: 3033.14 qps: 3033.14 (r/w/o: 3033.14/0.00/0.00) lat (ms,95%): 3.62 err/s: 0.00 reconn/s: 0.00
[ 211s ] thds: 8 tps: 3028.34 qps: 3028.34 (r/w/o: 3028.34/0.00/0.00) lat (ms,95%): 3.62 err/s: 0.00 reconn/s: 0.00
[ 212s ] thds: 8 tps: 3044.80 qps: 3044.80 (r/w/o: 3044.80/0.00/0.00) lat (ms,95%): 3.62 err/s: 0.00 reconn/s: 0.00
[ 213s ] thds: 8 tps: 3003.47 qps: 3003.47 (r/w/o: 3003.47/0.00/0.00) lat (ms,95%): 3.62 err/s: 0.00 reconn/s: 0.00
[ 214s ] thds: 8 tps: 3027.26 qps: 3027.26 (r/w/o: 3027.26/0.00/0.00) lat (ms,95%): 3.62 err/s: 0.00 reconn/s: 0.00
[ 215s ] thds: 8 tps: 3045.02 qps: 3045.02 (r/w/o: 3045.02/0.00/0.00) lat (ms,95%): 3.62 err/s: 0.00 reconn/s: 0.00
[ 216s ] thds: 8 tps: 2991.07 qps: 2991.07 (r/w/o: 2991.07/0.00/0.00) lat (ms,95%): 3.68 err/s: 0.00 reconn/s: 0.00
[ 217s ] thds: 8 tps: 2974.50 qps: 2974.50 (r/w/o: 2974.50/0.00/0.00) lat (ms,95%): 3.75 err/s: 0.00 reconn/s: 0.00
[ 218s ] thds: 8 tps: 3036.80 qps: 3036.80 (r/w/o: 3036.80/0.00/0.00) lat (ms,95%): 3.68 err/s: 0.00 reconn/s: 0.00
[ 219s ] thds: 8 tps: 3029.17 qps: 3029.17 (r/w/o: 3029.17/0.00/0.00) lat (ms,95%): 3.68 err/s: 0.00 reconn/s: 0.00
[ 220s ] thds: 8 tps: 3071.66 qps: 3071.66 (r/w/o: 3071.66/0.00/0.00) lat (ms,95%): 3.62 err/s: 0.00 reconn/s: 0.00
[ 221s ] thds: 8 tps: 3083.05 qps: 3083.05 (r/w/o: 3083.05/0.00/0.00) lat (ms,95%): 3.62 err/s: 0.00 reconn/s: 0.00
[ 222s ] thds: 8 tps: 3060.93 qps: 3060.93 (r/w/o: 3060.93/0.00/0.00) lat (ms,95%): 3.62 err/s: 0.00 reconn/s: 0.00
[ 223s ] thds: 8 tps: 3056.85 qps: 3056.85 (r/w/o: 3056.85/0.00/0.00) lat (ms,95%): 3.62 err/s: 0.00 reconn/s: 0.00
[ 224s ] thds: 8 tps: 3068.31 qps: 3068.31 (r/w/o: 3068.31/0.00/0.00) lat (ms,95%): 3.62 err/s: 0.00 reconn/s: 0.00
[ 225s ] thds: 8 tps: 3030.37 qps: 3030.37 (r/w/o: 3030.37/0.00/0.00) lat (ms,95%): 3.68 err/s: 0.00 reconn/s: 0.00
[ 226s ] thds: 8 tps: 3004.81 qps: 3004.81 (r/w/o: 3004.81/0.00/0.00) lat (ms,95%): 3.68 err/s: 0.00 reconn/s: 0.00
[ 227s ] thds: 8 tps: 3015.52 qps: 3015.52 (r/w/o: 3015.52/0.00/0.00) lat (ms,95%): 3.68 err/s: 0.00 reconn/s: 0.00
[ 228s ] thds: 8 tps: 3037.40 qps: 3037.40 (r/w/o: 3037.40/0.00/0.00) lat (ms,95%): 3.62 err/s: 0.00 reconn/s: 0.00
[ 229s ] thds: 8 tps: 3071.48 qps: 3071.48 (r/w/o: 3071.48/0.00/0.00) lat (ms,95%): 3.62 err/s: 0.00 reconn/s: 0.00
[ 230s ] thds: 8 tps: 3053.87 qps: 3053.87 (r/w/o: 3053.87/0.00/0.00) lat (ms,95%): 3.62 err/s: 0.00 reconn/s: 0.00
[ 231s ] thds: 8 tps: 3050.57 qps: 3050.57 (r/w/o: 3050.57/0.00/0.00) lat (ms,95%): 3.62 err/s: 0.00 reconn/s: 0.00
[ 232s ] thds: 8 tps: 3053.51 qps: 3053.51 (r/w/o: 3053.51/0.00/0.00) lat (ms,95%): 3.62 err/s: 0.00 reconn/s: 0.00
[ 233s ] thds: 8 tps: 3035.23 qps: 3035.23 (r/w/o: 3035.23/0.00/0.00) lat (ms,95%): 3.62 err/s: 0.00 reconn/s: 0.00
[ 234s ] thds: 8 tps: 3007.03 qps: 3007.03 (r/w/o: 3007.03/0.00/0.00) lat (ms,95%): 3.68 err/s: 0.00 reconn/s: 0.00
[ 235s ] thds: 8 tps: 3010.97 qps: 3010.97 (r/w/o: 3010.97/0.00/0.00) lat (ms,95%): 3.68 err/s: 0.00 reconn/s: 0.00
[ 236s ] thds: 8 tps: 3006.70 qps: 3006.70 (r/w/o: 3006.70/0.00/0.00) lat (ms,95%): 3.68 err/s: 0.00 reconn/s: 0.00
[ 237s ] thds: 8 tps: 3063.69 qps: 3063.69 (r/w/o: 3063.69/0.00/0.00) lat (ms,95%): 3.62 err/s: 0.00 reconn/s: 0.00
[ 238s ] thds: 8 tps: 3063.51 qps: 3063.51 (r/w/o: 3063.51/0.00/0.00) lat (ms,95%): 3.68 err/s: 0.00 reconn/s: 0.00
[ 239s ] thds: 8 tps: 3051.96 qps: 3051.96 (r/w/o: 3051.96/0.00/0.00) lat (ms,95%): 3.68 err/s: 0.00 reconn/s: 0.00
Latency histogram (values are in milliseconds)
       value  ------------- distribution ------------- count
       0.508 |                                         1
       0.527 |                                         8
       0.536 |                                         10
       0.546 |                                         15
       0.556 |                                         25
       0.566 |                                         33
       0.576 |                                         68
       0.587 |                                         88
       0.597 |                                         103
       0.608 |                                         113
       0.619 |                                         101
       0.630 |                                         98
       0.642 |                                         90
       0.654 |                                         101
       0.665 |                                         84
       0.677 |                                         88
       0.690 |                                         89
       0.702 |                                         144
       0.715 |                                         171
       0.728 |                                         158
       0.741 |                                         152
       0.755 |                                         189
       0.768 |                                         144
       0.782 |                                         201
       0.797 |                                         146
       0.811 |                                         140
       0.826 |                                         98
       0.841 |                                         85
       0.856 |                                         68
       0.872 |                                         56
       0.888 |                                         36
       0.904 |                                         22
       0.920 |                                         21
       0.937 |                                         18
       0.954 |                                         14
       0.971 |                                         6
       0.989 |                                         5
       1.007 |                                         12
       1.025 |                                         33
       1.044 |                                         64
       1.063 |                                         112
       1.082 |                                         185
       1.102 |                                         216
       1.122 |                                         235
       1.142 |                                         277
       1.163 |*                                        373
       1.184 |*                                        522
       1.205 |*                                        635
       1.227 |*                                        878
       1.250 |**                                       1116
       1.272 |**                                       1415
       1.295 |***                                      1828
       1.319 |***                                      2355
       1.343 |****                                     2879
       1.367 |*****                                    3419
       1.392 |******                                   3947
       1.417 |******                                   4219
       1.443 |******                                   4195
       1.469 |******                                   3952
       1.496 |*****                                    3567
       1.523 |****                                     2869
       1.551 |***                                      2337
       1.579 |***                                      1940
       1.608 |**                                       1666
       1.637 |**                                       1428
       1.667 |**                                       1373
       1.697 |**                                       1467
       1.728 |***                                      1864
       1.759 |****                                     2656
       1.791 |******                                   4208
       1.824 |*********                                6175
       1.857 |*************                            8675
       1.891 |***************                          10565
       1.925 |*****************                        11698
       1.960 |*****************                        11687
       1.996 |***************                          10610
       2.032 |**************                           9699
       2.069 |***************                          10323
       2.106 |******************                       12142
       2.145 |*********************                    14706
       2.184 |*************************                17091
       2.223 |**************************               18149
       2.264 |***************************              18481
       2.305 |**************************               18039
       2.347 |**************************               17680
       2.389 |*************************                17514
       2.433 |*************************                17281
       2.477 |**************************               17915
       2.522 |******************************           20841
       2.568 |************************************     24773
       2.615 |**************************************** 27727
       2.662 |**************************************** 27495
       2.710 |***********************************      24600
       2.760 |*****************************            20362
       2.810 |***********************                  16020
       2.861 |*****************                        12110
       2.913 |**************                           9961
       2.966 |****************                         11182
       3.020 |*******************                      13457
       3.075 |**********************                   15302
       3.130 |***********************                  16186
       3.187 |**************************               18051
       3.245 |******************************           20870
       3.304 |******************************           20726
       3.364 |***********************                  16195
       3.425 |*******************                      13474
       3.488 |**********************                   15475
       3.551 |***************************              19049
       3.615 |***************************              18878
       3.681 |*******************                      13309
       3.748 |**********                               7016
       3.816 |*****                                    3577
       3.885 |***                                      2086
       3.956 |**                                       1454
       4.028 |**                                       1171
       4.101 |*                                        995
       4.176 |*                                        933
       4.252 |*                                        843
       4.329 |*                                        727
       4.407 |*                                        537
       4.487 |*                                        468
       4.569 |*                                        397
       4.652 |*                                        376
       4.737 |                                         263
       4.823 |                                         237
       4.910 |                                         178
       4.999 |                                         143
       5.090 |                                         124
       5.183 |                                         90
       5.277 |                                         74
       5.373 |                                         54
       5.470 |                                         44
       5.570 |                                         40
       5.671 |                                         29
       5.774 |                                         23
       5.879 |                                         24
       5.986 |                                         17
       6.095 |                                         23
       6.205 |                                         17
       6.318 |                                         21
       6.433 |                                         15
       6.550 |                                         9
       6.669 |                                         9
       6.790 |                                         9
       6.913 |                                         10
       7.039 |                                         10
       7.167 |                                         3
       7.297 |                                         3
       7.430 |                                         2
       7.565 |                                         3
       7.702 |                                         1
       7.842 |                                         1
       7.985 |                                         2
       8.130 |                                         4
       8.277 |                                         2
       8.428 |                                         2
       8.581 |                                         3
       8.737 |                                         1
       8.895 |                                         1
       9.057 |                                         1
       9.389 |                                         1
      14.465 |                                         1
      16.408 |                                         1
      16.706 |                                         1
      17.954 |                                         1
      24.827 |                                         1
      25.278 |                                         1
      26.681 |                                         1
      38.247 |                                         1
 
SQL statistics:
    queries performed:
        read:                            727790
        write:                           0
        other:                           0
        total:                           727790
    transactions:                        727790 (3032.39 per sec.)
    queries:                             727790 (3032.39 per sec.)
    ignored errors:                      0      (0.00 per sec.)
    reconnects:                          0      (0.00 per sec.)

Throughput:
    events/s (eps):                      3032.3880
    time elapsed:                        240.0058s
    total number of events:              727790

Latency (ms):
         min:                                    0.51
         avg:                                    2.64
         max:                                   38.06
         95th percentile:                        3.62
         sum:                              1918810.41

Threads fairness:
    events (avg/stddev):           90973.0000/17932.10
    execution time (avg/stddev):   239.8513/0.03

