sysbench 1.1.0-3ceba0b (using bundled LuaJIT 2.1.0-beta3)

Running the test with following options:
Number of threads: 16
Warmup time: 60s
Report intermediate results every 1 second(s)
Initializing random number generator from current time


Initializing worker threads...

Threads started!

Warming up for 60 seconds...

[ 1s ] thds: 16 tps: 5684.45 qps: 5684.45 (r/w/o: 5684.45/0.00/0.00) lat (ms,95%): 3.75 err/s: 0.00 reconn/s: 0.00
[ 2s ] thds: 16 tps: 5668.12 qps: 5668.12 (r/w/o: 5668.12/0.00/0.00) lat (ms,95%): 3.75 err/s: 0.00 reconn/s: 0.00
[ 3s ] thds: 16 tps: 5756.49 qps: 5756.49 (r/w/o: 5756.49/0.00/0.00) lat (ms,95%): 3.68 err/s: 0.00 reconn/s: 0.00
[ 4s ] thds: 16 tps: 5615.02 qps: 5615.02 (r/w/o: 5615.02/0.00/0.00) lat (ms,95%): 3.82 err/s: 0.00 reconn/s: 0.00
[ 5s ] thds: 16 tps: 5775.62 qps: 5775.62 (r/w/o: 5775.62/0.00/0.00) lat (ms,95%): 3.75 err/s: 0.00 reconn/s: 0.00
[ 6s ] thds: 16 tps: 5872.91 qps: 5872.91 (r/w/o: 5872.91/0.00/0.00) lat (ms,95%): 3.62 err/s: 0.00 reconn/s: 0.00
[ 7s ] thds: 16 tps: 5816.63 qps: 5816.63 (r/w/o: 5816.63/0.00/0.00) lat (ms,95%): 3.68 err/s: 0.00 reconn/s: 0.00
[ 8s ] thds: 16 tps: 5726.37 qps: 5726.37 (r/w/o: 5726.37/0.00/0.00) lat (ms,95%): 3.68 err/s: 0.00 reconn/s: 0.00
[ 9s ] thds: 16 tps: 5672.29 qps: 5672.29 (r/w/o: 5672.29/0.00/0.00) lat (ms,95%): 3.68 err/s: 0.00 reconn/s: 0.00
[ 10s ] thds: 16 tps: 5769.54 qps: 5769.54 (r/w/o: 5769.54/0.00/0.00) lat (ms,95%): 3.68 err/s: 0.00 reconn/s: 0.00
[ 11s ] thds: 16 tps: 5691.37 qps: 5691.37 (r/w/o: 5691.37/0.00/0.00) lat (ms,95%): 3.68 err/s: 0.00 reconn/s: 0.00
[ 12s ] thds: 16 tps: 5778.66 qps: 5778.66 (r/w/o: 5778.66/0.00/0.00) lat (ms,95%): 3.68 err/s: 0.00 reconn/s: 0.00
[ 13s ] thds: 16 tps: 5757.57 qps: 5757.57 (r/w/o: 5757.57/0.00/0.00) lat (ms,95%): 3.75 err/s: 0.00 reconn/s: 0.00
[ 14s ] thds: 16 tps: 5762.41 qps: 5762.41 (r/w/o: 5762.41/0.00/0.00) lat (ms,95%): 3.75 err/s: 0.00 reconn/s: 0.00
[ 15s ] thds: 16 tps: 5825.61 qps: 5825.61 (r/w/o: 5825.61/0.00/0.00) lat (ms,95%): 3.62 err/s: 0.00 reconn/s: 0.00
[ 16s ] thds: 16 tps: 5876.53 qps: 5876.53 (r/w/o: 5876.53/0.00/0.00) lat (ms,95%): 3.62 err/s: 0.00 reconn/s: 0.00
[ 17s ] thds: 16 tps: 5868.50 qps: 5868.50 (r/w/o: 5868.50/0.00/0.00) lat (ms,95%): 3.62 err/s: 0.00 reconn/s: 0.00
[ 18s ] thds: 16 tps: 5840.86 qps: 5840.86 (r/w/o: 5840.86/0.00/0.00) lat (ms,95%): 3.62 err/s: 0.00 reconn/s: 0.00
[ 19s ] thds: 16 tps: 5708.59 qps: 5708.59 (r/w/o: 5708.59/0.00/0.00) lat (ms,95%): 3.75 err/s: 0.00 reconn/s: 0.00
[ 20s ] thds: 16 tps: 5808.94 qps: 5808.94 (r/w/o: 5808.94/0.00/0.00) lat (ms,95%): 3.68 err/s: 0.00 reconn/s: 0.00
[ 21s ] thds: 16 tps: 5851.48 qps: 5851.48 (r/w/o: 5851.48/0.00/0.00) lat (ms,95%): 3.62 err/s: 0.00 reconn/s: 0.00
[ 22s ] thds: 16 tps: 5775.38 qps: 5775.38 (r/w/o: 5775.38/0.00/0.00) lat (ms,95%): 3.68 err/s: 0.00 reconn/s: 0.00
[ 23s ] thds: 16 tps: 5613.86 qps: 5613.86 (r/w/o: 5613.86/0.00/0.00) lat (ms,95%): 3.82 err/s: 0.00 reconn/s: 0.00
[ 24s ] thds: 16 tps: 5677.58 qps: 5677.58 (r/w/o: 5677.58/0.00/0.00) lat (ms,95%): 3.75 err/s: 0.00 reconn/s: 0.00
[ 25s ] thds: 16 tps: 5715.67 qps: 5715.67 (r/w/o: 5715.67/0.00/0.00) lat (ms,95%): 3.68 err/s: 0.00 reconn/s: 0.00
[ 26s ] thds: 16 tps: 5686.59 qps: 5686.59 (r/w/o: 5686.59/0.00/0.00) lat (ms,95%): 3.68 err/s: 0.00 reconn/s: 0.00
[ 27s ] thds: 16 tps: 5676.18 qps: 5676.18 (r/w/o: 5676.18/0.00/0.00) lat (ms,95%): 3.75 err/s: 0.00 reconn/s: 0.00
[ 28s ] thds: 16 tps: 5673.71 qps: 5673.71 (r/w/o: 5673.71/0.00/0.00) lat (ms,95%): 3.75 err/s: 0.00 reconn/s: 0.00
[ 29s ] thds: 16 tps: 5794.31 qps: 5794.31 (r/w/o: 5794.31/0.00/0.00) lat (ms,95%): 3.68 err/s: 0.00 reconn/s: 0.00
[ 30s ] thds: 16 tps: 5762.32 qps: 5762.32 (r/w/o: 5762.32/0.00/0.00) lat (ms,95%): 3.68 err/s: 0.00 reconn/s: 0.00
[ 31s ] thds: 16 tps: 5777.84 qps: 5777.84 (r/w/o: 5777.84/0.00/0.00) lat (ms,95%): 3.68 err/s: 0.00 reconn/s: 0.00
[ 32s ] thds: 16 tps: 5650.03 qps: 5650.03 (r/w/o: 5650.03/0.00/0.00) lat (ms,95%): 3.82 err/s: 0.00 reconn/s: 0.00
[ 33s ] thds: 16 tps: 5737.27 qps: 5737.27 (r/w/o: 5737.27/0.00/0.00) lat (ms,95%): 3.68 err/s: 0.00 reconn/s: 0.00
[ 34s ] thds: 16 tps: 5684.57 qps: 5684.57 (r/w/o: 5684.57/0.00/0.00) lat (ms,95%): 3.75 err/s: 0.00 reconn/s: 0.00
[ 35s ] thds: 16 tps: 5762.03 qps: 5762.03 (r/w/o: 5762.03/0.00/0.00) lat (ms,95%): 3.75 err/s: 0.00 reconn/s: 0.00
[ 36s ] thds: 16 tps: 5696.60 qps: 5696.60 (r/w/o: 5696.60/0.00/0.00) lat (ms,95%): 3.75 err/s: 0.00 reconn/s: 0.00
[ 37s ] thds: 16 tps: 5710.63 qps: 5710.63 (r/w/o: 5710.63/0.00/0.00) lat (ms,95%): 3.68 err/s: 0.00 reconn/s: 0.00
[ 38s ] thds: 16 tps: 5781.13 qps: 5781.13 (r/w/o: 5781.13/0.00/0.00) lat (ms,95%): 3.68 err/s: 0.00 reconn/s: 0.00
[ 39s ] thds: 16 tps: 5793.16 qps: 5793.16 (r/w/o: 5793.16/0.00/0.00) lat (ms,95%): 3.68 err/s: 0.00 reconn/s: 0.00
[ 40s ] thds: 16 tps: 5697.58 qps: 5697.58 (r/w/o: 5697.58/0.00/0.00) lat (ms,95%): 3.75 err/s: 0.00 reconn/s: 0.00
[ 41s ] thds: 16 tps: 5580.50 qps: 5580.50 (r/w/o: 5580.50/0.00/0.00) lat (ms,95%): 3.89 err/s: 0.00 reconn/s: 0.00
[ 42s ] thds: 16 tps: 5729.73 qps: 5729.73 (r/w/o: 5729.73/0.00/0.00) lat (ms,95%): 3.75 err/s: 0.00 reconn/s: 0.00
[ 43s ] thds: 16 tps: 5715.17 qps: 5715.17 (r/w/o: 5715.17/0.00/0.00) lat (ms,95%): 3.75 err/s: 0.00 reconn/s: 0.00
[ 44s ] thds: 16 tps: 5693.73 qps: 5693.73 (r/w/o: 5693.73/0.00/0.00) lat (ms,95%): 3.75 err/s: 0.00 reconn/s: 0.00
[ 45s ] thds: 16 tps: 5690.34 qps: 5690.34 (r/w/o: 5690.34/0.00/0.00) lat (ms,95%): 3.75 err/s: 0.00 reconn/s: 0.00
[ 46s ] thds: 16 tps: 5730.02 qps: 5730.02 (r/w/o: 5730.02/0.00/0.00) lat (ms,95%): 3.68 err/s: 0.00 reconn/s: 0.00
[ 47s ] thds: 16 tps: 5689.74 qps: 5689.74 (r/w/o: 5689.74/0.00/0.00) lat (ms,95%): 3.75 err/s: 0.00 reconn/s: 0.00
[ 48s ] thds: 16 tps: 5719.14 qps: 5719.14 (r/w/o: 5719.14/0.00/0.00) lat (ms,95%): 3.75 err/s: 0.00 reconn/s: 0.00
[ 49s ] thds: 16 tps: 5695.26 qps: 5695.26 (r/w/o: 5695.26/0.00/0.00) lat (ms,95%): 3.75 err/s: 0.00 reconn/s: 0.00
[ 50s ] thds: 16 tps: 5645.16 qps: 5645.16 (r/w/o: 5645.16/0.00/0.00) lat (ms,95%): 3.89 err/s: 0.00 reconn/s: 0.00
[ 51s ] thds: 16 tps: 5672.37 qps: 5672.37 (r/w/o: 5672.37/0.00/0.00) lat (ms,95%): 3.75 err/s: 0.00 reconn/s: 0.00
[ 52s ] thds: 16 tps: 5679.86 qps: 5679.86 (r/w/o: 5679.86/0.00/0.00) lat (ms,95%): 3.75 err/s: 0.00 reconn/s: 0.00
[ 53s ] thds: 16 tps: 5684.14 qps: 5684.14 (r/w/o: 5684.14/0.00/0.00) lat (ms,95%): 3.75 err/s: 0.00 reconn/s: 0.00
[ 54s ] thds: 16 tps: 5723.54 qps: 5723.54 (r/w/o: 5723.54/0.00/0.00) lat (ms,95%): 3.75 err/s: 0.00 reconn/s: 0.00
[ 55s ] thds: 16 tps: 5693.36 qps: 5693.36 (r/w/o: 5693.36/0.00/0.00) lat (ms,95%): 3.75 err/s: 0.00 reconn/s: 0.00
[ 56s ] thds: 16 tps: 5707.38 qps: 5707.38 (r/w/o: 5707.38/0.00/0.00) lat (ms,95%): 3.68 err/s: 0.00 reconn/s: 0.00
[ 57s ] thds: 16 tps: 5648.03 qps: 5648.03 (r/w/o: 5648.03/0.00/0.00) lat (ms,95%): 3.75 err/s: 0.00 reconn/s: 0.00
[ 58s ] thds: 16 tps: 5692.86 qps: 5692.86 (r/w/o: 5692.86/0.00/0.00) lat (ms,95%): 3.75 err/s: 0.00 reconn/s: 0.00
[ 59s ] thds: 16 tps: 5545.85 qps: 5545.85 (r/w/o: 5545.85/0.00/0.00) lat (ms,95%): 3.89 err/s: 0.00 reconn/s: 0.00
[ 60s ] thds: 16 tps: 5671.41 qps: 5671.41 (r/w/o: 5671.41/0.00/0.00) lat (ms,95%): 3.75 err/s: 0.00 reconn/s: 0.00
[ 61s ] thds: 16 tps: 5720.85 qps: 5720.85 (r/w/o: 5720.85/0.00/0.00) lat (ms,95%): 3.68 err/s: 0.00 reconn/s: 0.00
[ 62s ] thds: 16 tps: 5707.78 qps: 5707.78 (r/w/o: 5707.78/0.00/0.00) lat (ms,95%): 3.75 err/s: 0.00 reconn/s: 0.00
[ 63s ] thds: 16 tps: 5714.04 qps: 5714.04 (r/w/o: 5714.04/0.00/0.00) lat (ms,95%): 3.68 err/s: 0.00 reconn/s: 0.00
[ 64s ] thds: 16 tps: 5742.84 qps: 5742.84 (r/w/o: 5742.84/0.00/0.00) lat (ms,95%): 3.75 err/s: 0.00 reconn/s: 0.00
[ 65s ] thds: 16 tps: 5736.22 qps: 5736.22 (r/w/o: 5736.22/0.00/0.00) lat (ms,95%): 3.75 err/s: 0.00 reconn/s: 0.00
[ 66s ] thds: 16 tps: 5721.74 qps: 5721.74 (r/w/o: 5721.74/0.00/0.00) lat (ms,95%): 3.68 err/s: 0.00 reconn/s: 0.00
[ 67s ] thds: 16 tps: 5715.97 qps: 5715.97 (r/w/o: 5715.97/0.00/0.00) lat (ms,95%): 3.68 err/s: 0.00 reconn/s: 0.00
[ 68s ] thds: 16 tps: 5602.26 qps: 5602.26 (r/w/o: 5602.26/0.00/0.00) lat (ms,95%): 3.89 err/s: 0.00 reconn/s: 0.00
[ 69s ] thds: 16 tps: 5732.71 qps: 5732.71 (r/w/o: 5732.71/0.00/0.00) lat (ms,95%): 3.75 err/s: 0.00 reconn/s: 0.00
[ 70s ] thds: 16 tps: 5737.26 qps: 5737.26 (r/w/o: 5737.26/0.00/0.00) lat (ms,95%): 3.75 err/s: 0.00 reconn/s: 0.00
[ 71s ] thds: 16 tps: 5738.55 qps: 5738.55 (r/w/o: 5738.55/0.00/0.00) lat (ms,95%): 3.68 err/s: 0.00 reconn/s: 0.00
[ 72s ] thds: 16 tps: 5693.00 qps: 5693.00 (r/w/o: 5693.00/0.00/0.00) lat (ms,95%): 3.75 err/s: 0.00 reconn/s: 0.00
[ 73s ] thds: 16 tps: 5782.15 qps: 5782.15 (r/w/o: 5782.15/0.00/0.00) lat (ms,95%): 3.68 err/s: 0.00 reconn/s: 0.00
[ 74s ] thds: 16 tps: 5705.22 qps: 5705.22 (r/w/o: 5705.22/0.00/0.00) lat (ms,95%): 3.75 err/s: 0.00 reconn/s: 0.00
[ 75s ] thds: 16 tps: 5716.13 qps: 5716.13 (r/w/o: 5716.13/0.00/0.00) lat (ms,95%): 3.75 err/s: 0.00 reconn/s: 0.00
[ 76s ] thds: 16 tps: 5736.29 qps: 5736.29 (r/w/o: 5736.29/0.00/0.00) lat (ms,95%): 3.75 err/s: 0.00 reconn/s: 0.00
[ 77s ] thds: 16 tps: 5668.86 qps: 5668.86 (r/w/o: 5668.86/0.00/0.00) lat (ms,95%): 3.82 err/s: 0.00 reconn/s: 0.00
[ 78s ] thds: 16 tps: 5783.43 qps: 5783.43 (r/w/o: 5783.43/0.00/0.00) lat (ms,95%): 3.68 err/s: 0.00 reconn/s: 0.00
[ 79s ] thds: 16 tps: 5810.44 qps: 5810.44 (r/w/o: 5810.44/0.00/0.00) lat (ms,95%): 3.68 err/s: 0.00 reconn/s: 0.00
[ 80s ] thds: 16 tps: 5857.68 qps: 5857.68 (r/w/o: 5857.68/0.00/0.00) lat (ms,95%): 3.62 err/s: 0.00 reconn/s: 0.00
[ 81s ] thds: 16 tps: 5879.15 qps: 5879.15 (r/w/o: 5879.15/0.00/0.00) lat (ms,95%): 3.62 err/s: 0.00 reconn/s: 0.00
[ 82s ] thds: 16 tps: 5734.13 qps: 5734.13 (r/w/o: 5734.13/0.00/0.00) lat (ms,95%): 3.68 err/s: 0.00 reconn/s: 0.00
[ 83s ] thds: 16 tps: 5722.25 qps: 5722.25 (r/w/o: 5722.25/0.00/0.00) lat (ms,95%): 3.68 err/s: 0.00 reconn/s: 0.00
[ 84s ] thds: 16 tps: 5734.75 qps: 5734.75 (r/w/o: 5734.75/0.00/0.00) lat (ms,95%): 3.75 err/s: 0.00 reconn/s: 0.00
[ 85s ] thds: 16 tps: 5698.40 qps: 5698.40 (r/w/o: 5698.40/0.00/0.00) lat (ms,95%): 3.68 err/s: 0.00 reconn/s: 0.00
[ 86s ] thds: 16 tps: 5676.34 qps: 5676.34 (r/w/o: 5676.34/0.00/0.00) lat (ms,95%): 3.82 err/s: 0.00 reconn/s: 0.00
[ 87s ] thds: 16 tps: 5741.61 qps: 5741.61 (r/w/o: 5741.61/0.00/0.00) lat (ms,95%): 3.75 err/s: 0.00 reconn/s: 0.00
[ 88s ] thds: 16 tps: 5756.51 qps: 5756.51 (r/w/o: 5756.51/0.00/0.00) lat (ms,95%): 3.75 err/s: 0.00 reconn/s: 0.00
[ 89s ] thds: 16 tps: 5676.95 qps: 5676.95 (r/w/o: 5676.95/0.00/0.00) lat (ms,95%): 3.75 err/s: 0.00 reconn/s: 0.00
[ 90s ] thds: 16 tps: 5669.29 qps: 5669.29 (r/w/o: 5669.29/0.00/0.00) lat (ms,95%): 3.75 err/s: 0.00 reconn/s: 0.00
[ 91s ] thds: 16 tps: 5820.20 qps: 5820.20 (r/w/o: 5820.20/0.00/0.00) lat (ms,95%): 3.68 err/s: 0.00 reconn/s: 0.00
[ 92s ] thds: 16 tps: 5762.44 qps: 5762.44 (r/w/o: 5762.44/0.00/0.00) lat (ms,95%): 3.68 err/s: 0.00 reconn/s: 0.00
[ 93s ] thds: 16 tps: 5657.63 qps: 5657.63 (r/w/o: 5657.63/0.00/0.00) lat (ms,95%): 3.75 err/s: 0.00 reconn/s: 0.00
[ 94s ] thds: 16 tps: 5707.37 qps: 5707.37 (r/w/o: 5707.37/0.00/0.00) lat (ms,95%): 3.75 err/s: 0.00 reconn/s: 0.00
[ 95s ] thds: 16 tps: 5734.62 qps: 5734.62 (r/w/o: 5734.62/0.00/0.00) lat (ms,95%): 3.75 err/s: 0.00 reconn/s: 0.00
[ 96s ] thds: 16 tps: 5693.64 qps: 5693.64 (r/w/o: 5693.64/0.00/0.00) lat (ms,95%): 3.75 err/s: 0.00 reconn/s: 0.00
[ 97s ] thds: 16 tps: 5794.34 qps: 5794.34 (r/w/o: 5794.34/0.00/0.00) lat (ms,95%): 3.62 err/s: 0.00 reconn/s: 0.00
[ 98s ] thds: 16 tps: 5789.02 qps: 5789.02 (r/w/o: 5789.02/0.00/0.00) lat (ms,95%): 3.68 err/s: 0.00 reconn/s: 0.00
[ 99s ] thds: 16 tps: 5696.83 qps: 5696.83 (r/w/o: 5696.83/0.00/0.00) lat (ms,95%): 3.75 err/s: 0.00 reconn/s: 0.00
[ 100s ] thds: 16 tps: 5735.44 qps: 5735.44 (r/w/o: 5735.44/0.00/0.00) lat (ms,95%): 3.68 err/s: 0.00 reconn/s: 0.00
[ 101s ] thds: 16 tps: 5714.66 qps: 5714.66 (r/w/o: 5714.66/0.00/0.00) lat (ms,95%): 3.75 err/s: 0.00 reconn/s: 0.00
[ 102s ] thds: 16 tps: 5756.33 qps: 5756.33 (r/w/o: 5756.33/0.00/0.00) lat (ms,95%): 3.68 err/s: 0.00 reconn/s: 0.00
[ 103s ] thds: 16 tps: 5655.48 qps: 5655.48 (r/w/o: 5655.48/0.00/0.00) lat (ms,95%): 3.75 err/s: 0.00 reconn/s: 0.00
[ 104s ] thds: 16 tps: 5712.00 qps: 5712.00 (r/w/o: 5712.00/0.00/0.00) lat (ms,95%): 3.75 err/s: 0.00 reconn/s: 0.00
[ 105s ] thds: 16 tps: 5658.17 qps: 5658.17 (r/w/o: 5658.17/0.00/0.00) lat (ms,95%): 3.82 err/s: 0.00 reconn/s: 0.00
[ 106s ] thds: 16 tps: 5722.99 qps: 5722.99 (r/w/o: 5722.99/0.00/0.00) lat (ms,95%): 3.68 err/s: 0.00 reconn/s: 0.00
[ 107s ] thds: 16 tps: 5729.81 qps: 5729.81 (r/w/o: 5729.81/0.00/0.00) lat (ms,95%): 3.68 err/s: 0.00 reconn/s: 0.00
[ 108s ] thds: 16 tps: 5748.78 qps: 5748.78 (r/w/o: 5748.78/0.00/0.00) lat (ms,95%): 3.75 err/s: 0.00 reconn/s: 0.00
[ 109s ] thds: 16 tps: 5789.77 qps: 5789.77 (r/w/o: 5789.77/0.00/0.00) lat (ms,95%): 3.68 err/s: 0.00 reconn/s: 0.00
[ 110s ] thds: 16 tps: 5876.08 qps: 5876.08 (r/w/o: 5876.08/0.00/0.00) lat (ms,95%): 3.62 err/s: 0.00 reconn/s: 0.00
[ 111s ] thds: 16 tps: 5819.89 qps: 5819.89 (r/w/o: 5819.89/0.00/0.00) lat (ms,95%): 3.68 err/s: 0.00 reconn/s: 0.00
[ 112s ] thds: 16 tps: 5833.85 qps: 5833.85 (r/w/o: 5833.85/0.00/0.00) lat (ms,95%): 3.68 err/s: 0.00 reconn/s: 0.00
[ 113s ] thds: 16 tps: 5629.86 qps: 5629.86 (r/w/o: 5629.86/0.00/0.00) lat (ms,95%): 3.82 err/s: 0.00 reconn/s: 0.00
[ 114s ] thds: 16 tps: 5598.72 qps: 5598.72 (r/w/o: 5598.72/0.00/0.00) lat (ms,95%): 3.89 err/s: 0.00 reconn/s: 0.00
[ 115s ] thds: 16 tps: 5690.62 qps: 5690.62 (r/w/o: 5690.62/0.00/0.00) lat (ms,95%): 3.75 err/s: 0.00 reconn/s: 0.00
[ 116s ] thds: 16 tps: 5750.55 qps: 5750.55 (r/w/o: 5750.55/0.00/0.00) lat (ms,95%): 3.68 err/s: 0.00 reconn/s: 0.00
[ 117s ] thds: 16 tps: 5711.89 qps: 5711.89 (r/w/o: 5711.89/0.00/0.00) lat (ms,95%): 3.75 err/s: 0.00 reconn/s: 0.00
[ 118s ] thds: 16 tps: 5653.79 qps: 5653.79 (r/w/o: 5653.79/0.00/0.00) lat (ms,95%): 3.75 err/s: 0.00 reconn/s: 0.00
[ 119s ] thds: 16 tps: 5719.34 qps: 5719.34 (r/w/o: 5719.34/0.00/0.00) lat (ms,95%): 3.68 err/s: 0.00 reconn/s: 0.00
[ 120s ] thds: 16 tps: 5755.08 qps: 5755.08 (r/w/o: 5755.08/0.00/0.00) lat (ms,95%): 3.68 err/s: 0.00 reconn/s: 0.00
[ 121s ] thds: 16 tps: 5722.05 qps: 5722.05 (r/w/o: 5722.05/0.00/0.00) lat (ms,95%): 3.68 err/s: 0.00 reconn/s: 0.00
[ 122s ] thds: 16 tps: 5765.89 qps: 5765.89 (r/w/o: 5765.89/0.00/0.00) lat (ms,95%): 3.68 err/s: 0.00 reconn/s: 0.00
[ 123s ] thds: 16 tps: 5641.08 qps: 5641.08 (r/w/o: 5641.08/0.00/0.00) lat (ms,95%): 3.89 err/s: 0.00 reconn/s: 0.00
[ 124s ] thds: 16 tps: 5823.96 qps: 5823.96 (r/w/o: 5823.96/0.00/0.00) lat (ms,95%): 3.68 err/s: 0.00 reconn/s: 0.00
[ 125s ] thds: 16 tps: 5834.81 qps: 5834.81 (r/w/o: 5834.81/0.00/0.00) lat (ms,95%): 3.62 err/s: 0.00 reconn/s: 0.00
[ 126s ] thds: 16 tps: 5751.31 qps: 5751.31 (r/w/o: 5751.31/0.00/0.00) lat (ms,95%): 3.75 err/s: 0.00 reconn/s: 0.00
[ 127s ] thds: 16 tps: 5699.98 qps: 5699.98 (r/w/o: 5699.98/0.00/0.00) lat (ms,95%): 3.75 err/s: 0.00 reconn/s: 0.00
[ 128s ] thds: 16 tps: 5764.05 qps: 5764.05 (r/w/o: 5764.05/0.00/0.00) lat (ms,95%): 3.68 err/s: 0.00 reconn/s: 0.00
[ 129s ] thds: 16 tps: 5730.76 qps: 5730.76 (r/w/o: 5730.76/0.00/0.00) lat (ms,95%): 3.75 err/s: 0.00 reconn/s: 0.00
[ 130s ] thds: 16 tps: 5784.71 qps: 5784.71 (r/w/o: 5784.71/0.00/0.00) lat (ms,95%): 3.68 err/s: 0.00 reconn/s: 0.00
[ 131s ] thds: 16 tps: 5764.55 qps: 5764.55 (r/w/o: 5764.55/0.00/0.00) lat (ms,95%): 3.75 err/s: 0.00 reconn/s: 0.00
[ 132s ] thds: 16 tps: 5644.12 qps: 5644.12 (r/w/o: 5644.12/0.00/0.00) lat (ms,95%): 3.82 err/s: 0.00 reconn/s: 0.00
[ 133s ] thds: 16 tps: 5680.83 qps: 5680.83 (r/w/o: 5680.83/0.00/0.00) lat (ms,95%): 3.75 err/s: 0.00 reconn/s: 0.00
[ 134s ] thds: 16 tps: 5763.89 qps: 5763.89 (r/w/o: 5763.89/0.00/0.00) lat (ms,95%): 3.68 err/s: 0.00 reconn/s: 0.00
[ 135s ] thds: 16 tps: 5766.30 qps: 5766.30 (r/w/o: 5766.30/0.00/0.00) lat (ms,95%): 3.68 err/s: 0.00 reconn/s: 0.00
[ 136s ] thds: 16 tps: 5775.36 qps: 5775.36 (r/w/o: 5775.36/0.00/0.00) lat (ms,95%): 3.68 err/s: 0.00 reconn/s: 0.00
[ 137s ] thds: 16 tps: 5718.97 qps: 5718.97 (r/w/o: 5718.97/0.00/0.00) lat (ms,95%): 3.75 err/s: 0.00 reconn/s: 0.00
[ 138s ] thds: 16 tps: 5718.70 qps: 5718.70 (r/w/o: 5718.70/0.00/0.00) lat (ms,95%): 3.75 err/s: 0.00 reconn/s: 0.00
[ 139s ] thds: 16 tps: 5785.52 qps: 5785.52 (r/w/o: 5785.52/0.00/0.00) lat (ms,95%): 3.68 err/s: 0.00 reconn/s: 0.00
[ 140s ] thds: 16 tps: 5774.97 qps: 5774.97 (r/w/o: 5774.97/0.00/0.00) lat (ms,95%): 3.68 err/s: 0.00 reconn/s: 0.00
[ 141s ] thds: 16 tps: 5625.00 qps: 5625.00 (r/w/o: 5625.00/0.00/0.00) lat (ms,95%): 3.82 err/s: 0.00 reconn/s: 0.00
[ 142s ] thds: 16 tps: 5745.88 qps: 5745.88 (r/w/o: 5745.88/0.00/0.00) lat (ms,95%): 3.75 err/s: 0.00 reconn/s: 0.00
[ 143s ] thds: 16 tps: 5755.21 qps: 5755.21 (r/w/o: 5755.21/0.00/0.00) lat (ms,95%): 3.68 err/s: 0.00 reconn/s: 0.00
[ 144s ] thds: 16 tps: 5664.48 qps: 5664.48 (r/w/o: 5664.48/0.00/0.00) lat (ms,95%): 3.75 err/s: 0.00 reconn/s: 0.00
[ 145s ] thds: 16 tps: 5705.70 qps: 5705.70 (r/w/o: 5705.70/0.00/0.00) lat (ms,95%): 3.75 err/s: 0.00 reconn/s: 0.00
[ 146s ] thds: 16 tps: 5766.93 qps: 5766.93 (r/w/o: 5766.93/0.00/0.00) lat (ms,95%): 3.68 err/s: 0.00 reconn/s: 0.00
[ 147s ] thds: 16 tps: 5711.81 qps: 5711.81 (r/w/o: 5711.81/0.00/0.00) lat (ms,95%): 3.75 err/s: 0.00 reconn/s: 0.00
[ 148s ] thds: 16 tps: 5778.32 qps: 5778.32 (r/w/o: 5778.32/0.00/0.00) lat (ms,95%): 3.68 err/s: 0.00 reconn/s: 0.00
[ 149s ] thds: 16 tps: 5729.76 qps: 5729.76 (r/w/o: 5729.76/0.00/0.00) lat (ms,95%): 3.68 err/s: 0.00 reconn/s: 0.00
[ 150s ] thds: 16 tps: 5705.18 qps: 5705.18 (r/w/o: 5705.18/0.00/0.00) lat (ms,95%): 3.82 err/s: 0.00 reconn/s: 0.00
[ 151s ] thds: 16 tps: 5672.43 qps: 5672.43 (r/w/o: 5672.43/0.00/0.00) lat (ms,95%): 3.75 err/s: 0.00 reconn/s: 0.00
[ 152s ] thds: 16 tps: 5791.25 qps: 5791.25 (r/w/o: 5791.25/0.00/0.00) lat (ms,95%): 3.68 err/s: 0.00 reconn/s: 0.00
[ 153s ] thds: 16 tps: 5844.67 qps: 5844.67 (r/w/o: 5844.67/0.00/0.00) lat (ms,95%): 3.68 err/s: 0.00 reconn/s: 0.00
[ 154s ] thds: 16 tps: 5836.38 qps: 5836.38 (r/w/o: 5836.38/0.00/0.00) lat (ms,95%): 3.68 err/s: 0.00 reconn/s: 0.00
[ 155s ] thds: 16 tps: 5858.82 qps: 5858.82 (r/w/o: 5858.82/0.00/0.00) lat (ms,95%): 3.62 err/s: 0.00 reconn/s: 0.00
[ 156s ] thds: 16 tps: 5886.78 qps: 5886.78 (r/w/o: 5886.78/0.00/0.00) lat (ms,95%): 3.62 err/s: 0.00 reconn/s: 0.00
[ 157s ] thds: 16 tps: 5818.56 qps: 5818.56 (r/w/o: 5818.56/0.00/0.00) lat (ms,95%): 3.68 err/s: 0.00 reconn/s: 0.00
[ 158s ] thds: 16 tps: 5753.25 qps: 5753.25 (r/w/o: 5753.25/0.00/0.00) lat (ms,95%): 3.68 err/s: 0.00 reconn/s: 0.00
[ 159s ] thds: 16 tps: 5580.83 qps: 5580.83 (r/w/o: 5580.83/0.00/0.00) lat (ms,95%): 3.89 err/s: 0.00 reconn/s: 0.00
[ 160s ] thds: 16 tps: 5701.64 qps: 5701.64 (r/w/o: 5701.64/0.00/0.00) lat (ms,95%): 3.82 err/s: 0.00 reconn/s: 0.00
[ 161s ] thds: 16 tps: 5698.18 qps: 5698.18 (r/w/o: 5698.18/0.00/0.00) lat (ms,95%): 3.75 err/s: 0.00 reconn/s: 0.00
[ 162s ] thds: 16 tps: 5741.28 qps: 5741.28 (r/w/o: 5741.28/0.00/0.00) lat (ms,95%): 3.75 err/s: 0.00 reconn/s: 0.00
[ 163s ] thds: 16 tps: 5758.45 qps: 5758.45 (r/w/o: 5758.45/0.00/0.00) lat (ms,95%): 3.68 err/s: 0.00 reconn/s: 0.00
[ 164s ] thds: 16 tps: 5896.67 qps: 5896.67 (r/w/o: 5896.67/0.00/0.00) lat (ms,95%): 3.62 err/s: 0.00 reconn/s: 0.00
[ 165s ] thds: 16 tps: 5904.86 qps: 5904.86 (r/w/o: 5904.86/0.00/0.00) lat (ms,95%): 3.62 err/s: 0.00 reconn/s: 0.00
[ 166s ] thds: 16 tps: 5757.13 qps: 5757.13 (r/w/o: 5757.13/0.00/0.00) lat (ms,95%): 3.68 err/s: 0.00 reconn/s: 0.00
[ 167s ] thds: 16 tps: 5687.89 qps: 5687.89 (r/w/o: 5687.89/0.00/0.00) lat (ms,95%): 3.75 err/s: 0.00 reconn/s: 0.00
[ 168s ] thds: 16 tps: 5690.30 qps: 5690.30 (r/w/o: 5690.30/0.00/0.00) lat (ms,95%): 3.89 err/s: 0.00 reconn/s: 0.00
[ 169s ] thds: 16 tps: 5655.56 qps: 5655.56 (r/w/o: 5655.56/0.00/0.00) lat (ms,95%): 3.82 err/s: 0.00 reconn/s: 0.00
[ 170s ] thds: 16 tps: 5870.26 qps: 5870.26 (r/w/o: 5870.26/0.00/0.00) lat (ms,95%): 3.68 err/s: 0.00 reconn/s: 0.00
[ 171s ] thds: 16 tps: 5803.99 qps: 5803.99 (r/w/o: 5803.99/0.00/0.00) lat (ms,95%): 3.68 err/s: 0.00 reconn/s: 0.00
[ 172s ] thds: 16 tps: 5722.80 qps: 5722.80 (r/w/o: 5722.80/0.00/0.00) lat (ms,95%): 3.75 err/s: 0.00 reconn/s: 0.00
[ 173s ] thds: 16 tps: 5747.45 qps: 5747.45 (r/w/o: 5747.45/0.00/0.00) lat (ms,95%): 3.75 err/s: 0.00 reconn/s: 0.00
[ 174s ] thds: 16 tps: 5881.17 qps: 5881.17 (r/w/o: 5881.17/0.00/0.00) lat (ms,95%): 3.62 err/s: 0.00 reconn/s: 0.00
[ 175s ] thds: 16 tps: 5829.50 qps: 5829.50 (r/w/o: 5829.50/0.00/0.00) lat (ms,95%): 3.68 err/s: 0.00 reconn/s: 0.00
[ 176s ] thds: 16 tps: 5781.06 qps: 5781.06 (r/w/o: 5781.06/0.00/0.00) lat (ms,95%): 3.75 err/s: 0.00 reconn/s: 0.00
[ 177s ] thds: 16 tps: 5693.75 qps: 5693.75 (r/w/o: 5693.75/0.00/0.00) lat (ms,95%): 3.82 err/s: 0.00 reconn/s: 0.00
[ 178s ] thds: 16 tps: 5702.17 qps: 5702.17 (r/w/o: 5702.17/0.00/0.00) lat (ms,95%): 3.82 err/s: 0.00 reconn/s: 0.00
[ 179s ] thds: 16 tps: 5723.84 qps: 5723.84 (r/w/o: 5723.84/0.00/0.00) lat (ms,95%): 3.75 err/s: 0.00 reconn/s: 0.00
[ 180s ] thds: 16 tps: 5748.74 qps: 5748.74 (r/w/o: 5748.74/0.00/0.00) lat (ms,95%): 3.68 err/s: 0.00 reconn/s: 0.00
[ 181s ] thds: 16 tps: 5802.60 qps: 5802.60 (r/w/o: 5802.60/0.00/0.00) lat (ms,95%): 3.68 err/s: 0.00 reconn/s: 0.00
[ 182s ] thds: 16 tps: 5851.02 qps: 5851.02 (r/w/o: 5851.02/0.00/0.00) lat (ms,95%): 3.68 err/s: 0.00 reconn/s: 0.00
[ 183s ] thds: 16 tps: 5841.81 qps: 5841.81 (r/w/o: 5841.81/0.00/0.00) lat (ms,95%): 3.68 err/s: 0.00 reconn/s: 0.00
[ 184s ] thds: 16 tps: 5779.81 qps: 5779.81 (r/w/o: 5779.81/0.00/0.00) lat (ms,95%): 3.75 err/s: 0.00 reconn/s: 0.00
[ 185s ] thds: 16 tps: 5852.21 qps: 5852.21 (r/w/o: 5852.21/0.00/0.00) lat (ms,95%): 3.68 err/s: 0.00 reconn/s: 0.00
[ 186s ] thds: 16 tps: 5794.74 qps: 5794.74 (r/w/o: 5794.74/0.00/0.00) lat (ms,95%): 3.68 err/s: 0.00 reconn/s: 0.00
[ 187s ] thds: 16 tps: 5600.58 qps: 5600.58 (r/w/o: 5600.58/0.00/0.00) lat (ms,95%): 3.89 err/s: 0.00 reconn/s: 0.00
[ 188s ] thds: 16 tps: 5757.90 qps: 5757.90 (r/w/o: 5757.90/0.00/0.00) lat (ms,95%): 3.75 err/s: 0.00 reconn/s: 0.00
[ 189s ] thds: 16 tps: 5826.32 qps: 5826.32 (r/w/o: 5826.32/0.00/0.00) lat (ms,95%): 3.68 err/s: 0.00 reconn/s: 0.00
[ 190s ] thds: 16 tps: 5887.66 qps: 5887.66 (r/w/o: 5887.66/0.00/0.00) lat (ms,95%): 3.62 err/s: 0.00 reconn/s: 0.00
[ 191s ] thds: 16 tps: 5778.90 qps: 5778.90 (r/w/o: 5778.90/0.00/0.00) lat (ms,95%): 3.68 err/s: 0.00 reconn/s: 0.00
[ 192s ] thds: 16 tps: 5728.61 qps: 5728.61 (r/w/o: 5728.61/0.00/0.00) lat (ms,95%): 3.75 err/s: 0.00 reconn/s: 0.00
[ 193s ] thds: 16 tps: 5895.90 qps: 5895.90 (r/w/o: 5895.90/0.00/0.00) lat (ms,95%): 3.62 err/s: 0.00 reconn/s: 0.00
[ 194s ] thds: 16 tps: 5834.85 qps: 5834.85 (r/w/o: 5834.85/0.00/0.00) lat (ms,95%): 3.68 err/s: 0.00 reconn/s: 0.00
[ 195s ] thds: 16 tps: 5691.05 qps: 5691.05 (r/w/o: 5691.05/0.00/0.00) lat (ms,95%): 3.82 err/s: 0.00 reconn/s: 0.00
[ 196s ] thds: 16 tps: 5733.59 qps: 5733.59 (r/w/o: 5733.59/0.00/0.00) lat (ms,95%): 3.82 err/s: 0.00 reconn/s: 0.00
[ 197s ] thds: 16 tps: 5844.93 qps: 5844.93 (r/w/o: 5844.93/0.00/0.00) lat (ms,95%): 3.62 err/s: 0.00 reconn/s: 0.00
[ 198s ] thds: 16 tps: 5785.74 qps: 5785.74 (r/w/o: 5785.74/0.00/0.00) lat (ms,95%): 3.68 err/s: 0.00 reconn/s: 0.00
[ 199s ] thds: 16 tps: 5751.61 qps: 5751.61 (r/w/o: 5751.61/0.00/0.00) lat (ms,95%): 3.68 err/s: 0.00 reconn/s: 0.00
[ 200s ] thds: 16 tps: 5688.01 qps: 5688.01 (r/w/o: 5688.01/0.00/0.00) lat (ms,95%): 3.75 err/s: 0.00 reconn/s: 0.00
[ 201s ] thds: 16 tps: 5863.77 qps: 5863.77 (r/w/o: 5863.77/0.00/0.00) lat (ms,95%): 3.62 err/s: 0.00 reconn/s: 0.00
[ 202s ] thds: 16 tps: 5816.82 qps: 5816.82 (r/w/o: 5816.82/0.00/0.00) lat (ms,95%): 3.68 err/s: 0.00 reconn/s: 0.00
[ 203s ] thds: 16 tps: 5679.99 qps: 5679.99 (r/w/o: 5679.99/0.00/0.00) lat (ms,95%): 3.75 err/s: 0.00 reconn/s: 0.00
[ 204s ] thds: 16 tps: 5578.86 qps: 5578.86 (r/w/o: 5578.86/0.00/0.00) lat (ms,95%): 3.82 err/s: 0.00 reconn/s: 0.00
[ 205s ] thds: 16 tps: 5674.14 qps: 5674.14 (r/w/o: 5674.14/0.00/0.00) lat (ms,95%): 3.82 err/s: 0.00 reconn/s: 0.00
[ 206s ] thds: 16 tps: 5853.20 qps: 5853.20 (r/w/o: 5853.20/0.00/0.00) lat (ms,95%): 3.68 err/s: 0.00 reconn/s: 0.00
[ 207s ] thds: 16 tps: 5785.15 qps: 5785.15 (r/w/o: 5785.15/0.00/0.00) lat (ms,95%): 3.68 err/s: 0.00 reconn/s: 0.00
[ 208s ] thds: 16 tps: 5728.20 qps: 5728.20 (r/w/o: 5728.20/0.00/0.00) lat (ms,95%): 3.75 err/s: 0.00 reconn/s: 0.00
[ 209s ] thds: 16 tps: 5743.05 qps: 5743.05 (r/w/o: 5743.05/0.00/0.00) lat (ms,95%): 3.75 err/s: 0.00 reconn/s: 0.00
[ 210s ] thds: 16 tps: 5728.67 qps: 5728.67 (r/w/o: 5728.67/0.00/0.00) lat (ms,95%): 3.75 err/s: 0.00 reconn/s: 0.00
[ 211s ] thds: 16 tps: 5758.85 qps: 5758.85 (r/w/o: 5758.85/0.00/0.00) lat (ms,95%): 3.75 err/s: 0.00 reconn/s: 0.00
[ 212s ] thds: 16 tps: 5731.59 qps: 5731.59 (r/w/o: 5731.59/0.00/0.00) lat (ms,95%): 3.75 err/s: 0.00 reconn/s: 0.00
[ 213s ] thds: 16 tps: 5707.37 qps: 5707.37 (r/w/o: 5707.37/0.00/0.00) lat (ms,95%): 3.75 err/s: 0.00 reconn/s: 0.00
[ 214s ] thds: 16 tps: 5720.63 qps: 5720.63 (r/w/o: 5720.63/0.00/0.00) lat (ms,95%): 3.82 err/s: 0.00 reconn/s: 0.00
[ 215s ] thds: 16 tps: 5778.68 qps: 5778.68 (r/w/o: 5778.68/0.00/0.00) lat (ms,95%): 3.68 err/s: 0.00 reconn/s: 0.00
[ 216s ] thds: 16 tps: 5829.83 qps: 5829.83 (r/w/o: 5829.83/0.00/0.00) lat (ms,95%): 3.68 err/s: 0.00 reconn/s: 0.00
[ 217s ] thds: 16 tps: 5734.01 qps: 5734.01 (r/w/o: 5734.01/0.00/0.00) lat (ms,95%): 3.68 err/s: 0.00 reconn/s: 0.00
[ 218s ] thds: 16 tps: 5740.01 qps: 5740.01 (r/w/o: 5740.01/0.00/0.00) lat (ms,95%): 3.75 err/s: 0.00 reconn/s: 0.00
[ 219s ] thds: 16 tps: 5740.47 qps: 5740.47 (r/w/o: 5740.47/0.00/0.00) lat (ms,95%): 3.75 err/s: 0.00 reconn/s: 0.00
[ 220s ] thds: 16 tps: 5688.59 qps: 5688.59 (r/w/o: 5688.59/0.00/0.00) lat (ms,95%): 3.75 err/s: 0.00 reconn/s: 0.00
[ 221s ] thds: 16 tps: 5781.98 qps: 5781.98 (r/w/o: 5781.98/0.00/0.00) lat (ms,95%): 3.68 err/s: 0.00 reconn/s: 0.00
[ 222s ] thds: 16 tps: 5746.91 qps: 5746.91 (r/w/o: 5746.91/0.00/0.00) lat (ms,95%): 3.75 err/s: 0.00 reconn/s: 0.00
[ 223s ] thds: 16 tps: 5708.64 qps: 5708.64 (r/w/o: 5708.64/0.00/0.00) lat (ms,95%): 3.82 err/s: 0.00 reconn/s: 0.00
[ 224s ] thds: 16 tps: 5699.34 qps: 5699.34 (r/w/o: 5699.34/0.00/0.00) lat (ms,95%): 3.82 err/s: 0.00 reconn/s: 0.00
[ 225s ] thds: 16 tps: 5743.84 qps: 5743.84 (r/w/o: 5743.84/0.00/0.00) lat (ms,95%): 3.68 err/s: 0.00 reconn/s: 0.00
[ 226s ] thds: 16 tps: 5690.64 qps: 5690.64 (r/w/o: 5690.64/0.00/0.00) lat (ms,95%): 3.75 err/s: 0.00 reconn/s: 0.00
[ 227s ] thds: 16 tps: 5719.97 qps: 5719.97 (r/w/o: 5719.97/0.00/0.00) lat (ms,95%): 3.75 err/s: 0.00 reconn/s: 0.00
[ 228s ] thds: 16 tps: 5724.48 qps: 5724.48 (r/w/o: 5724.48/0.00/0.00) lat (ms,95%): 3.68 err/s: 0.00 reconn/s: 0.00
[ 229s ] thds: 16 tps: 5782.68 qps: 5782.68 (r/w/o: 5782.68/0.00/0.00) lat (ms,95%): 3.68 err/s: 0.00 reconn/s: 0.00
[ 230s ] thds: 16 tps: 5735.56 qps: 5735.56 (r/w/o: 5735.56/0.00/0.00) lat (ms,95%): 3.75 err/s: 0.00 reconn/s: 0.00
[ 231s ] thds: 16 tps: 5733.86 qps: 5733.86 (r/w/o: 5733.86/0.00/0.00) lat (ms,95%): 3.75 err/s: 0.00 reconn/s: 0.00
[ 232s ] thds: 16 tps: 5674.17 qps: 5674.17 (r/w/o: 5674.17/0.00/0.00) lat (ms,95%): 3.82 err/s: 0.00 reconn/s: 0.00
[ 233s ] thds: 16 tps: 5684.16 qps: 5684.16 (r/w/o: 5684.16/0.00/0.00) lat (ms,95%): 3.75 err/s: 0.00 reconn/s: 0.00
[ 234s ] thds: 16 tps: 5719.29 qps: 5719.29 (r/w/o: 5719.29/0.00/0.00) lat (ms,95%): 3.75 err/s: 0.00 reconn/s: 0.00
[ 235s ] thds: 16 tps: 5753.39 qps: 5753.39 (r/w/o: 5753.39/0.00/0.00) lat (ms,95%): 3.75 err/s: 0.00 reconn/s: 0.00
[ 236s ] thds: 16 tps: 5763.24 qps: 5763.24 (r/w/o: 5763.24/0.00/0.00) lat (ms,95%): 3.68 err/s: 0.00 reconn/s: 0.00
[ 237s ] thds: 16 tps: 5749.29 qps: 5749.29 (r/w/o: 5749.29/0.00/0.00) lat (ms,95%): 3.75 err/s: 0.00 reconn/s: 0.00
[ 238s ] thds: 16 tps: 5796.92 qps: 5796.92 (r/w/o: 5796.92/0.00/0.00) lat (ms,95%): 3.68 err/s: 0.00 reconn/s: 0.00
[ 239s ] thds: 16 tps: 5779.51 qps: 5779.51 (r/w/o: 5779.51/0.00/0.00) lat (ms,95%): 3.68 err/s: 0.00 reconn/s: 0.00
[ 240s ] thds: 16 tps: 5718.03 qps: 5718.03 (r/w/o: 5718.03/0.00/0.00) lat (ms,95%): 3.75 err/s: 0.00 reconn/s: 0.00
Latency histogram (values are in milliseconds)
       value  ------------- distribution ------------- count
       0.971 |                                         9
       0.989 |                                         32
       1.007 |                                         114
       1.025 |                                         186
       1.044 |                                         227
       1.063 |                                         253
       1.082 |                                         255
       1.102 |                                         245
       1.122 |                                         222
       1.142 |                                         251
       1.163 |                                         275
       1.184 |                                         272
       1.205 |                                         301
       1.227 |                                         335
       1.250 |                                         372
       1.272 |                                         496
       1.295 |                                         470
       1.319 |                                         628
       1.343 |                                         653
       1.367 |                                         694
       1.392 |*                                        800
       1.417 |                                         733
       1.443 |*                                        844
       1.469 |*                                        993
       1.496 |*                                        1013
       1.523 |*                                        1137
       1.551 |*                                        1320
       1.579 |*                                        1346
       1.608 |*                                        1610
       1.637 |*                                        2103
       1.667 |**                                       2868
       1.697 |***                                      4180
       1.728 |****                                     5375
       1.759 |****                                     6450
       1.791 |*****                                    7409
       1.824 |*****                                    8028
       1.857 |******                                   8826
       1.891 |*******                                  9918
       1.925 |*******                                  10957
       1.960 |********                                 12079
       1.996 |*********                                13495
       2.032 |**********                               14294
       2.069 |***********                              15655
       2.106 |***********                              16670
       2.145 |*************                            18516
       2.184 |**************                           20492
       2.223 |***************                          22537
       2.264 |*****************                        24918
       2.305 |*******************                      27460
       2.347 |*********************                    31590
       2.389 |**************************               38056
       2.433 |*******************************          45446
       2.477 |************************************     52224
       2.522 |***************************************  57573
       2.568 |**************************************** 58813
       2.615 |**************************************   56231
       2.662 |***********************************      50840
       2.710 |******************************           44776
       2.760 |****************************             40641
       2.810 |*************************                37465
       2.861 |*************************                36424
       2.913 |*************************                36894
       2.966 |**************************               38341
       3.020 |***************************              39946
       3.075 |****************************             41346
       3.130 |******************************           43544
       3.187 |******************************           44009
       3.245 |*****************************            41950
       3.304 |*************************                36434
       3.364 |********************                     30102
       3.425 |*******************                      28315
       3.488 |********************                     29719
       3.551 |********************                     29949
       3.615 |******************                       26559
       3.681 |**************                           20849
       3.748 |***********                              15914
       3.816 |**********                               14180
       3.885 |********                                 12405
       3.956 |******                                   8882
       4.028 |****                                     5307
       4.101 |**                                       3211
       4.176 |*                                        2152
       4.252 |*                                        1613
       4.329 |*                                        1244
       4.407 |*                                        1061
       4.487 |*                                        897
       4.569 |*                                        784
       4.652 |                                         638
       4.737 |                                         497
       4.823 |                                         437
       4.910 |                                         319
       4.999 |                                         254
       5.090 |                                         218
       5.183 |                                         201
       5.277 |                                         162
       5.373 |                                         129
       5.470 |                                         95
       5.570 |                                         77
       5.671 |                                         71
       5.774 |                                         69
       5.879 |                                         55
       5.986 |                                         53
       6.095 |                                         37
       6.205 |                                         35
       6.318 |                                         36
       6.433 |                                         20
       6.550 |                                         31
       6.669 |                                         17
       6.790 |                                         25
       6.913 |                                         25
       7.039 |                                         10
       7.167 |                                         9
       7.297 |                                         12
       7.430 |                                         11
       7.565 |                                         6
       7.702 |                                         4
       7.842 |                                         4
       7.985 |                                         5
       8.130 |                                         3
       8.277 |                                         5
       8.428 |                                         3
       8.737 |                                         4
       8.895 |                                         2
       9.057 |                                         3
       9.389 |                                         2
       9.560 |                                         2
       9.734 |                                         1
      10.090 |                                         2
      10.844 |                                         3
      11.041 |                                         1
      11.242 |                                         1
      11.654 |                                         1
      12.081 |                                         1
      12.752 |                                         1
      12.984 |                                         1
      14.207 |                                         1
      18.280 |                                         1
      20.002 |                                         1
      20.736 |                                         1
      22.284 |                                         2
      23.521 |                                         1
      25.737 |                                         2
      33.718 |                                         1
      34.330 |                                         1
      36.236 |                                         1
 
SQL statistics:
    queries performed:
        read:                            1377623
        write:                           0
        other:                           0
        total:                           1377623
    transactions:                        1377623 (5739.90 per sec.)
    queries:                             1377623 (5739.90 per sec.)
    ignored errors:                      0      (0.00 per sec.)
    reconnects:                          0      (0.00 per sec.)

Throughput:
    events/s (eps):                      5739.8956
    time elapsed:                        240.0087s
    total number of events:              1377623

Latency (ms):
         min:                                    0.97
         avg:                                    2.79
         max:                                   35.96
         95th percentile:                        3.75
         sum:                              3837727.94

Threads fairness:
    events (avg/stddev):           86100.5625/12565.89
    execution time (avg/stddev):   239.8580/0.02

