sysbench 1.1.0-3ceba0b (using bundled LuaJIT 2.1.0-beta3)

Running the test with following options:
Number of threads: 32
Warmup time: 60s
Report intermediate results every 1 second(s)
Initializing random number generator from current time


Initializing worker threads...

Threads started!

Warming up for 60 seconds...

[ 1s ] thds: 32 tps: 672.63 qps: 10766.57 (r/w/o: 9420.81/0.00/1345.76) lat (ms,95%): 61.08 err/s: 0.00 reconn/s: 0.00
[ 2s ] thds: 32 tps: 689.02 qps: 11004.39 (r/w/o: 9624.34/0.00/1380.05) lat (ms,95%): 61.08 err/s: 0.00 reconn/s: 0.00
[ 3s ] thds: 32 tps: 676.29 qps: 10852.57 (r/w/o: 9501.00/0.00/1351.58) lat (ms,95%): 61.08 err/s: 0.00 reconn/s: 0.00
[ 4s ] thds: 32 tps: 671.69 qps: 10733.01 (r/w/o: 9388.63/0.00/1344.38) lat (ms,95%): 63.32 err/s: 0.00 reconn/s: 0.00
[ 5s ] thds: 32 tps: 678.04 qps: 10846.66 (r/w/o: 9492.58/0.00/1354.08) lat (ms,95%): 61.08 err/s: 0.00 reconn/s: 0.00
[ 6s ] thds: 32 tps: 679.63 qps: 10880.05 (r/w/o: 9520.79/0.00/1359.26) lat (ms,95%): 62.19 err/s: 0.00 reconn/s: 0.00
[ 7s ] thds: 32 tps: 684.37 qps: 10954.91 (r/w/o: 9584.17/0.00/1370.74) lat (ms,95%): 61.08 err/s: 0.00 reconn/s: 0.00
[ 8s ] thds: 32 tps: 678.99 qps: 10903.78 (r/w/o: 9545.81/0.00/1357.97) lat (ms,95%): 62.19 err/s: 0.00 reconn/s: 0.00
[ 9s ] thds: 32 tps: 691.74 qps: 10935.85 (r/w/o: 9554.37/0.00/1381.48) lat (ms,95%): 61.08 err/s: 0.00 reconn/s: 0.00
[ 10s ] thds: 32 tps: 683.71 qps: 10999.29 (r/w/o: 9632.88/0.00/1366.41) lat (ms,95%): 61.08 err/s: 0.00 reconn/s: 0.00
[ 11s ] thds: 32 tps: 682.53 qps: 10906.40 (r/w/o: 9539.34/0.00/1367.05) lat (ms,95%): 62.19 err/s: 0.00 reconn/s: 0.00
[ 12s ] thds: 32 tps: 688.04 qps: 11018.64 (r/w/o: 9644.56/0.00/1374.08) lat (ms,95%): 61.08 err/s: 0.00 reconn/s: 0.00
[ 13s ] thds: 32 tps: 677.01 qps: 10847.22 (r/w/o: 9491.19/0.00/1356.03) lat (ms,95%): 62.19 err/s: 0.00 reconn/s: 0.00
[ 14s ] thds: 32 tps: 678.00 qps: 10824.03 (r/w/o: 9468.02/0.00/1356.00) lat (ms,95%): 61.08 err/s: 0.00 reconn/s: 0.00
[ 15s ] thds: 32 tps: 672.58 qps: 10819.20 (r/w/o: 9473.05/0.00/1346.15) lat (ms,95%): 62.19 err/s: 0.00 reconn/s: 0.00
[ 16s ] thds: 32 tps: 690.30 qps: 10997.79 (r/w/o: 9618.19/0.00/1379.60) lat (ms,95%): 61.08 err/s: 0.00 reconn/s: 0.00
[ 17s ] thds: 32 tps: 681.01 qps: 10880.14 (r/w/o: 9519.13/0.00/1361.02) lat (ms,95%): 61.08 err/s: 0.00 reconn/s: 0.00
[ 18s ] thds: 32 tps: 673.87 qps: 10841.88 (r/w/o: 9492.15/0.00/1349.74) lat (ms,95%): 62.19 err/s: 0.00 reconn/s: 0.00
[ 19s ] thds: 32 tps: 680.88 qps: 10886.10 (r/w/o: 9525.34/0.00/1360.76) lat (ms,95%): 62.19 err/s: 0.00 reconn/s: 0.00
[ 20s ] thds: 32 tps: 683.38 qps: 10935.12 (r/w/o: 9567.36/0.00/1367.77) lat (ms,95%): 61.08 err/s: 0.00 reconn/s: 0.00
[ 21s ] thds: 32 tps: 685.92 qps: 10906.79 (r/w/o: 9534.94/0.00/1371.85) lat (ms,95%): 61.08 err/s: 0.00 reconn/s: 0.00
[ 22s ] thds: 32 tps: 670.92 qps: 10755.73 (r/w/o: 9416.89/0.00/1338.84) lat (ms,95%): 62.19 err/s: 0.00 reconn/s: 0.00
[ 23s ] thds: 32 tps: 673.39 qps: 10789.30 (r/w/o: 9440.51/0.00/1348.79) lat (ms,95%): 62.19 err/s: 0.00 reconn/s: 0.00
[ 24s ] thds: 32 tps: 671.71 qps: 10778.46 (r/w/o: 9434.03/0.00/1344.43) lat (ms,95%): 62.19 err/s: 0.00 reconn/s: 0.00
[ 25s ] thds: 32 tps: 682.74 qps: 10915.78 (r/w/o: 9551.31/0.00/1364.47) lat (ms,95%): 61.08 err/s: 0.00 reconn/s: 0.00
[ 26s ] thds: 32 tps: 678.08 qps: 10838.23 (r/w/o: 9483.08/0.00/1355.15) lat (ms,95%): 62.19 err/s: 0.00 reconn/s: 0.00
[ 27s ] thds: 32 tps: 678.22 qps: 10849.58 (r/w/o: 9491.13/0.00/1358.45) lat (ms,95%): 62.19 err/s: 0.00 reconn/s: 0.00
[ 28s ] thds: 32 tps: 682.84 qps: 10903.49 (r/w/o: 9540.81/0.00/1362.69) lat (ms,95%): 62.19 err/s: 0.00 reconn/s: 0.00
[ 29s ] thds: 32 tps: 678.02 qps: 10861.29 (r/w/o: 9503.26/0.00/1358.04) lat (ms,95%): 61.08 err/s: 0.00 reconn/s: 0.00
[ 30s ] thds: 32 tps: 682.12 qps: 10888.90 (r/w/o: 9525.66/0.00/1363.24) lat (ms,95%): 61.08 err/s: 0.00 reconn/s: 0.00
[ 31s ] thds: 32 tps: 676.94 qps: 10862.99 (r/w/o: 9507.11/0.00/1355.87) lat (ms,95%): 61.08 err/s: 0.00 reconn/s: 0.00
[ 32s ] thds: 32 tps: 677.95 qps: 10844.18 (r/w/o: 9489.28/0.00/1354.90) lat (ms,95%): 62.19 err/s: 0.00 reconn/s: 0.00
[ 33s ] thds: 32 tps: 686.09 qps: 10955.45 (r/w/o: 9584.27/0.00/1371.18) lat (ms,95%): 61.08 err/s: 0.00 reconn/s: 0.00
[ 34s ] thds: 32 tps: 681.90 qps: 10929.40 (r/w/o: 9566.60/0.00/1362.80) lat (ms,95%): 61.08 err/s: 0.00 reconn/s: 0.00
[ 35s ] thds: 32 tps: 686.10 qps: 10974.58 (r/w/o: 9604.38/0.00/1370.20) lat (ms,95%): 61.08 err/s: 0.00 reconn/s: 0.00
[ 36s ] thds: 32 tps: 682.07 qps: 10900.07 (r/w/o: 9532.94/0.00/1367.13) lat (ms,95%): 61.08 err/s: 0.00 reconn/s: 0.00
[ 37s ] thds: 32 tps: 681.59 qps: 10887.46 (r/w/o: 9526.28/0.00/1361.18) lat (ms,95%): 62.19 err/s: 0.00 reconn/s: 0.00
[ 38s ] thds: 32 tps: 682.40 qps: 10920.33 (r/w/o: 9554.54/0.00/1365.79) lat (ms,95%): 59.99 err/s: 0.00 reconn/s: 0.00
[ 39s ] thds: 32 tps: 679.84 qps: 10919.45 (r/w/o: 9556.77/0.00/1362.68) lat (ms,95%): 59.99 err/s: 0.00 reconn/s: 0.00
[ 40s ] thds: 32 tps: 675.94 qps: 10803.98 (r/w/o: 9453.11/0.00/1350.87) lat (ms,95%): 61.08 err/s: 0.00 reconn/s: 0.00
[ 41s ] thds: 32 tps: 675.06 qps: 10793.00 (r/w/o: 9444.88/0.00/1348.13) lat (ms,95%): 61.08 err/s: 0.00 reconn/s: 0.00
[ 42s ] thds: 32 tps: 679.60 qps: 10852.64 (r/w/o: 9491.44/0.00/1361.20) lat (ms,95%): 61.08 err/s: 0.00 reconn/s: 0.00
[ 43s ] thds: 32 tps: 680.56 qps: 10892.94 (r/w/o: 9530.83/0.00/1362.12) lat (ms,95%): 61.08 err/s: 0.00 reconn/s: 0.00
[ 44s ] thds: 32 tps: 671.99 qps: 10807.81 (r/w/o: 9463.83/0.00/1343.98) lat (ms,95%): 61.08 err/s: 0.00 reconn/s: 0.00
[ 45s ] thds: 32 tps: 682.56 qps: 10902.03 (r/w/o: 9537.90/0.00/1364.13) lat (ms,95%): 61.08 err/s: 0.00 reconn/s: 0.00
[ 46s ] thds: 32 tps: 677.43 qps: 10798.78 (r/w/o: 9444.93/0.00/1353.85) lat (ms,95%): 62.19 err/s: 0.00 reconn/s: 0.00
[ 47s ] thds: 32 tps: 687.00 qps: 11026.94 (r/w/o: 9652.94/0.00/1373.99) lat (ms,95%): 59.99 err/s: 0.00 reconn/s: 0.00
[ 48s ] thds: 32 tps: 679.98 qps: 10867.66 (r/w/o: 9505.70/0.00/1361.96) lat (ms,95%): 61.08 err/s: 0.00 reconn/s: 0.00
[ 49s ] thds: 32 tps: 670.91 qps: 10784.50 (r/w/o: 9444.69/0.00/1339.81) lat (ms,95%): 62.19 err/s: 0.00 reconn/s: 0.00
[ 50s ] thds: 32 tps: 669.83 qps: 10681.21 (r/w/o: 9339.56/0.00/1341.65) lat (ms,95%): 62.19 err/s: 0.00 reconn/s: 0.00
[ 51s ] thds: 32 tps: 688.07 qps: 10982.11 (r/w/o: 9605.97/0.00/1376.14) lat (ms,95%): 61.08 err/s: 0.00 reconn/s: 0.00
[ 52s ] thds: 32 tps: 675.94 qps: 10842.09 (r/w/o: 9492.20/0.00/1349.89) lat (ms,95%): 62.19 err/s: 0.00 reconn/s: 0.00
[ 53s ] thds: 32 tps: 678.82 qps: 10852.20 (r/w/o: 9493.55/0.00/1358.65) lat (ms,95%): 61.08 err/s: 0.00 reconn/s: 0.00
[ 54s ] thds: 32 tps: 681.12 qps: 10897.93 (r/w/o: 9537.69/0.00/1360.24) lat (ms,95%): 61.08 err/s: 0.00 reconn/s: 0.00
[ 55s ] thds: 32 tps: 683.32 qps: 10940.14 (r/w/o: 9570.50/0.00/1369.64) lat (ms,95%): 61.08 err/s: 0.00 reconn/s: 0.00
[ 56s ] thds: 32 tps: 689.93 qps: 11025.83 (r/w/o: 9646.98/0.00/1378.85) lat (ms,95%): 59.99 err/s: 0.00 reconn/s: 0.00
[ 57s ] thds: 32 tps: 680.06 qps: 10896.88 (r/w/o: 9537.77/0.00/1359.11) lat (ms,95%): 61.08 err/s: 0.00 reconn/s: 0.00
[ 58s ] thds: 32 tps: 681.99 qps: 10867.85 (r/w/o: 9503.87/0.00/1363.98) lat (ms,95%): 61.08 err/s: 0.00 reconn/s: 0.00
[ 59s ] thds: 32 tps: 671.10 qps: 10769.63 (r/w/o: 9426.43/0.00/1343.20) lat (ms,95%): 61.08 err/s: 0.00 reconn/s: 0.00
[ 60s ] thds: 32 tps: 679.54 qps: 10880.63 (r/w/o: 9520.55/0.00/1360.08) lat (ms,95%): 61.08 err/s: 0.00 reconn/s: 0.00
[ 61s ] thds: 32 tps: 692.28 qps: 11073.47 (r/w/o: 9689.91/0.00/1383.56) lat (ms,95%): 59.99 err/s: 0.00 reconn/s: 0.00
[ 62s ] thds: 32 tps: 684.19 qps: 10988.10 (r/w/o: 9619.72/0.00/1368.39) lat (ms,95%): 61.08 err/s: 0.00 reconn/s: 0.00
[ 63s ] thds: 32 tps: 683.77 qps: 10887.37 (r/w/o: 9518.83/0.00/1368.54) lat (ms,95%): 61.08 err/s: 0.00 reconn/s: 0.00
[ 64s ] thds: 32 tps: 678.34 qps: 10875.38 (r/w/o: 9518.70/0.00/1356.67) lat (ms,95%): 62.19 err/s: 0.00 reconn/s: 0.00
[ 65s ] thds: 32 tps: 690.60 qps: 11013.56 (r/w/o: 9636.36/0.00/1377.19) lat (ms,95%): 61.08 err/s: 0.00 reconn/s: 0.00
[ 66s ] thds: 32 tps: 687.21 qps: 11033.36 (r/w/o: 9655.94/0.00/1377.42) lat (ms,95%): 61.08 err/s: 0.00 reconn/s: 0.00
[ 67s ] thds: 32 tps: 682.93 qps: 10907.83 (r/w/o: 9540.97/0.00/1366.85) lat (ms,95%): 61.08 err/s: 0.00 reconn/s: 0.00
[ 68s ] thds: 32 tps: 671.12 qps: 10743.86 (r/w/o: 9405.62/0.00/1338.23) lat (ms,95%): 62.19 err/s: 0.00 reconn/s: 0.00
[ 69s ] thds: 32 tps: 682.99 qps: 10959.85 (r/w/o: 9589.87/0.00/1369.98) lat (ms,95%): 61.08 err/s: 0.00 reconn/s: 0.00
[ 70s ] thds: 32 tps: 684.69 qps: 10938.04 (r/w/o: 9569.66/0.00/1368.38) lat (ms,95%): 61.08 err/s: 0.00 reconn/s: 0.00
[ 71s ] thds: 32 tps: 687.48 qps: 10971.73 (r/w/o: 9596.77/0.00/1374.96) lat (ms,95%): 59.99 err/s: 0.00 reconn/s: 0.00
[ 72s ] thds: 32 tps: 688.67 qps: 10996.67 (r/w/o: 9620.33/0.00/1376.34) lat (ms,95%): 61.08 err/s: 0.00 reconn/s: 0.00
[ 73s ] thds: 32 tps: 685.05 qps: 10983.84 (r/w/o: 9613.74/0.00/1370.10) lat (ms,95%): 61.08 err/s: 0.00 reconn/s: 0.00
[ 74s ] thds: 32 tps: 684.11 qps: 10959.76 (r/w/o: 9591.54/0.00/1368.22) lat (ms,95%): 59.99 err/s: 0.00 reconn/s: 0.00
[ 75s ] thds: 32 tps: 681.06 qps: 10936.92 (r/w/o: 9572.81/0.00/1364.11) lat (ms,95%): 61.08 err/s: 0.00 reconn/s: 0.00
[ 76s ] thds: 32 tps: 683.00 qps: 10874.06 (r/w/o: 9510.05/0.00/1364.01) lat (ms,95%): 61.08 err/s: 0.00 reconn/s: 0.00
[ 77s ] thds: 32 tps: 670.61 qps: 10728.83 (r/w/o: 9387.60/0.00/1341.23) lat (ms,95%): 61.08 err/s: 0.00 reconn/s: 0.00
[ 78s ] thds: 32 tps: 673.33 qps: 10819.29 (r/w/o: 9471.63/0.00/1347.66) lat (ms,95%): 61.08 err/s: 0.00 reconn/s: 0.00
[ 79s ] thds: 32 tps: 678.95 qps: 10843.23 (r/w/o: 9486.33/0.00/1356.90) lat (ms,95%): 61.08 err/s: 0.00 reconn/s: 0.00
[ 80s ] thds: 32 tps: 683.85 qps: 10930.58 (r/w/o: 9562.88/0.00/1367.70) lat (ms,95%): 61.08 err/s: 0.00 reconn/s: 0.00
[ 81s ] thds: 32 tps: 686.10 qps: 11006.68 (r/w/o: 9633.47/0.00/1373.21) lat (ms,95%): 61.08 err/s: 0.00 reconn/s: 0.00
[ 82s ] thds: 32 tps: 687.10 qps: 10930.62 (r/w/o: 9558.42/0.00/1372.20) lat (ms,95%): 62.19 err/s: 0.00 reconn/s: 0.00
[ 83s ] thds: 32 tps: 676.98 qps: 10854.68 (r/w/o: 9500.72/0.00/1353.96) lat (ms,95%): 61.08 err/s: 0.00 reconn/s: 0.00
[ 84s ] thds: 32 tps: 682.94 qps: 10895.11 (r/w/o: 9529.22/0.00/1365.89) lat (ms,95%): 62.19 err/s: 0.00 reconn/s: 0.00
[ 85s ] thds: 32 tps: 681.77 qps: 10949.35 (r/w/o: 9582.81/0.00/1366.54) lat (ms,95%): 62.19 err/s: 0.00 reconn/s: 0.00
[ 86s ] thds: 32 tps: 674.29 qps: 10829.59 (r/w/o: 9481.02/0.00/1348.57) lat (ms,95%): 61.08 err/s: 0.00 reconn/s: 0.00
[ 87s ] thds: 32 tps: 682.76 qps: 10879.10 (r/w/o: 9514.59/0.00/1364.51) lat (ms,95%): 62.19 err/s: 0.00 reconn/s: 0.00
[ 88s ] thds: 32 tps: 685.24 qps: 10941.79 (r/w/o: 9571.31/0.00/1370.47) lat (ms,95%): 61.08 err/s: 0.00 reconn/s: 0.00
[ 89s ] thds: 32 tps: 685.77 qps: 10970.37 (r/w/o: 9597.82/0.00/1372.55) lat (ms,95%): 59.99 err/s: 0.00 reconn/s: 0.00
[ 90s ] thds: 32 tps: 681.99 qps: 10923.85 (r/w/o: 9563.87/0.00/1359.98) lat (ms,95%): 62.19 err/s: 0.00 reconn/s: 0.00
[ 91s ] thds: 32 tps: 684.22 qps: 10934.54 (r/w/o: 9563.09/0.00/1371.44) lat (ms,95%): 61.08 err/s: 0.00 reconn/s: 0.00
[ 92s ] thds: 32 tps: 680.96 qps: 10941.32 (r/w/o: 9580.41/0.00/1360.92) lat (ms,95%): 61.08 err/s: 0.00 reconn/s: 0.00
[ 93s ] thds: 32 tps: 686.93 qps: 10936.96 (r/w/o: 9562.09/0.00/1374.87) lat (ms,95%): 61.08 err/s: 0.00 reconn/s: 0.00
[ 94s ] thds: 32 tps: 677.86 qps: 10924.70 (r/w/o: 9568.99/0.00/1355.71) lat (ms,95%): 62.19 err/s: 0.00 reconn/s: 0.00
[ 95s ] thds: 32 tps: 678.89 qps: 10816.21 (r/w/o: 9457.43/0.00/1358.77) lat (ms,95%): 62.19 err/s: 0.00 reconn/s: 0.00
[ 96s ] thds: 32 tps: 676.36 qps: 10865.75 (r/w/o: 9514.04/0.00/1351.72) lat (ms,95%): 62.19 err/s: 0.00 reconn/s: 0.00
[ 97s ] thds: 32 tps: 684.04 qps: 10962.65 (r/w/o: 9593.57/0.00/1369.08) lat (ms,95%): 61.08 err/s: 0.00 reconn/s: 0.00
[ 98s ] thds: 32 tps: 686.71 qps: 10934.38 (r/w/o: 9560.96/0.00/1373.42) lat (ms,95%): 61.08 err/s: 0.00 reconn/s: 0.00
[ 99s ] thds: 32 tps: 685.26 qps: 10974.18 (r/w/o: 9603.65/0.00/1370.52) lat (ms,95%): 61.08 err/s: 0.00 reconn/s: 0.00
[ 100s ] thds: 32 tps: 690.87 qps: 11012.89 (r/w/o: 9633.16/0.00/1379.74) lat (ms,95%): 61.08 err/s: 0.00 reconn/s: 0.00
[ 101s ] thds: 32 tps: 676.13 qps: 10845.01 (r/w/o: 9490.76/0.00/1354.25) lat (ms,95%): 62.19 err/s: 0.00 reconn/s: 0.00
[ 102s ] thds: 32 tps: 686.67 qps: 10988.75 (r/w/o: 9616.41/0.00/1372.34) lat (ms,95%): 59.99 err/s: 0.00 reconn/s: 0.00
[ 103s ] thds: 32 tps: 686.31 qps: 10988.92 (r/w/o: 9615.30/0.00/1373.61) lat (ms,95%): 61.08 err/s: 0.00 reconn/s: 0.00
[ 104s ] thds: 32 tps: 678.83 qps: 10843.24 (r/w/o: 9486.59/0.00/1356.66) lat (ms,95%): 62.19 err/s: 0.00 reconn/s: 0.00
[ 105s ] thds: 32 tps: 676.92 qps: 10839.72 (r/w/o: 9484.88/0.00/1354.84) lat (ms,95%): 61.08 err/s: 0.00 reconn/s: 0.00
[ 106s ] thds: 32 tps: 678.33 qps: 10874.36 (r/w/o: 9517.69/0.00/1356.67) lat (ms,95%): 61.08 err/s: 0.00 reconn/s: 0.00
[ 107s ] thds: 32 tps: 677.96 qps: 10843.30 (r/w/o: 9488.39/0.00/1354.91) lat (ms,95%): 62.19 err/s: 0.00 reconn/s: 0.00
[ 108s ] thds: 32 tps: 680.00 qps: 10845.93 (r/w/o: 9485.94/0.00/1359.99) lat (ms,95%): 62.19 err/s: 0.00 reconn/s: 0.00
[ 109s ] thds: 32 tps: 686.87 qps: 10997.92 (r/w/o: 9625.18/0.00/1372.74) lat (ms,95%): 59.99 err/s: 0.00 reconn/s: 0.00
[ 110s ] thds: 32 tps: 687.85 qps: 10967.68 (r/w/o: 9593.97/0.00/1373.71) lat (ms,95%): 61.08 err/s: 0.00 reconn/s: 0.00
[ 111s ] thds: 32 tps: 681.17 qps: 10938.71 (r/w/o: 9573.37/0.00/1365.34) lat (ms,95%): 61.08 err/s: 0.00 reconn/s: 0.00
[ 112s ] thds: 32 tps: 681.05 qps: 10886.78 (r/w/o: 9525.68/0.00/1361.10) lat (ms,95%): 61.08 err/s: 0.00 reconn/s: 0.00
[ 113s ] thds: 32 tps: 673.02 qps: 10794.33 (r/w/o: 9447.29/0.00/1347.04) lat (ms,95%): 62.19 err/s: 0.00 reconn/s: 0.00
[ 114s ] thds: 32 tps: 679.73 qps: 10888.69 (r/w/o: 9528.23/0.00/1360.46) lat (ms,95%): 61.08 err/s: 0.00 reconn/s: 0.00
[ 115s ] thds: 32 tps: 688.33 qps: 10977.33 (r/w/o: 9603.67/0.00/1373.67) lat (ms,95%): 61.08 err/s: 0.00 reconn/s: 0.00
[ 116s ] thds: 32 tps: 686.94 qps: 10991.09 (r/w/o: 9615.20/0.00/1375.89) lat (ms,95%): 61.08 err/s: 0.00 reconn/s: 0.00
[ 117s ] thds: 32 tps: 680.04 qps: 10879.66 (r/w/o: 9521.58/0.00/1358.08) lat (ms,95%): 61.08 err/s: 0.00 reconn/s: 0.00
[ 118s ] thds: 32 tps: 678.92 qps: 10856.73 (r/w/o: 9495.89/0.00/1360.84) lat (ms,95%): 62.19 err/s: 0.00 reconn/s: 0.00
[ 119s ] thds: 32 tps: 678.85 qps: 10930.54 (r/w/o: 9572.85/0.00/1357.69) lat (ms,95%): 61.08 err/s: 0.00 reconn/s: 0.00
[ 120s ] thds: 32 tps: 685.25 qps: 10900.96 (r/w/o: 9531.46/0.00/1369.50) lat (ms,95%): 61.08 err/s: 0.00 reconn/s: 0.00
[ 121s ] thds: 32 tps: 684.03 qps: 10986.55 (r/w/o: 9617.49/0.00/1369.07) lat (ms,95%): 61.08 err/s: 0.00 reconn/s: 0.00
[ 122s ] thds: 32 tps: 680.60 qps: 10838.69 (r/w/o: 9478.48/0.00/1360.21) lat (ms,95%): 62.19 err/s: 0.00 reconn/s: 0.00
[ 123s ] thds: 32 tps: 674.35 qps: 10800.55 (r/w/o: 9450.86/0.00/1349.69) lat (ms,95%): 61.08 err/s: 0.00 reconn/s: 0.00
[ 124s ] thds: 32 tps: 677.79 qps: 10858.66 (r/w/o: 9504.08/0.00/1354.58) lat (ms,95%): 62.19 err/s: 0.00 reconn/s: 0.00
[ 125s ] thds: 32 tps: 686.69 qps: 10974.02 (r/w/o: 9599.64/0.00/1374.38) lat (ms,95%): 61.08 err/s: 0.00 reconn/s: 0.00
[ 126s ] thds: 32 tps: 687.49 qps: 11012.88 (r/w/o: 9638.90/0.00/1373.98) lat (ms,95%): 62.19 err/s: 0.00 reconn/s: 0.00
[ 127s ] thds: 32 tps: 682.72 qps: 10935.58 (r/w/o: 9571.14/0.00/1364.45) lat (ms,95%): 61.08 err/s: 0.00 reconn/s: 0.00
[ 128s ] thds: 32 tps: 681.98 qps: 10897.73 (r/w/o: 9532.77/0.00/1364.97) lat (ms,95%): 61.08 err/s: 0.00 reconn/s: 0.00
[ 129s ] thds: 32 tps: 686.90 qps: 10942.44 (r/w/o: 9568.64/0.00/1373.80) lat (ms,95%): 61.08 err/s: 0.00 reconn/s: 0.00
[ 130s ] thds: 32 tps: 685.11 qps: 10996.71 (r/w/o: 9626.50/0.00/1370.21) lat (ms,95%): 61.08 err/s: 0.00 reconn/s: 0.00
[ 131s ] thds: 32 tps: 673.97 qps: 10800.50 (r/w/o: 9453.57/0.00/1346.94) lat (ms,95%): 61.08 err/s: 0.00 reconn/s: 0.00
[ 132s ] thds: 32 tps: 672.36 qps: 10766.80 (r/w/o: 9421.07/0.00/1345.72) lat (ms,95%): 61.08 err/s: 0.00 reconn/s: 0.00
[ 133s ] thds: 32 tps: 685.95 qps: 10988.16 (r/w/o: 9615.26/0.00/1372.89) lat (ms,95%): 61.08 err/s: 0.00 reconn/s: 0.00
[ 134s ] thds: 32 tps: 684.09 qps: 10922.52 (r/w/o: 9557.33/0.00/1365.19) lat (ms,95%): 61.08 err/s: 0.00 reconn/s: 0.00
[ 135s ] thds: 32 tps: 687.65 qps: 11007.33 (r/w/o: 9630.04/0.00/1377.29) lat (ms,95%): 61.08 err/s: 0.00 reconn/s: 0.00
[ 136s ] thds: 32 tps: 684.32 qps: 10921.07 (r/w/o: 9553.43/0.00/1367.63) lat (ms,95%): 62.19 err/s: 0.00 reconn/s: 0.00
[ 137s ] thds: 32 tps: 679.72 qps: 10921.55 (r/w/o: 9562.11/0.00/1359.45) lat (ms,95%): 61.08 err/s: 0.00 reconn/s: 0.00
[ 138s ] thds: 32 tps: 677.20 qps: 10813.25 (r/w/o: 9457.84/0.00/1355.41) lat (ms,95%): 63.32 err/s: 0.00 reconn/s: 0.00
[ 139s ] thds: 32 tps: 681.03 qps: 10862.55 (r/w/o: 9501.48/0.00/1361.07) lat (ms,95%): 61.08 err/s: 0.00 reconn/s: 0.00
[ 140s ] thds: 32 tps: 677.78 qps: 10883.46 (r/w/o: 9527.90/0.00/1355.56) lat (ms,95%): 62.19 err/s: 0.00 reconn/s: 0.00
[ 141s ] thds: 32 tps: 674.22 qps: 10762.59 (r/w/o: 9417.14/0.00/1345.45) lat (ms,95%): 62.19 err/s: 0.00 reconn/s: 0.00
[ 142s ] thds: 32 tps: 668.00 qps: 10692.97 (r/w/o: 9352.97/0.00/1340.00) lat (ms,95%): 62.19 err/s: 0.00 reconn/s: 0.00
[ 143s ] thds: 32 tps: 689.76 qps: 11055.08 (r/w/o: 9675.57/0.00/1379.51) lat (ms,95%): 61.08 err/s: 0.00 reconn/s: 0.00
[ 144s ] thds: 32 tps: 691.21 qps: 11057.41 (r/w/o: 9673.99/0.00/1383.43) lat (ms,95%): 61.08 err/s: 0.00 reconn/s: 0.00
[ 145s ] thds: 32 tps: 685.04 qps: 10936.61 (r/w/o: 9567.53/0.00/1369.08) lat (ms,95%): 59.99 err/s: 0.00 reconn/s: 0.00
[ 146s ] thds: 32 tps: 679.04 qps: 10875.66 (r/w/o: 9517.58/0.00/1358.08) lat (ms,95%): 59.99 err/s: 0.00 reconn/s: 0.00
[ 147s ] thds: 32 tps: 685.00 qps: 10992.97 (r/w/o: 9623.98/0.00/1369.00) lat (ms,95%): 59.99 err/s: 0.00 reconn/s: 0.00
[ 148s ] thds: 32 tps: 681.51 qps: 10877.18 (r/w/o: 9514.16/0.00/1363.02) lat (ms,95%): 61.08 err/s: 0.00 reconn/s: 0.00
[ 149s ] thds: 32 tps: 674.42 qps: 10800.71 (r/w/o: 9450.87/0.00/1349.84) lat (ms,95%): 62.19 err/s: 0.00 reconn/s: 0.00
[ 150s ] thds: 32 tps: 669.75 qps: 10728.07 (r/w/o: 9387.56/0.00/1340.51) lat (ms,95%): 63.32 err/s: 0.00 reconn/s: 0.00
[ 151s ] thds: 32 tps: 684.95 qps: 10926.27 (r/w/o: 9556.36/0.00/1369.91) lat (ms,95%): 59.99 err/s: 0.00 reconn/s: 0.00
[ 152s ] thds: 32 tps: 687.30 qps: 11016.86 (r/w/o: 9643.25/0.00/1373.61) lat (ms,95%): 59.99 err/s: 0.00 reconn/s: 0.00
[ 153s ] thds: 32 tps: 684.03 qps: 10971.41 (r/w/o: 9603.36/0.00/1368.05) lat (ms,95%): 59.99 err/s: 0.00 reconn/s: 0.00
[ 154s ] thds: 32 tps: 682.71 qps: 10887.38 (r/w/o: 9523.96/0.00/1363.42) lat (ms,95%): 61.08 err/s: 0.00 reconn/s: 0.00
[ 155s ] thds: 32 tps: 680.98 qps: 10923.61 (r/w/o: 9558.66/0.00/1364.95) lat (ms,95%): 61.08 err/s: 0.00 reconn/s: 0.00
[ 156s ] thds: 32 tps: 681.32 qps: 10871.07 (r/w/o: 9510.44/0.00/1360.63) lat (ms,95%): 61.08 err/s: 0.00 reconn/s: 0.00
[ 157s ] thds: 32 tps: 677.68 qps: 10868.82 (r/w/o: 9511.47/0.00/1357.35) lat (ms,95%): 61.08 err/s: 0.00 reconn/s: 0.00
[ 158s ] thds: 32 tps: 685.95 qps: 10948.20 (r/w/o: 9578.30/0.00/1369.90) lat (ms,95%): 61.08 err/s: 0.00 reconn/s: 0.00
[ 159s ] thds: 32 tps: 674.92 qps: 10799.67 (r/w/o: 9449.84/0.00/1349.83) lat (ms,95%): 62.19 err/s: 0.00 reconn/s: 0.00
[ 160s ] thds: 32 tps: 681.44 qps: 10896.99 (r/w/o: 9535.12/0.00/1361.87) lat (ms,95%): 62.19 err/s: 0.00 reconn/s: 0.00
[ 161s ] thds: 32 tps: 676.06 qps: 10870.00 (r/w/o: 9514.87/0.00/1355.12) lat (ms,95%): 61.08 err/s: 0.00 reconn/s: 0.00
[ 162s ] thds: 32 tps: 684.95 qps: 10899.14 (r/w/o: 9530.24/0.00/1368.89) lat (ms,95%): 61.08 err/s: 0.00 reconn/s: 0.00
[ 163s ] thds: 32 tps: 683.74 qps: 10924.83 (r/w/o: 9558.35/0.00/1366.48) lat (ms,95%): 59.99 err/s: 0.00 reconn/s: 0.00
[ 164s ] thds: 32 tps: 682.95 qps: 10962.18 (r/w/o: 9596.28/0.00/1365.90) lat (ms,95%): 59.99 err/s: 0.00 reconn/s: 0.00
[ 165s ] thds: 32 tps: 672.03 qps: 10771.48 (r/w/o: 9426.42/0.00/1345.06) lat (ms,95%): 62.19 err/s: 0.00 reconn/s: 0.00
[ 166s ] thds: 32 tps: 675.24 qps: 10814.89 (r/w/o: 9466.41/0.00/1348.49) lat (ms,95%): 61.08 err/s: 0.00 reconn/s: 0.00
[ 167s ] thds: 32 tps: 685.86 qps: 10923.73 (r/w/o: 9550.02/0.00/1373.71) lat (ms,95%): 62.19 err/s: 0.00 reconn/s: 0.00
[ 168s ] thds: 32 tps: 677.15 qps: 10837.37 (r/w/o: 9482.07/0.00/1355.30) lat (ms,95%): 61.08 err/s: 0.00 reconn/s: 0.00
[ 169s ] thds: 32 tps: 684.02 qps: 10924.37 (r/w/o: 9559.33/0.00/1365.05) lat (ms,95%): 62.19 err/s: 0.00 reconn/s: 0.00
[ 170s ] thds: 32 tps: 682.67 qps: 10958.71 (r/w/o: 9591.37/0.00/1367.34) lat (ms,95%): 61.08 err/s: 0.00 reconn/s: 0.00
[ 171s ] thds: 32 tps: 684.33 qps: 10971.23 (r/w/o: 9601.58/0.00/1369.65) lat (ms,95%): 61.08 err/s: 0.00 reconn/s: 0.00
[ 172s ] thds: 32 tps: 685.76 qps: 10943.16 (r/w/o: 9572.64/0.00/1370.52) lat (ms,95%): 59.99 err/s: 0.00 reconn/s: 0.00
[ 173s ] thds: 32 tps: 677.77 qps: 10890.28 (r/w/o: 9533.75/0.00/1356.54) lat (ms,95%): 61.08 err/s: 0.00 reconn/s: 0.00
[ 174s ] thds: 32 tps: 686.07 qps: 10925.09 (r/w/o: 9555.96/0.00/1369.14) lat (ms,95%): 61.08 err/s: 0.00 reconn/s: 0.00
[ 175s ] thds: 32 tps: 682.10 qps: 10934.54 (r/w/o: 9570.35/0.00/1364.19) lat (ms,95%): 62.19 err/s: 0.00 reconn/s: 0.00
[ 176s ] thds: 32 tps: 690.36 qps: 11031.81 (r/w/o: 9650.09/0.00/1381.73) lat (ms,95%): 61.08 err/s: 0.00 reconn/s: 0.00
[ 177s ] thds: 32 tps: 672.93 qps: 10782.85 (r/w/o: 9434.99/0.00/1347.86) lat (ms,95%): 62.19 err/s: 0.00 reconn/s: 0.00
[ 178s ] thds: 32 tps: 673.59 qps: 10830.42 (r/w/o: 9483.24/0.00/1347.18) lat (ms,95%): 61.08 err/s: 0.00 reconn/s: 0.00
[ 179s ] thds: 32 tps: 685.08 qps: 10902.28 (r/w/o: 9532.12/0.00/1370.16) lat (ms,95%): 61.08 err/s: 0.00 reconn/s: 0.00
[ 180s ] thds: 32 tps: 685.99 qps: 10985.79 (r/w/o: 9613.82/0.00/1371.97) lat (ms,95%): 61.08 err/s: 0.00 reconn/s: 0.00
[ 181s ] thds: 32 tps: 686.38 qps: 10949.00 (r/w/o: 9579.25/0.00/1369.75) lat (ms,95%): 62.19 err/s: 0.00 reconn/s: 0.00
[ 182s ] thds: 32 tps: 681.83 qps: 10923.33 (r/w/o: 9556.66/0.00/1366.67) lat (ms,95%): 62.19 err/s: 0.00 reconn/s: 0.00
[ 183s ] thds: 32 tps: 685.17 qps: 10979.72 (r/w/o: 9612.38/0.00/1367.34) lat (ms,95%): 61.08 err/s: 0.00 reconn/s: 0.00
[ 184s ] thds: 32 tps: 682.00 qps: 10919.02 (r/w/o: 9553.02/0.00/1366.00) lat (ms,95%): 61.08 err/s: 0.00 reconn/s: 0.00
[ 185s ] thds: 32 tps: 684.01 qps: 10917.15 (r/w/o: 9549.13/0.00/1368.02) lat (ms,95%): 59.99 err/s: 0.00 reconn/s: 0.00
[ 186s ] thds: 32 tps: 680.58 qps: 10928.32 (r/w/o: 9566.15/0.00/1362.17) lat (ms,95%): 61.08 err/s: 0.00 reconn/s: 0.00
[ 187s ] thds: 32 tps: 685.99 qps: 10960.92 (r/w/o: 9591.93/0.00/1368.99) lat (ms,95%): 61.08 err/s: 0.00 reconn/s: 0.00
[ 188s ] thds: 32 tps: 691.44 qps: 11046.96 (r/w/o: 9662.08/0.00/1384.87) lat (ms,95%): 62.19 err/s: 0.00 reconn/s: 0.00
[ 189s ] thds: 32 tps: 677.93 qps: 10852.90 (r/w/o: 9498.03/0.00/1354.86) lat (ms,95%): 62.19 err/s: 0.00 reconn/s: 0.00
[ 190s ] thds: 32 tps: 685.53 qps: 10962.48 (r/w/o: 9591.42/0.00/1371.06) lat (ms,95%): 61.08 err/s: 0.00 reconn/s: 0.00
[ 191s ] thds: 32 tps: 691.54 qps: 11029.60 (r/w/o: 9648.53/0.00/1381.08) lat (ms,95%): 61.08 err/s: 0.00 reconn/s: 0.00
[ 192s ] thds: 32 tps: 684.95 qps: 10992.24 (r/w/o: 9620.33/0.00/1371.91) lat (ms,95%): 61.08 err/s: 0.00 reconn/s: 0.00
[ 193s ] thds: 32 tps: 686.04 qps: 10995.59 (r/w/o: 9623.51/0.00/1372.07) lat (ms,95%): 59.99 err/s: 0.00 reconn/s: 0.00
[ 194s ] thds: 32 tps: 685.01 qps: 10950.19 (r/w/o: 9578.16/0.00/1372.02) lat (ms,95%): 61.08 err/s: 0.00 reconn/s: 0.00
[ 195s ] thds: 32 tps: 677.58 qps: 10831.35 (r/w/o: 9478.18/0.00/1353.17) lat (ms,95%): 61.08 err/s: 0.00 reconn/s: 0.00
[ 196s ] thds: 32 tps: 682.41 qps: 10935.56 (r/w/o: 9568.74/0.00/1366.82) lat (ms,95%): 61.08 err/s: 0.00 reconn/s: 0.00
[ 197s ] thds: 32 tps: 675.96 qps: 10854.39 (r/w/o: 9504.47/0.00/1349.92) lat (ms,95%): 61.08 err/s: 0.00 reconn/s: 0.00
[ 198s ] thds: 32 tps: 693.00 qps: 11006.94 (r/w/o: 9621.95/0.00/1384.99) lat (ms,95%): 61.08 err/s: 0.00 reconn/s: 0.00
[ 199s ] thds: 32 tps: 685.04 qps: 10966.68 (r/w/o: 9594.60/0.00/1372.09) lat (ms,95%): 61.08 err/s: 0.00 reconn/s: 0.00
[ 200s ] thds: 32 tps: 678.42 qps: 10866.72 (r/w/o: 9508.88/0.00/1357.84) lat (ms,95%): 62.19 err/s: 0.00 reconn/s: 0.00
[ 201s ] thds: 32 tps: 686.20 qps: 10972.14 (r/w/o: 9600.75/0.00/1371.39) lat (ms,95%): 61.08 err/s: 0.00 reconn/s: 0.00
[ 202s ] thds: 32 tps: 687.39 qps: 11016.27 (r/w/o: 9642.48/0.00/1373.78) lat (ms,95%): 61.08 err/s: 0.00 reconn/s: 0.00
[ 203s ] thds: 32 tps: 687.99 qps: 11045.85 (r/w/o: 9668.87/0.00/1376.98) lat (ms,95%): 61.08 err/s: 0.00 reconn/s: 0.00
[ 204s ] thds: 32 tps: 685.88 qps: 10904.03 (r/w/o: 9532.28/0.00/1371.75) lat (ms,95%): 62.19 err/s: 0.00 reconn/s: 0.00
[ 205s ] thds: 32 tps: 677.11 qps: 10874.74 (r/w/o: 9521.53/0.00/1353.22) lat (ms,95%): 62.19 err/s: 0.00 reconn/s: 0.00
[ 206s ] thds: 32 tps: 676.97 qps: 10823.56 (r/w/o: 9467.61/0.00/1355.94) lat (ms,95%): 63.32 err/s: 0.00 reconn/s: 0.00
[ 207s ] thds: 32 tps: 678.05 qps: 10914.80 (r/w/o: 9560.70/0.00/1354.10) lat (ms,95%): 61.08 err/s: 0.00 reconn/s: 0.00
[ 208s ] thds: 32 tps: 685.91 qps: 10884.50 (r/w/o: 9510.69/0.00/1373.81) lat (ms,95%): 61.08 err/s: 0.00 reconn/s: 0.00
[ 209s ] thds: 32 tps: 682.09 qps: 10926.37 (r/w/o: 9564.20/0.00/1362.17) lat (ms,95%): 59.99 err/s: 0.00 reconn/s: 0.00
[ 210s ] thds: 32 tps: 687.74 qps: 10980.92 (r/w/o: 9604.43/0.00/1376.49) lat (ms,95%): 61.08 err/s: 0.00 reconn/s: 0.00
[ 211s ] thds: 32 tps: 681.90 qps: 10961.43 (r/w/o: 9597.62/0.00/1363.80) lat (ms,95%): 61.08 err/s: 0.00 reconn/s: 0.00
[ 212s ] thds: 32 tps: 676.36 qps: 10829.72 (r/w/o: 9476.00/0.00/1353.71) lat (ms,95%): 62.19 err/s: 0.00 reconn/s: 0.00
[ 213s ] thds: 32 tps: 674.00 qps: 10777.07 (r/w/o: 9430.06/0.00/1347.01) lat (ms,95%): 62.19 err/s: 0.00 reconn/s: 0.00
[ 214s ] thds: 32 tps: 682.00 qps: 10863.96 (r/w/o: 9499.96/0.00/1363.99) lat (ms,95%): 61.08 err/s: 0.00 reconn/s: 0.00
[ 215s ] thds: 32 tps: 674.60 qps: 10845.60 (r/w/o: 9496.39/0.00/1349.20) lat (ms,95%): 62.19 err/s: 0.00 reconn/s: 0.00
[ 216s ] thds: 32 tps: 681.36 qps: 10886.82 (r/w/o: 9523.09/0.00/1363.73) lat (ms,95%): 61.08 err/s: 0.00 reconn/s: 0.00
[ 217s ] thds: 32 tps: 690.03 qps: 11015.42 (r/w/o: 9636.36/0.00/1379.05) lat (ms,95%): 61.08 err/s: 0.00 reconn/s: 0.00
[ 218s ] thds: 32 tps: 685.55 qps: 10956.87 (r/w/o: 9587.76/0.00/1369.11) lat (ms,95%): 62.19 err/s: 0.00 reconn/s: 0.00
[ 219s ] thds: 32 tps: 687.20 qps: 10988.17 (r/w/o: 9613.78/0.00/1374.40) lat (ms,95%): 62.19 err/s: 0.00 reconn/s: 0.00
[ 220s ] thds: 32 tps: 682.16 qps: 10926.63 (r/w/o: 9560.30/0.00/1366.33) lat (ms,95%): 61.08 err/s: 0.00 reconn/s: 0.00
[ 221s ] thds: 32 tps: 687.10 qps: 11044.59 (r/w/o: 9670.39/0.00/1374.20) lat (ms,95%): 61.08 err/s: 0.00 reconn/s: 0.00
[ 222s ] thds: 32 tps: 683.00 qps: 10923.04 (r/w/o: 9558.04/0.00/1365.01) lat (ms,95%): 62.19 err/s: 0.00 reconn/s: 0.00
[ 223s ] thds: 32 tps: 685.98 qps: 10930.76 (r/w/o: 9557.79/0.00/1372.97) lat (ms,95%): 61.08 err/s: 0.00 reconn/s: 0.00
[ 224s ] thds: 32 tps: 681.00 qps: 10902.01 (r/w/o: 9540.01/0.00/1362.00) lat (ms,95%): 61.08 err/s: 0.00 reconn/s: 0.00
[ 225s ] thds: 32 tps: 678.98 qps: 10885.75 (r/w/o: 9526.78/0.00/1358.97) lat (ms,95%): 62.19 err/s: 0.00 reconn/s: 0.00
[ 226s ] thds: 32 tps: 679.79 qps: 10875.71 (r/w/o: 9518.12/0.00/1357.59) lat (ms,95%): 62.19 err/s: 0.00 reconn/s: 0.00
[ 227s ] thds: 32 tps: 681.23 qps: 10887.67 (r/w/o: 9524.21/0.00/1363.46) lat (ms,95%): 61.08 err/s: 0.00 reconn/s: 0.00
[ 228s ] thds: 32 tps: 686.43 qps: 10958.91 (r/w/o: 9587.05/0.00/1371.86) lat (ms,95%): 59.99 err/s: 0.00 reconn/s: 0.00
[ 229s ] thds: 32 tps: 678.54 qps: 10859.70 (r/w/o: 9502.61/0.00/1357.09) lat (ms,95%): 61.08 err/s: 0.00 reconn/s: 0.00
[ 230s ] thds: 32 tps: 681.00 qps: 10892.05 (r/w/o: 9528.04/0.00/1364.01) lat (ms,95%): 61.08 err/s: 0.00 reconn/s: 0.00
[ 231s ] thds: 32 tps: 671.96 qps: 10834.33 (r/w/o: 9490.41/0.00/1343.92) lat (ms,95%): 61.08 err/s: 0.00 reconn/s: 0.00
[ 232s ] thds: 32 tps: 685.04 qps: 10893.71 (r/w/o: 9523.62/0.00/1370.09) lat (ms,95%): 59.99 err/s: 0.00 reconn/s: 0.00
[ 233s ] thds: 32 tps: 684.96 qps: 10951.38 (r/w/o: 9583.45/0.00/1367.92) lat (ms,95%): 61.08 err/s: 0.00 reconn/s: 0.00
[ 234s ] thds: 32 tps: 681.05 qps: 10957.80 (r/w/o: 9594.70/0.00/1363.10) lat (ms,95%): 61.08 err/s: 0.00 reconn/s: 0.00
[ 235s ] thds: 32 tps: 686.63 qps: 10977.13 (r/w/o: 9603.87/0.00/1373.27) lat (ms,95%): 59.99 err/s: 0.00 reconn/s: 0.00
[ 236s ] thds: 32 tps: 684.81 qps: 10906.04 (r/w/o: 9536.41/0.00/1369.63) lat (ms,95%): 61.08 err/s: 0.00 reconn/s: 0.00
[ 237s ] thds: 32 tps: 677.51 qps: 10907.20 (r/w/o: 9552.18/0.00/1355.02) lat (ms,95%): 61.08 err/s: 0.00 reconn/s: 0.00
[ 238s ] thds: 32 tps: 690.95 qps: 10993.14 (r/w/o: 9610.25/0.00/1382.89) lat (ms,95%): 61.08 err/s: 0.00 reconn/s: 0.00
[ 239s ] thds: 32 tps: 682.16 qps: 10934.64 (r/w/o: 9570.31/0.00/1364.33) lat (ms,95%): 61.08 err/s: 0.00 reconn/s: 0.00
[ 240s ] thds: 32 tps: 680.74 qps: 10879.88 (r/w/o: 9520.40/0.00/1359.49) lat (ms,95%): 61.08 err/s: 0.00 reconn/s: 0.00
Latency histogram (values are in milliseconds)
       value  ------------- distribution ------------- count
      21.496 |                                         1
      22.284 |                                         1
      22.689 |                                         2
      23.521 |                                         2
      23.948 |                                         9
      24.384 |                                         16
      24.827 |                                         33
      25.278 |                                         32
      25.737 |                                         62
      26.205 |*                                        94
      26.681 |*                                        150
      27.165 |*                                        214
      27.659 |*                                        251
      28.162 |**                                       296
      28.673 |**                                       405
      29.194 |***                                      512
      29.725 |***                                      611
      30.265 |****                                     765
      30.815 |*****                                    844
      31.375 |*****                                    1011
      31.945 |*******                                  1276
      32.525 |********                                 1417
      33.116 |********                                 1532
      33.718 |**********                               1903
      34.330 |***********                              2058
      34.954 |************                             2260
      35.589 |*************                            2404
      36.236 |**************                           2598
      36.894 |***************                          2741
      37.565 |*****************                        3131
      38.247 |*****************                        3238
      38.942 |*******************                      3497
      39.650 |*********************                    3883
      40.370 |**********************                   4127
      41.104 |***********************                  4298
      41.851 |***********************                  4237
      42.611 |***********************                  4258
      43.385 |***********************                  4250
      44.173 |************************                 4522
      44.976 |**************************               4760
      45.793 |*****************************            5351
      46.625 |********************************         5835
      47.472 |***********************************      6433
      48.335 |*************************************    6934
      49.213 |***************************************  7197
      50.107 |**************************************** 7405
      51.018 |***************************************  7294
      51.945 |*************************************    6865
      52.889 |**********************************       6345
      53.850 |******************************           5642
      54.828 |***************************              4935
      55.824 |**********************                   4043
      56.839 |*******************                      3475
      57.871 |****************                         2945
      58.923 |***************                          2736
      59.993 |**************                           2565
      61.083 |*************                            2335
      62.193 |************                             2229
      63.323 |**********                               1889
      64.474 |********                                 1531
      65.645 |*****                                    963
      66.838 |***                                      559
      68.053 |*                                        249
      69.289 |*                                        106
      70.548 |                                         34
      71.830 |                                         9
      73.135 |                                         6
      74.464 |                                         7
      77.194 |                                         1
      80.025 |                                         1
      84.467 |                                         1
      86.002 |                                         1
      87.564 |                                         1
     267.408 |                                         1
     272.267 |                                         2
 
SQL statistics:
    queries performed:
        read:                            2290603
        write:                           0
        other:                           327224
        total:                           2617827
    transactions:                        163626 (681.62 per sec.)
    queries:                             2617827 (10905.20 per sec.)
    ignored errors:                      0      (0.00 per sec.)
    reconnects:                          0      (0.00 per sec.)

Throughput:
    events/s (eps):                      681.6245
    time elapsed:                        240.0532s
    total number of events:              163626

Latency (ms):
         min:                                   21.59
         avg:                                   46.94
         max:                                  273.42
         95th percentile:                       61.08
         sum:                              7680862.75

Threads fairness:
    events (avg/stddev):           5113.3125/898.05
    execution time (avg/stddev):   240.0270/0.02

