sysbench 1.1.0-3ceba0b (using bundled LuaJIT 2.1.0-beta3)

Running the test with following options:
Number of threads: 256
Warmup time: 60s
Report intermediate results every 1 second(s)
Initializing random number generator from current time


Initializing worker threads...

Threads started!

Warming up for 60 seconds...

[ 1s ] thds: 256 tps: 2151.04 qps: 2151.04 (r/w/o: 0.00/2105.34/45.70) lat (ms,95%): 320.17 err/s: 0.00 reconn/s: 0.00
[ 2s ] thds: 256 tps: 1356.54 qps: 1356.54 (r/w/o: 0.00/1332.55/23.99) lat (ms,95%): 320.17 err/s: 0.00 reconn/s: 0.00
[ 3s ] thds: 256 tps: 1344.88 qps: 1344.88 (r/w/o: 0.00/1306.88/38.00) lat (ms,95%): 325.98 err/s: 0.00 reconn/s: 0.00
[ 4s ] thds: 256 tps: 1498.71 qps: 1498.71 (r/w/o: 0.00/1472.71/25.99) lat (ms,95%): 325.98 err/s: 0.00 reconn/s: 0.00
[ 5s ] thds: 256 tps: 1625.18 qps: 1625.18 (r/w/o: 0.00/1599.18/26.00) lat (ms,95%): 277.21 err/s: 0.00 reconn/s: 0.00
[ 6s ] thds: 256 tps: 1447.97 qps: 1447.97 (r/w/o: 0.00/1412.98/35.00) lat (ms,95%): 419.45 err/s: 0.00 reconn/s: 0.00
[ 7s ] thds: 256 tps: 1410.19 qps: 1410.19 (r/w/o: 0.00/1385.18/25.00) lat (ms,95%): 411.96 err/s: 0.00 reconn/s: 0.00
[ 8s ] thds: 256 tps: 1478.09 qps: 1478.09 (r/w/o: 0.00/1442.08/36.00) lat (ms,95%): 369.77 err/s: 0.00 reconn/s: 0.00
[ 9s ] thds: 256 tps: 1616.87 qps: 1616.87 (r/w/o: 0.00/1583.87/33.00) lat (ms,95%): 211.60 err/s: 0.00 reconn/s: 0.00
[ 10s ] thds: 256 tps: 1577.94 qps: 1577.94 (r/w/o: 0.00/1537.94/40.00) lat (ms,95%): 376.49 err/s: 0.00 reconn/s: 0.00
[ 11s ] thds: 256 tps: 1618.03 qps: 1618.03 (r/w/o: 0.00/1588.03/30.00) lat (ms,95%): 369.77 err/s: 0.00 reconn/s: 0.00
[ 12s ] thds: 256 tps: 1479.60 qps: 1479.60 (r/w/o: 0.00/1450.59/29.01) lat (ms,95%): 356.70 err/s: 0.00 reconn/s: 0.00
[ 13s ] thds: 256 tps: 1514.00 qps: 1514.00 (r/w/o: 0.00/1475.02/38.97) lat (ms,95%): 363.18 err/s: 0.00 reconn/s: 0.00
[ 14s ] thds: 256 tps: 1533.13 qps: 1533.13 (r/w/o: 0.00/1498.12/35.00) lat (ms,95%): 331.91 err/s: 0.00 reconn/s: 0.00
[ 15s ] thds: 256 tps: 1551.62 qps: 1551.62 (r/w/o: 0.00/1521.61/30.01) lat (ms,95%): 325.98 err/s: 0.00 reconn/s: 0.00
[ 16s ] thds: 256 tps: 1516.33 qps: 1516.33 (r/w/o: 0.00/1472.32/44.01) lat (ms,95%): 287.38 err/s: 0.00 reconn/s: 0.00
[ 17s ] thds: 256 tps: 1464.40 qps: 1464.40 (r/w/o: 0.00/1442.41/21.99) lat (ms,95%): 277.21 err/s: 0.00 reconn/s: 0.00
[ 18s ] thds: 256 tps: 1481.24 qps: 1481.24 (r/w/o: 0.00/1452.23/29.00) lat (ms,95%): 272.27 err/s: 0.00 reconn/s: 0.00
[ 19s ] thds: 256 tps: 1543.44 qps: 1543.44 (r/w/o: 0.00/1511.46/31.99) lat (ms,95%): 272.27 err/s: 0.00 reconn/s: 0.00
[ 20s ] thds: 256 tps: 1518.17 qps: 1518.17 (r/w/o: 0.00/1490.17/28.00) lat (ms,95%): 231.53 err/s: 0.00 reconn/s: 0.00
[ 21s ] thds: 256 tps: 1517.78 qps: 1517.78 (r/w/o: 0.00/1478.79/38.99) lat (ms,95%): 308.84 err/s: 0.00 reconn/s: 0.00
[ 22s ] thds: 256 tps: 1524.97 qps: 1524.97 (r/w/o: 0.00/1486.95/38.02) lat (ms,95%): 314.45 err/s: 0.00 reconn/s: 0.00
[ 23s ] thds: 256 tps: 1618.24 qps: 1618.24 (r/w/o: 0.00/1583.26/34.98) lat (ms,95%): 227.40 err/s: 0.00 reconn/s: 0.00
[ 24s ] thds: 256 tps: 1516.83 qps: 1516.83 (r/w/o: 0.00/1471.83/44.99) lat (ms,95%): 244.38 err/s: 0.00 reconn/s: 0.00
[ 25s ] thds: 256 tps: 1459.46 qps: 1459.46 (r/w/o: 0.00/1428.45/31.01) lat (ms,95%): 267.41 err/s: 0.00 reconn/s: 0.00
[ 26s ] thds: 256 tps: 1512.65 qps: 1512.65 (r/w/o: 0.00/1482.65/29.99) lat (ms,95%): 262.64 err/s: 0.00 reconn/s: 0.00
[ 27s ] thds: 256 tps: 1525.10 qps: 1525.10 (r/w/o: 0.00/1486.10/39.00) lat (ms,95%): 257.95 err/s: 0.00 reconn/s: 0.00
[ 28s ] thds: 256 tps: 1475.95 qps: 1475.95 (r/w/o: 0.00/1441.95/34.00) lat (ms,95%): 262.64 err/s: 0.00 reconn/s: 0.00
[ 29s ] thds: 256 tps: 1456.67 qps: 1456.67 (r/w/o: 0.00/1423.65/33.02) lat (ms,95%): 287.38 err/s: 0.00 reconn/s: 0.00
[ 30s ] thds: 256 tps: 1522.40 qps: 1522.40 (r/w/o: 0.00/1492.41/29.99) lat (ms,95%): 262.64 err/s: 0.00 reconn/s: 0.00
[ 31s ] thds: 256 tps: 1468.02 qps: 1468.02 (r/w/o: 0.00/1433.02/35.00) lat (ms,95%): 297.92 err/s: 0.00 reconn/s: 0.00
[ 32s ] thds: 256 tps: 1526.02 qps: 1526.02 (r/w/o: 0.00/1483.02/43.00) lat (ms,95%): 223.34 err/s: 0.00 reconn/s: 0.00
[ 33s ] thds: 256 tps: 1539.42 qps: 1539.42 (r/w/o: 0.00/1503.43/35.99) lat (ms,95%): 193.38 err/s: 0.00 reconn/s: 0.00
[ 34s ] thds: 256 tps: 1508.51 qps: 1508.51 (r/w/o: 0.00/1485.51/23.01) lat (ms,95%): 282.25 err/s: 0.00 reconn/s: 0.00
[ 35s ] thds: 256 tps: 1464.62 qps: 1464.62 (r/w/o: 0.00/1431.60/33.01) lat (ms,95%): 287.38 err/s: 0.00 reconn/s: 0.00
[ 36s ] thds: 256 tps: 2401.68 qps: 2401.68 (r/w/o: 0.00/2345.72/55.97) lat (ms,95%): 282.25 err/s: 0.00 reconn/s: 0.00
[ 37s ] thds: 256 tps: 1462.08 qps: 1462.08 (r/w/o: 0.00/1438.07/24.00) lat (ms,95%): 287.38 err/s: 0.00 reconn/s: 0.00
[ 38s ] thds: 256 tps: 1426.22 qps: 1426.22 (r/w/o: 0.00/1408.21/18.00) lat (ms,95%): 320.17 err/s: 0.00 reconn/s: 0.00
[ 39s ] thds: 256 tps: 1534.84 qps: 1534.84 (r/w/o: 0.00/1498.84/36.00) lat (ms,95%): 390.30 err/s: 0.00 reconn/s: 0.00
[ 40s ] thds: 256 tps: 1561.94 qps: 1561.94 (r/w/o: 0.00/1522.94/39.00) lat (ms,95%): 257.95 err/s: 0.00 reconn/s: 0.00
[ 41s ] thds: 256 tps: 1446.92 qps: 1446.92 (r/w/o: 0.00/1413.93/33.00) lat (ms,95%): 262.64 err/s: 0.00 reconn/s: 0.00
[ 42s ] thds: 256 tps: 1409.57 qps: 1409.57 (r/w/o: 0.00/1384.58/24.99) lat (ms,95%): 450.77 err/s: 0.00 reconn/s: 0.00
[ 43s ] thds: 256 tps: 1397.37 qps: 1397.37 (r/w/o: 0.00/1366.36/31.01) lat (ms,95%): 467.30 err/s: 0.00 reconn/s: 0.00
[ 44s ] thds: 256 tps: 1545.41 qps: 1545.41 (r/w/o: 0.00/1514.40/31.01) lat (ms,95%): 244.38 err/s: 0.00 reconn/s: 0.00
[ 45s ] thds: 256 tps: 1568.58 qps: 1568.58 (r/w/o: 0.00/1534.59/33.99) lat (ms,95%): 267.41 err/s: 0.00 reconn/s: 0.00
[ 46s ] thds: 256 tps: 1536.34 qps: 1536.34 (r/w/o: 0.00/1495.33/41.01) lat (ms,95%): 287.38 err/s: 0.00 reconn/s: 0.00
[ 47s ] thds: 256 tps: 1512.52 qps: 1512.52 (r/w/o: 0.00/1475.50/37.01) lat (ms,95%): 287.38 err/s: 0.00 reconn/s: 0.00
[ 48s ] thds: 256 tps: 1507.81 qps: 1507.81 (r/w/o: 0.00/1479.82/28.00) lat (ms,95%): 277.21 err/s: 0.00 reconn/s: 0.00
[ 49s ] thds: 256 tps: 1544.22 qps: 1544.22 (r/w/o: 0.00/1509.24/34.98) lat (ms,95%): 282.25 err/s: 0.00 reconn/s: 0.00
[ 50s ] thds: 256 tps: 1551.26 qps: 1551.26 (r/w/o: 0.00/1508.25/43.01) lat (ms,95%): 253.35 err/s: 0.00 reconn/s: 0.00
[ 51s ] thds: 256 tps: 1688.57 qps: 1688.57 (r/w/o: 0.00/1657.58/30.99) lat (ms,95%): 248.83 err/s: 0.00 reconn/s: 0.00
[ 52s ] thds: 256 tps: 3655.45 qps: 3655.45 (r/w/o: 0.00/3571.40/84.06) lat (ms,95%): 244.38 err/s: 0.00 reconn/s: 0.00
[ 53s ] thds: 256 tps: 2453.16 qps: 2453.16 (r/w/o: 0.00/2403.15/50.00) lat (ms,95%): 248.83 err/s: 0.00 reconn/s: 0.00
[ 54s ] thds: 256 tps: 1445.43 qps: 1445.43 (r/w/o: 0.00/1422.43/22.99) lat (ms,95%): 257.95 err/s: 0.00 reconn/s: 0.00
[ 55s ] thds: 256 tps: 1516.81 qps: 1516.81 (r/w/o: 0.00/1480.81/36.00) lat (ms,95%): 257.95 err/s: 0.00 reconn/s: 0.00
[ 56s ] thds: 256 tps: 1509.04 qps: 1509.04 (r/w/o: 0.00/1477.04/32.00) lat (ms,95%): 297.92 err/s: 0.00 reconn/s: 0.00
[ 57s ] thds: 256 tps: 1469.60 qps: 1469.60 (r/w/o: 0.00/1430.59/39.02) lat (ms,95%): 350.33 err/s: 0.00 reconn/s: 0.00
[ 58s ] thds: 256 tps: 1557.19 qps: 1557.19 (r/w/o: 0.00/1515.21/41.98) lat (ms,95%): 350.33 err/s: 0.00 reconn/s: 0.00
[ 59s ] thds: 256 tps: 1525.14 qps: 1525.14 (r/w/o: 0.00/1486.14/39.00) lat (ms,95%): 350.33 err/s: 0.00 reconn/s: 0.00
[ 60s ] thds: 256 tps: 1478.68 qps: 1478.68 (r/w/o: 0.00/1449.67/29.01) lat (ms,95%): 350.33 err/s: 0.00 reconn/s: 0.00
[ 61s ] thds: 256 tps: 1530.20 qps: 1530.20 (r/w/o: 0.00/1501.22/28.98) lat (ms,95%): 350.33 err/s: 0.00 reconn/s: 0.00
[ 62s ] thds: 256 tps: 1525.69 qps: 1525.69 (r/w/o: 0.00/1484.70/40.99) lat (ms,95%): 350.33 err/s: 0.00 reconn/s: 0.00
[ 63s ] thds: 256 tps: 1462.14 qps: 1462.14 (r/w/o: 0.00/1432.12/30.02) lat (ms,95%): 344.08 err/s: 0.00 reconn/s: 0.00
[ 64s ] thds: 256 tps: 1516.87 qps: 1516.87 (r/w/o: 0.00/1476.87/40.00) lat (ms,95%): 344.08 err/s: 0.00 reconn/s: 0.00
[ 65s ] thds: 256 tps: 1594.07 qps: 1594.07 (r/w/o: 0.00/1567.07/27.00) lat (ms,95%): 277.21 err/s: 0.00 reconn/s: 0.00
[ 66s ] thds: 256 tps: 1454.04 qps: 1454.04 (r/w/o: 0.00/1425.03/29.00) lat (ms,95%): 292.60 err/s: 0.00 reconn/s: 0.00
[ 67s ] thds: 256 tps: 1485.87 qps: 1485.87 (r/w/o: 0.00/1443.91/41.97) lat (ms,95%): 292.60 err/s: 0.00 reconn/s: 0.00
[ 68s ] thds: 256 tps: 1473.03 qps: 1473.03 (r/w/o: 0.00/1446.03/27.00) lat (ms,95%): 292.60 err/s: 0.00 reconn/s: 0.00
[ 69s ] thds: 256 tps: 1490.12 qps: 1490.12 (r/w/o: 0.00/1462.11/28.00) lat (ms,95%): 287.38 err/s: 0.00 reconn/s: 0.00
[ 70s ] thds: 256 tps: 1502.91 qps: 1502.91 (r/w/o: 0.00/1467.89/35.02) lat (ms,95%): 383.33 err/s: 0.00 reconn/s: 0.00
[ 71s ] thds: 256 tps: 1507.13 qps: 1507.13 (r/w/o: 0.00/1474.12/33.00) lat (ms,95%): 427.07 err/s: 0.00 reconn/s: 0.00
[ 72s ] thds: 256 tps: 1539.77 qps: 1539.77 (r/w/o: 0.00/1508.80/30.98) lat (ms,95%): 303.33 err/s: 0.00 reconn/s: 0.00
[ 73s ] thds: 256 tps: 1449.10 qps: 1449.10 (r/w/o: 0.00/1426.08/23.02) lat (ms,95%): 411.96 err/s: 0.00 reconn/s: 0.00
[ 74s ] thds: 256 tps: 1496.01 qps: 1496.01 (r/w/o: 0.00/1462.01/34.00) lat (ms,95%): 303.33 err/s: 0.00 reconn/s: 0.00
[ 75s ] thds: 256 tps: 1478.12 qps: 1478.12 (r/w/o: 0.00/1441.14/36.98) lat (ms,95%): 303.33 err/s: 0.00 reconn/s: 0.00
[ 76s ] thds: 256 tps: 1506.78 qps: 1506.78 (r/w/o: 0.00/1475.77/31.02) lat (ms,95%): 320.17 err/s: 0.00 reconn/s: 0.00
[ 77s ] thds: 256 tps: 1449.32 qps: 1449.32 (r/w/o: 0.00/1430.33/18.99) lat (ms,95%): 325.98 err/s: 0.00 reconn/s: 0.00
[ 78s ] thds: 256 tps: 1507.71 qps: 1507.71 (r/w/o: 0.00/1471.70/36.02) lat (ms,95%): 325.98 err/s: 0.00 reconn/s: 0.00
[ 79s ] thds: 256 tps: 1440.08 qps: 1440.08 (r/w/o: 0.00/1408.08/32.00) lat (ms,95%): 369.77 err/s: 0.00 reconn/s: 0.00
[ 80s ] thds: 256 tps: 1517.03 qps: 1517.03 (r/w/o: 0.00/1484.02/33.00) lat (ms,95%): 475.79 err/s: 0.00 reconn/s: 0.00
[ 81s ] thds: 256 tps: 1548.95 qps: 1548.95 (r/w/o: 0.00/1511.98/36.97) lat (ms,95%): 350.33 err/s: 0.00 reconn/s: 0.00
[ 82s ] thds: 256 tps: 1551.92 qps: 1551.92 (r/w/o: 0.00/1525.92/26.00) lat (ms,95%): 383.33 err/s: 0.00 reconn/s: 0.00
[ 83s ] thds: 256 tps: 1568.92 qps: 1568.92 (r/w/o: 0.00/1529.92/39.00) lat (ms,95%): 363.18 err/s: 0.00 reconn/s: 0.00
[ 84s ] thds: 256 tps: 1514.96 qps: 1514.96 (r/w/o: 0.00/1476.93/38.02) lat (ms,95%): 363.18 err/s: 0.00 reconn/s: 0.00
[ 85s ] thds: 256 tps: 1391.40 qps: 1391.40 (r/w/o: 0.00/1358.42/32.99) lat (ms,95%): 356.70 err/s: 0.00 reconn/s: 0.00
[ 86s ] thds: 256 tps: 1487.72 qps: 1487.72 (r/w/o: 0.00/1450.70/37.02) lat (ms,95%): 344.08 err/s: 0.00 reconn/s: 0.00
[ 87s ] thds: 256 tps: 1527.49 qps: 1527.49 (r/w/o: 0.00/1481.50/45.98) lat (ms,95%): 344.08 err/s: 0.00 reconn/s: 0.00
[ 88s ] thds: 256 tps: 1483.82 qps: 1483.82 (r/w/o: 0.00/1450.83/33.00) lat (ms,95%): 427.07 err/s: 0.00 reconn/s: 0.00
[ 89s ] thds: 256 tps: 1477.60 qps: 1477.60 (r/w/o: 0.00/1438.59/39.02) lat (ms,95%): 484.44 err/s: 0.00 reconn/s: 0.00
[ 90s ] thds: 256 tps: 1573.04 qps: 1573.04 (r/w/o: 0.00/1536.04/37.00) lat (ms,95%): 475.79 err/s: 0.00 reconn/s: 0.00
[ 91s ] thds: 256 tps: 1492.18 qps: 1492.18 (r/w/o: 0.00/1461.20/30.98) lat (ms,95%): 467.30 err/s: 0.00 reconn/s: 0.00
[ 92s ] thds: 256 tps: 1539.05 qps: 1539.05 (r/w/o: 0.00/1508.03/31.02) lat (ms,95%): 240.02 err/s: 0.00 reconn/s: 0.00
[ 93s ] thds: 256 tps: 1530.94 qps: 1530.94 (r/w/o: 0.00/1498.95/32.00) lat (ms,95%): 356.70 err/s: 0.00 reconn/s: 0.00
[ 94s ] thds: 256 tps: 1519.99 qps: 1519.99 (r/w/o: 0.00/1490.99/29.00) lat (ms,95%): 363.18 err/s: 0.00 reconn/s: 0.00
[ 95s ] thds: 256 tps: 1453.85 qps: 1453.85 (r/w/o: 0.00/1418.88/34.97) lat (ms,95%): 369.77 err/s: 0.00 reconn/s: 0.00
[ 96s ] thds: 256 tps: 1491.28 qps: 1491.28 (r/w/o: 0.00/1449.25/42.04) lat (ms,95%): 390.30 err/s: 0.00 reconn/s: 0.00
[ 97s ] thds: 256 tps: 1566.91 qps: 1566.91 (r/w/o: 0.00/1539.91/27.00) lat (ms,95%): 240.02 err/s: 0.00 reconn/s: 0.00
[ 98s ] thds: 256 tps: 1514.98 qps: 1514.98 (r/w/o: 0.00/1482.98/32.00) lat (ms,95%): 397.39 err/s: 0.00 reconn/s: 0.00
[ 99s ] thds: 256 tps: 1459.97 qps: 1459.97 (r/w/o: 0.00/1432.97/27.00) lat (ms,95%): 404.61 err/s: 0.00 reconn/s: 0.00
[ 100s ] thds: 256 tps: 1544.81 qps: 1544.81 (r/w/o: 0.00/1510.82/34.00) lat (ms,95%): 376.49 err/s: 0.00 reconn/s: 0.00
[ 101s ] thds: 256 tps: 1519.06 qps: 1519.06 (r/w/o: 0.00/1489.06/30.00) lat (ms,95%): 253.35 err/s: 0.00 reconn/s: 0.00
[ 102s ] thds: 256 tps: 1424.02 qps: 1424.02 (r/w/o: 0.00/1387.02/37.00) lat (ms,95%): 376.49 err/s: 0.00 reconn/s: 0.00
[ 103s ] thds: 256 tps: 1513.07 qps: 1513.07 (r/w/o: 0.00/1475.07/38.00) lat (ms,95%): 383.33 err/s: 0.00 reconn/s: 0.00
[ 104s ] thds: 256 tps: 1559.79 qps: 1559.79 (r/w/o: 0.00/1532.81/26.98) lat (ms,95%): 277.21 err/s: 0.00 reconn/s: 0.00
[ 105s ] thds: 256 tps: 1537.30 qps: 1537.30 (r/w/o: 0.00/1502.29/35.01) lat (ms,95%): 277.21 err/s: 0.00 reconn/s: 0.00
[ 106s ] thds: 256 tps: 1497.83 qps: 1497.83 (r/w/o: 0.00/1472.82/25.01) lat (ms,95%): 427.07 err/s: 0.00 reconn/s: 0.00
[ 107s ] thds: 256 tps: 1535.28 qps: 1535.28 (r/w/o: 0.00/1498.29/36.98) lat (ms,95%): 297.92 err/s: 0.00 reconn/s: 0.00
[ 108s ] thds: 256 tps: 1474.89 qps: 1474.89 (r/w/o: 0.00/1448.87/26.02) lat (ms,95%): 320.17 err/s: 0.00 reconn/s: 0.00
[ 109s ] thds: 256 tps: 1404.78 qps: 1404.78 (r/w/o: 0.00/1375.78/29.00) lat (ms,95%): 325.98 err/s: 0.00 reconn/s: 0.00
[ 110s ] thds: 256 tps: 1477.00 qps: 1477.00 (r/w/o: 0.00/1451.02/25.98) lat (ms,95%): 325.98 err/s: 0.00 reconn/s: 0.00
[ 111s ] thds: 256 tps: 1508.06 qps: 1508.06 (r/w/o: 0.00/1482.04/26.02) lat (ms,95%): 325.98 err/s: 0.00 reconn/s: 0.00
[ 112s ] thds: 256 tps: 1558.91 qps: 1558.91 (r/w/o: 0.00/1531.92/27.00) lat (ms,95%): 282.25 err/s: 0.00 reconn/s: 0.00
[ 113s ] thds: 256 tps: 1509.13 qps: 1509.13 (r/w/o: 0.00/1484.14/24.99) lat (ms,95%): 282.25 err/s: 0.00 reconn/s: 0.00
[ 114s ] thds: 256 tps: 1471.15 qps: 1471.15 (r/w/o: 0.00/1438.12/33.03) lat (ms,95%): 308.84 err/s: 0.00 reconn/s: 0.00
[ 115s ] thds: 256 tps: 1461.70 qps: 1461.70 (r/w/o: 0.00/1439.70/22.00) lat (ms,95%): 337.94 err/s: 0.00 reconn/s: 0.00
[ 116s ] thds: 256 tps: 1565.05 qps: 1565.05 (r/w/o: 0.00/1522.05/43.00) lat (ms,95%): 337.94 err/s: 0.00 reconn/s: 0.00
[ 117s ] thds: 256 tps: 1580.28 qps: 1580.28 (r/w/o: 0.00/1544.27/36.01) lat (ms,95%): 337.94 err/s: 0.00 reconn/s: 0.00
[ 118s ] thds: 256 tps: 1515.82 qps: 1515.82 (r/w/o: 0.00/1482.83/33.00) lat (ms,95%): 390.30 err/s: 0.00 reconn/s: 0.00
[ 119s ] thds: 256 tps: 1439.80 qps: 1439.80 (r/w/o: 0.00/1408.81/31.00) lat (ms,95%): 314.45 err/s: 0.00 reconn/s: 0.00
[ 120s ] thds: 256 tps: 1574.41 qps: 1574.41 (r/w/o: 0.00/1540.40/34.01) lat (ms,95%): 303.33 err/s: 0.00 reconn/s: 0.00
[ 121s ] thds: 256 tps: 1514.62 qps: 1514.62 (r/w/o: 0.00/1493.62/20.99) lat (ms,95%): 277.21 err/s: 0.00 reconn/s: 0.00
[ 122s ] thds: 256 tps: 1442.20 qps: 1442.20 (r/w/o: 0.00/1415.19/27.00) lat (ms,95%): 272.27 err/s: 0.00 reconn/s: 0.00
[ 123s ] thds: 256 tps: 1444.15 qps: 1444.15 (r/w/o: 0.00/1419.15/25.00) lat (ms,95%): 272.27 err/s: 0.00 reconn/s: 0.00
[ 124s ] thds: 256 tps: 1468.13 qps: 1468.13 (r/w/o: 0.00/1439.15/28.98) lat (ms,95%): 277.21 err/s: 0.00 reconn/s: 0.00
[ 125s ] thds: 256 tps: 1569.48 qps: 1569.48 (r/w/o: 0.00/1533.49/35.99) lat (ms,95%): 248.83 err/s: 0.00 reconn/s: 0.00
[ 126s ] thds: 256 tps: 1445.33 qps: 1445.33 (r/w/o: 0.00/1417.30/28.03) lat (ms,95%): 267.41 err/s: 0.00 reconn/s: 0.00
[ 127s ] thds: 256 tps: 1454.88 qps: 1454.88 (r/w/o: 0.00/1417.88/37.00) lat (ms,95%): 267.41 err/s: 0.00 reconn/s: 0.00
[ 128s ] thds: 256 tps: 1499.55 qps: 1499.55 (r/w/o: 0.00/1463.56/35.99) lat (ms,95%): 267.41 err/s: 0.00 reconn/s: 0.00
[ 129s ] thds: 256 tps: 1516.59 qps: 1516.59 (r/w/o: 0.00/1479.57/37.01) lat (ms,95%): 267.41 err/s: 0.00 reconn/s: 0.00
[ 130s ] thds: 256 tps: 1570.63 qps: 1570.63 (r/w/o: 0.00/1526.67/43.96) lat (ms,95%): 257.95 err/s: 0.00 reconn/s: 0.00
[ 131s ] thds: 256 tps: 1467.00 qps: 1467.00 (r/w/o: 0.00/1431.97/35.02) lat (ms,95%): 253.35 err/s: 0.00 reconn/s: 0.00
[ 132s ] thds: 256 tps: 1461.29 qps: 1461.29 (r/w/o: 0.00/1431.28/30.01) lat (ms,95%): 262.64 err/s: 0.00 reconn/s: 0.00
[ 133s ] thds: 256 tps: 1476.51 qps: 1476.51 (r/w/o: 0.00/1449.52/26.99) lat (ms,95%): 272.27 err/s: 0.00 reconn/s: 0.00
[ 134s ] thds: 256 tps: 1560.41 qps: 1560.41 (r/w/o: 0.00/1528.41/32.01) lat (ms,95%): 277.21 err/s: 0.00 reconn/s: 0.00
[ 135s ] thds: 256 tps: 1539.08 qps: 1539.08 (r/w/o: 0.00/1501.07/38.00) lat (ms,95%): 363.18 err/s: 0.00 reconn/s: 0.00
[ 136s ] thds: 256 tps: 1471.84 qps: 1471.84 (r/w/o: 0.00/1442.84/29.00) lat (ms,95%): 376.49 err/s: 0.00 reconn/s: 0.00
[ 137s ] thds: 256 tps: 1400.01 qps: 1400.01 (r/w/o: 0.00/1368.03/31.98) lat (ms,95%): 363.18 err/s: 0.00 reconn/s: 0.00
[ 138s ] thds: 256 tps: 1483.21 qps: 1483.21 (r/w/o: 0.00/1456.19/27.02) lat (ms,95%): 363.18 err/s: 0.00 reconn/s: 0.00
[ 139s ] thds: 256 tps: 1556.70 qps: 1556.70 (r/w/o: 0.00/1513.74/42.96) lat (ms,95%): 356.70 err/s: 0.00 reconn/s: 0.00
[ 140s ] thds: 256 tps: 1551.15 qps: 1551.15 (r/w/o: 0.00/1519.13/32.02) lat (ms,95%): 227.40 err/s: 0.00 reconn/s: 0.00
[ 141s ] thds: 256 tps: 1449.14 qps: 1449.14 (r/w/o: 0.00/1416.14/33.00) lat (ms,95%): 484.44 err/s: 0.00 reconn/s: 0.00
[ 142s ] thds: 256 tps: 1329.64 qps: 1329.64 (r/w/o: 0.00/1302.65/26.99) lat (ms,95%): 502.20 err/s: 0.00 reconn/s: 0.00
[ 143s ] thds: 256 tps: 1391.99 qps: 1391.99 (r/w/o: 0.00/1357.99/34.00) lat (ms,95%): 502.20 err/s: 0.00 reconn/s: 0.00
[ 144s ] thds: 256 tps: 1647.06 qps: 1647.06 (r/w/o: 0.00/1611.06/36.00) lat (ms,95%): 344.08 err/s: 0.00 reconn/s: 0.00
[ 145s ] thds: 256 tps: 1494.23 qps: 1494.23 (r/w/o: 0.00/1465.22/29.00) lat (ms,95%): 337.94 err/s: 0.00 reconn/s: 0.00
[ 146s ] thds: 256 tps: 1515.74 qps: 1515.74 (r/w/o: 0.00/1485.75/29.99) lat (ms,95%): 397.39 err/s: 0.00 reconn/s: 0.00
[ 147s ] thds: 256 tps: 1486.33 qps: 1486.33 (r/w/o: 0.00/1457.32/29.01) lat (ms,95%): 404.61 err/s: 0.00 reconn/s: 0.00
[ 148s ] thds: 256 tps: 1512.79 qps: 1512.79 (r/w/o: 0.00/1484.79/28.00) lat (ms,95%): 404.61 err/s: 0.00 reconn/s: 0.00
[ 149s ] thds: 256 tps: 1573.85 qps: 1573.85 (r/w/o: 0.00/1532.86/41.00) lat (ms,95%): 303.33 err/s: 0.00 reconn/s: 0.00
[ 150s ] thds: 256 tps: 1672.01 qps: 1672.01 (r/w/o: 0.00/1636.01/36.00) lat (ms,95%): 282.25 err/s: 0.00 reconn/s: 0.00
[ 151s ] thds: 256 tps: 1484.01 qps: 1484.01 (r/w/o: 0.00/1449.01/35.00) lat (ms,95%): 282.25 err/s: 0.00 reconn/s: 0.00
[ 152s ] thds: 256 tps: 1495.29 qps: 1495.29 (r/w/o: 0.00/1474.28/21.00) lat (ms,95%): 282.25 err/s: 0.00 reconn/s: 0.00
[ 153s ] thds: 256 tps: 1490.92 qps: 1490.92 (r/w/o: 0.00/1443.93/47.00) lat (ms,95%): 383.33 err/s: 0.00 reconn/s: 0.00
[ 154s ] thds: 256 tps: 1518.87 qps: 1518.87 (r/w/o: 0.00/1492.87/26.00) lat (ms,95%): 434.83 err/s: 0.00 reconn/s: 0.00
[ 155s ] thds: 256 tps: 1574.01 qps: 1574.01 (r/w/o: 0.00/1540.03/33.98) lat (ms,95%): 363.18 err/s: 0.00 reconn/s: 0.00
[ 156s ] thds: 256 tps: 1447.00 qps: 1447.00 (r/w/o: 0.00/1417.98/29.02) lat (ms,95%): 383.33 err/s: 0.00 reconn/s: 0.00
[ 157s ] thds: 256 tps: 1490.66 qps: 1490.66 (r/w/o: 0.00/1456.67/33.99) lat (ms,95%): 376.49 err/s: 0.00 reconn/s: 0.00
[ 158s ] thds: 256 tps: 1558.14 qps: 1558.14 (r/w/o: 0.00/1518.13/40.00) lat (ms,95%): 369.77 err/s: 0.00 reconn/s: 0.00
[ 159s ] thds: 256 tps: 1530.39 qps: 1530.39 (r/w/o: 0.00/1490.38/40.01) lat (ms,95%): 369.77 err/s: 0.00 reconn/s: 0.00
[ 160s ] thds: 256 tps: 1454.94 qps: 1454.94 (r/w/o: 0.00/1424.94/30.00) lat (ms,95%): 303.33 err/s: 0.00 reconn/s: 0.00
[ 161s ] thds: 256 tps: 1525.85 qps: 1525.85 (r/w/o: 0.00/1485.85/40.00) lat (ms,95%): 297.92 err/s: 0.00 reconn/s: 0.00
[ 162s ] thds: 256 tps: 1474.61 qps: 1474.61 (r/w/o: 0.00/1444.62/29.99) lat (ms,95%): 337.94 err/s: 0.00 reconn/s: 0.00
[ 163s ] thds: 256 tps: 1411.32 qps: 1411.32 (r/w/o: 0.00/1377.31/34.01) lat (ms,95%): 397.39 err/s: 0.00 reconn/s: 0.00
[ 164s ] thds: 256 tps: 1500.08 qps: 1500.08 (r/w/o: 0.00/1468.08/32.00) lat (ms,95%): 397.39 err/s: 0.00 reconn/s: 0.00
[ 165s ] thds: 256 tps: 1572.91 qps: 1572.91 (r/w/o: 0.00/1540.91/32.00) lat (ms,95%): 404.61 err/s: 0.00 reconn/s: 0.00
[ 166s ] thds: 256 tps: 1495.69 qps: 1495.69 (r/w/o: 0.00/1462.70/32.99) lat (ms,95%): 356.70 err/s: 0.00 reconn/s: 0.00
[ 167s ] thds: 256 tps: 1476.98 qps: 1476.98 (r/w/o: 0.00/1442.98/34.00) lat (ms,95%): 337.94 err/s: 0.00 reconn/s: 0.00
[ 168s ] thds: 256 tps: 1524.42 qps: 1524.42 (r/w/o: 0.00/1503.42/21.01) lat (ms,95%): 262.64 err/s: 0.00 reconn/s: 0.00
[ 169s ] thds: 256 tps: 1486.73 qps: 1486.73 (r/w/o: 0.00/1453.74/32.99) lat (ms,95%): 337.94 err/s: 0.00 reconn/s: 0.00
[ 170s ] thds: 256 tps: 1525.93 qps: 1525.93 (r/w/o: 0.00/1483.93/42.00) lat (ms,95%): 356.70 err/s: 0.00 reconn/s: 0.00
[ 171s ] thds: 256 tps: 1559.33 qps: 1559.33 (r/w/o: 0.00/1519.32/40.01) lat (ms,95%): 363.18 err/s: 0.00 reconn/s: 0.00
[ 172s ] thds: 256 tps: 1575.87 qps: 1575.87 (r/w/o: 0.00/1536.88/39.00) lat (ms,95%): 363.18 err/s: 0.00 reconn/s: 0.00
[ 173s ] thds: 256 tps: 1516.19 qps: 1516.19 (r/w/o: 0.00/1484.19/32.00) lat (ms,95%): 427.07 err/s: 0.00 reconn/s: 0.00
[ 174s ] thds: 256 tps: 1565.00 qps: 1565.00 (r/w/o: 0.00/1522.00/43.00) lat (ms,95%): 356.70 err/s: 0.00 reconn/s: 0.00
[ 175s ] thds: 256 tps: 1410.75 qps: 1410.75 (r/w/o: 0.00/1377.76/32.99) lat (ms,95%): 383.33 err/s: 0.00 reconn/s: 0.00
[ 176s ] thds: 256 tps: 1464.86 qps: 1464.86 (r/w/o: 0.00/1430.87/34.00) lat (ms,95%): 376.49 err/s: 0.00 reconn/s: 0.00
[ 177s ] thds: 256 tps: 1505.39 qps: 1505.39 (r/w/o: 0.00/1479.38/26.01) lat (ms,95%): 369.77 err/s: 0.00 reconn/s: 0.00
[ 178s ] thds: 256 tps: 1627.05 qps: 1627.05 (r/w/o: 0.00/1583.05/44.00) lat (ms,95%): 287.38 err/s: 0.00 reconn/s: 0.00
[ 179s ] thds: 256 tps: 1522.57 qps: 1522.57 (r/w/o: 0.00/1490.58/31.99) lat (ms,95%): 303.33 err/s: 0.00 reconn/s: 0.00
[ 180s ] thds: 256 tps: 1462.98 qps: 1462.98 (r/w/o: 0.00/1433.98/29.00) lat (ms,95%): 376.49 err/s: 0.00 reconn/s: 0.00
[ 181s ] thds: 256 tps: 1444.46 qps: 1444.46 (r/w/o: 0.00/1410.45/34.01) lat (ms,95%): 369.77 err/s: 0.00 reconn/s: 0.00
[ 182s ] thds: 256 tps: 1529.92 qps: 1529.92 (r/w/o: 0.00/1500.92/29.00) lat (ms,95%): 303.33 err/s: 0.00 reconn/s: 0.00
[ 183s ] thds: 256 tps: 1548.06 qps: 1548.06 (r/w/o: 0.00/1515.06/33.00) lat (ms,95%): 207.82 err/s: 0.00 reconn/s: 0.00
[ 184s ] thds: 256 tps: 1540.84 qps: 1540.84 (r/w/o: 0.00/1509.85/31.00) lat (ms,95%): 223.34 err/s: 0.00 reconn/s: 0.00
[ 185s ] thds: 256 tps: 1463.24 qps: 1463.24 (r/w/o: 0.00/1434.23/29.00) lat (ms,95%): 376.49 err/s: 0.00 reconn/s: 0.00
[ 186s ] thds: 256 tps: 1451.66 qps: 1451.66 (r/w/o: 0.00/1417.67/33.99) lat (ms,95%): 376.49 err/s: 0.00 reconn/s: 0.00
[ 187s ] thds: 256 tps: 1444.12 qps: 1444.12 (r/w/o: 0.00/1415.12/29.00) lat (ms,95%): 383.33 err/s: 0.00 reconn/s: 0.00
[ 188s ] thds: 256 tps: 1572.61 qps: 1572.61 (r/w/o: 0.00/1536.62/35.99) lat (ms,95%): 292.60 err/s: 0.00 reconn/s: 0.00
[ 189s ] thds: 256 tps: 1593.45 qps: 1593.45 (r/w/o: 0.00/1574.45/19.01) lat (ms,95%): 215.44 err/s: 0.00 reconn/s: 0.00
[ 190s ] thds: 256 tps: 1427.65 qps: 1427.65 (r/w/o: 0.00/1397.66/29.99) lat (ms,95%): 390.30 err/s: 0.00 reconn/s: 0.00
[ 191s ] thds: 256 tps: 1389.96 qps: 1389.96 (r/w/o: 0.00/1364.96/25.00) lat (ms,95%): 369.77 err/s: 0.00 reconn/s: 0.00
[ 192s ] thds: 256 tps: 1566.51 qps: 1566.51 (r/w/o: 0.00/1522.50/44.01) lat (ms,95%): 320.17 err/s: 0.00 reconn/s: 0.00
[ 193s ] thds: 256 tps: 1480.93 qps: 1480.93 (r/w/o: 0.00/1453.93/27.00) lat (ms,95%): 337.94 err/s: 0.00 reconn/s: 0.00
[ 194s ] thds: 256 tps: 1472.05 qps: 1472.05 (r/w/o: 0.00/1431.05/41.00) lat (ms,95%): 325.98 err/s: 0.00 reconn/s: 0.00
[ 195s ] thds: 256 tps: 1480.84 qps: 1480.84 (r/w/o: 0.00/1447.85/33.00) lat (ms,95%): 325.98 err/s: 0.00 reconn/s: 0.00
[ 196s ] thds: 256 tps: 1562.08 qps: 1562.08 (r/w/o: 0.00/1515.08/47.00) lat (ms,95%): 320.17 err/s: 0.00 reconn/s: 0.00
[ 197s ] thds: 256 tps: 1524.01 qps: 1524.01 (r/w/o: 0.00/1492.01/32.00) lat (ms,95%): 314.45 err/s: 0.00 reconn/s: 0.00
[ 198s ] thds: 256 tps: 1423.60 qps: 1423.60 (r/w/o: 0.00/1399.60/23.99) lat (ms,95%): 325.98 err/s: 0.00 reconn/s: 0.00
[ 199s ] thds: 256 tps: 1388.27 qps: 1388.27 (r/w/o: 0.00/1362.26/26.01) lat (ms,95%): 397.39 err/s: 0.00 reconn/s: 0.00
[ 200s ] thds: 256 tps: 1736.58 qps: 1736.58 (r/w/o: 0.00/1707.59/28.99) lat (ms,95%): 383.33 err/s: 0.00 reconn/s: 0.00
[ 201s ] thds: 256 tps: 3503.35 qps: 3503.35 (r/w/o: 0.00/3423.34/80.01) lat (ms,95%): 240.02 err/s: 0.00 reconn/s: 0.00
[ 202s ] thds: 256 tps: 3533.81 qps: 3533.81 (r/w/o: 0.00/3460.82/73.00) lat (ms,95%): 235.74 err/s: 0.00 reconn/s: 0.00
[ 203s ] thds: 256 tps: 3565.86 qps: 3565.86 (r/w/o: 0.00/3499.84/66.02) lat (ms,95%): 240.02 err/s: 0.00 reconn/s: 0.00
[ 204s ] thds: 256 tps: 2001.49 qps: 2001.49 (r/w/o: 0.00/1966.50/34.99) lat (ms,95%): 193.38 err/s: 0.00 reconn/s: 0.00
[ 205s ] thds: 256 tps: 1493.02 qps: 1493.02 (r/w/o: 0.00/1464.02/29.00) lat (ms,95%): 411.96 err/s: 0.00 reconn/s: 0.00
[ 206s ] thds: 256 tps: 1481.39 qps: 1481.39 (r/w/o: 0.00/1462.39/19.01) lat (ms,95%): 350.33 err/s: 0.00 reconn/s: 0.00
[ 207s ] thds: 256 tps: 1586.41 qps: 1586.41 (r/w/o: 0.00/1554.43/31.99) lat (ms,95%): 344.08 err/s: 0.00 reconn/s: 0.00
[ 208s ] thds: 256 tps: 1579.57 qps: 1579.57 (r/w/o: 0.00/1550.56/29.01) lat (ms,95%): 369.77 err/s: 0.00 reconn/s: 0.00
[ 209s ] thds: 256 tps: 1500.68 qps: 1500.68 (r/w/o: 0.00/1468.69/31.99) lat (ms,95%): 344.08 err/s: 0.00 reconn/s: 0.00
[ 210s ] thds: 256 tps: 1465.56 qps: 1465.56 (r/w/o: 0.00/1445.55/20.01) lat (ms,95%): 344.08 err/s: 0.00 reconn/s: 0.00
[ 211s ] thds: 256 tps: 1491.33 qps: 1491.33 (r/w/o: 0.00/1451.34/39.98) lat (ms,95%): 337.94 err/s: 0.00 reconn/s: 0.00
[ 212s ] thds: 256 tps: 1560.08 qps: 1560.08 (r/w/o: 0.00/1528.07/32.00) lat (ms,95%): 325.98 err/s: 0.00 reconn/s: 0.00
[ 213s ] thds: 256 tps: 1626.37 qps: 1626.37 (r/w/o: 0.00/1597.36/29.01) lat (ms,95%): 314.45 err/s: 0.00 reconn/s: 0.00
[ 214s ] thds: 256 tps: 1670.71 qps: 1670.71 (r/w/o: 0.00/1639.72/30.99) lat (ms,95%): 308.84 err/s: 0.00 reconn/s: 0.00
[ 215s ] thds: 256 tps: 1483.88 qps: 1483.88 (r/w/o: 0.00/1448.88/35.00) lat (ms,95%): 303.33 err/s: 0.00 reconn/s: 0.00
[ 216s ] thds: 256 tps: 1303.06 qps: 1303.06 (r/w/o: 0.00/1276.05/27.00) lat (ms,95%): 467.30 err/s: 0.00 reconn/s: 0.00
[ 217s ] thds: 256 tps: 1390.96 qps: 1390.96 (r/w/o: 0.00/1357.96/33.00) lat (ms,95%): 475.79 err/s: 0.00 reconn/s: 0.00
[ 218s ] thds: 256 tps: 1463.07 qps: 1463.07 (r/w/o: 0.00/1436.07/27.00) lat (ms,95%): 475.79 err/s: 0.00 reconn/s: 0.00
[ 219s ] thds: 256 tps: 1614.99 qps: 1614.99 (r/w/o: 0.00/1584.99/30.00) lat (ms,95%): 458.96 err/s: 0.00 reconn/s: 0.00
[ 220s ] thds: 256 tps: 1530.94 qps: 1530.94 (r/w/o: 0.00/1491.94/39.00) lat (ms,95%): 467.30 err/s: 0.00 reconn/s: 0.00
[ 221s ] thds: 256 tps: 1549.24 qps: 1549.24 (r/w/o: 0.00/1515.24/34.01) lat (ms,95%): 458.96 err/s: 0.00 reconn/s: 0.00
[ 222s ] thds: 256 tps: 1457.92 qps: 1457.92 (r/w/o: 0.00/1420.92/37.00) lat (ms,95%): 467.30 err/s: 0.00 reconn/s: 0.00
[ 223s ] thds: 256 tps: 2243.57 qps: 2243.57 (r/w/o: 0.00/2198.57/44.99) lat (ms,95%): 297.92 err/s: 0.00 reconn/s: 0.00
[ 224s ] thds: 256 tps: 3179.48 qps: 3179.48 (r/w/o: 0.00/3116.47/63.01) lat (ms,95%): 257.95 err/s: 0.00 reconn/s: 0.00
[ 225s ] thds: 256 tps: 1460.95 qps: 1460.95 (r/w/o: 0.00/1417.95/43.00) lat (ms,95%): 344.08 err/s: 0.00 reconn/s: 0.00
[ 226s ] thds: 256 tps: 1464.95 qps: 1464.95 (r/w/o: 0.00/1435.95/29.00) lat (ms,95%): 337.94 err/s: 0.00 reconn/s: 0.00
[ 227s ] thds: 256 tps: 1535.13 qps: 1535.13 (r/w/o: 0.00/1505.13/30.00) lat (ms,95%): 337.94 err/s: 0.00 reconn/s: 0.00
[ 228s ] thds: 256 tps: 1511.57 qps: 1511.57 (r/w/o: 0.00/1483.56/28.01) lat (ms,95%): 344.08 err/s: 0.00 reconn/s: 0.00
[ 229s ] thds: 256 tps: 1541.28 qps: 1541.28 (r/w/o: 0.00/1493.30/47.98) lat (ms,95%): 337.94 err/s: 0.00 reconn/s: 0.00
[ 230s ] thds: 256 tps: 1444.01 qps: 1444.01 (r/w/o: 0.00/1415.01/29.00) lat (ms,95%): 450.77 err/s: 0.00 reconn/s: 0.00
[ 231s ] thds: 256 tps: 1459.10 qps: 1459.10 (r/w/o: 0.00/1434.10/25.00) lat (ms,95%): 442.73 err/s: 0.00 reconn/s: 0.00
[ 232s ] thds: 256 tps: 1550.32 qps: 1550.32 (r/w/o: 0.00/1524.31/26.01) lat (ms,95%): 450.77 err/s: 0.00 reconn/s: 0.00
[ 233s ] thds: 256 tps: 1574.88 qps: 1574.88 (r/w/o: 0.00/1530.88/44.00) lat (ms,95%): 450.77 err/s: 0.00 reconn/s: 0.00
[ 234s ] thds: 256 tps: 1526.89 qps: 1526.89 (r/w/o: 0.00/1498.89/28.00) lat (ms,95%): 282.25 err/s: 0.00 reconn/s: 0.00
[ 235s ] thds: 256 tps: 1450.90 qps: 1450.90 (r/w/o: 0.00/1425.91/25.00) lat (ms,95%): 257.95 err/s: 0.00 reconn/s: 0.00
[ 236s ] thds: 256 tps: 1459.97 qps: 1459.97 (r/w/o: 0.00/1431.97/28.00) lat (ms,95%): 248.83 err/s: 0.00 reconn/s: 0.00
[ 237s ] thds: 256 tps: 1512.18 qps: 1512.18 (r/w/o: 0.00/1476.17/36.00) lat (ms,95%): 257.95 err/s: 0.00 reconn/s: 0.00
[ 238s ] thds: 256 tps: 1528.86 qps: 1528.86 (r/w/o: 0.00/1491.87/37.00) lat (ms,95%): 287.38 err/s: 0.00 reconn/s: 0.00
[ 239s ] thds: 256 tps: 1546.89 qps: 1546.89 (r/w/o: 0.00/1511.89/35.00) lat (ms,95%): 344.08 err/s: 0.00 reconn/s: 0.00
[ 240s ] thds: 256 tps: 1488.52 qps: 1488.52 (r/w/o: 0.00/1454.51/34.01) lat (ms,95%): 287.38 err/s: 0.00 reconn/s: 0.00
Latency histogram (values are in milliseconds)
       value  ------------- distribution ------------- count
       5.277 |                                         1
       5.470 |                                         1
       5.570 |                                         1
       5.671 |                                         3
       5.774 |                                         5
       5.879 |                                         5
       5.986 |                                         4
       6.095 |                                         17
       6.205 |                                         19
       6.318 |                                         28
       6.433 |                                         53
       6.550 |                                         34
       6.669 |                                         63
       6.790 |                                         61
       6.913 |                                         110
       7.039 |                                         176
       7.167 |*                                        227
       7.297 |*                                        281
       7.430 |*                                        379
       7.565 |*                                        361
       7.702 |*                                        411
       7.842 |*                                        511
       7.985 |**                                       610
       8.130 |**                                       706
       8.277 |**                                       788
       8.428 |**                                       881
       8.581 |**                                       821
       8.737 |**                                       831
       8.895 |**                                       767
       9.057 |**                                       741
       9.222 |**                                       705
       9.389 |**                                       627
       9.560 |**                                       592
       9.734 |*                                        538
       9.910 |*                                        385
      10.090 |*                                        341
      10.274 |*                                        267
      10.460 |*                                        219
      10.651 |                                         160
      10.844 |                                         151
      11.041 |                                         107
      11.242 |                                         78
      11.446 |                                         61
      11.654 |                                         47
      11.866 |                                         37
      12.081 |                                         27
      12.301 |                                         25
      12.524 |                                         28
      12.752 |                                         20
      12.984 |                                         24
      13.219 |                                         26
      13.460 |                                         22
      13.704 |                                         34
      13.953 |                                         24
      14.207 |                                         33
      14.465 |                                         34
      14.728 |                                         43
      14.995 |                                         39
      15.268 |                                         34
      15.545 |                                         28
      15.828 |                                         29
      16.115 |                                         9
      16.408 |                                         7
      16.706 |                                         8
      17.010 |                                         4
      17.319 |                                         5
      17.633 |                                         4
      17.954 |                                         2
      18.280 |                                         6
      18.612 |                                         1
      18.950 |                                         1
      19.295 |                                         1
      20.002 |                                         1
      20.366 |                                         1
      20.736 |                                         1
      21.112 |                                         2
      21.496 |                                         2
      21.886 |                                         1
      22.284 |                                         2
      22.689 |                                         1
      23.948 |                                         1
      24.827 |                                         2
      25.737 |                                         1
      26.205 |                                         2
      27.165 |                                         1
      28.673 |                                         4
      29.194 |                                         4
      29.725 |                                         1
      30.265 |                                         3
      30.815 |                                         2
      31.945 |                                         1
      32.525 |                                         1
      33.116 |                                         1
      34.330 |                                         4
      34.954 |                                         3
      35.589 |                                         2
      36.236 |                                         2
      36.894 |                                         3
      37.565 |                                         3
      38.247 |                                         2
      38.942 |                                         1
      39.650 |                                         1
      40.370 |                                         3
      41.104 |                                         2
      41.851 |                                         2
      43.385 |                                         6
      44.173 |                                         1
      44.976 |                                         6
      45.793 |                                         4
      46.625 |                                         3
      47.472 |                                         6
      48.335 |                                         3
      49.213 |                                         7
      50.107 |                                         8
      51.018 |                                         10
      51.945 |                                         10
      52.889 |                                         4
      53.850 |                                         11
      54.828 |                                         9
      55.824 |                                         6
      56.839 |                                         8
      57.871 |                                         19
      58.923 |                                         8
      59.993 |                                         14
      61.083 |                                         5
      62.193 |                                         13
      63.323 |                                         11
      64.474 |                                         15
      65.645 |                                         18
      66.838 |                                         9
      68.053 |                                         24
      69.289 |                                         19
      70.548 |                                         24
      71.830 |                                         19
      73.135 |                                         19
      74.464 |                                         26
      75.817 |                                         20
      77.194 |                                         23
      78.597 |                                         18
      80.025 |                                         18
      81.479 |                                         30
      82.959 |                                         21
      84.467 |                                         22
      86.002 |                                         30
      87.564 |                                         22
      89.155 |                                         39
      90.775 |                                         49
      92.424 |                                         41
      94.104 |                                         79
      95.814 |                                         142
      97.555 |*                                        397
      99.327 |**                                       889
     101.132 |*****                                    1773
     102.969 |********                                 3065
     104.840 |**************                           5057
     106.745 |***************                          5406
     108.685 |*************                            4683
     110.659 |******************                       6682
     112.670 |*******************                      7094
     114.717 |********************                     7352
     116.802 |***************************              10008
     118.924 |*************************                9291
     121.085 |**************************               9578
     123.285 |*****************************            10743
     125.525 |*********************************        12267
     127.805 |********************************         11759
     130.128 |**********************************       12623
     132.492 |***********************************      13163
     134.899 |***********************************      12917
     137.350 |**************************************   13968
     139.846 |*************************************    13746
     142.387 |*************************************    13656
     144.974 |**************************************** 14846
     147.608 |*********************************        12107
     150.290 |***********************                  8645
     153.021 |********************                     7240
     155.801 |**********************                   8138
     158.632 |********************                     7295
     161.514 |*************                            4890
     164.449 |************                             4367
     167.437 |*************                            4725
     170.479 |*****************                        6346
     173.577 |*************                            4987
     176.731 |**********                               3630
     179.942 |*********                                3196
     183.211 |*********                                3243
     186.540 |***********                              4173
     189.929 |*******                                  2723
     193.380 |*****                                    1866
     196.894 |*******                                  2618
     200.472 |******                                   2082
     204.114 |*******                                  2685
     207.823 |*******                                  2486
     211.599 |*******                                  2581
     215.443 |*******                                  2486
     219.358 |********                                 3028
     223.344 |*******                                  2588
     227.402 |******                                   2221
     231.534 |*******                                  2675
     235.740 |*******                                  2749
     240.024 |******                                   2110
     244.385 |*****                                    1767
     248.825 |****                                     1397
     253.346 |****                                     1624
     257.950 |****                                     1310
     262.636 |***                                      1062
     267.408 |****                                     1453
     272.267 |*****                                    1926
     277.214 |*****                                    1687
     282.251 |****                                     1556
     287.379 |***                                      1139
     292.601 |***                                      1201
     297.917 |***                                      1179
     303.330 |****                                     1413
     308.842 |***                                      1064
     314.453 |***                                      1220
     320.167 |**                                       792
     325.984 |**                                       826
     331.907 |*                                        480
     337.938 |**                                       748
     344.078 |***                                      1145
     350.330 |**                                       866
     356.695 |**                                       694
     363.176 |**                                       792
     369.775 |***                                      973
     376.494 |**                                       709
     383.334 |**                                       802
     390.299 |**                                       579
     397.391 |*                                        405
     404.611 |**                                       665
     411.963 |*                                        475
     419.448 |*                                        493
     427.069 |*                                        359
     434.829 |*                                        544
     442.730 |*                                        406
     450.774 |**                                       604
     458.964 |*                                        228
     467.304 |*                                        328
     475.794 |*                                        442
     484.439 |*                                        449
     493.242 |*                                        544
     502.204 |*                                        385
     511.328 |*                                        316
     520.619 |*                                        344
     530.078 |*                                        189
     539.710 |*                                        243
     549.516 |                                         71
     559.501 |                                         171
     569.667 |                                         104
     580.017 |                                         93
     590.556 |                                         136
     601.286 |*                                        194
     612.211 |*                                        326
     623.335 |*                                        267
     634.661 |                                         164
     646.192 |                                         33
     657.933 |                                         41
     669.888 |                                         115
     682.059 |                                         108
     694.452 |                                         143
     707.070 |*                                        193
     719.917 |                                         41
     732.998 |                                         102
     746.316 |                                         90
     759.876 |                                         77
     773.683 |                                         30
     787.741 |                                         16
     802.053 |                                         30
     816.626 |                                         52
     831.464 |                                         30
     846.572 |                                         31
     861.954 |                                         40
     877.615 |                                         13
     893.561 |                                         9
     909.797 |                                         6
     926.327 |                                         10
     943.158 |                                         31
     960.295 |                                         39
     977.743 |                                         15
     995.508 |                                         70
    1013.597 |                                         3
    1032.013 |                                         9
    1050.764 |                                         47
    1069.856 |                                         3
    1089.295 |                                         6
    1109.087 |                                         8
    1129.239 |                                         4
    1149.757 |                                         15
    1170.648 |                                         12
    1191.918 |                                         27
    1213.575 |                                         2
    1235.625 |                                         2
    1258.076 |                                         3
    1280.934 |                                         5
    1304.208 |                                         5
    1327.905 |                                         12
    1352.033 |                                         17
    1376.599 |                                         13
    1401.611 |                                         2
    1427.078 |                                         1
    1453.007 |                                         1
    1533.657 |                                         2
    1561.523 |                                         1
    1589.895 |                                         1
    1648.196 |                                         1
    1678.143 |                                         2
    1836.241 |                                         1
    1938.162 |                                         1
    1973.377 |                                         2
    2045.740 |                                         1
    2082.910 |                                         2
    2120.756 |                                         1
    2159.289 |                                         1
    2238.469 |                                         1
    2279.141 |                                         4
    2320.552 |                                         3
    2362.716 |                                         1
    2405.646 |                                         1
    2449.355 |                                         1
    2493.859 |                                         7
    2539.172 |                                         6
    2680.109 |                                         1
    2728.806 |                                         2
    3267.187 |                                         1
    3448.533 |                                         1
    3639.945 |                                         1
    3706.081 |                                         1
    3841.981 |                                         2
    3911.789 |                                         2
    4055.231 |                                         3
    4128.913 |                                         3
    4203.934 |                                         2
    4280.318 |                                         3
 
SQL statistics:
    queries performed:
        read:                            0
        write:                           366426
        other:                           8081
        total:                           374507
    transactions:                        374507 (1555.73 per sec.)
    queries:                             374507 (1555.73 per sec.)
    ignored errors:                      0      (0.00 per sec.)
    reconnects:                          0      (0.00 per sec.)

Throughput:
    events/s (eps):                      1555.7260
    time elapsed:                        240.7288s
    total number of events:              374507

Latency (ms):
         min:                                    5.26
         avg:                                  164.20
         max:                                 4267.43
         95th percentile:                      325.98
         sum:                             61494790.67

Threads fairness:
    events (avg/stddev):           1462.9180/174.19
    execution time (avg/stddev):   240.2140/0.15

