sysbench 1.1.0-3ceba0b (using bundled LuaJIT 2.1.0-beta3)

Running the test with following options:
Number of threads: 2048
Warmup time: 60s
Report intermediate results every 1 second(s)
Initializing random number generator from current time


Initializing worker threads...

Threads started!

Warming up for 60 seconds...

[ 1s ] thds: 2048 tps: 709.44 qps: 4346.03 (r/w/o: 0.00/2845.56/1500.47) lat (ms,95%): 7086.63 err/s: 0.00 reconn/s: 0.00
[ 2s ] thds: 2048 tps: 488.86 qps: 2970.14 (r/w/o: 0.00/1964.43/1005.71) lat (ms,95%): 7086.63 err/s: 0.00 reconn/s: 0.00
[ 3s ] thds: 2048 tps: 475.10 qps: 3241.71 (r/w/o: 0.00/2267.50/974.21) lat (ms,95%): 5409.26 err/s: 0.00 reconn/s: 0.00
[ 4s ] thds: 2048 tps: 592.89 qps: 3287.37 (r/w/o: 0.00/2066.60/1220.77) lat (ms,95%): 5813.24 err/s: 0.00 reconn/s: 0.00
[ 5s ] thds: 2048 tps: 518.14 qps: 2952.77 (r/w/o: 0.00/1900.50/1052.28) lat (ms,95%): 5507.54 err/s: 0.00 reconn/s: 0.00
[ 6s ] thds: 2048 tps: 462.99 qps: 2990.91 (r/w/o: 0.00/2031.94/958.97) lat (ms,95%): 5409.26 err/s: 0.00 reconn/s: 0.00
[ 7s ] thds: 2048 tps: 530.93 qps: 3128.61 (r/w/o: 0.00/2026.75/1101.86) lat (ms,95%): 5607.61 err/s: 0.00 reconn/s: 0.00
[ 8s ] thds: 2048 tps: 492.05 qps: 3043.33 (r/w/o: 0.00/2036.22/1007.11) lat (ms,95%): 5607.61 err/s: 0.00 reconn/s: 0.00
[ 9s ] thds: 2048 tps: 544.90 qps: 3075.43 (r/w/o: 0.00/1951.64/1123.79) lat (ms,95%): 8333.38 err/s: 0.00 reconn/s: 0.00
[ 10s ] thds: 2048 tps: 496.82 qps: 3164.84 (r/w/o: 0.00/2147.21/1017.63) lat (ms,95%): 5607.61 err/s: 0.00 reconn/s: 0.00
[ 11s ] thds: 2048 tps: 496.18 qps: 3056.12 (r/w/o: 0.00/2028.74/1027.38) lat (ms,95%): 5409.26 err/s: 0.00 reconn/s: 0.00
[ 12s ] thds: 2048 tps: 554.85 qps: 3027.20 (r/w/o: 0.00/1882.50/1144.70) lat (ms,95%): 5124.81 err/s: 0.00 reconn/s: 0.00
[ 13s ] thds: 2048 tps: 476.11 qps: 3053.72 (r/w/o: 0.00/2074.49/979.23) lat (ms,95%): 9452.83 err/s: 0.00 reconn/s: 0.00
[ 14s ] thds: 2048 tps: 556.15 qps: 3325.89 (r/w/o: 0.00/2169.58/1156.31) lat (ms,95%): 9118.47 err/s: 0.00 reconn/s: 0.00
[ 15s ] thds: 2048 tps: 502.90 qps: 3102.38 (r/w/o: 0.00/2061.59/1040.79) lat (ms,95%): 6026.41 err/s: 0.00 reconn/s: 0.00
[ 16s ] thds: 2048 tps: 547.10 qps: 2942.52 (r/w/o: 0.00/1808.32/1134.20) lat (ms,95%): 5033.35 err/s: 0.00 reconn/s: 0.00
[ 17s ] thds: 2048 tps: 465.53 qps: 3042.95 (r/w/o: 0.00/2070.93/972.03) lat (ms,95%): 4437.27 err/s: 0.00 reconn/s: 0.00
[ 18s ] thds: 2048 tps: 539.50 qps: 3404.17 (r/w/o: 0.00/2284.13/1120.04) lat (ms,95%): 7086.63 err/s: 0.00 reconn/s: 0.00
[ 19s ] thds: 2048 tps: 552.89 qps: 3144.38 (r/w/o: 0.00/2014.60/1129.78) lat (ms,95%): 5409.26 err/s: 0.00 reconn/s: 0.00
[ 20s ] thds: 2048 tps: 493.11 qps: 2880.66 (r/w/o: 0.00/1862.43/1018.23) lat (ms,95%): 5918.87 err/s: 0.00 reconn/s: 0.00
[ 21s ] thds: 2048 tps: 465.06 qps: 2993.36 (r/w/o: 0.00/2029.24/964.12) lat (ms,95%): 4055.23 err/s: 0.00 reconn/s: 0.00
[ 22s ] thds: 2048 tps: 518.46 qps: 3162.73 (r/w/o: 0.00/2096.83/1065.90) lat (ms,95%): 7479.98 err/s: 0.00 reconn/s: 0.00
[ 23s ] thds: 2048 tps: 593.62 qps: 3264.40 (r/w/o: 0.00/2043.13/1221.27) lat (ms,95%): 8638.96 err/s: 0.00 reconn/s: 0.00
[ 24s ] thds: 2048 tps: 512.78 qps: 3163.61 (r/w/o: 0.00/2100.08/1063.53) lat (ms,95%): 10158.80 err/s: 0.00 reconn/s: 0.00
[ 25s ] thds: 2048 tps: 504.14 qps: 3099.84 (r/w/o: 0.00/2050.55/1049.28) lat (ms,95%): 7479.98 err/s: 0.00 reconn/s: 0.00
[ 26s ] thds: 2048 tps: 545.97 qps: 3143.83 (r/w/o: 0.00/2018.89/1124.94) lat (ms,95%): 7754.26 err/s: 0.00 reconn/s: 0.00
[ 27s ] thds: 2048 tps: 507.87 qps: 3029.20 (r/w/o: 0.00/1976.48/1052.72) lat (ms,95%): 6960.17 err/s: 0.00 reconn/s: 0.00
[ 28s ] thds: 2048 tps: 538.06 qps: 3331.40 (r/w/o: 0.00/2214.27/1117.13) lat (ms,95%): 4855.31 err/s: 0.00 reconn/s: 0.00
[ 29s ] thds: 2048 tps: 517.94 qps: 3183.61 (r/w/o: 0.00/2114.74/1068.87) lat (ms,95%): 4599.99 err/s: 0.00 reconn/s: 0.00
[ 30s ] thds: 2048 tps: 554.14 qps: 3114.76 (r/w/o: 0.00/1970.48/1144.28) lat (ms,95%): 4683.57 err/s: 0.00 reconn/s: 0.00
[ 31s ] thds: 2048 tps: 500.93 qps: 2971.57 (r/w/o: 0.00/1943.72/1027.85) lat (ms,95%): 4768.67 err/s: 0.00 reconn/s: 0.00
[ 32s ] thds: 2048 tps: 509.08 qps: 3255.52 (r/w/o: 0.00/2200.35/1055.17) lat (ms,95%): 4855.31 err/s: 0.00 reconn/s: 0.00
[ 33s ] thds: 2048 tps: 525.10 qps: 3186.61 (r/w/o: 0.00/2101.40/1085.21) lat (ms,95%): 5033.35 err/s: 0.00 reconn/s: 0.00
[ 34s ] thds: 2048 tps: 525.94 qps: 3022.67 (r/w/o: 0.00/1942.79/1079.88) lat (ms,95%): 5124.81 err/s: 0.00 reconn/s: 0.00
[ 35s ] thds: 2048 tps: 517.81 qps: 3071.85 (r/w/o: 0.00/2010.24/1061.60) lat (ms,95%): 5507.54 err/s: 0.00 reconn/s: 0.00
[ 36s ] thds: 2048 tps: 515.23 qps: 3124.38 (r/w/o: 0.00/2052.91/1071.47) lat (ms,95%): 5607.61 err/s: 0.00 reconn/s: 0.00
[ 37s ] thds: 2048 tps: 516.83 qps: 3205.94 (r/w/o: 0.00/2136.30/1069.65) lat (ms,95%): 5217.92 err/s: 0.00 reconn/s: 0.00
[ 38s ] thds: 2048 tps: 506.09 qps: 3080.54 (r/w/o: 0.00/2026.36/1054.19) lat (ms,95%): 5813.24 err/s: 0.00 reconn/s: 0.00
[ 39s ] thds: 2048 tps: 579.89 qps: 3169.39 (r/w/o: 0.00/1979.62/1189.77) lat (ms,95%): 5918.87 err/s: 0.00 reconn/s: 0.00
[ 40s ] thds: 2048 tps: 466.14 qps: 2866.86 (r/w/o: 0.00/1902.57/964.29) lat (ms,95%): 5217.92 err/s: 0.00 reconn/s: 0.00
[ 41s ] thds: 2048 tps: 511.87 qps: 3203.19 (r/w/o: 0.00/2135.46/1067.73) lat (ms,95%): 6026.41 err/s: 0.00 reconn/s: 0.00
[ 42s ] thds: 2048 tps: 511.12 qps: 3175.74 (r/w/o: 0.00/2127.50/1048.24) lat (ms,95%): 6026.41 err/s: 0.00 reconn/s: 0.00
[ 43s ] thds: 2048 tps: 575.82 qps: 3144.00 (r/w/o: 0.00/1952.38/1191.62) lat (ms,95%): 5124.81 err/s: 0.00 reconn/s: 0.00
[ 44s ] thds: 2048 tps: 462.04 qps: 2853.23 (r/w/o: 0.00/1893.16/960.08) lat (ms,95%): 5918.87 err/s: 0.00 reconn/s: 0.00
[ 45s ] thds: 2048 tps: 496.01 qps: 3289.07 (r/w/o: 0.00/2247.05/1042.02) lat (ms,95%): 5918.87 err/s: 0.00 reconn/s: 0.00
[ 46s ] thds: 2048 tps: 550.11 qps: 3266.68 (r/w/o: 0.00/2133.44/1133.24) lat (ms,95%): 5124.81 err/s: 0.00 reconn/s: 0.00
[ 47s ] thds: 2048 tps: 572.94 qps: 2973.71 (r/w/o: 0.00/1783.82/1189.88) lat (ms,95%): 5813.24 err/s: 0.00 reconn/s: 0.00
[ 48s ] thds: 2048 tps: 461.05 qps: 2949.31 (r/w/o: 0.00/1992.21/957.10) lat (ms,95%): 5813.24 err/s: 0.00 reconn/s: 0.00
[ 49s ] thds: 2048 tps: 483.00 qps: 3347.02 (r/w/o: 0.00/2352.02/995.01) lat (ms,95%): 5124.81 err/s: 0.00 reconn/s: 0.00
[ 50s ] thds: 2048 tps: 602.04 qps: 3193.23 (r/w/o: 0.00/1945.14/1248.09) lat (ms,95%): 5607.61 err/s: 0.00 reconn/s: 0.00
[ 51s ] thds: 2048 tps: 511.89 qps: 2864.40 (r/w/o: 0.00/1808.62/1055.78) lat (ms,95%): 5607.61 err/s: 0.00 reconn/s: 0.00
[ 52s ] thds: 2048 tps: 465.06 qps: 3067.38 (r/w/o: 0.00/2102.26/965.12) lat (ms,95%): 5607.61 err/s: 0.00 reconn/s: 0.00
[ 53s ] thds: 2048 tps: 512.96 qps: 3395.72 (r/w/o: 0.00/2321.81/1073.91) lat (ms,95%): 5607.61 err/s: 0.00 reconn/s: 0.00
[ 54s ] thds: 2048 tps: 604.95 qps: 3009.77 (r/w/o: 0.00/1770.86/1238.90) lat (ms,95%): 5217.92 err/s: 0.00 reconn/s: 0.00
[ 55s ] thds: 2048 tps: 434.87 qps: 2963.12 (r/w/o: 0.00/2059.39/903.73) lat (ms,95%): 5507.54 err/s: 0.00 reconn/s: 0.00
[ 56s ] thds: 2048 tps: 550.15 qps: 3319.90 (r/w/o: 0.00/2176.59/1143.31) lat (ms,95%): 5507.54 err/s: 0.00 reconn/s: 0.00
[ 57s ] thds: 2048 tps: 509.98 qps: 2968.89 (r/w/o: 0.00/1910.93/1057.96) lat (ms,95%): 5217.92 err/s: 0.00 reconn/s: 0.00
[ 58s ] thds: 2048 tps: 517.94 qps: 2932.68 (r/w/o: 0.00/1862.80/1069.88) lat (ms,95%): 6135.91 err/s: 0.00 reconn/s: 0.00
[ 59s ] thds: 2048 tps: 466.13 qps: 3099.85 (r/w/o: 0.00/2137.58/962.26) lat (ms,95%): 5409.26 err/s: 0.00 reconn/s: 0.00
[ 60s ] thds: 2048 tps: 536.99 qps: 3292.91 (r/w/o: 0.00/2178.94/1113.97) lat (ms,95%): 5813.24 err/s: 0.00 reconn/s: 0.00
[ 61s ] thds: 2048 tps: 578.87 qps: 2987.31 (r/w/o: 0.00/1792.59/1194.72) lat (ms,95%): 5607.61 err/s: 0.00 reconn/s: 0.00
[ 62s ] thds: 2048 tps: 447.04 qps: 3015.25 (r/w/o: 0.00/2090.18/925.08) lat (ms,95%): 5312.73 err/s: 0.00 reconn/s: 0.00
[ 63s ] thds: 2048 tps: 540.99 qps: 3340.95 (r/w/o: 0.00/2222.96/1117.98) lat (ms,95%): 5124.81 err/s: 0.00 reconn/s: 0.00
[ 64s ] thds: 2048 tps: 540.14 qps: 3245.83 (r/w/o: 0.00/2134.55/1111.28) lat (ms,95%): 5033.35 err/s: 0.00 reconn/s: 0.00
[ 65s ] thds: 2048 tps: 558.77 qps: 3041.74 (r/w/o: 0.00/1882.22/1159.52) lat (ms,95%): 4855.31 err/s: 0.00 reconn/s: 0.00
[ 66s ] thds: 2048 tps: 417.03 qps: 2768.21 (r/w/o: 0.00/1889.14/879.07) lat (ms,95%): 4855.31 err/s: 0.00 reconn/s: 0.00
[ 67s ] thds: 2048 tps: 503.95 qps: 3191.69 (r/w/o: 0.00/2139.79/1051.90) lat (ms,95%): 4943.53 err/s: 0.00 reconn/s: 0.00
[ 68s ] thds: 2048 tps: 535.16 qps: 3146.96 (r/w/o: 0.00/2051.63/1095.33) lat (ms,95%): 4943.53 err/s: 0.00 reconn/s: 0.00
[ 69s ] thds: 2048 tps: 583.88 qps: 3101.34 (r/w/o: 0.00/1910.59/1190.75) lat (ms,95%): 6135.91 err/s: 0.00 reconn/s: 0.00
[ 70s ] thds: 2048 tps: 445.20 qps: 3090.42 (r/w/o: 0.00/2155.99/934.43) lat (ms,95%): 4768.67 err/s: 0.00 reconn/s: 0.00
[ 71s ] thds: 2048 tps: 543.91 qps: 3195.45 (r/w/o: 0.00/2080.64/1114.81) lat (ms,95%): 4768.67 err/s: 0.00 reconn/s: 0.00
[ 72s ] thds: 2048 tps: 534.00 qps: 2976.02 (r/w/o: 0.00/1878.01/1098.01) lat (ms,95%): 4599.99 err/s: 0.00 reconn/s: 0.00
[ 73s ] thds: 2048 tps: 459.96 qps: 2787.78 (r/w/o: 0.00/1837.86/949.93) lat (ms,95%): 4517.90 err/s: 0.00 reconn/s: 0.00
[ 74s ] thds: 2048 tps: 490.98 qps: 3374.88 (r/w/o: 0.00/2354.92/1019.97) lat (ms,95%): 4437.27 err/s: 0.00 reconn/s: 0.00
[ 75s ] thds: 2048 tps: 587.01 qps: 3220.04 (r/w/o: 0.00/2015.03/1205.02) lat (ms,95%): 6360.91 err/s: 0.00 reconn/s: 0.00
[ 76s ] thds: 2048 tps: 559.93 qps: 2946.64 (r/w/o: 0.00/1796.78/1149.86) lat (ms,95%): 11317.84 err/s: 0.00 reconn/s: 0.00
[ 77s ] thds: 2048 tps: 439.00 qps: 3002.02 (r/w/o: 0.00/2081.01/921.01) lat (ms,95%): 7895.16 err/s: 0.00 reconn/s: 0.00
[ 78s ] thds: 2048 tps: 553.01 qps: 3555.06 (r/w/o: 0.00/2401.04/1154.02) lat (ms,95%): 7895.16 err/s: 0.00 reconn/s: 0.00
[ 79s ] thds: 2048 tps: 567.95 qps: 3248.74 (r/w/o: 0.00/2094.83/1153.91) lat (ms,95%): 4055.23 err/s: 0.00 reconn/s: 0.00
[ 80s ] thds: 2048 tps: 563.02 qps: 2891.10 (r/w/o: 0.00/1735.06/1156.04) lat (ms,95%): 4128.91 err/s: 0.00 reconn/s: 0.00
[ 81s ] thds: 2048 tps: 413.93 qps: 2889.52 (r/w/o: 0.00/2022.66/866.86) lat (ms,95%): 4280.32 err/s: 0.00 reconn/s: 0.00
[ 82s ] thds: 2048 tps: 538.20 qps: 3563.30 (r/w/o: 0.00/2449.89/1113.40) lat (ms,95%): 4358.09 err/s: 0.00 reconn/s: 0.00
[ 83s ] thds: 2048 tps: 577.80 qps: 3150.92 (r/w/o: 0.00/1963.33/1187.59) lat (ms,95%): 4517.90 err/s: 0.00 reconn/s: 0.00
[ 84s ] thds: 2048 tps: 533.09 qps: 2790.49 (r/w/o: 0.00/1698.30/1092.19) lat (ms,95%): 4683.57 err/s: 0.00 reconn/s: 0.00
[ 85s ] thds: 2048 tps: 445.95 qps: 3067.69 (r/w/o: 0.00/2140.78/926.91) lat (ms,95%): 4768.67 err/s: 0.00 reconn/s: 0.00
[ 86s ] thds: 2048 tps: 516.02 qps: 3372.16 (r/w/o: 0.00/2305.11/1067.05) lat (ms,95%): 4768.67 err/s: 0.00 reconn/s: 0.00
[ 87s ] thds: 2048 tps: 583.03 qps: 3120.17 (r/w/o: 0.00/1932.11/1188.07) lat (ms,95%): 4943.53 err/s: 0.00 reconn/s: 0.00
[ 88s ] thds: 2048 tps: 482.09 qps: 2842.55 (r/w/o: 0.00/1843.36/999.19) lat (ms,95%): 5033.35 err/s: 0.00 reconn/s: 0.00
[ 89s ] thds: 2048 tps: 507.07 qps: 3302.48 (r/w/o: 0.00/2254.33/1048.15) lat (ms,95%): 5124.81 err/s: 0.00 reconn/s: 0.00
[ 90s ] thds: 2048 tps: 530.73 qps: 3081.45 (r/w/o: 0.00/1984.00/1097.45) lat (ms,95%): 5217.92 err/s: 0.00 reconn/s: 0.00
[ 91s ] thds: 2048 tps: 531.07 qps: 2991.40 (r/w/o: 0.00/1899.25/1092.15) lat (ms,95%): 4855.31 err/s: 0.00 reconn/s: 0.00
[ 92s ] thds: 2048 tps: 473.95 qps: 3193.63 (r/w/o: 0.00/2207.75/985.89) lat (ms,95%): 5124.81 err/s: 0.00 reconn/s: 0.00
[ 93s ] thds: 2048 tps: 544.02 qps: 3280.12 (r/w/o: 0.00/2160.08/1120.04) lat (ms,95%): 5124.81 err/s: 0.00 reconn/s: 0.00
[ 94s ] thds: 2048 tps: 569.20 qps: 3000.08 (r/w/o: 0.00/1838.66/1161.42) lat (ms,95%): 5124.81 err/s: 0.00 reconn/s: 0.00
[ 95s ] thds: 2048 tps: 460.82 qps: 2877.85 (r/w/o: 0.00/1920.23/957.62) lat (ms,95%): 5033.35 err/s: 0.00 reconn/s: 0.00
[ 96s ] thds: 2048 tps: 504.00 qps: 3296.97 (r/w/o: 0.00/2259.98/1036.99) lat (ms,95%): 4768.67 err/s: 0.00 reconn/s: 0.00
[ 97s ] thds: 2048 tps: 532.00 qps: 3233.98 (r/w/o: 0.00/2137.98/1095.99) lat (ms,95%): 4943.53 err/s: 0.00 reconn/s: 0.00
[ 98s ] thds: 2048 tps: 545.08 qps: 2935.44 (r/w/o: 0.00/1820.28/1115.17) lat (ms,95%): 4943.53 err/s: 0.00 reconn/s: 0.00
[ 99s ] thds: 2048 tps: 488.97 qps: 3039.81 (r/w/o: 0.00/2033.87/1005.94) lat (ms,95%): 4943.53 err/s: 0.00 reconn/s: 0.00
[ 100s ] thds: 2048 tps: 520.10 qps: 3169.60 (r/w/o: 0.00/2085.39/1084.20) lat (ms,95%): 4855.31 err/s: 0.00 reconn/s: 0.00
[ 101s ] thds: 2048 tps: 520.14 qps: 3086.80 (r/w/o: 0.00/2020.53/1066.28) lat (ms,95%): 4768.67 err/s: 0.00 reconn/s: 0.00
[ 102s ] thds: 2048 tps: 509.77 qps: 3084.62 (r/w/o: 0.00/2027.09/1057.53) lat (ms,95%): 4855.31 err/s: 0.00 reconn/s: 0.00
[ 103s ] thds: 2048 tps: 514.95 qps: 3168.72 (r/w/o: 0.00/2110.81/1057.91) lat (ms,95%): 4768.67 err/s: 0.00 reconn/s: 0.00
[ 104s ] thds: 2048 tps: 556.29 qps: 3107.63 (r/w/o: 0.00/1952.02/1155.61) lat (ms,95%): 4768.67 err/s: 0.00 reconn/s: 0.00
[ 105s ] thds: 2048 tps: 481.74 qps: 2947.42 (r/w/o: 0.00/1959.95/987.47) lat (ms,95%): 4768.67 err/s: 0.00 reconn/s: 0.00
[ 106s ] thds: 2048 tps: 487.26 qps: 3229.76 (r/w/o: 0.00/2221.21/1008.55) lat (ms,95%): 4768.67 err/s: 0.00 reconn/s: 0.00
[ 107s ] thds: 2048 tps: 557.69 qps: 3248.19 (r/w/o: 0.00/2100.83/1147.36) lat (ms,95%): 4768.67 err/s: 0.00 reconn/s: 0.00
[ 108s ] thds: 2048 tps: 553.11 qps: 2997.62 (r/w/o: 0.00/1852.38/1145.24) lat (ms,95%): 4683.57 err/s: 0.00 reconn/s: 0.00
[ 109s ] thds: 2048 tps: 474.00 qps: 2933.00 (r/w/o: 0.00/1946.00/987.00) lat (ms,95%): 4683.57 err/s: 0.00 reconn/s: 0.00
[ 110s ] thds: 2048 tps: 497.95 qps: 3244.65 (r/w/o: 0.00/2209.76/1034.89) lat (ms,95%): 4683.57 err/s: 0.00 reconn/s: 0.00
[ 111s ] thds: 2048 tps: 569.05 qps: 3235.28 (r/w/o: 0.00/2064.18/1171.10) lat (ms,95%): 4683.57 err/s: 0.00 reconn/s: 0.00
[ 112s ] thds: 2048 tps: 494.17 qps: 2944.04 (r/w/o: 0.00/1927.68/1016.36) lat (ms,95%): 4768.67 err/s: 0.00 reconn/s: 0.00
[ 113s ] thds: 2048 tps: 537.01 qps: 3090.04 (r/w/o: 0.00/1981.02/1109.01) lat (ms,95%): 4768.67 err/s: 0.00 reconn/s: 0.00
[ 114s ] thds: 2048 tps: 470.03 qps: 3142.20 (r/w/o: 0.00/2174.14/968.06) lat (ms,95%): 4768.67 err/s: 0.00 reconn/s: 0.00
[ 115s ] thds: 2048 tps: 561.89 qps: 3190.35 (r/w/o: 0.00/2039.58/1150.76) lat (ms,95%): 4768.67 err/s: 0.00 reconn/s: 0.00
[ 116s ] thds: 2048 tps: 481.80 qps: 3023.74 (r/w/o: 0.00/2017.16/1006.58) lat (ms,95%): 4768.67 err/s: 0.00 reconn/s: 0.00
[ 117s ] thds: 2048 tps: 554.31 qps: 3180.76 (r/w/o: 0.00/2038.13/1142.63) lat (ms,95%): 4768.67 err/s: 0.00 reconn/s: 0.00
[ 118s ] thds: 2048 tps: 510.78 qps: 3030.70 (r/w/o: 0.00/1984.15/1046.55) lat (ms,95%): 4768.67 err/s: 0.00 reconn/s: 0.00
[ 119s ] thds: 2048 tps: 481.00 qps: 3055.01 (r/w/o: 0.00/2057.00/998.00) lat (ms,95%): 4768.67 err/s: 0.00 reconn/s: 0.00
[ 120s ] thds: 2048 tps: 540.05 qps: 3279.30 (r/w/o: 0.00/2163.20/1116.10) lat (ms,95%): 4768.67 err/s: 0.00 reconn/s: 0.00
[ 121s ] thds: 2048 tps: 523.87 qps: 3059.26 (r/w/o: 0.00/1970.52/1088.74) lat (ms,95%): 4768.67 err/s: 0.00 reconn/s: 0.00
[ 122s ] thds: 2048 tps: 1586.97 qps: 9411.72 (r/w/o: 0.00/6140.73/3270.99) lat (ms,95%): 4517.90 err/s: 0.00 reconn/s: 0.00
[ 123s ] thds: 2048 tps: 1586.19 qps: 9789.03 (r/w/o: 0.00/6548.67/3240.35) lat (ms,95%): 4517.90 err/s: 0.00 reconn/s: 0.00
[ 124s ] thds: 2048 tps: 801.38 qps: 4615.17 (r/w/o: 0.00/2944.38/1670.79) lat (ms,95%): 4683.57 err/s: 0.00 reconn/s: 0.00
[ 125s ] thds: 2048 tps: 445.76 qps: 2742.54 (r/w/o: 0.00/1815.04/927.51) lat (ms,95%): 4599.99 err/s: 0.00 reconn/s: 0.00
[ 126s ] thds: 2048 tps: 476.07 qps: 2871.45 (r/w/o: 0.00/1889.30/982.15) lat (ms,95%): 4599.99 err/s: 0.00 reconn/s: 0.00
[ 127s ] thds: 2048 tps: 517.02 qps: 2888.09 (r/w/o: 0.00/1821.06/1067.03) lat (ms,95%): 4768.67 err/s: 0.00 reconn/s: 0.00
[ 128s ] thds: 2048 tps: 491.16 qps: 3244.09 (r/w/o: 0.00/2222.75/1021.34) lat (ms,95%): 6135.91 err/s: 0.00 reconn/s: 0.00
[ 129s ] thds: 2048 tps: 562.72 qps: 3385.30 (r/w/o: 0.00/2219.88/1165.41) lat (ms,95%): 6135.91 err/s: 0.00 reconn/s: 0.00
[ 130s ] thds: 2048 tps: 547.01 qps: 2931.04 (r/w/o: 0.00/1798.03/1133.02) lat (ms,95%): 4517.90 err/s: 0.00 reconn/s: 0.00
[ 131s ] thds: 2048 tps: 416.99 qps: 2839.96 (r/w/o: 0.00/1979.97/859.99) lat (ms,95%): 4517.90 err/s: 0.00 reconn/s: 0.00
[ 132s ] thds: 2048 tps: 496.04 qps: 3307.24 (r/w/o: 0.00/2274.16/1033.07) lat (ms,95%): 4437.27 err/s: 0.00 reconn/s: 0.00
[ 133s ] thds: 2048 tps: 582.93 qps: 3121.61 (r/w/o: 0.00/1924.76/1196.85) lat (ms,95%): 9284.15 err/s: 0.00 reconn/s: 0.00
[ 134s ] thds: 2048 tps: 504.97 qps: 3051.84 (r/w/o: 0.00/2014.90/1036.95) lat (ms,95%): 9977.52 err/s: 0.00 reconn/s: 0.00
[ 135s ] thds: 2048 tps: 499.03 qps: 3194.18 (r/w/o: 0.00/2166.12/1028.06) lat (ms,95%): 10722.67 err/s: 0.00 reconn/s: 0.00
[ 136s ] thds: 2048 tps: 567.94 qps: 3150.67 (r/w/o: 0.00/1989.79/1160.88) lat (ms,95%): 7479.98 err/s: 0.00 reconn/s: 0.00
[ 137s ] thds: 2048 tps: 516.04 qps: 2770.19 (r/w/o: 0.00/1712.12/1058.07) lat (ms,95%): 9284.15 err/s: 0.00 reconn/s: 0.00
[ 138s ] thds: 2048 tps: 510.04 qps: 3291.25 (r/w/o: 0.00/2229.17/1062.08) lat (ms,95%): 11115.87 err/s: 0.00 reconn/s: 0.00
[ 139s ] thds: 2048 tps: 541.08 qps: 3542.51 (r/w/o: 0.00/2417.35/1125.16) lat (ms,95%): 10158.80 err/s: 0.00 reconn/s: 0.00
[ 140s ] thds: 2048 tps: 544.00 qps: 2865.00 (r/w/o: 0.00/1754.00/1111.00) lat (ms,95%): 5312.73 err/s: 0.00 reconn/s: 0.00
[ 141s ] thds: 2048 tps: 472.85 qps: 2753.14 (r/w/o: 0.00/1777.45/975.70) lat (ms,95%): 5312.73 err/s: 0.00 reconn/s: 0.00
[ 142s ] thds: 2048 tps: 460.29 qps: 3090.97 (r/w/o: 0.00/2134.36/956.61) lat (ms,95%): 5217.92 err/s: 0.00 reconn/s: 0.00
[ 143s ] thds: 2048 tps: 546.73 qps: 3370.35 (r/w/o: 0.00/2242.90/1127.45) lat (ms,95%): 5217.92 err/s: 0.00 reconn/s: 0.00
[ 144s ] thds: 2048 tps: 522.26 qps: 2859.44 (r/w/o: 0.00/1791.90/1067.54) lat (ms,95%): 4943.53 err/s: 0.00 reconn/s: 0.00
[ 145s ] thds: 2048 tps: 495.71 qps: 3075.22 (r/w/o: 0.00/2057.81/1017.41) lat (ms,95%): 8184.67 err/s: 0.00 reconn/s: 0.00
[ 146s ] thds: 2048 tps: 494.02 qps: 3244.14 (r/w/o: 0.00/2225.09/1019.04) lat (ms,95%): 7895.16 err/s: 0.00 reconn/s: 0.00
[ 147s ] thds: 2048 tps: 592.35 qps: 3085.80 (r/w/o: 0.00/1874.10/1211.71) lat (ms,95%): 6713.97 err/s: 0.00 reconn/s: 0.00
[ 148s ] thds: 2048 tps: 497.72 qps: 2991.34 (r/w/o: 0.00/1955.92/1035.43) lat (ms,95%): 9799.46 err/s: 0.00 reconn/s: 0.00
[ 149s ] thds: 2048 tps: 503.05 qps: 3124.31 (r/w/o: 0.00/2077.20/1047.10) lat (ms,95%): 6960.17 err/s: 0.00 reconn/s: 0.00
[ 150s ] thds: 2048 tps: 508.00 qps: 3184.97 (r/w/o: 0.00/2134.98/1049.99) lat (ms,95%): 5217.92 err/s: 0.00 reconn/s: 0.00
[ 151s ] thds: 2048 tps: 524.18 qps: 2990.04 (r/w/o: 0.00/1909.66/1080.38) lat (ms,95%): 4599.99 err/s: 0.00 reconn/s: 0.00
[ 152s ] thds: 2048 tps: 498.84 qps: 3126.01 (r/w/o: 0.00/2096.34/1029.68) lat (ms,95%): 7086.63 err/s: 0.00 reconn/s: 0.00
[ 153s ] thds: 2048 tps: 519.91 qps: 3212.44 (r/w/o: 0.00/2134.63/1077.81) lat (ms,95%): 6594.16 err/s: 0.00 reconn/s: 0.00
[ 154s ] thds: 2048 tps: 540.98 qps: 3106.86 (r/w/o: 0.00/1988.91/1117.95) lat (ms,95%): 6476.48 err/s: 0.00 reconn/s: 0.00
[ 155s ] thds: 2048 tps: 479.01 qps: 2817.07 (r/w/o: 0.00/1827.05/990.02) lat (ms,95%): 8038.61 err/s: 0.00 reconn/s: 0.00
[ 156s ] thds: 2048 tps: 536.02 qps: 3289.14 (r/w/o: 0.00/2178.09/1111.05) lat (ms,95%): 9452.83 err/s: 0.00 reconn/s: 0.00
[ 157s ] thds: 2048 tps: 511.13 qps: 3197.79 (r/w/o: 0.00/2144.53/1053.26) lat (ms,95%): 9284.15 err/s: 0.00 reconn/s: 0.00
[ 158s ] thds: 2048 tps: 540.81 qps: 3109.91 (r/w/o: 0.00/1992.30/1117.61) lat (ms,95%): 6476.48 err/s: 0.00 reconn/s: 0.00
[ 159s ] thds: 2048 tps: 493.10 qps: 2914.60 (r/w/o: 0.00/1894.39/1020.21) lat (ms,95%): 5918.87 err/s: 0.00 reconn/s: 0.00
[ 160s ] thds: 2048 tps: 506.25 qps: 3090.55 (r/w/o: 0.00/2044.02/1046.52) lat (ms,95%): 5033.35 err/s: 0.00 reconn/s: 0.00
[ 161s ] thds: 2048 tps: 517.71 qps: 2901.36 (r/w/o: 0.00/1823.97/1077.39) lat (ms,95%): 4683.57 err/s: 0.00 reconn/s: 0.00
[ 162s ] thds: 2048 tps: 461.24 qps: 3117.62 (r/w/o: 0.00/2158.12/959.50) lat (ms,95%): 5813.24 err/s: 0.00 reconn/s: 0.00
[ 163s ] thds: 2048 tps: 565.01 qps: 3197.06 (r/w/o: 0.00/2030.04/1167.02) lat (ms,95%): 6135.91 err/s: 0.00 reconn/s: 0.00
[ 164s ] thds: 2048 tps: 508.91 qps: 3032.48 (r/w/o: 0.00/1980.66/1051.82) lat (ms,95%): 9799.46 err/s: 0.00 reconn/s: 0.00
[ 165s ] thds: 2048 tps: 495.09 qps: 3166.55 (r/w/o: 0.00/2149.37/1017.18) lat (ms,95%): 6960.17 err/s: 0.00 reconn/s: 0.00
[ 166s ] thds: 2048 tps: 556.68 qps: 3137.22 (r/w/o: 0.00/1995.87/1141.35) lat (ms,95%): 7215.39 err/s: 0.00 reconn/s: 0.00
[ 167s ] thds: 2048 tps: 524.93 qps: 3011.58 (r/w/o: 0.00/1936.73/1074.85) lat (ms,95%): 6835.96 err/s: 0.00 reconn/s: 0.00
[ 168s ] thds: 2048 tps: 534.33 qps: 3263.01 (r/w/o: 0.00/2163.33/1099.68) lat (ms,95%): 5709.50 err/s: 0.00 reconn/s: 0.00
[ 169s ] thds: 2048 tps: 470.02 qps: 3132.12 (r/w/o: 0.00/2152.09/980.04) lat (ms,95%): 5507.54 err/s: 0.00 reconn/s: 0.00
[ 170s ] thds: 2048 tps: 573.01 qps: 3192.04 (r/w/o: 0.00/2014.03/1178.02) lat (ms,95%): 5507.54 err/s: 0.00 reconn/s: 0.00
[ 171s ] thds: 2048 tps: 482.00 qps: 2919.99 (r/w/o: 0.00/1921.00/999.00) lat (ms,95%): 5217.92 err/s: 0.00 reconn/s: 0.00
[ 172s ] thds: 2048 tps: 499.00 qps: 3170.99 (r/w/o: 0.00/2130.00/1041.00) lat (ms,95%): 5217.92 err/s: 0.00 reconn/s: 0.00
[ 173s ] thds: 2048 tps: 539.93 qps: 3231.57 (r/w/o: 0.00/2119.72/1111.85) lat (ms,95%): 6476.48 err/s: 0.00 reconn/s: 0.00
[ 174s ] thds: 2048 tps: 520.70 qps: 2954.30 (r/w/o: 0.00/1879.92/1074.38) lat (ms,95%): 5217.92 err/s: 0.00 reconn/s: 0.00
[ 175s ] thds: 2048 tps: 495.13 qps: 2948.76 (r/w/o: 0.00/1926.50/1022.26) lat (ms,95%): 5124.81 err/s: 0.00 reconn/s: 0.00
[ 176s ] thds: 2048 tps: 474.18 qps: 3171.20 (r/w/o: 0.00/2181.83/989.38) lat (ms,95%): 5124.81 err/s: 0.00 reconn/s: 0.00
[ 177s ] thds: 2048 tps: 603.64 qps: 3246.08 (r/w/o: 0.00/1995.82/1250.26) lat (ms,95%): 8484.79 err/s: 0.00 reconn/s: 0.00
[ 178s ] thds: 2048 tps: 523.26 qps: 3078.51 (r/w/o: 0.00/1996.98/1081.53) lat (ms,95%): 8484.79 err/s: 0.00 reconn/s: 0.00
[ 179s ] thds: 2048 tps: 525.74 qps: 3379.30 (r/w/o: 0.00/2291.85/1087.45) lat (ms,95%): 5507.54 err/s: 0.00 reconn/s: 0.00
[ 180s ] thds: 2048 tps: 539.40 qps: 3249.38 (r/w/o: 0.00/2134.57/1114.82) lat (ms,95%): 5507.54 err/s: 0.00 reconn/s: 0.00
[ 181s ] thds: 2048 tps: 521.64 qps: 2994.92 (r/w/o: 0.00/1914.67/1080.25) lat (ms,95%): 5124.81 err/s: 0.00 reconn/s: 0.00
[ 182s ] thds: 2048 tps: 507.96 qps: 3095.77 (r/w/o: 0.00/2042.85/1052.92) lat (ms,95%): 5124.81 err/s: 0.00 reconn/s: 0.00
[ 183s ] thds: 2048 tps: 532.08 qps: 3441.49 (r/w/o: 0.00/2338.33/1103.16) lat (ms,95%): 5507.54 err/s: 0.00 reconn/s: 0.00
[ 184s ] thds: 2048 tps: 584.36 qps: 3091.93 (r/w/o: 0.00/1891.18/1200.75) lat (ms,95%): 5124.81 err/s: 0.00 reconn/s: 0.00
[ 185s ] thds: 2048 tps: 488.64 qps: 2864.88 (r/w/o: 0.00/1855.63/1009.25) lat (ms,95%): 5124.81 err/s: 0.00 reconn/s: 0.00
[ 186s ] thds: 2048 tps: 454.26 qps: 3160.84 (r/w/o: 0.00/2219.29/941.55) lat (ms,95%): 5124.81 err/s: 0.00 reconn/s: 0.00
[ 187s ] thds: 2048 tps: 563.63 qps: 3177.90 (r/w/o: 0.00/2018.66/1159.23) lat (ms,95%): 5124.81 err/s: 0.00 reconn/s: 0.00
[ 188s ] thds: 2048 tps: 497.32 qps: 2916.87 (r/w/o: 0.00/1890.21/1026.66) lat (ms,95%): 5124.81 err/s: 0.00 reconn/s: 0.00
[ 189s ] thds: 2048 tps: 508.74 qps: 2980.45 (r/w/o: 0.00/1934.99/1045.46) lat (ms,95%): 10531.32 err/s: 0.00 reconn/s: 0.00
[ 190s ] thds: 2048 tps: 474.98 qps: 3326.89 (r/w/o: 0.00/2320.93/1005.97) lat (ms,95%): 8638.96 err/s: 0.00 reconn/s: 0.00
[ 191s ] thds: 2048 tps: 576.31 qps: 3185.71 (r/w/o: 0.00/2014.08/1171.63) lat (ms,95%): 8184.67 err/s: 0.00 reconn/s: 0.00
[ 192s ] thds: 2048 tps: 566.10 qps: 2999.54 (r/w/o: 0.00/1836.33/1163.21) lat (ms,95%): 5217.92 err/s: 0.00 reconn/s: 0.00
[ 193s ] thds: 2048 tps: 451.62 qps: 3195.30 (r/w/o: 0.00/2241.10/954.19) lat (ms,95%): 8638.96 err/s: 0.00 reconn/s: 0.00
[ 194s ] thds: 2048 tps: 566.30 qps: 3183.66 (r/w/o: 0.00/2019.05/1164.61) lat (ms,95%): 4768.67 err/s: 0.00 reconn/s: 0.00
[ 195s ] thds: 2048 tps: 486.15 qps: 3013.90 (r/w/o: 0.00/2012.60/1001.30) lat (ms,95%): 5217.92 err/s: 0.00 reconn/s: 0.00
[ 196s ] thds: 2048 tps: 534.58 qps: 3161.52 (r/w/o: 0.00/2061.38/1100.14) lat (ms,95%): 5217.92 err/s: 0.00 reconn/s: 0.00
[ 197s ] thds: 2048 tps: 526.43 qps: 3286.65 (r/w/o: 0.00/2200.78/1085.88) lat (ms,95%): 5217.92 err/s: 0.00 reconn/s: 0.00
[ 198s ] thds: 2048 tps: 549.95 qps: 3013.73 (r/w/o: 0.00/1883.83/1129.90) lat (ms,95%): 5217.92 err/s: 0.00 reconn/s: 0.00
[ 199s ] thds: 2048 tps: 507.97 qps: 2919.85 (r/w/o: 0.00/1875.90/1043.95) lat (ms,95%): 5217.92 err/s: 0.00 reconn/s: 0.00
[ 200s ] thds: 2048 tps: 431.04 qps: 3067.31 (r/w/o: 0.00/2167.22/900.09) lat (ms,95%): 5217.92 err/s: 0.00 reconn/s: 0.00
[ 201s ] thds: 2048 tps: 587.67 qps: 3406.11 (r/w/o: 0.00/2198.78/1207.33) lat (ms,95%): 6247.39 err/s: 0.00 reconn/s: 0.00
[ 202s ] thds: 2048 tps: 483.23 qps: 3081.44 (r/w/o: 0.00/2077.97/1003.47) lat (ms,95%): 5312.73 err/s: 0.00 reconn/s: 0.00
[ 203s ] thds: 2048 tps: 581.63 qps: 2962.13 (r/w/o: 0.00/1762.89/1199.24) lat (ms,95%): 6476.48 err/s: 0.00 reconn/s: 0.00
[ 204s ] thds: 2048 tps: 456.28 qps: 3111.90 (r/w/o: 0.00/2168.32/943.58) lat (ms,95%): 6594.16 err/s: 0.00 reconn/s: 0.00
[ 205s ] thds: 2048 tps: 541.81 qps: 3009.94 (r/w/o: 0.00/1897.33/1112.61) lat (ms,95%): 5409.26 err/s: 0.00 reconn/s: 0.00
[ 206s ] thds: 2048 tps: 512.26 qps: 3218.66 (r/w/o: 0.00/2162.11/1056.54) lat (ms,95%): 5409.26 err/s: 0.00 reconn/s: 0.00
[ 207s ] thds: 2048 tps: 510.50 qps: 3177.91 (r/w/o: 0.00/2120.94/1056.97) lat (ms,95%): 5607.61 err/s: 0.00 reconn/s: 0.00
[ 208s ] thds: 2048 tps: 553.56 qps: 3194.24 (r/w/o: 0.00/2058.09/1136.15) lat (ms,95%): 5409.26 err/s: 0.00 reconn/s: 0.00
[ 209s ] thds: 2048 tps: 485.97 qps: 2831.84 (r/w/o: 0.00/1835.90/995.94) lat (ms,95%): 5409.26 err/s: 0.00 reconn/s: 0.00
[ 210s ] thds: 2048 tps: 506.00 qps: 2948.01 (r/w/o: 0.00/1898.01/1050.00) lat (ms,95%): 4683.57 err/s: 0.00 reconn/s: 0.00
[ 211s ] thds: 2048 tps: 463.98 qps: 3242.89 (r/w/o: 0.00/2275.92/966.97) lat (ms,95%): 5312.73 err/s: 0.00 reconn/s: 0.00
[ 212s ] thds: 2048 tps: 588.63 qps: 3270.97 (r/w/o: 0.00/2052.73/1218.24) lat (ms,95%): 5607.61 err/s: 0.00 reconn/s: 0.00
[ 213s ] thds: 2048 tps: 511.92 qps: 2907.56 (r/w/o: 0.00/1850.72/1056.84) lat (ms,95%): 5813.24 err/s: 0.00 reconn/s: 0.00
[ 214s ] thds: 2048 tps: 469.31 qps: 3061.03 (r/w/o: 0.00/2082.38/978.65) lat (ms,95%): 6135.91 err/s: 0.00 reconn/s: 0.00
[ 215s ] thds: 2048 tps: 535.95 qps: 3203.72 (r/w/o: 0.00/2086.82/1116.90) lat (ms,95%): 6135.91 err/s: 0.00 reconn/s: 0.00
[ 216s ] thds: 2048 tps: 525.74 qps: 3122.47 (r/w/o: 0.00/2047.00/1075.47) lat (ms,95%): 8184.67 err/s: 0.00 reconn/s: 0.00
[ 217s ] thds: 2048 tps: 568.30 qps: 3165.69 (r/w/o: 0.00/1989.06/1176.63) lat (ms,95%): 6247.39 err/s: 0.00 reconn/s: 0.00
[ 218s ] thds: 2048 tps: 461.95 qps: 3036.64 (r/w/o: 0.00/2076.75/959.89) lat (ms,95%): 6360.91 err/s: 0.00 reconn/s: 0.00
[ 219s ] thds: 2048 tps: 541.15 qps: 3097.87 (r/w/o: 0.00/1982.56/1115.31) lat (ms,95%): 6135.91 err/s: 0.00 reconn/s: 0.00
[ 220s ] thds: 2048 tps: 435.71 qps: 2909.03 (r/w/o: 0.00/2003.65/905.39) lat (ms,95%): 5217.92 err/s: 0.00 reconn/s: 0.00
[ 221s ] thds: 2048 tps: 564.37 qps: 3229.10 (r/w/o: 0.00/2075.35/1153.75) lat (ms,95%): 6476.48 err/s: 0.00 reconn/s: 0.00
[ 222s ] thds: 2048 tps: 478.01 qps: 3071.08 (r/w/o: 0.00/2088.06/983.03) lat (ms,95%): 5124.81 err/s: 0.00 reconn/s: 0.00
[ 223s ] thds: 2048 tps: 541.49 qps: 3080.10 (r/w/o: 0.00/1967.15/1112.95) lat (ms,95%): 6476.48 err/s: 0.00 reconn/s: 0.00
[ 224s ] thds: 2048 tps: 548.49 qps: 2981.64 (r/w/o: 0.00/1856.64/1125.00) lat (ms,95%): 8638.96 err/s: 0.00 reconn/s: 0.00
[ 225s ] thds: 2048 tps: 428.94 qps: 2975.57 (r/w/o: 0.00/2087.70/887.87) lat (ms,95%): 5217.92 err/s: 0.00 reconn/s: 0.00
[ 226s ] thds: 2048 tps: 585.06 qps: 3262.36 (r/w/o: 0.00/2056.22/1206.13) lat (ms,95%): 8638.96 err/s: 0.00 reconn/s: 0.00
[ 227s ] thds: 2048 tps: 500.01 qps: 3135.06 (r/w/o: 0.00/2099.04/1036.02) lat (ms,95%): 6360.91 err/s: 0.00 reconn/s: 0.00
[ 228s ] thds: 2048 tps: 555.95 qps: 3159.70 (r/w/o: 0.00/2008.81/1150.89) lat (ms,95%): 6713.97 err/s: 0.00 reconn/s: 0.00
[ 229s ] thds: 2048 tps: 493.04 qps: 2935.23 (r/w/o: 0.00/1911.15/1024.08) lat (ms,95%): 6594.16 err/s: 0.00 reconn/s: 0.00
[ 230s ] thds: 2048 tps: 492.96 qps: 3102.75 (r/w/o: 0.00/2083.83/1018.92) lat (ms,95%): 4599.99 err/s: 0.00 reconn/s: 0.00
[ 231s ] thds: 2048 tps: 526.03 qps: 3146.17 (r/w/o: 0.00/2063.11/1083.06) lat (ms,95%): 4768.67 err/s: 0.00 reconn/s: 0.00
[ 232s ] thds: 2048 tps: 549.08 qps: 3267.50 (r/w/o: 0.00/2132.33/1135.17) lat (ms,95%): 6135.91 err/s: 0.00 reconn/s: 0.00
[ 233s ] thds: 2048 tps: 534.94 qps: 3102.64 (r/w/o: 0.00/1987.77/1114.87) lat (ms,95%): 6476.48 err/s: 0.00 reconn/s: 0.00
[ 234s ] thds: 2048 tps: 489.95 qps: 3151.67 (r/w/o: 0.00/2144.78/1006.89) lat (ms,95%): 5124.81 err/s: 0.00 reconn/s: 0.00
[ 235s ] thds: 2048 tps: 511.03 qps: 3028.19 (r/w/o: 0.00/1974.12/1054.07) lat (ms,95%): 5124.81 err/s: 0.00 reconn/s: 0.00
[ 236s ] thds: 2048 tps: 519.62 qps: 3112.70 (r/w/o: 0.00/2047.49/1065.21) lat (ms,95%): 5312.73 err/s: 0.00 reconn/s: 0.00
[ 237s ] thds: 2048 tps: 539.40 qps: 3197.36 (r/w/o: 0.00/2079.54/1117.83) lat (ms,95%): 5507.54 err/s: 0.00 reconn/s: 0.00
[ 238s ] thds: 2048 tps: 535.05 qps: 3073.27 (r/w/o: 0.00/1955.17/1118.10) lat (ms,95%): 5918.87 err/s: 0.00 reconn/s: 0.00
[ 239s ] thds: 2048 tps: 483.60 qps: 2932.60 (r/w/o: 0.00/1942.41/990.19) lat (ms,95%): 5217.92 err/s: 0.00 reconn/s: 0.00
[ 240s ] thds: 2048 tps: 496.44 qps: 3139.80 (r/w/o: 0.00/2113.89/1025.92) lat (ms,95%): 6247.39 err/s: 0.00 reconn/s: 0.00
[ 241s ] thds: 2048 tps: 538.00 qps: 2736.99 (r/w/o: 0.00/2157.99/579.00) lat (ms,95%): 5607.61 err/s: 0.00 reconn/s: 0.00
[ 242s ] thds: 2048 tps: 603.92 qps: 2073.72 (r/w/o: 0.00/1454.80/618.92) lat (ms,95%): 5607.61 err/s: 0.00 reconn/s: 0.00
[ 243s ] thds: 2048 tps: 581.09 qps: 1284.20 (r/w/o: 0.00/691.11/593.09) lat (ms,95%): 5709.50 err/s: 0.00 reconn/s: 0.00
[ 244s ] thds: 2023 tps: 209.96 qps: 336.94 (r/w/o: 0.00/124.98/211.96) lat (ms,95%): 6960.17 err/s: 0.00 reconn/s: 0.00
[ 245s ] thds: 2016 tps: 74.99 qps: 136.98 (r/w/o: 0.00/60.99/75.99) lat (ms,95%): 6713.97 err/s: 0.00 reconn/s: 0.00
[ 246s ] thds: 1912 tps: 37.01 qps: 37.01 (r/w/o: 0.00/0.00/37.01) lat (ms,95%): 6360.91 err/s: 0.00 reconn/s: 0.00
Latency histogram (values are in milliseconds)
       value  ------------- distribution ------------- count
      15.268 |                                         1
      15.828 |                                         1
      16.115 |                                         2
      16.408 |                                         4
      16.706 |                                         1
      17.010 |                                         6
      17.319 |                                         2
      17.633 |                                         5
      17.954 |                                         4
      18.280 |                                         4
      18.612 |                                         4
      18.950 |                                         9
      19.295 |                                         1
      19.645 |                                         4
      20.002 |                                         5
      20.366 |                                         6
      20.736 |                                         5
      21.112 |                                         3
      21.496 |                                         8
      21.886 |                                         7
      22.284 |                                         4
      22.689 |                                         8
      23.101 |                                         6
      23.521 |                                         4
      23.948 |                                         3
      24.384 |                                         8
      24.827 |                                         7
      25.278 |                                         5
      25.737 |                                         6
      26.205 |                                         4
      26.681 |                                         7
      27.165 |                                         6
      27.659 |                                         9
      28.162 |                                         5
      28.673 |                                         10
      29.194 |                                         7
      29.725 |                                         7
      30.265 |                                         7
      30.815 |                                         8
      31.375 |                                         8
      31.945 |                                         13
      32.525 |                                         5
      33.116 |                                         8
      33.718 |                                         5
      34.330 |                                         13
      34.954 |                                         7
      35.589 |                                         5
      36.236 |                                         8
      36.894 |                                         4
      37.565 |                                         12
      38.247 |                                         3
      38.942 |                                         5
      39.650 |                                         13
      40.370 |                                         8
      41.104 |                                         8
      41.851 |                                         3
      42.611 |                                         9
      43.385 |                                         6
      44.173 |                                         4
      44.976 |                                         8
      45.793 |                                         4
      46.625 |                                         6
      47.472 |                                         6
      48.335 |                                         12
      49.213 |                                         8
      50.107 |                                         8
      51.018 |                                         17
      51.945 |                                         9
      52.889 |                                         11
      53.850 |                                         11
      54.828 |                                         14
      55.824 |                                         13
      56.839 |                                         13
      57.871 |                                         10
      58.923 |                                         14
      59.993 |                                         16
      61.083 |                                         13
      62.193 |                                         9
      63.323 |                                         13
      64.474 |                                         15
      65.645 |                                         22
      66.838 |                                         19
      68.053 |                                         18
      69.289 |                                         15
      70.548 |                                         10
      71.830 |                                         20
      73.135 |                                         9
      74.464 |                                         19
      75.817 |                                         13
      77.194 |                                         11
      78.597 |                                         12
      80.025 |                                         6
      81.479 |                                         13
      82.959 |                                         14
      84.467 |                                         16
      86.002 |                                         16
      87.564 |                                         18
      89.155 |                                         22
      90.775 |                                         20
      92.424 |                                         20
      94.104 |                                         21
      95.814 |                                         28
      97.555 |                                         30
      99.327 |                                         31
     101.132 |                                         27
     102.969 |                                         20
     104.840 |                                         20
     106.745 |                                         19
     108.685 |                                         25
     110.659 |                                         24
     112.670 |                                         18
     114.717 |                                         28
     116.802 |                                         27
     118.924 |                                         51
     121.085 |                                         52
     123.285 |                                         53
     125.525 |                                         53
     127.805 |                                         51
     130.128 |                                         53
     132.492 |                                         27
     134.899 |                                         41
     137.350 |                                         37
     139.846 |                                         31
     142.387 |                                         45
     144.974 |                                         41
     147.608 |                                         40
     150.290 |                                         43
     153.021 |                                         36
     155.801 |                                         31
     158.632 |                                         18
     161.514 |                                         28
     164.449 |                                         21
     167.437 |                                         24
     170.479 |                                         21
     173.577 |                                         12
     176.731 |                                         22
     179.942 |                                         23
     183.211 |                                         16
     186.540 |                                         7
     189.929 |                                         13
     193.380 |                                         12
     196.894 |                                         13
     200.472 |                                         13
     204.114 |                                         15
     207.823 |                                         11
     211.599 |                                         8
     215.443 |                                         10
     219.358 |                                         8
     223.344 |                                         4
     227.402 |                                         9
     231.534 |                                         8
     235.740 |                                         5
     240.024 |                                         5
     244.385 |                                         4
     248.825 |                                         5
     253.346 |                                         8
     257.950 |                                         6
     262.636 |                                         5
     267.408 |                                         3
     272.267 |                                         5
     277.214 |                                         10
     282.251 |                                         8
     287.379 |                                         8
     292.601 |                                         10
     297.917 |                                         11
     303.330 |                                         7
     308.842 |                                         9
     314.453 |                                         12
     320.167 |                                         5
     325.984 |                                         16
     331.907 |                                         6
     337.938 |                                         9
     344.078 |                                         7
     350.330 |                                         6
     356.695 |                                         2
     363.176 |                                         7
     369.775 |                                         6
     376.494 |                                         5
     383.334 |                                         7
     397.391 |                                         3
     467.304 |                                         1
     484.439 |                                         1
     530.078 |                                         1
     601.286 |                                         1
     634.661 |                                         2
     657.933 |                                         2
     682.059 |                                         2
     694.452 |                                         1
     707.070 |                                         1
     746.316 |                                         2
     759.876 |                                         3
     816.626 |                                         3
     831.464 |                                         1
     846.572 |                                         3
     861.954 |                                         2
     877.615 |                                         5
     893.561 |                                         4
     909.797 |                                         2
     926.327 |                                         3
     943.158 |                                         1
     960.295 |                                         3
     977.743 |                                         3
     995.508 |                                         2
    1013.597 |                                         4
    1032.013 |                                         2
    1050.764 |                                         4
    1069.856 |                                         1
    1089.295 |                                         5
    1109.087 |                                         3
    1129.239 |                                         4
    1149.757 |                                         3
    1170.648 |                                         4
    1191.918 |                                         4
    1213.575 |                                         5
    1235.625 |                                         3
    1258.076 |                                         4
    1280.934 |                                         5
    1304.208 |                                         3
    1327.905 |                                         1
    1352.033 |                                         2
    1376.599 |                                         2
    1401.611 |                                         1
    1453.007 |                                         2
    1479.408 |                                         2
    1506.288 |                                         5
    1533.657 |                                         3
    1561.523 |                                         6
    1589.895 |                                         1
    1618.783 |                                         3
    1648.196 |                                         3
    1678.143 |                                         6
    1708.634 |                                         3
    1739.679 |                                         6
    1771.289 |                                         9
    1803.472 |                                         6
    1836.241 |                                         11
    1869.605 |                                         5
    1903.575 |                                         9
    1938.162 |                                         5
    1973.377 |                                         8
    2009.233 |                                         5
    2045.740 |                                         7
    2082.910 |                                         11
    2120.756 |                                         18
    2159.289 |                                         20
    2198.523 |                                         14
    2238.469 |                                         35
    2279.141 |                                         26
    2320.552 |                                         19
    2362.716 |                                         21
    2405.646 |                                         56
    2449.355 |                                         26
    2493.859 |                                         30
    2539.172 |                                         31
    2585.308 |                                         62
    2632.282 |                                         37
    2680.109 |                                         42
    2728.806 |                                         62
    2778.387 |                                         85
    2828.869 |*                                        187
    2880.269 |                                         144
    2932.602 |                                         129
    2985.887 |                                         131
    3040.139 |*                                        246
    3095.377 |*                                        380
    3151.619 |*                                        399
    3208.883 |**                                       737
    3267.187 |***                                      1110
    3326.551 |*******                                  2486
    3386.993 |******************                       6043
    3448.533 |*******************************          10503
    3511.192 |**************************************** 13707
    3574.989 |**************************************   12949
    3639.945 |***************************************  13512
    3706.081 |*********************************        11394
    3773.420 |**********************************       11783
    3841.981 |***************                          5149
    3911.789 |*******                                  2403
    3982.864 |******                                   2044
    4055.231 |******                                   2074
    4128.913 |****                                     1283
    4203.934 |***                                      1010
    4280.318 |****                                     1361
    4358.090 |****                                     1283
    4437.275 |****                                     1390
    4517.898 |*******                                  2565
    4599.987 |*****                                    1685
    4683.567 |*******                                  2434
    4768.666 |*****                                    1768
    4855.311 |***                                      1141
    4943.530 |**                                       715
    5033.352 |***                                      878
    5124.806 |****                                     1509
    5217.922 |****                                     1408
    5312.729 |**                                       730
    5409.260 |**                                       695
    5507.544 |*                                        476
    5607.614 |*                                        476
    5709.502 |*                                        314
    5813.242 |*                                        262
    5918.866 |*                                        225
    6026.410 |*                                        269
    6135.907 |*                                        278
    6247.394 |*                                        221
    6360.907 |*                                        232
    6476.483 |*                                        295
    6594.158 |*                                        211
    6713.971 |*                                        193
    6835.962 |                                         150
    6960.168 |                                         167
    7086.632 |                                         144
    7215.393 |                                         98
    7346.494 |                                         80
    7479.978 |                                         68
    7615.886 |                                         67
    7754.264 |                                         49
    7895.156 |                                         50
    8038.608 |                                         52
    8184.666 |                                         117
    8333.379 |                                         106
    8484.793 |                                         126
    8638.959 |                                         98
    8795.925 |                                         96
    8955.744 |                                         92
    9118.466 |                                         82
    9284.145 |                                         119
    9452.835 |                                         86
    9624.589 |                                         60
    9799.465 |                                         49
    9977.517 |                                         35
   10158.805 |                                         53
   10343.387 |                                         87
   10531.322 |                                         119
   10722.672 |                                         47
   10917.499 |                                         66
   11115.866 |                                         62
   11317.837 |                                         42
   11523.478 |                                         11
   11732.855 |                                         21
   11946.037 |                                         20
   12163.092 |                                         38
   12384.091 |                                         3
   12609.105 |                                         6
   12838.208 |                                         2
   13071.473 |                                         1
   13308.977 |                                         2
   13550.796 |                                         1
   13797.009 |                                         2
 
SQL statistics:
    queries performed:
        read:                            0
        write:                           502343
        other:                           263520
        total:                           765863
    transactions:                        128612 (522.62 per sec.)
    queries:                             765863 (3112.11 per sec.)
    ignored errors:                      0      (0.00 per sec.)
    reconnects:                          0      (0.00 per sec.)

Throughput:
    events/s (eps):                      522.6184
    time elapsed:                        246.0921s
    total number of events:              128612

Latency (ms):
         min:                                   15.15
         avg:                                 3885.70
         max:                                13868.68
         95th percentile:                     5409.26
         sum:                            499747005.91

Threads fairness:
    events (avg/stddev):           62.7988/7.38
    execution time (avg/stddev):   244.0171/1.90

