sysbench 1.1.0-3ceba0b (using bundled LuaJIT 2.1.0-beta3)

Running the test with following options:
Number of threads: 32
Warmup time: 60s
Report intermediate results every 1 second(s)
Initializing random number generator from current time


Initializing worker threads...

Threads started!

Warming up for 60 seconds...

[ 1s ] thds: 32 tps: 3975.33 qps: 3975.33 (r/w/o: 0.00/3886.99/88.34) lat (ms,95%): 9.91 err/s: 0.00 reconn/s: 0.00
[ 2s ] thds: 32 tps: 3855.83 qps: 3855.83 (r/w/o: 0.00/3762.79/93.04) lat (ms,95%): 13.46 err/s: 0.00 reconn/s: 0.00
[ 3s ] thds: 32 tps: 3672.83 qps: 3672.83 (r/w/o: 0.00/3600.85/71.98) lat (ms,95%): 13.70 err/s: 0.00 reconn/s: 0.00
[ 4s ] thds: 32 tps: 3647.39 qps: 3647.39 (r/w/o: 0.00/3564.43/82.96) lat (ms,95%): 13.70 err/s: 0.00 reconn/s: 0.00
[ 5s ] thds: 32 tps: 3664.99 qps: 3664.99 (r/w/o: 0.00/3572.96/92.02) lat (ms,95%): 13.46 err/s: 0.00 reconn/s: 0.00
[ 6s ] thds: 32 tps: 3738.69 qps: 3738.69 (r/w/o: 0.00/3644.65/94.04) lat (ms,95%): 12.52 err/s: 0.00 reconn/s: 0.00
[ 7s ] thds: 32 tps: 3776.05 qps: 3776.05 (r/w/o: 0.00/3697.09/78.96) lat (ms,95%): 12.52 err/s: 0.00 reconn/s: 0.00
[ 8s ] thds: 32 tps: 3800.26 qps: 3800.26 (r/w/o: 0.00/3728.26/72.00) lat (ms,95%): 12.52 err/s: 0.00 reconn/s: 0.00
[ 9s ] thds: 32 tps: 3943.61 qps: 3943.61 (r/w/o: 0.00/3862.59/81.01) lat (ms,95%): 10.46 err/s: 0.00 reconn/s: 0.00
[ 10s ] thds: 32 tps: 4012.10 qps: 4012.10 (r/w/o: 0.00/3905.12/106.98) lat (ms,95%): 9.73 err/s: 0.00 reconn/s: 0.00
[ 11s ] thds: 32 tps: 3996.56 qps: 3996.56 (r/w/o: 0.00/3893.57/102.99) lat (ms,95%): 9.73 err/s: 0.00 reconn/s: 0.00
[ 12s ] thds: 32 tps: 3994.76 qps: 3994.76 (r/w/o: 0.00/3902.74/92.02) lat (ms,95%): 9.91 err/s: 0.00 reconn/s: 0.00
[ 13s ] thds: 32 tps: 3871.46 qps: 3871.46 (r/w/o: 0.00/3775.47/95.99) lat (ms,95%): 10.84 err/s: 0.00 reconn/s: 0.00
[ 14s ] thds: 32 tps: 3833.04 qps: 3833.04 (r/w/o: 0.00/3748.04/85.00) lat (ms,95%): 10.84 err/s: 0.00 reconn/s: 0.00
[ 15s ] thds: 32 tps: 3849.44 qps: 3849.44 (r/w/o: 0.00/3767.43/82.01) lat (ms,95%): 10.84 err/s: 0.00 reconn/s: 0.00
[ 16s ] thds: 32 tps: 3802.64 qps: 3802.64 (r/w/o: 0.00/3714.63/88.01) lat (ms,95%): 11.24 err/s: 0.00 reconn/s: 0.00
[ 17s ] thds: 32 tps: 3741.06 qps: 3741.06 (r/w/o: 0.00/3661.10/79.96) lat (ms,95%): 13.95 err/s: 0.00 reconn/s: 0.00
[ 18s ] thds: 32 tps: 3679.28 qps: 3679.28 (r/w/o: 0.00/3600.24/79.05) lat (ms,95%): 13.95 err/s: 0.00 reconn/s: 0.00
[ 19s ] thds: 32 tps: 3692.71 qps: 3692.71 (r/w/o: 0.00/3620.72/71.99) lat (ms,95%): 13.95 err/s: 0.00 reconn/s: 0.00
[ 20s ] thds: 32 tps: 3732.06 qps: 3732.06 (r/w/o: 0.00/3660.04/72.02) lat (ms,95%): 12.08 err/s: 0.00 reconn/s: 0.00
[ 21s ] thds: 32 tps: 3680.56 qps: 3680.56 (r/w/o: 0.00/3598.62/81.95) lat (ms,95%): 11.65 err/s: 0.00 reconn/s: 0.00
[ 22s ] thds: 32 tps: 3675.09 qps: 3676.09 (r/w/o: 0.00/3595.08/81.00) lat (ms,95%): 11.87 err/s: 0.00 reconn/s: 0.00
[ 23s ] thds: 32 tps: 3673.68 qps: 3672.68 (r/w/o: 0.00/3591.62/81.06) lat (ms,95%): 11.65 err/s: 0.00 reconn/s: 0.00
[ 24s ] thds: 32 tps: 3799.76 qps: 3799.76 (r/w/o: 0.00/3722.80/76.95) lat (ms,95%): 10.84 err/s: 0.00 reconn/s: 0.00
[ 25s ] thds: 32 tps: 3888.68 qps: 3888.68 (r/w/o: 0.00/3800.64/88.04) lat (ms,95%): 10.46 err/s: 0.00 reconn/s: 0.00
[ 26s ] thds: 32 tps: 3877.94 qps: 3877.94 (r/w/o: 0.00/3797.94/80.00) lat (ms,95%): 10.46 err/s: 0.00 reconn/s: 0.00
[ 27s ] thds: 32 tps: 3873.86 qps: 3873.86 (r/w/o: 0.00/3779.89/93.97) lat (ms,95%): 10.46 err/s: 0.00 reconn/s: 0.00
[ 28s ] thds: 32 tps: 3911.30 qps: 3911.30 (r/w/o: 0.00/3828.28/83.03) lat (ms,95%): 10.27 err/s: 0.00 reconn/s: 0.00
[ 29s ] thds: 32 tps: 3941.48 qps: 3941.48 (r/w/o: 0.00/3863.51/77.97) lat (ms,95%): 10.27 err/s: 0.00 reconn/s: 0.00
[ 30s ] thds: 32 tps: 3912.67 qps: 3912.67 (r/w/o: 0.00/3836.68/75.99) lat (ms,95%): 10.27 err/s: 0.00 reconn/s: 0.00
[ 31s ] thds: 32 tps: 3882.37 qps: 3882.37 (r/w/o: 0.00/3804.37/78.01) lat (ms,95%): 10.84 err/s: 0.00 reconn/s: 0.00
[ 32s ] thds: 32 tps: 3773.11 qps: 3773.11 (r/w/o: 0.00/3697.13/75.98) lat (ms,95%): 12.52 err/s: 0.00 reconn/s: 0.00
[ 33s ] thds: 32 tps: 3787.10 qps: 3787.10 (r/w/o: 0.00/3701.08/86.03) lat (ms,95%): 12.52 err/s: 0.00 reconn/s: 0.00
[ 34s ] thds: 32 tps: 3784.59 qps: 3784.59 (r/w/o: 0.00/3693.60/90.99) lat (ms,95%): 12.52 err/s: 0.00 reconn/s: 0.00
[ 35s ] thds: 32 tps: 3798.50 qps: 3798.50 (r/w/o: 0.00/3718.47/80.03) lat (ms,95%): 11.45 err/s: 0.00 reconn/s: 0.00
[ 36s ] thds: 32 tps: 3779.58 qps: 3779.58 (r/w/o: 0.00/3697.61/81.97) lat (ms,95%): 11.24 err/s: 0.00 reconn/s: 0.00
[ 37s ] thds: 32 tps: 3768.10 qps: 3768.10 (r/w/o: 0.00/3680.09/88.00) lat (ms,95%): 11.45 err/s: 0.00 reconn/s: 0.00
[ 38s ] thds: 32 tps: 3772.41 qps: 3772.41 (r/w/o: 0.00/3671.43/100.98) lat (ms,95%): 11.45 err/s: 0.00 reconn/s: 0.00
[ 39s ] thds: 32 tps: 3800.50 qps: 3800.50 (r/w/o: 0.00/3724.47/76.03) lat (ms,95%): 10.65 err/s: 0.00 reconn/s: 0.00
[ 40s ] thds: 32 tps: 3896.58 qps: 3896.58 (r/w/o: 0.00/3808.57/88.01) lat (ms,95%): 10.09 err/s: 0.00 reconn/s: 0.00
[ 41s ] thds: 32 tps: 3902.97 qps: 3902.97 (r/w/o: 0.00/3820.02/82.96) lat (ms,95%): 10.09 err/s: 0.00 reconn/s: 0.00
[ 42s ] thds: 32 tps: 3901.91 qps: 3901.91 (r/w/o: 0.00/3822.87/79.04) lat (ms,95%): 10.09 err/s: 0.00 reconn/s: 0.00
[ 43s ] thds: 32 tps: 3889.38 qps: 3889.38 (r/w/o: 0.00/3806.42/82.97) lat (ms,95%): 9.91 err/s: 0.00 reconn/s: 0.00
[ 44s ] thds: 32 tps: 3919.10 qps: 3919.10 (r/w/o: 0.00/3825.07/94.03) lat (ms,95%): 9.91 err/s: 0.00 reconn/s: 0.00
[ 45s ] thds: 32 tps: 3907.57 qps: 3907.57 (r/w/o: 0.00/3822.56/85.01) lat (ms,95%): 9.91 err/s: 0.00 reconn/s: 0.00
[ 46s ] thds: 32 tps: 3869.28 qps: 3869.28 (r/w/o: 0.00/3781.30/87.98) lat (ms,95%): 10.46 err/s: 0.00 reconn/s: 0.00
[ 47s ] thds: 32 tps: 3797.59 qps: 3797.59 (r/w/o: 0.00/3713.58/84.01) lat (ms,95%): 11.65 err/s: 0.00 reconn/s: 0.00
[ 48s ] thds: 32 tps: 3807.65 qps: 3807.65 (r/w/o: 0.00/3714.68/92.97) lat (ms,95%): 11.65 err/s: 0.00 reconn/s: 0.00
[ 49s ] thds: 32 tps: 3820.24 qps: 3820.24 (r/w/o: 0.00/3735.26/84.98) lat (ms,95%): 11.87 err/s: 0.00 reconn/s: 0.00
[ 50s ] thds: 32 tps: 3862.94 qps: 3862.94 (r/w/o: 0.00/3779.90/83.04) lat (ms,95%): 11.04 err/s: 0.00 reconn/s: 0.00
[ 51s ] thds: 32 tps: 3841.45 qps: 3841.45 (r/w/o: 0.00/3765.50/75.95) lat (ms,95%): 11.04 err/s: 0.00 reconn/s: 0.00
[ 52s ] thds: 32 tps: 3860.03 qps: 3860.03 (r/w/o: 0.00/3777.01/83.02) lat (ms,95%): 11.04 err/s: 0.00 reconn/s: 0.00
[ 53s ] thds: 32 tps: 3862.54 qps: 3862.54 (r/w/o: 0.00/3785.51/77.03) lat (ms,95%): 11.04 err/s: 0.00 reconn/s: 0.00
[ 54s ] thds: 32 tps: 3896.81 qps: 3896.81 (r/w/o: 0.00/3809.80/87.02) lat (ms,95%): 10.46 err/s: 0.00 reconn/s: 0.00
[ 55s ] thds: 32 tps: 3898.79 qps: 3898.79 (r/w/o: 0.00/3808.87/89.93) lat (ms,95%): 10.09 err/s: 0.00 reconn/s: 0.00
[ 56s ] thds: 32 tps: 3895.52 qps: 3895.52 (r/w/o: 0.00/3808.49/87.03) lat (ms,95%): 10.09 err/s: 0.00 reconn/s: 0.00
[ 57s ] thds: 32 tps: 3918.38 qps: 3918.38 (r/w/o: 0.00/3829.38/89.01) lat (ms,95%): 10.09 err/s: 0.00 reconn/s: 0.00
[ 58s ] thds: 32 tps: 3943.11 qps: 3943.11 (r/w/o: 0.00/3858.08/85.02) lat (ms,95%): 10.09 err/s: 0.00 reconn/s: 0.00
[ 59s ] thds: 32 tps: 3928.63 qps: 3928.63 (r/w/o: 0.00/3831.71/96.92) lat (ms,95%): 10.09 err/s: 0.00 reconn/s: 0.00
[ 60s ] thds: 32 tps: 3902.48 qps: 3902.48 (r/w/o: 0.00/3809.45/93.04) lat (ms,95%): 10.09 err/s: 0.00 reconn/s: 0.00
[ 61s ] thds: 32 tps: 3818.17 qps: 3818.17 (r/w/o: 0.00/3735.15/83.03) lat (ms,95%): 10.65 err/s: 0.00 reconn/s: 0.00
[ 62s ] thds: 32 tps: 3742.34 qps: 3742.34 (r/w/o: 0.00/3664.33/78.01) lat (ms,95%): 12.52 err/s: 0.00 reconn/s: 0.00
[ 63s ] thds: 32 tps: 3800.50 qps: 3800.50 (r/w/o: 0.00/3714.51/85.99) lat (ms,95%): 12.52 err/s: 0.00 reconn/s: 0.00
[ 64s ] thds: 32 tps: 3790.34 qps: 3790.34 (r/w/o: 0.00/3702.38/87.96) lat (ms,95%): 12.52 err/s: 0.00 reconn/s: 0.00
[ 65s ] thds: 32 tps: 3821.12 qps: 3821.12 (r/w/o: 0.00/3731.07/90.05) lat (ms,95%): 11.24 err/s: 0.00 reconn/s: 0.00
[ 66s ] thds: 32 tps: 3845.97 qps: 3845.97 (r/w/o: 0.00/3768.97/77.00) lat (ms,95%): 11.24 err/s: 0.00 reconn/s: 0.00
[ 67s ] thds: 32 tps: 3852.22 qps: 3852.22 (r/w/o: 0.00/3770.21/82.00) lat (ms,95%): 11.24 err/s: 0.00 reconn/s: 0.00
[ 68s ] thds: 32 tps: 3845.16 qps: 3845.16 (r/w/o: 0.00/3760.18/84.98) lat (ms,95%): 11.24 err/s: 0.00 reconn/s: 0.00
[ 69s ] thds: 32 tps: 3906.09 qps: 3906.09 (r/w/o: 0.00/3830.11/75.98) lat (ms,95%): 10.65 err/s: 0.00 reconn/s: 0.00
[ 70s ] thds: 32 tps: 3844.99 qps: 3844.99 (r/w/o: 0.00/3755.99/89.00) lat (ms,95%): 9.91 err/s: 0.00 reconn/s: 0.00
[ 71s ] thds: 32 tps: 3828.31 qps: 3828.31 (r/w/o: 0.00/3758.29/70.02) lat (ms,95%): 10.09 err/s: 0.00 reconn/s: 0.00
[ 72s ] thds: 32 tps: 3793.42 qps: 3793.42 (r/w/o: 0.00/3708.48/84.94) lat (ms,95%): 10.27 err/s: 0.00 reconn/s: 0.00
[ 73s ] thds: 32 tps: 3809.05 qps: 3809.05 (r/w/o: 0.00/3729.99/79.06) lat (ms,95%): 10.09 err/s: 0.00 reconn/s: 0.00
[ 74s ] thds: 32 tps: 3817.03 qps: 3817.03 (r/w/o: 0.00/3740.05/76.98) lat (ms,95%): 10.09 err/s: 0.00 reconn/s: 0.00
[ 75s ] thds: 32 tps: 3879.53 qps: 3879.53 (r/w/o: 0.00/3794.56/84.97) lat (ms,95%): 9.91 err/s: 0.00 reconn/s: 0.00
[ 76s ] thds: 32 tps: 3866.94 qps: 3866.94 (r/w/o: 0.00/3787.94/79.00) lat (ms,95%): 10.27 err/s: 0.00 reconn/s: 0.00
[ 77s ] thds: 32 tps: 3804.20 qps: 3804.20 (r/w/o: 0.00/3723.16/81.05) lat (ms,95%): 11.45 err/s: 0.00 reconn/s: 0.00
[ 78s ] thds: 32 tps: 3817.58 qps: 3817.58 (r/w/o: 0.00/3745.62/71.95) lat (ms,95%): 11.45 err/s: 0.00 reconn/s: 0.00
[ 79s ] thds: 32 tps: 3857.64 qps: 3857.64 (r/w/o: 0.00/3764.60/93.04) lat (ms,95%): 11.45 err/s: 0.00 reconn/s: 0.00
[ 80s ] thds: 32 tps: 3889.31 qps: 3889.31 (r/w/o: 0.00/3817.34/71.97) lat (ms,95%): 10.84 err/s: 0.00 reconn/s: 0.00
[ 81s ] thds: 32 tps: 3875.57 qps: 3875.57 (r/w/o: 0.00/3790.54/85.03) lat (ms,95%): 11.04 err/s: 0.00 reconn/s: 0.00
[ 82s ] thds: 32 tps: 3828.52 qps: 3828.52 (r/w/o: 0.00/3752.51/76.01) lat (ms,95%): 11.04 err/s: 0.00 reconn/s: 0.00
[ 83s ] thds: 32 tps: 3794.58 qps: 3794.58 (r/w/o: 0.00/3711.66/82.93) lat (ms,95%): 11.04 err/s: 0.00 reconn/s: 0.00
[ 84s ] thds: 32 tps: 3882.02 qps: 3882.02 (r/w/o: 0.00/3799.95/82.06) lat (ms,95%): 10.27 err/s: 0.00 reconn/s: 0.00
[ 85s ] thds: 32 tps: 3942.49 qps: 3942.49 (r/w/o: 0.00/3875.52/66.97) lat (ms,95%): 9.73 err/s: 0.00 reconn/s: 0.00
[ 86s ] thds: 32 tps: 3981.62 qps: 3981.62 (r/w/o: 0.00/3890.61/91.01) lat (ms,95%): 9.73 err/s: 0.00 reconn/s: 0.00
[ 87s ] thds: 32 tps: 3948.55 qps: 3948.55 (r/w/o: 0.00/3862.52/86.03) lat (ms,95%): 9.73 err/s: 0.00 reconn/s: 0.00
[ 88s ] thds: 32 tps: 3943.41 qps: 3943.41 (r/w/o: 0.00/3842.43/100.98) lat (ms,95%): 9.91 err/s: 0.00 reconn/s: 0.00
[ 89s ] thds: 32 tps: 3913.94 qps: 3913.94 (r/w/o: 0.00/3824.94/89.00) lat (ms,95%): 9.91 err/s: 0.00 reconn/s: 0.00
[ 90s ] thds: 32 tps: 3929.08 qps: 3929.08 (r/w/o: 0.00/3855.06/74.02) lat (ms,95%): 10.09 err/s: 0.00 reconn/s: 0.00
[ 91s ] thds: 32 tps: 3875.69 qps: 3875.69 (r/w/o: 0.00/3789.74/85.95) lat (ms,95%): 10.46 err/s: 0.00 reconn/s: 0.00
[ 92s ] thds: 32 tps: 3823.75 qps: 3823.75 (r/w/o: 0.00/3733.74/90.02) lat (ms,95%): 12.08 err/s: 0.00 reconn/s: 0.00
[ 93s ] thds: 32 tps: 3800.70 qps: 3800.70 (r/w/o: 0.00/3713.68/87.02) lat (ms,95%): 12.08 err/s: 0.00 reconn/s: 0.00
[ 94s ] thds: 32 tps: 3831.59 qps: 3831.59 (r/w/o: 0.00/3762.58/69.01) lat (ms,95%): 11.87 err/s: 0.00 reconn/s: 0.00
[ 95s ] thds: 32 tps: 3840.34 qps: 3840.34 (r/w/o: 0.00/3774.36/65.97) lat (ms,95%): 11.04 err/s: 0.00 reconn/s: 0.00
[ 96s ] thds: 32 tps: 3844.00 qps: 3844.00 (r/w/o: 0.00/3764.96/79.04) lat (ms,95%): 10.84 err/s: 0.00 reconn/s: 0.00
[ 97s ] thds: 32 tps: 3855.97 qps: 3855.97 (r/w/o: 0.00/3761.00/94.97) lat (ms,95%): 11.04 err/s: 0.00 reconn/s: 0.00
[ 98s ] thds: 32 tps: 3865.51 qps: 3865.51 (r/w/o: 0.00/3781.49/84.01) lat (ms,95%): 10.84 err/s: 0.00 reconn/s: 0.00
[ 99s ] thds: 32 tps: 3875.15 qps: 3875.15 (r/w/o: 0.00/3790.15/85.00) lat (ms,95%): 10.46 err/s: 0.00 reconn/s: 0.00
[ 100s ] thds: 32 tps: 3876.24 qps: 3876.24 (r/w/o: 0.00/3785.26/90.98) lat (ms,95%): 10.27 err/s: 0.00 reconn/s: 0.00
[ 101s ] thds: 32 tps: 3863.02 qps: 3863.02 (r/w/o: 0.00/3780.04/82.98) lat (ms,95%): 10.09 err/s: 0.00 reconn/s: 0.00
[ 102s ] thds: 32 tps: 3885.66 qps: 3885.66 (r/w/o: 0.00/3790.67/94.99) lat (ms,95%): 10.27 err/s: 0.00 reconn/s: 0.00
[ 103s ] thds: 32 tps: 3926.84 qps: 3926.84 (r/w/o: 0.00/3848.81/78.04) lat (ms,95%): 10.09 err/s: 0.00 reconn/s: 0.00
[ 104s ] thds: 32 tps: 3929.72 qps: 3929.72 (r/w/o: 0.00/3854.73/74.99) lat (ms,95%): 9.91 err/s: 0.00 reconn/s: 0.00
[ 105s ] thds: 32 tps: 3909.84 qps: 3909.84 (r/w/o: 0.00/3830.89/78.96) lat (ms,95%): 9.91 err/s: 0.00 reconn/s: 0.00
[ 106s ] thds: 32 tps: 3886.43 qps: 3886.43 (r/w/o: 0.00/3806.42/80.01) lat (ms,95%): 10.27 err/s: 0.00 reconn/s: 0.00
[ 107s ] thds: 32 tps: 3779.76 qps: 3779.76 (r/w/o: 0.00/3704.73/75.03) lat (ms,95%): 12.75 err/s: 0.00 reconn/s: 0.00
[ 108s ] thds: 32 tps: 3774.34 qps: 3774.34 (r/w/o: 0.00/3685.33/89.01) lat (ms,95%): 12.75 err/s: 0.00 reconn/s: 0.00
[ 109s ] thds: 32 tps: 3778.72 qps: 3778.72 (r/w/o: 0.00/3699.72/78.99) lat (ms,95%): 12.75 err/s: 0.00 reconn/s: 0.00
[ 110s ] thds: 32 tps: 3831.65 qps: 3831.65 (r/w/o: 0.00/3759.66/71.99) lat (ms,95%): 11.24 err/s: 0.00 reconn/s: 0.00
[ 111s ] thds: 32 tps: 3848.21 qps: 3848.21 (r/w/o: 0.00/3769.20/79.00) lat (ms,95%): 11.24 err/s: 0.00 reconn/s: 0.00
[ 112s ] thds: 32 tps: 3860.00 qps: 3860.00 (r/w/o: 0.00/3774.98/85.02) lat (ms,95%): 11.24 err/s: 0.00 reconn/s: 0.00
[ 113s ] thds: 32 tps: 3815.09 qps: 3815.09 (r/w/o: 0.00/3720.12/94.98) lat (ms,95%): 11.24 err/s: 0.00 reconn/s: 0.00
[ 114s ] thds: 32 tps: 3863.96 qps: 3863.96 (r/w/o: 0.00/3762.94/101.03) lat (ms,95%): 10.65 err/s: 0.00 reconn/s: 0.00
[ 115s ] thds: 32 tps: 3897.20 qps: 3897.20 (r/w/o: 0.00/3814.22/82.98) lat (ms,95%): 10.09 err/s: 0.00 reconn/s: 0.00
[ 116s ] thds: 32 tps: 3883.46 qps: 3883.46 (r/w/o: 0.00/3793.45/90.01) lat (ms,95%): 10.09 err/s: 0.00 reconn/s: 0.00
[ 117s ] thds: 32 tps: 3849.23 qps: 3849.23 (r/w/o: 0.00/3760.29/88.94) lat (ms,95%): 10.27 err/s: 0.00 reconn/s: 0.00
[ 118s ] thds: 32 tps: 3899.67 qps: 3899.67 (r/w/o: 0.00/3831.62/68.05) lat (ms,95%): 9.91 err/s: 0.00 reconn/s: 0.00
[ 119s ] thds: 32 tps: 3888.04 qps: 3888.04 (r/w/o: 0.00/3808.06/79.98) lat (ms,95%): 9.91 err/s: 0.00 reconn/s: 0.00
[ 120s ] thds: 32 tps: 3925.04 qps: 3925.04 (r/w/o: 0.00/3841.04/84.00) lat (ms,95%): 9.73 err/s: 0.00 reconn/s: 0.00
[ 121s ] thds: 32 tps: 3939.27 qps: 3939.27 (r/w/o: 0.00/3853.31/85.96) lat (ms,95%): 10.09 err/s: 0.00 reconn/s: 0.00
[ 122s ] thds: 32 tps: 3838.00 qps: 3838.00 (r/w/o: 0.00/3767.97/70.04) lat (ms,95%): 11.65 err/s: 0.00 reconn/s: 0.00
[ 123s ] thds: 32 tps: 3836.18 qps: 3836.18 (r/w/o: 0.00/3741.17/95.00) lat (ms,95%): 11.65 err/s: 0.00 reconn/s: 0.00
[ 124s ] thds: 32 tps: 3831.29 qps: 3831.29 (r/w/o: 0.00/3748.29/83.01) lat (ms,95%): 11.65 err/s: 0.00 reconn/s: 0.00
[ 125s ] thds: 32 tps: 3874.78 qps: 3874.78 (r/w/o: 0.00/3789.83/84.95) lat (ms,95%): 11.04 err/s: 0.00 reconn/s: 0.00
[ 126s ] thds: 32 tps: 3856.92 qps: 3856.92 (r/w/o: 0.00/3758.84/98.07) lat (ms,95%): 11.04 err/s: 0.00 reconn/s: 0.00
[ 127s ] thds: 32 tps: 3859.90 qps: 3859.90 (r/w/o: 0.00/3792.90/67.00) lat (ms,95%): 11.04 err/s: 0.00 reconn/s: 0.00
[ 128s ] thds: 32 tps: 3842.08 qps: 3842.08 (r/w/o: 0.00/3761.10/80.98) lat (ms,95%): 11.04 err/s: 0.00 reconn/s: 0.00
[ 129s ] thds: 32 tps: 3907.72 qps: 3907.72 (r/w/o: 0.00/3822.75/84.97) lat (ms,95%): 10.27 err/s: 0.00 reconn/s: 0.00
[ 130s ] thds: 32 tps: 3959.26 qps: 3959.26 (r/w/o: 0.00/3871.26/88.01) lat (ms,95%): 9.73 err/s: 0.00 reconn/s: 0.00
[ 131s ] thds: 32 tps: 3968.59 qps: 3968.59 (r/w/o: 0.00/3870.62/97.97) lat (ms,95%): 9.73 err/s: 0.00 reconn/s: 0.00
[ 132s ] thds: 32 tps: 3974.21 qps: 3974.21 (r/w/o: 0.00/3884.14/90.07) lat (ms,95%): 9.73 err/s: 0.00 reconn/s: 0.00
[ 133s ] thds: 32 tps: 3931.11 qps: 3931.11 (r/w/o: 0.00/3859.14/71.97) lat (ms,95%): 9.91 err/s: 0.00 reconn/s: 0.00
[ 134s ] thds: 32 tps: 3937.39 qps: 3937.39 (r/w/o: 0.00/3858.36/79.03) lat (ms,95%): 9.91 err/s: 0.00 reconn/s: 0.00
[ 135s ] thds: 32 tps: 3924.63 qps: 3924.63 (r/w/o: 0.00/3836.64/87.99) lat (ms,95%): 9.91 err/s: 0.00 reconn/s: 0.00
[ 136s ] thds: 32 tps: 3895.71 qps: 3895.71 (r/w/o: 0.00/3812.78/82.93) lat (ms,95%): 10.27 err/s: 0.00 reconn/s: 0.00
[ 137s ] thds: 32 tps: 3810.66 qps: 3810.66 (r/w/o: 0.00/3717.57/93.09) lat (ms,95%): 12.08 err/s: 0.00 reconn/s: 0.00
[ 138s ] thds: 32 tps: 3827.37 qps: 3827.37 (r/w/o: 0.00/3755.36/72.01) lat (ms,95%): 12.08 err/s: 0.00 reconn/s: 0.00
[ 139s ] thds: 32 tps: 3823.35 qps: 3823.35 (r/w/o: 0.00/3724.37/98.98) lat (ms,95%): 12.08 err/s: 0.00 reconn/s: 0.00
[ 140s ] thds: 32 tps: 3880.62 qps: 3880.62 (r/w/o: 0.00/3790.67/89.94) lat (ms,95%): 11.04 err/s: 0.00 reconn/s: 0.00
[ 141s ] thds: 32 tps: 3882.28 qps: 3882.28 (r/w/o: 0.00/3796.23/86.05) lat (ms,95%): 10.84 err/s: 0.00 reconn/s: 0.00
[ 142s ] thds: 32 tps: 3853.62 qps: 3853.62 (r/w/o: 0.00/3770.67/82.95) lat (ms,95%): 10.84 err/s: 0.00 reconn/s: 0.00
[ 143s ] thds: 32 tps: 3864.25 qps: 3864.25 (r/w/o: 0.00/3784.21/80.05) lat (ms,95%): 11.04 err/s: 0.00 reconn/s: 0.00
[ 144s ] thds: 32 tps: 3902.99 qps: 3902.99 (r/w/o: 0.00/3810.96/92.02) lat (ms,95%): 10.46 err/s: 0.00 reconn/s: 0.00
[ 145s ] thds: 32 tps: 3890.85 qps: 3890.85 (r/w/o: 0.00/3799.90/90.95) lat (ms,95%): 10.09 err/s: 0.00 reconn/s: 0.00
[ 146s ] thds: 32 tps: 3900.77 qps: 3900.77 (r/w/o: 0.00/3818.73/82.04) lat (ms,95%): 10.09 err/s: 0.00 reconn/s: 0.00
[ 147s ] thds: 32 tps: 3900.22 qps: 3900.22 (r/w/o: 0.00/3814.21/86.00) lat (ms,95%): 10.09 err/s: 0.00 reconn/s: 0.00
[ 148s ] thds: 32 tps: 3928.42 qps: 3928.42 (r/w/o: 0.00/3856.43/71.99) lat (ms,95%): 10.09 err/s: 0.00 reconn/s: 0.00
[ 149s ] thds: 32 tps: 3917.96 qps: 3917.96 (r/w/o: 0.00/3819.96/98.00) lat (ms,95%): 9.91 err/s: 0.00 reconn/s: 0.00
[ 150s ] thds: 32 tps: 3927.68 qps: 3927.68 (r/w/o: 0.00/3870.69/57.00) lat (ms,95%): 9.91 err/s: 0.00 reconn/s: 0.00
[ 151s ] thds: 32 tps: 3876.68 qps: 3876.68 (r/w/o: 0.00/3799.68/76.99) lat (ms,95%): 10.46 err/s: 0.00 reconn/s: 0.00
[ 152s ] thds: 32 tps: 3762.94 qps: 3762.94 (r/w/o: 0.00/3692.94/70.00) lat (ms,95%): 12.75 err/s: 0.00 reconn/s: 0.00
[ 153s ] thds: 32 tps: 3754.63 qps: 3754.63 (r/w/o: 0.00/3667.62/87.01) lat (ms,95%): 12.75 err/s: 0.00 reconn/s: 0.00
[ 154s ] thds: 32 tps: 3760.74 qps: 3760.74 (r/w/o: 0.00/3679.72/81.02) lat (ms,95%): 12.75 err/s: 0.00 reconn/s: 0.00
[ 155s ] thds: 32 tps: 3799.91 qps: 3799.91 (r/w/o: 0.00/3715.93/83.98) lat (ms,95%): 11.45 err/s: 0.00 reconn/s: 0.00
[ 156s ] thds: 32 tps: 3832.90 qps: 3832.90 (r/w/o: 0.00/3761.90/71.00) lat (ms,95%): 11.45 err/s: 0.00 reconn/s: 0.00
[ 157s ] thds: 32 tps: 3823.36 qps: 3823.36 (r/w/o: 0.00/3731.32/92.03) lat (ms,95%): 11.45 err/s: 0.00 reconn/s: 0.00
[ 158s ] thds: 32 tps: 3828.72 qps: 3828.72 (r/w/o: 0.00/3747.73/80.99) lat (ms,95%): 11.45 err/s: 0.00 reconn/s: 0.00
[ 159s ] thds: 32 tps: 3874.31 qps: 3874.31 (r/w/o: 0.00/3789.31/85.01) lat (ms,95%): 10.65 err/s: 0.00 reconn/s: 0.00
[ 160s ] thds: 32 tps: 3890.06 qps: 3890.06 (r/w/o: 0.00/3804.08/85.98) lat (ms,95%): 10.27 err/s: 0.00 reconn/s: 0.00
[ 161s ] thds: 32 tps: 3892.72 qps: 3892.72 (r/w/o: 0.00/3823.72/68.99) lat (ms,95%): 10.09 err/s: 0.00 reconn/s: 0.00
[ 162s ] thds: 32 tps: 3884.94 qps: 3884.94 (r/w/o: 0.00/3793.92/91.02) lat (ms,95%): 10.27 err/s: 0.00 reconn/s: 0.00
[ 163s ] thds: 32 tps: 3864.62 qps: 3864.62 (r/w/o: 0.00/3780.67/83.95) lat (ms,95%): 10.09 err/s: 0.00 reconn/s: 0.00
[ 164s ] thds: 32 tps: 3884.60 qps: 3884.60 (r/w/o: 0.00/3806.59/78.01) lat (ms,95%): 9.91 err/s: 0.00 reconn/s: 0.00
[ 165s ] thds: 32 tps: 3895.34 qps: 3895.34 (r/w/o: 0.00/3799.31/96.03) lat (ms,95%): 10.09 err/s: 0.00 reconn/s: 0.00
[ 166s ] thds: 32 tps: 3843.59 qps: 3843.59 (r/w/o: 0.00/3766.61/76.97) lat (ms,95%): 10.46 err/s: 0.00 reconn/s: 0.00
[ 167s ] thds: 32 tps: 3783.04 qps: 3783.04 (r/w/o: 0.00/3709.04/74.00) lat (ms,95%): 11.45 err/s: 0.00 reconn/s: 0.00
[ 168s ] thds: 32 tps: 3793.16 qps: 3793.16 (r/w/o: 0.00/3715.15/78.00) lat (ms,95%): 11.24 err/s: 0.00 reconn/s: 0.00
[ 169s ] thds: 32 tps: 3827.17 qps: 3827.17 (r/w/o: 0.00/3741.14/86.03) lat (ms,95%): 11.45 err/s: 0.00 reconn/s: 0.00
[ 170s ] thds: 32 tps: 3867.38 qps: 3867.38 (r/w/o: 0.00/3798.37/69.01) lat (ms,95%): 10.84 err/s: 0.00 reconn/s: 0.00
[ 171s ] thds: 32 tps: 3842.78 qps: 3842.78 (r/w/o: 0.00/3752.78/89.99) lat (ms,95%): 11.04 err/s: 0.00 reconn/s: 0.00
[ 172s ] thds: 32 tps: 3816.33 qps: 3816.33 (r/w/o: 0.00/3740.38/75.95) lat (ms,95%): 11.04 err/s: 0.00 reconn/s: 0.00
[ 173s ] thds: 32 tps: 3841.97 qps: 3841.97 (r/w/o: 0.00/3757.90/84.06) lat (ms,95%): 11.04 err/s: 0.00 reconn/s: 0.00
[ 174s ] thds: 32 tps: 3912.98 qps: 3912.98 (r/w/o: 0.00/3836.98/76.00) lat (ms,95%): 10.46 err/s: 0.00 reconn/s: 0.00
[ 175s ] thds: 32 tps: 3884.37 qps: 3884.37 (r/w/o: 0.00/3781.44/102.93) lat (ms,95%): 10.27 err/s: 0.00 reconn/s: 0.00
[ 176s ] thds: 32 tps: 3886.96 qps: 3886.96 (r/w/o: 0.00/3803.92/83.04) lat (ms,95%): 10.09 err/s: 0.00 reconn/s: 0.00
[ 177s ] thds: 32 tps: 3872.91 qps: 3872.91 (r/w/o: 0.00/3785.94/86.98) lat (ms,95%): 10.09 err/s: 0.00 reconn/s: 0.00
[ 178s ] thds: 32 tps: 3929.27 qps: 3929.27 (r/w/o: 0.00/3862.25/67.02) lat (ms,95%): 9.73 err/s: 0.00 reconn/s: 0.00
[ 179s ] thds: 32 tps: 4025.31 qps: 4025.31 (r/w/o: 0.00/3914.30/111.01) lat (ms,95%): 9.56 err/s: 0.00 reconn/s: 0.00
[ 180s ] thds: 32 tps: 4023.68 qps: 4023.68 (r/w/o: 0.00/3924.74/98.94) lat (ms,95%): 9.56 err/s: 0.00 reconn/s: 0.00
[ 181s ] thds: 32 tps: 3939.90 qps: 3939.90 (r/w/o: 0.00/3849.85/90.04) lat (ms,95%): 9.73 err/s: 0.00 reconn/s: 0.00
[ 182s ] thds: 32 tps: 3724.37 qps: 3724.37 (r/w/o: 0.00/3644.36/80.01) lat (ms,95%): 14.73 err/s: 0.00 reconn/s: 0.00
[ 183s ] thds: 32 tps: 3722.04 qps: 3722.04 (r/w/o: 0.00/3638.04/84.00) lat (ms,95%): 14.73 err/s: 0.00 reconn/s: 0.00
[ 184s ] thds: 32 tps: 3740.00 qps: 3740.00 (r/w/o: 0.00/3658.00/82.00) lat (ms,95%): 14.73 err/s: 0.00 reconn/s: 0.00
[ 185s ] thds: 32 tps: 3781.53 qps: 3781.53 (r/w/o: 0.00/3705.54/75.99) lat (ms,95%): 11.87 err/s: 0.00 reconn/s: 0.00
[ 186s ] thds: 32 tps: 3810.53 qps: 3810.53 (r/w/o: 0.00/3728.52/82.01) lat (ms,95%): 11.65 err/s: 0.00 reconn/s: 0.00
[ 187s ] thds: 32 tps: 3783.75 qps: 3783.75 (r/w/o: 0.00/3702.78/80.97) lat (ms,95%): 11.65 err/s: 0.00 reconn/s: 0.00
[ 188s ] thds: 32 tps: 3798.38 qps: 3798.38 (r/w/o: 0.00/3711.34/87.03) lat (ms,95%): 11.65 err/s: 0.00 reconn/s: 0.00
[ 189s ] thds: 32 tps: 4038.83 qps: 4038.83 (r/w/o: 0.00/3972.83/66.00) lat (ms,95%): 10.27 err/s: 0.00 reconn/s: 0.00
[ 190s ] thds: 32 tps: 4145.07 qps: 4145.07 (r/w/o: 0.00/4067.07/78.00) lat (ms,95%): 9.22 err/s: 0.00 reconn/s: 0.00
[ 191s ] thds: 32 tps: 4130.67 qps: 4130.67 (r/w/o: 0.00/4037.74/92.93) lat (ms,95%): 9.22 err/s: 0.00 reconn/s: 0.00
[ 192s ] thds: 32 tps: 4092.92 qps: 4092.92 (r/w/o: 0.00/4001.92/91.00) lat (ms,95%): 9.22 err/s: 0.00 reconn/s: 0.00
[ 193s ] thds: 32 tps: 4096.07 qps: 4096.07 (r/w/o: 0.00/4000.00/96.07) lat (ms,95%): 9.39 err/s: 0.00 reconn/s: 0.00
[ 194s ] thds: 32 tps: 4135.26 qps: 4135.26 (r/w/o: 0.00/4052.28/82.99) lat (ms,95%): 9.06 err/s: 0.00 reconn/s: 0.00
[ 195s ] thds: 32 tps: 4130.70 qps: 4130.70 (r/w/o: 0.00/4033.68/97.02) lat (ms,95%): 9.22 err/s: 0.00 reconn/s: 0.00
[ 196s ] thds: 32 tps: 4119.71 qps: 4119.71 (r/w/o: 0.00/4020.71/98.99) lat (ms,95%): 9.22 err/s: 0.00 reconn/s: 0.00
[ 197s ] thds: 32 tps: 4108.30 qps: 4108.30 (r/w/o: 0.00/4015.34/92.96) lat (ms,95%): 9.39 err/s: 0.00 reconn/s: 0.00
[ 198s ] thds: 32 tps: 4141.05 qps: 4141.05 (r/w/o: 0.00/4072.01/69.03) lat (ms,95%): 9.22 err/s: 0.00 reconn/s: 0.00
[ 199s ] thds: 32 tps: 4117.32 qps: 4117.32 (r/w/o: 0.00/4026.38/90.94) lat (ms,95%): 9.39 err/s: 0.00 reconn/s: 0.00
[ 200s ] thds: 32 tps: 4150.51 qps: 4150.51 (r/w/o: 0.00/4057.46/93.06) lat (ms,95%): 9.06 err/s: 0.00 reconn/s: 0.00
[ 201s ] thds: 32 tps: 4126.78 qps: 4126.78 (r/w/o: 0.00/4033.76/93.02) lat (ms,95%): 9.22 err/s: 0.00 reconn/s: 0.00
[ 202s ] thds: 32 tps: 4115.16 qps: 4115.16 (r/w/o: 0.00/4040.23/74.93) lat (ms,95%): 9.22 err/s: 0.00 reconn/s: 0.00
[ 203s ] thds: 32 tps: 4133.66 qps: 4133.66 (r/w/o: 0.00/4040.60/93.06) lat (ms,95%): 9.22 err/s: 0.00 reconn/s: 0.00
[ 204s ] thds: 32 tps: 4144.85 qps: 4144.85 (r/w/o: 0.00/4052.83/92.02) lat (ms,95%): 9.06 err/s: 0.00 reconn/s: 0.00
[ 205s ] thds: 32 tps: 4093.46 qps: 4093.46 (r/w/o: 0.00/4011.47/81.99) lat (ms,95%): 9.22 err/s: 0.00 reconn/s: 0.00
[ 206s ] thds: 32 tps: 4095.40 qps: 4095.40 (r/w/o: 0.00/4009.39/86.01) lat (ms,95%): 9.22 err/s: 0.00 reconn/s: 0.00
[ 207s ] thds: 32 tps: 4119.92 qps: 4119.92 (r/w/o: 0.00/4026.92/93.00) lat (ms,95%): 9.22 err/s: 0.00 reconn/s: 0.00
[ 208s ] thds: 32 tps: 4134.32 qps: 4134.32 (r/w/o: 0.00/4054.38/79.95) lat (ms,95%): 9.22 err/s: 0.00 reconn/s: 0.00
[ 209s ] thds: 32 tps: 4143.14 qps: 4143.14 (r/w/o: 0.00/4054.14/89.00) lat (ms,95%): 9.06 err/s: 0.00 reconn/s: 0.00
[ 210s ] thds: 32 tps: 3993.05 qps: 3993.05 (r/w/o: 0.00/3903.00/90.05) lat (ms,95%): 9.56 err/s: 0.00 reconn/s: 0.00
[ 211s ] thds: 32 tps: 3674.14 qps: 3674.14 (r/w/o: 0.00/3602.14/72.00) lat (ms,95%): 14.73 err/s: 0.00 reconn/s: 0.00
[ 212s ] thds: 32 tps: 3697.60 qps: 3697.60 (r/w/o: 0.00/3605.66/91.94) lat (ms,95%): 14.73 err/s: 0.00 reconn/s: 0.00
[ 213s ] thds: 32 tps: 3796.82 qps: 3796.82 (r/w/o: 0.00/3720.77/76.06) lat (ms,95%): 11.65 err/s: 0.00 reconn/s: 0.00
[ 214s ] thds: 32 tps: 3816.09 qps: 3816.09 (r/w/o: 0.00/3743.15/72.94) lat (ms,95%): 11.45 err/s: 0.00 reconn/s: 0.00
[ 215s ] thds: 32 tps: 3812.56 qps: 3812.56 (r/w/o: 0.00/3734.50/78.05) lat (ms,95%): 11.45 err/s: 0.00 reconn/s: 0.00
[ 216s ] thds: 32 tps: 3820.58 qps: 3820.58 (r/w/o: 0.00/3751.57/69.01) lat (ms,95%): 11.65 err/s: 0.00 reconn/s: 0.00
[ 217s ] thds: 32 tps: 3747.35 qps: 3747.35 (r/w/o: 0.00/3660.36/86.98) lat (ms,95%): 13.22 err/s: 0.00 reconn/s: 0.00
[ 218s ] thds: 32 tps: 3713.20 qps: 3713.20 (r/w/o: 0.00/3634.20/79.00) lat (ms,95%): 13.22 err/s: 0.00 reconn/s: 0.00
[ 219s ] thds: 32 tps: 3724.77 qps: 3724.77 (r/w/o: 0.00/3647.83/76.93) lat (ms,95%): 13.22 err/s: 0.00 reconn/s: 0.00
[ 220s ] thds: 32 tps: 3758.93 qps: 3758.93 (r/w/o: 0.00/3672.84/86.09) lat (ms,95%): 12.08 err/s: 0.00 reconn/s: 0.00
[ 221s ] thds: 32 tps: 3785.46 qps: 3785.46 (r/w/o: 0.00/3714.47/70.99) lat (ms,95%): 11.65 err/s: 0.00 reconn/s: 0.00
[ 222s ] thds: 32 tps: 3752.56 qps: 3752.56 (r/w/o: 0.00/3663.57/88.99) lat (ms,95%): 11.65 err/s: 0.00 reconn/s: 0.00
[ 223s ] thds: 32 tps: 3725.95 qps: 3725.95 (r/w/o: 0.00/3649.95/76.00) lat (ms,95%): 11.65 err/s: 0.00 reconn/s: 0.00
[ 224s ] thds: 32 tps: 3816.45 qps: 3816.45 (r/w/o: 0.00/3743.46/72.99) lat (ms,95%): 11.04 err/s: 0.00 reconn/s: 0.00
[ 225s ] thds: 32 tps: 3911.65 qps: 3911.65 (r/w/o: 0.00/3832.66/78.99) lat (ms,95%): 9.91 err/s: 0.00 reconn/s: 0.00
[ 226s ] thds: 32 tps: 3945.87 qps: 3945.87 (r/w/o: 0.00/3854.87/91.00) lat (ms,95%): 9.73 err/s: 0.00 reconn/s: 0.00
[ 227s ] thds: 32 tps: 3952.09 qps: 3952.09 (r/w/o: 0.00/3867.07/85.02) lat (ms,95%): 9.73 err/s: 0.00 reconn/s: 0.00
[ 228s ] thds: 32 tps: 3936.99 qps: 3936.99 (r/w/o: 0.00/3858.99/78.00) lat (ms,95%): 10.09 err/s: 0.00 reconn/s: 0.00
[ 229s ] thds: 32 tps: 3919.63 qps: 3919.63 (r/w/o: 0.00/3832.62/87.01) lat (ms,95%): 9.91 err/s: 0.00 reconn/s: 0.00
[ 230s ] thds: 32 tps: 3935.03 qps: 3935.03 (r/w/o: 0.00/3843.03/92.00) lat (ms,95%): 9.91 err/s: 0.00 reconn/s: 0.00
[ 231s ] thds: 32 tps: 3968.73 qps: 3968.73 (r/w/o: 0.00/3889.74/78.99) lat (ms,95%): 9.91 err/s: 0.00 reconn/s: 0.00
[ 232s ] thds: 32 tps: 4038.79 qps: 4038.79 (r/w/o: 0.00/3949.82/88.97) lat (ms,95%): 9.39 err/s: 0.00 reconn/s: 0.00
[ 233s ] thds: 32 tps: 4050.32 qps: 4050.32 (r/w/o: 0.00/3962.29/88.03) lat (ms,95%): 9.39 err/s: 0.00 reconn/s: 0.00
[ 234s ] thds: 32 tps: 4062.96 qps: 4062.96 (r/w/o: 0.00/3999.96/63.00) lat (ms,95%): 9.39 err/s: 0.00 reconn/s: 0.00
[ 235s ] thds: 32 tps: 4037.86 qps: 4037.86 (r/w/o: 0.00/3944.86/93.00) lat (ms,95%): 9.39 err/s: 0.00 reconn/s: 0.00
[ 236s ] thds: 32 tps: 3916.25 qps: 3916.25 (r/w/o: 0.00/3848.27/67.99) lat (ms,95%): 10.65 err/s: 0.00 reconn/s: 0.00
[ 237s ] thds: 32 tps: 3929.43 qps: 3929.43 (r/w/o: 0.00/3828.42/101.01) lat (ms,95%): 10.65 err/s: 0.00 reconn/s: 0.00
[ 238s ] thds: 32 tps: 3893.00 qps: 3893.00 (r/w/o: 0.00/3816.98/76.02) lat (ms,95%): 10.65 err/s: 0.00 reconn/s: 0.00
[ 239s ] thds: 32 tps: 3856.31 qps: 3856.31 (r/w/o: 0.00/3769.33/86.98) lat (ms,95%): 10.84 err/s: 0.00 reconn/s: 0.00
[ 240s ] thds: 32 tps: 3923.84 qps: 3923.84 (r/w/o: 0.00/3831.84/92.00) lat (ms,95%): 10.65 err/s: 0.00 reconn/s: 0.00
Latency histogram (values are in milliseconds)
       value  ------------- distribution ------------- count
       4.487 |                                         1
       4.569 |                                         2
       4.652 |                                         4
       4.737 |                                         5
       4.823 |                                         20
       4.910 |                                         28
       4.999 |                                         38
       5.090 |                                         57
       5.183 |                                         121
       5.277 |                                         215
       5.373 |                                         266
       5.470 |                                         290
       5.570 |                                         428
       5.671 |                                         774
       5.774 |*                                        1475
       5.879 |*                                        2475
       5.986 |**                                       3504
       6.095 |***                                      4659
       6.205 |****                                     7282
       6.318 |*******                                  11144
       6.433 |********                                 12857
       6.550 |*******                                  12127
       6.669 |********                                 12715
       6.790 |**********                               16099
       6.913 |*************                            21480
       7.039 |****************                         26235
       7.167 |********************                     33642
       7.297 |*******************************          52169
       7.430 |**************************************** 66267
       7.565 |********************************         53366
       7.702 |**************************               42804
       7.842 |*************************                42078
       7.985 |**************************               43866
       8.130 |**************************               43573
       8.277 |****************************             46996
       8.428 |************************************     59512
       8.581 |*******************************          50624
       8.737 |*********************                    35515
       8.895 |******************                       30546
       9.057 |***************                          24245
       9.222 |************                             19768
       9.389 |*************                            21724
       9.560 |**************                           23354
       9.734 |*********                                15263
       9.910 |*******                                  11193
      10.090 |******                                   9236
      10.274 |****                                     7262
      10.460 |*****                                    8225
      10.651 |*****                                    8870
      10.844 |***                                      5706
      11.041 |***                                      4967
      11.242 |**                                       4057
      11.446 |**                                       3903
      11.654 |***                                      5068
      11.866 |**                                       3303
      12.081 |**                                       2830
      12.301 |*                                        2194
      12.524 |*                                        2174
      12.752 |**                                       2585
      12.984 |*                                        1576
      13.219 |*                                        1319
      13.460 |*                                        998
      13.704 |*                                        1271
      13.953 |*                                        919
      14.207 |                                         618
      14.465 |                                         461
      14.728 |                                         608
      14.995 |                                         495
      15.268 |                                         327
      15.545 |                                         254
      15.828 |                                         302
      16.115 |                                         189
      16.408 |                                         98
      16.706 |                                         69
      17.010 |                                         80
      17.319 |                                         39
      17.633 |                                         23
      17.954 |                                         17
      18.280 |                                         11
      18.612 |                                         6
      18.950 |                                         3
      19.295 |                                         2
      20.002 |                                         2
      21.112 |                                         2
      23.948 |                                         1
      24.384 |                                         1
      25.278 |                                         1
      25.737 |                                         1
      26.205 |                                         1
      28.673 |                                         1
      43.385 |                                         1
 
SQL statistics:
    queries performed:
        read:                            0
        write:                           910784
        other:                           20104
        total:                           930888
    transactions:                        930888 (3878.41 per sec.)
    queries:                             930888 (3878.41 per sec.)
    ignored errors:                      0      (0.00 per sec.)
    reconnects:                          0      (0.00 per sec.)

Throughput:
    events/s (eps):                      3878.4074
    time elapsed:                        240.0184s
    total number of events:              930888

Latency (ms):
         min:                                    4.49
         avg:                                    8.25
         max:                                   43.48
         95th percentile:                       10.65
         sum:                              7678439.74

Threads fairness:
    events (avg/stddev):           29090.0000/3130.31
    execution time (avg/stddev):   239.9512/0.01

