sysbench 1.1.0-3ceba0b (using bundled LuaJIT 2.1.0-beta3)

Running the test with following options:
Number of threads: 256
Warmup time: 60s
Report intermediate results every 1 second(s)
Initializing random number generator from current time


Initializing worker threads...

Threads started!

Warming up for 60 seconds...

[ 1s ] thds: 256 tps: 501.11 qps: 10063.81 (r/w/o: 7051.32/1972.13/1040.35) lat (ms,95%): 960.30 err/s: 0.00 reconn/s: 0.00
[ 2s ] thds: 256 tps: 407.04 qps: 7803.80 (r/w/o: 5334.54/1626.17/843.09) lat (ms,95%): 995.51 err/s: 0.00 reconn/s: 0.00
[ 3s ] thds: 256 tps: 375.00 qps: 7692.02 (r/w/o: 5354.02/1573.00/765.00) lat (ms,95%): 977.74 err/s: 0.00 reconn/s: 0.00
[ 4s ] thds: 256 tps: 402.96 qps: 7933.20 (r/w/o: 5569.44/1524.85/838.91) lat (ms,95%): 977.74 err/s: 0.00 reconn/s: 0.00
[ 5s ] thds: 256 tps: 412.00 qps: 7791.99 (r/w/o: 5384.00/1559.00/849.00) lat (ms,95%): 1013.60 err/s: 0.00 reconn/s: 0.00
[ 6s ] thds: 256 tps: 393.21 qps: 7863.11 (r/w/o: 5403.83/1649.86/809.42) lat (ms,95%): 1032.01 err/s: 0.00 reconn/s: 0.00
[ 7s ] thds: 256 tps: 368.78 qps: 8106.19 (r/w/o: 5837.54/1505.11/763.55) lat (ms,95%): 1032.01 err/s: 0.00 reconn/s: 0.00
[ 8s ] thds: 256 tps: 390.02 qps: 7872.49 (r/w/o: 5659.35/1406.09/807.05) lat (ms,95%): 995.51 err/s: 0.00 reconn/s: 0.00
[ 9s ] thds: 256 tps: 413.21 qps: 7219.65 (r/w/o: 4845.45/1520.77/853.43) lat (ms,95%): 893.56 err/s: 0.00 reconn/s: 0.00
[ 10s ] thds: 256 tps: 360.02 qps: 8363.44 (r/w/o: 5899.31/1724.09/740.04) lat (ms,95%): 893.56 err/s: 0.00 reconn/s: 0.00
[ 11s ] thds: 256 tps: 354.00 qps: 7662.91 (r/w/o: 5772.93/1159.99/729.99) lat (ms,95%): 893.56 err/s: 0.00 reconn/s: 0.00
[ 12s ] thds: 256 tps: 457.99 qps: 7255.86 (r/w/o: 4518.91/1789.96/946.98) lat (ms,95%): 816.63 err/s: 0.00 reconn/s: 0.00
[ 13s ] thds: 256 tps: 365.86 qps: 9061.52 (r/w/o: 6585.47/1718.34/757.71) lat (ms,95%): 682.06 err/s: 0.00 reconn/s: 0.00
[ 14s ] thds: 256 tps: 428.97 qps: 7705.39 (r/w/o: 5402.57/1421.89/880.93) lat (ms,95%): 719.92 err/s: 0.00 reconn/s: 0.00
[ 15s ] thds: 256 tps: 402.10 qps: 8069.03 (r/w/o: 5667.42/1575.40/826.21) lat (ms,95%): 746.32 err/s: 0.00 reconn/s: 0.00
[ 16s ] thds: 256 tps: 364.90 qps: 7229.01 (r/w/o: 4921.64/1546.57/760.79) lat (ms,95%): 1213.57 err/s: 0.00 reconn/s: 0.00
[ 17s ] thds: 256 tps: 398.95 qps: 7005.17 (r/w/o: 4743.44/1435.83/825.90) lat (ms,95%): 1213.57 err/s: 0.00 reconn/s: 0.00
[ 18s ] thds: 256 tps: 371.07 qps: 8060.48 (r/w/o: 5666.04/1627.30/767.14) lat (ms,95%): 1191.92 err/s: 0.00 reconn/s: 0.00
[ 19s ] thds: 256 tps: 372.07 qps: 8159.46 (r/w/o: 5841.04/1546.28/772.14) lat (ms,95%): 1170.65 err/s: 0.00 reconn/s: 0.00
[ 20s ] thds: 256 tps: 385.92 qps: 7791.33 (r/w/o: 5576.80/1417.70/796.83) lat (ms,95%): 1109.09 err/s: 0.00 reconn/s: 0.00
[ 21s ] thds: 256 tps: 400.06 qps: 7547.17 (r/w/o: 5092.79/1634.25/820.13) lat (ms,95%): 1109.09 err/s: 0.00 reconn/s: 0.00
[ 22s ] thds: 256 tps: 367.03 qps: 8207.73 (r/w/o: 5894.53/1552.14/761.07) lat (ms,95%): 1089.30 err/s: 0.00 reconn/s: 0.00
[ 23s ] thds: 256 tps: 451.10 qps: 9105.10 (r/w/o: 6677.54/1497.35/930.21) lat (ms,95%): 893.56 err/s: 0.00 reconn/s: 0.00
[ 24s ] thds: 256 tps: 482.75 qps: 8165.74 (r/w/o: 5327.22/1849.04/989.48) lat (ms,95%): 707.07 err/s: 0.00 reconn/s: 0.00
[ 25s ] thds: 256 tps: 422.11 qps: 8952.36 (r/w/o: 6228.64/1851.49/872.23) lat (ms,95%): 657.93 err/s: 0.00 reconn/s: 0.00
[ 26s ] thds: 256 tps: 411.11 qps: 7604.04 (r/w/o: 5309.42/1445.39/849.23) lat (ms,95%): 733.00 err/s: 0.00 reconn/s: 0.00
[ 27s ] thds: 256 tps: 362.84 qps: 8648.14 (r/w/o: 6263.20/1625.27/759.66) lat (ms,95%): 831.46 err/s: 0.00 reconn/s: 0.00
[ 28s ] thds: 256 tps: 382.11 qps: 7292.13 (r/w/o: 5092.49/1413.41/786.23) lat (ms,95%): 831.46 err/s: 0.00 reconn/s: 0.00
[ 29s ] thds: 256 tps: 410.79 qps: 7762.06 (r/w/o: 5296.31/1614.18/851.57) lat (ms,95%): 816.63 err/s: 0.00 reconn/s: 0.00
[ 30s ] thds: 256 tps: 386.12 qps: 7862.50 (r/w/o: 5495.75/1565.50/801.25) lat (ms,95%): 877.61 err/s: 0.00 reconn/s: 0.00
[ 31s ] thds: 256 tps: 404.11 qps: 7521.98 (r/w/o: 5189.37/1498.40/834.22) lat (ms,95%): 893.56 err/s: 0.00 reconn/s: 0.00
[ 32s ] thds: 256 tps: 368.88 qps: 8502.25 (r/w/o: 6259.97/1476.52/765.75) lat (ms,95%): 877.61 err/s: 0.00 reconn/s: 0.00
[ 33s ] thds: 256 tps: 395.07 qps: 7807.37 (r/w/o: 5363.94/1626.29/817.14) lat (ms,95%): 861.95 err/s: 0.00 reconn/s: 0.00
[ 34s ] thds: 256 tps: 408.08 qps: 7686.55 (r/w/o: 5349.08/1491.30/846.17) lat (ms,95%): 877.61 err/s: 0.00 reconn/s: 0.00
[ 35s ] thds: 256 tps: 398.82 qps: 7715.46 (r/w/o: 5224.60/1664.24/826.62) lat (ms,95%): 877.61 err/s: 0.00 reconn/s: 0.00
[ 36s ] thds: 256 tps: 387.18 qps: 8065.84 (r/w/o: 5775.75/1482.71/807.38) lat (ms,95%): 877.61 err/s: 0.00 reconn/s: 0.00
[ 37s ] thds: 256 tps: 382.76 qps: 7624.21 (r/w/o: 5421.60/1411.11/791.50) lat (ms,95%): 861.95 err/s: 0.00 reconn/s: 0.00
[ 38s ] thds: 256 tps: 392.06 qps: 7871.19 (r/w/o: 5394.82/1676.25/800.12) lat (ms,95%): 846.57 err/s: 0.00 reconn/s: 0.00
[ 39s ] thds: 256 tps: 400.08 qps: 8158.66 (r/w/o: 5856.19/1473.30/829.17) lat (ms,95%): 831.46 err/s: 0.00 reconn/s: 0.00
[ 40s ] thds: 256 tps: 378.10 qps: 7528.93 (r/w/o: 5094.31/1653.42/781.20) lat (ms,95%): 893.56 err/s: 0.00 reconn/s: 0.00
[ 41s ] thds: 256 tps: 404.78 qps: 7537.82 (r/w/o: 5206.11/1506.16/825.54) lat (ms,95%): 831.46 err/s: 0.00 reconn/s: 0.00
[ 42s ] thds: 256 tps: 374.20 qps: 8440.45 (r/w/o: 6231.29/1431.76/777.41) lat (ms,95%): 802.05 err/s: 0.00 reconn/s: 0.00
[ 43s ] thds: 256 tps: 403.80 qps: 7703.27 (r/w/o: 5171.49/1696.18/835.60) lat (ms,95%): 802.05 err/s: 0.00 reconn/s: 0.00
[ 44s ] thds: 256 tps: 395.01 qps: 7941.26 (r/w/o: 5591.18/1538.05/812.03) lat (ms,95%): 802.05 err/s: 0.00 reconn/s: 0.00
[ 45s ] thds: 256 tps: 408.99 qps: 7364.85 (r/w/o: 5093.89/1438.97/831.98) lat (ms,95%): 861.95 err/s: 0.00 reconn/s: 0.00
[ 46s ] thds: 256 tps: 379.19 qps: 8469.25 (r/w/o: 6025.02/1655.83/788.40) lat (ms,95%): 846.57 err/s: 0.00 reconn/s: 0.00
[ 47s ] thds: 256 tps: 387.98 qps: 8102.63 (r/w/o: 5775.73/1533.93/792.96) lat (ms,95%): 846.57 err/s: 0.00 reconn/s: 0.00
[ 48s ] thds: 256 tps: 404.01 qps: 7512.12 (r/w/o: 5116.08/1563.02/833.01) lat (ms,95%): 861.95 err/s: 0.00 reconn/s: 0.00
[ 49s ] thds: 256 tps: 430.81 qps: 7409.73 (r/w/o: 4914.83/1602.29/892.61) lat (ms,95%): 846.57 err/s: 0.00 reconn/s: 0.00
[ 50s ] thds: 256 tps: 354.12 qps: 8497.79 (r/w/o: 6243.05/1514.50/740.24) lat (ms,95%): 877.61 err/s: 0.00 reconn/s: 0.00
[ 51s ] thds: 256 tps: 387.05 qps: 8019.98 (r/w/o: 5741.70/1475.18/803.10) lat (ms,95%): 846.57 err/s: 0.00 reconn/s: 0.00
[ 52s ] thds: 256 tps: 423.73 qps: 7573.16 (r/w/o: 5138.72/1561.00/873.44) lat (ms,95%): 846.57 err/s: 0.00 reconn/s: 0.00
[ 53s ] thds: 256 tps: 375.21 qps: 8012.57 (r/w/o: 5499.14/1732.99/780.45) lat (ms,95%): 846.57 err/s: 0.00 reconn/s: 0.00
[ 54s ] thds: 256 tps: 383.98 qps: 8065.57 (r/w/o: 5882.69/1393.93/788.96) lat (ms,95%): 909.80 err/s: 0.00 reconn/s: 0.00
[ 55s ] thds: 256 tps: 416.02 qps: 7175.38 (r/w/o: 4889.26/1436.08/850.04) lat (ms,95%): 861.95 err/s: 0.00 reconn/s: 0.00
[ 56s ] thds: 256 tps: 389.02 qps: 8329.42 (r/w/o: 5805.29/1718.09/806.04) lat (ms,95%): 861.95 err/s: 0.00 reconn/s: 0.00
[ 57s ] thds: 256 tps: 364.02 qps: 8310.41 (r/w/o: 6001.30/1554.08/755.04) lat (ms,95%): 831.46 err/s: 0.00 reconn/s: 0.00
[ 58s ] thds: 256 tps: 414.00 qps: 7254.99 (r/w/o: 4980.99/1420.00/854.00) lat (ms,95%): 861.95 err/s: 0.00 reconn/s: 0.00
[ 59s ] thds: 256 tps: 427.97 qps: 7537.51 (r/w/o: 4985.68/1665.89/885.94) lat (ms,95%): 893.56 err/s: 0.00 reconn/s: 0.00
[ 60s ] thds: 256 tps: 340.85 qps: 8873.11 (r/w/o: 6593.11/1570.31/709.69) lat (ms,95%): 861.95 err/s: 0.00 reconn/s: 0.00
[ 61s ] thds: 256 tps: 399.96 qps: 7718.25 (r/w/o: 5522.46/1372.87/822.92) lat (ms,95%): 816.63 err/s: 0.00 reconn/s: 0.00
[ 62s ] thds: 256 tps: 422.01 qps: 7180.16 (r/w/o: 4616.10/1684.04/880.02) lat (ms,95%): 831.46 err/s: 0.00 reconn/s: 0.00
[ 63s ] thds: 256 tps: 370.07 qps: 8132.45 (r/w/o: 5806.03/1561.28/765.14) lat (ms,95%): 831.46 err/s: 0.00 reconn/s: 0.00
[ 64s ] thds: 256 tps: 383.16 qps: 8044.29 (r/w/o: 5979.44/1277.52/787.32) lat (ms,95%): 846.57 err/s: 0.00 reconn/s: 0.00
[ 65s ] thds: 256 tps: 429.78 qps: 7525.07 (r/w/o: 4795.49/1832.04/897.53) lat (ms,95%): 802.05 err/s: 0.00 reconn/s: 0.00
[ 66s ] thds: 256 tps: 353.04 qps: 8159.86 (r/w/o: 5943.63/1503.16/713.08) lat (ms,95%): 787.74 err/s: 0.00 reconn/s: 0.00
[ 67s ] thds: 256 tps: 414.17 qps: 7904.17 (r/w/o: 5652.27/1395.56/856.34) lat (ms,95%): 759.88 err/s: 0.00 reconn/s: 0.00
[ 68s ] thds: 256 tps: 403.79 qps: 7708.91 (r/w/o: 5104.29/1776.06/828.56) lat (ms,95%): 787.74 err/s: 0.00 reconn/s: 0.00
[ 69s ] thds: 256 tps: 380.19 qps: 8205.00 (r/w/o: 5949.90/1471.72/783.38) lat (ms,95%): 831.46 err/s: 0.00 reconn/s: 0.00
[ 70s ] thds: 256 tps: 410.02 qps: 7695.47 (r/w/o: 5447.33/1398.08/850.05) lat (ms,95%): 816.63 err/s: 0.00 reconn/s: 0.00
[ 71s ] thds: 256 tps: 403.75 qps: 7896.02 (r/w/o: 5260.68/1797.87/837.47) lat (ms,95%): 802.05 err/s: 0.00 reconn/s: 0.00
[ 72s ] thds: 256 tps: 367.03 qps: 8298.61 (r/w/o: 5956.44/1583.12/759.06) lat (ms,95%): 831.46 err/s: 0.00 reconn/s: 0.00
[ 73s ] thds: 256 tps: 411.21 qps: 7608.95 (r/w/o: 5434.82/1336.69/837.44) lat (ms,95%): 861.95 err/s: 0.00 reconn/s: 0.00
[ 74s ] thds: 256 tps: 406.72 qps: 7440.89 (r/w/o: 4986.58/1604.90/849.42) lat (ms,95%): 831.46 err/s: 0.00 reconn/s: 0.00
[ 75s ] thds: 256 tps: 372.15 qps: 8745.58 (r/w/o: 6260.56/1709.70/775.32) lat (ms,95%): 893.56 err/s: 0.00 reconn/s: 0.00
[ 76s ] thds: 256 tps: 398.91 qps: 8006.21 (r/w/o: 5815.70/1363.69/826.81) lat (ms,95%): 846.57 err/s: 0.00 reconn/s: 0.00
[ 77s ] thds: 256 tps: 429.02 qps: 6876.37 (r/w/o: 4351.23/1645.09/880.05) lat (ms,95%): 816.63 err/s: 0.00 reconn/s: 0.00
[ 78s ] thds: 256 tps: 370.92 qps: 8534.20 (r/w/o: 6201.70/1568.67/763.84) lat (ms,95%): 816.63 err/s: 0.00 reconn/s: 0.00
[ 79s ] thds: 256 tps: 376.26 qps: 8380.88 (r/w/o: 6163.32/1443.01/774.54) lat (ms,95%): 787.74 err/s: 0.00 reconn/s: 0.00
[ 80s ] thds: 256 tps: 433.98 qps: 6829.75 (r/w/o: 4266.84/1669.94/892.97) lat (ms,95%): 787.74 err/s: 0.00 reconn/s: 0.00
[ 81s ] thds: 256 tps: 343.83 qps: 8682.76 (r/w/o: 6422.87/1548.24/711.65) lat (ms,95%): 802.05 err/s: 0.00 reconn/s: 0.00
[ 82s ] thds: 256 tps: 417.24 qps: 7457.34 (r/w/o: 5199.03/1411.82/846.49) lat (ms,95%): 759.88 err/s: 0.00 reconn/s: 0.00
[ 83s ] thds: 256 tps: 403.93 qps: 7458.74 (r/w/o: 4901.17/1724.71/832.86) lat (ms,95%): 746.32 err/s: 0.00 reconn/s: 0.00
[ 84s ] thds: 256 tps: 354.01 qps: 8579.34 (r/w/o: 6528.26/1324.05/727.03) lat (ms,95%): 746.32 err/s: 0.00 reconn/s: 0.00
[ 85s ] thds: 256 tps: 423.74 qps: 6837.80 (r/w/o: 4304.36/1656.98/876.46) lat (ms,95%): 816.63 err/s: 0.00 reconn/s: 0.00
[ 86s ] thds: 256 tps: 385.04 qps: 8353.83 (r/w/o: 5910.59/1645.16/798.08) lat (ms,95%): 773.68 err/s: 0.00 reconn/s: 0.00
[ 87s ] thds: 256 tps: 370.99 qps: 8209.72 (r/w/o: 6164.79/1275.96/768.97) lat (ms,95%): 773.68 err/s: 0.00 reconn/s: 0.00
[ 88s ] thds: 256 tps: 425.04 qps: 7191.62 (r/w/o: 4585.40/1723.15/883.08) lat (ms,95%): 787.74 err/s: 0.00 reconn/s: 0.00
[ 89s ] thds: 256 tps: 384.19 qps: 8430.18 (r/w/o: 5959.96/1674.83/795.39) lat (ms,95%): 773.68 err/s: 0.00 reconn/s: 0.00
[ 90s ] thds: 256 tps: 384.71 qps: 8150.92 (r/w/o: 6084.46/1270.05/796.41) lat (ms,95%): 831.46 err/s: 0.00 reconn/s: 0.00
[ 91s ] thds: 256 tps: 413.24 qps: 7239.23 (r/w/o: 4687.74/1700.99/850.50) lat (ms,95%): 846.57 err/s: 0.00 reconn/s: 0.00
[ 92s ] thds: 256 tps: 392.83 qps: 8278.36 (r/w/o: 5756.47/1717.25/804.65) lat (ms,95%): 831.46 err/s: 0.00 reconn/s: 0.00
[ 93s ] thds: 256 tps: 373.04 qps: 8192.81 (r/w/o: 6009.60/1410.14/773.08) lat (ms,95%): 831.46 err/s: 0.00 reconn/s: 0.00
[ 94s ] thds: 256 tps: 423.97 qps: 7038.44 (r/w/o: 4686.63/1477.88/873.93) lat (ms,95%): 816.63 err/s: 0.00 reconn/s: 0.00
[ 95s ] thds: 256 tps: 391.10 qps: 8410.06 (r/w/o: 5927.45/1668.41/814.20) lat (ms,95%): 846.57 err/s: 0.00 reconn/s: 0.00
[ 96s ] thds: 256 tps: 371.93 qps: 8333.34 (r/w/o: 5988.81/1577.69/766.85) lat (ms,95%): 831.46 err/s: 0.00 reconn/s: 0.00
[ 97s ] thds: 256 tps: 416.23 qps: 7781.23 (r/w/o: 5459.97/1456.79/864.47) lat (ms,95%): 831.46 err/s: 0.00 reconn/s: 0.00
[ 98s ] thds: 256 tps: 442.66 qps: 7731.14 (r/w/o: 5084.15/1735.69/911.31) lat (ms,95%): 831.46 err/s: 0.00 reconn/s: 0.00
[ 99s ] thds: 256 tps: 395.10 qps: 9112.25 (r/w/o: 6600.63/1701.42/810.20) lat (ms,95%): 846.57 err/s: 0.00 reconn/s: 0.00
[ 100s ] thds: 256 tps: 407.12 qps: 8795.67 (r/w/o: 6418.95/1528.46/848.26) lat (ms,95%): 831.46 err/s: 0.00 reconn/s: 0.00
[ 101s ] thds: 256 tps: 455.89 qps: 7547.19 (r/w/o: 4926.82/1674.60/945.77) lat (ms,95%): 831.46 err/s: 0.00 reconn/s: 0.00
[ 102s ] thds: 256 tps: 419.91 qps: 8503.14 (r/w/o: 5859.72/1777.61/865.81) lat (ms,95%): 816.63 err/s: 0.00 reconn/s: 0.00
[ 103s ] thds: 256 tps: 404.26 qps: 9335.96 (r/w/o: 6814.35/1690.08/831.53) lat (ms,95%): 816.63 err/s: 0.00 reconn/s: 0.00
[ 104s ] thds: 256 tps: 467.03 qps: 8843.60 (r/w/o: 6243.42/1634.11/966.07) lat (ms,95%): 816.63 err/s: 0.00 reconn/s: 0.00
[ 105s ] thds: 256 tps: 472.66 qps: 8621.75 (r/w/o: 5735.84/1903.62/982.29) lat (ms,95%): 802.05 err/s: 0.00 reconn/s: 0.00
[ 106s ] thds: 256 tps: 430.19 qps: 9499.21 (r/w/o: 6770.00/1835.81/893.40) lat (ms,95%): 802.05 err/s: 0.00 reconn/s: 0.00
[ 107s ] thds: 256 tps: 450.87 qps: 9318.40 (r/w/o: 6795.11/1587.56/935.74) lat (ms,95%): 787.74 err/s: 0.00 reconn/s: 0.00
[ 108s ] thds: 256 tps: 446.05 qps: 7988.82 (r/w/o: 5212.53/1855.19/921.09) lat (ms,95%): 802.05 err/s: 0.00 reconn/s: 0.00
[ 109s ] thds: 256 tps: 386.94 qps: 8052.84 (r/w/o: 5830.16/1423.80/798.89) lat (ms,95%): 909.80 err/s: 0.00 reconn/s: 0.00
[ 110s ] thds: 256 tps: 404.96 qps: 8173.20 (r/w/o: 5640.45/1690.83/841.92) lat (ms,95%): 943.16 err/s: 0.00 reconn/s: 0.00
[ 111s ] thds: 256 tps: 412.08 qps: 7616.43 (r/w/o: 5186.97/1580.30/849.16) lat (ms,95%): 943.16 err/s: 0.00 reconn/s: 0.00
[ 112s ] thds: 256 tps: 376.95 qps: 7363.07 (r/w/o: 5188.34/1398.82/775.90) lat (ms,95%): 960.30 err/s: 0.00 reconn/s: 0.00
[ 113s ] thds: 256 tps: 369.21 qps: 7780.33 (r/w/o: 5609.12/1409.78/761.42) lat (ms,95%): 960.30 err/s: 0.00 reconn/s: 0.00
[ 114s ] thds: 256 tps: 357.78 qps: 8115.07 (r/w/o: 5931.40/1434.13/749.55) lat (ms,95%): 960.30 err/s: 0.00 reconn/s: 0.00
[ 115s ] thds: 256 tps: 368.03 qps: 7465.62 (r/w/o: 5207.43/1495.12/763.06) lat (ms,95%): 960.30 err/s: 0.00 reconn/s: 0.00
[ 116s ] thds: 256 tps: 384.02 qps: 7830.35 (r/w/o: 5447.24/1598.07/785.03) lat (ms,95%): 1032.01 err/s: 0.00 reconn/s: 0.00
[ 117s ] thds: 256 tps: 410.94 qps: 8189.72 (r/w/o: 5712.11/1630.75/846.87) lat (ms,95%): 1013.60 err/s: 0.00 reconn/s: 0.00
[ 118s ] thds: 256 tps: 432.12 qps: 8517.27 (r/w/o: 5925.58/1701.45/890.24) lat (ms,95%): 1013.60 err/s: 0.00 reconn/s: 0.00
[ 119s ] thds: 256 tps: 448.20 qps: 8754.82 (r/w/o: 6043.64/1773.77/937.41) lat (ms,95%): 1013.60 err/s: 0.00 reconn/s: 0.00
[ 120s ] thds: 256 tps: 444.66 qps: 8457.62 (r/w/o: 5776.64/1767.67/913.31) lat (ms,95%): 909.80 err/s: 0.00 reconn/s: 0.00
[ 121s ] thds: 256 tps: 433.31 qps: 8300.98 (r/w/o: 5739.13/1661.20/900.65) lat (ms,95%): 893.56 err/s: 0.00 reconn/s: 0.00
[ 122s ] thds: 256 tps: 419.91 qps: 8852.14 (r/w/o: 6398.65/1594.66/858.82) lat (ms,95%): 909.80 err/s: 0.00 reconn/s: 0.00
[ 123s ] thds: 256 tps: 437.80 qps: 8668.96 (r/w/o: 5973.22/1791.17/904.58) lat (ms,95%): 893.56 err/s: 0.00 reconn/s: 0.00
[ 124s ] thds: 256 tps: 462.32 qps: 8708.10 (r/w/o: 6013.21/1746.22/948.66) lat (ms,95%): 877.61 err/s: 0.00 reconn/s: 0.00
[ 125s ] thds: 256 tps: 443.99 qps: 9467.89 (r/w/o: 6813.92/1736.98/916.99) lat (ms,95%): 861.95 err/s: 0.00 reconn/s: 0.00
[ 126s ] thds: 256 tps: 425.95 qps: 8751.03 (r/w/o: 6040.33/1838.80/871.90) lat (ms,95%): 909.80 err/s: 0.00 reconn/s: 0.00
[ 127s ] thds: 256 tps: 431.01 qps: 8061.26 (r/w/o: 5545.18/1619.05/897.03) lat (ms,95%): 943.16 err/s: 0.00 reconn/s: 0.00
[ 128s ] thds: 256 tps: 404.79 qps: 8049.86 (r/w/o: 5673.08/1552.20/824.58) lat (ms,95%): 977.74 err/s: 0.00 reconn/s: 0.00
[ 129s ] thds: 256 tps: 389.21 qps: 7948.25 (r/w/o: 5622.00/1525.82/800.43) lat (ms,95%): 1013.60 err/s: 0.00 reconn/s: 0.00
[ 130s ] thds: 256 tps: 402.85 qps: 8128.96 (r/w/o: 5654.89/1633.39/840.69) lat (ms,95%): 995.51 err/s: 0.00 reconn/s: 0.00
[ 131s ] thds: 256 tps: 385.18 qps: 8027.79 (r/w/o: 5609.65/1622.77/795.38) lat (ms,95%): 995.51 err/s: 0.00 reconn/s: 0.00
[ 132s ] thds: 256 tps: 417.90 qps: 7666.08 (r/w/o: 5258.68/1553.61/853.79) lat (ms,95%): 1032.01 err/s: 0.00 reconn/s: 0.00
[ 133s ] thds: 256 tps: 375.89 qps: 7886.63 (r/w/o: 5654.30/1455.56/776.77) lat (ms,95%): 1050.76 err/s: 0.00 reconn/s: 0.00
[ 134s ] thds: 256 tps: 404.91 qps: 7792.28 (r/w/o: 5302.83/1662.63/826.82) lat (ms,95%): 1050.76 err/s: 0.00 reconn/s: 0.00
[ 135s ] thds: 256 tps: 383.09 qps: 8085.95 (r/w/o: 5851.41/1450.35/784.19) lat (ms,95%): 1032.01 err/s: 0.00 reconn/s: 0.00
[ 136s ] thds: 256 tps: 391.13 qps: 8067.60 (r/w/o: 5623.81/1635.53/808.26) lat (ms,95%): 1013.60 err/s: 0.00 reconn/s: 0.00
[ 137s ] thds: 256 tps: 386.96 qps: 7818.14 (r/w/o: 5404.41/1613.82/799.91) lat (ms,95%): 1032.01 err/s: 0.00 reconn/s: 0.00
[ 138s ] thds: 256 tps: 420.06 qps: 7413.02 (r/w/o: 5067.69/1478.20/867.12) lat (ms,95%): 1050.76 err/s: 0.00 reconn/s: 0.00
[ 139s ] thds: 256 tps: 380.02 qps: 8035.50 (r/w/o: 5807.36/1445.09/783.05) lat (ms,95%): 1032.01 err/s: 0.00 reconn/s: 0.00
[ 140s ] thds: 256 tps: 372.74 qps: 8348.14 (r/w/o: 5968.81/1609.87/769.46) lat (ms,95%): 995.51 err/s: 0.00 reconn/s: 0.00
[ 141s ] thds: 256 tps: 413.32 qps: 7523.76 (r/w/o: 5022.85/1649.26/851.65) lat (ms,95%): 995.51 err/s: 0.00 reconn/s: 0.00
[ 142s ] thds: 256 tps: 399.74 qps: 7378.16 (r/w/o: 5104.65/1451.05/822.46) lat (ms,95%): 995.51 err/s: 0.00 reconn/s: 0.00
[ 143s ] thds: 256 tps: 381.26 qps: 8164.66 (r/w/o: 5957.13/1414.98/792.55) lat (ms,95%): 1013.60 err/s: 0.00 reconn/s: 0.00
[ 144s ] thds: 256 tps: 376.79 qps: 8430.38 (r/w/o: 5878.78/1762.04/789.57) lat (ms,95%): 1013.60 err/s: 0.00 reconn/s: 0.00
[ 145s ] thds: 256 tps: 422.98 qps: 7374.68 (r/w/o: 4932.78/1573.93/867.96) lat (ms,95%): 977.74 err/s: 0.00 reconn/s: 0.00
[ 146s ] thds: 256 tps: 396.85 qps: 7461.10 (r/w/o: 5215.97/1426.45/818.68) lat (ms,95%): 995.51 err/s: 0.00 reconn/s: 0.00
[ 147s ] thds: 256 tps: 369.19 qps: 8242.26 (r/w/o: 6028.11/1454.75/759.39) lat (ms,95%): 995.51 err/s: 0.00 reconn/s: 0.00
[ 148s ] thds: 256 tps: 392.82 qps: 8227.23 (r/w/o: 5653.41/1766.19/807.63) lat (ms,95%): 995.51 err/s: 0.00 reconn/s: 0.00
[ 149s ] thds: 256 tps: 427.39 qps: 7288.71 (r/w/o: 4892.50/1527.41/868.80) lat (ms,95%): 1013.60 err/s: 0.00 reconn/s: 0.00
[ 150s ] thds: 256 tps: 380.96 qps: 7920.09 (r/w/o: 5740.34/1395.84/783.91) lat (ms,95%): 995.51 err/s: 0.00 reconn/s: 0.00
[ 151s ] thds: 256 tps: 375.04 qps: 8388.86 (r/w/o: 6008.62/1603.16/777.08) lat (ms,95%): 977.74 err/s: 0.00 reconn/s: 0.00
[ 152s ] thds: 256 tps: 388.95 qps: 7528.02 (r/w/o: 5031.34/1687.78/808.89) lat (ms,95%): 977.74 err/s: 0.00 reconn/s: 0.00
[ 153s ] thds: 256 tps: 440.70 qps: 7334.01 (r/w/o: 5003.60/1432.03/898.39) lat (ms,95%): 977.74 err/s: 0.00 reconn/s: 0.00
[ 154s ] thds: 256 tps: 363.24 qps: 8239.40 (r/w/o: 6103.00/1380.91/755.50) lat (ms,95%): 977.74 err/s: 0.00 reconn/s: 0.00
[ 155s ] thds: 256 tps: 371.86 qps: 8307.81 (r/w/o: 5775.78/1768.32/763.71) lat (ms,95%): 1032.01 err/s: 0.00 reconn/s: 0.00
[ 156s ] thds: 256 tps: 417.25 qps: 7387.49 (r/w/o: 5003.04/1528.93/855.52) lat (ms,95%): 960.30 err/s: 0.00 reconn/s: 0.00
[ 157s ] thds: 256 tps: 396.71 qps: 7660.35 (r/w/o: 5434.99/1415.96/809.40) lat (ms,95%): 960.30 err/s: 0.00 reconn/s: 0.00
[ 158s ] thds: 256 tps: 358.17 qps: 8833.18 (r/w/o: 6650.15/1441.68/741.35) lat (ms,95%): 960.30 err/s: 0.00 reconn/s: 0.00
[ 159s ] thds: 256 tps: 405.06 qps: 7760.17 (r/w/o: 5124.77/1791.27/844.13) lat (ms,95%): 1013.60 err/s: 0.00 reconn/s: 0.00
[ 160s ] thds: 256 tps: 412.73 qps: 7356.23 (r/w/o: 5007.75/1502.03/846.45) lat (ms,95%): 977.74 err/s: 0.00 reconn/s: 0.00
[ 161s ] thds: 256 tps: 381.26 qps: 8161.50 (r/w/o: 5952.01/1418.96/790.53) lat (ms,95%): 995.51 err/s: 0.00 reconn/s: 0.00
[ 162s ] thds: 256 tps: 384.94 qps: 8340.63 (r/w/o: 5774.05/1766.71/799.87) lat (ms,95%): 960.30 err/s: 0.00 reconn/s: 0.00
[ 163s ] thds: 256 tps: 417.03 qps: 7362.60 (r/w/o: 4959.40/1542.13/861.07) lat (ms,95%): 960.30 err/s: 0.00 reconn/s: 0.00
[ 164s ] thds: 256 tps: 399.04 qps: 7519.70 (r/w/o: 5283.49/1414.13/822.08) lat (ms,95%): 960.30 err/s: 0.00 reconn/s: 0.00
[ 165s ] thds: 256 tps: 367.99 qps: 8631.84 (r/w/o: 6274.89/1583.97/772.99) lat (ms,95%): 943.16 err/s: 0.00 reconn/s: 0.00
[ 166s ] thds: 256 tps: 404.81 qps: 7551.51 (r/w/o: 5023.68/1692.22/835.61) lat (ms,95%): 960.30 err/s: 0.00 reconn/s: 0.00
[ 167s ] thds: 256 tps: 421.17 qps: 7338.01 (r/w/o: 5012.06/1455.60/870.36) lat (ms,95%): 960.30 err/s: 0.00 reconn/s: 0.00
[ 168s ] thds: 256 tps: 367.99 qps: 8307.71 (r/w/o: 6085.79/1465.95/755.97) lat (ms,95%): 977.74 err/s: 0.00 reconn/s: 0.00
[ 169s ] thds: 256 tps: 395.84 qps: 8073.78 (r/w/o: 5541.79/1708.32/823.67) lat (ms,95%): 960.30 err/s: 0.00 reconn/s: 0.00
[ 170s ] thds: 256 tps: 410.21 qps: 7332.79 (r/w/o: 4998.58/1493.77/840.43) lat (ms,95%): 943.16 err/s: 0.00 reconn/s: 0.00
[ 171s ] thds: 256 tps: 386.85 qps: 7979.85 (r/w/o: 5777.72/1407.44/794.69) lat (ms,95%): 960.30 err/s: 0.00 reconn/s: 0.00
[ 172s ] thds: 256 tps: 375.10 qps: 8398.15 (r/w/o: 5994.53/1625.42/778.20) lat (ms,95%): 1013.60 err/s: 0.00 reconn/s: 0.00
[ 173s ] thds: 256 tps: 415.04 qps: 7588.64 (r/w/o: 5117.43/1609.14/862.07) lat (ms,95%): 926.33 err/s: 0.00 reconn/s: 0.00
[ 174s ] thds: 256 tps: 387.87 qps: 7766.45 (r/w/o: 5566.17/1398.54/801.74) lat (ms,95%): 943.16 err/s: 0.00 reconn/s: 0.00
[ 175s ] thds: 256 tps: 367.13 qps: 8593.99 (r/w/o: 6159.14/1686.59/748.26) lat (ms,95%): 926.33 err/s: 0.00 reconn/s: 0.00
[ 176s ] thds: 256 tps: 426.01 qps: 7567.19 (r/w/o: 5052.13/1635.04/880.02) lat (ms,95%): 943.16 err/s: 0.00 reconn/s: 0.00
[ 177s ] thds: 256 tps: 382.94 qps: 7351.90 (r/w/o: 5155.23/1404.79/791.88) lat (ms,95%): 977.74 err/s: 0.00 reconn/s: 0.00
[ 178s ] thds: 256 tps: 371.05 qps: 8401.13 (r/w/o: 6045.81/1586.21/769.10) lat (ms,95%): 1032.01 err/s: 0.00 reconn/s: 0.00
[ 179s ] thds: 256 tps: 416.96 qps: 7722.33 (r/w/o: 5270.54/1600.86/850.93) lat (ms,95%): 977.74 err/s: 0.00 reconn/s: 0.00
[ 180s ] thds: 256 tps: 397.72 qps: 7338.91 (r/w/o: 5066.49/1440.00/832.42) lat (ms,95%): 977.74 err/s: 0.00 reconn/s: 0.00
[ 181s ] thds: 256 tps: 379.19 qps: 8177.08 (r/w/o: 5827.91/1561.78/787.39) lat (ms,95%): 977.74 err/s: 0.00 reconn/s: 0.00
[ 182s ] thds: 256 tps: 391.12 qps: 8023.41 (r/w/o: 5615.68/1594.48/813.24) lat (ms,95%): 977.74 err/s: 0.00 reconn/s: 0.00
[ 183s ] thds: 256 tps: 408.93 qps: 7408.77 (r/w/o: 5097.16/1464.76/846.86) lat (ms,95%): 977.74 err/s: 0.00 reconn/s: 0.00
[ 184s ] thds: 256 tps: 380.03 qps: 8128.65 (r/w/o: 5746.46/1594.13/788.06) lat (ms,95%): 977.74 err/s: 0.00 reconn/s: 0.00
[ 185s ] thds: 256 tps: 395.02 qps: 8007.35 (r/w/o: 5592.24/1604.07/811.04) lat (ms,95%): 977.74 err/s: 0.00 reconn/s: 0.00
[ 186s ] thds: 256 tps: 409.79 qps: 7532.08 (r/w/o: 5174.31/1514.21/843.56) lat (ms,95%): 977.74 err/s: 0.00 reconn/s: 0.00
[ 187s ] thds: 256 tps: 373.89 qps: 8121.53 (r/w/o: 5762.25/1586.52/772.77) lat (ms,95%): 960.30 err/s: 0.00 reconn/s: 0.00
[ 188s ] thds: 256 tps: 395.27 qps: 8003.51 (r/w/o: 5631.87/1551.07/820.56) lat (ms,95%): 977.74 err/s: 0.00 reconn/s: 0.00
[ 189s ] thds: 256 tps: 416.98 qps: 7366.71 (r/w/o: 5013.80/1487.94/864.97) lat (ms,95%): 995.51 err/s: 0.00 reconn/s: 0.00
[ 190s ] thds: 256 tps: 374.04 qps: 8099.76 (r/w/o: 5718.54/1610.15/771.07) lat (ms,95%): 977.74 err/s: 0.00 reconn/s: 0.00
[ 191s ] thds: 256 tps: 392.03 qps: 7894.55 (r/w/o: 5630.39/1462.10/802.06) lat (ms,95%): 977.74 err/s: 0.00 reconn/s: 0.00
[ 192s ] thds: 256 tps: 398.91 qps: 7528.30 (r/w/o: 5159.84/1548.65/819.82) lat (ms,95%): 926.33 err/s: 0.00 reconn/s: 0.00
[ 193s ] thds: 256 tps: 381.04 qps: 8097.94 (r/w/o: 5726.66/1584.18/787.09) lat (ms,95%): 926.33 err/s: 0.00 reconn/s: 0.00
[ 194s ] thds: 256 tps: 396.06 qps: 8287.22 (r/w/o: 5976.88/1486.22/824.12) lat (ms,95%): 926.33 err/s: 0.00 reconn/s: 0.00
[ 195s ] thds: 256 tps: 397.97 qps: 7532.52 (r/w/o: 5110.67/1588.90/832.95) lat (ms,95%): 960.30 err/s: 0.00 reconn/s: 0.00
[ 196s ] thds: 256 tps: 386.02 qps: 8173.46 (r/w/o: 5802.32/1578.09/793.04) lat (ms,95%): 926.33 err/s: 0.00 reconn/s: 0.00
[ 197s ] thds: 256 tps: 406.00 qps: 8044.90 (r/w/o: 5617.93/1588.98/837.99) lat (ms,95%): 960.30 err/s: 0.00 reconn/s: 0.00
[ 198s ] thds: 256 tps: 406.67 qps: 7233.04 (r/w/o: 4935.94/1468.79/828.32) lat (ms,95%): 943.16 err/s: 0.00 reconn/s: 0.00
[ 199s ] thds: 256 tps: 371.31 qps: 8228.83 (r/w/o: 5891.89/1574.31/762.63) lat (ms,95%): 943.16 err/s: 0.00 reconn/s: 0.00
[ 200s ] thds: 256 tps: 394.00 qps: 7957.08 (r/w/o: 5525.06/1611.02/821.01) lat (ms,95%): 960.30 err/s: 0.00 reconn/s: 0.00
[ 201s ] thds: 256 tps: 407.82 qps: 7350.67 (r/w/o: 5004.73/1510.32/835.62) lat (ms,95%): 960.30 err/s: 0.00 reconn/s: 0.00
[ 202s ] thds: 256 tps: 379.05 qps: 8349.18 (r/w/o: 5997.85/1569.22/782.11) lat (ms,95%): 960.30 err/s: 0.00 reconn/s: 0.00
[ 203s ] thds: 256 tps: 406.07 qps: 7835.32 (r/w/o: 5408.91/1590.27/836.14) lat (ms,95%): 960.30 err/s: 0.00 reconn/s: 0.00
[ 204s ] thds: 256 tps: 395.94 qps: 7569.93 (r/w/o: 5281.25/1476.79/811.89) lat (ms,95%): 960.30 err/s: 0.00 reconn/s: 0.00
[ 205s ] thds: 256 tps: 381.10 qps: 7950.14 (r/w/o: 5637.52/1516.41/796.21) lat (ms,95%): 960.30 err/s: 0.00 reconn/s: 0.00
[ 206s ] thds: 256 tps: 385.98 qps: 7631.59 (r/w/o: 5292.72/1540.92/797.96) lat (ms,95%): 977.74 err/s: 0.00 reconn/s: 0.00
[ 207s ] thds: 256 tps: 399.02 qps: 7940.45 (r/w/o: 5566.31/1548.09/826.05) lat (ms,95%): 861.95 err/s: 0.00 reconn/s: 0.00
[ 208s ] thds: 256 tps: 386.93 qps: 8104.51 (r/w/o: 5795.94/1510.72/797.85) lat (ms,95%): 846.57 err/s: 0.00 reconn/s: 0.00
[ 209s ] thds: 256 tps: 393.09 qps: 8029.83 (r/w/o: 5572.27/1645.38/812.19) lat (ms,95%): 831.46 err/s: 0.00 reconn/s: 0.00
[ 210s ] thds: 256 tps: 430.92 qps: 7311.61 (r/w/o: 4915.06/1505.71/890.83) lat (ms,95%): 861.95 err/s: 0.00 reconn/s: 0.00
[ 211s ] thds: 256 tps: 369.07 qps: 8311.62 (r/w/o: 6038.17/1513.29/760.15) lat (ms,95%): 943.16 err/s: 0.00 reconn/s: 0.00
[ 212s ] thds: 256 tps: 396.95 qps: 8075.96 (r/w/o: 5633.27/1627.79/814.89) lat (ms,95%): 909.80 err/s: 0.00 reconn/s: 0.00
[ 213s ] thds: 256 tps: 400.84 qps: 7672.94 (r/w/o: 5384.85/1463.42/824.67) lat (ms,95%): 909.80 err/s: 0.00 reconn/s: 0.00
[ 214s ] thds: 256 tps: 370.19 qps: 8521.38 (r/w/o: 6182.18/1582.81/756.39) lat (ms,95%): 926.33 err/s: 0.00 reconn/s: 0.00
[ 215s ] thds: 256 tps: 416.99 qps: 7508.86 (r/w/o: 4977.91/1678.97/851.98) lat (ms,95%): 943.16 err/s: 0.00 reconn/s: 0.00
[ 216s ] thds: 256 tps: 401.91 qps: 7397.37 (r/w/o: 5107.87/1456.68/832.82) lat (ms,95%): 943.16 err/s: 0.00 reconn/s: 0.00
[ 217s ] thds: 256 tps: 375.02 qps: 8641.46 (r/w/o: 6288.33/1574.08/779.04) lat (ms,95%): 943.16 err/s: 0.00 reconn/s: 0.00
[ 218s ] thds: 256 tps: 411.06 qps: 7370.17 (r/w/o: 4941.78/1580.25/848.13) lat (ms,95%): 943.16 err/s: 0.00 reconn/s: 0.00
[ 219s ] thds: 256 tps: 387.92 qps: 7826.36 (r/w/o: 5664.81/1364.71/796.83) lat (ms,95%): 943.16 err/s: 0.00 reconn/s: 0.00
[ 220s ] thds: 256 tps: 382.08 qps: 8311.83 (r/w/o: 5729.26/1786.39/796.18) lat (ms,95%): 943.16 err/s: 0.00 reconn/s: 0.00
[ 221s ] thds: 256 tps: 412.98 qps: 7342.72 (r/w/o: 5001.81/1493.94/846.97) lat (ms,95%): 943.16 err/s: 0.00 reconn/s: 0.00
[ 222s ] thds: 256 tps: 373.95 qps: 8513.82 (r/w/o: 6320.12/1421.80/771.89) lat (ms,95%): 960.30 err/s: 0.00 reconn/s: 0.00
[ 223s ] thds: 256 tps: 402.62 qps: 7621.84 (r/w/o: 5083.22/1698.40/840.21) lat (ms,95%): 960.30 err/s: 0.00 reconn/s: 0.00
[ 224s ] thds: 256 tps: 416.47 qps: 7266.23 (r/w/o: 4972.63/1441.63/851.97) lat (ms,95%): 943.16 err/s: 0.00 reconn/s: 0.00
[ 225s ] thds: 256 tps: 353.90 qps: 8782.58 (r/w/o: 6447.22/1608.56/726.80) lat (ms,95%): 943.16 err/s: 0.00 reconn/s: 0.00
[ 226s ] thds: 256 tps: 414.96 qps: 7422.36 (r/w/o: 4989.57/1569.87/862.93) lat (ms,95%): 943.16 err/s: 0.00 reconn/s: 0.00
[ 227s ] thds: 256 tps: 387.05 qps: 7812.01 (r/w/o: 5602.72/1416.18/793.10) lat (ms,95%): 960.30 err/s: 0.00 reconn/s: 0.00
[ 228s ] thds: 256 tps: 386.05 qps: 8320.99 (r/w/o: 5793.69/1729.21/798.09) lat (ms,95%): 1013.60 err/s: 0.00 reconn/s: 0.00
[ 229s ] thds: 256 tps: 417.03 qps: 7341.57 (r/w/o: 4954.39/1527.12/860.07) lat (ms,95%): 943.16 err/s: 0.00 reconn/s: 0.00
[ 230s ] thds: 256 tps: 376.02 qps: 8296.42 (r/w/o: 6072.31/1451.07/773.04) lat (ms,95%): 943.16 err/s: 0.00 reconn/s: 0.00
[ 231s ] thds: 256 tps: 397.99 qps: 7685.77 (r/w/o: 5191.85/1679.95/813.98) lat (ms,95%): 926.33 err/s: 0.00 reconn/s: 0.00
[ 232s ] thds: 256 tps: 405.94 qps: 7491.84 (r/w/o: 5227.19/1437.78/826.87) lat (ms,95%): 926.33 err/s: 0.00 reconn/s: 0.00
[ 233s ] thds: 256 tps: 372.97 qps: 8337.39 (r/w/o: 6059.56/1505.89/771.94) lat (ms,95%): 926.33 err/s: 0.00 reconn/s: 0.00
[ 234s ] thds: 256 tps: 412.84 qps: 7634.98 (r/w/o: 5104.98/1678.34/851.66) lat (ms,95%): 943.16 err/s: 0.00 reconn/s: 0.00
[ 235s ] thds: 256 tps: 379.24 qps: 8153.08 (r/w/o: 5907.68/1465.91/779.49) lat (ms,95%): 926.33 err/s: 0.00 reconn/s: 0.00
[ 236s ] thds: 256 tps: 397.89 qps: 7850.83 (r/w/o: 5377.51/1659.54/813.78) lat (ms,95%): 926.33 err/s: 0.00 reconn/s: 0.00
[ 237s ] thds: 256 tps: 412.00 qps: 7454.03 (r/w/o: 5127.02/1484.01/843.00) lat (ms,95%): 926.33 err/s: 0.00 reconn/s: 0.00
[ 238s ] thds: 256 tps: 363.94 qps: 8550.69 (r/w/o: 6321.03/1468.78/760.88) lat (ms,95%): 943.16 err/s: 0.00 reconn/s: 0.00
[ 239s ] thds: 256 tps: 407.17 qps: 7472.19 (r/w/o: 4903.09/1716.73/852.36) lat (ms,95%): 943.16 err/s: 0.00 reconn/s: 0.00
[ 240s ] thds: 256 tps: 394.00 qps: 7800.99 (r/w/o: 5579.00/1413.00/809.00) lat (ms,95%): 926.33 err/s: 0.00 reconn/s: 0.00
Latency histogram (values are in milliseconds)
       value  ------------- distribution ------------- count
      48.335 |                                         4
      49.213 |                                         4
      50.107 |                                         18
      51.018 |                                         26
      51.945 |                                         42
      52.889 |*                                        68
      53.850 |*                                        85
      54.828 |*                                        115
      55.824 |*                                        129
      56.839 |*                                        119
      57.871 |*                                        123
      58.923 |*                                        136
      59.993 |*                                        115
      61.083 |*                                        93
      62.193 |*                                        65
      63.323 |*                                        84
      64.474 |*                                        110
      65.645 |*                                        130
      66.838 |**                                       167
      68.053 |**                                       220
      69.289 |**                                       201
      70.548 |**                                       176
      71.830 |*                                        115
      73.135 |*                                        69
      74.464 |*                                        63
      75.817 |                                         44
      77.194 |*                                        59
      78.597 |                                         43
      80.025 |*                                        62
      81.479 |*                                        52
      82.959 |*                                        53
      84.467 |                                         43
      86.002 |                                         33
      87.564 |*                                        57
      89.155 |                                         36
      90.775 |                                         43
      92.424 |                                         44
      94.104 |                                         42
      95.814 |                                         48
      97.555 |*                                        54
      99.327 |*                                        51
     101.132 |*                                        64
     102.969 |*                                        53
     104.840 |*                                        62
     106.745 |*                                        76
     108.685 |*                                        82
     110.659 |*                                        77
     112.670 |*                                        78
     114.717 |*                                        90
     116.802 |*                                        78
     118.924 |*                                        90
     121.085 |*                                        82
     123.285 |*                                        78
     125.525 |*                                        81
     127.805 |*                                        101
     130.128 |*                                        107
     132.492 |*                                        113
     134.899 |*                                        118
     137.350 |*                                        107
     139.846 |*                                        109
     142.387 |*                                        131
     144.974 |*                                        121
     147.608 |*                                        120
     150.290 |*                                        131
     153.021 |**                                       150
     155.801 |*                                        135
     158.632 |*                                        144
     161.514 |*                                        132
     164.449 |**                                       148
     167.437 |*                                        128
     170.479 |**                                       157
     173.577 |**                                       171
     176.731 |**                                       190
     179.942 |**                                       162
     183.211 |**                                       164
     186.540 |**                                       159
     189.929 |**                                       164
     193.380 |**                                       207
     196.894 |**                                       198
     200.472 |**                                       219
     204.114 |**                                       240
     207.823 |**                                       190
     211.599 |***                                      253
     215.443 |***                                      283
     219.358 |**                                       224
     223.344 |**                                       218
     227.402 |**                                       229
     231.534 |**                                       235
     235.740 |**                                       239
     240.024 |***                                      309
     244.385 |***                                      297
     248.825 |***                                      303
     253.346 |***                                      293
     257.950 |***                                      317
     262.636 |***                                      306
     267.408 |***                                      329
     272.267 |***                                      329
     277.214 |****                                     361
     282.251 |****                                     348
     287.379 |***                                      322
     292.601 |***                                      274
     297.917 |**                                       236
     303.330 |**                                       213
     308.842 |*                                        132
     314.453 |*                                        63
     320.167 |                                         46
     325.984 |                                         31
     331.907 |                                         26
     337.938 |                                         22
     344.078 |                                         21
     350.330 |                                         17
     356.695 |                                         9
     363.176 |                                         9
     369.775 |                                         11
     376.494 |                                         19
     383.334 |                                         20
     390.299 |                                         20
     397.391 |                                         19
     404.611 |                                         31
     411.963 |                                         45
     419.448 |                                         47
     427.069 |*                                        51
     434.829 |*                                        81
     442.730 |*                                        88
     450.774 |*                                        114
     458.964 |*                                        133
     467.304 |**                                       183
     475.794 |**                                       236
     484.439 |***                                      299
     493.242 |****                                     377
     502.204 |*****                                    514
     511.328 |*******                                  715
     520.619 |*********                                855
     530.078 |***********                              1052
     539.710 |*************                            1299
     549.516 |****************                         1583
     559.501 |********************                     1942
     569.667 |***********************                  2300
     580.017 |****************************             2773
     590.556 |*******************************          3092
     601.286 |*******************************          3027
     612.211 |****************************             2730
     623.335 |*************************                2413
     634.661 |********************                     1965
     646.192 |***************                          1440
     657.933 |************                             1211
     669.888 |***********                              1127
     682.059 |************                             1135
     694.452 |*************                            1268
     707.070 |******************                       1727
     719.917 |**************************               2549
     732.998 |********************************         3164
     746.316 |*************************************    3692
     759.876 |**************************************** 3939
     773.683 |**************************************   3758
     787.741 |*********************************        3286
     802.053 |*******************************          3009
     816.626 |****************************             2722
     831.464 |**********************                   2150
     846.572 |******************                       1726
     861.954 |*************                            1299
     877.615 |***********                              1065
     893.561 |***********                              1051
     909.797 |**************                           1375
     926.327 |**********************                   2184
     943.158 |***********************                  2279
     960.295 |******************                       1796
     977.743 |**************                           1345
     995.508 |********                                 802
    1013.597 |******                                   569
    1032.013 |***                                      339
    1050.764 |**                                       195
    1069.856 |**                                       154
    1089.295 |*                                        144
    1109.087 |*                                        104
    1129.239 |*                                        59
    1149.757 |*                                        56
    1170.648 |*                                        63
    1191.918 |*                                        68
    1213.575 |                                         32
    1235.625 |                                         14
    1258.076 |                                         10
    1280.934 |                                         5
    1304.208 |                                         1
    1327.905 |                                         2
 
SQL statistics:
    queries performed:
        read:                            1337446
        write:                           376325
        other:                           197266
        total:                           1911037
    transactions:                        95692  (397.44 per sec.)
    queries:                             1911037 (7937.08 per sec.)
    ignored errors:                      0      (0.00 per sec.)
    reconnects:                          0      (0.00 per sec.)

Throughput:
    events/s (eps):                      397.4363
    time elapsed:                        240.7733s
    total number of events:              95692

Latency (ms):
         min:                                   47.91
         avg:                                  643.88
         max:                                 1329.08
         95th percentile:                      960.30
         sum:                             61612567.39

Threads fairness:
    events (avg/stddev):           373.7891/154.83
    execution time (avg/stddev):   240.6741/0.28

