sysbench 1.1.0-3ceba0b (using bundled LuaJIT 2.1.0-beta3)

Running the test with following options:
Number of threads: 32
Warmup time: 60s
Report intermediate results every 1 second(s)
Initializing random number generator from current time


Initializing worker threads...

Threads started!

Warming up for 60 seconds...

[ 1s ] thds: 32 tps: 428.19 qps: 8569.61 (r/w/o: 5999.64/1685.76/884.21) lat (ms,95%): 86.00 err/s: 0.00 reconn/s: 0.00
[ 2s ] thds: 32 tps: 438.95 qps: 8744.91 (r/w/o: 6120.24/1718.79/905.89) lat (ms,95%): 90.78 err/s: 0.00 reconn/s: 0.00
[ 3s ] thds: 32 tps: 437.98 qps: 8744.67 (r/w/o: 6109.77/1734.93/899.97) lat (ms,95%): 86.00 err/s: 0.00 reconn/s: 0.00
[ 4s ] thds: 32 tps: 422.88 qps: 8481.61 (r/w/o: 5941.33/1669.53/870.75) lat (ms,95%): 90.78 err/s: 0.00 reconn/s: 0.00
[ 5s ] thds: 32 tps: 410.09 qps: 8169.72 (r/w/o: 5701.20/1632.34/836.18) lat (ms,95%): 97.55 err/s: 0.00 reconn/s: 0.00
[ 6s ] thds: 32 tps: 408.13 qps: 8221.69 (r/w/o: 5783.89/1593.52/844.28) lat (ms,95%): 97.55 err/s: 0.00 reconn/s: 0.00
[ 7s ] thds: 32 tps: 406.91 qps: 8102.19 (r/w/o: 5655.74/1599.64/846.81) lat (ms,95%): 97.55 err/s: 0.00 reconn/s: 0.00
[ 8s ] thds: 32 tps: 396.80 qps: 7997.96 (r/w/o: 5600.17/1575.20/822.58) lat (ms,95%): 102.97 err/s: 0.00 reconn/s: 0.00
[ 9s ] thds: 32 tps: 407.24 qps: 8114.70 (r/w/o: 5685.29/1590.92/838.49) lat (ms,95%): 97.55 err/s: 0.00 reconn/s: 0.00
[ 10s ] thds: 32 tps: 404.01 qps: 8110.27 (r/w/o: 5666.19/1606.05/838.03) lat (ms,95%): 95.81 err/s: 0.00 reconn/s: 0.00
[ 11s ] thds: 32 tps: 404.92 qps: 8034.49 (r/w/o: 5647.94/1552.71/833.84) lat (ms,95%): 99.33 err/s: 0.00 reconn/s: 0.00
[ 12s ] thds: 32 tps: 419.05 qps: 8308.01 (r/w/o: 5786.71/1659.20/862.11) lat (ms,95%): 94.10 err/s: 0.00 reconn/s: 0.00
[ 13s ] thds: 32 tps: 418.79 qps: 8410.75 (r/w/o: 5878.03/1675.15/857.57) lat (ms,95%): 92.42 err/s: 0.00 reconn/s: 0.00
[ 14s ] thds: 32 tps: 419.20 qps: 8398.96 (r/w/o: 5892.78/1638.77/867.41) lat (ms,95%): 99.33 err/s: 0.00 reconn/s: 0.00
[ 15s ] thds: 32 tps: 449.04 qps: 8938.71 (r/w/o: 6255.50/1755.14/928.07) lat (ms,95%): 84.47 err/s: 0.00 reconn/s: 0.00
[ 16s ] thds: 32 tps: 441.93 qps: 8859.62 (r/w/o: 6208.03/1739.73/911.86) lat (ms,95%): 86.00 err/s: 0.00 reconn/s: 0.00
[ 17s ] thds: 32 tps: 433.67 qps: 8737.39 (r/w/o: 6131.36/1699.71/906.31) lat (ms,95%): 92.42 err/s: 0.00 reconn/s: 0.00
[ 18s ] thds: 32 tps: 425.29 qps: 8469.69 (r/w/o: 5913.97/1684.13/871.59) lat (ms,95%): 92.42 err/s: 0.00 reconn/s: 0.00
[ 19s ] thds: 32 tps: 413.02 qps: 8299.38 (r/w/o: 5824.27/1624.07/851.04) lat (ms,95%): 92.42 err/s: 0.00 reconn/s: 0.00
[ 20s ] thds: 32 tps: 419.08 qps: 8312.60 (r/w/o: 5789.11/1649.32/874.17) lat (ms,95%): 95.81 err/s: 0.00 reconn/s: 0.00
[ 21s ] thds: 32 tps: 396.91 qps: 8063.22 (r/w/o: 5685.74/1561.65/815.82) lat (ms,95%): 102.97 err/s: 0.00 reconn/s: 0.00
[ 22s ] thds: 32 tps: 412.14 qps: 8151.80 (r/w/o: 5677.95/1617.56/856.29) lat (ms,95%): 106.75 err/s: 0.00 reconn/s: 0.00
[ 23s ] thds: 32 tps: 409.92 qps: 8258.30 (r/w/o: 5796.81/1614.67/846.83) lat (ms,95%): 104.84 err/s: 0.00 reconn/s: 0.00
[ 24s ] thds: 32 tps: 413.97 qps: 8199.47 (r/w/o: 5714.63/1610.90/873.94) lat (ms,95%): 104.84 err/s: 0.00 reconn/s: 0.00
[ 25s ] thds: 32 tps: 443.85 qps: 8876.91 (r/w/o: 6228.83/1742.39/905.68) lat (ms,95%): 90.78 err/s: 0.00 reconn/s: 0.00
[ 26s ] thds: 32 tps: 415.13 qps: 8330.60 (r/w/o: 5823.82/1651.52/855.27) lat (ms,95%): 92.42 err/s: 0.00 reconn/s: 0.00
[ 27s ] thds: 32 tps: 412.12 qps: 8229.47 (r/w/o: 5771.73/1606.48/851.26) lat (ms,95%): 97.55 err/s: 0.00 reconn/s: 0.00
[ 28s ] thds: 32 tps: 412.90 qps: 8256.05 (r/w/o: 5773.64/1628.62/853.80) lat (ms,95%): 92.42 err/s: 0.00 reconn/s: 0.00
[ 29s ] thds: 32 tps: 406.87 qps: 8154.46 (r/w/o: 5705.22/1614.50/834.74) lat (ms,95%): 94.10 err/s: 0.00 reconn/s: 0.00
[ 30s ] thds: 32 tps: 429.15 qps: 8569.07 (r/w/o: 5994.14/1688.60/886.32) lat (ms,95%): 90.78 err/s: 0.00 reconn/s: 0.00
[ 31s ] thds: 32 tps: 425.97 qps: 8485.44 (r/w/o: 5939.61/1660.89/884.94) lat (ms,95%): 90.78 err/s: 0.00 reconn/s: 0.00
[ 32s ] thds: 32 tps: 413.01 qps: 8249.20 (r/w/o: 5761.14/1642.04/846.02) lat (ms,95%): 95.81 err/s: 0.00 reconn/s: 0.00
[ 33s ] thds: 32 tps: 405.04 qps: 8237.84 (r/w/o: 5791.59/1608.16/838.09) lat (ms,95%): 95.81 err/s: 0.00 reconn/s: 0.00
[ 34s ] thds: 32 tps: 408.95 qps: 8067.99 (r/w/o: 5643.29/1584.80/839.89) lat (ms,95%): 97.55 err/s: 0.00 reconn/s: 0.00
[ 35s ] thds: 32 tps: 402.70 qps: 8056.08 (r/w/o: 5632.86/1588.83/834.39) lat (ms,95%): 97.55 err/s: 0.00 reconn/s: 0.00
[ 36s ] thds: 32 tps: 395.33 qps: 7849.55 (r/w/o: 5480.57/1556.30/812.68) lat (ms,95%): 106.75 err/s: 0.00 reconn/s: 0.00
[ 37s ] thds: 32 tps: 403.05 qps: 8123.95 (r/w/o: 5712.67/1580.19/831.10) lat (ms,95%): 106.75 err/s: 0.00 reconn/s: 0.00
[ 38s ] thds: 32 tps: 405.89 qps: 8175.70 (r/w/o: 5724.39/1614.55/836.76) lat (ms,95%): 106.75 err/s: 0.00 reconn/s: 0.00
[ 39s ] thds: 32 tps: 406.10 qps: 8043.07 (r/w/o: 5612.44/1593.41/837.22) lat (ms,95%): 108.68 err/s: 0.00 reconn/s: 0.00
[ 40s ] thds: 32 tps: 434.04 qps: 8720.75 (r/w/o: 6125.53/1704.15/891.08) lat (ms,95%): 95.81 err/s: 0.00 reconn/s: 0.00
[ 41s ] thds: 32 tps: 409.73 qps: 8252.61 (r/w/o: 5768.23/1636.93/847.45) lat (ms,95%): 94.10 err/s: 0.00 reconn/s: 0.00
[ 42s ] thds: 32 tps: 407.20 qps: 8107.01 (r/w/o: 5678.81/1592.79/835.41) lat (ms,95%): 101.13 err/s: 0.00 reconn/s: 0.00
[ 43s ] thds: 32 tps: 415.03 qps: 8303.68 (r/w/o: 5818.48/1624.13/861.07) lat (ms,95%): 94.10 err/s: 0.00 reconn/s: 0.00
[ 44s ] thds: 32 tps: 409.94 qps: 8221.88 (r/w/o: 5755.21/1614.78/851.88) lat (ms,95%): 95.81 err/s: 0.00 reconn/s: 0.00
[ 45s ] thds: 32 tps: 424.03 qps: 8445.68 (r/w/o: 5917.47/1651.13/877.07) lat (ms,95%): 92.42 err/s: 0.00 reconn/s: 0.00
[ 46s ] thds: 32 tps: 425.00 qps: 8470.08 (r/w/o: 5911.05/1677.02/882.01) lat (ms,95%): 92.42 err/s: 0.00 reconn/s: 0.00
[ 47s ] thds: 32 tps: 422.90 qps: 8418.91 (r/w/o: 5882.54/1669.59/866.79) lat (ms,95%): 94.10 err/s: 0.00 reconn/s: 0.00
[ 48s ] thds: 32 tps: 402.04 qps: 8170.86 (r/w/o: 5721.60/1617.17/832.09) lat (ms,95%): 99.33 err/s: 0.00 reconn/s: 0.00
[ 49s ] thds: 32 tps: 404.94 qps: 8055.90 (r/w/o: 5657.23/1558.79/839.89) lat (ms,95%): 99.33 err/s: 0.00 reconn/s: 0.00
[ 50s ] thds: 32 tps: 400.01 qps: 8023.24 (r/w/o: 5609.17/1576.05/838.02) lat (ms,95%): 99.33 err/s: 0.00 reconn/s: 0.00
[ 51s ] thds: 32 tps: 398.01 qps: 7962.16 (r/w/o: 5580.11/1556.03/826.02) lat (ms,95%): 104.84 err/s: 0.00 reconn/s: 0.00
[ 52s ] thds: 32 tps: 389.05 qps: 7795.02 (r/w/o: 5462.72/1535.20/797.10) lat (ms,95%): 104.84 err/s: 0.00 reconn/s: 0.00
[ 53s ] thds: 32 tps: 390.96 qps: 7739.13 (r/w/o: 5399.39/1530.83/808.91) lat (ms,95%): 104.84 err/s: 0.00 reconn/s: 0.00
[ 54s ] thds: 32 tps: 386.96 qps: 7769.17 (r/w/o: 5448.42/1521.84/798.91) lat (ms,95%): 104.84 err/s: 0.00 reconn/s: 0.00
[ 55s ] thds: 32 tps: 384.01 qps: 7666.16 (r/w/o: 5353.11/1519.03/794.02) lat (ms,95%): 110.66 err/s: 0.00 reconn/s: 0.00
[ 56s ] thds: 32 tps: 380.16 qps: 7574.18 (r/w/o: 5311.23/1476.62/786.33) lat (ms,95%): 106.75 err/s: 0.00 reconn/s: 0.00
[ 57s ] thds: 32 tps: 375.96 qps: 7498.29 (r/w/o: 5223.50/1503.86/770.93) lat (ms,95%): 110.66 err/s: 0.00 reconn/s: 0.00
[ 58s ] thds: 32 tps: 379.82 qps: 7562.49 (r/w/o: 5299.54/1467.32/795.63) lat (ms,95%): 108.68 err/s: 0.00 reconn/s: 0.00
[ 59s ] thds: 32 tps: 415.02 qps: 8356.37 (r/w/o: 5863.26/1629.07/864.04) lat (ms,95%): 99.33 err/s: 0.00 reconn/s: 0.00
[ 60s ] thds: 32 tps: 443.18 qps: 8884.63 (r/w/o: 6220.54/1739.71/924.38) lat (ms,95%): 84.47 err/s: 0.00 reconn/s: 0.00
[ 61s ] thds: 32 tps: 440.76 qps: 8772.28 (r/w/o: 6139.70/1718.08/914.51) lat (ms,95%): 90.78 err/s: 0.00 reconn/s: 0.00
[ 62s ] thds: 32 tps: 443.07 qps: 8899.31 (r/w/o: 6224.92/1762.26/912.13) lat (ms,95%): 86.00 err/s: 0.00 reconn/s: 0.00
[ 63s ] thds: 32 tps: 441.08 qps: 8890.67 (r/w/o: 6234.17/1759.33/897.17) lat (ms,95%): 84.47 err/s: 0.00 reconn/s: 0.00
[ 64s ] thds: 32 tps: 422.89 qps: 8445.78 (r/w/o: 5925.44/1639.57/880.77) lat (ms,95%): 94.10 err/s: 0.00 reconn/s: 0.00
[ 65s ] thds: 32 tps: 427.87 qps: 8521.49 (r/w/o: 5945.25/1692.50/883.74) lat (ms,95%): 89.16 err/s: 0.00 reconn/s: 0.00
[ 66s ] thds: 32 tps: 423.31 qps: 8495.16 (r/w/o: 5965.33/1650.20/879.64) lat (ms,95%): 90.78 err/s: 0.00 reconn/s: 0.00
[ 67s ] thds: 32 tps: 421.07 qps: 8358.31 (r/w/o: 5839.92/1646.26/872.14) lat (ms,95%): 94.10 err/s: 0.00 reconn/s: 0.00
[ 68s ] thds: 32 tps: 407.93 qps: 8222.56 (r/w/o: 5766.99/1603.72/851.85) lat (ms,95%): 92.42 err/s: 0.00 reconn/s: 0.00
[ 69s ] thds: 32 tps: 417.06 qps: 8269.15 (r/w/o: 5757.80/1658.23/853.12) lat (ms,95%): 97.55 err/s: 0.00 reconn/s: 0.00
[ 70s ] thds: 32 tps: 412.88 qps: 8279.68 (r/w/o: 5815.37/1612.55/851.76) lat (ms,95%): 95.81 err/s: 0.00 reconn/s: 0.00
[ 71s ] thds: 32 tps: 404.05 qps: 8044.03 (r/w/o: 5617.72/1591.20/835.11) lat (ms,95%): 97.55 err/s: 0.00 reconn/s: 0.00
[ 72s ] thds: 32 tps: 409.97 qps: 8243.39 (r/w/o: 5782.57/1608.88/851.94) lat (ms,95%): 97.55 err/s: 0.00 reconn/s: 0.00
[ 73s ] thds: 32 tps: 413.95 qps: 8242.01 (r/w/o: 5752.31/1637.80/851.90) lat (ms,95%): 97.55 err/s: 0.00 reconn/s: 0.00
[ 74s ] thds: 32 tps: 416.16 qps: 8351.15 (r/w/o: 5869.22/1625.61/856.32) lat (ms,95%): 97.55 err/s: 0.00 reconn/s: 0.00
[ 75s ] thds: 32 tps: 446.98 qps: 8976.64 (r/w/o: 6282.75/1766.93/926.96) lat (ms,95%): 86.00 err/s: 0.00 reconn/s: 0.00
[ 76s ] thds: 32 tps: 416.93 qps: 8327.61 (r/w/o: 5819.03/1646.72/861.86) lat (ms,95%): 106.75 err/s: 0.00 reconn/s: 0.00
[ 77s ] thds: 32 tps: 411.08 qps: 8269.71 (r/w/o: 5800.20/1616.33/853.18) lat (ms,95%): 101.13 err/s: 0.00 reconn/s: 0.00
[ 78s ] thds: 32 tps: 412.99 qps: 8187.74 (r/w/o: 5729.82/1612.95/844.97) lat (ms,95%): 104.84 err/s: 0.00 reconn/s: 0.00
[ 79s ] thds: 32 tps: 412.84 qps: 8317.74 (r/w/o: 5822.72/1633.36/861.66) lat (ms,95%): 104.84 err/s: 0.00 reconn/s: 0.00
[ 80s ] thds: 32 tps: 432.08 qps: 8532.59 (r/w/o: 5951.11/1688.31/893.17) lat (ms,95%): 92.42 err/s: 0.00 reconn/s: 0.00
[ 81s ] thds: 32 tps: 421.10 qps: 8499.05 (r/w/o: 5972.44/1653.40/873.21) lat (ms,95%): 94.10 err/s: 0.00 reconn/s: 0.00
[ 82s ] thds: 32 tps: 422.64 qps: 8470.76 (r/w/o: 5928.93/1673.57/868.26) lat (ms,95%): 95.81 err/s: 0.00 reconn/s: 0.00
[ 83s ] thds: 32 tps: 415.96 qps: 8290.26 (r/w/o: 5791.48/1636.85/861.92) lat (ms,95%): 94.10 err/s: 0.00 reconn/s: 0.00
[ 84s ] thds: 32 tps: 407.27 qps: 8101.39 (r/w/o: 5661.77/1597.06/842.56) lat (ms,95%): 97.55 err/s: 0.00 reconn/s: 0.00
[ 85s ] thds: 32 tps: 403.77 qps: 8115.41 (r/w/o: 5691.78/1587.10/836.53) lat (ms,95%): 97.55 err/s: 0.00 reconn/s: 0.00
[ 86s ] thds: 32 tps: 406.34 qps: 8076.77 (r/w/o: 5641.73/1598.34/836.70) lat (ms,95%): 99.33 err/s: 0.00 reconn/s: 0.00
[ 87s ] thds: 32 tps: 391.92 qps: 7810.38 (r/w/o: 5461.87/1541.68/806.83) lat (ms,95%): 102.97 err/s: 0.00 reconn/s: 0.00
[ 88s ] thds: 32 tps: 380.89 qps: 7704.70 (r/w/o: 5423.38/1498.55/782.77) lat (ms,95%): 104.84 err/s: 0.00 reconn/s: 0.00
[ 89s ] thds: 32 tps: 389.11 qps: 7800.25 (r/w/o: 5453.57/1546.45/800.23) lat (ms,95%): 106.75 err/s: 0.00 reconn/s: 0.00
[ 90s ] thds: 32 tps: 387.02 qps: 7679.36 (r/w/o: 5362.25/1514.07/803.04) lat (ms,95%): 104.84 err/s: 0.00 reconn/s: 0.00
[ 91s ] thds: 32 tps: 376.83 qps: 7579.49 (r/w/o: 5317.54/1482.31/779.64) lat (ms,95%): 108.68 err/s: 0.00 reconn/s: 0.00
[ 92s ] thds: 32 tps: 381.89 qps: 7563.83 (r/w/o: 5280.48/1493.57/789.77) lat (ms,95%): 110.66 err/s: 0.00 reconn/s: 0.00
[ 93s ] thds: 32 tps: 374.28 qps: 7599.74 (r/w/o: 5337.03/1483.12/779.59) lat (ms,95%): 106.75 err/s: 0.00 reconn/s: 0.00
[ 94s ] thds: 32 tps: 410.65 qps: 8183.02 (r/w/o: 5726.12/1604.63/852.27) lat (ms,95%): 104.84 err/s: 0.00 reconn/s: 0.00
[ 95s ] thds: 32 tps: 446.43 qps: 8940.61 (r/w/o: 6263.03/1756.69/920.89) lat (ms,95%): 87.56 err/s: 0.00 reconn/s: 0.00
[ 96s ] thds: 32 tps: 448.73 qps: 8926.64 (r/w/o: 6244.25/1747.95/934.44) lat (ms,95%): 89.16 err/s: 0.00 reconn/s: 0.00
[ 97s ] thds: 32 tps: 443.23 qps: 8909.57 (r/w/o: 6232.20/1761.90/915.47) lat (ms,95%): 87.56 err/s: 0.00 reconn/s: 0.00
[ 98s ] thds: 32 tps: 430.97 qps: 8575.47 (r/w/o: 6000.63/1674.90/899.94) lat (ms,95%): 89.16 err/s: 0.00 reconn/s: 0.00
[ 99s ] thds: 32 tps: 417.65 qps: 8391.00 (r/w/o: 5885.09/1627.64/878.27) lat (ms,95%): 94.10 err/s: 0.00 reconn/s: 0.00
[ 100s ] thds: 32 tps: 421.31 qps: 8356.20 (r/w/o: 5829.33/1664.24/862.64) lat (ms,95%): 94.10 err/s: 0.00 reconn/s: 0.00
[ 101s ] thds: 32 tps: 415.05 qps: 8299.95 (r/w/o: 5814.67/1635.19/850.10) lat (ms,95%): 95.81 err/s: 0.00 reconn/s: 0.00
[ 102s ] thds: 32 tps: 404.06 qps: 8097.11 (r/w/o: 5679.78/1585.22/832.11) lat (ms,95%): 99.33 err/s: 0.00 reconn/s: 0.00
[ 103s ] thds: 32 tps: 392.90 qps: 7910.03 (r/w/o: 5529.62/1564.61/815.80) lat (ms,95%): 102.97 err/s: 0.00 reconn/s: 0.00
[ 104s ] thds: 32 tps: 397.05 qps: 7873.89 (r/w/o: 5509.63/1537.17/827.09) lat (ms,95%): 102.97 err/s: 0.00 reconn/s: 0.00
[ 105s ] thds: 32 tps: 388.05 qps: 7794.08 (r/w/o: 5445.76/1538.21/810.11) lat (ms,95%): 104.84 err/s: 0.00 reconn/s: 0.00
[ 106s ] thds: 32 tps: 380.96 qps: 7687.24 (r/w/o: 5402.46/1489.85/794.92) lat (ms,95%): 106.75 err/s: 0.00 reconn/s: 0.00
[ 107s ] thds: 32 tps: 381.96 qps: 7644.12 (r/w/o: 5345.38/1489.83/808.91) lat (ms,95%): 106.75 err/s: 0.00 reconn/s: 0.00
[ 108s ] thds: 32 tps: 382.99 qps: 7627.77 (r/w/o: 5350.84/1485.96/790.98) lat (ms,95%): 108.68 err/s: 0.00 reconn/s: 0.00
[ 109s ] thds: 32 tps: 413.01 qps: 8212.13 (r/w/o: 5726.09/1632.02/854.01) lat (ms,95%): 106.75 err/s: 0.00 reconn/s: 0.00
[ 110s ] thds: 32 tps: 446.05 qps: 8961.04 (r/w/o: 6278.73/1764.20/918.11) lat (ms,95%): 92.42 err/s: 0.00 reconn/s: 0.00
[ 111s ] thds: 32 tps: 443.87 qps: 8899.36 (r/w/o: 6245.15/1731.49/922.73) lat (ms,95%): 90.78 err/s: 0.00 reconn/s: 0.00
[ 112s ] thds: 32 tps: 448.82 qps: 8990.39 (r/w/o: 6293.47/1764.29/932.63) lat (ms,95%): 86.00 err/s: 0.00 reconn/s: 0.00
[ 113s ] thds: 32 tps: 449.88 qps: 8967.60 (r/w/o: 6276.32/1757.53/933.75) lat (ms,95%): 86.00 err/s: 0.00 reconn/s: 0.00
[ 114s ] thds: 32 tps: 416.47 qps: 8308.34 (r/w/o: 5804.53/1642.85/860.97) lat (ms,95%): 95.81 err/s: 0.00 reconn/s: 0.00
[ 115s ] thds: 32 tps: 413.96 qps: 8283.27 (r/w/o: 5790.49/1635.86/856.92) lat (ms,95%): 94.10 err/s: 0.00 reconn/s: 0.00
[ 116s ] thds: 32 tps: 414.98 qps: 8308.60 (r/w/o: 5834.72/1620.92/852.96) lat (ms,95%): 94.10 err/s: 0.00 reconn/s: 0.00
[ 117s ] thds: 32 tps: 414.92 qps: 8248.44 (r/w/o: 5752.91/1638.69/856.84) lat (ms,95%): 97.55 err/s: 0.00 reconn/s: 0.00
[ 118s ] thds: 32 tps: 402.10 qps: 7980.90 (r/w/o: 5573.33/1584.38/823.20) lat (ms,95%): 101.13 err/s: 0.00 reconn/s: 0.00
[ 119s ] thds: 32 tps: 396.95 qps: 7965.01 (r/w/o: 5589.30/1557.81/817.90) lat (ms,95%): 101.13 err/s: 0.00 reconn/s: 0.00
[ 120s ] thds: 32 tps: 398.97 qps: 7996.43 (r/w/o: 5597.60/1568.89/829.94) lat (ms,95%): 102.97 err/s: 0.00 reconn/s: 0.00
[ 121s ] thds: 32 tps: 395.07 qps: 8000.43 (r/w/o: 5610.00/1574.28/816.15) lat (ms,95%): 97.55 err/s: 0.00 reconn/s: 0.00
[ 122s ] thds: 32 tps: 414.04 qps: 8247.85 (r/w/o: 5773.59/1620.17/854.09) lat (ms,95%): 97.55 err/s: 0.00 reconn/s: 0.00
[ 123s ] thds: 32 tps: 406.97 qps: 8132.40 (r/w/o: 5690.58/1593.88/847.94) lat (ms,95%): 99.33 err/s: 0.00 reconn/s: 0.00
[ 124s ] thds: 32 tps: 420.96 qps: 8469.11 (r/w/o: 5948.38/1659.83/860.91) lat (ms,95%): 95.81 err/s: 0.00 reconn/s: 0.00
[ 125s ] thds: 32 tps: 436.94 qps: 8704.81 (r/w/o: 6073.17/1730.76/900.88) lat (ms,95%): 97.55 err/s: 0.00 reconn/s: 0.00
[ 126s ] thds: 32 tps: 414.11 qps: 8312.18 (r/w/o: 5829.53/1625.43/857.22) lat (ms,95%): 104.84 err/s: 0.00 reconn/s: 0.00
[ 127s ] thds: 32 tps: 415.87 qps: 8318.33 (r/w/o: 5826.13/1637.47/854.73) lat (ms,95%): 102.97 err/s: 0.00 reconn/s: 0.00
[ 128s ] thds: 32 tps: 412.00 qps: 8193.97 (r/w/o: 5730.98/1609.99/853.00) lat (ms,95%): 106.75 err/s: 0.00 reconn/s: 0.00
[ 129s ] thds: 32 tps: 425.92 qps: 8491.31 (r/w/o: 5929.82/1674.67/886.82) lat (ms,95%): 97.55 err/s: 0.00 reconn/s: 0.00
[ 130s ] thds: 32 tps: 425.08 qps: 8478.59 (r/w/o: 5932.11/1663.31/883.17) lat (ms,95%): 95.81 err/s: 0.00 reconn/s: 0.00
[ 131s ] thds: 32 tps: 414.10 qps: 8423.95 (r/w/o: 5919.37/1650.38/854.20) lat (ms,95%): 94.10 err/s: 0.00 reconn/s: 0.00
[ 132s ] thds: 32 tps: 416.84 qps: 8352.72 (r/w/o: 5870.70/1612.37/869.66) lat (ms,95%): 94.10 err/s: 0.00 reconn/s: 0.00
[ 133s ] thds: 32 tps: 413.11 qps: 8054.05 (r/w/o: 5574.42/1624.41/855.22) lat (ms,95%): 101.13 err/s: 0.00 reconn/s: 0.00
[ 134s ] thds: 32 tps: 397.99 qps: 8078.89 (r/w/o: 5686.92/1567.98/823.99) lat (ms,95%): 101.13 err/s: 0.00 reconn/s: 0.00
[ 135s ] thds: 32 tps: 402.11 qps: 8042.22 (r/w/o: 5620.55/1593.44/828.23) lat (ms,95%): 101.13 err/s: 0.00 reconn/s: 0.00
[ 136s ] thds: 32 tps: 391.80 qps: 7802.06 (r/w/o: 5473.24/1518.23/810.59) lat (ms,95%): 102.97 err/s: 0.00 reconn/s: 0.00
[ 137s ] thds: 32 tps: 414.13 qps: 8210.64 (r/w/o: 5721.84/1634.53/854.27) lat (ms,95%): 95.81 err/s: 0.00 reconn/s: 0.00
[ 138s ] thds: 32 tps: 407.96 qps: 8301.24 (r/w/o: 5848.46/1607.85/844.92) lat (ms,95%): 94.10 err/s: 0.00 reconn/s: 0.00
[ 139s ] thds: 32 tps: 410.97 qps: 8146.42 (r/w/o: 5672.59/1624.88/848.94) lat (ms,95%): 99.33 err/s: 0.00 reconn/s: 0.00
[ 140s ] thds: 32 tps: 435.98 qps: 8733.54 (r/w/o: 6109.68/1715.91/907.95) lat (ms,95%): 89.16 err/s: 0.00 reconn/s: 0.00
[ 141s ] thds: 32 tps: 409.00 qps: 8193.93 (r/w/o: 5753.95/1587.99/851.99) lat (ms,95%): 104.84 err/s: 0.00 reconn/s: 0.00
[ 142s ] thds: 32 tps: 420.03 qps: 8341.55 (r/w/o: 5824.39/1650.11/867.06) lat (ms,95%): 104.84 err/s: 0.00 reconn/s: 0.00
[ 143s ] thds: 32 tps: 409.15 qps: 8252.12 (r/w/o: 5783.18/1625.61/843.32) lat (ms,95%): 106.75 err/s: 0.00 reconn/s: 0.00
[ 144s ] thds: 32 tps: 413.94 qps: 8220.75 (r/w/o: 5752.13/1616.75/851.87) lat (ms,95%): 102.97 err/s: 0.00 reconn/s: 0.00
[ 145s ] thds: 32 tps: 426.95 qps: 8519.03 (r/w/o: 5958.32/1682.81/877.90) lat (ms,95%): 95.81 err/s: 0.00 reconn/s: 0.00
[ 146s ] thds: 32 tps: 420.93 qps: 8490.57 (r/w/o: 5960.00/1667.72/862.85) lat (ms,95%): 95.81 err/s: 0.00 reconn/s: 0.00
[ 147s ] thds: 32 tps: 410.17 qps: 8276.33 (r/w/o: 5789.33/1635.66/851.34) lat (ms,95%): 94.10 err/s: 0.00 reconn/s: 0.00
[ 148s ] thds: 32 tps: 409.01 qps: 8069.26 (r/w/o: 5633.18/1596.05/840.03) lat (ms,95%): 99.33 err/s: 0.00 reconn/s: 0.00
[ 149s ] thds: 32 tps: 400.99 qps: 8032.77 (r/w/o: 5645.84/1558.96/827.98) lat (ms,95%): 101.13 err/s: 0.00 reconn/s: 0.00
[ 150s ] thds: 32 tps: 399.98 qps: 7993.57 (r/w/o: 5590.70/1573.92/828.96) lat (ms,95%): 99.33 err/s: 0.00 reconn/s: 0.00
[ 151s ] thds: 32 tps: 390.94 qps: 7884.72 (r/w/o: 5521.10/1549.75/813.87) lat (ms,95%): 101.13 err/s: 0.00 reconn/s: 0.00
[ 152s ] thds: 32 tps: 407.99 qps: 8143.79 (r/w/o: 5708.85/1590.96/843.98) lat (ms,95%): 101.13 err/s: 0.00 reconn/s: 0.00
[ 153s ] thds: 32 tps: 413.98 qps: 8214.57 (r/w/o: 5728.70/1634.91/850.95) lat (ms,95%): 94.10 err/s: 0.00 reconn/s: 0.00
[ 154s ] thds: 32 tps: 410.95 qps: 8194.92 (r/w/o: 5733.24/1607.79/853.89) lat (ms,95%): 95.81 err/s: 0.00 reconn/s: 0.00
[ 155s ] thds: 32 tps: 432.02 qps: 8770.33 (r/w/o: 6160.23/1719.07/891.03) lat (ms,95%): 90.78 err/s: 0.00 reconn/s: 0.00
[ 156s ] thds: 32 tps: 415.17 qps: 8235.37 (r/w/o: 5772.36/1609.66/853.35) lat (ms,95%): 106.75 err/s: 0.00 reconn/s: 0.00
[ 157s ] thds: 32 tps: 408.80 qps: 8243.00 (r/w/o: 5752.21/1644.20/846.59) lat (ms,95%): 104.84 err/s: 0.00 reconn/s: 0.00
[ 158s ] thds: 32 tps: 414.06 qps: 8196.18 (r/w/o: 5729.83/1610.23/856.12) lat (ms,95%): 108.68 err/s: 0.00 reconn/s: 0.00
[ 159s ] thds: 32 tps: 403.02 qps: 8135.36 (r/w/o: 5715.25/1590.07/830.04) lat (ms,95%): 106.75 err/s: 0.00 reconn/s: 0.00
[ 160s ] thds: 32 tps: 434.98 qps: 8547.65 (r/w/o: 5954.76/1703.93/888.96) lat (ms,95%): 94.10 err/s: 0.00 reconn/s: 0.00
[ 161s ] thds: 32 tps: 425.99 qps: 8575.83 (r/w/o: 6021.88/1677.97/875.98) lat (ms,95%): 94.10 err/s: 0.00 reconn/s: 0.00
[ 162s ] thds: 32 tps: 421.13 qps: 8489.71 (r/w/o: 5951.90/1671.53/866.28) lat (ms,95%): 94.10 err/s: 0.00 reconn/s: 0.00
[ 163s ] thds: 32 tps: 412.94 qps: 8252.87 (r/w/o: 5777.21/1625.78/849.88) lat (ms,95%): 95.81 err/s: 0.00 reconn/s: 0.00
[ 164s ] thds: 32 tps: 410.06 qps: 8150.17 (r/w/o: 5680.82/1609.23/860.12) lat (ms,95%): 99.33 err/s: 0.00 reconn/s: 0.00
[ 165s ] thds: 32 tps: 407.00 qps: 8167.95 (r/w/o: 5724.96/1610.99/831.99) lat (ms,95%): 101.13 err/s: 0.00 reconn/s: 0.00
[ 166s ] thds: 32 tps: 399.94 qps: 7916.84 (r/w/o: 5529.19/1559.77/827.88) lat (ms,95%): 101.13 err/s: 0.00 reconn/s: 0.00
[ 167s ] thds: 32 tps: 393.07 qps: 7979.52 (r/w/o: 5622.07/1545.29/812.15) lat (ms,95%): 99.33 err/s: 0.00 reconn/s: 0.00
[ 168s ] thds: 32 tps: 414.96 qps: 8251.30 (r/w/o: 5757.51/1636.86/856.93) lat (ms,95%): 95.81 err/s: 0.00 reconn/s: 0.00
[ 169s ] thds: 32 tps: 409.96 qps: 8163.16 (r/w/o: 5713.41/1607.83/841.91) lat (ms,95%): 94.10 err/s: 0.00 reconn/s: 0.00
[ 170s ] thds: 32 tps: 427.98 qps: 8598.58 (r/w/o: 6017.71/1701.92/878.96) lat (ms,95%): 90.78 err/s: 0.00 reconn/s: 0.00
[ 171s ] thds: 32 tps: 417.91 qps: 8372.19 (r/w/o: 5864.73/1639.65/867.81) lat (ms,95%): 102.97 err/s: 0.00 reconn/s: 0.00
[ 172s ] thds: 32 tps: 411.08 qps: 8203.57 (r/w/o: 5735.10/1622.31/846.16) lat (ms,95%): 104.84 err/s: 0.00 reconn/s: 0.00
[ 173s ] thds: 32 tps: 422.87 qps: 8425.48 (r/w/o: 5902.24/1671.50/851.75) lat (ms,95%): 106.75 err/s: 0.00 reconn/s: 0.00
[ 174s ] thds: 32 tps: 428.24 qps: 8515.78 (r/w/o: 5942.33/1697.95/875.49) lat (ms,95%): 108.68 err/s: 0.00 reconn/s: 0.00
[ 175s ] thds: 32 tps: 437.87 qps: 8750.38 (r/w/o: 6133.16/1728.48/888.73) lat (ms,95%): 99.33 err/s: 0.00 reconn/s: 0.00
[ 176s ] thds: 32 tps: 444.92 qps: 8969.34 (r/w/o: 6287.84/1758.67/922.83) lat (ms,95%): 92.42 err/s: 0.00 reconn/s: 0.00
[ 177s ] thds: 32 tps: 440.98 qps: 8842.65 (r/w/o: 6191.76/1743.93/906.96) lat (ms,95%): 92.42 err/s: 0.00 reconn/s: 0.00
[ 178s ] thds: 32 tps: 447.99 qps: 8938.79 (r/w/o: 6258.86/1758.96/920.98) lat (ms,95%): 92.42 err/s: 0.00 reconn/s: 0.00
[ 179s ] thds: 32 tps: 431.02 qps: 8621.33 (r/w/o: 6031.23/1700.06/890.03) lat (ms,95%): 97.55 err/s: 0.00 reconn/s: 0.00
[ 180s ] thds: 32 tps: 423.91 qps: 8456.28 (r/w/o: 5924.80/1661.66/869.82) lat (ms,95%): 99.33 err/s: 0.00 reconn/s: 0.00
[ 181s ] thds: 32 tps: 423.05 qps: 8527.99 (r/w/o: 5969.69/1681.20/877.10) lat (ms,95%): 97.55 err/s: 0.00 reconn/s: 0.00
[ 182s ] thds: 32 tps: 426.17 qps: 8499.41 (r/w/o: 5945.39/1680.67/873.35) lat (ms,95%): 101.13 err/s: 0.00 reconn/s: 0.00
[ 183s ] thds: 32 tps: 405.99 qps: 8099.84 (r/w/o: 5681.88/1578.97/838.98) lat (ms,95%): 106.75 err/s: 0.00 reconn/s: 0.00
[ 184s ] thds: 32 tps: 404.85 qps: 7983.95 (r/w/o: 5553.88/1589.39/840.68) lat (ms,95%): 104.84 err/s: 0.00 reconn/s: 0.00
[ 185s ] thds: 32 tps: 404.24 qps: 8152.86 (r/w/o: 5729.42/1587.95/835.50) lat (ms,95%): 104.84 err/s: 0.00 reconn/s: 0.00
[ 186s ] thds: 32 tps: 398.82 qps: 7995.49 (r/w/o: 5593.54/1582.30/819.64) lat (ms,95%): 108.68 err/s: 0.00 reconn/s: 0.00
[ 187s ] thds: 32 tps: 388.99 qps: 7758.77 (r/w/o: 5421.84/1527.95/808.98) lat (ms,95%): 110.66 err/s: 0.00 reconn/s: 0.00
[ 188s ] thds: 32 tps: 388.98 qps: 7832.63 (r/w/o: 5495.74/1536.93/799.96) lat (ms,95%): 108.68 err/s: 0.00 reconn/s: 0.00
[ 189s ] thds: 32 tps: 390.01 qps: 7801.24 (r/w/o: 5472.17/1527.05/802.03) lat (ms,95%): 108.68 err/s: 0.00 reconn/s: 0.00
[ 190s ] thds: 32 tps: 389.02 qps: 7746.41 (r/w/o: 5405.29/1539.08/802.04) lat (ms,95%): 110.66 err/s: 0.00 reconn/s: 0.00
[ 191s ] thds: 32 tps: 388.02 qps: 7773.42 (r/w/o: 5442.29/1527.08/804.04) lat (ms,95%): 110.66 err/s: 0.00 reconn/s: 0.00
[ 192s ] thds: 32 tps: 389.15 qps: 7759.94 (r/w/o: 5427.06/1533.58/799.30) lat (ms,95%): 110.66 err/s: 0.00 reconn/s: 0.00
[ 193s ] thds: 32 tps: 383.79 qps: 7690.71 (r/w/o: 5383.00/1509.16/798.55) lat (ms,95%): 112.67 err/s: 0.00 reconn/s: 0.00
[ 194s ] thds: 32 tps: 428.97 qps: 8626.36 (r/w/o: 6052.55/1693.87/879.94) lat (ms,95%): 97.55 err/s: 0.00 reconn/s: 0.00
[ 195s ] thds: 32 tps: 448.21 qps: 8922.23 (r/w/o: 6246.96/1751.83/923.44) lat (ms,95%): 90.78 err/s: 0.00 reconn/s: 0.00
[ 196s ] thds: 32 tps: 438.05 qps: 8836.03 (r/w/o: 6189.72/1740.20/906.11) lat (ms,95%): 90.78 err/s: 0.00 reconn/s: 0.00
[ 197s ] thds: 32 tps: 434.76 qps: 8668.16 (r/w/o: 6064.61/1704.05/899.50) lat (ms,95%): 95.81 err/s: 0.00 reconn/s: 0.00
[ 198s ] thds: 32 tps: 427.09 qps: 8563.89 (r/w/o: 6000.33/1678.37/885.20) lat (ms,95%): 101.13 err/s: 0.00 reconn/s: 0.00
[ 199s ] thds: 32 tps: 409.94 qps: 8104.78 (r/w/o: 5657.15/1598.76/848.87) lat (ms,95%): 101.13 err/s: 0.00 reconn/s: 0.00
[ 200s ] thds: 32 tps: 407.96 qps: 8154.18 (r/w/o: 5708.43/1606.84/838.92) lat (ms,95%): 101.13 err/s: 0.00 reconn/s: 0.00
[ 201s ] thds: 32 tps: 400.97 qps: 8163.35 (r/w/o: 5723.55/1612.87/826.93) lat (ms,95%): 101.13 err/s: 0.00 reconn/s: 0.00
[ 202s ] thds: 32 tps: 406.04 qps: 8071.86 (r/w/o: 5653.60/1584.17/834.09) lat (ms,95%): 104.84 err/s: 0.00 reconn/s: 0.00
[ 203s ] thds: 32 tps: 403.06 qps: 7990.21 (r/w/o: 5572.84/1589.24/828.13) lat (ms,95%): 106.75 err/s: 0.00 reconn/s: 0.00
[ 204s ] thds: 32 tps: 399.90 qps: 8065.05 (r/w/o: 5665.63/1575.62/823.80) lat (ms,95%): 104.84 err/s: 0.00 reconn/s: 0.00
[ 205s ] thds: 32 tps: 402.25 qps: 7973.00 (r/w/o: 5567.49/1568.98/836.52) lat (ms,95%): 110.66 err/s: 0.00 reconn/s: 0.00
[ 206s ] thds: 32 tps: 383.02 qps: 7767.48 (r/w/o: 5455.34/1520.09/792.05) lat (ms,95%): 110.66 err/s: 0.00 reconn/s: 0.00
[ 207s ] thds: 32 tps: 392.88 qps: 7802.57 (r/w/o: 5450.30/1539.52/812.75) lat (ms,95%): 108.68 err/s: 0.00 reconn/s: 0.00
[ 208s ] thds: 32 tps: 388.92 qps: 7772.44 (r/w/o: 5444.91/1525.69/801.84) lat (ms,95%): 110.66 err/s: 0.00 reconn/s: 0.00
[ 209s ] thds: 32 tps: 416.08 qps: 8388.54 (r/w/o: 5870.08/1641.30/877.16) lat (ms,95%): 92.42 err/s: 0.00 reconn/s: 0.00
[ 210s ] thds: 32 tps: 438.14 qps: 8752.90 (r/w/o: 6125.03/1732.57/895.30) lat (ms,95%): 90.78 err/s: 0.00 reconn/s: 0.00
[ 211s ] thds: 32 tps: 461.00 qps: 9165.01 (r/w/o: 6415.01/1789.00/961.00) lat (ms,95%): 89.16 err/s: 0.00 reconn/s: 0.00
[ 212s ] thds: 32 tps: 445.81 qps: 8947.13 (r/w/o: 6259.29/1773.23/914.60) lat (ms,95%): 90.78 err/s: 0.00 reconn/s: 0.00
[ 213s ] thds: 32 tps: 431.03 qps: 8619.60 (r/w/o: 6037.42/1706.12/876.06) lat (ms,95%): 99.33 err/s: 0.00 reconn/s: 0.00
[ 214s ] thds: 32 tps: 443.06 qps: 8801.14 (r/w/o: 6163.80/1721.22/916.12) lat (ms,95%): 99.33 err/s: 0.00 reconn/s: 0.00
[ 215s ] thds: 32 tps: 424.95 qps: 8513.08 (r/w/o: 5950.35/1690.82/871.91) lat (ms,95%): 99.33 err/s: 0.00 reconn/s: 0.00
[ 216s ] thds: 32 tps: 416.14 qps: 8300.82 (r/w/o: 5809.97/1620.55/870.30) lat (ms,95%): 99.33 err/s: 0.00 reconn/s: 0.00
[ 217s ] thds: 32 tps: 412.95 qps: 8304.97 (r/w/o: 5825.28/1624.80/854.89) lat (ms,95%): 99.33 err/s: 0.00 reconn/s: 0.00
[ 218s ] thds: 32 tps: 419.01 qps: 8348.19 (r/w/o: 5836.13/1646.04/866.02) lat (ms,95%): 99.33 err/s: 0.00 reconn/s: 0.00
[ 219s ] thds: 32 tps: 414.03 qps: 8384.61 (r/w/o: 5874.43/1648.12/862.06) lat (ms,95%): 101.13 err/s: 0.00 reconn/s: 0.00
[ 220s ] thds: 32 tps: 413.78 qps: 8161.60 (r/w/o: 5705.92/1608.13/847.54) lat (ms,95%): 104.84 err/s: 0.00 reconn/s: 0.00
[ 221s ] thds: 32 tps: 402.04 qps: 8036.76 (r/w/o: 5623.53/1585.15/828.08) lat (ms,95%): 110.66 err/s: 0.00 reconn/s: 0.00
[ 222s ] thds: 32 tps: 404.98 qps: 8170.52 (r/w/o: 5734.66/1604.91/830.95) lat (ms,95%): 106.75 err/s: 0.00 reconn/s: 0.00
[ 223s ] thds: 32 tps: 408.09 qps: 8142.77 (r/w/o: 5708.24/1588.35/846.18) lat (ms,95%): 108.68 err/s: 0.00 reconn/s: 0.00
[ 224s ] thds: 32 tps: 418.11 qps: 8381.26 (r/w/o: 5856.58/1654.45/870.23) lat (ms,95%): 101.13 err/s: 0.00 reconn/s: 0.00
[ 225s ] thds: 32 tps: 420.78 qps: 8358.73 (r/w/o: 5844.01/1642.16/872.55) lat (ms,95%): 101.13 err/s: 0.00 reconn/s: 0.00
[ 226s ] thds: 32 tps: 410.16 qps: 8279.14 (r/w/o: 5818.21/1608.61/852.32) lat (ms,95%): 102.97 err/s: 0.00 reconn/s: 0.00
[ 227s ] thds: 32 tps: 406.82 qps: 8095.40 (r/w/o: 5651.48/1614.28/829.63) lat (ms,95%): 99.33 err/s: 0.00 reconn/s: 0.00
[ 228s ] thds: 32 tps: 398.04 qps: 7940.79 (r/w/o: 5563.55/1550.15/827.08) lat (ms,95%): 106.75 err/s: 0.00 reconn/s: 0.00
[ 229s ] thds: 32 tps: 398.00 qps: 7974.98 (r/w/o: 5562.98/1593.00/819.00) lat (ms,95%): 108.68 err/s: 0.00 reconn/s: 0.00
[ 230s ] thds: 32 tps: 394.01 qps: 7870.23 (r/w/o: 5519.16/1537.04/814.02) lat (ms,95%): 106.75 err/s: 0.00 reconn/s: 0.00
[ 231s ] thds: 32 tps: 393.07 qps: 7928.50 (r/w/o: 5574.05/1544.29/810.15) lat (ms,95%): 106.75 err/s: 0.00 reconn/s: 0.00
[ 232s ] thds: 32 tps: 411.01 qps: 8175.24 (r/w/o: 5703.17/1623.05/849.03) lat (ms,95%): 95.81 err/s: 0.00 reconn/s: 0.00
[ 233s ] thds: 32 tps: 412.09 qps: 8189.70 (r/w/o: 5714.18/1623.34/852.18) lat (ms,95%): 97.55 err/s: 0.00 reconn/s: 0.00
[ 234s ] thds: 32 tps: 418.88 qps: 8473.64 (r/w/o: 5949.34/1655.54/868.76) lat (ms,95%): 95.81 err/s: 0.00 reconn/s: 0.00
[ 235s ] thds: 32 tps: 417.02 qps: 8263.49 (r/w/o: 5776.34/1628.10/859.05) lat (ms,95%): 104.84 err/s: 0.00 reconn/s: 0.00
[ 236s ] thds: 32 tps: 416.11 qps: 8337.13 (r/w/o: 5836.49/1631.42/869.22) lat (ms,95%): 104.84 err/s: 0.00 reconn/s: 0.00
[ 237s ] thds: 32 tps: 414.87 qps: 8222.32 (r/w/o: 5742.13/1616.47/863.72) lat (ms,95%): 110.66 err/s: 0.00 reconn/s: 0.00
[ 238s ] thds: 32 tps: 408.14 qps: 8168.89 (r/w/o: 5711.02/1610.57/847.30) lat (ms,95%): 106.75 err/s: 0.00 reconn/s: 0.00
[ 239s ] thds: 32 tps: 423.00 qps: 8505.07 (r/w/o: 5975.05/1657.01/873.01) lat (ms,95%): 99.33 err/s: 0.00 reconn/s: 0.00
[ 240s ] thds: 32 tps: 420.89 qps: 8408.76 (r/w/o: 5878.44/1656.56/873.77) lat (ms,95%): 101.13 err/s: 0.00 reconn/s: 0.00
Latency histogram (values are in milliseconds)
       value  ------------- distribution ------------- count
      50.107 |                                         1
      51.018 |                                         3
      51.945 |                                         9
      52.889 |                                         26
      53.850 |                                         54
      54.828 |*                                        108
      55.824 |**                                       296
      56.839 |*****                                    584
      57.871 |********                                 1036
      58.923 |**************                           1702
      59.993 |*********************                    2525
      61.083 |***************************              3321
      62.193 |*********************************        4041
      63.323 |**************************************   4605
      64.474 |**************************************** 4888
      65.645 |***************************************  4775
      66.838 |**********************************       4146
      68.053 |*******************************          3825
      69.289 |***************************              3255
      70.548 |***********************                  2789
      71.830 |********************                     2407
      73.135 |********************                     2446
      74.464 |********************                     2484
      75.817 |**********************                   2647
      77.194 |***********************                  2788
      78.597 |************************                 2875
      80.025 |************************                 2986
      81.479 |************************                 2988
      82.959 |***************************              3245
      84.467 |**************************               3134
      86.002 |************************                 2980
      87.564 |************************                 2875
      89.155 |***********************                  2751
      90.775 |**********************                   2675
      92.424 |*********************                    2588
      94.104 |********************                     2405
      95.814 |*******************                      2283
      97.555 |*****************                        2071
      99.327 |***************                          1866
     101.132 |*************                            1594
     102.969 |************                             1420
     104.840 |*********                                1112
     106.745 |*******                                  855
     108.685 |*****                                    632
     110.659 |***                                      413
     112.670 |**                                       267
     114.717 |*                                        177
     116.802 |*                                        106
     118.924 |*                                        70
     121.085 |                                         37
     123.285 |                                         28
     125.525 |                                         15
     127.805 |                                         9
     130.128 |                                         3
     132.492 |                                         2
     134.899 |                                         1
     137.350 |                                         2
 
SQL statistics:
    queries performed:
        read:                            1388883
        write:                           390318
        other:                           204992
        total:                           1984193
    transactions:                        99227  (413.27 per sec.)
    queries:                             1984193 (8263.90 per sec.)
    ignored errors:                      0      (0.00 per sec.)
    reconnects:                          0      (0.00 per sec.)

Throughput:
    events/s (eps):                      413.2670
    time elapsed:                        240.1041s
    total number of events:              99227

Latency (ms):
         min:                                   50.19
         avg:                                   77.42
         max:                                  137.26
         95th percentile:                      102.97
         sum:                              7682309.98

Threads fairness:
    events (avg/stddev):           3100.8125/455.38
    execution time (avg/stddev):   240.0722/0.04

