sysbench 1.1.0-3ceba0b (using bundled LuaJIT 2.1.0-beta3)

Running the test with following options:
Number of threads: 2048
Warmup time: 60s
Report intermediate results every 1 second(s)
Initializing random number generator from current time


Initializing worker threads...

Threads started!

Warming up for 60 seconds...

[ 1s ] thds: 2048 tps: 18450.00 qps: 18450.00 (r/w/o: 18450.00/0.00/0.00) lat (ms,95%): 292.60 err/s: 0.00 reconn/s: 0.00
[ 2s ] thds: 2048 tps: 19115.95 qps: 19115.95 (r/w/o: 19115.95/0.00/0.00) lat (ms,95%): 292.60 err/s: 0.00 reconn/s: 0.00
[ 3s ] thds: 2048 tps: 18635.85 qps: 18635.85 (r/w/o: 18635.85/0.00/0.00) lat (ms,95%): 292.60 err/s: 0.00 reconn/s: 0.00
[ 4s ] thds: 2048 tps: 19119.94 qps: 19117.94 (r/w/o: 19117.94/0.00/0.00) lat (ms,95%): 287.38 err/s: 0.00 reconn/s: 0.00
[ 5s ] thds: 2048 tps: 19075.52 qps: 19077.52 (r/w/o: 19077.52/0.00/0.00) lat (ms,95%): 287.38 err/s: 0.00 reconn/s: 0.00
[ 6s ] thds: 2048 tps: 19103.70 qps: 19103.70 (r/w/o: 19103.70/0.00/0.00) lat (ms,95%): 287.38 err/s: 0.00 reconn/s: 0.00
[ 7s ] thds: 2048 tps: 18681.35 qps: 18681.35 (r/w/o: 18681.35/0.00/0.00) lat (ms,95%): 287.38 err/s: 0.00 reconn/s: 0.00
[ 8s ] thds: 2048 tps: 18965.04 qps: 18965.04 (r/w/o: 18965.04/0.00/0.00) lat (ms,95%): 292.60 err/s: 0.00 reconn/s: 0.00
[ 9s ] thds: 2048 tps: 18906.30 qps: 18906.30 (r/w/o: 18906.30/0.00/0.00) lat (ms,95%): 292.60 err/s: 0.00 reconn/s: 0.00
[ 10s ] thds: 2048 tps: 18840.48 qps: 18840.48 (r/w/o: 18840.48/0.00/0.00) lat (ms,95%): 292.60 err/s: 0.00 reconn/s: 0.00
[ 11s ] thds: 2048 tps: 18862.08 qps: 18862.08 (r/w/o: 18862.08/0.00/0.00) lat (ms,95%): 292.60 err/s: 0.00 reconn/s: 0.00
[ 12s ] thds: 2048 tps: 18957.68 qps: 18957.68 (r/w/o: 18957.68/0.00/0.00) lat (ms,95%): 292.60 err/s: 0.00 reconn/s: 0.00
[ 13s ] thds: 2048 tps: 18932.39 qps: 18932.39 (r/w/o: 18932.39/0.00/0.00) lat (ms,95%): 287.38 err/s: 0.00 reconn/s: 0.00
[ 14s ] thds: 2048 tps: 18597.44 qps: 18597.44 (r/w/o: 18597.44/0.00/0.00) lat (ms,95%): 287.38 err/s: 0.00 reconn/s: 0.00
[ 15s ] thds: 2048 tps: 18951.88 qps: 18951.88 (r/w/o: 18951.88/0.00/0.00) lat (ms,95%): 292.60 err/s: 0.00 reconn/s: 0.00
[ 16s ] thds: 2048 tps: 18996.52 qps: 18996.52 (r/w/o: 18996.52/0.00/0.00) lat (ms,95%): 292.60 err/s: 0.00 reconn/s: 0.00
[ 17s ] thds: 2048 tps: 19231.49 qps: 19231.49 (r/w/o: 19231.49/0.00/0.00) lat (ms,95%): 292.60 err/s: 0.00 reconn/s: 0.00
[ 18s ] thds: 2048 tps: 18859.84 qps: 18857.84 (r/w/o: 18857.84/0.00/0.00) lat (ms,95%): 292.60 err/s: 0.00 reconn/s: 0.00
[ 19s ] thds: 2048 tps: 18957.17 qps: 18958.17 (r/w/o: 18958.17/0.00/0.00) lat (ms,95%): 292.60 err/s: 0.00 reconn/s: 0.00
[ 20s ] thds: 2048 tps: 19101.63 qps: 19102.63 (r/w/o: 19102.63/0.00/0.00) lat (ms,95%): 292.60 err/s: 0.00 reconn/s: 0.00
[ 21s ] thds: 2048 tps: 19025.17 qps: 19025.17 (r/w/o: 19025.17/0.00/0.00) lat (ms,95%): 292.60 err/s: 0.00 reconn/s: 0.00
[ 22s ] thds: 2048 tps: 18938.90 qps: 18936.90 (r/w/o: 18936.90/0.00/0.00) lat (ms,95%): 287.38 err/s: 0.00 reconn/s: 0.00
[ 23s ] thds: 2048 tps: 19011.00 qps: 19013.00 (r/w/o: 19013.00/0.00/0.00) lat (ms,95%): 287.38 err/s: 0.00 reconn/s: 0.00
[ 24s ] thds: 2048 tps: 18984.14 qps: 18984.14 (r/w/o: 18984.14/0.00/0.00) lat (ms,95%): 292.60 err/s: 0.00 reconn/s: 0.00
[ 25s ] thds: 2048 tps: 18907.72 qps: 18907.72 (r/w/o: 18907.72/0.00/0.00) lat (ms,95%): 292.60 err/s: 0.00 reconn/s: 0.00
[ 26s ] thds: 2048 tps: 19034.08 qps: 19034.08 (r/w/o: 19034.08/0.00/0.00) lat (ms,95%): 292.60 err/s: 0.00 reconn/s: 0.00
[ 27s ] thds: 2048 tps: 18670.29 qps: 18669.29 (r/w/o: 18669.29/0.00/0.00) lat (ms,95%): 292.60 err/s: 0.00 reconn/s: 0.00
[ 28s ] thds: 2048 tps: 19136.28 qps: 19137.28 (r/w/o: 19137.28/0.00/0.00) lat (ms,95%): 292.60 err/s: 0.00 reconn/s: 0.00
[ 29s ] thds: 2048 tps: 18972.03 qps: 18972.03 (r/w/o: 18972.03/0.00/0.00) lat (ms,95%): 292.60 err/s: 0.00 reconn/s: 0.00
[ 30s ] thds: 2048 tps: 18964.85 qps: 18964.85 (r/w/o: 18964.85/0.00/0.00) lat (ms,95%): 292.60 err/s: 0.00 reconn/s: 0.00
[ 31s ] thds: 2048 tps: 19004.28 qps: 19004.28 (r/w/o: 19004.28/0.00/0.00) lat (ms,95%): 287.38 err/s: 0.00 reconn/s: 0.00
[ 32s ] thds: 2048 tps: 19069.59 qps: 19069.59 (r/w/o: 19069.59/0.00/0.00) lat (ms,95%): 287.38 err/s: 0.00 reconn/s: 0.00
[ 33s ] thds: 2048 tps: 18946.05 qps: 18946.05 (r/w/o: 18946.05/0.00/0.00) lat (ms,95%): 287.38 err/s: 0.00 reconn/s: 0.00
[ 34s ] thds: 2048 tps: 19140.40 qps: 19140.40 (r/w/o: 19140.40/0.00/0.00) lat (ms,95%): 287.38 err/s: 0.00 reconn/s: 0.00
[ 35s ] thds: 2048 tps: 19015.50 qps: 19015.50 (r/w/o: 19015.50/0.00/0.00) lat (ms,95%): 292.60 err/s: 0.00 reconn/s: 0.00
[ 36s ] thds: 2048 tps: 18867.38 qps: 18867.38 (r/w/o: 18867.38/0.00/0.00) lat (ms,95%): 287.38 err/s: 0.00 reconn/s: 0.00
[ 37s ] thds: 2048 tps: 18907.83 qps: 18907.83 (r/w/o: 18907.83/0.00/0.00) lat (ms,95%): 292.60 err/s: 0.00 reconn/s: 0.00
[ 38s ] thds: 2048 tps: 18742.05 qps: 18742.05 (r/w/o: 18742.05/0.00/0.00) lat (ms,95%): 292.60 err/s: 0.00 reconn/s: 0.00
[ 39s ] thds: 2048 tps: 18893.41 qps: 18893.41 (r/w/o: 18893.41/0.00/0.00) lat (ms,95%): 292.60 err/s: 0.00 reconn/s: 0.00
[ 40s ] thds: 2048 tps: 18795.27 qps: 18793.27 (r/w/o: 18793.27/0.00/0.00) lat (ms,95%): 287.38 err/s: 0.00 reconn/s: 0.00
[ 41s ] thds: 2048 tps: 19234.61 qps: 19236.61 (r/w/o: 19236.61/0.00/0.00) lat (ms,95%): 287.38 err/s: 0.00 reconn/s: 0.00
[ 42s ] thds: 2048 tps: 18678.41 qps: 18678.41 (r/w/o: 18678.41/0.00/0.00) lat (ms,95%): 292.60 err/s: 0.00 reconn/s: 0.00
[ 43s ] thds: 2048 tps: 18708.68 qps: 18708.68 (r/w/o: 18708.68/0.00/0.00) lat (ms,95%): 287.38 err/s: 0.00 reconn/s: 0.00
[ 44s ] thds: 2048 tps: 18708.72 qps: 18708.72 (r/w/o: 18708.72/0.00/0.00) lat (ms,95%): 292.60 err/s: 0.00 reconn/s: 0.00
[ 45s ] thds: 2048 tps: 19033.08 qps: 19033.08 (r/w/o: 19033.08/0.00/0.00) lat (ms,95%): 287.38 err/s: 0.00 reconn/s: 0.00
[ 46s ] thds: 2048 tps: 19131.28 qps: 19131.28 (r/w/o: 19131.28/0.00/0.00) lat (ms,95%): 292.60 err/s: 0.00 reconn/s: 0.00
[ 47s ] thds: 2048 tps: 18795.34 qps: 18795.34 (r/w/o: 18795.34/0.00/0.00) lat (ms,95%): 292.60 err/s: 0.00 reconn/s: 0.00
[ 48s ] thds: 2048 tps: 18924.20 qps: 18924.20 (r/w/o: 18924.20/0.00/0.00) lat (ms,95%): 292.60 err/s: 0.00 reconn/s: 0.00
[ 49s ] thds: 2048 tps: 19168.29 qps: 19168.29 (r/w/o: 19168.29/0.00/0.00) lat (ms,95%): 287.38 err/s: 0.00 reconn/s: 0.00
[ 50s ] thds: 2048 tps: 18948.32 qps: 18948.32 (r/w/o: 18948.32/0.00/0.00) lat (ms,95%): 292.60 err/s: 0.00 reconn/s: 0.00
[ 51s ] thds: 2048 tps: 18847.31 qps: 18845.31 (r/w/o: 18845.31/0.00/0.00) lat (ms,95%): 292.60 err/s: 0.00 reconn/s: 0.00
[ 52s ] thds: 2048 tps: 18863.86 qps: 18865.86 (r/w/o: 18865.86/0.00/0.00) lat (ms,95%): 287.38 err/s: 0.00 reconn/s: 0.00
[ 53s ] thds: 2048 tps: 19218.01 qps: 19218.01 (r/w/o: 19218.01/0.00/0.00) lat (ms,95%): 292.60 err/s: 0.00 reconn/s: 0.00
[ 54s ] thds: 2048 tps: 18742.78 qps: 18742.78 (r/w/o: 18742.78/0.00/0.00) lat (ms,95%): 292.60 err/s: 0.00 reconn/s: 0.00
[ 55s ] thds: 2048 tps: 19034.14 qps: 19033.14 (r/w/o: 19033.14/0.00/0.00) lat (ms,95%): 292.60 err/s: 0.00 reconn/s: 0.00
[ 56s ] thds: 2048 tps: 18832.73 qps: 18833.73 (r/w/o: 18833.73/0.00/0.00) lat (ms,95%): 292.60 err/s: 0.00 reconn/s: 0.00
[ 57s ] thds: 2048 tps: 18741.93 qps: 18739.93 (r/w/o: 18739.93/0.00/0.00) lat (ms,95%): 287.38 err/s: 0.00 reconn/s: 0.00
[ 58s ] thds: 2048 tps: 18990.04 qps: 18991.04 (r/w/o: 18991.04/0.00/0.00) lat (ms,95%): 287.38 err/s: 0.00 reconn/s: 0.00
[ 59s ] thds: 2048 tps: 18933.69 qps: 18934.69 (r/w/o: 18934.69/0.00/0.00) lat (ms,95%): 292.60 err/s: 0.00 reconn/s: 0.00
[ 60s ] thds: 2048 tps: 19190.35 qps: 19190.35 (r/w/o: 19190.35/0.00/0.00) lat (ms,95%): 292.60 err/s: 0.00 reconn/s: 0.00
[ 61s ] thds: 2048 tps: 19272.21 qps: 19272.21 (r/w/o: 19272.21/0.00/0.00) lat (ms,95%): 287.38 err/s: 0.00 reconn/s: 0.00
[ 62s ] thds: 2048 tps: 19089.46 qps: 19089.46 (r/w/o: 19089.46/0.00/0.00) lat (ms,95%): 287.38 err/s: 0.00 reconn/s: 0.00
[ 63s ] thds: 2048 tps: 19055.76 qps: 19055.76 (r/w/o: 19055.76/0.00/0.00) lat (ms,95%): 292.60 err/s: 0.00 reconn/s: 0.00
[ 64s ] thds: 2048 tps: 18924.41 qps: 18924.41 (r/w/o: 18924.41/0.00/0.00) lat (ms,95%): 292.60 err/s: 0.00 reconn/s: 0.00
[ 65s ] thds: 2048 tps: 19208.21 qps: 19208.21 (r/w/o: 19208.21/0.00/0.00) lat (ms,95%): 292.60 err/s: 0.00 reconn/s: 0.00
[ 66s ] thds: 2048 tps: 18914.66 qps: 18914.66 (r/w/o: 18914.66/0.00/0.00) lat (ms,95%): 292.60 err/s: 0.00 reconn/s: 0.00
[ 67s ] thds: 2048 tps: 19130.31 qps: 19130.31 (r/w/o: 19130.31/0.00/0.00) lat (ms,95%): 287.38 err/s: 0.00 reconn/s: 0.00
[ 68s ] thds: 2048 tps: 19275.49 qps: 19275.49 (r/w/o: 19275.49/0.00/0.00) lat (ms,95%): 287.38 err/s: 0.00 reconn/s: 0.00
[ 69s ] thds: 2048 tps: 18635.06 qps: 18635.06 (r/w/o: 18635.06/0.00/0.00) lat (ms,95%): 292.60 err/s: 0.00 reconn/s: 0.00
[ 70s ] thds: 2048 tps: 18959.29 qps: 18959.29 (r/w/o: 18959.29/0.00/0.00) lat (ms,95%): 292.60 err/s: 0.00 reconn/s: 0.00
[ 71s ] thds: 2048 tps: 19051.35 qps: 19051.35 (r/w/o: 19051.35/0.00/0.00) lat (ms,95%): 287.38 err/s: 0.00 reconn/s: 0.00
[ 72s ] thds: 2048 tps: 19065.33 qps: 19065.33 (r/w/o: 19065.33/0.00/0.00) lat (ms,95%): 292.60 err/s: 0.00 reconn/s: 0.00
[ 73s ] thds: 2048 tps: 18840.82 qps: 18840.82 (r/w/o: 18840.82/0.00/0.00) lat (ms,95%): 292.60 err/s: 0.00 reconn/s: 0.00
[ 74s ] thds: 2048 tps: 18819.95 qps: 18819.95 (r/w/o: 18819.95/0.00/0.00) lat (ms,95%): 292.60 err/s: 0.00 reconn/s: 0.00
[ 75s ] thds: 2048 tps: 18823.56 qps: 18823.56 (r/w/o: 18823.56/0.00/0.00) lat (ms,95%): 292.60 err/s: 0.00 reconn/s: 0.00
[ 76s ] thds: 2048 tps: 18821.49 qps: 18821.49 (r/w/o: 18821.49/0.00/0.00) lat (ms,95%): 287.38 err/s: 0.00 reconn/s: 0.00
[ 77s ] thds: 2048 tps: 19187.27 qps: 19187.27 (r/w/o: 19187.27/0.00/0.00) lat (ms,95%): 287.38 err/s: 0.00 reconn/s: 0.00
[ 78s ] thds: 2048 tps: 18775.18 qps: 18774.18 (r/w/o: 18774.18/0.00/0.00) lat (ms,95%): 292.60 err/s: 0.00 reconn/s: 0.00
[ 79s ] thds: 2048 tps: 19052.17 qps: 19053.17 (r/w/o: 19053.17/0.00/0.00) lat (ms,95%): 292.60 err/s: 0.00 reconn/s: 0.00
[ 80s ] thds: 2048 tps: 18769.99 qps: 18768.99 (r/w/o: 18768.99/0.00/0.00) lat (ms,95%): 292.60 err/s: 0.00 reconn/s: 0.00
[ 81s ] thds: 2048 tps: 19231.11 qps: 19232.11 (r/w/o: 19232.11/0.00/0.00) lat (ms,95%): 292.60 err/s: 0.00 reconn/s: 0.00
[ 82s ] thds: 2048 tps: 19002.51 qps: 19002.51 (r/w/o: 19002.51/0.00/0.00) lat (ms,95%): 292.60 err/s: 0.00 reconn/s: 0.00
[ 83s ] thds: 2048 tps: 19165.97 qps: 19165.97 (r/w/o: 19165.97/0.00/0.00) lat (ms,95%): 292.60 err/s: 0.00 reconn/s: 0.00
[ 84s ] thds: 2048 tps: 18944.63 qps: 18942.63 (r/w/o: 18942.63/0.00/0.00) lat (ms,95%): 292.60 err/s: 0.00 reconn/s: 0.00
[ 85s ] thds: 2048 tps: 18985.47 qps: 18987.47 (r/w/o: 18987.47/0.00/0.00) lat (ms,95%): 287.38 err/s: 0.00 reconn/s: 0.00
[ 86s ] thds: 2048 tps: 18899.14 qps: 18899.14 (r/w/o: 18899.14/0.00/0.00) lat (ms,95%): 292.60 err/s: 0.00 reconn/s: 0.00
[ 87s ] thds: 2048 tps: 18973.08 qps: 18973.08 (r/w/o: 18973.08/0.00/0.00) lat (ms,95%): 287.38 err/s: 0.00 reconn/s: 0.00
[ 88s ] thds: 2048 tps: 18738.59 qps: 18738.59 (r/w/o: 18738.59/0.00/0.00) lat (ms,95%): 292.60 err/s: 0.00 reconn/s: 0.00
[ 89s ] thds: 2048 tps: 19045.58 qps: 19045.58 (r/w/o: 19045.58/0.00/0.00) lat (ms,95%): 292.60 err/s: 0.00 reconn/s: 0.00
[ 90s ] thds: 2048 tps: 18833.09 qps: 18833.09 (r/w/o: 18833.09/0.00/0.00) lat (ms,95%): 292.60 err/s: 0.00 reconn/s: 0.00
[ 91s ] thds: 2048 tps: 18803.81 qps: 18803.81 (r/w/o: 18803.81/0.00/0.00) lat (ms,95%): 287.38 err/s: 0.00 reconn/s: 0.00
[ 92s ] thds: 2048 tps: 18943.14 qps: 18943.14 (r/w/o: 18943.14/0.00/0.00) lat (ms,95%): 292.60 err/s: 0.00 reconn/s: 0.00
[ 93s ] thds: 2048 tps: 19224.54 qps: 19224.54 (r/w/o: 19224.54/0.00/0.00) lat (ms,95%): 287.38 err/s: 0.00 reconn/s: 0.00
[ 94s ] thds: 2048 tps: 19090.08 qps: 19090.08 (r/w/o: 19090.08/0.00/0.00) lat (ms,95%): 287.38 err/s: 0.00 reconn/s: 0.00
[ 95s ] thds: 2048 tps: 18788.85 qps: 18787.85 (r/w/o: 18787.85/0.00/0.00) lat (ms,95%): 287.38 err/s: 0.00 reconn/s: 0.00
[ 96s ] thds: 2048 tps: 18743.39 qps: 18744.40 (r/w/o: 18744.40/0.00/0.00) lat (ms,95%): 287.38 err/s: 0.00 reconn/s: 0.00
[ 97s ] thds: 2048 tps: 18944.89 qps: 18944.89 (r/w/o: 18944.89/0.00/0.00) lat (ms,95%): 292.60 err/s: 0.00 reconn/s: 0.00
[ 98s ] thds: 2048 tps: 18898.23 qps: 18898.23 (r/w/o: 18898.23/0.00/0.00) lat (ms,95%): 292.60 err/s: 0.00 reconn/s: 0.00
[ 99s ] thds: 2048 tps: 18873.01 qps: 18873.01 (r/w/o: 18873.01/0.00/0.00) lat (ms,95%): 292.60 err/s: 0.00 reconn/s: 0.00
[ 100s ] thds: 2048 tps: 18794.58 qps: 18794.58 (r/w/o: 18794.58/0.00/0.00) lat (ms,95%): 292.60 err/s: 0.00 reconn/s: 0.00
[ 101s ] thds: 2048 tps: 19196.44 qps: 19196.44 (r/w/o: 19196.44/0.00/0.00) lat (ms,95%): 287.38 err/s: 0.00 reconn/s: 0.00
[ 102s ] thds: 2048 tps: 19131.16 qps: 19131.16 (r/w/o: 19131.16/0.00/0.00) lat (ms,95%): 292.60 err/s: 0.00 reconn/s: 0.00
[ 103s ] thds: 2048 tps: 19038.36 qps: 19037.35 (r/w/o: 19037.35/0.00/0.00) lat (ms,95%): 287.38 err/s: 0.00 reconn/s: 0.00
[ 104s ] thds: 2048 tps: 19132.25 qps: 19133.25 (r/w/o: 19133.25/0.00/0.00) lat (ms,95%): 287.38 err/s: 0.00 reconn/s: 0.00
[ 105s ] thds: 2048 tps: 18860.63 qps: 18860.63 (r/w/o: 18860.63/0.00/0.00) lat (ms,95%): 287.38 err/s: 0.00 reconn/s: 0.00
[ 106s ] thds: 2048 tps: 18930.51 qps: 18930.51 (r/w/o: 18930.51/0.00/0.00) lat (ms,95%): 292.60 err/s: 0.00 reconn/s: 0.00
[ 107s ] thds: 2048 tps: 18982.06 qps: 18982.06 (r/w/o: 18982.06/0.00/0.00) lat (ms,95%): 292.60 err/s: 0.00 reconn/s: 0.00
[ 108s ] thds: 2048 tps: 18961.89 qps: 18961.89 (r/w/o: 18961.89/0.00/0.00) lat (ms,95%): 287.38 err/s: 0.00 reconn/s: 0.00
[ 109s ] thds: 2048 tps: 18807.03 qps: 18807.03 (r/w/o: 18807.03/0.00/0.00) lat (ms,95%): 292.60 err/s: 0.00 reconn/s: 0.00
[ 110s ] thds: 2048 tps: 18889.25 qps: 18889.25 (r/w/o: 18889.25/0.00/0.00) lat (ms,95%): 292.60 err/s: 0.00 reconn/s: 0.00
[ 111s ] thds: 2048 tps: 19001.56 qps: 19001.56 (r/w/o: 19001.56/0.00/0.00) lat (ms,95%): 292.60 err/s: 0.00 reconn/s: 0.00
[ 112s ] thds: 2048 tps: 18960.95 qps: 18960.95 (r/w/o: 18960.95/0.00/0.00) lat (ms,95%): 287.38 err/s: 0.00 reconn/s: 0.00
[ 113s ] thds: 2048 tps: 19395.69 qps: 19395.69 (r/w/o: 19395.69/0.00/0.00) lat (ms,95%): 287.38 err/s: 0.00 reconn/s: 0.00
[ 114s ] thds: 2048 tps: 18919.95 qps: 18919.95 (r/w/o: 18919.95/0.00/0.00) lat (ms,95%): 292.60 err/s: 0.00 reconn/s: 0.00
[ 115s ] thds: 2048 tps: 18639.45 qps: 18638.45 (r/w/o: 18638.45/0.00/0.00) lat (ms,95%): 292.60 err/s: 0.00 reconn/s: 0.00
[ 116s ] thds: 2048 tps: 19334.89 qps: 19335.89 (r/w/o: 19335.89/0.00/0.00) lat (ms,95%): 292.60 err/s: 0.00 reconn/s: 0.00
[ 117s ] thds: 2048 tps: 18773.61 qps: 18773.61 (r/w/o: 18773.61/0.00/0.00) lat (ms,95%): 292.60 err/s: 0.00 reconn/s: 0.00
[ 118s ] thds: 2048 tps: 18688.23 qps: 18688.23 (r/w/o: 18688.23/0.00/0.00) lat (ms,95%): 292.60 err/s: 0.00 reconn/s: 0.00
[ 119s ] thds: 2048 tps: 19136.41 qps: 19136.41 (r/w/o: 19136.41/0.00/0.00) lat (ms,95%): 287.38 err/s: 0.00 reconn/s: 0.00
[ 120s ] thds: 2048 tps: 19065.74 qps: 19063.74 (r/w/o: 19063.74/0.00/0.00) lat (ms,95%): 292.60 err/s: 0.00 reconn/s: 0.00
[ 121s ] thds: 2048 tps: 18878.42 qps: 18880.42 (r/w/o: 18880.42/0.00/0.00) lat (ms,95%): 287.38 err/s: 0.00 reconn/s: 0.00
[ 122s ] thds: 2048 tps: 18971.48 qps: 18971.48 (r/w/o: 18971.48/0.00/0.00) lat (ms,95%): 292.60 err/s: 0.00 reconn/s: 0.00
[ 123s ] thds: 2048 tps: 18994.01 qps: 18994.01 (r/w/o: 18994.01/0.00/0.00) lat (ms,95%): 292.60 err/s: 0.00 reconn/s: 0.00
[ 124s ] thds: 2048 tps: 18908.04 qps: 18908.04 (r/w/o: 18908.04/0.00/0.00) lat (ms,95%): 292.60 err/s: 0.00 reconn/s: 0.00
[ 125s ] thds: 2048 tps: 18833.67 qps: 18833.67 (r/w/o: 18833.67/0.00/0.00) lat (ms,95%): 292.60 err/s: 0.00 reconn/s: 0.00
[ 126s ] thds: 2048 tps: 19267.97 qps: 19267.97 (r/w/o: 19267.97/0.00/0.00) lat (ms,95%): 292.60 err/s: 0.00 reconn/s: 0.00
[ 127s ] thds: 2048 tps: 18594.62 qps: 18594.62 (r/w/o: 18594.62/0.00/0.00) lat (ms,95%): 292.60 err/s: 0.00 reconn/s: 0.00
[ 128s ] thds: 2048 tps: 19112.26 qps: 19112.26 (r/w/o: 19112.26/0.00/0.00) lat (ms,95%): 292.60 err/s: 0.00 reconn/s: 0.00
[ 129s ] thds: 2048 tps: 18830.64 qps: 18830.64 (r/w/o: 18830.64/0.00/0.00) lat (ms,95%): 292.60 err/s: 0.00 reconn/s: 0.00
[ 130s ] thds: 2048 tps: 18992.99 qps: 18992.99 (r/w/o: 18992.99/0.00/0.00) lat (ms,95%): 287.38 err/s: 0.00 reconn/s: 0.00
[ 131s ] thds: 2048 tps: 19096.03 qps: 19095.03 (r/w/o: 19095.03/0.00/0.00) lat (ms,95%): 287.38 err/s: 0.00 reconn/s: 0.00
[ 132s ] thds: 2048 tps: 18822.82 qps: 18823.82 (r/w/o: 18823.82/0.00/0.00) lat (ms,95%): 292.60 err/s: 0.00 reconn/s: 0.00
[ 133s ] thds: 2048 tps: 18925.70 qps: 18924.70 (r/w/o: 18924.70/0.00/0.00) lat (ms,95%): 292.60 err/s: 0.00 reconn/s: 0.00
[ 134s ] thds: 2048 tps: 19002.28 qps: 19003.28 (r/w/o: 19003.28/0.00/0.00) lat (ms,95%): 292.60 err/s: 0.00 reconn/s: 0.00
[ 135s ] thds: 2048 tps: 18859.61 qps: 18859.61 (r/w/o: 18859.61/0.00/0.00) lat (ms,95%): 292.60 err/s: 0.00 reconn/s: 0.00
[ 136s ] thds: 2048 tps: 19387.85 qps: 19387.85 (r/w/o: 19387.85/0.00/0.00) lat (ms,95%): 287.38 err/s: 0.00 reconn/s: 0.00
[ 137s ] thds: 2048 tps: 18767.10 qps: 18765.10 (r/w/o: 18765.10/0.00/0.00) lat (ms,95%): 292.60 err/s: 0.00 reconn/s: 0.00
[ 138s ] thds: 2048 tps: 18467.84 qps: 18469.84 (r/w/o: 18469.84/0.00/0.00) lat (ms,95%): 292.60 err/s: 0.00 reconn/s: 0.00
[ 139s ] thds: 2048 tps: 18834.28 qps: 18833.28 (r/w/o: 18833.28/0.00/0.00) lat (ms,95%): 292.60 err/s: 0.00 reconn/s: 0.00
[ 140s ] thds: 2048 tps: 18917.88 qps: 18917.88 (r/w/o: 18917.88/0.00/0.00) lat (ms,95%): 287.38 err/s: 0.00 reconn/s: 0.00
[ 141s ] thds: 2048 tps: 18857.27 qps: 18858.27 (r/w/o: 18858.27/0.00/0.00) lat (ms,95%): 292.60 err/s: 0.00 reconn/s: 0.00
[ 142s ] thds: 2048 tps: 18695.84 qps: 18695.84 (r/w/o: 18695.84/0.00/0.00) lat (ms,95%): 292.60 err/s: 0.00 reconn/s: 0.00
[ 143s ] thds: 2048 tps: 18930.24 qps: 18930.24 (r/w/o: 18930.24/0.00/0.00) lat (ms,95%): 292.60 err/s: 0.00 reconn/s: 0.00
[ 144s ] thds: 2048 tps: 18855.70 qps: 18855.70 (r/w/o: 18855.70/0.00/0.00) lat (ms,95%): 292.60 err/s: 0.00 reconn/s: 0.00
[ 145s ] thds: 2048 tps: 19125.18 qps: 19125.18 (r/w/o: 19125.18/0.00/0.00) lat (ms,95%): 287.38 err/s: 0.00 reconn/s: 0.00
[ 146s ] thds: 2048 tps: 18994.54 qps: 18994.54 (r/w/o: 18994.54/0.00/0.00) lat (ms,95%): 287.38 err/s: 0.00 reconn/s: 0.00
[ 147s ] thds: 2048 tps: 18977.76 qps: 18977.76 (r/w/o: 18977.76/0.00/0.00) lat (ms,95%): 292.60 err/s: 0.00 reconn/s: 0.00
[ 148s ] thds: 2048 tps: 18843.57 qps: 18842.57 (r/w/o: 18842.57/0.00/0.00) lat (ms,95%): 287.38 err/s: 0.00 reconn/s: 0.00
[ 149s ] thds: 2048 tps: 19167.68 qps: 19167.68 (r/w/o: 19167.68/0.00/0.00) lat (ms,95%): 287.38 err/s: 0.00 reconn/s: 0.00
[ 150s ] thds: 2048 tps: 18846.92 qps: 18846.92 (r/w/o: 18846.92/0.00/0.00) lat (ms,95%): 292.60 err/s: 0.00 reconn/s: 0.00
[ 151s ] thds: 2048 tps: 18972.00 qps: 18973.00 (r/w/o: 18973.00/0.00/0.00) lat (ms,95%): 292.60 err/s: 0.00 reconn/s: 0.00
[ 152s ] thds: 2048 tps: 18761.47 qps: 18761.47 (r/w/o: 18761.47/0.00/0.00) lat (ms,95%): 292.60 err/s: 0.00 reconn/s: 0.00
[ 153s ] thds: 2048 tps: 18939.97 qps: 18939.97 (r/w/o: 18939.97/0.00/0.00) lat (ms,95%): 292.60 err/s: 0.00 reconn/s: 0.00
[ 154s ] thds: 2048 tps: 19099.16 qps: 19099.16 (r/w/o: 19099.16/0.00/0.00) lat (ms,95%): 292.60 err/s: 0.00 reconn/s: 0.00
[ 155s ] thds: 2048 tps: 18849.96 qps: 18849.96 (r/w/o: 18849.96/0.00/0.00) lat (ms,95%): 292.60 err/s: 0.00 reconn/s: 0.00
[ 156s ] thds: 2048 tps: 18936.86 qps: 18936.86 (r/w/o: 18936.86/0.00/0.00) lat (ms,95%): 292.60 err/s: 0.00 reconn/s: 0.00
[ 157s ] thds: 2048 tps: 19232.11 qps: 19232.11 (r/w/o: 19232.11/0.00/0.00) lat (ms,95%): 287.38 err/s: 0.00 reconn/s: 0.00
[ 158s ] thds: 2048 tps: 19069.55 qps: 19069.55 (r/w/o: 19069.55/0.00/0.00) lat (ms,95%): 287.38 err/s: 0.00 reconn/s: 0.00
[ 159s ] thds: 2048 tps: 19018.62 qps: 19018.62 (r/w/o: 19018.62/0.00/0.00) lat (ms,95%): 292.60 err/s: 0.00 reconn/s: 0.00
[ 160s ] thds: 2048 tps: 18653.88 qps: 18653.88 (r/w/o: 18653.88/0.00/0.00) lat (ms,95%): 292.60 err/s: 0.00 reconn/s: 0.00
[ 161s ] thds: 2048 tps: 19230.01 qps: 19229.01 (r/w/o: 19229.01/0.00/0.00) lat (ms,95%): 292.60 err/s: 0.00 reconn/s: 0.00
[ 162s ] thds: 2048 tps: 18850.95 qps: 18851.95 (r/w/o: 18851.95/0.00/0.00) lat (ms,95%): 292.60 err/s: 0.00 reconn/s: 0.00
[ 163s ] thds: 2048 tps: 18919.50 qps: 18918.50 (r/w/o: 18918.50/0.00/0.00) lat (ms,95%): 287.38 err/s: 0.00 reconn/s: 0.00
[ 164s ] thds: 2048 tps: 18832.01 qps: 18833.01 (r/w/o: 18833.01/0.00/0.00) lat (ms,95%): 292.60 err/s: 0.00 reconn/s: 0.00
[ 165s ] thds: 2048 tps: 18798.97 qps: 18798.97 (r/w/o: 18798.97/0.00/0.00) lat (ms,95%): 292.60 err/s: 0.00 reconn/s: 0.00
[ 166s ] thds: 2048 tps: 19119.26 qps: 19119.26 (r/w/o: 19119.26/0.00/0.00) lat (ms,95%): 292.60 err/s: 0.00 reconn/s: 0.00
[ 167s ] thds: 2048 tps: 18896.42 qps: 18896.42 (r/w/o: 18896.42/0.00/0.00) lat (ms,95%): 287.38 err/s: 0.00 reconn/s: 0.00
[ 168s ] thds: 2048 tps: 19151.27 qps: 19151.27 (r/w/o: 19151.27/0.00/0.00) lat (ms,95%): 287.38 err/s: 0.00 reconn/s: 0.00
[ 169s ] thds: 2048 tps: 18679.71 qps: 18679.71 (r/w/o: 18679.71/0.00/0.00) lat (ms,95%): 292.60 err/s: 0.00 reconn/s: 0.00
[ 170s ] thds: 2048 tps: 19149.01 qps: 19149.01 (r/w/o: 19149.01/0.00/0.00) lat (ms,95%): 287.38 err/s: 0.00 reconn/s: 0.00
[ 171s ] thds: 2048 tps: 19053.03 qps: 19052.03 (r/w/o: 19052.03/0.00/0.00) lat (ms,95%): 287.38 err/s: 0.00 reconn/s: 0.00
[ 172s ] thds: 2048 tps: 19021.22 qps: 19022.22 (r/w/o: 19022.22/0.00/0.00) lat (ms,95%): 292.60 err/s: 0.00 reconn/s: 0.00
[ 173s ] thds: 2048 tps: 19141.60 qps: 19140.60 (r/w/o: 19140.60/0.00/0.00) lat (ms,95%): 287.38 err/s: 0.00 reconn/s: 0.00
[ 174s ] thds: 2048 tps: 19001.35 qps: 19002.35 (r/w/o: 19002.35/0.00/0.00) lat (ms,95%): 292.60 err/s: 0.00 reconn/s: 0.00
[ 175s ] thds: 2048 tps: 18945.10 qps: 18944.10 (r/w/o: 18944.10/0.00/0.00) lat (ms,95%): 287.38 err/s: 0.00 reconn/s: 0.00
[ 176s ] thds: 2048 tps: 19261.61 qps: 19261.61 (r/w/o: 19261.61/0.00/0.00) lat (ms,95%): 287.38 err/s: 0.00 reconn/s: 0.00
[ 177s ] thds: 2048 tps: 18776.48 qps: 18777.48 (r/w/o: 18777.48/0.00/0.00) lat (ms,95%): 292.60 err/s: 0.00 reconn/s: 0.00
[ 178s ] thds: 2048 tps: 19233.89 qps: 19233.89 (r/w/o: 19233.89/0.00/0.00) lat (ms,95%): 287.38 err/s: 0.00 reconn/s: 0.00
[ 179s ] thds: 2048 tps: 18843.11 qps: 18843.11 (r/w/o: 18843.11/0.00/0.00) lat (ms,95%): 292.60 err/s: 0.00 reconn/s: 0.00
[ 180s ] thds: 2048 tps: 19030.18 qps: 19028.18 (r/w/o: 19028.18/0.00/0.00) lat (ms,95%): 292.60 err/s: 0.00 reconn/s: 0.00
[ 181s ] thds: 2048 tps: 19047.96 qps: 19049.96 (r/w/o: 19049.96/0.00/0.00) lat (ms,95%): 292.60 err/s: 0.00 reconn/s: 0.00
[ 182s ] thds: 2048 tps: 18903.62 qps: 18901.62 (r/w/o: 18901.62/0.00/0.00) lat (ms,95%): 287.38 err/s: 0.00 reconn/s: 0.00
[ 183s ] thds: 2048 tps: 18833.41 qps: 18835.41 (r/w/o: 18835.41/0.00/0.00) lat (ms,95%): 292.60 err/s: 0.00 reconn/s: 0.00
[ 184s ] thds: 2048 tps: 19123.45 qps: 19122.45 (r/w/o: 19122.45/0.00/0.00) lat (ms,95%): 287.38 err/s: 0.00 reconn/s: 0.00
[ 185s ] thds: 2048 tps: 19050.07 qps: 19051.07 (r/w/o: 19051.07/0.00/0.00) lat (ms,95%): 287.38 err/s: 0.00 reconn/s: 0.00
[ 186s ] thds: 2048 tps: 18873.58 qps: 18873.58 (r/w/o: 18873.58/0.00/0.00) lat (ms,95%): 292.60 err/s: 0.00 reconn/s: 0.00
[ 187s ] thds: 2048 tps: 18983.53 qps: 18983.53 (r/w/o: 18983.53/0.00/0.00) lat (ms,95%): 287.38 err/s: 0.00 reconn/s: 0.00
[ 188s ] thds: 2048 tps: 19339.69 qps: 19339.69 (r/w/o: 19339.69/0.00/0.00) lat (ms,95%): 292.60 err/s: 0.00 reconn/s: 0.00
[ 189s ] thds: 2048 tps: 19105.25 qps: 19105.25 (r/w/o: 19105.25/0.00/0.00) lat (ms,95%): 287.38 err/s: 0.00 reconn/s: 0.00
[ 190s ] thds: 2048 tps: 19320.65 qps: 19320.65 (r/w/o: 19320.65/0.00/0.00) lat (ms,95%): 287.38 err/s: 0.00 reconn/s: 0.00
[ 191s ] thds: 2048 tps: 19216.63 qps: 19216.63 (r/w/o: 19216.63/0.00/0.00) lat (ms,95%): 292.60 err/s: 0.00 reconn/s: 0.00
[ 192s ] thds: 2048 tps: 19023.27 qps: 19023.27 (r/w/o: 19023.27/0.00/0.00) lat (ms,95%): 287.38 err/s: 0.00 reconn/s: 0.00
[ 193s ] thds: 2048 tps: 18995.77 qps: 18995.77 (r/w/o: 18995.77/0.00/0.00) lat (ms,95%): 287.38 err/s: 0.00 reconn/s: 0.00
[ 194s ] thds: 2048 tps: 18903.07 qps: 18903.07 (r/w/o: 18903.07/0.00/0.00) lat (ms,95%): 287.38 err/s: 0.00 reconn/s: 0.00
[ 195s ] thds: 2048 tps: 18802.26 qps: 18802.26 (r/w/o: 18802.26/0.00/0.00) lat (ms,95%): 292.60 err/s: 0.00 reconn/s: 0.00
[ 196s ] thds: 2048 tps: 19045.82 qps: 19044.82 (r/w/o: 19044.82/0.00/0.00) lat (ms,95%): 287.38 err/s: 0.00 reconn/s: 0.00
[ 197s ] thds: 2048 tps: 19029.74 qps: 19030.74 (r/w/o: 19030.74/0.00/0.00) lat (ms,95%): 292.60 err/s: 0.00 reconn/s: 0.00
[ 198s ] thds: 2048 tps: 19115.30 qps: 19115.30 (r/w/o: 19115.30/0.00/0.00) lat (ms,95%): 292.60 err/s: 0.00 reconn/s: 0.00
[ 199s ] thds: 2048 tps: 19242.27 qps: 19242.27 (r/w/o: 19242.27/0.00/0.00) lat (ms,95%): 287.38 err/s: 0.00 reconn/s: 0.00
[ 200s ] thds: 2048 tps: 18644.89 qps: 18643.89 (r/w/o: 18643.89/0.00/0.00) lat (ms,95%): 292.60 err/s: 0.00 reconn/s: 0.00
[ 201s ] thds: 2048 tps: 18854.16 qps: 18854.16 (r/w/o: 18854.16/0.00/0.00) lat (ms,95%): 292.60 err/s: 0.00 reconn/s: 0.00
[ 202s ] thds: 2048 tps: 19119.83 qps: 19120.83 (r/w/o: 19120.83/0.00/0.00) lat (ms,95%): 287.38 err/s: 0.00 reconn/s: 0.00
[ 203s ] thds: 2048 tps: 18706.63 qps: 18706.63 (r/w/o: 18706.63/0.00/0.00) lat (ms,95%): 287.38 err/s: 0.00 reconn/s: 0.00
[ 204s ] thds: 2048 tps: 19187.02 qps: 19187.02 (r/w/o: 19187.02/0.00/0.00) lat (ms,95%): 292.60 err/s: 0.00 reconn/s: 0.00
[ 205s ] thds: 2048 tps: 18958.22 qps: 18958.22 (r/w/o: 18958.22/0.00/0.00) lat (ms,95%): 292.60 err/s: 0.00 reconn/s: 0.00
[ 206s ] thds: 2048 tps: 18746.03 qps: 18746.03 (r/w/o: 18746.03/0.00/0.00) lat (ms,95%): 292.60 err/s: 0.00 reconn/s: 0.00
[ 207s ] thds: 2048 tps: 19208.94 qps: 19208.94 (r/w/o: 19208.94/0.00/0.00) lat (ms,95%): 287.38 err/s: 0.00 reconn/s: 0.00
[ 208s ] thds: 2048 tps: 19432.11 qps: 19432.11 (r/w/o: 19432.11/0.00/0.00) lat (ms,95%): 292.60 err/s: 0.00 reconn/s: 0.00
[ 209s ] thds: 2048 tps: 19073.71 qps: 19072.71 (r/w/o: 19072.71/0.00/0.00) lat (ms,95%): 292.60 err/s: 0.00 reconn/s: 0.00
[ 210s ] thds: 2048 tps: 18789.96 qps: 18789.96 (r/w/o: 18789.96/0.00/0.00) lat (ms,95%): 292.60 err/s: 0.00 reconn/s: 0.00
[ 211s ] thds: 2048 tps: 19175.19 qps: 19176.19 (r/w/o: 19176.19/0.00/0.00) lat (ms,95%): 287.38 err/s: 0.00 reconn/s: 0.00
[ 212s ] thds: 2048 tps: 18693.45 qps: 18693.45 (r/w/o: 18693.45/0.00/0.00) lat (ms,95%): 287.38 err/s: 0.00 reconn/s: 0.00
[ 213s ] thds: 2048 tps: 18866.30 qps: 18865.30 (r/w/o: 18865.30/0.00/0.00) lat (ms,95%): 287.38 err/s: 0.00 reconn/s: 0.00
[ 214s ] thds: 2048 tps: 18779.09 qps: 18780.09 (r/w/o: 18780.09/0.00/0.00) lat (ms,95%): 292.60 err/s: 0.00 reconn/s: 0.00
[ 215s ] thds: 2048 tps: 18671.36 qps: 18671.36 (r/w/o: 18671.36/0.00/0.00) lat (ms,95%): 292.60 err/s: 0.00 reconn/s: 0.00
[ 216s ] thds: 2048 tps: 19025.34 qps: 19024.34 (r/w/o: 19024.34/0.00/0.00) lat (ms,95%): 292.60 err/s: 0.00 reconn/s: 0.00
[ 217s ] thds: 2048 tps: 18782.70 qps: 18783.70 (r/w/o: 18783.70/0.00/0.00) lat (ms,95%): 292.60 err/s: 0.00 reconn/s: 0.00
[ 218s ] thds: 2048 tps: 18556.02 qps: 18556.02 (r/w/o: 18556.02/0.00/0.00) lat (ms,95%): 287.38 err/s: 0.00 reconn/s: 0.00
[ 219s ] thds: 2048 tps: 18722.93 qps: 18722.93 (r/w/o: 18722.93/0.00/0.00) lat (ms,95%): 292.60 err/s: 0.00 reconn/s: 0.00
[ 220s ] thds: 2048 tps: 18741.45 qps: 18741.45 (r/w/o: 18741.45/0.00/0.00) lat (ms,95%): 287.38 err/s: 0.00 reconn/s: 0.00
[ 221s ] thds: 2048 tps: 18895.56 qps: 18894.56 (r/w/o: 18894.56/0.00/0.00) lat (ms,95%): 287.38 err/s: 0.00 reconn/s: 0.00
[ 222s ] thds: 2048 tps: 19162.90 qps: 19163.90 (r/w/o: 19163.90/0.00/0.00) lat (ms,95%): 287.38 err/s: 0.00 reconn/s: 0.00
[ 223s ] thds: 2048 tps: 18735.14 qps: 18733.14 (r/w/o: 18733.14/0.00/0.00) lat (ms,95%): 287.38 err/s: 0.00 reconn/s: 0.00
[ 224s ] thds: 2048 tps: 19024.95 qps: 19026.95 (r/w/o: 19026.95/0.00/0.00) lat (ms,95%): 287.38 err/s: 0.00 reconn/s: 0.00
[ 225s ] thds: 2048 tps: 18923.73 qps: 18923.73 (r/w/o: 18923.73/0.00/0.00) lat (ms,95%): 292.60 err/s: 0.00 reconn/s: 0.00
[ 226s ] thds: 2048 tps: 19214.76 qps: 19214.76 (r/w/o: 19214.76/0.00/0.00) lat (ms,95%): 292.60 err/s: 0.00 reconn/s: 0.00
[ 227s ] thds: 2048 tps: 19236.22 qps: 19236.22 (r/w/o: 19236.22/0.00/0.00) lat (ms,95%): 292.60 err/s: 0.00 reconn/s: 0.00
[ 228s ] thds: 2048 tps: 19008.24 qps: 19008.24 (r/w/o: 19008.24/0.00/0.00) lat (ms,95%): 292.60 err/s: 0.00 reconn/s: 0.00
[ 229s ] thds: 2048 tps: 19072.19 qps: 19072.19 (r/w/o: 19072.19/0.00/0.00) lat (ms,95%): 287.38 err/s: 0.00 reconn/s: 0.00
[ 230s ] thds: 2048 tps: 19239.94 qps: 19239.94 (r/w/o: 19239.94/0.00/0.00) lat (ms,95%): 287.38 err/s: 0.00 reconn/s: 0.00
[ 231s ] thds: 2048 tps: 19305.64 qps: 19305.64 (r/w/o: 19305.64/0.00/0.00) lat (ms,95%): 287.38 err/s: 0.00 reconn/s: 0.00
[ 232s ] thds: 2048 tps: 18928.85 qps: 18928.85 (r/w/o: 18928.85/0.00/0.00) lat (ms,95%): 292.60 err/s: 0.00 reconn/s: 0.00
[ 233s ] thds: 2048 tps: 18896.18 qps: 18896.18 (r/w/o: 18896.18/0.00/0.00) lat (ms,95%): 287.38 err/s: 0.00 reconn/s: 0.00
[ 234s ] thds: 2048 tps: 18974.11 qps: 18974.11 (r/w/o: 18974.11/0.00/0.00) lat (ms,95%): 292.60 err/s: 0.00 reconn/s: 0.00
[ 235s ] thds: 2048 tps: 19107.60 qps: 19107.60 (r/w/o: 19107.60/0.00/0.00) lat (ms,95%): 292.60 err/s: 0.00 reconn/s: 0.00
[ 236s ] thds: 2048 tps: 18806.04 qps: 18806.04 (r/w/o: 18806.04/0.00/0.00) lat (ms,95%): 292.60 err/s: 0.00 reconn/s: 0.00
[ 237s ] thds: 2048 tps: 18758.40 qps: 18758.40 (r/w/o: 18758.40/0.00/0.00) lat (ms,95%): 292.60 err/s: 0.00 reconn/s: 0.00
[ 238s ] thds: 2048 tps: 19057.72 qps: 19057.72 (r/w/o: 19057.72/0.00/0.00) lat (ms,95%): 292.60 err/s: 0.00 reconn/s: 0.00
[ 239s ] thds: 2048 tps: 18731.22 qps: 18731.22 (r/w/o: 18731.22/0.00/0.00) lat (ms,95%): 287.38 err/s: 0.00 reconn/s: 0.00
[ 240s ] thds: 2048 tps: 18977.31 qps: 18977.31 (r/w/o: 18977.31/0.00/0.00) lat (ms,95%): 292.60 err/s: 0.00 reconn/s: 0.00
Latency histogram (values are in milliseconds)
       value  ------------- distribution ------------- count
       0.499 |                                         2
       0.508 |                                         5
       0.517 |                                         10
       0.527 |                                         17
       0.536 |                                         34
       0.546 |                                         40
       0.556 |                                         75
       0.566 |                                         76
       0.576 |                                         107
       0.587 |                                         140
       0.597 |                                         179
       0.608 |                                         177
       0.619 |                                         213
       0.630 |                                         226
       0.642 |                                         217
       0.654 |                                         211
       0.665 |                                         262
       0.677 |                                         294
       0.690 |                                         268
       0.702 |                                         293
       0.715 |                                         350
       0.728 |                                         309
       0.741 |                                         326
       0.755 |                                         328
       0.768 |                                         302
       0.782 |                                         316
       0.797 |                                         299
       0.811 |                                         278
       0.826 |                                         315
       0.841 |                                         297
       0.856 |                                         313
       0.872 |                                         252
       0.888 |                                         247
       0.904 |                                         299
       0.920 |                                         276
       0.937 |                                         244
       0.954 |                                         250
       0.971 |                                         278
       0.989 |                                         265
       1.007 |                                         340
       1.025 |                                         403
       1.044 |                                         513
       1.063 |                                         658
       1.082 |                                         732
       1.102 |                                         885
       1.122 |                                         1030
       1.142 |                                         1152
       1.163 |                                         1338
       1.184 |                                         1542
       1.205 |                                         2057
       1.227 |                                         2807
       1.250 |                                         3461
       1.272 |*                                        4399
       1.295 |*                                        5402
       1.319 |*                                        6092
       1.343 |*                                        6769
       1.367 |*                                        7204
       1.392 |*                                        7707
       1.417 |*                                        7603
       1.443 |*                                        7728
       1.469 |*                                        7683
       1.496 |*                                        7573
       1.523 |*                                        7267
       1.551 |*                                        7084
       1.579 |*                                        6979
       1.608 |*                                        6865
       1.637 |*                                        7118
       1.667 |*                                        7854
       1.697 |*                                        9391
       1.728 |*                                        11710
       1.759 |**                                       14378
       1.791 |**                                       17302
       1.824 |**                                       19956
       1.857 |***                                      22182
       1.891 |***                                      24426
       1.925 |***                                      26209
       1.960 |***                                      27550
       1.996 |****                                     28634
       2.032 |****                                     29566
       2.069 |****                                     29454
       2.106 |****                                     28902
       2.145 |****                                     28883
       2.184 |****                                     29413
       2.223 |****                                     30699
       2.264 |****                                     31910
       2.305 |****                                     33293
       2.347 |****                                     34191
       2.389 |****                                     35665
       2.433 |*****                                    39264
       2.477 |******                                   45436
       2.522 |*******                                  53175
       2.568 |********                                 62156
       2.615 |*********                                69279
       2.662 |*********                                74009
       2.710 |*********                                76714
       2.760 |**********                               78571
       2.810 |**********                               80982
       2.861 |***********                              85904
       2.913 |************                             94449
       2.966 |*************                            103059
       3.020 |**************                           110601
       3.075 |**************                           115199
       3.130 |**************                           115352
       3.187 |**************                           111081
       3.245 |*************                            102368
       3.304 |***********                              91609
       3.364 |**********                               82621
       3.425 |*********                                75679
       3.488 |*********                                70804
       3.551 |********                                 64086
       3.615 |*******                                  55756
       3.681 |******                                   48100
       3.748 |*****                                    40639
       3.816 |****                                     33939
       3.885 |***                                      28123
       3.956 |***                                      24135
       4.028 |**                                       19972
       4.101 |**                                       16953
       4.176 |**                                       14361
       4.252 |**                                       12273
       4.329 |*                                        10716
       4.407 |*                                        8792
       4.487 |*                                        7414
       4.569 |*                                        6059
       4.652 |*                                        5143
       4.737 |*                                        4330
       4.823 |                                         3884
       4.910 |                                         3293
       4.999 |                                         2816
       5.090 |                                         2376
       5.183 |                                         1903
       5.277 |                                         1704
       5.373 |                                         1431
       5.470 |                                         1154
       5.570 |                                         1147
       5.671 |                                         908
       5.774 |                                         801
       5.879 |                                         662
       5.986 |                                         603
       6.095 |                                         516
       6.205 |                                         457
       6.318 |                                         424
       6.433 |                                         382
       6.550 |                                         332
       6.669 |                                         294
       6.790 |                                         241
       6.913 |                                         234
       7.039 |                                         227
       7.167 |                                         198
       7.297 |                                         186
       7.430 |                                         163
       7.565 |                                         140
       7.702 |                                         161
       7.842 |                                         112
       7.985 |                                         111
       8.130 |                                         94
       8.277 |                                         71
       8.428 |                                         78
       8.581 |                                         66
       8.737 |                                         71
       8.895 |                                         66
       9.057 |                                         59
       9.222 |                                         47
       9.389 |                                         54
       9.560 |                                         47
       9.734 |                                         56
       9.910 |                                         25
      10.090 |                                         50
      10.274 |                                         40
      10.460 |                                         22
      10.651 |                                         42
      10.844 |                                         36
      11.041 |                                         28
      11.242 |                                         30
      11.446 |                                         23
      11.654 |                                         12
      11.866 |                                         31
      12.081 |                                         10
      12.301 |                                         18
      12.524 |                                         12
      12.752 |                                         12
      12.984 |                                         16
      13.219 |                                         12
      13.460 |                                         12
      13.704 |                                         16
      13.953 |                                         18
      14.207 |                                         8
      14.465 |                                         11
      14.728 |                                         5
      14.995 |                                         5
      15.268 |                                         5
      15.545 |                                         2
      15.828 |                                         7
      16.115 |                                         4
      16.408 |                                         6
      16.706 |                                         2
      17.010 |                                         1
      17.319 |                                         1
      17.633 |                                         3
      17.954 |                                         1
      18.280 |                                         1
      18.950 |                                         2
      19.645 |                                         1
      20.002 |                                         1
      20.736 |                                         1
      21.496 |                                         2
      21.886 |                                         2
      22.284 |                                         1
      22.689 |                                         1
      23.101 |                                         1
      29.725 |                                         1
      34.954 |                                         2
      36.894 |                                         1
      39.650 |                                         1
      43.385 |                                         1
     227.402 |                                         2
     231.534 |                                         41
     235.740 |                                         276
     240.024 |                                         894
     244.385 |                                         2552
     248.825 |*                                        8137
     253.346 |***                                      22934
     257.950 |*******                                  56049
     262.636 |**************                           114917
     267.408 |************************                 196758
     272.267 |***********************************      280284
     277.214 |**************************************** 324173
     282.251 |***********************************      285481
     287.379 |*************************                203713
     292.601 |***************                          125494
     297.917 |*********                                69869
     303.330 |****                                     28862
     308.842 |*                                        7682
     314.453 |                                         733
     320.167 |                                         19
     325.984 |                                         11
     369.775 |                                         1
     484.439 |                                         2
     493.242 |                                         29
     502.204 |                                         193
     511.328 |                                         524
     520.619 |                                         1048
     530.078 |                                         1514
     539.710 |                                         1507
     549.516 |                                         1100
     559.501 |                                         693
     569.667 |                                         257
     580.017 |                                         77
     590.556 |                                         13
     601.286 |                                         5
 
SQL statistics:
    queries performed:
        read:                            4553430
        write:                           0
        other:                           0
        total:                           4553430
    transactions:                        4553429 (18914.37 per sec.)
    queries:                             4553430 (18914.38 per sec.)
    ignored errors:                      0      (0.00 per sec.)
    reconnects:                          0      (0.00 per sec.)

Throughput:
    events/s (eps):                      18914.3732
    time elapsed:                        240.7394s
    total number of events:              4553429

Latency (ms):
         min:                                    0.50
         avg:                                  108.07
         max:                                  605.71
         95th percentile:                      292.60
         sum:                            492075037.14

Threads fairness:
    events (avg/stddev):           2223.3369/59.06
    execution time (avg/stddev):   240.2710/0.12

