sysbench 1.1.0-3ceba0b (using bundled LuaJIT 2.1.0-beta3)

Running the test with following options:
Number of threads: 16
Warmup time: 60s
Report intermediate results every 1 second(s)
Initializing random number generator from current time


Initializing worker threads...

Threads started!

Warming up for 60 seconds...

[ 1s ] thds: 16 tps: 624.04 qps: 3745.07 (r/w/o: 0.00/2456.37/1288.70) lat (ms,95%): 74.46 err/s: 0.00 reconn/s: 0.00
[ 2s ] thds: 16 tps: 571.06 qps: 3413.33 (r/w/o: 0.00/2231.22/1182.12) lat (ms,95%): 54.83 err/s: 0.00 reconn/s: 0.00
[ 3s ] thds: 16 tps: 564.11 qps: 3377.66 (r/w/o: 0.00/2217.43/1160.23) lat (ms,95%): 55.82 err/s: 0.00 reconn/s: 0.00
[ 4s ] thds: 16 tps: 553.81 qps: 3331.85 (r/w/o: 0.00/2189.24/1142.60) lat (ms,95%): 56.84 err/s: 0.00 reconn/s: 0.00
[ 5s ] thds: 16 tps: 553.14 qps: 3332.82 (r/w/o: 0.00/2184.54/1148.28) lat (ms,95%): 54.83 err/s: 0.00 reconn/s: 0.00
[ 6s ] thds: 16 tps: 560.94 qps: 3348.66 (r/w/o: 0.00/2203.77/1144.88) lat (ms,95%): 53.85 err/s: 0.00 reconn/s: 0.00
[ 7s ] thds: 16 tps: 558.06 qps: 3358.38 (r/w/o: 0.00/2211.25/1147.13) lat (ms,95%): 52.89 err/s: 0.00 reconn/s: 0.00
[ 8s ] thds: 16 tps: 541.00 qps: 3256.03 (r/w/o: 0.00/2131.02/1125.01) lat (ms,95%): 53.85 err/s: 0.00 reconn/s: 0.00
[ 9s ] thds: 16 tps: 556.03 qps: 3325.15 (r/w/o: 0.00/2191.10/1134.05) lat (ms,95%): 54.83 err/s: 0.00 reconn/s: 0.00
[ 10s ] thds: 16 tps: 572.00 qps: 3424.01 (r/w/o: 0.00/2254.00/1170.00) lat (ms,95%): 53.85 err/s: 0.00 reconn/s: 0.00
[ 11s ] thds: 16 tps: 569.07 qps: 3409.44 (r/w/o: 0.00/2233.29/1176.15) lat (ms,95%): 54.83 err/s: 0.00 reconn/s: 0.00
[ 12s ] thds: 16 tps: 542.94 qps: 3270.64 (r/w/o: 0.00/2153.76/1116.88) lat (ms,95%): 62.19 err/s: 0.00 reconn/s: 0.00
[ 13s ] thds: 16 tps: 517.95 qps: 3107.72 (r/w/o: 0.00/2042.81/1064.90) lat (ms,95%): 62.19 err/s: 0.00 reconn/s: 0.00
[ 14s ] thds: 16 tps: 525.05 qps: 3129.31 (r/w/o: 0.00/2043.20/1086.11) lat (ms,95%): 63.32 err/s: 0.00 reconn/s: 0.00
[ 15s ] thds: 16 tps: 534.91 qps: 3222.44 (r/w/o: 0.00/2106.63/1115.81) lat (ms,95%): 63.32 err/s: 0.00 reconn/s: 0.00
[ 16s ] thds: 16 tps: 551.32 qps: 3311.90 (r/w/o: 0.00/2174.24/1137.65) lat (ms,95%): 52.89 err/s: 0.00 reconn/s: 0.00
[ 17s ] thds: 16 tps: 546.74 qps: 3280.41 (r/w/o: 0.00/2152.96/1127.45) lat (ms,95%): 57.87 err/s: 0.00 reconn/s: 0.00
[ 18s ] thds: 16 tps: 555.28 qps: 3344.66 (r/w/o: 0.00/2199.09/1145.57) lat (ms,95%): 58.92 err/s: 0.00 reconn/s: 0.00
[ 19s ] thds: 16 tps: 521.79 qps: 3121.73 (r/w/o: 0.00/2046.17/1075.56) lat (ms,95%): 61.08 err/s: 0.00 reconn/s: 0.00
[ 20s ] thds: 16 tps: 482.82 qps: 2909.93 (r/w/o: 0.00/1918.30/991.64) lat (ms,95%): 63.32 err/s: 0.00 reconn/s: 0.00
[ 21s ] thds: 16 tps: 508.10 qps: 3045.58 (r/w/o: 0.00/1996.38/1049.20) lat (ms,95%): 59.99 err/s: 0.00 reconn/s: 0.00
[ 22s ] thds: 16 tps: 528.00 qps: 3147.99 (r/w/o: 0.00/2059.99/1087.99) lat (ms,95%): 54.83 err/s: 0.00 reconn/s: 0.00
[ 23s ] thds: 16 tps: 586.07 qps: 3520.44 (r/w/o: 0.00/2314.29/1206.15) lat (ms,95%): 52.89 err/s: 0.00 reconn/s: 0.00
[ 24s ] thds: 16 tps: 571.93 qps: 3431.58 (r/w/o: 0.00/2254.72/1176.85) lat (ms,95%): 52.89 err/s: 0.00 reconn/s: 0.00
[ 25s ] thds: 16 tps: 542.09 qps: 3271.55 (r/w/o: 0.00/2149.36/1122.19) lat (ms,95%): 52.89 err/s: 0.00 reconn/s: 0.00
[ 26s ] thds: 16 tps: 550.08 qps: 3285.48 (r/w/o: 0.00/2157.31/1128.16) lat (ms,95%): 52.89 err/s: 0.00 reconn/s: 0.00
[ 27s ] thds: 16 tps: 505.01 qps: 3027.06 (r/w/o: 0.00/1981.04/1046.02) lat (ms,95%): 55.82 err/s: 0.00 reconn/s: 0.00
[ 28s ] thds: 16 tps: 503.90 qps: 3035.40 (r/w/o: 0.00/1995.61/1039.79) lat (ms,95%): 53.85 err/s: 0.00 reconn/s: 0.00
[ 29s ] thds: 16 tps: 556.26 qps: 3315.54 (r/w/o: 0.00/2180.01/1135.53) lat (ms,95%): 48.34 err/s: 0.00 reconn/s: 0.00
[ 30s ] thds: 16 tps: 563.68 qps: 3385.08 (r/w/o: 0.00/2225.74/1159.34) lat (ms,95%): 49.21 err/s: 0.00 reconn/s: 0.00
[ 31s ] thds: 16 tps: 612.09 qps: 3671.52 (r/w/o: 0.00/2415.34/1256.18) lat (ms,95%): 44.98 err/s: 0.00 reconn/s: 0.00
[ 32s ] thds: 16 tps: 555.02 qps: 3341.10 (r/w/o: 0.00/2196.07/1145.03) lat (ms,95%): 121.08 err/s: 0.00 reconn/s: 0.00
[ 33s ] thds: 16 tps: 518.00 qps: 3115.99 (r/w/o: 0.00/2051.99/1064.00) lat (ms,95%): 123.28 err/s: 0.00 reconn/s: 0.00
[ 34s ] thds: 16 tps: 523.97 qps: 3142.84 (r/w/o: 0.00/2056.90/1085.94) lat (ms,95%): 123.28 err/s: 0.00 reconn/s: 0.00
[ 35s ] thds: 16 tps: 525.95 qps: 3154.71 (r/w/o: 0.00/2077.81/1076.90) lat (ms,95%): 39.65 err/s: 0.00 reconn/s: 0.00
[ 36s ] thds: 16 tps: 555.05 qps: 3320.31 (r/w/o: 0.00/2176.20/1144.11) lat (ms,95%): 36.89 err/s: 0.00 reconn/s: 0.00
[ 37s ] thds: 16 tps: 525.16 qps: 3164.96 (r/w/o: 0.00/2081.63/1083.33) lat (ms,95%): 59.99 err/s: 0.00 reconn/s: 0.00
[ 38s ] thds: 16 tps: 545.07 qps: 3266.40 (r/w/o: 0.00/2134.26/1132.14) lat (ms,95%): 64.47 err/s: 0.00 reconn/s: 0.00
[ 39s ] thds: 16 tps: 577.77 qps: 3455.62 (r/w/o: 0.00/2267.09/1188.52) lat (ms,95%): 62.19 err/s: 0.00 reconn/s: 0.00
[ 40s ] thds: 16 tps: 571.93 qps: 3428.56 (r/w/o: 0.00/2248.71/1179.85) lat (ms,95%): 63.32 err/s: 0.00 reconn/s: 0.00
[ 41s ] thds: 16 tps: 543.31 qps: 3257.85 (r/w/o: 0.00/2127.21/1130.64) lat (ms,95%): 64.47 err/s: 0.00 reconn/s: 0.00
[ 42s ] thds: 16 tps: 515.79 qps: 3107.73 (r/w/o: 0.00/2048.16/1059.57) lat (ms,95%): 66.84 err/s: 0.00 reconn/s: 0.00
[ 43s ] thds: 16 tps: 514.22 qps: 3069.33 (r/w/o: 0.00/2014.88/1054.46) lat (ms,95%): 65.65 err/s: 0.00 reconn/s: 0.00
[ 44s ] thds: 16 tps: 541.74 qps: 3254.45 (r/w/o: 0.00/2128.99/1125.46) lat (ms,95%): 65.65 err/s: 0.00 reconn/s: 0.00
[ 45s ] thds: 16 tps: 586.05 qps: 3516.30 (r/w/o: 0.00/2294.19/1222.10) lat (ms,95%): 68.05 err/s: 0.00 reconn/s: 0.00
[ 46s ] thds: 16 tps: 576.78 qps: 3482.69 (r/w/o: 0.00/2290.14/1192.55) lat (ms,95%): 69.29 err/s: 0.00 reconn/s: 0.00
[ 47s ] thds: 16 tps: 558.14 qps: 3319.86 (r/w/o: 0.00/2162.56/1157.30) lat (ms,95%): 70.55 err/s: 0.00 reconn/s: 0.00
[ 48s ] thds: 16 tps: 544.92 qps: 3286.50 (r/w/o: 0.00/2156.67/1129.83) lat (ms,95%): 69.29 err/s: 0.00 reconn/s: 0.00
[ 49s ] thds: 16 tps: 561.14 qps: 3363.84 (r/w/o: 0.00/2204.55/1159.29) lat (ms,95%): 55.82 err/s: 0.00 reconn/s: 0.00
[ 50s ] thds: 16 tps: 549.90 qps: 3314.38 (r/w/o: 0.00/2166.60/1147.79) lat (ms,95%): 54.83 err/s: 0.00 reconn/s: 0.00
[ 51s ] thds: 16 tps: 518.85 qps: 3087.11 (r/w/o: 0.00/2024.42/1062.69) lat (ms,95%): 54.83 err/s: 0.00 reconn/s: 0.00
[ 52s ] thds: 16 tps: 509.05 qps: 3068.29 (r/w/o: 0.00/2012.19/1056.10) lat (ms,95%): 54.83 err/s: 0.00 reconn/s: 0.00
[ 53s ] thds: 16 tps: 539.01 qps: 3228.08 (r/w/o: 0.00/2114.05/1114.03) lat (ms,95%): 52.89 err/s: 0.00 reconn/s: 0.00
[ 54s ] thds: 16 tps: 541.21 qps: 3255.28 (r/w/o: 0.00/2142.84/1112.44) lat (ms,95%): 55.82 err/s: 0.00 reconn/s: 0.00
[ 55s ] thds: 16 tps: 539.67 qps: 3230.02 (r/w/o: 0.00/2116.70/1113.32) lat (ms,95%): 56.84 err/s: 0.00 reconn/s: 0.00
[ 56s ] thds: 16 tps: 548.55 qps: 3289.28 (r/w/o: 0.00/2157.15/1132.13) lat (ms,95%): 57.87 err/s: 0.00 reconn/s: 0.00
[ 57s ] thds: 16 tps: 538.99 qps: 3240.93 (r/w/o: 0.00/2123.95/1116.97) lat (ms,95%): 51.02 err/s: 0.00 reconn/s: 0.00
[ 58s ] thds: 16 tps: 528.71 qps: 3194.23 (r/w/o: 0.00/2085.84/1108.39) lat (ms,95%): 51.94 err/s: 0.00 reconn/s: 0.00
[ 59s ] thds: 16 tps: 501.23 qps: 2963.34 (r/w/o: 0.00/1936.88/1026.46) lat (ms,95%): 61.08 err/s: 0.00 reconn/s: 0.00
[ 60s ] thds: 16 tps: 488.02 qps: 2944.12 (r/w/o: 0.00/1939.08/1005.04) lat (ms,95%): 92.42 err/s: 0.00 reconn/s: 0.00
[ 61s ] thds: 16 tps: 564.77 qps: 3379.65 (r/w/o: 0.00/2222.11/1157.54) lat (ms,95%): 95.81 err/s: 0.00 reconn/s: 0.00
[ 62s ] thds: 16 tps: 562.85 qps: 3389.12 (r/w/o: 0.00/2223.42/1165.70) lat (ms,95%): 92.42 err/s: 0.00 reconn/s: 0.00
[ 63s ] thds: 16 tps: 593.13 qps: 3559.75 (r/w/o: 0.00/2347.50/1212.26) lat (ms,95%): 47.47 err/s: 0.00 reconn/s: 0.00
[ 64s ] thds: 16 tps: 579.88 qps: 3483.28 (r/w/o: 0.00/2285.53/1197.75) lat (ms,95%): 51.94 err/s: 0.00 reconn/s: 0.00
[ 65s ] thds: 16 tps: 546.38 qps: 3271.25 (r/w/o: 0.00/2152.48/1118.77) lat (ms,95%): 52.89 err/s: 0.00 reconn/s: 0.00
[ 66s ] thds: 16 tps: 517.96 qps: 3103.79 (r/w/o: 0.00/2024.86/1078.93) lat (ms,95%): 89.16 err/s: 0.00 reconn/s: 0.00
[ 67s ] thds: 16 tps: 516.69 qps: 3097.16 (r/w/o: 0.00/2033.79/1063.37) lat (ms,95%): 89.16 err/s: 0.00 reconn/s: 0.00
[ 68s ] thds: 16 tps: 558.14 qps: 3361.84 (r/w/o: 0.00/2220.56/1141.29) lat (ms,95%): 89.16 err/s: 0.00 reconn/s: 0.00
[ 69s ] thds: 16 tps: 546.03 qps: 3270.20 (r/w/o: 0.00/2145.13/1125.07) lat (ms,95%): 53.85 err/s: 0.00 reconn/s: 0.00
[ 70s ] thds: 16 tps: 529.03 qps: 3181.16 (r/w/o: 0.00/2088.10/1093.05) lat (ms,95%): 53.85 err/s: 0.00 reconn/s: 0.00
[ 71s ] thds: 16 tps: 522.08 qps: 3145.50 (r/w/o: 0.00/2055.33/1090.17) lat (ms,95%): 54.83 err/s: 0.00 reconn/s: 0.00
[ 72s ] thds: 16 tps: 507.86 qps: 3028.19 (r/w/o: 0.00/1978.47/1049.72) lat (ms,95%): 57.87 err/s: 0.00 reconn/s: 0.00
[ 73s ] thds: 16 tps: 560.09 qps: 3359.56 (r/w/o: 0.00/2213.37/1146.19) lat (ms,95%): 51.94 err/s: 0.00 reconn/s: 0.00
[ 74s ] thds: 16 tps: 546.90 qps: 3273.40 (r/w/o: 0.00/2143.61/1129.79) lat (ms,95%): 51.94 err/s: 0.00 reconn/s: 0.00
[ 75s ] thds: 16 tps: 539.11 qps: 3250.64 (r/w/o: 0.00/2131.42/1119.22) lat (ms,95%): 51.94 err/s: 0.00 reconn/s: 0.00
[ 76s ] thds: 16 tps: 531.10 qps: 3186.61 (r/w/o: 0.00/2086.40/1100.21) lat (ms,95%): 52.89 err/s: 0.00 reconn/s: 0.00
[ 77s ] thds: 16 tps: 513.84 qps: 3077.02 (r/w/o: 0.00/2015.36/1061.66) lat (ms,95%): 52.89 err/s: 0.00 reconn/s: 0.00
[ 78s ] thds: 16 tps: 519.98 qps: 3129.89 (r/w/o: 0.00/2068.93/1060.96) lat (ms,95%): 52.89 err/s: 0.00 reconn/s: 0.00
[ 79s ] thds: 16 tps: 532.27 qps: 3182.60 (r/w/o: 0.00/2079.04/1103.55) lat (ms,95%): 57.87 err/s: 0.00 reconn/s: 0.00
[ 80s ] thds: 16 tps: 566.88 qps: 3403.26 (r/w/o: 0.00/2228.52/1174.75) lat (ms,95%): 58.92 err/s: 0.00 reconn/s: 0.00
[ 81s ] thds: 16 tps: 564.99 qps: 3374.94 (r/w/o: 0.00/2204.96/1169.98) lat (ms,95%): 58.92 err/s: 0.00 reconn/s: 0.00
[ 82s ] thds: 16 tps: 518.85 qps: 3129.10 (r/w/o: 0.00/2063.40/1065.69) lat (ms,95%): 59.99 err/s: 0.00 reconn/s: 0.00
[ 83s ] thds: 16 tps: 522.17 qps: 3141.05 (r/w/o: 0.00/2072.69/1068.36) lat (ms,95%): 57.87 err/s: 0.00 reconn/s: 0.00
[ 84s ] thds: 16 tps: 524.82 qps: 3142.94 (r/w/o: 0.00/2058.30/1084.63) lat (ms,95%): 56.84 err/s: 0.00 reconn/s: 0.00
[ 85s ] thds: 16 tps: 546.07 qps: 3275.41 (r/w/o: 0.00/2152.27/1123.14) lat (ms,95%): 55.82 err/s: 0.00 reconn/s: 0.00
[ 86s ] thds: 16 tps: 556.97 qps: 3343.83 (r/w/o: 0.00/2188.89/1154.94) lat (ms,95%): 54.83 err/s: 0.00 reconn/s: 0.00
[ 87s ] thds: 16 tps: 536.06 qps: 3207.36 (r/w/o: 0.00/2102.24/1105.12) lat (ms,95%): 51.94 err/s: 0.00 reconn/s: 0.00
[ 88s ] thds: 16 tps: 545.63 qps: 3265.76 (r/w/o: 0.00/2139.53/1126.23) lat (ms,95%): 51.94 err/s: 0.00 reconn/s: 0.00
[ 89s ] thds: 16 tps: 564.30 qps: 3392.77 (r/w/o: 0.00/2228.16/1164.61) lat (ms,95%): 51.02 err/s: 0.00 reconn/s: 0.00
[ 90s ] thds: 16 tps: 551.17 qps: 3315.01 (r/w/o: 0.00/2177.66/1137.35) lat (ms,95%): 50.11 err/s: 0.00 reconn/s: 0.00
[ 91s ] thds: 16 tps: 594.86 qps: 3569.16 (r/w/o: 0.00/2342.45/1226.71) lat (ms,95%): 50.11 err/s: 0.00 reconn/s: 0.00
[ 92s ] thds: 16 tps: 600.11 qps: 3594.64 (r/w/o: 0.00/2343.42/1251.22) lat (ms,95%): 50.11 err/s: 0.00 reconn/s: 0.00
[ 93s ] thds: 16 tps: 586.10 qps: 3524.57 (r/w/o: 0.00/2310.38/1214.20) lat (ms,95%): 50.11 err/s: 0.00 reconn/s: 0.00
[ 94s ] thds: 16 tps: 584.75 qps: 3495.49 (r/w/o: 0.00/2287.02/1208.48) lat (ms,95%): 53.85 err/s: 0.00 reconn/s: 0.00
[ 95s ] thds: 16 tps: 534.10 qps: 3200.63 (r/w/o: 0.00/2097.41/1103.22) lat (ms,95%): 54.83 err/s: 0.00 reconn/s: 0.00
[ 96s ] thds: 16 tps: 501.91 qps: 3033.47 (r/w/o: 0.00/1992.65/1040.82) lat (ms,95%): 53.85 err/s: 0.00 reconn/s: 0.00
[ 97s ] thds: 16 tps: 514.23 qps: 3080.40 (r/w/o: 0.00/2007.91/1072.49) lat (ms,95%): 53.85 err/s: 0.00 reconn/s: 0.00
[ 98s ] thds: 16 tps: 518.93 qps: 3108.56 (r/w/o: 0.00/2042.71/1065.85) lat (ms,95%): 51.94 err/s: 0.00 reconn/s: 0.00
[ 99s ] thds: 16 tps: 526.80 qps: 3170.77 (r/w/o: 0.00/2084.19/1086.58) lat (ms,95%): 51.94 err/s: 0.00 reconn/s: 0.00
[ 100s ] thds: 16 tps: 547.00 qps: 3273.00 (r/w/o: 0.00/2143.00/1130.00) lat (ms,95%): 51.94 err/s: 0.00 reconn/s: 0.00
[ 101s ] thds: 16 tps: 584.02 qps: 3518.10 (r/w/o: 0.00/2309.06/1209.03) lat (ms,95%): 51.02 err/s: 0.00 reconn/s: 0.00
[ 102s ] thds: 16 tps: 571.02 qps: 3405.11 (r/w/o: 0.00/2235.07/1170.04) lat (ms,95%): 47.47 err/s: 0.00 reconn/s: 0.00
[ 103s ] thds: 16 tps: 574.00 qps: 3467.97 (r/w/o: 0.00/2274.98/1192.99) lat (ms,95%): 47.47 err/s: 0.00 reconn/s: 0.00
[ 104s ] thds: 16 tps: 542.13 qps: 3252.80 (r/w/o: 0.00/2135.53/1117.28) lat (ms,95%): 55.82 err/s: 0.00 reconn/s: 0.00
[ 105s ] thds: 16 tps: 527.10 qps: 3142.62 (r/w/o: 0.00/2052.41/1090.22) lat (ms,95%): 57.87 err/s: 0.00 reconn/s: 0.00
[ 106s ] thds: 16 tps: 580.98 qps: 3491.91 (r/w/o: 0.00/2289.94/1201.97) lat (ms,95%): 54.83 err/s: 0.00 reconn/s: 0.00
[ 107s ] thds: 16 tps: 587.83 qps: 3511.98 (r/w/o: 0.00/2299.33/1212.65) lat (ms,95%): 69.29 err/s: 0.00 reconn/s: 0.00
[ 108s ] thds: 16 tps: 601.91 qps: 3619.47 (r/w/o: 0.00/2372.65/1246.82) lat (ms,95%): 69.29 err/s: 0.00 reconn/s: 0.00
[ 109s ] thds: 16 tps: 583.99 qps: 3498.96 (r/w/o: 0.00/2288.98/1209.99) lat (ms,95%): 70.55 err/s: 0.00 reconn/s: 0.00
[ 110s ] thds: 16 tps: 543.00 qps: 3258.01 (r/w/o: 0.00/2135.01/1123.00) lat (ms,95%): 71.83 err/s: 0.00 reconn/s: 0.00
[ 111s ] thds: 16 tps: 545.01 qps: 3267.04 (r/w/o: 0.00/2141.03/1126.01) lat (ms,95%): 50.11 err/s: 0.00 reconn/s: 0.00
[ 112s ] thds: 16 tps: 545.18 qps: 3278.08 (r/w/o: 0.00/2151.71/1126.37) lat (ms,95%): 51.02 err/s: 0.00 reconn/s: 0.00
[ 113s ] thds: 16 tps: 517.80 qps: 3121.78 (r/w/o: 0.00/2057.19/1064.58) lat (ms,95%): 57.87 err/s: 0.00 reconn/s: 0.00
[ 114s ] thds: 16 tps: 525.01 qps: 3143.03 (r/w/o: 0.00/2067.02/1076.01) lat (ms,95%): 70.55 err/s: 0.00 reconn/s: 0.00
[ 115s ] thds: 16 tps: 530.17 qps: 3169.02 (r/w/o: 0.00/2072.67/1096.35) lat (ms,95%): 69.29 err/s: 0.00 reconn/s: 0.00
[ 116s ] thds: 16 tps: 529.82 qps: 3189.94 (r/w/o: 0.00/2092.31/1097.64) lat (ms,95%): 69.29 err/s: 0.00 reconn/s: 0.00
[ 117s ] thds: 16 tps: 560.03 qps: 3360.15 (r/w/o: 0.00/2207.10/1153.05) lat (ms,95%): 59.99 err/s: 0.00 reconn/s: 0.00
[ 118s ] thds: 16 tps: 574.25 qps: 3440.52 (r/w/o: 0.00/2262.00/1178.52) lat (ms,95%): 52.89 err/s: 0.00 reconn/s: 0.00
[ 119s ] thds: 16 tps: 550.00 qps: 3291.02 (r/w/o: 0.00/2155.02/1136.01) lat (ms,95%): 57.87 err/s: 0.00 reconn/s: 0.00
[ 120s ] thds: 16 tps: 532.77 qps: 3208.59 (r/w/o: 0.00/2109.08/1099.52) lat (ms,95%): 62.19 err/s: 0.00 reconn/s: 0.00
[ 121s ] thds: 16 tps: 510.13 qps: 3068.79 (r/w/o: 0.00/2013.52/1055.27) lat (ms,95%): 73.13 err/s: 0.00 reconn/s: 0.00
[ 122s ] thds: 16 tps: 533.84 qps: 3187.07 (r/w/o: 0.00/2086.39/1100.68) lat (ms,95%): 75.82 err/s: 0.00 reconn/s: 0.00
[ 123s ] thds: 16 tps: 545.31 qps: 3302.89 (r/w/o: 0.00/2168.24/1134.65) lat (ms,95%): 75.82 err/s: 0.00 reconn/s: 0.00
[ 124s ] thds: 16 tps: 548.70 qps: 3265.22 (r/w/o: 0.00/2135.84/1129.39) lat (ms,95%): 77.19 err/s: 0.00 reconn/s: 0.00
[ 125s ] thds: 16 tps: 550.98 qps: 3287.88 (r/w/o: 0.00/2160.92/1126.96) lat (ms,95%): 86.00 err/s: 0.00 reconn/s: 0.00
[ 126s ] thds: 16 tps: 532.18 qps: 3203.10 (r/w/o: 0.00/2095.72/1107.38) lat (ms,95%): 86.00 err/s: 0.00 reconn/s: 0.00
[ 127s ] thds: 16 tps: 513.84 qps: 3086.04 (r/w/o: 0.00/2018.37/1067.67) lat (ms,95%): 87.56 err/s: 0.00 reconn/s: 0.00
[ 128s ] thds: 16 tps: 541.05 qps: 3250.29 (r/w/o: 0.00/2137.19/1113.10) lat (ms,95%): 57.87 err/s: 0.00 reconn/s: 0.00
[ 129s ] thds: 16 tps: 531.26 qps: 3198.55 (r/w/o: 0.00/2110.02/1088.53) lat (ms,95%): 56.84 err/s: 0.00 reconn/s: 0.00
[ 130s ] thds: 16 tps: 527.68 qps: 3161.10 (r/w/o: 0.00/2079.75/1081.35) lat (ms,95%): 56.84 err/s: 0.00 reconn/s: 0.00
[ 131s ] thds: 16 tps: 533.05 qps: 3197.29 (r/w/o: 0.00/2104.19/1093.10) lat (ms,95%): 55.82 err/s: 0.00 reconn/s: 0.00
[ 132s ] thds: 16 tps: 522.27 qps: 3141.61 (r/w/o: 0.00/2065.06/1076.55) lat (ms,95%): 52.89 err/s: 0.00 reconn/s: 0.00
[ 133s ] thds: 16 tps: 537.70 qps: 3212.20 (r/w/o: 0.00/2098.82/1113.38) lat (ms,95%): 50.11 err/s: 0.00 reconn/s: 0.00
[ 134s ] thds: 16 tps: 536.22 qps: 3223.33 (r/w/o: 0.00/2106.87/1116.46) lat (ms,95%): 51.02 err/s: 0.00 reconn/s: 0.00
[ 135s ] thds: 16 tps: 551.08 qps: 3311.50 (r/w/o: 0.00/2173.33/1138.17) lat (ms,95%): 51.94 err/s: 0.00 reconn/s: 0.00
[ 136s ] thds: 16 tps: 555.68 qps: 3321.09 (r/w/o: 0.00/2173.75/1147.34) lat (ms,95%): 51.94 err/s: 0.00 reconn/s: 0.00
[ 137s ] thds: 16 tps: 554.00 qps: 3332.01 (r/w/o: 0.00/2187.00/1145.00) lat (ms,95%): 51.94 err/s: 0.00 reconn/s: 0.00
[ 138s ] thds: 16 tps: 584.28 qps: 3508.68 (r/w/o: 0.00/2312.11/1196.57) lat (ms,95%): 52.89 err/s: 0.00 reconn/s: 0.00
[ 139s ] thds: 16 tps: 516.87 qps: 3100.25 (r/w/o: 0.00/2023.51/1076.74) lat (ms,95%): 78.60 err/s: 0.00 reconn/s: 0.00
[ 140s ] thds: 16 tps: 497.03 qps: 2991.16 (r/w/o: 0.00/1968.10/1023.05) lat (ms,95%): 78.60 err/s: 0.00 reconn/s: 0.00
[ 141s ] thds: 16 tps: 497.84 qps: 2996.02 (r/w/o: 0.00/1971.35/1024.66) lat (ms,95%): 77.19 err/s: 0.00 reconn/s: 0.00
[ 142s ] thds: 16 tps: 521.03 qps: 3102.17 (r/w/o: 0.00/2026.11/1076.06) lat (ms,95%): 78.60 err/s: 0.00 reconn/s: 0.00
[ 143s ] thds: 16 tps: 542.22 qps: 3258.35 (r/w/o: 0.00/2142.89/1115.46) lat (ms,95%): 56.84 err/s: 0.00 reconn/s: 0.00
[ 144s ] thds: 16 tps: 535.97 qps: 3210.83 (r/w/o: 0.00/2103.89/1106.94) lat (ms,95%): 56.84 err/s: 0.00 reconn/s: 0.00
[ 145s ] thds: 16 tps: 548.92 qps: 3298.55 (r/w/o: 0.00/2159.70/1138.84) lat (ms,95%): 55.82 err/s: 0.00 reconn/s: 0.00
[ 146s ] thds: 16 tps: 559.14 qps: 3351.82 (r/w/o: 0.00/2201.54/1150.28) lat (ms,95%): 55.82 err/s: 0.00 reconn/s: 0.00
[ 147s ] thds: 16 tps: 557.98 qps: 3341.85 (r/w/o: 0.00/2187.90/1153.95) lat (ms,95%): 121.08 err/s: 0.00 reconn/s: 0.00
[ 148s ] thds: 16 tps: 565.73 qps: 3410.39 (r/w/o: 0.00/2244.94/1165.45) lat (ms,95%): 121.08 err/s: 0.00 reconn/s: 0.00
[ 149s ] thds: 16 tps: 529.03 qps: 3163.18 (r/w/o: 0.00/2077.12/1086.06) lat (ms,95%): 125.52 err/s: 0.00 reconn/s: 0.00
[ 150s ] thds: 16 tps: 543.22 qps: 3269.34 (r/w/o: 0.00/2159.88/1109.45) lat (ms,95%): 70.55 err/s: 0.00 reconn/s: 0.00
[ 151s ] thds: 16 tps: 564.78 qps: 3376.67 (r/w/o: 0.00/2215.13/1161.54) lat (ms,95%): 68.05 err/s: 0.00 reconn/s: 0.00
[ 152s ] thds: 16 tps: 552.01 qps: 3336.07 (r/w/o: 0.00/2205.04/1131.02) lat (ms,95%): 68.05 err/s: 0.00 reconn/s: 0.00
[ 153s ] thds: 16 tps: 514.19 qps: 3074.11 (r/w/o: 0.00/2010.73/1063.38) lat (ms,95%): 99.33 err/s: 0.00 reconn/s: 0.00
[ 154s ] thds: 16 tps: 496.78 qps: 2969.68 (r/w/o: 0.00/1946.13/1023.54) lat (ms,95%): 101.13 err/s: 0.00 reconn/s: 0.00
[ 155s ] thds: 16 tps: 500.24 qps: 3018.44 (r/w/o: 0.00/1986.95/1031.49) lat (ms,95%): 104.84 err/s: 0.00 reconn/s: 0.00
[ 156s ] thds: 16 tps: 561.58 qps: 3364.50 (r/w/o: 0.00/2204.36/1160.14) lat (ms,95%): 52.89 err/s: 0.00 reconn/s: 0.00
[ 157s ] thds: 16 tps: 537.30 qps: 3213.78 (r/w/o: 0.00/2100.16/1113.62) lat (ms,95%): 54.83 err/s: 0.00 reconn/s: 0.00
[ 158s ] thds: 16 tps: 464.80 qps: 2779.79 (r/w/o: 0.00/1822.21/957.58) lat (ms,95%): 95.81 err/s: 0.00 reconn/s: 0.00
[ 159s ] thds: 16 tps: 464.99 qps: 2797.97 (r/w/o: 0.00/1839.98/957.99) lat (ms,95%): 99.33 err/s: 0.00 reconn/s: 0.00
[ 160s ] thds: 16 tps: 494.04 qps: 2975.25 (r/w/o: 0.00/1957.16/1018.08) lat (ms,95%): 99.33 err/s: 0.00 reconn/s: 0.00
[ 161s ] thds: 16 tps: 593.02 qps: 3555.14 (r/w/o: 0.00/2333.09/1222.05) lat (ms,95%): 49.21 err/s: 0.00 reconn/s: 0.00
[ 162s ] thds: 16 tps: 600.90 qps: 3605.40 (r/w/o: 0.00/2371.61/1233.79) lat (ms,95%): 47.47 err/s: 0.00 reconn/s: 0.00
[ 163s ] thds: 16 tps: 590.08 qps: 3533.50 (r/w/o: 0.00/2309.33/1224.17) lat (ms,95%): 45.79 err/s: 0.00 reconn/s: 0.00
[ 164s ] thds: 16 tps: 556.03 qps: 3336.19 (r/w/o: 0.00/2191.13/1145.07) lat (ms,95%): 44.98 err/s: 0.00 reconn/s: 0.00
[ 165s ] thds: 16 tps: 579.20 qps: 3479.23 (r/w/o: 0.00/2286.81/1192.42) lat (ms,95%): 44.17 err/s: 0.00 reconn/s: 0.00
[ 166s ] thds: 16 tps: 593.70 qps: 3563.20 (r/w/o: 0.00/2339.82/1223.38) lat (ms,95%): 44.17 err/s: 0.00 reconn/s: 0.00
[ 167s ] thds: 16 tps: 543.91 qps: 3272.48 (r/w/o: 0.00/2152.66/1119.82) lat (ms,95%): 65.65 err/s: 0.00 reconn/s: 0.00
[ 168s ] thds: 16 tps: 508.22 qps: 3041.32 (r/w/o: 0.00/1985.86/1055.46) lat (ms,95%): 84.47 err/s: 0.00 reconn/s: 0.00
[ 169s ] thds: 16 tps: 507.19 qps: 3028.12 (r/w/o: 0.00/1990.74/1037.38) lat (ms,95%): 84.47 err/s: 0.00 reconn/s: 0.00
[ 170s ] thds: 16 tps: 513.79 qps: 3093.75 (r/w/o: 0.00/2026.18/1067.57) lat (ms,95%): 84.47 err/s: 0.00 reconn/s: 0.00
[ 171s ] thds: 16 tps: 566.94 qps: 3404.65 (r/w/o: 0.00/2229.77/1174.88) lat (ms,95%): 64.47 err/s: 0.00 reconn/s: 0.00
[ 172s ] thds: 16 tps: 583.87 qps: 3506.21 (r/w/o: 0.00/2297.48/1208.73) lat (ms,95%): 58.92 err/s: 0.00 reconn/s: 0.00
[ 173s ] thds: 16 tps: 590.21 qps: 3545.26 (r/w/o: 0.00/2324.83/1220.43) lat (ms,95%): 57.87 err/s: 0.00 reconn/s: 0.00
[ 174s ] thds: 16 tps: 598.22 qps: 3581.31 (r/w/o: 0.00/2339.86/1241.46) lat (ms,95%): 57.87 err/s: 0.00 reconn/s: 0.00
[ 175s ] thds: 16 tps: 609.64 qps: 3656.84 (r/w/o: 0.00/2398.58/1258.26) lat (ms,95%): 51.02 err/s: 0.00 reconn/s: 0.00
[ 176s ] thds: 16 tps: 586.05 qps: 3507.28 (r/w/o: 0.00/2302.18/1205.10) lat (ms,95%): 51.94 err/s: 0.00 reconn/s: 0.00
[ 177s ] thds: 16 tps: 517.07 qps: 3104.43 (r/w/o: 0.00/2040.28/1064.15) lat (ms,95%): 58.92 err/s: 0.00 reconn/s: 0.00
[ 178s ] thds: 16 tps: 516.86 qps: 3130.16 (r/w/o: 0.00/2064.45/1065.71) lat (ms,95%): 57.87 err/s: 0.00 reconn/s: 0.00
[ 179s ] thds: 16 tps: 529.37 qps: 3158.23 (r/w/o: 0.00/2062.46/1095.77) lat (ms,95%): 58.92 err/s: 0.00 reconn/s: 0.00
[ 180s ] thds: 16 tps: 569.70 qps: 3435.21 (r/w/o: 0.00/2257.83/1177.39) lat (ms,95%): 51.02 err/s: 0.00 reconn/s: 0.00
[ 181s ] thds: 16 tps: 569.96 qps: 3405.74 (r/w/o: 0.00/2220.83/1184.91) lat (ms,95%): 47.47 err/s: 0.00 reconn/s: 0.00
[ 182s ] thds: 16 tps: 553.11 qps: 3315.63 (r/w/o: 0.00/2180.42/1135.22) lat (ms,95%): 51.94 err/s: 0.00 reconn/s: 0.00
[ 183s ] thds: 16 tps: 557.91 qps: 3339.45 (r/w/o: 0.00/2187.64/1151.81) lat (ms,95%): 52.89 err/s: 0.00 reconn/s: 0.00
[ 184s ] thds: 16 tps: 552.00 qps: 3311.97 (r/w/o: 0.00/2173.98/1137.99) lat (ms,95%): 51.94 err/s: 0.00 reconn/s: 0.00
[ 185s ] thds: 16 tps: 563.01 qps: 3393.09 (r/w/o: 0.00/2237.06/1156.03) lat (ms,95%): 95.81 err/s: 0.00 reconn/s: 0.00
[ 186s ] thds: 16 tps: 543.24 qps: 3243.45 (r/w/o: 0.00/2121.95/1121.50) lat (ms,95%): 95.81 err/s: 0.00 reconn/s: 0.00
[ 187s ] thds: 16 tps: 499.80 qps: 3013.80 (r/w/o: 0.00/1979.21/1034.59) lat (ms,95%): 99.33 err/s: 0.00 reconn/s: 0.00
[ 188s ] thds: 16 tps: 495.17 qps: 2953.02 (r/w/o: 0.00/1936.67/1016.35) lat (ms,95%): 80.03 err/s: 0.00 reconn/s: 0.00
[ 189s ] thds: 16 tps: 535.03 qps: 3223.19 (r/w/o: 0.00/2115.12/1108.06) lat (ms,95%): 55.82 err/s: 0.00 reconn/s: 0.00
[ 190s ] thds: 16 tps: 565.66 qps: 3396.98 (r/w/o: 0.00/2217.68/1179.30) lat (ms,95%): 52.89 err/s: 0.00 reconn/s: 0.00
[ 191s ] thds: 16 tps: 557.09 qps: 3338.52 (r/w/o: 0.00/2195.34/1143.18) lat (ms,95%): 59.99 err/s: 0.00 reconn/s: 0.00
[ 192s ] thds: 16 tps: 553.04 qps: 3302.23 (r/w/o: 0.00/2165.15/1137.08) lat (ms,95%): 58.92 err/s: 0.00 reconn/s: 0.00
[ 193s ] thds: 16 tps: 542.21 qps: 3256.24 (r/w/o: 0.00/2133.81/1122.43) lat (ms,95%): 55.82 err/s: 0.00 reconn/s: 0.00
[ 194s ] thds: 16 tps: 612.65 qps: 3680.90 (r/w/o: 0.00/2421.62/1259.28) lat (ms,95%): 46.63 err/s: 0.00 reconn/s: 0.00
[ 195s ] thds: 16 tps: 577.95 qps: 3471.68 (r/w/o: 0.00/2268.79/1202.89) lat (ms,95%): 51.94 err/s: 0.00 reconn/s: 0.00
[ 196s ] thds: 16 tps: 523.09 qps: 3155.55 (r/w/o: 0.00/2071.36/1084.19) lat (ms,95%): 54.83 err/s: 0.00 reconn/s: 0.00
[ 197s ] thds: 16 tps: 520.03 qps: 3108.20 (r/w/o: 0.00/2038.13/1070.07) lat (ms,95%): 54.83 err/s: 0.00 reconn/s: 0.00
[ 198s ] thds: 16 tps: 521.79 qps: 3135.71 (r/w/o: 0.00/2066.15/1069.56) lat (ms,95%): 54.83 err/s: 0.00 reconn/s: 0.00
[ 199s ] thds: 16 tps: 603.25 qps: 3615.47 (r/w/o: 0.00/2365.96/1249.51) lat (ms,95%): 49.21 err/s: 0.00 reconn/s: 0.00
[ 200s ] thds: 16 tps: 593.64 qps: 3549.85 (r/w/o: 0.00/2330.59/1219.26) lat (ms,95%): 47.47 err/s: 0.00 reconn/s: 0.00
[ 201s ] thds: 16 tps: 531.40 qps: 3190.42 (r/w/o: 0.00/2085.58/1104.84) lat (ms,95%): 75.82 err/s: 0.00 reconn/s: 0.00
[ 202s ] thds: 16 tps: 519.21 qps: 3111.27 (r/w/o: 0.00/2039.84/1071.44) lat (ms,95%): 75.82 err/s: 0.00 reconn/s: 0.00
[ 203s ] thds: 16 tps: 523.96 qps: 3145.77 (r/w/o: 0.00/2054.85/1090.92) lat (ms,95%): 75.82 err/s: 0.00 reconn/s: 0.00
[ 204s ] thds: 16 tps: 545.76 qps: 3284.55 (r/w/o: 0.00/2160.04/1124.50) lat (ms,95%): 74.46 err/s: 0.00 reconn/s: 0.00
[ 205s ] thds: 16 tps: 522.20 qps: 3137.18 (r/w/o: 0.00/2061.78/1075.41) lat (ms,95%): 137.35 err/s: 0.00 reconn/s: 0.00
[ 206s ] thds: 16 tps: 516.73 qps: 3095.36 (r/w/o: 0.00/2024.92/1070.43) lat (ms,95%): 89.16 err/s: 0.00 reconn/s: 0.00
[ 207s ] thds: 16 tps: 555.23 qps: 3330.39 (r/w/o: 0.00/2181.91/1148.48) lat (ms,95%): 78.60 err/s: 0.00 reconn/s: 0.00
[ 208s ] thds: 16 tps: 585.07 qps: 3520.45 (r/w/o: 0.00/2311.29/1209.15) lat (ms,95%): 61.08 err/s: 0.00 reconn/s: 0.00
[ 209s ] thds: 16 tps: 595.01 qps: 3558.07 (r/w/o: 0.00/2330.04/1228.02) lat (ms,95%): 58.92 err/s: 0.00 reconn/s: 0.00
[ 210s ] thds: 16 tps: 587.94 qps: 3524.66 (r/w/o: 0.00/2312.78/1211.88) lat (ms,95%): 59.99 err/s: 0.00 reconn/s: 0.00
[ 211s ] thds: 16 tps: 546.03 qps: 3283.15 (r/w/o: 0.00/2164.10/1119.05) lat (ms,95%): 61.08 err/s: 0.00 reconn/s: 0.00
[ 212s ] thds: 16 tps: 531.63 qps: 3196.78 (r/w/o: 0.00/2106.54/1090.24) lat (ms,95%): 61.08 err/s: 0.00 reconn/s: 0.00
[ 213s ] thds: 16 tps: 531.45 qps: 3186.70 (r/w/o: 0.00/2082.76/1103.93) lat (ms,95%): 58.92 err/s: 0.00 reconn/s: 0.00
[ 214s ] thds: 16 tps: 510.55 qps: 3049.29 (r/w/o: 0.00/2004.22/1045.07) lat (ms,95%): 94.10 err/s: 0.00 reconn/s: 0.00
[ 215s ] thds: 16 tps: 514.42 qps: 3107.52 (r/w/o: 0.00/2036.65/1070.87) lat (ms,95%): 94.10 err/s: 0.00 reconn/s: 0.00
[ 216s ] thds: 16 tps: 552.54 qps: 3296.28 (r/w/o: 0.00/2154.22/1142.06) lat (ms,95%): 95.81 err/s: 0.00 reconn/s: 0.00
[ 217s ] thds: 16 tps: 579.45 qps: 3478.72 (r/w/o: 0.00/2279.78/1198.94) lat (ms,95%): 73.13 err/s: 0.00 reconn/s: 0.00
[ 218s ] thds: 16 tps: 541.02 qps: 3257.10 (r/w/o: 0.00/2139.06/1118.03) lat (ms,95%): 71.83 err/s: 0.00 reconn/s: 0.00
[ 219s ] thds: 16 tps: 541.75 qps: 3245.52 (r/w/o: 0.00/2129.03/1116.49) lat (ms,95%): 70.55 err/s: 0.00 reconn/s: 0.00
[ 220s ] thds: 16 tps: 554.96 qps: 3325.77 (r/w/o: 0.00/2185.85/1139.92) lat (ms,95%): 68.05 err/s: 0.00 reconn/s: 0.00
[ 221s ] thds: 16 tps: 602.02 qps: 3616.10 (r/w/o: 0.00/2375.06/1241.03) lat (ms,95%): 57.87 err/s: 0.00 reconn/s: 0.00
[ 222s ] thds: 16 tps: 593.25 qps: 3551.52 (r/w/o: 0.00/2317.99/1233.53) lat (ms,95%): 57.87 err/s: 0.00 reconn/s: 0.00
[ 223s ] thds: 16 tps: 563.69 qps: 3380.17 (r/w/o: 0.00/2213.80/1166.37) lat (ms,95%): 58.92 err/s: 0.00 reconn/s: 0.00
[ 224s ] thds: 16 tps: 498.31 qps: 2993.86 (r/w/o: 0.00/1973.23/1020.63) lat (ms,95%): 56.84 err/s: 0.00 reconn/s: 0.00
[ 225s ] thds: 16 tps: 459.98 qps: 2753.87 (r/w/o: 0.00/1797.92/955.96) lat (ms,95%): 56.84 err/s: 0.00 reconn/s: 0.00
[ 226s ] thds: 16 tps: 513.44 qps: 3081.64 (r/w/o: 0.00/2018.80/1062.84) lat (ms,95%): 55.82 err/s: 0.00 reconn/s: 0.00
[ 227s ] thds: 16 tps: 549.07 qps: 3308.41 (r/w/o: 0.00/2175.27/1133.14) lat (ms,95%): 54.83 err/s: 0.00 reconn/s: 0.00
[ 228s ] thds: 16 tps: 555.50 qps: 3330.00 (r/w/o: 0.00/2185.97/1144.03) lat (ms,95%): 53.85 err/s: 0.00 reconn/s: 0.00
[ 229s ] thds: 16 tps: 552.99 qps: 3318.96 (r/w/o: 0.00/2178.97/1139.99) lat (ms,95%): 53.85 err/s: 0.00 reconn/s: 0.00
[ 230s ] thds: 16 tps: 591.04 qps: 3539.26 (r/w/o: 0.00/2313.17/1226.09) lat (ms,95%): 51.94 err/s: 0.00 reconn/s: 0.00
[ 231s ] thds: 16 tps: 588.54 qps: 3531.22 (r/w/o: 0.00/2324.17/1207.05) lat (ms,95%): 52.89 err/s: 0.00 reconn/s: 0.00
[ 232s ] thds: 16 tps: 560.40 qps: 3370.38 (r/w/o: 0.00/2211.56/1158.82) lat (ms,95%): 114.72 err/s: 0.00 reconn/s: 0.00
[ 233s ] thds: 16 tps: 572.93 qps: 3421.60 (r/w/o: 0.00/2232.74/1188.86) lat (ms,95%): 116.80 err/s: 0.00 reconn/s: 0.00
[ 234s ] thds: 16 tps: 575.08 qps: 3464.50 (r/w/o: 0.00/2292.33/1172.17) lat (ms,95%): 114.72 err/s: 0.00 reconn/s: 0.00
[ 235s ] thds: 16 tps: 607.05 qps: 3630.31 (r/w/o: 0.00/2368.20/1262.11) lat (ms,95%): 89.16 err/s: 0.00 reconn/s: 0.00
[ 236s ] thds: 16 tps: 609.60 qps: 3672.59 (r/w/o: 0.00/2406.42/1266.17) lat (ms,95%): 86.00 err/s: 0.00 reconn/s: 0.00
[ 237s ] thds: 16 tps: 567.33 qps: 3395.98 (r/w/o: 0.00/2232.30/1163.68) lat (ms,95%): 86.00 err/s: 0.00 reconn/s: 0.00
[ 238s ] thds: 16 tps: 545.00 qps: 3285.02 (r/w/o: 0.00/2157.01/1128.01) lat (ms,95%): 87.56 err/s: 0.00 reconn/s: 0.00
[ 239s ] thds: 16 tps: 555.75 qps: 3314.50 (r/w/o: 0.00/2164.02/1150.48) lat (ms,95%): 61.08 err/s: 0.00 reconn/s: 0.00
[ 240s ] thds: 16 tps: 543.29 qps: 3265.72 (r/w/o: 0.00/2148.13/1117.59) lat (ms,95%): 59.99 err/s: 0.00 reconn/s: 0.00
Latency histogram (values are in milliseconds)
       value  ------------- distribution ------------- count
       9.560 |                                         1
       9.734 |                                         2
       9.910 |                                         2
      10.090 |                                         5
      10.274 |                                         6
      10.460 |                                         14
      10.651 |                                         43
      10.844 |*                                        49
      11.041 |*                                        61
      11.242 |*                                        131
      11.446 |**                                       180
      11.654 |***                                      327
      11.866 |****                                     360
      12.081 |*****                                    508
      12.301 |********                                 735
      12.524 |************                             1153
      12.752 |*****************                        1662
      12.984 |***************                          1462
      13.219 |*****************                        1630
      13.460 |*******************                      1858
      13.704 |****************************             2738
      13.953 |**********************                   2112
      14.207 |******************                       1727
      14.465 |***************                          1513
      14.728 |*******************                      1816
      14.995 |*************                            1308
      15.268 |*********                                921
      15.545 |********                                 766
      15.828 |**********                               953
      16.115 |********                                 758
      16.408 |*********                                867
      16.706 |*************                            1305
      17.010 |*******************                      1907
      17.319 |******************                       1793
      17.633 |***********************                  2282
      17.954 |**************************************** 3920
      18.280 |*******************************          3048
      18.612 |***************************              2660
      18.950 |***********************************      3445
      19.295 |************************                 2324
      19.645 |***************                          1500
      20.002 |********************                     2005
      20.366 |****************                         1554
      20.736 |****************                         1576
      21.112 |*************************                2458
      21.496 |*********************                    2083
      21.886 |**********************                   2107
      22.284 |***************************              2661
      22.689 |****************                         1609
      23.101 |*******************                      1837
      23.521 |***************                          1492
      23.948 |*************                            1294
      24.384 |******************                       1786
      24.827 |**************                           1330
      25.278 |******************                       1740
      25.737 |**************                           1395
      26.205 |****************                         1533
      26.681 |***************                          1466
      27.165 |*************                            1237
      27.659 |***************                          1507
      28.162 |************                             1134
      28.673 |**************                           1413
      29.194 |************                             1160
      29.725 |**************                           1344
      30.265 |***********                              1038
      30.815 |*************                            1241
      31.375 |*********                                906
      31.945 |*********                                836
      32.525 |*******                                  718
      33.116 |******                                   618
      33.718 |********                                 826
      34.330 |*******                                  665
      34.954 |**********                               980
      35.589 |*********                                877
      36.236 |***********                              1031
      36.894 |************                             1204
      37.565 |**********                               946
      38.247 |*************                            1255
      38.942 |************                             1220
      39.650 |**********                               974
      40.370 |************                             1128
      41.104 |************                             1148
      41.851 |*********                                908
      42.611 |***********                              1074
      43.385 |************                             1151
      44.173 |***********                              1066
      44.976 |**********                               967
      45.793 |**********                               989
      46.625 |*********                                930
      47.472 |*********                                904
      48.335 |**********                               947
      49.213 |***********                              1079
      50.107 |************                             1164
      51.018 |************                             1215
      51.945 |*************                            1226
      52.889 |***********                              1114
      53.850 |**********                               987
      54.828 |*********                                858
      55.824 |********                                 741
      56.839 |*******                                  704
      57.871 |*******                                  683
      58.923 |*******                                  656
      59.993 |******                                   540
      61.083 |*****                                    453
      62.193 |****                                     413
      63.323 |****                                     366
      64.474 |***                                      318
      65.645 |***                                      257
      66.838 |**                                       200
      68.053 |***                                      261
      69.289 |**                                       231
      70.548 |**                                       219
      71.830 |**                                       213
      73.135 |**                                       149
      74.464 |*                                        135
      75.817 |*                                        141
      77.194 |*                                        124
      78.597 |*                                        115
      80.025 |*                                        80
      81.479 |*                                        55
      82.959 |*                                        61
      84.467 |*                                        68
      86.002 |*                                        87
      87.564 |*                                        130
      89.155 |*                                        137
      90.775 |*                                        130
      92.424 |*                                        110
      94.104 |*                                        98
      95.814 |*                                        120
      97.555 |*                                        101
      99.327 |*                                        142
     101.132 |*                                        137
     102.969 |*                                        71
     104.840 |*                                        51
     106.745 |                                         47
     108.685 |                                         35
     110.659 |                                         24
     112.670 |                                         24
     114.717 |                                         27
     116.802 |*                                        50
     118.924 |*                                        58
     121.085 |*                                        77
     123.285 |*                                        89
     125.525 |*                                        78
     127.805 |*                                        79
     130.128 |*                                        52
     132.492 |                                         31
     134.899 |                                         21
     137.350 |                                         10
     139.846 |                                         11
     142.387 |                                         15
     144.974 |                                         31
     147.608 |                                         41
     150.290 |                                         34
     153.021 |                                         35
     155.801 |                                         8
     158.632 |                                         1
     167.437 |                                         1
     173.577 |                                         2
     193.380 |                                         1
     196.894 |                                         2
     211.599 |                                         1
     219.358 |                                         1
     223.344 |                                         1
     231.534 |                                         5
     277.214 |                                         4
     282.251 |                                         5
     287.379 |                                         9
     292.601 |                                         7
    2009.233 |                                         1
    3511.192 |                                         1
 
SQL statistics:
    queries performed:
        read:                            0
        write:                           516289
        other:                           270724
        total:                           787013
    transactions:                        131179 (546.44 per sec.)
    queries:                             787013 (3278.38 per sec.)
    ignored errors:                      0      (0.00 per sec.)
    reconnects:                          0      (0.00 per sec.)

Throughput:
    events/s (eps):                      546.4394
    time elapsed:                        240.0616s
    total number of events:              131179

Latency (ms):
         min:                                    9.50
         avg:                                   29.28
         max:                                 3510.38
         95th percentile:                       59.99
         sum:                              3840300.42

Threads fairness:
    events (avg/stddev):           8198.5625/3713.52
    execution time (avg/stddev):   240.0188/0.04

