sysbench 1.1.0-3ceba0b (using bundled LuaJIT 2.1.0-beta3)

Running the test with following options:
Number of threads: 1024
Warmup time: 60s
Report intermediate results every 1 second(s)
Initializing random number generator from current time


Initializing worker threads...

Threads started!

Warming up for 60 seconds...

[ 1s ] thds: 1024 tps: 4480.27 qps: 4480.27 (r/w/o: 0.00/4381.49/98.79) lat (ms,95%): 511.33 err/s: 0.00 reconn/s: 0.00
[ 2s ] thds: 1024 tps: 3628.83 qps: 3628.83 (r/w/o: 0.00/3549.77/79.06) lat (ms,95%): 511.33 err/s: 0.00 reconn/s: 0.00
[ 3s ] thds: 1024 tps: 3676.96 qps: 3676.96 (r/w/o: 0.00/3600.00/76.96) lat (ms,95%): 511.33 err/s: 0.00 reconn/s: 0.00
[ 4s ] thds: 1024 tps: 3522.20 qps: 3522.20 (r/w/o: 0.00/3444.19/78.00) lat (ms,95%): 707.07 err/s: 0.00 reconn/s: 0.00
[ 5s ] thds: 1024 tps: 3617.69 qps: 3617.69 (r/w/o: 0.00/3536.65/81.04) lat (ms,95%): 707.07 err/s: 0.00 reconn/s: 0.00
[ 6s ] thds: 1024 tps: 3478.87 qps: 3478.87 (r/w/o: 0.00/3396.92/81.95) lat (ms,95%): 719.92 err/s: 0.00 reconn/s: 0.00
[ 7s ] thds: 1024 tps: 4707.98 qps: 4707.98 (r/w/o: 0.00/4605.98/102.00) lat (ms,95%): 467.30 err/s: 0.00 reconn/s: 0.00
[ 8s ] thds: 1024 tps: 8047.31 qps: 8047.31 (r/w/o: 0.00/7866.28/181.03) lat (ms,95%): 253.35 err/s: 0.00 reconn/s: 0.00
[ 9s ] thds: 1024 tps: 4041.89 qps: 4041.89 (r/w/o: 0.00/3948.84/93.04) lat (ms,95%): 272.27 err/s: 0.00 reconn/s: 0.00
[ 10s ] thds: 1024 tps: 3830.60 qps: 3830.60 (r/w/o: 0.00/3727.63/102.96) lat (ms,95%): 467.30 err/s: 0.00 reconn/s: 0.00
[ 11s ] thds: 1024 tps: 3678.34 qps: 3678.34 (r/w/o: 0.00/3614.32/64.02) lat (ms,95%): 467.30 err/s: 0.00 reconn/s: 0.00
[ 12s ] thds: 1024 tps: 3733.45 qps: 3732.45 (r/w/o: 0.00/3652.48/79.97) lat (ms,95%): 434.83 err/s: 0.00 reconn/s: 0.00
[ 13s ] thds: 1024 tps: 3793.54 qps: 3794.54 (r/w/o: 0.00/3705.52/89.01) lat (ms,95%): 419.45 err/s: 0.00 reconn/s: 0.00
[ 14s ] thds: 1024 tps: 3680.69 qps: 3680.69 (r/w/o: 0.00/3606.70/73.99) lat (ms,95%): 419.45 err/s: 0.00 reconn/s: 0.00
[ 15s ] thds: 1024 tps: 3698.37 qps: 3698.37 (r/w/o: 0.00/3620.34/78.03) lat (ms,95%): 419.45 err/s: 0.00 reconn/s: 0.00
[ 16s ] thds: 1024 tps: 3657.17 qps: 3657.17 (r/w/o: 0.00/3580.20/76.96) lat (ms,95%): 419.45 err/s: 0.00 reconn/s: 0.00
[ 17s ] thds: 1024 tps: 3709.23 qps: 3709.23 (r/w/o: 0.00/3630.23/79.00) lat (ms,95%): 369.77 err/s: 0.00 reconn/s: 0.00
[ 18s ] thds: 1024 tps: 3675.22 qps: 3675.22 (r/w/o: 0.00/3588.23/86.98) lat (ms,95%): 369.77 err/s: 0.00 reconn/s: 0.00
[ 19s ] thds: 1024 tps: 3664.38 qps: 3664.38 (r/w/o: 0.00/3585.33/79.05) lat (ms,95%): 369.77 err/s: 0.00 reconn/s: 0.00
[ 20s ] thds: 1024 tps: 3649.03 qps: 3649.03 (r/w/o: 0.00/3558.08/90.95) lat (ms,95%): 369.77 err/s: 0.00 reconn/s: 0.00
[ 21s ] thds: 1024 tps: 3787.11 qps: 3787.11 (r/w/o: 0.00/3712.07/75.04) lat (ms,95%): 363.18 err/s: 0.00 reconn/s: 0.00
[ 22s ] thds: 1024 tps: 3802.74 qps: 3802.74 (r/w/o: 0.00/3717.77/84.97) lat (ms,95%): 344.08 err/s: 0.00 reconn/s: 0.00
[ 23s ] thds: 1024 tps: 3727.02 qps: 3727.02 (r/w/o: 0.00/3649.06/77.96) lat (ms,95%): 356.70 err/s: 0.00 reconn/s: 0.00
[ 24s ] thds: 1024 tps: 3628.58 qps: 3628.58 (r/w/o: 0.00/3554.54/74.03) lat (ms,95%): 363.18 err/s: 0.00 reconn/s: 0.00
[ 25s ] thds: 1024 tps: 3695.13 qps: 3695.13 (r/w/o: 0.00/3610.15/84.98) lat (ms,95%): 363.18 err/s: 0.00 reconn/s: 0.00
[ 26s ] thds: 1024 tps: 3546.41 qps: 3546.41 (r/w/o: 0.00/3479.36/67.05) lat (ms,95%): 427.07 err/s: 0.00 reconn/s: 0.00
[ 27s ] thds: 1024 tps: 3626.12 qps: 3626.12 (r/w/o: 0.00/3554.14/71.98) lat (ms,95%): 427.07 err/s: 0.00 reconn/s: 0.00
[ 28s ] thds: 1024 tps: 3689.75 qps: 3689.75 (r/w/o: 0.00/3594.73/95.02) lat (ms,95%): 427.07 err/s: 0.00 reconn/s: 0.00
[ 29s ] thds: 1024 tps: 3675.99 qps: 3674.99 (r/w/o: 0.00/3591.04/83.95) lat (ms,95%): 427.07 err/s: 0.00 reconn/s: 0.00
[ 30s ] thds: 1024 tps: 3633.23 qps: 3634.23 (r/w/o: 0.00/3541.22/93.01) lat (ms,95%): 467.30 err/s: 0.00 reconn/s: 0.00
[ 31s ] thds: 1024 tps: 3650.62 qps: 3650.62 (r/w/o: 0.00/3559.58/91.04) lat (ms,95%): 467.30 err/s: 0.00 reconn/s: 0.00
[ 32s ] thds: 1024 tps: 3648.94 qps: 3648.94 (r/w/o: 0.00/3568.94/80.00) lat (ms,95%): 467.30 err/s: 0.00 reconn/s: 0.00
[ 33s ] thds: 1024 tps: 3697.20 qps: 3697.20 (r/w/o: 0.00/3607.24/89.96) lat (ms,95%): 467.30 err/s: 0.00 reconn/s: 0.00
[ 34s ] thds: 1024 tps: 3746.43 qps: 3746.43 (r/w/o: 0.00/3665.42/81.01) lat (ms,95%): 337.94 err/s: 0.00 reconn/s: 0.00
[ 35s ] thds: 1024 tps: 3672.44 qps: 3672.44 (r/w/o: 0.00/3588.41/84.03) lat (ms,95%): 337.94 err/s: 0.00 reconn/s: 0.00
[ 36s ] thds: 1024 tps: 3602.55 qps: 3602.55 (r/w/o: 0.00/3528.58/73.97) lat (ms,95%): 337.94 err/s: 0.00 reconn/s: 0.00
[ 37s ] thds: 1024 tps: 3789.18 qps: 3789.18 (r/w/o: 0.00/3721.18/68.00) lat (ms,95%): 331.91 err/s: 0.00 reconn/s: 0.00
[ 38s ] thds: 1024 tps: 3885.13 qps: 3885.13 (r/w/o: 0.00/3807.14/77.98) lat (ms,95%): 314.45 err/s: 0.00 reconn/s: 0.00
[ 39s ] thds: 1024 tps: 3812.69 qps: 3812.69 (r/w/o: 0.00/3727.68/85.02) lat (ms,95%): 369.77 err/s: 0.00 reconn/s: 0.00
[ 40s ] thds: 1024 tps: 3525.59 qps: 3525.59 (r/w/o: 0.00/3455.56/70.03) lat (ms,95%): 434.83 err/s: 0.00 reconn/s: 0.00
[ 41s ] thds: 1024 tps: 3412.97 qps: 3412.97 (r/w/o: 0.00/3346.97/66.00) lat (ms,95%): 475.79 err/s: 0.00 reconn/s: 0.00
[ 42s ] thds: 1024 tps: 3571.79 qps: 3571.79 (r/w/o: 0.00/3489.80/82.00) lat (ms,95%): 475.79 err/s: 0.00 reconn/s: 0.00
[ 43s ] thds: 1024 tps: 3682.72 qps: 3682.72 (r/w/o: 0.00/3606.74/75.97) lat (ms,95%): 475.79 err/s: 0.00 reconn/s: 0.00
[ 44s ] thds: 1024 tps: 3619.27 qps: 3619.27 (r/w/o: 0.00/3538.24/81.03) lat (ms,95%): 520.62 err/s: 0.00 reconn/s: 0.00
[ 45s ] thds: 1024 tps: 3607.02 qps: 3607.02 (r/w/o: 0.00/3535.06/71.96) lat (ms,95%): 590.56 err/s: 0.00 reconn/s: 0.00
[ 46s ] thds: 1024 tps: 3587.52 qps: 3587.52 (r/w/o: 0.00/3505.48/82.03) lat (ms,95%): 590.56 err/s: 0.00 reconn/s: 0.00
[ 47s ] thds: 1024 tps: 3717.67 qps: 3717.67 (r/w/o: 0.00/3649.66/68.01) lat (ms,95%): 590.56 err/s: 0.00 reconn/s: 0.00
[ 48s ] thds: 1024 tps: 3946.00 qps: 3946.00 (r/w/o: 0.00/3869.00/77.00) lat (ms,95%): 344.08 err/s: 0.00 reconn/s: 0.00
[ 49s ] thds: 1024 tps: 4013.83 qps: 4013.83 (r/w/o: 0.00/3924.87/88.95) lat (ms,95%): 303.33 err/s: 0.00 reconn/s: 0.00
[ 50s ] thds: 1024 tps: 3644.52 qps: 3644.52 (r/w/o: 0.00/3559.48/85.04) lat (ms,95%): 344.08 err/s: 0.00 reconn/s: 0.00
[ 51s ] thds: 1024 tps: 3568.01 qps: 3568.01 (r/w/o: 0.00/3490.01/78.00) lat (ms,95%): 344.08 err/s: 0.00 reconn/s: 0.00
[ 52s ] thds: 1024 tps: 3648.10 qps: 3648.10 (r/w/o: 0.00/3569.10/79.00) lat (ms,95%): 344.08 err/s: 0.00 reconn/s: 0.00
[ 53s ] thds: 1024 tps: 3711.65 qps: 3711.65 (r/w/o: 0.00/3621.66/89.99) lat (ms,95%): 344.08 err/s: 0.00 reconn/s: 0.00
[ 54s ] thds: 1024 tps: 3653.21 qps: 3653.21 (r/w/o: 0.00/3563.26/89.96) lat (ms,95%): 376.49 err/s: 0.00 reconn/s: 0.00
[ 55s ] thds: 1024 tps: 3649.49 qps: 3649.49 (r/w/o: 0.00/3564.43/85.06) lat (ms,95%): 383.33 err/s: 0.00 reconn/s: 0.00
[ 56s ] thds: 1024 tps: 3623.86 qps: 3623.86 (r/w/o: 0.00/3550.87/73.00) lat (ms,95%): 383.33 err/s: 0.00 reconn/s: 0.00
[ 57s ] thds: 1024 tps: 3718.11 qps: 3718.11 (r/w/o: 0.00/3624.11/94.00) lat (ms,95%): 383.33 err/s: 0.00 reconn/s: 0.00
[ 58s ] thds: 1024 tps: 3680.30 qps: 3680.30 (r/w/o: 0.00/3602.33/77.96) lat (ms,95%): 427.07 err/s: 0.00 reconn/s: 0.00
[ 59s ] thds: 1024 tps: 3660.58 qps: 3660.58 (r/w/o: 0.00/3577.54/83.04) lat (ms,95%): 442.73 err/s: 0.00 reconn/s: 0.00
[ 60s ] thds: 1024 tps: 3652.98 qps: 3652.98 (r/w/o: 0.00/3575.98/77.00) lat (ms,95%): 442.73 err/s: 0.00 reconn/s: 0.00
[ 61s ] thds: 1024 tps: 3701.77 qps: 3701.77 (r/w/o: 0.00/3619.80/81.97) lat (ms,95%): 442.73 err/s: 0.00 reconn/s: 0.00
[ 62s ] thds: 1024 tps: 3739.13 qps: 3739.13 (r/w/o: 0.00/3663.10/76.02) lat (ms,95%): 475.79 err/s: 0.00 reconn/s: 0.00
[ 63s ] thds: 1024 tps: 3756.59 qps: 3756.59 (r/w/o: 0.00/3674.60/81.99) lat (ms,95%): 467.30 err/s: 0.00 reconn/s: 0.00
[ 64s ] thds: 1024 tps: 3763.54 qps: 3763.54 (r/w/o: 0.00/3692.53/71.01) lat (ms,95%): 363.18 err/s: 0.00 reconn/s: 0.00
[ 65s ] thds: 1024 tps: 3637.44 qps: 3637.44 (r/w/o: 0.00/3553.45/83.99) lat (ms,95%): 404.61 err/s: 0.00 reconn/s: 0.00
[ 66s ] thds: 1024 tps: 3693.37 qps: 3693.37 (r/w/o: 0.00/3613.36/80.01) lat (ms,95%): 356.70 err/s: 0.00 reconn/s: 0.00
[ 67s ] thds: 1024 tps: 3743.14 qps: 3743.14 (r/w/o: 0.00/3667.14/76.00) lat (ms,95%): 350.33 err/s: 0.00 reconn/s: 0.00
[ 68s ] thds: 1024 tps: 3728.24 qps: 3728.24 (r/w/o: 0.00/3636.24/92.01) lat (ms,95%): 350.33 err/s: 0.00 reconn/s: 0.00
[ 69s ] thds: 1024 tps: 3729.81 qps: 3729.81 (r/w/o: 0.00/3649.81/80.00) lat (ms,95%): 350.33 err/s: 0.00 reconn/s: 0.00
[ 70s ] thds: 1024 tps: 3697.03 qps: 3697.03 (r/w/o: 0.00/3616.03/81.00) lat (ms,95%): 344.08 err/s: 0.00 reconn/s: 0.00
[ 71s ] thds: 1024 tps: 3668.63 qps: 3668.63 (r/w/o: 0.00/3591.64/76.99) lat (ms,95%): 404.61 err/s: 0.00 reconn/s: 0.00
[ 72s ] thds: 1024 tps: 3670.21 qps: 3670.21 (r/w/o: 0.00/3597.27/72.94) lat (ms,95%): 404.61 err/s: 0.00 reconn/s: 0.00
[ 73s ] thds: 1024 tps: 3525.36 qps: 3525.36 (r/w/o: 0.00/3462.34/63.02) lat (ms,95%): 404.61 err/s: 0.00 reconn/s: 0.00
[ 74s ] thds: 1024 tps: 3646.59 qps: 3646.59 (r/w/o: 0.00/3557.55/89.04) lat (ms,95%): 344.08 err/s: 0.00 reconn/s: 0.00
[ 75s ] thds: 1024 tps: 3681.95 qps: 3681.95 (r/w/o: 0.00/3599.95/82.00) lat (ms,95%): 314.45 err/s: 0.00 reconn/s: 0.00
[ 76s ] thds: 1024 tps: 3685.73 qps: 3685.73 (r/w/o: 0.00/3577.74/107.99) lat (ms,95%): 325.98 err/s: 0.00 reconn/s: 0.00
[ 77s ] thds: 1024 tps: 3584.80 qps: 3584.80 (r/w/o: 0.00/3509.81/75.00) lat (ms,95%): 325.98 err/s: 0.00 reconn/s: 0.00
[ 78s ] thds: 1024 tps: 3644.59 qps: 3644.59 (r/w/o: 0.00/3569.58/75.01) lat (ms,95%): 325.98 err/s: 0.00 reconn/s: 0.00
[ 79s ] thds: 1024 tps: 3613.16 qps: 3613.16 (r/w/o: 0.00/3537.19/75.96) lat (ms,95%): 325.98 err/s: 0.00 reconn/s: 0.00
[ 80s ] thds: 1024 tps: 5907.07 qps: 5907.07 (r/w/o: 0.00/5777.11/129.96) lat (ms,95%): 292.60 err/s: 0.00 reconn/s: 0.00
[ 81s ] thds: 1024 tps: 7297.43 qps: 7297.43 (r/w/o: 0.00/7128.28/169.15) lat (ms,95%): 277.21 err/s: 0.00 reconn/s: 0.00
[ 82s ] thds: 1024 tps: 3670.36 qps: 3670.36 (r/w/o: 0.00/3590.37/79.99) lat (ms,95%): 292.60 err/s: 0.00 reconn/s: 0.00
[ 83s ] thds: 1024 tps: 3685.68 qps: 3685.68 (r/w/o: 0.00/3598.73/86.95) lat (ms,95%): 292.60 err/s: 0.00 reconn/s: 0.00
[ 84s ] thds: 1024 tps: 3644.74 qps: 3644.74 (r/w/o: 0.00/3561.68/83.06) lat (ms,95%): 314.45 err/s: 0.00 reconn/s: 0.00
[ 85s ] thds: 1024 tps: 3698.20 qps: 3698.20 (r/w/o: 0.00/3617.20/81.00) lat (ms,95%): 314.45 err/s: 0.00 reconn/s: 0.00
[ 86s ] thds: 1024 tps: 3670.91 qps: 3670.91 (r/w/o: 0.00/3604.91/66.00) lat (ms,95%): 314.45 err/s: 0.00 reconn/s: 0.00
[ 87s ] thds: 1024 tps: 3671.07 qps: 3671.07 (r/w/o: 0.00/3588.06/83.00) lat (ms,95%): 314.45 err/s: 0.00 reconn/s: 0.00
[ 88s ] thds: 1024 tps: 3639.01 qps: 3639.01 (r/w/o: 0.00/3565.01/74.00) lat (ms,95%): 308.84 err/s: 0.00 reconn/s: 0.00
[ 89s ] thds: 1024 tps: 3872.10 qps: 3872.10 (r/w/o: 0.00/3797.10/75.00) lat (ms,95%): 308.84 err/s: 0.00 reconn/s: 0.00
[ 90s ] thds: 1024 tps: 3769.92 qps: 3769.92 (r/w/o: 0.00/3685.93/84.00) lat (ms,95%): 308.84 err/s: 0.00 reconn/s: 0.00
[ 91s ] thds: 1024 tps: 3615.91 qps: 3615.91 (r/w/o: 0.00/3551.94/63.96) lat (ms,95%): 458.96 err/s: 0.00 reconn/s: 0.00
[ 92s ] thds: 1024 tps: 3605.02 qps: 3605.02 (r/w/o: 0.00/3522.97/82.05) lat (ms,95%): 458.96 err/s: 0.00 reconn/s: 0.00
[ 93s ] thds: 1024 tps: 3613.28 qps: 3613.28 (r/w/o: 0.00/3536.30/76.98) lat (ms,95%): 458.96 err/s: 0.00 reconn/s: 0.00
[ 94s ] thds: 1024 tps: 3681.69 qps: 3681.69 (r/w/o: 0.00/3589.67/92.02) lat (ms,95%): 434.83 err/s: 0.00 reconn/s: 0.00
[ 95s ] thds: 1024 tps: 3663.89 qps: 3663.89 (r/w/o: 0.00/3583.96/79.93) lat (ms,95%): 442.73 err/s: 0.00 reconn/s: 0.00
[ 96s ] thds: 1024 tps: 3635.39 qps: 3635.39 (r/w/o: 0.00/3552.34/83.05) lat (ms,95%): 442.73 err/s: 0.00 reconn/s: 0.00
[ 97s ] thds: 1024 tps: 3650.64 qps: 3650.64 (r/w/o: 0.00/3580.62/70.01) lat (ms,95%): 442.73 err/s: 0.00 reconn/s: 0.00
[ 98s ] thds: 1024 tps: 3772.03 qps: 3772.03 (r/w/o: 0.00/3683.03/89.00) lat (ms,95%): 383.33 err/s: 0.00 reconn/s: 0.00
[ 99s ] thds: 1024 tps: 3738.71 qps: 3738.71 (r/w/o: 0.00/3665.72/72.99) lat (ms,95%): 390.30 err/s: 0.00 reconn/s: 0.00
[ 100s ] thds: 1024 tps: 3625.53 qps: 3625.53 (r/w/o: 0.00/3543.59/81.94) lat (ms,95%): 390.30 err/s: 0.00 reconn/s: 0.00
[ 101s ] thds: 1024 tps: 3563.91 qps: 3563.91 (r/w/o: 0.00/3484.92/79.00) lat (ms,95%): 390.30 err/s: 0.00 reconn/s: 0.00
[ 102s ] thds: 1024 tps: 3723.47 qps: 3723.47 (r/w/o: 0.00/3649.48/73.99) lat (ms,95%): 383.33 err/s: 0.00 reconn/s: 0.00
[ 103s ] thds: 1024 tps: 3715.23 qps: 3715.23 (r/w/o: 0.00/3644.23/71.00) lat (ms,95%): 383.33 err/s: 0.00 reconn/s: 0.00
[ 104s ] thds: 1024 tps: 3632.10 qps: 3632.10 (r/w/o: 0.00/3542.10/90.00) lat (ms,95%): 383.33 err/s: 0.00 reconn/s: 0.00
[ 105s ] thds: 1024 tps: 3629.48 qps: 3629.48 (r/w/o: 0.00/3553.43/76.05) lat (ms,95%): 383.33 err/s: 0.00 reconn/s: 0.00
[ 106s ] thds: 1024 tps: 3654.42 qps: 3654.42 (r/w/o: 0.00/3572.41/82.01) lat (ms,95%): 308.84 err/s: 0.00 reconn/s: 0.00
[ 107s ] thds: 1024 tps: 3646.15 qps: 3646.15 (r/w/o: 0.00/3571.20/74.94) lat (ms,95%): 303.33 err/s: 0.00 reconn/s: 0.00
[ 108s ] thds: 1024 tps: 3937.27 qps: 3937.27 (r/w/o: 0.00/3861.28/75.99) lat (ms,95%): 303.33 err/s: 0.00 reconn/s: 0.00
[ 109s ] thds: 1024 tps: 3707.35 qps: 3707.35 (r/w/o: 0.00/3625.28/82.07) lat (ms,95%): 303.33 err/s: 0.00 reconn/s: 0.00
[ 110s ] thds: 1024 tps: 3616.60 qps: 3616.60 (r/w/o: 0.00/3552.61/63.99) lat (ms,95%): 458.96 err/s: 0.00 reconn/s: 0.00
[ 111s ] thds: 1024 tps: 3592.28 qps: 3592.28 (r/w/o: 0.00/3503.28/89.01) lat (ms,95%): 458.96 err/s: 0.00 reconn/s: 0.00
[ 112s ] thds: 1024 tps: 3677.37 qps: 3677.37 (r/w/o: 0.00/3604.36/73.01) lat (ms,95%): 458.96 err/s: 0.00 reconn/s: 0.00
[ 113s ] thds: 1024 tps: 3678.12 qps: 3678.12 (r/w/o: 0.00/3592.11/86.00) lat (ms,95%): 363.18 err/s: 0.00 reconn/s: 0.00
[ 114s ] thds: 1024 tps: 3654.63 qps: 3654.63 (r/w/o: 0.00/3574.64/79.99) lat (ms,95%): 390.30 err/s: 0.00 reconn/s: 0.00
[ 115s ] thds: 1024 tps: 3644.12 qps: 3644.12 (r/w/o: 0.00/3559.14/84.98) lat (ms,95%): 383.33 err/s: 0.00 reconn/s: 0.00
[ 116s ] thds: 1024 tps: 3708.28 qps: 3708.28 (r/w/o: 0.00/3635.26/73.03) lat (ms,95%): 383.33 err/s: 0.00 reconn/s: 0.00
[ 117s ] thds: 1024 tps: 3797.02 qps: 3797.02 (r/w/o: 0.00/3710.09/86.93) lat (ms,95%): 383.33 err/s: 0.00 reconn/s: 0.00
[ 118s ] thds: 1024 tps: 3769.67 qps: 3769.67 (r/w/o: 0.00/3691.61/78.06) lat (ms,95%): 383.33 err/s: 0.00 reconn/s: 0.00
[ 119s ] thds: 1024 tps: 3592.85 qps: 3592.85 (r/w/o: 0.00/3512.86/80.00) lat (ms,95%): 390.30 err/s: 0.00 reconn/s: 0.00
[ 120s ] thds: 1024 tps: 3625.52 qps: 3625.52 (r/w/o: 0.00/3548.51/77.01) lat (ms,95%): 390.30 err/s: 0.00 reconn/s: 0.00
[ 121s ] thds: 1024 tps: 3680.05 qps: 3680.05 (r/w/o: 0.00/3604.12/75.94) lat (ms,95%): 390.30 err/s: 0.00 reconn/s: 0.00
[ 122s ] thds: 1024 tps: 3692.96 qps: 3692.96 (r/w/o: 0.00/3620.90/72.06) lat (ms,95%): 363.18 err/s: 0.00 reconn/s: 0.00
[ 123s ] thds: 1024 tps: 3648.01 qps: 3648.01 (r/w/o: 0.00/3574.07/73.94) lat (ms,95%): 356.70 err/s: 0.00 reconn/s: 0.00
[ 124s ] thds: 1024 tps: 3633.45 qps: 3633.45 (r/w/o: 0.00/3533.38/100.07) lat (ms,95%): 363.18 err/s: 0.00 reconn/s: 0.00
[ 125s ] thds: 1024 tps: 3682.19 qps: 3682.19 (r/w/o: 0.00/3599.21/82.98) lat (ms,95%): 363.18 err/s: 0.00 reconn/s: 0.00
[ 126s ] thds: 1024 tps: 3672.33 qps: 3672.33 (r/w/o: 0.00/3598.31/74.03) lat (ms,95%): 356.70 err/s: 0.00 reconn/s: 0.00
[ 127s ] thds: 1024 tps: 3653.44 qps: 3653.44 (r/w/o: 0.00/3569.46/83.99) lat (ms,95%): 350.33 err/s: 0.00 reconn/s: 0.00
[ 128s ] thds: 1024 tps: 3647.74 qps: 3647.74 (r/w/o: 0.00/3573.78/73.95) lat (ms,95%): 350.33 err/s: 0.00 reconn/s: 0.00
[ 129s ] thds: 1024 tps: 3665.03 qps: 3665.03 (r/w/o: 0.00/3595.99/69.04) lat (ms,95%): 350.33 err/s: 0.00 reconn/s: 0.00
[ 130s ] thds: 1024 tps: 3768.34 qps: 3768.34 (r/w/o: 0.00/3694.33/74.01) lat (ms,95%): 325.98 err/s: 0.00 reconn/s: 0.00
[ 131s ] thds: 1024 tps: 3771.28 qps: 3771.28 (r/w/o: 0.00/3685.30/85.98) lat (ms,95%): 320.17 err/s: 0.00 reconn/s: 0.00
[ 132s ] thds: 1024 tps: 3673.08 qps: 3673.08 (r/w/o: 0.00/3601.08/72.00) lat (ms,95%): 411.96 err/s: 0.00 reconn/s: 0.00
[ 133s ] thds: 1024 tps: 3609.21 qps: 3609.21 (r/w/o: 0.00/3538.24/70.96) lat (ms,95%): 411.96 err/s: 0.00 reconn/s: 0.00
[ 134s ] thds: 1024 tps: 3629.40 qps: 3629.40 (r/w/o: 0.00/3551.35/78.05) lat (ms,95%): 404.61 err/s: 0.00 reconn/s: 0.00
[ 135s ] thds: 1024 tps: 3689.10 qps: 3689.10 (r/w/o: 0.00/3615.16/73.94) lat (ms,95%): 397.39 err/s: 0.00 reconn/s: 0.00
[ 136s ] thds: 1024 tps: 3656.70 qps: 3656.70 (r/w/o: 0.00/3564.68/92.02) lat (ms,95%): 397.39 err/s: 0.00 reconn/s: 0.00
[ 137s ] thds: 1024 tps: 3662.01 qps: 3662.01 (r/w/o: 0.00/3593.03/68.98) lat (ms,95%): 397.39 err/s: 0.00 reconn/s: 0.00
[ 138s ] thds: 1024 tps: 3670.72 qps: 3670.72 (r/w/o: 0.00/3596.67/74.05) lat (ms,95%): 397.39 err/s: 0.00 reconn/s: 0.00
[ 139s ] thds: 1024 tps: 3678.78 qps: 3678.78 (r/w/o: 0.00/3606.76/72.02) lat (ms,95%): 376.49 err/s: 0.00 reconn/s: 0.00
[ 140s ] thds: 1024 tps: 5254.23 qps: 5254.23 (r/w/o: 0.00/5153.28/100.95) lat (ms,95%): 383.33 err/s: 0.00 reconn/s: 0.00
[ 141s ] thds: 1024 tps: 9190.50 qps: 9190.50 (r/w/o: 0.00/8964.41/226.09) lat (ms,95%): 369.77 err/s: 0.00 reconn/s: 0.00
[ 142s ] thds: 1024 tps: 8726.31 qps: 8726.31 (r/w/o: 0.00/8532.35/193.96) lat (ms,95%): 376.49 err/s: 0.00 reconn/s: 0.00
[ 143s ] thds: 1024 tps: 4108.44 qps: 4108.44 (r/w/o: 0.00/4013.48/94.96) lat (ms,95%): 383.33 err/s: 0.00 reconn/s: 0.00
[ 144s ] thds: 1024 tps: 3499.86 qps: 3499.86 (r/w/o: 0.00/3410.81/89.05) lat (ms,95%): 363.18 err/s: 0.00 reconn/s: 0.00
[ 145s ] thds: 1024 tps: 3633.89 qps: 3633.89 (r/w/o: 0.00/3550.90/83.00) lat (ms,95%): 356.70 err/s: 0.00 reconn/s: 0.00
[ 146s ] thds: 1024 tps: 3770.62 qps: 3770.62 (r/w/o: 0.00/3684.60/86.01) lat (ms,95%): 331.91 err/s: 0.00 reconn/s: 0.00
[ 147s ] thds: 1024 tps: 3758.07 qps: 3758.07 (r/w/o: 0.00/3675.09/82.98) lat (ms,95%): 383.33 err/s: 0.00 reconn/s: 0.00
[ 148s ] thds: 1024 tps: 3700.89 qps: 3700.89 (r/w/o: 0.00/3625.92/74.98) lat (ms,95%): 383.33 err/s: 0.00 reconn/s: 0.00
[ 149s ] thds: 1024 tps: 3652.82 qps: 3652.82 (r/w/o: 0.00/3559.80/93.02) lat (ms,95%): 390.30 err/s: 0.00 reconn/s: 0.00
[ 150s ] thds: 1024 tps: 3713.52 qps: 3713.52 (r/w/o: 0.00/3626.49/87.04) lat (ms,95%): 383.33 err/s: 0.00 reconn/s: 0.00
[ 151s ] thds: 1024 tps: 3687.33 qps: 3687.33 (r/w/o: 0.00/3610.35/76.99) lat (ms,95%): 450.77 err/s: 0.00 reconn/s: 0.00
[ 152s ] thds: 1024 tps: 3693.96 qps: 3693.96 (r/w/o: 0.00/3621.96/72.00) lat (ms,95%): 450.77 err/s: 0.00 reconn/s: 0.00
[ 153s ] thds: 1024 tps: 3642.71 qps: 3642.71 (r/w/o: 0.00/3567.71/74.99) lat (ms,95%): 450.77 err/s: 0.00 reconn/s: 0.00
[ 154s ] thds: 1024 tps: 3655.94 qps: 3655.94 (r/w/o: 0.00/3584.92/71.02) lat (ms,95%): 450.77 err/s: 0.00 reconn/s: 0.00
[ 155s ] thds: 1024 tps: 3682.06 qps: 3682.06 (r/w/o: 0.00/3589.06/93.00) lat (ms,95%): 450.77 err/s: 0.00 reconn/s: 0.00
[ 156s ] thds: 1024 tps: 3653.81 qps: 3653.81 (r/w/o: 0.00/3572.81/81.00) lat (ms,95%): 467.30 err/s: 0.00 reconn/s: 0.00
[ 157s ] thds: 1024 tps: 3631.88 qps: 3631.88 (r/w/o: 0.00/3537.88/94.00) lat (ms,95%): 467.30 err/s: 0.00 reconn/s: 0.00
[ 158s ] thds: 1024 tps: 3667.26 qps: 3667.26 (r/w/o: 0.00/3595.26/72.01) lat (ms,95%): 390.30 err/s: 0.00 reconn/s: 0.00
[ 159s ] thds: 1024 tps: 3665.77 qps: 3665.77 (r/w/o: 0.00/3578.80/86.97) lat (ms,95%): 383.33 err/s: 0.00 reconn/s: 0.00
[ 160s ] thds: 1024 tps: 3736.94 qps: 3736.94 (r/w/o: 0.00/3645.91/91.02) lat (ms,95%): 383.33 err/s: 0.00 reconn/s: 0.00
[ 161s ] thds: 1024 tps: 3745.17 qps: 3745.17 (r/w/o: 0.00/3668.17/77.00) lat (ms,95%): 383.33 err/s: 0.00 reconn/s: 0.00
[ 162s ] thds: 1024 tps: 3616.16 qps: 3616.16 (r/w/o: 0.00/3533.15/83.00) lat (ms,95%): 383.33 err/s: 0.00 reconn/s: 0.00
[ 163s ] thds: 1024 tps: 3562.80 qps: 3562.80 (r/w/o: 0.00/3482.81/80.00) lat (ms,95%): 427.07 err/s: 0.00 reconn/s: 0.00
[ 164s ] thds: 1024 tps: 3573.09 qps: 3573.09 (r/w/o: 0.00/3503.08/70.00) lat (ms,95%): 411.96 err/s: 0.00 reconn/s: 0.00
[ 165s ] thds: 1024 tps: 3665.22 qps: 3665.22 (r/w/o: 0.00/3578.22/87.01) lat (ms,95%): 411.96 err/s: 0.00 reconn/s: 0.00
[ 166s ] thds: 1024 tps: 3703.46 qps: 3703.46 (r/w/o: 0.00/3626.49/76.97) lat (ms,95%): 411.96 err/s: 0.00 reconn/s: 0.00
[ 167s ] thds: 1024 tps: 3667.05 qps: 3667.05 (r/w/o: 0.00/3591.05/76.00) lat (ms,95%): 450.77 err/s: 0.00 reconn/s: 0.00
[ 168s ] thds: 1024 tps: 3686.07 qps: 3686.07 (r/w/o: 0.00/3609.07/77.00) lat (ms,95%): 450.77 err/s: 0.00 reconn/s: 0.00
[ 169s ] thds: 1024 tps: 3631.33 qps: 3631.33 (r/w/o: 0.00/3548.32/83.01) lat (ms,95%): 450.77 err/s: 0.00 reconn/s: 0.00
[ 170s ] thds: 1024 tps: 3830.83 qps: 3830.83 (r/w/o: 0.00/3742.83/88.00) lat (ms,95%): 549.52 err/s: 0.00 reconn/s: 0.00
[ 171s ] thds: 1024 tps: 3723.42 qps: 3723.42 (r/w/o: 0.00/3636.41/87.01) lat (ms,95%): 383.33 err/s: 0.00 reconn/s: 0.00
[ 172s ] thds: 1024 tps: 3686.77 qps: 3686.77 (r/w/o: 0.00/3610.75/76.02) lat (ms,95%): 363.18 err/s: 0.00 reconn/s: 0.00
[ 173s ] thds: 1024 tps: 3578.94 qps: 3578.94 (r/w/o: 0.00/3499.94/79.00) lat (ms,95%): 363.18 err/s: 0.00 reconn/s: 0.00
[ 174s ] thds: 1024 tps: 3661.40 qps: 3661.40 (r/w/o: 0.00/3578.44/82.96) lat (ms,95%): 363.18 err/s: 0.00 reconn/s: 0.00
[ 175s ] thds: 1024 tps: 3697.55 qps: 3697.55 (r/w/o: 0.00/3607.54/90.01) lat (ms,95%): 369.77 err/s: 0.00 reconn/s: 0.00
[ 176s ] thds: 1024 tps: 3692.69 qps: 3692.69 (r/w/o: 0.00/3606.69/85.99) lat (ms,95%): 369.77 err/s: 0.00 reconn/s: 0.00
[ 177s ] thds: 1024 tps: 3794.46 qps: 3794.46 (r/w/o: 0.00/3708.42/86.03) lat (ms,95%): 369.77 err/s: 0.00 reconn/s: 0.00
[ 178s ] thds: 1024 tps: 3743.80 qps: 3743.80 (r/w/o: 0.00/3664.82/78.97) lat (ms,95%): 363.18 err/s: 0.00 reconn/s: 0.00
[ 179s ] thds: 1024 tps: 3649.90 qps: 3649.90 (r/w/o: 0.00/3572.88/77.02) lat (ms,95%): 344.08 err/s: 0.00 reconn/s: 0.00
[ 180s ] thds: 1024 tps: 3636.92 qps: 3636.92 (r/w/o: 0.00/3559.92/77.00) lat (ms,95%): 350.33 err/s: 0.00 reconn/s: 0.00
[ 181s ] thds: 1024 tps: 3649.97 qps: 3649.97 (r/w/o: 0.00/3560.97/89.00) lat (ms,95%): 350.33 err/s: 0.00 reconn/s: 0.00
[ 182s ] thds: 1024 tps: 3677.83 qps: 3677.83 (r/w/o: 0.00/3613.83/64.00) lat (ms,95%): 350.33 err/s: 0.00 reconn/s: 0.00
[ 183s ] thds: 1024 tps: 3658.94 qps: 3658.94 (r/w/o: 0.00/3579.96/78.98) lat (ms,95%): 350.33 err/s: 0.00 reconn/s: 0.00
[ 184s ] thds: 1024 tps: 3659.24 qps: 3659.24 (r/w/o: 0.00/3579.24/80.01) lat (ms,95%): 350.33 err/s: 0.00 reconn/s: 0.00
[ 185s ] thds: 1024 tps: 3672.17 qps: 3672.17 (r/w/o: 0.00/3587.14/85.03) lat (ms,95%): 350.33 err/s: 0.00 reconn/s: 0.00
[ 186s ] thds: 1024 tps: 3811.39 qps: 3811.39 (r/w/o: 0.00/3723.42/87.96) lat (ms,95%): 350.33 err/s: 0.00 reconn/s: 0.00
[ 187s ] thds: 1024 tps: 3819.85 qps: 3819.85 (r/w/o: 0.00/3746.81/73.04) lat (ms,95%): 350.33 err/s: 0.00 reconn/s: 0.00
[ 188s ] thds: 1024 tps: 3633.71 qps: 3633.71 (r/w/o: 0.00/3554.74/78.97) lat (ms,95%): 350.33 err/s: 0.00 reconn/s: 0.00
[ 189s ] thds: 1024 tps: 3621.94 qps: 3620.94 (r/w/o: 0.00/3524.92/96.02) lat (ms,95%): 350.33 err/s: 0.00 reconn/s: 0.00
[ 190s ] thds: 1024 tps: 3692.68 qps: 3693.68 (r/w/o: 0.00/3618.71/74.97) lat (ms,95%): 350.33 err/s: 0.00 reconn/s: 0.00
[ 191s ] thds: 1024 tps: 3745.30 qps: 3745.30 (r/w/o: 0.00/3666.29/79.01) lat (ms,95%): 350.33 err/s: 0.00 reconn/s: 0.00
[ 192s ] thds: 1024 tps: 3623.96 qps: 3623.96 (r/w/o: 0.00/3553.97/70.00) lat (ms,95%): 350.33 err/s: 0.00 reconn/s: 0.00
[ 193s ] thds: 1024 tps: 3672.90 qps: 3672.90 (r/w/o: 0.00/3582.88/90.02) lat (ms,95%): 350.33 err/s: 0.00 reconn/s: 0.00
[ 194s ] thds: 1024 tps: 3652.09 qps: 3652.09 (r/w/o: 0.00/3577.09/75.00) lat (ms,95%): 350.33 err/s: 0.00 reconn/s: 0.00
[ 195s ] thds: 1024 tps: 3824.72 qps: 3824.72 (r/w/o: 0.00/3729.75/94.97) lat (ms,95%): 350.33 err/s: 0.00 reconn/s: 0.00
[ 196s ] thds: 1024 tps: 3799.26 qps: 3799.26 (r/w/o: 0.00/3695.26/104.01) lat (ms,95%): 350.33 err/s: 0.00 reconn/s: 0.00
[ 197s ] thds: 1024 tps: 3640.06 qps: 3640.06 (r/w/o: 0.00/3575.04/65.02) lat (ms,95%): 356.70 err/s: 0.00 reconn/s: 0.00
[ 198s ] thds: 1024 tps: 3612.47 qps: 3612.47 (r/w/o: 0.00/3540.48/71.99) lat (ms,95%): 350.33 err/s: 0.00 reconn/s: 0.00
[ 199s ] thds: 1024 tps: 3678.03 qps: 3678.03 (r/w/o: 0.00/3596.01/82.02) lat (ms,95%): 350.33 err/s: 0.00 reconn/s: 0.00
[ 200s ] thds: 1024 tps: 3673.58 qps: 3673.58 (r/w/o: 0.00/3588.59/84.99) lat (ms,95%): 363.18 err/s: 0.00 reconn/s: 0.00
[ 201s ] thds: 1024 tps: 3650.70 qps: 3650.70 (r/w/o: 0.00/3583.72/66.98) lat (ms,95%): 369.77 err/s: 0.00 reconn/s: 0.00
[ 202s ] thds: 1024 tps: 3648.11 qps: 3648.11 (r/w/o: 0.00/3562.11/86.00) lat (ms,95%): 369.77 err/s: 0.00 reconn/s: 0.00
[ 203s ] thds: 1024 tps: 3659.00 qps: 3659.00 (r/w/o: 0.00/3581.97/77.02) lat (ms,95%): 369.77 err/s: 0.00 reconn/s: 0.00
[ 204s ] thds: 1024 tps: 3860.81 qps: 3860.81 (r/w/o: 0.00/3773.84/86.97) lat (ms,95%): 376.49 err/s: 0.00 reconn/s: 0.00
[ 205s ] thds: 1024 tps: 3654.89 qps: 3654.89 (r/w/o: 0.00/3571.89/83.00) lat (ms,95%): 376.49 err/s: 0.00 reconn/s: 0.00
[ 206s ] thds: 1024 tps: 3629.19 qps: 3629.19 (r/w/o: 0.00/3554.18/75.00) lat (ms,95%): 383.33 err/s: 0.00 reconn/s: 0.00
[ 207s ] thds: 1024 tps: 3629.96 qps: 3629.96 (r/w/o: 0.00/3550.96/79.00) lat (ms,95%): 383.33 err/s: 0.00 reconn/s: 0.00
[ 208s ] thds: 1024 tps: 3728.45 qps: 3728.45 (r/w/o: 0.00/3637.42/91.04) lat (ms,95%): 337.94 err/s: 0.00 reconn/s: 0.00
[ 209s ] thds: 1024 tps: 3650.76 qps: 3650.76 (r/w/o: 0.00/3555.79/94.97) lat (ms,95%): 356.70 err/s: 0.00 reconn/s: 0.00
[ 210s ] thds: 1024 tps: 3656.50 qps: 3656.50 (r/w/o: 0.00/3580.46/76.03) lat (ms,95%): 356.70 err/s: 0.00 reconn/s: 0.00
[ 211s ] thds: 1024 tps: 3663.50 qps: 3663.50 (r/w/o: 0.00/3576.54/86.96) lat (ms,95%): 356.70 err/s: 0.00 reconn/s: 0.00
[ 212s ] thds: 1024 tps: 3739.97 qps: 3739.97 (r/w/o: 0.00/3652.97/87.00) lat (ms,95%): 356.70 err/s: 0.00 reconn/s: 0.00
[ 213s ] thds: 1024 tps: 3772.16 qps: 3772.16 (r/w/o: 0.00/3685.15/87.00) lat (ms,95%): 356.70 err/s: 0.00 reconn/s: 0.00
[ 214s ] thds: 1024 tps: 3619.03 qps: 3619.03 (r/w/o: 0.00/3534.03/85.00) lat (ms,95%): 356.70 err/s: 0.00 reconn/s: 0.00
[ 215s ] thds: 1024 tps: 3609.71 qps: 3609.71 (r/w/o: 0.00/3549.70/60.01) lat (ms,95%): 356.70 err/s: 0.00 reconn/s: 0.00
[ 216s ] thds: 1024 tps: 3628.12 qps: 3628.12 (r/w/o: 0.00/3551.13/76.98) lat (ms,95%): 356.70 err/s: 0.00 reconn/s: 0.00
[ 217s ] thds: 1024 tps: 3707.86 qps: 3707.86 (r/w/o: 0.00/3634.84/73.02) lat (ms,95%): 337.94 err/s: 0.00 reconn/s: 0.00
[ 218s ] thds: 1024 tps: 3638.07 qps: 3638.07 (r/w/o: 0.00/3571.09/66.98) lat (ms,95%): 337.94 err/s: 0.00 reconn/s: 0.00
[ 219s ] thds: 1024 tps: 3638.46 qps: 3638.46 (r/w/o: 0.00/3567.43/71.03) lat (ms,95%): 337.94 err/s: 0.00 reconn/s: 0.00
[ 220s ] thds: 1024 tps: 3660.31 qps: 3660.31 (r/w/o: 0.00/3571.32/88.98) lat (ms,95%): 337.94 err/s: 0.00 reconn/s: 0.00
[ 221s ] thds: 1024 tps: 3754.70 qps: 3754.70 (r/w/o: 0.00/3667.69/87.02) lat (ms,95%): 337.94 err/s: 0.00 reconn/s: 0.00
[ 222s ] thds: 1024 tps: 3906.76 qps: 3906.76 (r/w/o: 0.00/3812.77/93.99) lat (ms,95%): 350.33 err/s: 0.00 reconn/s: 0.00
[ 223s ] thds: 1024 tps: 3596.58 qps: 3596.58 (r/w/o: 0.00/3515.61/80.97) lat (ms,95%): 404.61 err/s: 0.00 reconn/s: 0.00
[ 224s ] thds: 1024 tps: 3626.19 qps: 3626.19 (r/w/o: 0.00/3547.19/79.00) lat (ms,95%): 376.49 err/s: 0.00 reconn/s: 0.00
[ 225s ] thds: 1024 tps: 3656.63 qps: 3656.63 (r/w/o: 0.00/3584.60/72.03) lat (ms,95%): 376.49 err/s: 0.00 reconn/s: 0.00
[ 226s ] thds: 1024 tps: 3656.11 qps: 3656.11 (r/w/o: 0.00/3590.14/65.97) lat (ms,95%): 376.49 err/s: 0.00 reconn/s: 0.00
[ 227s ] thds: 1024 tps: 3660.48 qps: 3660.48 (r/w/o: 0.00/3579.47/81.01) lat (ms,95%): 434.83 err/s: 0.00 reconn/s: 0.00
[ 228s ] thds: 1024 tps: 3650.34 qps: 3650.34 (r/w/o: 0.00/3565.33/85.01) lat (ms,95%): 427.07 err/s: 0.00 reconn/s: 0.00
[ 229s ] thds: 1024 tps: 3659.68 qps: 3659.68 (r/w/o: 0.00/3586.70/72.97) lat (ms,95%): 427.07 err/s: 0.00 reconn/s: 0.00
[ 230s ] thds: 1024 tps: 3768.09 qps: 3768.09 (r/w/o: 0.00/3696.09/72.00) lat (ms,95%): 427.07 err/s: 0.00 reconn/s: 0.00
[ 231s ] thds: 1024 tps: 3797.49 qps: 3797.49 (r/w/o: 0.00/3714.48/83.01) lat (ms,95%): 442.73 err/s: 0.00 reconn/s: 0.00
[ 232s ] thds: 1024 tps: 3644.99 qps: 3644.99 (r/w/o: 0.00/3573.99/71.00) lat (ms,95%): 442.73 err/s: 0.00 reconn/s: 0.00
[ 233s ] thds: 1024 tps: 3592.06 qps: 3592.06 (r/w/o: 0.00/3502.05/90.00) lat (ms,95%): 442.73 err/s: 0.00 reconn/s: 0.00
[ 234s ] thds: 1024 tps: 3668.59 qps: 3668.59 (r/w/o: 0.00/3577.60/90.99) lat (ms,95%): 427.07 err/s: 0.00 reconn/s: 0.00
[ 235s ] thds: 1024 tps: 3700.16 qps: 3700.16 (r/w/o: 0.00/3626.11/74.04) lat (ms,95%): 427.07 err/s: 0.00 reconn/s: 0.00
[ 236s ] thds: 1024 tps: 3670.31 qps: 3670.31 (r/w/o: 0.00/3588.35/81.96) lat (ms,95%): 350.33 err/s: 0.00 reconn/s: 0.00
[ 237s ] thds: 1024 tps: 3637.13 qps: 3637.13 (r/w/o: 0.00/3553.13/84.00) lat (ms,95%): 350.33 err/s: 0.00 reconn/s: 0.00
[ 238s ] thds: 1024 tps: 3708.05 qps: 3708.05 (r/w/o: 0.00/3632.05/76.00) lat (ms,95%): 350.33 err/s: 0.00 reconn/s: 0.00
[ 239s ] thds: 1024 tps: 3686.99 qps: 3686.99 (r/w/o: 0.00/3615.99/71.00) lat (ms,95%): 350.33 err/s: 0.00 reconn/s: 0.00
[ 240s ] thds: 1024 tps: 3675.41 qps: 3675.41 (r/w/o: 0.00/3600.40/75.01) lat (ms,95%): 356.70 err/s: 0.00 reconn/s: 0.00
Latency histogram (values are in milliseconds)
       value  ------------- distribution ------------- count
       5.470 |                                         1
       5.570 |                                         1
       5.671 |                                         1
       5.774 |                                         4
       5.879 |                                         7
       5.986 |                                         12
       6.095 |                                         10
       6.205 |                                         19
       6.318 |                                         26
       6.433 |                                         34
       6.550 |                                         40
       6.669 |                                         56
       6.790 |                                         75
       6.913 |                                         112
       7.039 |                                         128
       7.167 |                                         176
       7.297 |                                         223
       7.430 |                                         257
       7.565 |                                         304
       7.702 |                                         327
       7.842 |                                         363
       7.985 |                                         403
       8.130 |                                         463
       8.277 |                                         593
       8.428 |                                         600
       8.581 |                                         609
       8.737 |                                         628
       8.895 |                                         664
       9.057 |                                         720
       9.222 |                                         722
       9.389 |                                         751
       9.560 |                                         726
       9.734 |                                         685
       9.910 |                                         650
      10.090 |                                         653
      10.274 |                                         544
      10.460 |                                         550
      10.651 |                                         523
      10.844 |                                         493
      11.041 |                                         438
      11.242 |                                         384
      11.446 |                                         365
      11.654 |                                         314
      11.866 |                                         299
      12.081 |                                         275
      12.301 |                                         245
      12.524 |                                         248
      12.752 |                                         239
      12.984 |                                         181
      13.219 |                                         193
      13.460 |                                         181
      13.704 |                                         173
      13.953 |                                         192
      14.207 |                                         177
      14.465 |                                         160
      14.728 |                                         163
      14.995 |                                         132
      15.268 |                                         152
      15.545 |                                         131
      15.828 |                                         136
      16.115 |                                         120
      16.408 |                                         125
      16.706 |                                         149
      17.010 |                                         136
      17.319 |                                         118
      17.633 |                                         168
      17.954 |                                         135
      18.280 |                                         161
      18.612 |                                         154
      18.950 |                                         182
      19.295 |                                         175
      19.645 |                                         161
      20.002 |                                         219
      20.366 |                                         200
      20.736 |                                         211
      21.112 |                                         198
      21.496 |                                         218
      21.886 |                                         186
      22.284 |                                         254
      22.689 |                                         254
      23.101 |                                         271
      23.521 |                                         216
      23.948 |                                         223
      24.384 |                                         207
      24.827 |                                         236
      25.278 |                                         182
      25.737 |                                         219
      26.205 |                                         173
      26.681 |                                         151
      27.165 |                                         133
      27.659 |                                         117
      28.162 |                                         78
      28.673 |                                         118
      29.194 |                                         69
      29.725 |                                         97
      30.265 |                                         63
      30.815 |                                         62
      31.375 |                                         46
      31.945 |                                         31
      32.525 |                                         28
      33.116 |                                         20
      33.718 |                                         22
      34.330 |                                         21
      34.954 |                                         17
      35.589 |                                         10
      36.236 |                                         7
      36.894 |                                         9
      37.565 |                                         7
      38.247 |                                         6
      38.942 |                                         13
      39.650 |                                         5
      40.370 |                                         4
      41.104 |                                         5
      41.851 |                                         6
      42.611 |                                         12
      43.385 |                                         5
      44.173 |                                         10
      44.976 |                                         10
      45.793 |                                         8
      46.625 |                                         10
      47.472 |                                         8
      48.335 |                                         12
      49.213 |                                         2
      50.107 |                                         15
      51.018 |                                         15
      51.945 |                                         11
      52.889 |                                         16
      53.850 |                                         12
      54.828 |                                         11
      55.824 |                                         15
      56.839 |                                         6
      57.871 |                                         13
      58.923 |                                         10
      59.993 |                                         15
      61.083 |                                         13
      62.193 |                                         11
      63.323 |                                         13
      64.474 |                                         11
      65.645 |                                         14
      66.838 |                                         18
      68.053 |                                         9
      69.289 |                                         13
      70.548 |                                         17
      71.830 |                                         12
      73.135 |                                         14
      74.464 |                                         9
      75.817 |                                         19
      77.194 |                                         13
      78.597 |                                         12
      80.025 |                                         13
      81.479 |                                         12
      82.959 |                                         14
      84.467 |                                         25
      86.002 |                                         21
      87.564 |                                         12
      89.155 |                                         15
      90.775 |                                         22
      92.424 |                                         15
      94.104 |                                         16
      95.814 |                                         15
      97.555 |                                         30
      99.327 |                                         18
     101.132 |                                         25
     102.969 |                                         15
     104.840 |                                         21
     106.745 |                                         21
     108.685 |                                         15
     110.659 |                                         25
     112.670 |                                         22
     114.717 |                                         22
     116.802 |                                         22
     118.924 |                                         18
     121.085 |                                         31
     123.285 |                                         21
     125.525 |                                         23
     127.805 |                                         31
     130.128 |                                         43
     132.492 |                                         33
     134.899 |                                         30
     137.350 |                                         29
     139.846 |                                         35
     142.387 |                                         29
     144.974 |                                         37
     147.608 |                                         35
     150.290 |                                         35
     153.021 |                                         36
     155.801 |                                         34
     158.632 |                                         35
     161.514 |                                         41
     164.449 |                                         42
     167.437 |                                         46
     170.479 |                                         50
     173.577 |                                         67
     176.731 |                                         57
     179.942 |                                         124
     183.211 |*                                        1509
     186.540 |                                         1059
     189.929 |                                         881
     193.380 |                                         145
     196.894 |*                                        1485
     200.472 |*                                        1791
     204.114 |                                         231
     207.823 |*                                        1435
     211.599 |                                         299
     215.443 |**                                       4789
     219.358 |*                                        3653
     223.344 |*****                                    11278
     227.402 |********                                 20628
     231.534 |**********                               24478
     235.740 |******************                       42919
     240.024 |******************************           73470
     244.385 |***********************************      85233
     248.825 |*************************************    90495
     253.346 |**************************************** 98055
     257.950 |***********************************      85094
     262.636 |************************                 59917
     267.408 |**************                           34874
     272.267 |*********                                21151
     277.214 |****                                     9706
     282.251 |*****                                    12423
     287.379 |*****                                    11775
     292.601 |***                                      7052
     297.917 |*******                                  17662
     303.330 |*******                                  17200
     308.842 |*****                                    13047
     314.453 |****                                     8718
     320.167 |***                                      7932
     325.984 |**                                       4874
     331.907 |****                                     10586
     337.938 |**                                       5209
     344.078 |***                                      6513
     350.330 |****                                     9529
     356.695 |***                                      7266
     363.176 |**                                       5896
     369.775 |*                                        3673
     376.494 |**                                       5113
     383.334 |****                                     9353
     390.299 |**                                       3819
     397.391 |                                         585
     404.611 |*                                        2508
     411.963 |*                                        1455
     419.448 |*                                        1440
     427.069 |*                                        2178
     434.829 |                                         509
     442.730 |*                                        1934
     450.774 |*                                        2260
     458.964 |*                                        1981
     467.304 |*                                        2499
     475.794 |                                         874
     484.439 |                                         700
     493.242 |                                         300
     502.204 |                                         1224
     511.328 |                                         1041
     520.619 |                                         738
     530.078 |                                         758
     539.710 |                                         595
     549.516 |                                         1018
     559.501 |                                         747
     569.667 |                                         1100
     580.017 |                                         134
     590.556 |                                         723
     601.286 |                                         513
     612.211 |                                         665
     623.335 |                                         389
     634.661 |                                         108
     646.192 |                                         497
     657.933 |                                         607
     669.888 |                                         405
     682.059 |                                         1217
     694.452 |                                         685
     707.070 |                                         580
     719.917 |                                         188
     732.998 |                                         385
     746.316 |                                         1053
     759.876 |                                         196
     773.683 |                                         272
     787.741 |                                         522
     802.053 |                                         700
     816.626 |                                         367
     831.464 |                                         57
     846.572 |                                         49
     861.954 |                                         34
     877.615 |                                         43
     893.561 |                                         311
     909.797 |                                         296
     926.327 |                                         35
     943.158 |                                         32
     960.295 |                                         25
     977.743 |                                         23
     995.508 |                                         27
    1013.597 |                                         57
    1032.013 |                                         25
    1050.764 |                                         245
    1069.856 |                                         22
    1089.295 |                                         13
    1109.087 |                                         26
    1129.239 |                                         21
    1149.757 |                                         409
    1170.648 |                                         32
    1191.918 |                                         30
    1213.575 |                                         15
    1235.625 |                                         20
    1258.076 |                                         17
    1280.934 |                                         23
    1304.208 |                                         17
    1327.905 |                                         12
    1352.033 |                                         17
    1376.599 |                                         14
    1401.611 |                                         9
    1427.078 |                                         10
    1453.007 |                                         9
    1479.408 |                                         10
    1506.288 |                                         12
    1533.657 |                                         8
    1561.523 |                                         10
    1589.895 |                                         11
    1618.783 |                                         11
    1648.196 |                                         122
    1678.143 |                                         13
    1708.634 |                                         9
    1739.679 |                                         123
    1771.289 |                                         9
    1803.472 |                                         12
    1836.241 |                                         8
    1869.605 |                                         22
    1903.575 |                                         8
    1938.162 |                                         15
    1973.377 |                                         13
    2009.233 |                                         84
    2045.740 |                                         15
    2082.910 |                                         20
    2120.756 |                                         12
    2159.289 |                                         79
    2198.523 |                                         10
    2238.469 |                                         7
    2279.141 |                                         46
    2320.552 |                                         30
    2362.716 |                                         10
    2405.646 |                                         10
    2449.355 |                                         12
    2493.859 |                                         10
    2539.172 |                                         8
    2585.308 |                                         7
    2632.282 |                                         6
    2680.109 |                                         6
    2728.806 |                                         7
    2778.387 |                                         5
    2828.869 |                                         5
    2880.269 |                                         5
    2932.602 |                                         3
    3040.139 |                                         2
    3095.377 |                                         2
    3706.081 |                                         2
    3773.420 |                                         2
    3841.981 |                                         4
    3911.789 |                                         1
    3982.864 |                                         1
    4055.231 |                                         2
    4128.913 |                                         2
    4203.934 |                                         1
    4280.318 |                                         3
    4358.090 |                                         3
    4437.275 |                                         4
    4517.898 |                                         6
    4599.987 |                                         5
    4683.567 |                                         5
    4768.666 |                                         6
    4855.311 |                                         4
    4943.530 |                                         6
    5033.352 |                                         4
    5124.806 |                                         3
    5217.922 |                                         5
    5312.729 |                                         4
    5409.260 |                                         5
    5507.544 |                                         2
    5607.614 |                                         1
 
SQL statistics:
    queries performed:
        read:                            0
        write:                           888059
        other:                           19799
        total:                           907858
    transactions:                        907858 (3775.81 per sec.)
    queries:                             907858 (3775.81 per sec.)
    ignored errors:                      0      (0.00 per sec.)
    reconnects:                          0      (0.00 per sec.)

Throughput:
    events/s (eps):                      3775.8087
    time elapsed:                        240.4559s
    total number of events:              907858

Latency (ms):
         min:                                    5.51
         avg:                                  271.06
         max:                                 5560.71
         95th percentile:                      383.33
         sum:                            246080267.50

Threads fairness:
    events (avg/stddev):           886.5752/62.53
    execution time (avg/stddev):   240.3128/0.22

