sysbench 1.1.0-3ceba0b (using bundled LuaJIT 2.1.0-beta3)

Running the test with following options:
Number of threads: 2048
Warmup time: 60s
Report intermediate results every 1 second(s)
Initializing random number generator from current time


Initializing worker threads...

Threads started!

Warming up for 60 seconds...

[ 1s ] thds: 2048 tps: 2114.22 qps: 2114.22 (r/w/o: 0.00/2068.24/45.98) lat (ms,95%): 3040.14 err/s: 0.00 reconn/s: 0.00
[ 2s ] thds: 2048 tps: 1647.62 qps: 1647.62 (r/w/o: 0.00/1608.63/38.99) lat (ms,95%): 4280.32 err/s: 0.00 reconn/s: 0.00
[ 3s ] thds: 2048 tps: 1280.29 qps: 1280.29 (r/w/o: 0.00/1256.28/24.01) lat (ms,95%): 1973.38 err/s: 0.00 reconn/s: 0.00
[ 4s ] thds: 2048 tps: 1461.58 qps: 1461.58 (r/w/o: 0.00/1427.59/33.99) lat (ms,95%): 2539.17 err/s: 0.00 reconn/s: 0.00
[ 5s ] thds: 2048 tps: 1419.36 qps: 1419.36 (r/w/o: 0.00/1384.35/35.01) lat (ms,95%): 1453.01 err/s: 0.00 reconn/s: 0.00
[ 6s ] thds: 2048 tps: 1830.47 qps: 1830.47 (r/w/o: 0.00/1786.48/43.99) lat (ms,95%): 4128.91 err/s: 0.00 reconn/s: 0.00
[ 7s ] thds: 2048 tps: 1579.04 qps: 1579.04 (r/w/o: 0.00/1544.04/35.00) lat (ms,95%): 4280.32 err/s: 0.00 reconn/s: 0.00
[ 8s ] thds: 2048 tps: 1439.76 qps: 1439.76 (r/w/o: 0.00/1411.77/28.00) lat (ms,95%): 2493.86 err/s: 0.00 reconn/s: 0.00
[ 9s ] thds: 2048 tps: 1386.57 qps: 1386.57 (r/w/o: 0.00/1355.56/31.01) lat (ms,95%): 2198.52 err/s: 0.00 reconn/s: 0.00
[ 10s ] thds: 2048 tps: 1496.52 qps: 1496.52 (r/w/o: 0.00/1462.53/33.99) lat (ms,95%): 2009.23 err/s: 0.00 reconn/s: 0.00
[ 11s ] thds: 2048 tps: 1462.16 qps: 1462.16 (r/w/o: 0.00/1423.15/39.00) lat (ms,95%): 2238.47 err/s: 0.00 reconn/s: 0.00
[ 12s ] thds: 2048 tps: 1521.27 qps: 1521.27 (r/w/o: 0.00/1486.27/35.01) lat (ms,95%): 5033.35 err/s: 0.00 reconn/s: 0.00
[ 13s ] thds: 2048 tps: 1383.00 qps: 1383.00 (r/w/o: 0.00/1349.00/34.00) lat (ms,95%): 4358.09 err/s: 0.00 reconn/s: 0.00
[ 14s ] thds: 2048 tps: 1481.70 qps: 1481.70 (r/w/o: 0.00/1448.71/32.99) lat (ms,95%): 3095.38 err/s: 0.00 reconn/s: 0.00
[ 15s ] thds: 2048 tps: 1618.16 qps: 1618.16 (r/w/o: 0.00/1572.15/46.00) lat (ms,95%): 2828.87 err/s: 0.00 reconn/s: 0.00
[ 16s ] thds: 2048 tps: 1740.27 qps: 1740.27 (r/w/o: 0.00/1702.26/38.01) lat (ms,95%): 3386.99 err/s: 0.00 reconn/s: 0.00
[ 17s ] thds: 2048 tps: 1428.05 qps: 1428.05 (r/w/o: 0.00/1399.05/29.00) lat (ms,95%): 2778.39 err/s: 0.00 reconn/s: 0.00
[ 18s ] thds: 2048 tps: 1373.59 qps: 1373.59 (r/w/o: 0.00/1342.60/30.99) lat (ms,95%): 2828.87 err/s: 0.00 reconn/s: 0.00
[ 19s ] thds: 2048 tps: 1537.46 qps: 1537.46 (r/w/o: 0.00/1505.45/32.01) lat (ms,95%): 3448.53 err/s: 0.00 reconn/s: 0.00
[ 20s ] thds: 2048 tps: 1484.79 qps: 1484.79 (r/w/o: 0.00/1458.79/26.00) lat (ms,95%): 2680.11 err/s: 0.00 reconn/s: 0.00
[ 21s ] thds: 2048 tps: 1445.64 qps: 1445.64 (r/w/o: 0.00/1410.65/34.99) lat (ms,95%): 4599.99 err/s: 0.00 reconn/s: 0.00
[ 22s ] thds: 2048 tps: 1405.64 qps: 1405.64 (r/w/o: 0.00/1362.62/43.02) lat (ms,95%): 2932.60 err/s: 0.00 reconn/s: 0.00
[ 23s ] thds: 2048 tps: 1434.39 qps: 1434.39 (r/w/o: 0.00/1392.41/41.98) lat (ms,95%): 3448.53 err/s: 0.00 reconn/s: 0.00
[ 24s ] thds: 2048 tps: 1555.97 qps: 1555.97 (r/w/o: 0.00/1527.97/28.00) lat (ms,95%): 2632.28 err/s: 0.00 reconn/s: 0.00
[ 25s ] thds: 2048 tps: 1499.35 qps: 1499.35 (r/w/o: 0.00/1457.34/42.01) lat (ms,95%): 3326.55 err/s: 0.00 reconn/s: 0.00
[ 26s ] thds: 2048 tps: 1661.97 qps: 1661.97 (r/w/o: 0.00/1627.97/34.00) lat (ms,95%): 2828.87 err/s: 0.00 reconn/s: 0.00
[ 27s ] thds: 2048 tps: 1475.20 qps: 1475.20 (r/w/o: 0.00/1446.19/29.00) lat (ms,95%): 2778.39 err/s: 0.00 reconn/s: 0.00
[ 28s ] thds: 2048 tps: 1525.48 qps: 1525.48 (r/w/o: 0.00/1489.49/35.99) lat (ms,95%): 2985.89 err/s: 0.00 reconn/s: 0.00
[ 29s ] thds: 2048 tps: 1411.18 qps: 1412.18 (r/w/o: 0.00/1388.18/24.00) lat (ms,95%): 2405.65 err/s: 0.00 reconn/s: 0.00
[ 30s ] thds: 2048 tps: 1627.93 qps: 1626.93 (r/w/o: 0.00/1581.93/45.00) lat (ms,95%): 2493.86 err/s: 0.00 reconn/s: 0.00
[ 31s ] thds: 2048 tps: 1346.29 qps: 1346.29 (r/w/o: 0.00/1319.28/27.01) lat (ms,95%): 3040.14 err/s: 0.00 reconn/s: 0.00
[ 32s ] thds: 2048 tps: 1536.58 qps: 1536.58 (r/w/o: 0.00/1505.59/30.99) lat (ms,95%): 3982.86 err/s: 0.00 reconn/s: 0.00
[ 33s ] thds: 2048 tps: 1412.09 qps: 1412.09 (r/w/o: 0.00/1383.09/29.00) lat (ms,95%): 2320.55 err/s: 0.00 reconn/s: 0.00
[ 34s ] thds: 2048 tps: 1518.39 qps: 1518.39 (r/w/o: 0.00/1486.38/32.01) lat (ms,95%): 2932.60 err/s: 0.00 reconn/s: 0.00
[ 35s ] thds: 2048 tps: 1560.99 qps: 1560.99 (r/w/o: 0.00/1525.99/35.00) lat (ms,95%): 3095.38 err/s: 0.00 reconn/s: 0.00
[ 36s ] thds: 2048 tps: 1472.01 qps: 1472.01 (r/w/o: 0.00/1439.01/33.00) lat (ms,95%): 2493.86 err/s: 0.00 reconn/s: 0.00
[ 37s ] thds: 2048 tps: 1638.17 qps: 1638.17 (r/w/o: 0.00/1602.17/36.00) lat (ms,95%): 4128.91 err/s: 0.00 reconn/s: 0.00
[ 38s ] thds: 2048 tps: 1589.47 qps: 1589.47 (r/w/o: 0.00/1551.48/37.99) lat (ms,95%): 2932.60 err/s: 0.00 reconn/s: 0.00
[ 39s ] thds: 2048 tps: 1398.03 qps: 1398.03 (r/w/o: 0.00/1359.03/39.00) lat (ms,95%): 1938.16 err/s: 0.00 reconn/s: 0.00
[ 40s ] thds: 2048 tps: 1445.33 qps: 1446.33 (r/w/o: 0.00/1413.32/33.01) lat (ms,95%): 2082.91 err/s: 0.00 reconn/s: 0.00
[ 41s ] thds: 2048 tps: 1405.78 qps: 1404.78 (r/w/o: 0.00/1371.79/32.99) lat (ms,95%): 3511.19 err/s: 0.00 reconn/s: 0.00
[ 42s ] thds: 2048 tps: 1812.85 qps: 1812.85 (r/w/o: 0.00/1786.85/26.00) lat (ms,95%): 4358.09 err/s: 0.00 reconn/s: 0.00
[ 43s ] thds: 2048 tps: 1711.85 qps: 1711.85 (r/w/o: 0.00/1670.85/41.00) lat (ms,95%): 2680.11 err/s: 0.00 reconn/s: 0.00
[ 44s ] thds: 2048 tps: 1282.97 qps: 1282.97 (r/w/o: 0.00/1252.98/30.00) lat (ms,95%): 2082.91 err/s: 0.00 reconn/s: 0.00
[ 45s ] thds: 2048 tps: 1349.35 qps: 1349.35 (r/w/o: 0.00/1319.35/30.01) lat (ms,95%): 2632.28 err/s: 0.00 reconn/s: 0.00
[ 46s ] thds: 2048 tps: 1507.65 qps: 1507.65 (r/w/o: 0.00/1479.65/27.99) lat (ms,95%): 2680.11 err/s: 0.00 reconn/s: 0.00
[ 47s ] thds: 2048 tps: 1546.60 qps: 1546.60 (r/w/o: 0.00/1507.59/39.02) lat (ms,95%): 3040.14 err/s: 0.00 reconn/s: 0.00
[ 48s ] thds: 2048 tps: 1468.48 qps: 1468.48 (r/w/o: 0.00/1438.49/29.99) lat (ms,95%): 3267.19 err/s: 0.00 reconn/s: 0.00
[ 49s ] thds: 2048 tps: 1442.22 qps: 1442.22 (r/w/o: 0.00/1412.21/30.00) lat (ms,95%): 3095.38 err/s: 0.00 reconn/s: 0.00
[ 50s ] thds: 2048 tps: 1588.89 qps: 1588.89 (r/w/o: 0.00/1559.89/29.00) lat (ms,95%): 3326.55 err/s: 0.00 reconn/s: 0.00
[ 51s ] thds: 2048 tps: 1684.17 qps: 1684.17 (r/w/o: 0.00/1656.16/28.00) lat (ms,95%): 3841.98 err/s: 0.00 reconn/s: 0.00
[ 52s ] thds: 2048 tps: 1485.77 qps: 1485.77 (r/w/o: 0.00/1448.77/36.99) lat (ms,95%): 4358.09 err/s: 0.00 reconn/s: 0.00
[ 53s ] thds: 2048 tps: 1404.27 qps: 1404.27 (r/w/o: 0.00/1376.26/28.01) lat (ms,95%): 2320.55 err/s: 0.00 reconn/s: 0.00
[ 54s ] thds: 2048 tps: 1523.62 qps: 1523.62 (r/w/o: 0.00/1496.63/26.99) lat (ms,95%): 2728.81 err/s: 0.00 reconn/s: 0.00
[ 55s ] thds: 2048 tps: 1479.04 qps: 1479.04 (r/w/o: 0.00/1447.04/32.00) lat (ms,95%): 2985.89 err/s: 0.00 reconn/s: 0.00
[ 56s ] thds: 2048 tps: 1529.93 qps: 1530.93 (r/w/o: 0.00/1498.93/32.00) lat (ms,95%): 2493.86 err/s: 0.00 reconn/s: 0.00
[ 57s ] thds: 2048 tps: 1569.03 qps: 1568.03 (r/w/o: 0.00/1542.03/26.00) lat (ms,95%): 2632.28 err/s: 0.00 reconn/s: 0.00
[ 58s ] thds: 2048 tps: 1375.17 qps: 1375.17 (r/w/o: 0.00/1348.17/27.00) lat (ms,95%): 2449.36 err/s: 0.00 reconn/s: 0.00
[ 59s ] thds: 2048 tps: 1447.74 qps: 1447.74 (r/w/o: 0.00/1419.74/27.99) lat (ms,95%): 2493.86 err/s: 0.00 reconn/s: 0.00
[ 60s ] thds: 2048 tps: 1546.31 qps: 1546.31 (r/w/o: 0.00/1513.30/33.01) lat (ms,95%): 2449.36 err/s: 0.00 reconn/s: 0.00
[ 61s ] thds: 2048 tps: 1597.82 qps: 1597.82 (r/w/o: 0.00/1563.82/34.00) lat (ms,95%): 4203.93 err/s: 0.00 reconn/s: 0.00
[ 62s ] thds: 2048 tps: 1310.04 qps: 1310.04 (r/w/o: 0.00/1286.04/24.00) lat (ms,95%): 2932.60 err/s: 0.00 reconn/s: 0.00
[ 63s ] thds: 2048 tps: 1577.67 qps: 1577.67 (r/w/o: 0.00/1543.65/34.01) lat (ms,95%): 3267.19 err/s: 0.00 reconn/s: 0.00
[ 64s ] thds: 2048 tps: 1481.69 qps: 1481.69 (r/w/o: 0.00/1452.70/28.99) lat (ms,95%): 3706.08 err/s: 0.00 reconn/s: 0.00
[ 65s ] thds: 2048 tps: 1470.71 qps: 1470.71 (r/w/o: 0.00/1425.72/44.99) lat (ms,95%): 3982.86 err/s: 0.00 reconn/s: 0.00
[ 66s ] thds: 2048 tps: 1624.91 qps: 1624.91 (r/w/o: 0.00/1583.91/41.00) lat (ms,95%): 4280.32 err/s: 0.00 reconn/s: 0.00
[ 67s ] thds: 2048 tps: 1385.58 qps: 1385.58 (r/w/o: 0.00/1347.56/38.02) lat (ms,95%): 2120.76 err/s: 0.00 reconn/s: 0.00
[ 68s ] thds: 2048 tps: 1535.72 qps: 1535.72 (r/w/o: 0.00/1497.73/37.99) lat (ms,95%): 3841.98 err/s: 0.00 reconn/s: 0.00
[ 69s ] thds: 2048 tps: 1563.56 qps: 1563.56 (r/w/o: 0.00/1519.57/43.99) lat (ms,95%): 3040.14 err/s: 0.00 reconn/s: 0.00
[ 70s ] thds: 2048 tps: 1549.65 qps: 1549.65 (r/w/o: 0.00/1521.64/28.01) lat (ms,95%): 2082.91 err/s: 0.00 reconn/s: 0.00
[ 71s ] thds: 2048 tps: 3293.55 qps: 3293.55 (r/w/o: 0.00/3229.58/63.97) lat (ms,95%): 2539.17 err/s: 0.00 reconn/s: 0.00
[ 72s ] thds: 2048 tps: 1454.98 qps: 1454.98 (r/w/o: 0.00/1422.98/32.00) lat (ms,95%): 2320.55 err/s: 0.00 reconn/s: 0.00
[ 73s ] thds: 2048 tps: 1527.00 qps: 1527.00 (r/w/o: 0.00/1492.00/35.00) lat (ms,95%): 3040.14 err/s: 0.00 reconn/s: 0.00
[ 74s ] thds: 2048 tps: 1612.71 qps: 1612.71 (r/w/o: 0.00/1578.70/34.02) lat (ms,95%): 3386.99 err/s: 0.00 reconn/s: 0.00
[ 75s ] thds: 2048 tps: 1461.54 qps: 1461.54 (r/w/o: 0.00/1421.55/39.99) lat (ms,95%): 2632.28 err/s: 0.00 reconn/s: 0.00
[ 76s ] thds: 2048 tps: 1458.83 qps: 1458.83 (r/w/o: 0.00/1422.84/36.00) lat (ms,95%): 2828.87 err/s: 0.00 reconn/s: 0.00
[ 77s ] thds: 2048 tps: 1469.06 qps: 1469.06 (r/w/o: 0.00/1429.06/40.00) lat (ms,95%): 3208.88 err/s: 0.00 reconn/s: 0.00
[ 78s ] thds: 2048 tps: 1482.17 qps: 1482.17 (r/w/o: 0.00/1455.17/27.00) lat (ms,95%): 3326.55 err/s: 0.00 reconn/s: 0.00
[ 79s ] thds: 2048 tps: 1626.66 qps: 1626.66 (r/w/o: 0.00/1601.66/24.99) lat (ms,95%): 3095.38 err/s: 0.00 reconn/s: 0.00
[ 80s ] thds: 2048 tps: 1441.28 qps: 1441.28 (r/w/o: 0.00/1411.27/30.01) lat (ms,95%): 2680.11 err/s: 0.00 reconn/s: 0.00
[ 81s ] thds: 2048 tps: 1351.91 qps: 1351.91 (r/w/o: 0.00/1328.91/23.00) lat (ms,95%): 2159.29 err/s: 0.00 reconn/s: 0.00
[ 82s ] thds: 2048 tps: 1610.05 qps: 1610.05 (r/w/o: 0.00/1569.05/41.00) lat (ms,95%): 4358.09 err/s: 0.00 reconn/s: 0.00
[ 83s ] thds: 2048 tps: 1459.55 qps: 1459.55 (r/w/o: 0.00/1429.56/29.99) lat (ms,95%): 2985.89 err/s: 0.00 reconn/s: 0.00
[ 84s ] thds: 2048 tps: 1521.45 qps: 1521.45 (r/w/o: 0.00/1496.44/25.01) lat (ms,95%): 5409.26 err/s: 0.00 reconn/s: 0.00
[ 85s ] thds: 2048 tps: 1462.80 qps: 1462.80 (r/w/o: 0.00/1422.81/39.99) lat (ms,95%): 3982.86 err/s: 0.00 reconn/s: 0.00
[ 86s ] thds: 2048 tps: 1551.15 qps: 1551.15 (r/w/o: 0.00/1522.15/29.00) lat (ms,95%): 3095.38 err/s: 0.00 reconn/s: 0.00
[ 87s ] thds: 2048 tps: 1598.87 qps: 1598.87 (r/w/o: 0.00/1560.88/38.00) lat (ms,95%): 3040.14 err/s: 0.00 reconn/s: 0.00
[ 88s ] thds: 2048 tps: 1390.64 qps: 1390.64 (r/w/o: 0.00/1358.63/32.01) lat (ms,95%): 2632.28 err/s: 0.00 reconn/s: 0.00
[ 89s ] thds: 2048 tps: 1571.38 qps: 1571.38 (r/w/o: 0.00/1539.39/31.99) lat (ms,95%): 2828.87 err/s: 0.00 reconn/s: 0.00
[ 90s ] thds: 2048 tps: 1535.22 qps: 1535.22 (r/w/o: 0.00/1501.22/34.00) lat (ms,95%): 3151.62 err/s: 0.00 reconn/s: 0.00
[ 91s ] thds: 2048 tps: 1533.81 qps: 1533.81 (r/w/o: 0.00/1504.82/29.00) lat (ms,95%): 3911.79 err/s: 0.00 reconn/s: 0.00
[ 92s ] thds: 2048 tps: 1451.55 qps: 1451.55 (r/w/o: 0.00/1420.54/31.01) lat (ms,95%): 2159.29 err/s: 0.00 reconn/s: 0.00
[ 93s ] thds: 2048 tps: 1482.41 qps: 1482.41 (r/w/o: 0.00/1451.43/30.99) lat (ms,95%): 4055.23 err/s: 0.00 reconn/s: 0.00
[ 94s ] thds: 2048 tps: 1459.96 qps: 1459.96 (r/w/o: 0.00/1426.96/33.00) lat (ms,95%): 3706.08 err/s: 0.00 reconn/s: 0.00
[ 95s ] thds: 2048 tps: 1488.34 qps: 1488.34 (r/w/o: 0.00/1454.34/34.01) lat (ms,95%): 2449.36 err/s: 0.00 reconn/s: 0.00
[ 96s ] thds: 2048 tps: 1527.54 qps: 1527.54 (r/w/o: 0.00/1486.55/40.99) lat (ms,95%): 2449.36 err/s: 0.00 reconn/s: 0.00
[ 97s ] thds: 2048 tps: 1442.19 qps: 1442.19 (r/w/o: 0.00/1413.19/29.00) lat (ms,95%): 2045.74 err/s: 0.00 reconn/s: 0.00
[ 98s ] thds: 2048 tps: 1512.93 qps: 1512.93 (r/w/o: 0.00/1472.93/40.00) lat (ms,95%): 2880.27 err/s: 0.00 reconn/s: 0.00
[ 99s ] thds: 2048 tps: 1490.77 qps: 1490.77 (r/w/o: 0.00/1447.78/42.99) lat (ms,95%): 1938.16 err/s: 0.00 reconn/s: 0.00
[ 100s ] thds: 2048 tps: 1503.20 qps: 1503.20 (r/w/o: 0.00/1461.20/42.01) lat (ms,95%): 6026.41 err/s: 0.00 reconn/s: 0.00
[ 101s ] thds: 2048 tps: 1396.60 qps: 1396.60 (r/w/o: 0.00/1363.59/33.01) lat (ms,95%): 4683.57 err/s: 0.00 reconn/s: 0.00
[ 102s ] thds: 2048 tps: 1416.40 qps: 1416.40 (r/w/o: 0.00/1377.42/38.98) lat (ms,95%): 2932.60 err/s: 0.00 reconn/s: 0.00
[ 103s ] thds: 2048 tps: 1674.90 qps: 1675.90 (r/w/o: 0.00/1648.90/27.00) lat (ms,95%): 2985.89 err/s: 0.00 reconn/s: 0.00
[ 104s ] thds: 2048 tps: 1591.33 qps: 1590.33 (r/w/o: 0.00/1568.33/22.00) lat (ms,95%): 3208.88 err/s: 0.00 reconn/s: 0.00
[ 105s ] thds: 2048 tps: 1351.42 qps: 1351.42 (r/w/o: 0.00/1323.41/28.01) lat (ms,95%): 2985.89 err/s: 0.00 reconn/s: 0.00
[ 106s ] thds: 2048 tps: 1598.65 qps: 1598.65 (r/w/o: 0.00/1555.66/42.99) lat (ms,95%): 2198.52 err/s: 0.00 reconn/s: 0.00
[ 107s ] thds: 2048 tps: 1552.63 qps: 1552.63 (r/w/o: 0.00/1515.64/36.99) lat (ms,95%): 2279.14 err/s: 0.00 reconn/s: 0.00
[ 108s ] thds: 2048 tps: 4820.32 qps: 4820.32 (r/w/o: 0.00/4717.27/103.05) lat (ms,95%): 1973.38 err/s: 0.00 reconn/s: 0.00
[ 109s ] thds: 2048 tps: 4985.11 qps: 4985.11 (r/w/o: 0.00/4857.18/127.93) lat (ms,95%): 1506.29 err/s: 0.00 reconn/s: 0.00
[ 110s ] thds: 2048 tps: 2116.28 qps: 2116.28 (r/w/o: 0.00/2071.27/45.01) lat (ms,95%): 1479.41 err/s: 0.00 reconn/s: 0.00
[ 111s ] thds: 2048 tps: 1480.65 qps: 1480.65 (r/w/o: 0.00/1446.64/34.02) lat (ms,95%): 1869.60 err/s: 0.00 reconn/s: 0.00
[ 112s ] thds: 2048 tps: 1426.18 qps: 1426.18 (r/w/o: 0.00/1391.20/34.98) lat (ms,95%): 5033.35 err/s: 0.00 reconn/s: 0.00
[ 113s ] thds: 2048 tps: 1581.98 qps: 1581.98 (r/w/o: 0.00/1541.98/40.00) lat (ms,95%): 5409.26 err/s: 0.00 reconn/s: 0.00
[ 114s ] thds: 2048 tps: 1524.64 qps: 1524.64 (r/w/o: 0.00/1487.65/36.99) lat (ms,95%): 2159.29 err/s: 0.00 reconn/s: 0.00
[ 115s ] thds: 2048 tps: 1518.23 qps: 1518.23 (r/w/o: 0.00/1478.20/40.03) lat (ms,95%): 2279.14 err/s: 0.00 reconn/s: 0.00
[ 116s ] thds: 2048 tps: 1594.26 qps: 1594.26 (r/w/o: 0.00/1556.28/37.98) lat (ms,95%): 2585.31 err/s: 0.00 reconn/s: 0.00
[ 117s ] thds: 2048 tps: 1728.12 qps: 1728.12 (r/w/o: 0.00/1684.11/44.00) lat (ms,95%): 2828.87 err/s: 0.00 reconn/s: 0.00
[ 118s ] thds: 2048 tps: 1461.59 qps: 1461.59 (r/w/o: 0.00/1419.57/42.02) lat (ms,95%): 2932.60 err/s: 0.00 reconn/s: 0.00
[ 119s ] thds: 2048 tps: 1366.92 qps: 1366.92 (r/w/o: 0.00/1336.94/29.98) lat (ms,95%): 2539.17 err/s: 0.00 reconn/s: 0.00
[ 120s ] thds: 2048 tps: 1494.72 qps: 1494.72 (r/w/o: 0.00/1461.70/33.02) lat (ms,95%): 2932.60 err/s: 0.00 reconn/s: 0.00
[ 121s ] thds: 2048 tps: 1519.66 qps: 1519.66 (r/w/o: 0.00/1490.67/28.99) lat (ms,95%): 2985.89 err/s: 0.00 reconn/s: 0.00
[ 122s ] thds: 2048 tps: 1398.96 qps: 1398.96 (r/w/o: 0.00/1370.96/28.00) lat (ms,95%): 3040.14 err/s: 0.00 reconn/s: 0.00
[ 123s ] thds: 2048 tps: 1529.99 qps: 1529.99 (r/w/o: 0.00/1489.99/40.00) lat (ms,95%): 2880.27 err/s: 0.00 reconn/s: 0.00
[ 124s ] thds: 2048 tps: 1426.76 qps: 1426.76 (r/w/o: 0.00/1384.74/42.02) lat (ms,95%): 2680.11 err/s: 0.00 reconn/s: 0.00
[ 125s ] thds: 2048 tps: 1579.09 qps: 1579.09 (r/w/o: 0.00/1537.11/41.98) lat (ms,95%): 2320.55 err/s: 0.00 reconn/s: 0.00
[ 126s ] thds: 2048 tps: 1496.26 qps: 1496.26 (r/w/o: 0.00/1466.26/30.01) lat (ms,95%): 2238.47 err/s: 0.00 reconn/s: 0.00
[ 127s ] thds: 2048 tps: 1529.27 qps: 1529.27 (r/w/o: 0.00/1490.26/39.01) lat (ms,95%): 2120.76 err/s: 0.00 reconn/s: 0.00
[ 128s ] thds: 2048 tps: 1448.54 qps: 1448.54 (r/w/o: 0.00/1414.55/33.99) lat (ms,95%): 2632.28 err/s: 0.00 reconn/s: 0.00
[ 129s ] thds: 2048 tps: 1402.96 qps: 1402.96 (r/w/o: 0.00/1384.96/18.00) lat (ms,95%): 3773.42 err/s: 0.00 reconn/s: 0.00
[ 130s ] thds: 2048 tps: 1458.37 qps: 1458.37 (r/w/o: 0.00/1419.36/39.01) lat (ms,95%): 4280.32 err/s: 0.00 reconn/s: 0.00
[ 131s ] thds: 2048 tps: 1562.02 qps: 1562.02 (r/w/o: 0.00/1524.02/38.00) lat (ms,95%): 5312.73 err/s: 0.00 reconn/s: 0.00
[ 132s ] thds: 2048 tps: 1542.47 qps: 1542.47 (r/w/o: 0.00/1511.48/30.99) lat (ms,95%): 3326.55 err/s: 0.00 reconn/s: 0.00
[ 133s ] thds: 2048 tps: 1438.26 qps: 1438.26 (r/w/o: 0.00/1414.26/24.00) lat (ms,95%): 2728.81 err/s: 0.00 reconn/s: 0.00
[ 134s ] thds: 2048 tps: 1545.84 qps: 1545.84 (r/w/o: 0.00/1507.84/38.00) lat (ms,95%): 2539.17 err/s: 0.00 reconn/s: 0.00
[ 135s ] thds: 2048 tps: 1717.37 qps: 1717.37 (r/w/o: 0.00/1669.36/48.01) lat (ms,95%): 2880.27 err/s: 0.00 reconn/s: 0.00
[ 136s ] thds: 2048 tps: 1424.42 qps: 1424.42 (r/w/o: 0.00/1393.41/31.01) lat (ms,95%): 3326.55 err/s: 0.00 reconn/s: 0.00
[ 137s ] thds: 2048 tps: 1527.53 qps: 1527.53 (r/w/o: 0.00/1492.54/34.99) lat (ms,95%): 2362.72 err/s: 0.00 reconn/s: 0.00
[ 138s ] thds: 2048 tps: 1417.68 qps: 1417.68 (r/w/o: 0.00/1388.69/28.99) lat (ms,95%): 2009.23 err/s: 0.00 reconn/s: 0.00
[ 139s ] thds: 2048 tps: 1550.19 qps: 1550.19 (r/w/o: 0.00/1520.19/30.00) lat (ms,95%): 3911.79 err/s: 0.00 reconn/s: 0.00
[ 140s ] thds: 2048 tps: 1487.02 qps: 1487.02 (r/w/o: 0.00/1450.02/37.00) lat (ms,95%): 4943.53 err/s: 0.00 reconn/s: 0.00
[ 141s ] thds: 2048 tps: 1391.61 qps: 1391.61 (r/w/o: 0.00/1357.59/34.01) lat (ms,95%): 2828.87 err/s: 0.00 reconn/s: 0.00
[ 142s ] thds: 2048 tps: 1635.06 qps: 1635.06 (r/w/o: 0.00/1595.06/40.00) lat (ms,95%): 2632.28 err/s: 0.00 reconn/s: 0.00
[ 143s ] thds: 2048 tps: 1763.14 qps: 1763.14 (r/w/o: 0.00/1729.16/33.98) lat (ms,95%): 3639.94 err/s: 0.00 reconn/s: 0.00
[ 144s ] thds: 2048 tps: 1593.77 qps: 1593.77 (r/w/o: 0.00/1540.75/53.03) lat (ms,95%): 1938.16 err/s: 0.00 reconn/s: 0.00
[ 145s ] thds: 2048 tps: 1289.44 qps: 1289.44 (r/w/o: 0.00/1261.45/27.99) lat (ms,95%): 1803.47 err/s: 0.00 reconn/s: 0.00
[ 146s ] thds: 2048 tps: 1354.97 qps: 1354.97 (r/w/o: 0.00/1322.97/32.00) lat (ms,95%): 2120.76 err/s: 0.00 reconn/s: 0.00
[ 147s ] thds: 2048 tps: 1580.71 qps: 1580.71 (r/w/o: 0.00/1559.71/21.00) lat (ms,95%): 4599.99 err/s: 0.00 reconn/s: 0.00
[ 148s ] thds: 2048 tps: 1584.25 qps: 1584.25 (r/w/o: 0.00/1560.25/24.00) lat (ms,95%): 4855.31 err/s: 0.00 reconn/s: 0.00
[ 149s ] thds: 2048 tps: 1497.74 qps: 1497.74 (r/w/o: 0.00/1467.72/30.01) lat (ms,95%): 5507.54 err/s: 0.00 reconn/s: 0.00
[ 150s ] thds: 2048 tps: 1394.41 qps: 1394.41 (r/w/o: 0.00/1357.42/36.98) lat (ms,95%): 5409.26 err/s: 0.00 reconn/s: 0.00
[ 151s ] thds: 2048 tps: 1599.66 qps: 1599.66 (r/w/o: 0.00/1558.64/41.02) lat (ms,95%): 3326.55 err/s: 0.00 reconn/s: 0.00
[ 152s ] thds: 2048 tps: 1676.02 qps: 1676.02 (r/w/o: 0.00/1642.04/33.98) lat (ms,95%): 3773.42 err/s: 0.00 reconn/s: 0.00
[ 153s ] thds: 2048 tps: 1489.70 qps: 1489.70 (r/w/o: 0.00/1459.69/30.01) lat (ms,95%): 2539.17 err/s: 0.00 reconn/s: 0.00
[ 154s ] thds: 2048 tps: 1507.23 qps: 1507.23 (r/w/o: 0.00/1481.24/25.99) lat (ms,95%): 2405.65 err/s: 0.00 reconn/s: 0.00
[ 155s ] thds: 2048 tps: 1427.08 qps: 1427.08 (r/w/o: 0.00/1398.08/29.00) lat (ms,95%): 2539.17 err/s: 0.00 reconn/s: 0.00
[ 156s ] thds: 2048 tps: 1408.05 qps: 1408.05 (r/w/o: 0.00/1383.05/25.00) lat (ms,95%): 2238.47 err/s: 0.00 reconn/s: 0.00
[ 157s ] thds: 2048 tps: 1527.97 qps: 1527.97 (r/w/o: 0.00/1498.97/29.00) lat (ms,95%): 4358.09 err/s: 0.00 reconn/s: 0.00
[ 158s ] thds: 2048 tps: 1561.13 qps: 1561.13 (r/w/o: 0.00/1522.13/39.00) lat (ms,95%): 2880.27 err/s: 0.00 reconn/s: 0.00
[ 159s ] thds: 2048 tps: 1648.75 qps: 1648.75 (r/w/o: 0.00/1611.76/36.99) lat (ms,95%): 2632.28 err/s: 0.00 reconn/s: 0.00
[ 160s ] thds: 2048 tps: 1514.80 qps: 1514.80 (r/w/o: 0.00/1488.79/26.01) lat (ms,95%): 2198.52 err/s: 0.00 reconn/s: 0.00
[ 161s ] thds: 2048 tps: 1461.96 qps: 1461.96 (r/w/o: 0.00/1422.98/38.97) lat (ms,95%): 2405.65 err/s: 0.00 reconn/s: 0.00
[ 162s ] thds: 2048 tps: 1338.99 qps: 1338.99 (r/w/o: 0.00/1307.96/31.02) lat (ms,95%): 3267.19 err/s: 0.00 reconn/s: 0.00
[ 163s ] thds: 2048 tps: 1720.93 qps: 1720.93 (r/w/o: 0.00/1678.94/42.00) lat (ms,95%): 2880.27 err/s: 0.00 reconn/s: 0.00
[ 164s ] thds: 2048 tps: 1505.90 qps: 1505.90 (r/w/o: 0.00/1465.93/39.97) lat (ms,95%): 2362.72 err/s: 0.00 reconn/s: 0.00
[ 165s ] thds: 2048 tps: 1458.50 qps: 1458.50 (r/w/o: 0.00/1414.49/44.02) lat (ms,95%): 2198.52 err/s: 0.00 reconn/s: 0.00
[ 166s ] thds: 2048 tps: 1481.05 qps: 1481.05 (r/w/o: 0.00/1447.05/34.00) lat (ms,95%): 2362.72 err/s: 0.00 reconn/s: 0.00
[ 167s ] thds: 2048 tps: 1482.54 qps: 1482.54 (r/w/o: 0.00/1445.53/37.01) lat (ms,95%): 5507.54 err/s: 0.00 reconn/s: 0.00
[ 168s ] thds: 2048 tps: 1426.19 qps: 1426.19 (r/w/o: 0.00/1387.18/39.01) lat (ms,95%): 2932.60 err/s: 0.00 reconn/s: 0.00
[ 169s ] thds: 2048 tps: 1566.15 qps: 1566.15 (r/w/o: 0.00/1531.17/34.98) lat (ms,95%): 4768.67 err/s: 0.00 reconn/s: 0.00
[ 170s ] thds: 2048 tps: 1660.76 qps: 1660.76 (r/w/o: 0.00/1630.75/30.01) lat (ms,95%): 2728.81 err/s: 0.00 reconn/s: 0.00
[ 171s ] thds: 2048 tps: 1515.00 qps: 1515.00 (r/w/o: 0.00/1474.00/41.00) lat (ms,95%): 2279.14 err/s: 0.00 reconn/s: 0.00
[ 172s ] thds: 2048 tps: 1388.30 qps: 1388.30 (r/w/o: 0.00/1351.32/36.98) lat (ms,95%): 2728.81 err/s: 0.00 reconn/s: 0.00
[ 173s ] thds: 2048 tps: 1479.60 qps: 1479.60 (r/w/o: 0.00/1441.58/38.02) lat (ms,95%): 2585.31 err/s: 0.00 reconn/s: 0.00
[ 174s ] thds: 2048 tps: 1386.13 qps: 1386.13 (r/w/o: 0.00/1355.13/31.00) lat (ms,95%): 2082.91 err/s: 0.00 reconn/s: 0.00
[ 175s ] thds: 2048 tps: 1678.88 qps: 1678.88 (r/w/o: 0.00/1640.88/38.00) lat (ms,95%): 3151.62 err/s: 0.00 reconn/s: 0.00
[ 176s ] thds: 2048 tps: 1528.61 qps: 1528.61 (r/w/o: 0.00/1491.62/36.99) lat (ms,95%): 2539.17 err/s: 0.00 reconn/s: 0.00
[ 177s ] thds: 2048 tps: 1450.52 qps: 1450.52 (r/w/o: 0.00/1411.51/39.01) lat (ms,95%): 2120.76 err/s: 0.00 reconn/s: 0.00
[ 178s ] thds: 2048 tps: 1438.93 qps: 1438.93 (r/w/o: 0.00/1403.95/34.97) lat (ms,95%): 2728.81 err/s: 0.00 reconn/s: 0.00
[ 179s ] thds: 2048 tps: 1447.53 qps: 1447.53 (r/w/o: 0.00/1427.52/20.01) lat (ms,95%): 3040.14 err/s: 0.00 reconn/s: 0.00
[ 180s ] thds: 2048 tps: 1631.66 qps: 1631.66 (r/w/o: 0.00/1590.67/40.99) lat (ms,95%): 2585.31 err/s: 0.00 reconn/s: 0.00
[ 181s ] thds: 2048 tps: 1547.84 qps: 1547.84 (r/w/o: 0.00/1515.83/32.02) lat (ms,95%): 2120.76 err/s: 0.00 reconn/s: 0.00
[ 182s ] thds: 2048 tps: 1475.16 qps: 1475.16 (r/w/o: 0.00/1437.18/37.98) lat (ms,95%): 3095.38 err/s: 0.00 reconn/s: 0.00
[ 183s ] thds: 2048 tps: 1443.76 qps: 1443.76 (r/w/o: 0.00/1411.76/31.99) lat (ms,95%): 2728.81 err/s: 0.00 reconn/s: 0.00
[ 184s ] thds: 2048 tps: 1439.81 qps: 1439.81 (r/w/o: 0.00/1406.81/33.00) lat (ms,95%): 2539.17 err/s: 0.00 reconn/s: 0.00
[ 185s ] thds: 2048 tps: 1615.49 qps: 1615.49 (r/w/o: 0.00/1568.48/47.01) lat (ms,95%): 2778.39 err/s: 0.00 reconn/s: 0.00
[ 186s ] thds: 2048 tps: 1520.00 qps: 1520.00 (r/w/o: 0.00/1485.98/34.02) lat (ms,95%): 2828.87 err/s: 0.00 reconn/s: 0.00
[ 187s ] thds: 2048 tps: 1406.88 qps: 1406.88 (r/w/o: 0.00/1374.88/32.00) lat (ms,95%): 2449.36 err/s: 0.00 reconn/s: 0.00
[ 188s ] thds: 2048 tps: 1493.78 qps: 1493.78 (r/w/o: 0.00/1464.78/29.00) lat (ms,95%): 2320.55 err/s: 0.00 reconn/s: 0.00
[ 189s ] thds: 2048 tps: 1474.54 qps: 1474.54 (r/w/o: 0.00/1441.55/32.99) lat (ms,95%): 2828.87 err/s: 0.00 reconn/s: 0.00
[ 190s ] thds: 2048 tps: 1427.61 qps: 1427.61 (r/w/o: 0.00/1391.62/35.99) lat (ms,95%): 2539.17 err/s: 0.00 reconn/s: 0.00
[ 191s ] thds: 2048 tps: 1470.93 qps: 1470.93 (r/w/o: 0.00/1433.91/37.02) lat (ms,95%): 2493.86 err/s: 0.00 reconn/s: 0.00
[ 192s ] thds: 2048 tps: 1448.89 qps: 1448.89 (r/w/o: 0.00/1424.90/24.00) lat (ms,95%): 2680.11 err/s: 0.00 reconn/s: 0.00
[ 193s ] thds: 2048 tps: 1663.33 qps: 1663.33 (r/w/o: 0.00/1631.32/32.01) lat (ms,95%): 4055.23 err/s: 0.00 reconn/s: 0.00
[ 194s ] thds: 2048 tps: 1552.87 qps: 1552.87 (r/w/o: 0.00/1520.87/32.00) lat (ms,95%): 2493.86 err/s: 0.00 reconn/s: 0.00
[ 195s ] thds: 2048 tps: 1513.17 qps: 1513.17 (r/w/o: 0.00/1477.16/36.00) lat (ms,95%): 2449.36 err/s: 0.00 reconn/s: 0.00
[ 196s ] thds: 2048 tps: 1461.88 qps: 1461.88 (r/w/o: 0.00/1431.90/29.98) lat (ms,95%): 2449.36 err/s: 0.00 reconn/s: 0.00
[ 197s ] thds: 2048 tps: 1533.89 qps: 1533.89 (r/w/o: 0.00/1511.89/22.00) lat (ms,95%): 2405.65 err/s: 0.00 reconn/s: 0.00
[ 198s ] thds: 2048 tps: 1563.11 qps: 1563.11 (r/w/o: 0.00/1532.11/31.00) lat (ms,95%): 2728.81 err/s: 0.00 reconn/s: 0.00
[ 199s ] thds: 2048 tps: 1375.92 qps: 1375.92 (r/w/o: 0.00/1341.90/34.02) lat (ms,95%): 2362.72 err/s: 0.00 reconn/s: 0.00
[ 200s ] thds: 2048 tps: 1446.89 qps: 1446.89 (r/w/o: 0.00/1413.92/32.97) lat (ms,95%): 2539.17 err/s: 0.00 reconn/s: 0.00
[ 201s ] thds: 2048 tps: 2347.99 qps: 2347.99 (r/w/o: 0.00/2309.99/38.00) lat (ms,95%): 2680.11 err/s: 0.00 reconn/s: 0.00
[ 202s ] thds: 2048 tps: 1783.38 qps: 1783.38 (r/w/o: 0.00/1741.35/42.03) lat (ms,95%): 2932.60 err/s: 0.00 reconn/s: 0.00
[ 203s ] thds: 2048 tps: 1514.06 qps: 1514.06 (r/w/o: 0.00/1484.06/30.00) lat (ms,95%): 4280.32 err/s: 0.00 reconn/s: 0.00
[ 204s ] thds: 2048 tps: 1362.07 qps: 1362.07 (r/w/o: 0.00/1330.09/31.98) lat (ms,95%): 1678.14 err/s: 0.00 reconn/s: 0.00
[ 205s ] thds: 2048 tps: 1401.85 qps: 1401.85 (r/w/o: 0.00/1381.85/20.00) lat (ms,95%): 2880.27 err/s: 0.00 reconn/s: 0.00
[ 206s ] thds: 2048 tps: 1564.12 qps: 1564.12 (r/w/o: 0.00/1518.08/46.03) lat (ms,95%): 2120.76 err/s: 0.00 reconn/s: 0.00
[ 207s ] thds: 2048 tps: 1501.01 qps: 1501.01 (r/w/o: 0.00/1464.01/37.00) lat (ms,95%): 2009.23 err/s: 0.00 reconn/s: 0.00
[ 208s ] thds: 2048 tps: 1506.07 qps: 1506.07 (r/w/o: 0.00/1473.06/33.00) lat (ms,95%): 2009.23 err/s: 0.00 reconn/s: 0.00
[ 209s ] thds: 2048 tps: 2529.87 qps: 2529.87 (r/w/o: 0.00/2471.88/58.00) lat (ms,95%): 2045.74 err/s: 0.00 reconn/s: 0.00
[ 210s ] thds: 2048 tps: 1547.09 qps: 1547.09 (r/w/o: 0.00/1509.09/38.00) lat (ms,95%): 2320.55 err/s: 0.00 reconn/s: 0.00
[ 211s ] thds: 2048 tps: 1508.35 qps: 1508.35 (r/w/o: 0.00/1472.36/35.98) lat (ms,95%): 2405.65 err/s: 0.00 reconn/s: 0.00
[ 212s ] thds: 2048 tps: 1482.66 qps: 1482.66 (r/w/o: 0.00/1453.67/28.99) lat (ms,95%): 2238.47 err/s: 0.00 reconn/s: 0.00
[ 213s ] thds: 2048 tps: 1447.85 qps: 1447.85 (r/w/o: 0.00/1423.85/24.00) lat (ms,95%): 2082.91 err/s: 0.00 reconn/s: 0.00
[ 214s ] thds: 2048 tps: 1502.99 qps: 1502.99 (r/w/o: 0.00/1460.96/42.03) lat (ms,95%): 1836.24 err/s: 0.00 reconn/s: 0.00
[ 215s ] thds: 2048 tps: 1464.21 qps: 1464.21 (r/w/o: 0.00/1433.20/31.00) lat (ms,95%): 2159.29 err/s: 0.00 reconn/s: 0.00
[ 216s ] thds: 2048 tps: 1570.53 qps: 1570.53 (r/w/o: 0.00/1540.54/29.99) lat (ms,95%): 4943.53 err/s: 0.00 reconn/s: 0.00
[ 217s ] thds: 2048 tps: 1429.40 qps: 1429.40 (r/w/o: 0.00/1397.39/32.01) lat (ms,95%): 2632.28 err/s: 0.00 reconn/s: 0.00
[ 218s ] thds: 2048 tps: 1515.89 qps: 1515.89 (r/w/o: 0.00/1484.89/31.00) lat (ms,95%): 2449.36 err/s: 0.00 reconn/s: 0.00
[ 219s ] thds: 2048 tps: 1473.99 qps: 1473.99 (r/w/o: 0.00/1447.01/26.98) lat (ms,95%): 2680.11 err/s: 0.00 reconn/s: 0.00
[ 220s ] thds: 2048 tps: 1662.28 qps: 1662.28 (r/w/o: 0.00/1627.25/35.03) lat (ms,95%): 2985.89 err/s: 0.00 reconn/s: 0.00
[ 221s ] thds: 2048 tps: 1422.05 qps: 1422.05 (r/w/o: 0.00/1391.05/31.00) lat (ms,95%): 3267.19 err/s: 0.00 reconn/s: 0.00
[ 222s ] thds: 2048 tps: 1611.03 qps: 1611.03 (r/w/o: 0.00/1583.03/28.00) lat (ms,95%): 2279.14 err/s: 0.00 reconn/s: 0.00
[ 223s ] thds: 2048 tps: 1367.67 qps: 1367.67 (r/w/o: 0.00/1338.68/28.99) lat (ms,95%): 2728.81 err/s: 0.00 reconn/s: 0.00
[ 224s ] thds: 2048 tps: 1514.23 qps: 1514.23 (r/w/o: 0.00/1477.23/37.01) lat (ms,95%): 2828.87 err/s: 0.00 reconn/s: 0.00
[ 225s ] thds: 2048 tps: 1494.91 qps: 1494.91 (r/w/o: 0.00/1461.92/33.00) lat (ms,95%): 2585.31 err/s: 0.00 reconn/s: 0.00
[ 226s ] thds: 2048 tps: 1561.09 qps: 1561.09 (r/w/o: 0.00/1523.09/38.00) lat (ms,95%): 3639.94 err/s: 0.00 reconn/s: 0.00
[ 227s ] thds: 2048 tps: 1517.78 qps: 1517.78 (r/w/o: 0.00/1493.78/24.00) lat (ms,95%): 4855.31 err/s: 0.00 reconn/s: 0.00
[ 228s ] thds: 2048 tps: 1500.13 qps: 1500.13 (r/w/o: 0.00/1466.13/34.00) lat (ms,95%): 2728.81 err/s: 0.00 reconn/s: 0.00
[ 229s ] thds: 2048 tps: 1599.23 qps: 1599.23 (r/w/o: 0.00/1573.23/26.00) lat (ms,95%): 2880.27 err/s: 0.00 reconn/s: 0.00
[ 230s ] thds: 2048 tps: 1453.89 qps: 1453.89 (r/w/o: 0.00/1419.91/33.97) lat (ms,95%): 2680.11 err/s: 0.00 reconn/s: 0.00
[ 231s ] thds: 2048 tps: 1553.03 qps: 1553.03 (r/w/o: 0.00/1527.02/26.02) lat (ms,95%): 2198.52 err/s: 0.00 reconn/s: 0.00
[ 232s ] thds: 2048 tps: 1381.95 qps: 1381.95 (r/w/o: 0.00/1349.95/32.00) lat (ms,95%): 2362.72 err/s: 0.00 reconn/s: 0.00
[ 233s ] thds: 2048 tps: 1396.98 qps: 1396.98 (r/w/o: 0.00/1366.98/30.00) lat (ms,95%): 2120.76 err/s: 0.00 reconn/s: 0.00
[ 234s ] thds: 2048 tps: 1682.00 qps: 1682.00 (r/w/o: 0.00/1640.00/42.00) lat (ms,95%): 4055.23 err/s: 0.00 reconn/s: 0.00
[ 235s ] thds: 2048 tps: 1456.94 qps: 1456.94 (r/w/o: 0.00/1428.94/28.00) lat (ms,95%): 2120.76 err/s: 0.00 reconn/s: 0.00
[ 236s ] thds: 2048 tps: 1468.88 qps: 1468.88 (r/w/o: 0.00/1428.89/40.00) lat (ms,95%): 2279.14 err/s: 0.00 reconn/s: 0.00
[ 237s ] thds: 2048 tps: 1343.37 qps: 1343.37 (r/w/o: 0.00/1313.37/30.01) lat (ms,95%): 3982.86 err/s: 0.00 reconn/s: 0.00
[ 238s ] thds: 2048 tps: 1652.70 qps: 1652.70 (r/w/o: 0.00/1617.71/34.99) lat (ms,95%): 4855.31 err/s: 0.00 reconn/s: 0.00
[ 239s ] thds: 2048 tps: 1510.87 qps: 1510.87 (r/w/o: 0.00/1483.87/27.00) lat (ms,95%): 1648.20 err/s: 0.00 reconn/s: 0.00
[ 240s ] thds: 2048 tps: 1675.17 qps: 1675.17 (r/w/o: 0.00/1632.16/43.00) lat (ms,95%): 4055.23 err/s: 0.00 reconn/s: 0.00
[ 241s ] thds: 2047 tps: 1400.15 qps: 1400.15 (r/w/o: 0.00/1379.15/21.00) lat (ms,95%): 1771.29 err/s: 0.00 reconn/s: 0.00
[ 242s ] thds: 2024 tps: 465.64 qps: 465.64 (r/w/o: 0.00/456.64/8.99) lat (ms,95%): 2362.72 err/s: 0.00 reconn/s: 0.00
[ 243s ] thds: 1992 tps: 137.09 qps: 137.09 (r/w/o: 0.00/135.08/2.00) lat (ms,95%): 3095.38 err/s: 0.00 reconn/s: 0.00
Latency histogram (values are in milliseconds)
       value  ------------- distribution ------------- count
       5.671 |                                         1
       6.433 |                                         3
       6.669 |                                         2
       6.790 |                                         4
       6.913 |                                         6
       7.039 |                                         12
       7.167 |                                         14
       7.297 |                                         13
       7.430 |                                         23
       7.565 |                                         26
       7.702 |                                         25
       7.842 |                                         42
       7.985 |                                         64
       8.130 |                                         58
       8.277 |                                         70
       8.428 |                                         96
       8.581 |                                         118
       8.737 |                                         102
       8.895 |                                         114
       9.057 |                                         120
       9.222 |                                         129
       9.389 |                                         148
       9.560 |                                         144
       9.734 |                                         147
       9.910 |                                         149
      10.090 |                                         156
      10.274 |                                         130
      10.460 |                                         153
      10.651 |                                         140
      10.844 |                                         138
      11.041 |                                         150
      11.242 |                                         125
      11.446 |                                         144
      11.654 |                                         124
      11.866 |                                         110
      12.081 |                                         106
      12.301 |                                         101
      12.524 |                                         108
      12.752 |                                         115
      12.984 |                                         103
      13.219 |                                         104
      13.460 |                                         129
      13.704 |                                         102
      13.953 |                                         98
      14.207 |                                         99
      14.465 |                                         131
      14.728 |                                         128
      14.995 |                                         103
      15.268 |                                         93
      15.545 |                                         103
      15.828 |                                         114
      16.115 |                                         101
      16.408 |                                         100
      16.706 |                                         102
      17.010 |                                         93
      17.319 |                                         94
      17.633 |                                         102
      17.954 |                                         108
      18.280 |                                         97
      18.612 |                                         100
      18.950 |                                         94
      19.295 |                                         118
      19.645 |                                         113
      20.002 |                                         117
      20.366 |                                         121
      20.736 |                                         108
      21.112 |                                         121
      21.496 |                                         103
      21.886 |                                         122
      22.284 |                                         105
      22.689 |                                         114
      23.101 |                                         120
      23.521 |                                         114
      23.948 |                                         106
      24.384 |                                         108
      24.827 |                                         100
      25.278 |                                         90
      25.737 |                                         63
      26.205 |                                         62
      26.681 |                                         85
      27.165 |                                         60
      27.659 |                                         48
      28.162 |                                         64
      28.673 |                                         62
      29.194 |                                         50
      29.725 |                                         50
      30.265 |                                         49
      30.815 |                                         37
      31.375 |                                         37
      31.945 |                                         30
      32.525 |                                         29
      33.116 |                                         37
      33.718 |                                         28
      34.330 |                                         22
      34.954 |                                         41
      35.589 |                                         30
      36.236 |                                         28
      36.894 |                                         27
      37.565 |                                         31
      38.247 |                                         35
      38.942 |                                         43
      39.650 |                                         39
      40.370 |                                         33
      41.104 |                                         42
      41.851 |                                         41
      42.611 |                                         40
      43.385 |                                         53
      44.173 |                                         62
      44.976 |                                         73
      45.793 |                                         73
      46.625 |                                         62
      47.472 |                                         100
      48.335 |                                         78
      49.213 |                                         79
      50.107 |                                         97
      51.018 |                                         85
      51.945 |                                         89
      52.889 |                                         106
      53.850 |                                         91
      54.828 |                                         69
      55.824 |                                         67
      56.839 |                                         41
      57.871 |                                         26
      58.923 |                                         24
      59.993 |                                         37
      61.083 |                                         37
      62.193 |                                         34
      63.323 |                                         53
      64.474 |                                         60
      65.645 |                                         59
      66.838 |                                         53
      68.053 |                                         48
      69.289 |                                         66
      70.548 |                                         96
      71.830 |                                         103
      73.135 |                                         69
      74.464 |                                         67
      75.817 |                                         60
      77.194 |                                         68
      78.597 |                                         51
      80.025 |                                         51
      81.479 |                                         81
      82.959 |                                         85
      84.467 |                                         115
      86.002 |                                         107
      87.564 |                                         88
      89.155 |                                         67
      90.775 |                                         27
      92.424 |                                         20
      94.104 |                                         16
      95.814 |                                         29
      97.555 |                                         15
      99.327 |                                         8
     101.132 |                                         6
     102.969 |                                         2
     104.840 |                                         1
     106.745 |                                         1
     108.685 |                                         2
     114.717 |                                         1
     116.802 |                                         2
     121.085 |                                         2
     123.285 |                                         1
     125.525 |                                         2
     127.805 |                                         3
     130.128 |                                         2
     132.492 |                                         6
     134.899 |                                         1
     137.350 |                                         3
     139.846 |                                         3
     142.387 |                                         5
     144.974 |                                         3
     147.608 |                                         6
     150.290 |                                         7
     153.021 |                                         5
     155.801 |                                         1
     158.632 |                                         5
     161.514 |                                         4
     164.449 |                                         3
     167.437 |                                         8
     170.479 |                                         5
     173.577 |                                         10
     176.731 |                                         11
     179.942 |                                         16
     183.211 |                                         17
     186.540 |                                         16
     189.929 |                                         14
     193.380 |                                         19
     196.894 |                                         21
     200.472 |                                         24
     204.114 |                                         15
     207.823 |                                         20
     211.599 |                                         15
     215.443 |                                         15
     219.358 |                                         21
     223.344 |                                         21
     227.402 |                                         18
     231.534 |                                         26
     235.740 |                                         32
     240.024 |                                         22
     244.385 |                                         32
     248.825 |                                         21
     253.346 |                                         28
     257.950 |                                         30
     262.636 |                                         34
     267.408 |                                         31
     272.267 |                                         30
     277.214 |                                         27
     282.251 |                                         31
     287.379 |                                         23
     292.601 |                                         22
     297.917 |                                         26
     303.330 |                                         20
     308.842 |                                         28
     314.453 |                                         23
     320.167 |                                         28
     325.984 |                                         36
     331.907 |                                         32
     337.938 |                                         32
     344.078 |                                         34
     350.330 |                                         48
     356.695 |                                         45
     363.176 |                                         49
     369.775 |                                         52
     376.494 |                                         61
     383.334 |                                         66
     390.299 |                                         62
     397.391 |                                         64
     404.611 |                                         49
     411.963 |                                         59
     419.448 |                                         68
     427.069 |                                         59
     434.829 |                                         77
     442.730 |                                         85
     450.774 |                                         88
     458.964 |                                         92
     467.304 |                                         92
     475.794 |                                         91
     484.439 |                                         99
     493.242 |                                         105
     502.204 |                                         119
     511.328 |                                         128
     520.619 |                                         129
     530.078 |                                         110
     539.710 |                                         129
     549.516 |                                         128
     559.501 |                                         153
     569.667 |                                         157
     580.017 |                                         149
     590.556 |                                         149
     601.286 |                                         153
     612.211 |                                         175
     623.335 |                                         187
     634.661 |*                                        209
     646.192 |*                                        251
     657.933 |*                                        227
     669.888 |*                                        241
     682.059 |*                                        255
     694.452 |*                                        243
     707.070 |*                                        256
     719.917 |*                                        304
     732.998 |*                                        346
     746.316 |**                                       994
     759.876 |*                                        560
     773.683 |*                                        566
     787.741 |**                                       861
     802.053 |****                                     1443
     816.626 |*****                                    2064
     831.464 |***************                          5814
     846.572 |*********************                    8520
     861.954 |***********************                  9301
     877.615 |****************************             11119
     893.561 |*****************************            11478
     909.797 |**************************************   14931
     926.327 |*******************************          12390
     943.158 |**************************************** 15880
     960.295 |**************************************** 15914
     977.743 |************************************     14254
     995.508 |******************************           12125
    1013.597 |*******************************          12234
    1032.013 |********************                     8092
    1050.764 |****************                         6219
    1069.856 |************                             4899
    1089.295 |*********************                    8482
    1109.087 |*********************                    8477
    1129.239 |**********************                   8743
    1149.757 |****************                         6532
    1170.648 |************                             4851
    1191.918 |*************                            5187
    1213.575 |***************                          6128
    1235.625 |*************                            5106
    1258.076 |***************                          6033
    1280.934 |**********                               4035
    1304.208 |*************                            5058
    1327.905 |**********                               4043
    1352.033 |**********                               3979
    1376.599 |**************                           5541
    1401.611 |**************                           5464
    1427.078 |*********                                3779
    1453.007 |**********                               4052
    1479.408 |*********                                3465
    1506.288 |*********                                3535
    1533.657 |*****                                    1896
    1561.523 |**********                               4036
    1589.895 |******                                   2449
    1618.783 |****                                     1582
    1648.196 |******                                   2336
    1678.143 |******                                   2348
    1708.634 |******                                   2191
    1739.679 |********                                 3111
    1771.289 |*******                                  2916
    1803.472 |********                                 3259
    1836.241 |*******                                  2733
    1869.605 |******                                   2211
    1903.575 |******                                   2580
    1938.162 |*******                                  2606
    1973.377 |******                                   2430
    2009.233 |*****                                    1968
    2045.740 |*****                                    2035
    2082.910 |****                                     1603
    2120.756 |*****                                    1888
    2159.289 |*****                                    2144
    2198.523 |****                                     1782
    2238.469 |***                                      1372
    2279.141 |***                                      1222
    2320.552 |***                                      1254
    2362.716 |**                                       956
    2405.646 |***                                      1234
    2449.355 |***                                      1236
    2493.859 |***                                      1232
    2539.172 |***                                      1136
    2585.308 |****                                     1525
    2632.282 |***                                      1360
    2680.109 |****                                     1474
    2728.806 |***                                      1141
    2778.387 |**                                       867
    2828.869 |**                                       933
    2880.269 |***                                      1009
    2932.602 |***                                      1147
    2985.887 |**                                       862
    3040.139 |**                                       630
    3095.377 |*                                        529
    3151.619 |*                                        453
    3208.883 |*                                        516
    3267.187 |*                                        484
    3326.551 |*                                        492
    3386.993 |*                                        439
    3448.533 |*                                        436
    3511.192 |*                                        339
    3574.989 |*                                        385
    3639.945 |*                                        442
    3706.081 |*                                        385
    3773.420 |*                                        468
    3841.981 |*                                        309
    3911.789 |*                                        301
    3982.864 |*                                        326
    4055.231 |*                                        358
    4128.913 |*                                        284
    4203.934 |*                                        325
    4280.318 |*                                        385
    4358.090 |*                                        423
    4437.275 |*                                        343
    4517.898 |*                                        249
    4599.987 |*                                        275
    4683.567 |*                                        515
    4768.666 |*                                        301
    4855.311 |*                                        241
    4943.530 |*                                        269
    5033.352 |*                                        355
    5124.806 |*                                        368
    5217.922 |*                                        210
    5312.729 |                                         142
    5409.260 |                                         198
    5507.544 |*                                        247
    5607.614 |*                                        202
    5709.502 |                                         122
    5813.242 |                                         57
    5918.866 |                                         76
    6026.410 |                                         132
    6135.907 |                                         186
    6247.394 |                                         107
    6360.907 |                                         76
    6476.483 |                                         77
    6594.158 |                                         53
    6713.971 |                                         43
    6835.962 |                                         46
    6960.168 |                                         58
    7086.632 |                                         48
    7215.393 |                                         32
    7346.494 |                                         27
    7479.978 |                                         16
    7615.886 |                                         26
    7754.264 |                                         18
    7895.156 |                                         21
    8038.608 |                                         6
    8184.666 |                                         8
    8333.379 |                                         8
    8484.793 |                                         14
    8638.959 |                                         7
    8795.925 |                                         5
    9118.466 |                                         1
    9624.589 |                                         1
    9799.465 |                                         1
    9977.517 |                                         5
   10158.805 |                                         3
   10343.387 |                                         7
   10531.322 |                                         8
   10722.672 |                                         9
   10917.499 |                                         8
   11115.866 |                                         7
   11317.837 |                                         15
   11523.478 |                                         7
   11732.855 |                                         9
   11946.037 |                                         8
   12163.092 |                                         7
   12384.091 |                                         3
   12609.105 |                                         5
   12838.208 |                                         8
   13071.473 |                                         4
   13308.977 |                                         7
   13550.796 |                                         5
   13797.009 |                                         6
   14047.695 |                                         2
 
SQL statistics:
    queries performed:
        read:                            0
        write:                           366211
        other:                           8347
        total:                           374558
    transactions:                        374558 (1539.70 per sec.)
    queries:                             374558 (1539.70 per sec.)
    ignored errors:                      0      (0.00 per sec.)
    reconnects:                          0      (0.00 per sec.)

Throughput:
    events/s (eps):                      1539.6996
    time elapsed:                        243.2674s
    total number of events:              374558

Latency (ms):
         min:                                    5.70
         avg:                                 1322.18
         max:                                13948.39
         95th percentile:                     2778.39
         sum:                            495232842.59

Threads fairness:
    events (avg/stddev):           182.8892/21.74
    execution time (avg/stddev):   241.8129/1.09

