sysbench 1.1.0-3ceba0b (using bundled LuaJIT 2.1.0-beta3)

Running the test with following options:
Number of threads: 64
Warmup time: 60s
Report intermediate results every 1 second(s)
Initializing random number generator from current time


Initializing worker threads...

Threads started!

Warming up for 60 seconds...

[ 1s ] thds: 64 tps: 4395.39 qps: 4395.41 (r/w/o: 0.00/4298.97/96.44) lat (ms,95%): 22.69 err/s: 0.00 reconn/s: 0.00
[ 2s ] thds: 64 tps: 4137.49 qps: 4136.49 (r/w/o: 0.00/4041.50/94.99) lat (ms,95%): 21.50 err/s: 0.00 reconn/s: 0.00
[ 3s ] thds: 64 tps: 4451.10 qps: 4451.10 (r/w/o: 0.00/4352.03/99.07) lat (ms,95%): 20.37 err/s: 0.00 reconn/s: 0.00
[ 4s ] thds: 64 tps: 4391.88 qps: 4391.88 (r/w/o: 0.00/4291.89/100.00) lat (ms,95%): 21.11 err/s: 0.00 reconn/s: 0.00
[ 5s ] thds: 64 tps: 4272.55 qps: 4272.55 (r/w/o: 0.00/4185.58/86.97) lat (ms,95%): 20.74 err/s: 0.00 reconn/s: 0.00
[ 6s ] thds: 64 tps: 4280.56 qps: 4280.56 (r/w/o: 0.00/4188.52/92.03) lat (ms,95%): 20.37 err/s: 0.00 reconn/s: 0.00
[ 7s ] thds: 64 tps: 4151.80 qps: 4151.80 (r/w/o: 0.00/4044.86/106.94) lat (ms,95%): 20.74 err/s: 0.00 reconn/s: 0.00
[ 8s ] thds: 64 tps: 3634.46 qps: 3635.46 (r/w/o: 0.00/3559.45/76.01) lat (ms,95%): 41.85 err/s: 0.00 reconn/s: 0.00
[ 9s ] thds: 64 tps: 3700.32 qps: 3699.32 (r/w/o: 0.00/3624.32/75.01) lat (ms,95%): 30.81 err/s: 0.00 reconn/s: 0.00
[ 10s ] thds: 64 tps: 3655.23 qps: 3655.23 (r/w/o: 0.00/3565.20/90.03) lat (ms,95%): 31.37 err/s: 0.00 reconn/s: 0.00
[ 11s ] thds: 64 tps: 3693.28 qps: 3693.28 (r/w/o: 0.00/3622.31/70.97) lat (ms,95%): 30.26 err/s: 0.00 reconn/s: 0.00
[ 12s ] thds: 64 tps: 3642.51 qps: 3642.51 (r/w/o: 0.00/3566.50/76.01) lat (ms,95%): 39.65 err/s: 0.00 reconn/s: 0.00
[ 13s ] thds: 64 tps: 3671.80 qps: 3671.80 (r/w/o: 0.00/3599.80/72.00) lat (ms,95%): 39.65 err/s: 0.00 reconn/s: 0.00
[ 14s ] thds: 64 tps: 3594.27 qps: 3594.27 (r/w/o: 0.00/3510.24/84.03) lat (ms,95%): 39.65 err/s: 0.00 reconn/s: 0.00
[ 15s ] thds: 64 tps: 3951.59 qps: 3951.59 (r/w/o: 0.00/3867.64/83.95) lat (ms,95%): 24.38 err/s: 0.00 reconn/s: 0.00
[ 16s ] thds: 64 tps: 3970.63 qps: 3970.63 (r/w/o: 0.00/3905.58/65.04) lat (ms,95%): 28.67 err/s: 0.00 reconn/s: 0.00
[ 17s ] thds: 64 tps: 3453.62 qps: 3453.62 (r/w/o: 0.00/3393.65/59.98) lat (ms,95%): 31.94 err/s: 0.00 reconn/s: 0.00
[ 18s ] thds: 64 tps: 3529.37 qps: 3529.37 (r/w/o: 0.00/3447.33/82.03) lat (ms,95%): 31.94 err/s: 0.00 reconn/s: 0.00
[ 19s ] thds: 64 tps: 3612.58 qps: 3612.58 (r/w/o: 0.00/3538.61/73.97) lat (ms,95%): 31.94 err/s: 0.00 reconn/s: 0.00
[ 20s ] thds: 64 tps: 3730.33 qps: 3730.33 (r/w/o: 0.00/3658.31/72.03) lat (ms,95%): 29.72 err/s: 0.00 reconn/s: 0.00
[ 21s ] thds: 64 tps: 3694.80 qps: 3694.80 (r/w/o: 0.00/3601.83/92.97) lat (ms,95%): 44.98 err/s: 0.00 reconn/s: 0.00
[ 22s ] thds: 64 tps: 3630.02 qps: 3630.02 (r/w/o: 0.00/3546.00/84.02) lat (ms,95%): 44.98 err/s: 0.00 reconn/s: 0.00
[ 23s ] thds: 64 tps: 3589.07 qps: 3589.07 (r/w/o: 0.00/3525.09/63.98) lat (ms,95%): 44.98 err/s: 0.00 reconn/s: 0.00
[ 24s ] thds: 64 tps: 3799.11 qps: 3799.11 (r/w/o: 0.00/3717.09/82.02) lat (ms,95%): 24.38 err/s: 0.00 reconn/s: 0.00
[ 25s ] thds: 64 tps: 3894.67 qps: 3894.67 (r/w/o: 0.00/3800.68/93.99) lat (ms,95%): 22.28 err/s: 0.00 reconn/s: 0.00
[ 26s ] thds: 64 tps: 3631.96 qps: 3631.96 (r/w/o: 0.00/3550.98/80.98) lat (ms,95%): 22.69 err/s: 0.00 reconn/s: 0.00
[ 27s ] thds: 64 tps: 3574.90 qps: 3574.90 (r/w/o: 0.00/3498.91/76.00) lat (ms,95%): 23.52 err/s: 0.00 reconn/s: 0.00
[ 28s ] thds: 64 tps: 3598.62 qps: 3598.62 (r/w/o: 0.00/3519.59/79.04) lat (ms,95%): 23.95 err/s: 0.00 reconn/s: 0.00
[ 29s ] thds: 64 tps: 3702.48 qps: 3702.48 (r/w/o: 0.00/3616.54/85.94) lat (ms,95%): 23.10 err/s: 0.00 reconn/s: 0.00
[ 30s ] thds: 64 tps: 3653.98 qps: 3653.98 (r/w/o: 0.00/3586.96/67.02) lat (ms,95%): 23.52 err/s: 0.00 reconn/s: 0.00
[ 31s ] thds: 64 tps: 3683.02 qps: 3683.02 (r/w/o: 0.00/3584.07/98.95) lat (ms,95%): 23.52 err/s: 0.00 reconn/s: 0.00
[ 32s ] thds: 64 tps: 3695.27 qps: 3695.27 (r/w/o: 0.00/3608.19/87.08) lat (ms,95%): 23.52 err/s: 0.00 reconn/s: 0.00
[ 33s ] thds: 64 tps: 3800.78 qps: 3800.78 (r/w/o: 0.00/3732.82/67.96) lat (ms,95%): 24.38 err/s: 0.00 reconn/s: 0.00
[ 34s ] thds: 64 tps: 3578.93 qps: 3578.93 (r/w/o: 0.00/3494.88/84.05) lat (ms,95%): 49.21 err/s: 0.00 reconn/s: 0.00
[ 35s ] thds: 64 tps: 3596.89 qps: 3596.89 (r/w/o: 0.00/3524.91/71.98) lat (ms,95%): 50.11 err/s: 0.00 reconn/s: 0.00
[ 36s ] thds: 64 tps: 3620.75 qps: 3620.75 (r/w/o: 0.00/3553.76/67.00) lat (ms,95%): 50.11 err/s: 0.00 reconn/s: 0.00
[ 37s ] thds: 64 tps: 3610.93 qps: 3610.93 (r/w/o: 0.00/3550.93/60.00) lat (ms,95%): 25.74 err/s: 0.00 reconn/s: 0.00
[ 38s ] thds: 64 tps: 3743.65 qps: 3743.65 (r/w/o: 0.00/3659.68/83.97) lat (ms,95%): 29.72 err/s: 0.00 reconn/s: 0.00
[ 39s ] thds: 64 tps: 3693.23 qps: 3693.23 (r/w/o: 0.00/3611.16/82.07) lat (ms,95%): 31.37 err/s: 0.00 reconn/s: 0.00
[ 40s ] thds: 64 tps: 3676.46 qps: 3676.46 (r/w/o: 0.00/3585.50/90.96) lat (ms,95%): 31.37 err/s: 0.00 reconn/s: 0.00
[ 41s ] thds: 64 tps: 3653.31 qps: 3653.31 (r/w/o: 0.00/3574.28/79.03) lat (ms,95%): 30.81 err/s: 0.00 reconn/s: 0.00
[ 42s ] thds: 64 tps: 3809.33 qps: 3809.33 (r/w/o: 0.00/3720.34/88.98) lat (ms,95%): 26.20 err/s: 0.00 reconn/s: 0.00
[ 43s ] thds: 64 tps: 3801.07 qps: 3801.07 (r/w/o: 0.00/3709.09/91.98) lat (ms,95%): 25.28 err/s: 0.00 reconn/s: 0.00
[ 44s ] thds: 64 tps: 3564.90 qps: 3564.90 (r/w/o: 0.00/3481.92/82.97) lat (ms,95%): 31.94 err/s: 0.00 reconn/s: 0.00
[ 45s ] thds: 64 tps: 3497.19 qps: 3497.19 (r/w/o: 0.00/3419.14/78.05) lat (ms,95%): 33.12 err/s: 0.00 reconn/s: 0.00
[ 46s ] thds: 64 tps: 3673.95 qps: 3673.95 (r/w/o: 0.00/3592.99/80.95) lat (ms,95%): 32.53 err/s: 0.00 reconn/s: 0.00
[ 47s ] thds: 64 tps: 3669.29 qps: 3669.29 (r/w/o: 0.00/3595.24/74.05) lat (ms,95%): 33.12 err/s: 0.00 reconn/s: 0.00
[ 48s ] thds: 64 tps: 3464.36 qps: 3464.36 (r/w/o: 0.00/3395.39/68.97) lat (ms,95%): 50.11 err/s: 0.00 reconn/s: 0.00
[ 49s ] thds: 64 tps: 3545.32 qps: 3545.32 (r/w/o: 0.00/3466.34/78.98) lat (ms,95%): 41.85 err/s: 0.00 reconn/s: 0.00
[ 50s ] thds: 64 tps: 3665.16 qps: 3665.16 (r/w/o: 0.00/3587.11/78.05) lat (ms,95%): 37.56 err/s: 0.00 reconn/s: 0.00
[ 51s ] thds: 64 tps: 3616.75 qps: 3616.75 (r/w/o: 0.00/3540.76/75.99) lat (ms,95%): 40.37 err/s: 0.00 reconn/s: 0.00
[ 52s ] thds: 64 tps: 3556.15 qps: 3556.15 (r/w/o: 0.00/3478.14/78.00) lat (ms,95%): 51.02 err/s: 0.00 reconn/s: 0.00
[ 53s ] thds: 64 tps: 3836.94 qps: 3836.94 (r/w/o: 0.00/3745.99/90.95) lat (ms,95%): 38.94 err/s: 0.00 reconn/s: 0.00
[ 54s ] thds: 64 tps: 3827.95 qps: 3827.95 (r/w/o: 0.00/3748.91/79.04) lat (ms,95%): 22.69 err/s: 0.00 reconn/s: 0.00
[ 55s ] thds: 64 tps: 3531.34 qps: 3531.34 (r/w/o: 0.00/3454.34/77.01) lat (ms,95%): 39.65 err/s: 0.00 reconn/s: 0.00
[ 56s ] thds: 64 tps: 3777.24 qps: 3777.24 (r/w/o: 0.00/3700.28/76.96) lat (ms,95%): 36.89 err/s: 0.00 reconn/s: 0.00
[ 57s ] thds: 64 tps: 3769.90 qps: 3769.90 (r/w/o: 0.00/3681.86/88.04) lat (ms,95%): 37.56 err/s: 0.00 reconn/s: 0.00
[ 58s ] thds: 64 tps: 3695.80 qps: 3695.80 (r/w/o: 0.00/3620.80/75.00) lat (ms,95%): 27.17 err/s: 0.00 reconn/s: 0.00
[ 59s ] thds: 64 tps: 3697.45 qps: 3697.45 (r/w/o: 0.00/3616.46/80.99) lat (ms,95%): 26.20 err/s: 0.00 reconn/s: 0.00
[ 60s ] thds: 64 tps: 3691.51 qps: 3691.51 (r/w/o: 0.00/3629.50/62.01) lat (ms,95%): 25.74 err/s: 0.00 reconn/s: 0.00
[ 61s ] thds: 64 tps: 3692.90 qps: 3692.90 (r/w/o: 0.00/3608.90/84.00) lat (ms,95%): 25.74 err/s: 0.00 reconn/s: 0.00
[ 62s ] thds: 64 tps: 3876.48 qps: 3876.48 (r/w/o: 0.00/3795.47/81.01) lat (ms,95%): 23.10 err/s: 0.00 reconn/s: 0.00
[ 63s ] thds: 64 tps: 4129.05 qps: 4129.05 (r/w/o: 0.00/4049.09/79.96) lat (ms,95%): 22.28 err/s: 0.00 reconn/s: 0.00
[ 64s ] thds: 64 tps: 4141.54 qps: 4141.54 (r/w/o: 0.00/4052.57/88.97) lat (ms,95%): 23.10 err/s: 0.00 reconn/s: 0.00
[ 65s ] thds: 64 tps: 4118.53 qps: 4118.53 (r/w/o: 0.00/4030.54/87.99) lat (ms,95%): 23.10 err/s: 0.00 reconn/s: 0.00
[ 66s ] thds: 64 tps: 4238.31 qps: 4238.31 (r/w/o: 0.00/4128.22/110.09) lat (ms,95%): 21.89 err/s: 0.00 reconn/s: 0.00
[ 67s ] thds: 64 tps: 4284.13 qps: 4284.13 (r/w/o: 0.00/4184.13/100.00) lat (ms,95%): 20.37 err/s: 0.00 reconn/s: 0.00
[ 68s ] thds: 64 tps: 3985.82 qps: 3985.82 (r/w/o: 0.00/3890.80/95.02) lat (ms,95%): 23.95 err/s: 0.00 reconn/s: 0.00
[ 69s ] thds: 64 tps: 3607.35 qps: 3607.35 (r/w/o: 0.00/3537.36/69.99) lat (ms,95%): 28.16 err/s: 0.00 reconn/s: 0.00
[ 70s ] thds: 64 tps: 3658.16 qps: 3658.16 (r/w/o: 0.00/3575.15/83.00) lat (ms,95%): 28.16 err/s: 0.00 reconn/s: 0.00
[ 71s ] thds: 64 tps: 3732.73 qps: 3732.73 (r/w/o: 0.00/3653.76/78.97) lat (ms,95%): 28.16 err/s: 0.00 reconn/s: 0.00
[ 72s ] thds: 64 tps: 3699.29 qps: 3699.29 (r/w/o: 0.00/3614.26/85.03) lat (ms,95%): 29.72 err/s: 0.00 reconn/s: 0.00
[ 73s ] thds: 64 tps: 3644.69 qps: 3644.69 (r/w/o: 0.00/3562.70/81.99) lat (ms,95%): 30.26 err/s: 0.00 reconn/s: 0.00
[ 74s ] thds: 64 tps: 3610.69 qps: 3610.69 (r/w/o: 0.00/3533.68/77.01) lat (ms,95%): 30.26 err/s: 0.00 reconn/s: 0.00
[ 75s ] thds: 64 tps: 3818.43 qps: 3818.43 (r/w/o: 0.00/3718.53/99.91) lat (ms,95%): 30.26 err/s: 0.00 reconn/s: 0.00
[ 76s ] thds: 64 tps: 3980.50 qps: 3980.50 (r/w/o: 0.00/3888.44/92.06) lat (ms,95%): 27.17 err/s: 0.00 reconn/s: 0.00
[ 77s ] thds: 64 tps: 3706.99 qps: 3706.99 (r/w/o: 0.00/3627.97/79.02) lat (ms,95%): 28.16 err/s: 0.00 reconn/s: 0.00
[ 78s ] thds: 64 tps: 3434.56 qps: 3434.56 (r/w/o: 0.00/3354.57/79.99) lat (ms,95%): 45.79 err/s: 0.00 reconn/s: 0.00
[ 79s ] thds: 64 tps: 3707.94 qps: 3707.94 (r/w/o: 0.00/3641.00/66.94) lat (ms,95%): 45.79 err/s: 0.00 reconn/s: 0.00
[ 80s ] thds: 64 tps: 3951.90 qps: 3951.90 (r/w/o: 0.00/3869.81/82.08) lat (ms,95%): 34.95 err/s: 0.00 reconn/s: 0.00
[ 81s ] thds: 64 tps: 4022.50 qps: 4022.50 (r/w/o: 0.00/3912.52/109.99) lat (ms,95%): 33.12 err/s: 0.00 reconn/s: 0.00
[ 82s ] thds: 64 tps: 4248.88 qps: 4248.88 (r/w/o: 0.00/4163.94/84.94) lat (ms,95%): 26.20 err/s: 0.00 reconn/s: 0.00
[ 83s ] thds: 64 tps: 4459.83 qps: 4459.83 (r/w/o: 0.00/4370.82/89.02) lat (ms,95%): 21.89 err/s: 0.00 reconn/s: 0.00
[ 84s ] thds: 64 tps: 4656.14 qps: 4656.14 (r/w/o: 0.00/4552.07/104.07) lat (ms,95%): 20.37 err/s: 0.00 reconn/s: 0.00
[ 85s ] thds: 64 tps: 4706.79 qps: 4706.79 (r/w/o: 0.00/4613.87/92.92) lat (ms,95%): 25.28 err/s: 0.00 reconn/s: 0.00
[ 86s ] thds: 64 tps: 4062.79 qps: 4062.79 (r/w/o: 0.00/3983.71/79.07) lat (ms,95%): 38.94 err/s: 0.00 reconn/s: 0.00
[ 87s ] thds: 64 tps: 3973.98 qps: 3973.98 (r/w/o: 0.00/3897.06/76.92) lat (ms,95%): 38.94 err/s: 0.00 reconn/s: 0.00
[ 88s ] thds: 64 tps: 4312.09 qps: 4312.09 (r/w/o: 0.00/4216.00/96.09) lat (ms,95%): 37.56 err/s: 0.00 reconn/s: 0.00
[ 89s ] thds: 64 tps: 4586.37 qps: 4586.37 (r/w/o: 0.00/4473.38/112.98) lat (ms,95%): 21.11 err/s: 0.00 reconn/s: 0.00
[ 90s ] thds: 64 tps: 4608.16 qps: 4608.16 (r/w/o: 0.00/4502.20/105.96) lat (ms,95%): 21.11 err/s: 0.00 reconn/s: 0.00
[ 91s ] thds: 64 tps: 4172.64 qps: 4172.64 (r/w/o: 0.00/4062.65/109.99) lat (ms,95%): 29.72 err/s: 0.00 reconn/s: 0.00
[ 92s ] thds: 64 tps: 4101.33 qps: 4101.33 (r/w/o: 0.00/4008.34/92.98) lat (ms,95%): 29.19 err/s: 0.00 reconn/s: 0.00
[ 93s ] thds: 64 tps: 4224.98 qps: 4224.98 (r/w/o: 0.00/4130.91/94.07) lat (ms,95%): 22.28 err/s: 0.00 reconn/s: 0.00
[ 94s ] thds: 64 tps: 4419.65 qps: 4419.65 (r/w/o: 0.00/4306.71/112.94) lat (ms,95%): 22.69 err/s: 0.00 reconn/s: 0.00
[ 95s ] thds: 64 tps: 4446.37 qps: 4446.37 (r/w/o: 0.00/4353.37/93.01) lat (ms,95%): 29.72 err/s: 0.00 reconn/s: 0.00
[ 96s ] thds: 64 tps: 4479.74 qps: 4479.74 (r/w/o: 0.00/4374.77/104.97) lat (ms,95%): 29.72 err/s: 0.00 reconn/s: 0.00
[ 97s ] thds: 64 tps: 4128.12 qps: 4128.12 (r/w/o: 0.00/4039.12/89.00) lat (ms,95%): 31.37 err/s: 0.00 reconn/s: 0.00
[ 98s ] thds: 64 tps: 3612.45 qps: 3612.45 (r/w/o: 0.00/3551.42/61.02) lat (ms,95%): 33.72 err/s: 0.00 reconn/s: 0.00
[ 99s ] thds: 64 tps: 3647.56 qps: 3647.56 (r/w/o: 0.00/3572.55/75.01) lat (ms,95%): 33.72 err/s: 0.00 reconn/s: 0.00
[ 100s ] thds: 64 tps: 3720.85 qps: 3720.85 (r/w/o: 0.00/3631.83/89.02) lat (ms,95%): 33.72 err/s: 0.00 reconn/s: 0.00
[ 101s ] thds: 64 tps: 3699.72 qps: 3699.72 (r/w/o: 0.00/3619.72/79.99) lat (ms,95%): 42.61 err/s: 0.00 reconn/s: 0.00
[ 102s ] thds: 64 tps: 3770.73 qps: 3770.73 (r/w/o: 0.00/3682.79/87.95) lat (ms,95%): 42.61 err/s: 0.00 reconn/s: 0.00
[ 103s ] thds: 64 tps: 3740.41 qps: 3740.41 (r/w/o: 0.00/3655.40/85.01) lat (ms,95%): 42.61 err/s: 0.00 reconn/s: 0.00
[ 104s ] thds: 64 tps: 3748.82 qps: 3748.82 (r/w/o: 0.00/3653.80/95.02) lat (ms,95%): 39.65 err/s: 0.00 reconn/s: 0.00
[ 105s ] thds: 64 tps: 3815.13 qps: 3815.13 (r/w/o: 0.00/3725.15/89.98) lat (ms,95%): 23.95 err/s: 0.00 reconn/s: 0.00
[ 106s ] thds: 64 tps: 3696.49 qps: 3696.49 (r/w/o: 0.00/3596.45/100.04) lat (ms,95%): 30.26 err/s: 0.00 reconn/s: 0.00
[ 107s ] thds: 64 tps: 3459.76 qps: 3459.76 (r/w/o: 0.00/3389.83/69.93) lat (ms,95%): 42.61 err/s: 0.00 reconn/s: 0.00
[ 108s ] thds: 64 tps: 3589.30 qps: 3589.30 (r/w/o: 0.00/3516.23/73.07) lat (ms,95%): 42.61 err/s: 0.00 reconn/s: 0.00
[ 109s ] thds: 64 tps: 3772.36 qps: 3772.36 (r/w/o: 0.00/3694.35/78.01) lat (ms,95%): 41.85 err/s: 0.00 reconn/s: 0.00
[ 110s ] thds: 64 tps: 3666.47 qps: 3666.47 (r/w/o: 0.00/3601.51/64.96) lat (ms,95%): 41.85 err/s: 0.00 reconn/s: 0.00
[ 111s ] thds: 64 tps: 3618.98 qps: 3618.98 (r/w/o: 0.00/3532.96/86.02) lat (ms,95%): 29.19 err/s: 0.00 reconn/s: 0.00
[ 112s ] thds: 64 tps: 3559.86 qps: 3559.86 (r/w/o: 0.00/3474.84/85.02) lat (ms,95%): 31.37 err/s: 0.00 reconn/s: 0.00
[ 113s ] thds: 64 tps: 3676.99 qps: 3676.99 (r/w/o: 0.00/3601.04/75.96) lat (ms,95%): 30.81 err/s: 0.00 reconn/s: 0.00
[ 114s ] thds: 64 tps: 3782.52 qps: 3782.52 (r/w/o: 0.00/3681.45/101.07) lat (ms,95%): 27.17 err/s: 0.00 reconn/s: 0.00
[ 115s ] thds: 64 tps: 3736.02 qps: 3736.02 (r/w/o: 0.00/3662.02/74.00) lat (ms,95%): 26.68 err/s: 0.00 reconn/s: 0.00
[ 116s ] thds: 64 tps: 3731.53 qps: 3731.53 (r/w/o: 0.00/3636.52/95.01) lat (ms,95%): 26.20 err/s: 0.00 reconn/s: 0.00
[ 117s ] thds: 64 tps: 3633.08 qps: 3633.08 (r/w/o: 0.00/3573.10/59.98) lat (ms,95%): 27.17 err/s: 0.00 reconn/s: 0.00
[ 118s ] thds: 64 tps: 3524.22 qps: 3524.22 (r/w/o: 0.00/3434.21/90.01) lat (ms,95%): 30.26 err/s: 0.00 reconn/s: 0.00
[ 119s ] thds: 64 tps: 3596.75 qps: 3596.75 (r/w/o: 0.00/3527.73/69.01) lat (ms,95%): 30.81 err/s: 0.00 reconn/s: 0.00
[ 120s ] thds: 64 tps: 3698.80 qps: 3698.80 (r/w/o: 0.00/3621.80/77.00) lat (ms,95%): 29.19 err/s: 0.00 reconn/s: 0.00
[ 121s ] thds: 64 tps: 3656.89 qps: 3656.89 (r/w/o: 0.00/3568.89/88.00) lat (ms,95%): 30.26 err/s: 0.00 reconn/s: 0.00
[ 122s ] thds: 64 tps: 3716.79 qps: 3716.79 (r/w/o: 0.00/3633.82/82.97) lat (ms,95%): 30.81 err/s: 0.00 reconn/s: 0.00
[ 123s ] thds: 64 tps: 3718.08 qps: 3718.08 (r/w/o: 0.00/3642.06/76.02) lat (ms,95%): 30.81 err/s: 0.00 reconn/s: 0.00
[ 124s ] thds: 64 tps: 3663.26 qps: 3663.26 (r/w/o: 0.00/3598.25/65.00) lat (ms,95%): 30.81 err/s: 0.00 reconn/s: 0.00
[ 125s ] thds: 64 tps: 3653.69 qps: 3653.69 (r/w/o: 0.00/3585.70/67.99) lat (ms,95%): 31.94 err/s: 0.00 reconn/s: 0.00
[ 126s ] thds: 64 tps: 3730.71 qps: 3730.71 (r/w/o: 0.00/3651.71/78.99) lat (ms,95%): 31.37 err/s: 0.00 reconn/s: 0.00
[ 127s ] thds: 64 tps: 3591.20 qps: 3591.20 (r/w/o: 0.00/3511.20/80.00) lat (ms,95%): 31.94 err/s: 0.00 reconn/s: 0.00
[ 128s ] thds: 64 tps: 3614.31 qps: 3614.31 (r/w/o: 0.00/3540.36/73.94) lat (ms,95%): 32.53 err/s: 0.00 reconn/s: 0.00
[ 129s ] thds: 64 tps: 3686.82 qps: 3686.82 (r/w/o: 0.00/3607.76/79.06) lat (ms,95%): 31.94 err/s: 0.00 reconn/s: 0.00
[ 130s ] thds: 64 tps: 3756.42 qps: 3756.42 (r/w/o: 0.00/3677.44/78.99) lat (ms,95%): 31.94 err/s: 0.00 reconn/s: 0.00
[ 131s ] thds: 64 tps: 3680.14 qps: 3680.14 (r/w/o: 0.00/3584.11/96.03) lat (ms,95%): 32.53 err/s: 0.00 reconn/s: 0.00
[ 132s ] thds: 64 tps: 3564.05 qps: 3564.05 (r/w/o: 0.00/3490.07/73.98) lat (ms,95%): 32.53 err/s: 0.00 reconn/s: 0.00
[ 133s ] thds: 64 tps: 3603.89 qps: 3603.89 (r/w/o: 0.00/3501.89/102.00) lat (ms,95%): 31.94 err/s: 0.00 reconn/s: 0.00
[ 134s ] thds: 64 tps: 3734.64 qps: 3734.64 (r/w/o: 0.00/3652.63/82.01) lat (ms,95%): 30.81 err/s: 0.00 reconn/s: 0.00
[ 135s ] thds: 64 tps: 3752.18 qps: 3752.18 (r/w/o: 0.00/3679.19/72.98) lat (ms,95%): 24.38 err/s: 0.00 reconn/s: 0.00
[ 136s ] thds: 64 tps: 3567.64 qps: 3567.64 (r/w/o: 0.00/3491.64/75.99) lat (ms,95%): 25.28 err/s: 0.00 reconn/s: 0.00
[ 137s ] thds: 64 tps: 3718.27 qps: 3718.27 (r/w/o: 0.00/3647.31/70.97) lat (ms,95%): 25.28 err/s: 0.00 reconn/s: 0.00
[ 138s ] thds: 64 tps: 3724.92 qps: 3724.92 (r/w/o: 0.00/3646.94/77.98) lat (ms,95%): 25.28 err/s: 0.00 reconn/s: 0.00
[ 139s ] thds: 64 tps: 3804.57 qps: 3804.57 (r/w/o: 0.00/3740.50/64.08) lat (ms,95%): 25.74 err/s: 0.00 reconn/s: 0.00
[ 140s ] thds: 64 tps: 3454.43 qps: 3454.43 (r/w/o: 0.00/3356.47/97.96) lat (ms,95%): 31.37 err/s: 0.00 reconn/s: 0.00
[ 141s ] thds: 64 tps: 3559.45 qps: 3559.45 (r/w/o: 0.00/3478.44/81.01) lat (ms,95%): 31.94 err/s: 0.00 reconn/s: 0.00
[ 142s ] thds: 64 tps: 3685.01 qps: 3685.01 (r/w/o: 0.00/3583.01/102.00) lat (ms,95%): 31.94 err/s: 0.00 reconn/s: 0.00
[ 143s ] thds: 64 tps: 3714.10 qps: 3714.10 (r/w/o: 0.00/3635.10/79.00) lat (ms,95%): 30.81 err/s: 0.00 reconn/s: 0.00
[ 144s ] thds: 64 tps: 3798.65 qps: 3798.65 (r/w/o: 0.00/3719.66/78.99) lat (ms,95%): 28.16 err/s: 0.00 reconn/s: 0.00
[ 145s ] thds: 64 tps: 3628.31 qps: 3628.31 (r/w/o: 0.00/3561.34/66.97) lat (ms,95%): 29.19 err/s: 0.00 reconn/s: 0.00
[ 146s ] thds: 64 tps: 3585.56 qps: 3585.56 (r/w/o: 0.00/3517.57/67.99) lat (ms,95%): 30.81 err/s: 0.00 reconn/s: 0.00
[ 147s ] thds: 64 tps: 3603.44 qps: 3603.44 (r/w/o: 0.00/3521.38/82.06) lat (ms,95%): 31.94 err/s: 0.00 reconn/s: 0.00
[ 148s ] thds: 64 tps: 3815.81 qps: 3815.81 (r/w/o: 0.00/3738.80/77.02) lat (ms,95%): 21.89 err/s: 0.00 reconn/s: 0.00
[ 149s ] thds: 64 tps: 3827.18 qps: 3827.18 (r/w/o: 0.00/3751.17/76.00) lat (ms,95%): 23.52 err/s: 0.00 reconn/s: 0.00
[ 150s ] thds: 64 tps: 3660.23 qps: 3660.23 (r/w/o: 0.00/3576.22/84.01) lat (ms,95%): 31.94 err/s: 0.00 reconn/s: 0.00
[ 151s ] thds: 64 tps: 3526.66 qps: 3526.66 (r/w/o: 0.00/3451.68/74.97) lat (ms,95%): 32.53 err/s: 0.00 reconn/s: 0.00
[ 152s ] thds: 64 tps: 3645.55 qps: 3645.55 (r/w/o: 0.00/3577.55/67.99) lat (ms,95%): 31.94 err/s: 0.00 reconn/s: 0.00
[ 153s ] thds: 64 tps: 3780.90 qps: 3780.90 (r/w/o: 0.00/3695.90/85.00) lat (ms,95%): 31.94 err/s: 0.00 reconn/s: 0.00
[ 154s ] thds: 64 tps: 3756.26 qps: 3756.26 (r/w/o: 0.00/3674.24/82.03) lat (ms,95%): 36.89 err/s: 0.00 reconn/s: 0.00
[ 155s ] thds: 64 tps: 3700.47 qps: 3700.47 (r/w/o: 0.00/3609.45/91.01) lat (ms,95%): 37.56 err/s: 0.00 reconn/s: 0.00
[ 156s ] thds: 64 tps: 3694.70 qps: 3694.70 (r/w/o: 0.00/3603.73/90.97) lat (ms,95%): 38.25 err/s: 0.00 reconn/s: 0.00
[ 157s ] thds: 64 tps: 3692.27 qps: 3692.27 (r/w/o: 0.00/3606.26/86.01) lat (ms,95%): 37.56 err/s: 0.00 reconn/s: 0.00
[ 158s ] thds: 64 tps: 3619.64 qps: 3619.64 (r/w/o: 0.00/3545.65/73.99) lat (ms,95%): 33.12 err/s: 0.00 reconn/s: 0.00
[ 159s ] thds: 64 tps: 3719.20 qps: 3719.20 (r/w/o: 0.00/3636.20/83.00) lat (ms,95%): 31.37 err/s: 0.00 reconn/s: 0.00
[ 160s ] thds: 64 tps: 3617.89 qps: 3617.89 (r/w/o: 0.00/3539.87/78.02) lat (ms,95%): 33.12 err/s: 0.00 reconn/s: 0.00
[ 161s ] thds: 64 tps: 3545.37 qps: 3545.37 (r/w/o: 0.00/3468.36/77.01) lat (ms,95%): 38.94 err/s: 0.00 reconn/s: 0.00
[ 162s ] thds: 64 tps: 3600.87 qps: 3600.87 (r/w/o: 0.00/3525.89/74.98) lat (ms,95%): 39.65 err/s: 0.00 reconn/s: 0.00
[ 163s ] thds: 64 tps: 3779.94 qps: 3779.94 (r/w/o: 0.00/3694.94/85.00) lat (ms,95%): 38.25 err/s: 0.00 reconn/s: 0.00
[ 164s ] thds: 64 tps: 3805.80 qps: 3805.80 (r/w/o: 0.00/3725.81/80.00) lat (ms,95%): 33.12 err/s: 0.00 reconn/s: 0.00
[ 165s ] thds: 64 tps: 3683.50 qps: 3683.50 (r/w/o: 0.00/3588.49/95.01) lat (ms,95%): 33.12 err/s: 0.00 reconn/s: 0.00
[ 166s ] thds: 64 tps: 3683.56 qps: 3683.56 (r/w/o: 0.00/3594.55/89.01) lat (ms,95%): 32.53 err/s: 0.00 reconn/s: 0.00
[ 167s ] thds: 64 tps: 3710.52 qps: 3710.52 (r/w/o: 0.00/3630.51/80.01) lat (ms,95%): 32.53 err/s: 0.00 reconn/s: 0.00
[ 168s ] thds: 64 tps: 3675.82 qps: 3675.82 (r/w/o: 0.00/3593.85/81.97) lat (ms,95%): 23.52 err/s: 0.00 reconn/s: 0.00
[ 169s ] thds: 64 tps: 3653.72 qps: 3653.72 (r/w/o: 0.00/3579.70/74.01) lat (ms,95%): 23.52 err/s: 0.00 reconn/s: 0.00
[ 170s ] thds: 64 tps: 3639.58 qps: 3639.58 (r/w/o: 0.00/3573.61/65.97) lat (ms,95%): 22.69 err/s: 0.00 reconn/s: 0.00
[ 171s ] thds: 64 tps: 3663.87 qps: 3663.87 (r/w/o: 0.00/3575.87/88.00) lat (ms,95%): 23.10 err/s: 0.00 reconn/s: 0.00
[ 172s ] thds: 64 tps: 3811.73 qps: 3811.73 (r/w/o: 0.00/3714.71/97.02) lat (ms,95%): 20.37 err/s: 0.00 reconn/s: 0.00
[ 173s ] thds: 64 tps: 4451.80 qps: 4451.80 (r/w/o: 0.00/4371.83/79.98) lat (ms,95%): 20.00 err/s: 0.00 reconn/s: 0.00
[ 174s ] thds: 64 tps: 4390.56 qps: 4390.56 (r/w/o: 0.00/4294.51/96.06) lat (ms,95%): 19.65 err/s: 0.00 reconn/s: 0.00
[ 175s ] thds: 64 tps: 4217.89 qps: 4217.89 (r/w/o: 0.00/4128.89/89.00) lat (ms,95%): 22.69 err/s: 0.00 reconn/s: 0.00
[ 176s ] thds: 64 tps: 4228.26 qps: 4228.26 (r/w/o: 0.00/4152.27/75.99) lat (ms,95%): 23.10 err/s: 0.00 reconn/s: 0.00
[ 177s ] thds: 64 tps: 4271.47 qps: 4271.47 (r/w/o: 0.00/4186.47/85.01) lat (ms,95%): 23.10 err/s: 0.00 reconn/s: 0.00
[ 178s ] thds: 64 tps: 3909.27 qps: 3909.27 (r/w/o: 0.00/3818.27/91.01) lat (ms,95%): 25.74 err/s: 0.00 reconn/s: 0.00
[ 179s ] thds: 64 tps: 3646.73 qps: 3646.73 (r/w/o: 0.00/3545.77/100.96) lat (ms,95%): 34.95 err/s: 0.00 reconn/s: 0.00
[ 180s ] thds: 64 tps: 3676.08 qps: 3676.08 (r/w/o: 0.00/3587.05/89.03) lat (ms,95%): 35.59 err/s: 0.00 reconn/s: 0.00
[ 181s ] thds: 64 tps: 3720.87 qps: 3720.87 (r/w/o: 0.00/3642.90/77.98) lat (ms,95%): 34.95 err/s: 0.00 reconn/s: 0.00
[ 182s ] thds: 64 tps: 3676.59 qps: 3676.59 (r/w/o: 0.00/3599.55/77.03) lat (ms,95%): 34.95 err/s: 0.00 reconn/s: 0.00
[ 183s ] thds: 64 tps: 3665.72 qps: 3665.72 (r/w/o: 0.00/3576.75/88.97) lat (ms,95%): 35.59 err/s: 0.00 reconn/s: 0.00
[ 184s ] thds: 64 tps: 3638.86 qps: 3638.86 (r/w/o: 0.00/3569.84/69.02) lat (ms,95%): 35.59 err/s: 0.00 reconn/s: 0.00
[ 185s ] thds: 64 tps: 3744.81 qps: 3744.81 (r/w/o: 0.00/3670.84/73.98) lat (ms,95%): 34.33 err/s: 0.00 reconn/s: 0.00
[ 186s ] thds: 64 tps: 3802.62 qps: 3802.62 (r/w/o: 0.00/3714.60/88.01) lat (ms,95%): 21.89 err/s: 0.00 reconn/s: 0.00
[ 187s ] thds: 64 tps: 3768.32 qps: 3768.32 (r/w/o: 0.00/3676.34/91.98) lat (ms,95%): 21.89 err/s: 0.00 reconn/s: 0.00
[ 188s ] thds: 64 tps: 3648.80 qps: 3648.80 (r/w/o: 0.00/3567.78/81.02) lat (ms,95%): 30.81 err/s: 0.00 reconn/s: 0.00
[ 189s ] thds: 64 tps: 3546.20 qps: 3546.20 (r/w/o: 0.00/3459.22/86.98) lat (ms,95%): 31.37 err/s: 0.00 reconn/s: 0.00
[ 190s ] thds: 64 tps: 3625.30 qps: 3625.30 (r/w/o: 0.00/3547.31/77.98) lat (ms,95%): 31.94 err/s: 0.00 reconn/s: 0.00
[ 191s ] thds: 64 tps: 3700.93 qps: 3700.93 (r/w/o: 0.00/3618.89/82.04) lat (ms,95%): 31.94 err/s: 0.00 reconn/s: 0.00
[ 192s ] thds: 64 tps: 3649.64 qps: 3649.64 (r/w/o: 0.00/3569.67/79.97) lat (ms,95%): 35.59 err/s: 0.00 reconn/s: 0.00
[ 193s ] thds: 64 tps: 3796.41 qps: 3796.41 (r/w/o: 0.00/3724.42/71.99) lat (ms,95%): 27.66 err/s: 0.00 reconn/s: 0.00
[ 194s ] thds: 64 tps: 3704.79 qps: 3704.79 (r/w/o: 0.00/3613.77/91.02) lat (ms,95%): 27.66 err/s: 0.00 reconn/s: 0.00
[ 195s ] thds: 64 tps: 3619.53 qps: 3619.53 (r/w/o: 0.00/3551.52/68.01) lat (ms,95%): 26.68 err/s: 0.00 reconn/s: 0.00
[ 196s ] thds: 64 tps: 3730.97 qps: 3730.97 (r/w/o: 0.00/3655.97/75.00) lat (ms,95%): 25.74 err/s: 0.00 reconn/s: 0.00
[ 197s ] thds: 64 tps: 3733.60 qps: 3733.60 (r/w/o: 0.00/3653.61/79.99) lat (ms,95%): 24.38 err/s: 0.00 reconn/s: 0.00
[ 198s ] thds: 64 tps: 3677.73 qps: 3677.73 (r/w/o: 0.00/3602.71/75.01) lat (ms,95%): 28.16 err/s: 0.00 reconn/s: 0.00
[ 199s ] thds: 64 tps: 3496.50 qps: 3496.50 (r/w/o: 0.00/3409.53/86.96) lat (ms,95%): 31.37 err/s: 0.00 reconn/s: 0.00
[ 200s ] thds: 64 tps: 3591.65 qps: 3591.65 (r/w/o: 0.00/3521.64/70.01) lat (ms,95%): 31.37 err/s: 0.00 reconn/s: 0.00
[ 201s ] thds: 64 tps: 3727.00 qps: 3727.00 (r/w/o: 0.00/3633.98/93.02) lat (ms,95%): 27.17 err/s: 0.00 reconn/s: 0.00
[ 202s ] thds: 64 tps: 3682.86 qps: 3682.86 (r/w/o: 0.00/3603.88/78.98) lat (ms,95%): 28.67 err/s: 0.00 reconn/s: 0.00
[ 203s ] thds: 64 tps: 3620.75 qps: 3620.75 (r/w/o: 0.00/3526.76/93.99) lat (ms,95%): 29.19 err/s: 0.00 reconn/s: 0.00
[ 204s ] thds: 64 tps: 3611.19 qps: 3611.19 (r/w/o: 0.00/3547.18/64.00) lat (ms,95%): 29.72 err/s: 0.00 reconn/s: 0.00
[ 205s ] thds: 64 tps: 3638.42 qps: 3638.42 (r/w/o: 0.00/3542.44/95.98) lat (ms,95%): 29.72 err/s: 0.00 reconn/s: 0.00
[ 206s ] thds: 64 tps: 3882.17 qps: 3882.17 (r/w/o: 0.00/3802.15/80.02) lat (ms,95%): 21.50 err/s: 0.00 reconn/s: 0.00
[ 207s ] thds: 64 tps: 3940.03 qps: 3940.03 (r/w/o: 0.00/3847.03/93.00) lat (ms,95%): 21.11 err/s: 0.00 reconn/s: 0.00
[ 208s ] thds: 64 tps: 3514.67 qps: 3514.67 (r/w/o: 0.00/3446.66/68.01) lat (ms,95%): 25.74 err/s: 0.00 reconn/s: 0.00
[ 209s ] thds: 64 tps: 3523.85 qps: 3523.85 (r/w/o: 0.00/3421.91/101.94) lat (ms,95%): 25.74 err/s: 0.00 reconn/s: 0.00
[ 210s ] thds: 64 tps: 3668.96 qps: 3668.96 (r/w/o: 0.00/3597.94/71.02) lat (ms,95%): 25.74 err/s: 0.00 reconn/s: 0.00
[ 211s ] thds: 64 tps: 3764.18 qps: 3764.18 (r/w/o: 0.00/3681.17/83.00) lat (ms,95%): 29.19 err/s: 0.00 reconn/s: 0.00
[ 212s ] thds: 64 tps: 3679.58 qps: 3679.58 (r/w/o: 0.00/3606.54/73.03) lat (ms,95%): 30.81 err/s: 0.00 reconn/s: 0.00
[ 213s ] thds: 64 tps: 3433.40 qps: 3433.40 (r/w/o: 0.00/3354.44/78.96) lat (ms,95%): 30.81 err/s: 0.00 reconn/s: 0.00
[ 214s ] thds: 64 tps: 3440.40 qps: 3440.40 (r/w/o: 0.00/3371.37/69.03) lat (ms,95%): 30.81 err/s: 0.00 reconn/s: 0.00
[ 215s ] thds: 64 tps: 3864.71 qps: 3864.71 (r/w/o: 0.00/3780.72/83.99) lat (ms,95%): 27.66 err/s: 0.00 reconn/s: 0.00
[ 216s ] thds: 64 tps: 3928.09 qps: 3928.09 (r/w/o: 0.00/3834.11/93.98) lat (ms,95%): 25.74 err/s: 0.00 reconn/s: 0.00
[ 217s ] thds: 64 tps: 3635.61 qps: 3635.61 (r/w/o: 0.00/3538.62/96.99) lat (ms,95%): 34.33 err/s: 0.00 reconn/s: 0.00
[ 218s ] thds: 64 tps: 3599.16 qps: 3599.16 (r/w/o: 0.00/3517.16/82.00) lat (ms,95%): 34.33 err/s: 0.00 reconn/s: 0.00
[ 219s ] thds: 64 tps: 3606.83 qps: 3606.83 (r/w/o: 0.00/3530.84/76.00) lat (ms,95%): 34.33 err/s: 0.00 reconn/s: 0.00
[ 220s ] thds: 64 tps: 3780.01 qps: 3780.01 (r/w/o: 0.00/3703.03/76.98) lat (ms,95%): 23.10 err/s: 0.00 reconn/s: 0.00
[ 221s ] thds: 64 tps: 3760.78 qps: 3760.78 (r/w/o: 0.00/3687.75/73.03) lat (ms,95%): 21.89 err/s: 0.00 reconn/s: 0.00
[ 222s ] thds: 64 tps: 3626.34 qps: 3626.34 (r/w/o: 0.00/3555.35/70.99) lat (ms,95%): 22.69 err/s: 0.00 reconn/s: 0.00
[ 223s ] thds: 64 tps: 3590.87 qps: 3590.87 (r/w/o: 0.00/3513.87/77.00) lat (ms,95%): 24.38 err/s: 0.00 reconn/s: 0.00
[ 224s ] thds: 64 tps: 3891.27 qps: 3891.27 (r/w/o: 0.00/3807.26/84.01) lat (ms,95%): 22.28 err/s: 0.00 reconn/s: 0.00
[ 225s ] thds: 64 tps: 4243.31 qps: 4243.31 (r/w/o: 0.00/4132.30/111.01) lat (ms,95%): 19.65 err/s: 0.00 reconn/s: 0.00
[ 226s ] thds: 64 tps: 4196.53 qps: 4196.53 (r/w/o: 0.00/4112.56/83.97) lat (ms,95%): 20.00 err/s: 0.00 reconn/s: 0.00
[ 227s ] thds: 64 tps: 4172.55 qps: 4172.55 (r/w/o: 0.00/4066.54/106.01) lat (ms,95%): 20.74 err/s: 0.00 reconn/s: 0.00
[ 228s ] thds: 64 tps: 4180.83 qps: 4180.83 (r/w/o: 0.00/4092.84/88.00) lat (ms,95%): 20.74 err/s: 0.00 reconn/s: 0.00
[ 229s ] thds: 64 tps: 4211.47 qps: 4211.47 (r/w/o: 0.00/4117.46/94.01) lat (ms,95%): 20.74 err/s: 0.00 reconn/s: 0.00
[ 230s ] thds: 64 tps: 4101.99 qps: 4101.99 (r/w/o: 0.00/4030.99/71.00) lat (ms,95%): 21.89 err/s: 0.00 reconn/s: 0.00
[ 231s ] thds: 64 tps: 3685.94 qps: 3685.94 (r/w/o: 0.00/3600.91/85.02) lat (ms,95%): 30.26 err/s: 0.00 reconn/s: 0.00
[ 232s ] thds: 64 tps: 3765.03 qps: 3765.03 (r/w/o: 0.00/3682.03/83.00) lat (ms,95%): 30.26 err/s: 0.00 reconn/s: 0.00
[ 233s ] thds: 64 tps: 3667.85 qps: 3667.85 (r/w/o: 0.00/3586.88/80.97) lat (ms,95%): 30.81 err/s: 0.00 reconn/s: 0.00
[ 234s ] thds: 64 tps: 3698.91 qps: 3698.91 (r/w/o: 0.00/3625.89/73.02) lat (ms,95%): 25.28 err/s: 0.00 reconn/s: 0.00
[ 235s ] thds: 64 tps: 3692.49 qps: 3692.49 (r/w/o: 0.00/3608.50/83.99) lat (ms,95%): 25.74 err/s: 0.00 reconn/s: 0.00
[ 236s ] thds: 64 tps: 3705.15 qps: 3705.15 (r/w/o: 0.00/3623.15/82.00) lat (ms,95%): 25.28 err/s: 0.00 reconn/s: 0.00
[ 237s ] thds: 64 tps: 3573.63 qps: 3573.63 (r/w/o: 0.00/3497.61/76.01) lat (ms,95%): 25.28 err/s: 0.00 reconn/s: 0.00
[ 238s ] thds: 64 tps: 3647.54 qps: 3647.54 (r/w/o: 0.00/3573.57/73.97) lat (ms,95%): 23.10 err/s: 0.00 reconn/s: 0.00
[ 239s ] thds: 64 tps: 3669.93 qps: 3669.93 (r/w/o: 0.00/3609.91/60.02) lat (ms,95%): 21.11 err/s: 0.00 reconn/s: 0.00
[ 240s ] thds: 64 tps: 3853.69 qps: 3853.69 (r/w/o: 0.00/3767.67/86.02) lat (ms,95%): 20.37 err/s: 0.00 reconn/s: 0.00
Latency histogram (values are in milliseconds)
       value  ------------- distribution ------------- count
       5.090 |                                         6
       5.183 |                                         4
       5.277 |                                         18
       5.373 |                                         18
       5.470 |                                         29
       5.570 |                                         42
       5.671 |                                         48
       5.774 |                                         88
       5.879 |                                         148
       5.986 |                                         211
       6.095 |                                         284
       6.205 |                                         447
       6.318 |*                                        742
       6.433 |*                                        822
       6.550 |*                                        782
       6.669 |*                                        875
       6.790 |*                                        1088
       6.913 |*                                        1236
       7.039 |**                                       1465
       7.167 |**                                       1788
       7.297 |***                                      2476
       7.430 |***                                      3073
       7.565 |***                                      2404
       7.702 |**                                       1740
       7.842 |**                                       1680
       7.985 |**                                       1744
       8.130 |**                                       1791
       8.277 |**                                       1901
       8.428 |***                                      2393
       8.581 |**                                       2115
       8.737 |**                                       1801
       8.895 |**                                       1736
       9.057 |**                                       2065
       9.222 |***                                      2327
       9.389 |***                                      2914
       9.560 |****                                     3438
       9.734 |***                                      2779
       9.910 |***                                      3086
      10.090 |****                                     3730
      10.274 |*****                                    4189
      10.460 |******                                   5688
      10.651 |*******                                  6812
      10.844 |******                                   5299
      11.041 |******                                   5910
      11.242 |********                                 7300
      11.446 |**********                               8699
      11.654 |**************                           12468
      11.866 |***********                              10468
      12.081 |*************                            11442
      12.301 |****************                         14514
      12.524 |**********************                   20062
      12.752 |******************************           27469
      12.984 |***********************                  20766
      13.219 |************************                 21982
      13.460 |***************************              24739
      13.704 |**************************************** 36519
      13.953 |*********************************        29911
      14.207 |***************************              24259
      14.465 |*************************                23061
      14.728 |********************************         29606
      14.995 |*****************************            26216
      15.268 |************************                 21959
      15.545 |************************                 22037
      15.828 |***********************************      31884
      16.115 |***************************              25094
      16.408 |*************************                22695
      16.706 |***************************              24743
      17.010 |*******************************          28678
      17.319 |**********************                   20279
      17.633 |********************                     17926
      17.954 |*************************                23053
      18.280 |*******************                      17380
      18.612 |*****************                        15376
      18.950 |*********************                    18819
      19.295 |*****************                        15069
      19.645 |*************                            11927
      20.002 |***************                          13702
      20.366 |***********                              10466
      20.736 |*********                                8097
      21.112 |**********                               9165
      21.496 |*******                                  6807
      21.886 |******                                   5912
      22.284 |********                                 6919
      22.689 |*****                                    4929
      23.101 |******                                   5201
      23.521 |*****                                    4843
      23.948 |****                                     3786
      24.384 |*****                                    4547
      24.827 |***                                      2970
      25.278 |***                                      3087
      25.737 |***                                      2641
      26.205 |***                                      2792
      26.681 |***                                      2727
      27.165 |**                                       2127
      27.659 |***                                      2500
      28.162 |**                                       1911
      28.673 |**                                       2258
      29.194 |**                                       2014
      29.725 |***                                      2822
      30.265 |***                                      2894
      30.815 |****                                     3795
      31.375 |***                                      2845
      31.945 |***                                      2644
      32.525 |**                                       1805
      33.116 |**                                       1651
      33.718 |**                                       1678
      34.330 |*                                        1354
      34.954 |*                                        1352
      35.589 |*                                        783
      36.236 |*                                        670
      36.894 |*                                        609
      37.565 |*                                        650
      38.247 |*                                        999
      38.942 |*                                        1123
      39.650 |*                                        888
      40.370 |*                                        844
      41.104 |*                                        985
      41.851 |*                                        1131
      42.611 |**                                       1371
      43.385 |*                                        1072
      44.173 |*                                        518
      44.976 |                                         455
      45.793 |*                                        793
      46.625 |*                                        898
      47.472 |*                                        789
      48.335 |*                                        582
      49.213 |                                         441
      50.107 |*                                        643
      51.018 |*                                        641
      51.945 |*                                        556
      52.889 |*                                        610
      53.850 |                                         415
      54.828 |                                         452
      55.824 |*                                        742
      56.839 |*                                        796
      57.871 |*                                        652
      58.923 |                                         294
      59.993 |                                         233
      61.083 |                                         377
      62.193 |                                         230
      63.323 |                                         139
      64.474 |                                         168
      65.645 |                                         43
      66.838 |                                         41
      68.053 |                                         286
      69.289 |*                                        519
      70.548 |                                         274
      71.830 |                                         75
      73.135 |                                         68
      74.464 |                                         169
      75.817 |                                         195
      77.194 |                                         101
      78.597 |                                         10
      80.025 |                                         4
      81.479 |                                         6
      82.959 |                                         4
      84.467 |                                         2
      86.002 |                                         6
      87.564 |                                         76
      89.155 |                                         102
      90.775 |                                         84
      92.424 |                                         155
      94.104 |                                         138
      95.814 |                                         43
      97.555 |                                         41
      99.327 |                                         122
     101.132 |                                         16
     102.969 |                                         10
     104.840 |                                         2
     106.745 |                                         5
     108.685 |                                         1
     110.659 |                                         1
     114.717 |                                         1
     116.802 |                                         1
     121.085 |                                         1
     123.285 |                                         16
     125.525 |                                         90
     127.805 |                                         11
     130.128 |                                         1
     139.846 |                                         1
     153.021 |                                         1
     161.514 |                                         1
     211.599 |                                         9
     215.443 |                                         10
     219.358 |                                         10
 
SQL statistics:
    queries performed:
        read:                            0
        write:                           887349
        other:                           19826
        total:                           907175
    transactions:                        907175 (3777.98 per sec.)
    queries:                             907175 (3777.98 per sec.)
    ignored errors:                      0      (0.00 per sec.)
    reconnects:                          0      (0.00 per sec.)

Throughput:
    events/s (eps):                      3777.9842
    time elapsed:                        240.1216s
    total number of events:              907175

Latency (ms):
         min:                                    5.05
         avg:                                   16.93
         max:                                  220.99
         95th percentile:                       29.72
         sum:                             15360141.08

Threads fairness:
    events (avg/stddev):           14174.5781/1922.99
    execution time (avg/stddev):   240.0022/0.04

