sysbench 1.1.0-3ceba0b (using bundled LuaJIT 2.1.0-beta3)

Running the test with following options:
Number of threads: 2048
Warmup time: 60s
Report intermediate results every 1 second(s)
Initializing random number generator from current time


Initializing worker threads...

Threads started!

Warming up for 60 seconds...

[ 1s ] thds: 2048 tps: 4822.03 qps: 4822.03 (r/w/o: 0.00/4716.79/105.24) lat (ms,95%): 1352.03 err/s: 0.00 reconn/s: 0.00
[ 2s ] thds: 2048 tps: 3596.89 qps: 3596.89 (r/w/o: 0.00/3513.87/83.02) lat (ms,95%): 1304.21 err/s: 0.00 reconn/s: 0.00
[ 3s ] thds: 2048 tps: 3765.24 qps: 3765.24 (r/w/o: 0.00/3673.26/91.98) lat (ms,95%): 1304.21 err/s: 0.00 reconn/s: 0.00
[ 4s ] thds: 2048 tps: 3735.38 qps: 3735.38 (r/w/o: 0.00/3630.37/105.01) lat (ms,95%): 1191.92 err/s: 0.00 reconn/s: 0.00
[ 5s ] thds: 2048 tps: 3830.37 qps: 3830.37 (r/w/o: 0.00/3736.36/94.01) lat (ms,95%): 1191.92 err/s: 0.00 reconn/s: 0.00
[ 6s ] thds: 2048 tps: 3383.58 qps: 3383.58 (r/w/o: 0.00/3317.58/65.99) lat (ms,95%): 1129.24 err/s: 0.00 reconn/s: 0.00
[ 7s ] thds: 2048 tps: 3751.64 qps: 3751.64 (r/w/o: 0.00/3660.65/90.99) lat (ms,95%): 1352.03 err/s: 0.00 reconn/s: 0.00
[ 8s ] thds: 2048 tps: 3848.47 qps: 3848.47 (r/w/o: 0.00/3781.46/67.01) lat (ms,95%): 802.05 err/s: 0.00 reconn/s: 0.00
[ 9s ] thds: 2048 tps: 3763.58 qps: 3763.58 (r/w/o: 0.00/3678.59/84.99) lat (ms,95%): 816.63 err/s: 0.00 reconn/s: 0.00
[ 10s ] thds: 2048 tps: 3427.00 qps: 3427.00 (r/w/o: 0.00/3355.00/72.00) lat (ms,95%): 909.80 err/s: 0.00 reconn/s: 0.00
[ 11s ] thds: 2048 tps: 3631.79 qps: 3631.79 (r/w/o: 0.00/3552.80/79.00) lat (ms,95%): 1533.66 err/s: 0.00 reconn/s: 0.00
[ 12s ] thds: 2048 tps: 3770.84 qps: 3770.84 (r/w/o: 0.00/3702.81/68.03) lat (ms,95%): 1533.66 err/s: 0.00 reconn/s: 0.00
[ 13s ] thds: 2048 tps: 3957.41 qps: 3957.41 (r/w/o: 0.00/3879.42/77.99) lat (ms,95%): 1129.24 err/s: 0.00 reconn/s: 0.00
[ 14s ] thds: 2048 tps: 3726.77 qps: 3726.77 (r/w/o: 0.00/3661.80/64.98) lat (ms,95%): 1109.09 err/s: 0.00 reconn/s: 0.00
[ 15s ] thds: 2048 tps: 3658.91 qps: 3658.91 (r/w/o: 0.00/3564.91/94.00) lat (ms,95%): 1376.60 err/s: 0.00 reconn/s: 0.00
[ 16s ] thds: 2048 tps: 3513.90 qps: 3513.90 (r/w/o: 0.00/3424.85/89.05) lat (ms,95%): 943.16 err/s: 0.00 reconn/s: 0.00
[ 17s ] thds: 2048 tps: 3682.59 qps: 3682.59 (r/w/o: 0.00/3598.62/83.97) lat (ms,95%): 877.61 err/s: 0.00 reconn/s: 0.00
[ 18s ] thds: 2048 tps: 3839.87 qps: 3839.87 (r/w/o: 0.00/3754.87/85.00) lat (ms,95%): 877.61 err/s: 0.00 reconn/s: 0.00
[ 19s ] thds: 2048 tps: 3795.45 qps: 3795.45 (r/w/o: 0.00/3707.41/88.03) lat (ms,95%): 877.61 err/s: 0.00 reconn/s: 0.00
[ 20s ] thds: 2048 tps: 3670.44 qps: 3670.44 (r/w/o: 0.00/3591.43/79.01) lat (ms,95%): 893.56 err/s: 0.00 reconn/s: 0.00
[ 21s ] thds: 2048 tps: 3620.70 qps: 3620.70 (r/w/o: 0.00/3539.71/80.99) lat (ms,95%): 893.56 err/s: 0.00 reconn/s: 0.00
[ 22s ] thds: 2048 tps: 3412.55 qps: 3412.55 (r/w/o: 0.00/3337.59/74.97) lat (ms,95%): 1013.60 err/s: 0.00 reconn/s: 0.00
[ 23s ] thds: 2048 tps: 3743.67 qps: 3743.67 (r/w/o: 0.00/3670.68/72.99) lat (ms,95%): 1109.09 err/s: 0.00 reconn/s: 0.00
[ 24s ] thds: 2048 tps: 3961.43 qps: 3961.43 (r/w/o: 0.00/3873.42/88.01) lat (ms,95%): 1109.09 err/s: 0.00 reconn/s: 0.00
[ 25s ] thds: 2048 tps: 3684.60 qps: 3684.60 (r/w/o: 0.00/3608.61/75.99) lat (ms,95%): 1109.09 err/s: 0.00 reconn/s: 0.00
[ 26s ] thds: 2048 tps: 3736.01 qps: 3736.01 (r/w/o: 0.00/3662.99/73.02) lat (ms,95%): 861.95 err/s: 0.00 reconn/s: 0.00
[ 27s ] thds: 2048 tps: 3560.01 qps: 3560.01 (r/w/o: 0.00/3493.03/66.98) lat (ms,95%): 861.95 err/s: 0.00 reconn/s: 0.00
[ 28s ] thds: 2048 tps: 3765.84 qps: 3765.84 (r/w/o: 0.00/3680.80/85.04) lat (ms,95%): 861.95 err/s: 0.00 reconn/s: 0.00
[ 29s ] thds: 2048 tps: 3423.27 qps: 3423.27 (r/w/o: 0.00/3354.30/68.97) lat (ms,95%): 861.95 err/s: 0.00 reconn/s: 0.00
[ 30s ] thds: 2048 tps: 3652.02 qps: 3652.02 (r/w/o: 0.00/3571.00/81.02) lat (ms,95%): 861.95 err/s: 0.00 reconn/s: 0.00
[ 31s ] thds: 2048 tps: 3564.62 qps: 3564.62 (r/w/o: 0.00/3502.62/61.99) lat (ms,95%): 861.95 err/s: 0.00 reconn/s: 0.00
[ 32s ] thds: 2048 tps: 3798.06 qps: 3798.06 (r/w/o: 0.00/3708.06/90.00) lat (ms,95%): 1213.57 err/s: 0.00 reconn/s: 0.00
[ 33s ] thds: 2048 tps: 3800.82 qps: 3800.82 (r/w/o: 0.00/3721.82/79.00) lat (ms,95%): 1129.24 err/s: 0.00 reconn/s: 0.00
[ 34s ] thds: 2048 tps: 3391.93 qps: 3391.93 (r/w/o: 0.00/3316.93/75.00) lat (ms,95%): 1191.92 err/s: 0.00 reconn/s: 0.00
[ 35s ] thds: 2048 tps: 3828.14 qps: 3828.14 (r/w/o: 0.00/3736.14/92.00) lat (ms,95%): 1191.92 err/s: 0.00 reconn/s: 0.00
[ 36s ] thds: 2048 tps: 3672.80 qps: 3672.80 (r/w/o: 0.00/3601.80/71.00) lat (ms,95%): 995.51 err/s: 0.00 reconn/s: 0.00
[ 37s ] thds: 2048 tps: 3781.02 qps: 3780.02 (r/w/o: 0.00/3697.02/83.00) lat (ms,95%): 1013.60 err/s: 0.00 reconn/s: 0.00
[ 38s ] thds: 2048 tps: 3728.84 qps: 3729.84 (r/w/o: 0.00/3666.81/63.03) lat (ms,95%): 1129.24 err/s: 0.00 reconn/s: 0.00
[ 39s ] thds: 2048 tps: 3583.30 qps: 3583.30 (r/w/o: 0.00/3492.34/90.96) lat (ms,95%): 1191.92 err/s: 0.00 reconn/s: 0.00
[ 40s ] thds: 2048 tps: 3515.47 qps: 3515.47 (r/w/o: 0.00/3431.46/84.01) lat (ms,95%): 1304.21 err/s: 0.00 reconn/s: 0.00
[ 41s ] thds: 2048 tps: 3912.39 qps: 3912.39 (r/w/o: 0.00/3825.40/86.99) lat (ms,95%): 1304.21 err/s: 0.00 reconn/s: 0.00
[ 42s ] thds: 2048 tps: 3802.84 qps: 3802.84 (r/w/o: 0.00/3707.82/95.02) lat (ms,95%): 1235.62 err/s: 0.00 reconn/s: 0.00
[ 43s ] thds: 2048 tps: 3280.47 qps: 3280.47 (r/w/o: 0.00/3189.48/90.99) lat (ms,95%): 1235.62 err/s: 0.00 reconn/s: 0.00
[ 44s ] thds: 2048 tps: 3610.79 qps: 3610.79 (r/w/o: 0.00/3546.79/64.00) lat (ms,95%): 1401.61 err/s: 0.00 reconn/s: 0.00
[ 45s ] thds: 2048 tps: 3691.44 qps: 3691.44 (r/w/o: 0.00/3617.41/74.03) lat (ms,95%): 1506.29 err/s: 0.00 reconn/s: 0.00
[ 46s ] thds: 2048 tps: 3549.86 qps: 3549.86 (r/w/o: 0.00/3457.91/91.94) lat (ms,95%): 1506.29 err/s: 0.00 reconn/s: 0.00
[ 47s ] thds: 2048 tps: 3967.17 qps: 3967.17 (r/w/o: 0.00/3884.12/83.05) lat (ms,95%): 1170.65 err/s: 0.00 reconn/s: 0.00
[ 48s ] thds: 2048 tps: 3760.03 qps: 3760.03 (r/w/o: 0.00/3669.08/90.95) lat (ms,95%): 1129.24 err/s: 0.00 reconn/s: 0.00
[ 49s ] thds: 2048 tps: 3599.10 qps: 3599.10 (r/w/o: 0.00/3521.05/78.05) lat (ms,95%): 1050.76 err/s: 0.00 reconn/s: 0.00
[ 50s ] thds: 2048 tps: 3484.11 qps: 3484.11 (r/w/o: 0.00/3403.11/81.00) lat (ms,95%): 1069.86 err/s: 0.00 reconn/s: 0.00
[ 51s ] thds: 2048 tps: 3617.59 qps: 3617.59 (r/w/o: 0.00/3526.63/90.96) lat (ms,95%): 1109.09 err/s: 0.00 reconn/s: 0.00
[ 52s ] thds: 2048 tps: 3780.11 qps: 3780.11 (r/w/o: 0.00/3683.10/97.00) lat (ms,95%): 1032.01 err/s: 0.00 reconn/s: 0.00
[ 53s ] thds: 2048 tps: 3708.28 qps: 3708.28 (r/w/o: 0.00/3641.26/67.02) lat (ms,95%): 1032.01 err/s: 0.00 reconn/s: 0.00
[ 54s ] thds: 2048 tps: 3989.07 qps: 3989.07 (r/w/o: 0.00/3895.07/94.00) lat (ms,95%): 995.51 err/s: 0.00 reconn/s: 0.00
[ 55s ] thds: 2048 tps: 3469.81 qps: 3469.81 (r/w/o: 0.00/3394.81/75.00) lat (ms,95%): 960.30 err/s: 0.00 reconn/s: 0.00
[ 56s ] thds: 2048 tps: 3695.67 qps: 3695.67 (r/w/o: 0.00/3603.70/91.97) lat (ms,95%): 995.51 err/s: 0.00 reconn/s: 0.00
[ 57s ] thds: 2048 tps: 3815.45 qps: 3815.45 (r/w/o: 0.00/3728.42/87.03) lat (ms,95%): 995.51 err/s: 0.00 reconn/s: 0.00
[ 58s ] thds: 2048 tps: 3778.66 qps: 3778.66 (r/w/o: 0.00/3678.69/99.96) lat (ms,95%): 995.51 err/s: 0.00 reconn/s: 0.00
[ 59s ] thds: 2048 tps: 3499.02 qps: 3499.02 (r/w/o: 0.00/3412.02/87.00) lat (ms,95%): 926.33 err/s: 0.00 reconn/s: 0.00
[ 60s ] thds: 2048 tps: 3527.54 qps: 3527.54 (r/w/o: 0.00/3458.51/69.03) lat (ms,95%): 926.33 err/s: 0.00 reconn/s: 0.00
[ 61s ] thds: 2048 tps: 3525.32 qps: 3525.32 (r/w/o: 0.00/3441.36/83.96) lat (ms,95%): 926.33 err/s: 0.00 reconn/s: 0.00
[ 62s ] thds: 2048 tps: 3706.78 qps: 3706.78 (r/w/o: 0.00/3635.78/71.00) lat (ms,95%): 909.80 err/s: 0.00 reconn/s: 0.00
[ 63s ] thds: 2048 tps: 3585.33 qps: 3585.33 (r/w/o: 0.00/3499.32/86.01) lat (ms,95%): 909.80 err/s: 0.00 reconn/s: 0.00
[ 64s ] thds: 2048 tps: 3788.33 qps: 3788.33 (r/w/o: 0.00/3708.31/80.03) lat (ms,95%): 1352.03 err/s: 0.00 reconn/s: 0.00
[ 65s ] thds: 2048 tps: 3862.07 qps: 3862.07 (r/w/o: 0.00/3799.06/63.00) lat (ms,95%): 1213.57 err/s: 0.00 reconn/s: 0.00
[ 66s ] thds: 2048 tps: 3673.02 qps: 3673.02 (r/w/o: 0.00/3600.02/73.00) lat (ms,95%): 1235.62 err/s: 0.00 reconn/s: 0.00
[ 67s ] thds: 2048 tps: 3994.94 qps: 3994.94 (r/w/o: 0.00/3899.94/95.00) lat (ms,95%): 926.33 err/s: 0.00 reconn/s: 0.00
[ 68s ] thds: 2048 tps: 3595.11 qps: 3595.11 (r/w/o: 0.00/3510.10/85.00) lat (ms,95%): 759.88 err/s: 0.00 reconn/s: 0.00
[ 69s ] thds: 2048 tps: 3384.95 qps: 3384.95 (r/w/o: 0.00/3312.95/72.00) lat (ms,95%): 1069.86 err/s: 0.00 reconn/s: 0.00
[ 70s ] thds: 2048 tps: 3593.67 qps: 3593.67 (r/w/o: 0.00/3524.70/68.97) lat (ms,95%): 1170.65 err/s: 0.00 reconn/s: 0.00
[ 71s ] thds: 2048 tps: 3684.91 qps: 3684.91 (r/w/o: 0.00/3597.89/87.02) lat (ms,95%): 1089.30 err/s: 0.00 reconn/s: 0.00
[ 72s ] thds: 2048 tps: 3785.37 qps: 3785.37 (r/w/o: 0.00/3692.41/92.96) lat (ms,95%): 1089.30 err/s: 0.00 reconn/s: 0.00
[ 73s ] thds: 2048 tps: 3661.73 qps: 3660.73 (r/w/o: 0.00/3565.72/95.02) lat (ms,95%): 1109.09 err/s: 0.00 reconn/s: 0.00
[ 74s ] thds: 2048 tps: 3719.89 qps: 3719.89 (r/w/o: 0.00/3660.91/58.98) lat (ms,95%): 1050.76 err/s: 0.00 reconn/s: 0.00
[ 75s ] thds: 2048 tps: 3699.03 qps: 3700.03 (r/w/o: 0.00/3623.99/76.04) lat (ms,95%): 960.30 err/s: 0.00 reconn/s: 0.00
[ 76s ] thds: 2048 tps: 3454.90 qps: 3454.90 (r/w/o: 0.00/3385.92/68.98) lat (ms,95%): 1050.76 err/s: 0.00 reconn/s: 0.00
[ 77s ] thds: 2048 tps: 3760.98 qps: 3760.98 (r/w/o: 0.00/3685.98/75.00) lat (ms,95%): 1013.60 err/s: 0.00 reconn/s: 0.00
[ 78s ] thds: 2048 tps: 3807.44 qps: 3807.44 (r/w/o: 0.00/3719.40/88.03) lat (ms,95%): 995.51 err/s: 0.00 reconn/s: 0.00
[ 79s ] thds: 2048 tps: 3785.83 qps: 3785.83 (r/w/o: 0.00/3687.86/97.97) lat (ms,95%): 960.30 err/s: 0.00 reconn/s: 0.00
[ 80s ] thds: 2048 tps: 3486.12 qps: 3486.12 (r/w/o: 0.00/3417.10/69.02) lat (ms,95%): 943.16 err/s: 0.00 reconn/s: 0.00
[ 81s ] thds: 2048 tps: 3716.18 qps: 3716.18 (r/w/o: 0.00/3623.17/93.00) lat (ms,95%): 995.51 err/s: 0.00 reconn/s: 0.00
[ 82s ] thds: 2048 tps: 3791.92 qps: 3791.92 (r/w/o: 0.00/3712.97/78.96) lat (ms,95%): 995.51 err/s: 0.00 reconn/s: 0.00
[ 83s ] thds: 2048 tps: 3636.89 qps: 3636.89 (r/w/o: 0.00/3565.86/71.04) lat (ms,95%): 995.51 err/s: 0.00 reconn/s: 0.00
[ 84s ] thds: 2048 tps: 3771.38 qps: 3771.38 (r/w/o: 0.00/3687.41/83.96) lat (ms,95%): 1032.01 err/s: 0.00 reconn/s: 0.00
[ 85s ] thds: 2048 tps: 3733.09 qps: 3733.09 (r/w/o: 0.00/3655.09/78.00) lat (ms,95%): 893.56 err/s: 0.00 reconn/s: 0.00
[ 86s ] thds: 2048 tps: 3571.54 qps: 3571.54 (r/w/o: 0.00/3484.57/86.96) lat (ms,95%): 893.56 err/s: 0.00 reconn/s: 0.00
[ 87s ] thds: 2048 tps: 3443.10 qps: 3443.10 (r/w/o: 0.00/3378.10/65.00) lat (ms,95%): 1191.92 err/s: 0.00 reconn/s: 0.00
[ 88s ] thds: 2048 tps: 3610.18 qps: 3610.18 (r/w/o: 0.00/3525.11/85.08) lat (ms,95%): 1561.52 err/s: 0.00 reconn/s: 0.00
[ 89s ] thds: 2048 tps: 3681.59 qps: 3681.59 (r/w/o: 0.00/3595.64/85.94) lat (ms,95%): 1561.52 err/s: 0.00 reconn/s: 0.00
[ 90s ] thds: 2048 tps: 3807.85 qps: 3807.85 (r/w/o: 0.00/3715.86/92.00) lat (ms,95%): 1561.52 err/s: 0.00 reconn/s: 0.00
[ 91s ] thds: 2048 tps: 3987.38 qps: 3987.38 (r/w/o: 0.00/3898.33/89.05) lat (ms,95%): 1013.60 err/s: 0.00 reconn/s: 0.00
[ 92s ] thds: 2048 tps: 3645.46 qps: 3645.46 (r/w/o: 0.00/3563.51/81.94) lat (ms,95%): 1013.60 err/s: 0.00 reconn/s: 0.00
[ 93s ] thds: 2048 tps: 3417.95 qps: 3417.95 (r/w/o: 0.00/3333.90/84.05) lat (ms,95%): 995.51 err/s: 0.00 reconn/s: 0.00
[ 94s ] thds: 2048 tps: 3480.05 qps: 3480.05 (r/w/o: 0.00/3408.07/71.98) lat (ms,95%): 960.30 err/s: 0.00 reconn/s: 0.00
[ 95s ] thds: 2048 tps: 3711.62 qps: 3711.62 (r/w/o: 0.00/3645.63/65.99) lat (ms,95%): 909.80 err/s: 0.00 reconn/s: 0.00
[ 96s ] thds: 2048 tps: 3569.06 qps: 3569.06 (r/w/o: 0.00/3471.03/98.03) lat (ms,95%): 877.61 err/s: 0.00 reconn/s: 0.00
[ 97s ] thds: 2048 tps: 3735.36 qps: 3735.36 (r/w/o: 0.00/3666.36/69.01) lat (ms,95%): 960.30 err/s: 0.00 reconn/s: 0.00
[ 98s ] thds: 2048 tps: 3685.79 qps: 3685.79 (r/w/o: 0.00/3602.77/83.02) lat (ms,95%): 960.30 err/s: 0.00 reconn/s: 0.00
[ 99s ] thds: 2048 tps: 3768.54 qps: 3768.54 (r/w/o: 0.00/3689.59/78.95) lat (ms,95%): 1258.08 err/s: 0.00 reconn/s: 0.00
[ 100s ] thds: 2048 tps: 3955.55 qps: 3955.55 (r/w/o: 0.00/3868.51/87.03) lat (ms,95%): 1258.08 err/s: 0.00 reconn/s: 0.00
[ 101s ] thds: 2048 tps: 3730.97 qps: 3730.97 (r/w/o: 0.00/3644.00/86.98) lat (ms,95%): 995.51 err/s: 0.00 reconn/s: 0.00
[ 102s ] thds: 2048 tps: 3548.76 qps: 3548.76 (r/w/o: 0.00/3466.72/82.04) lat (ms,95%): 995.51 err/s: 0.00 reconn/s: 0.00
[ 103s ] thds: 2048 tps: 3556.37 qps: 3556.37 (r/w/o: 0.00/3478.39/77.99) lat (ms,95%): 995.51 err/s: 0.00 reconn/s: 0.00
[ 104s ] thds: 2048 tps: 3732.78 qps: 3732.78 (r/w/o: 0.00/3644.83/87.95) lat (ms,95%): 816.63 err/s: 0.00 reconn/s: 0.00
[ 105s ] thds: 2048 tps: 3597.15 qps: 3597.15 (r/w/o: 0.00/3510.14/87.00) lat (ms,95%): 816.63 err/s: 0.00 reconn/s: 0.00
[ 106s ] thds: 2048 tps: 3680.67 qps: 3680.67 (r/w/o: 0.00/3593.61/87.06) lat (ms,95%): 1352.03 err/s: 0.00 reconn/s: 0.00
[ 107s ] thds: 2048 tps: 3455.47 qps: 3455.47 (r/w/o: 0.00/3376.48/78.99) lat (ms,95%): 1401.61 err/s: 0.00 reconn/s: 0.00
[ 108s ] thds: 2048 tps: 3897.27 qps: 3897.27 (r/w/o: 0.00/3817.27/80.01) lat (ms,95%): 1401.61 err/s: 0.00 reconn/s: 0.00
[ 109s ] thds: 2048 tps: 3812.30 qps: 3812.30 (r/w/o: 0.00/3736.32/75.99) lat (ms,95%): 1235.62 err/s: 0.00 reconn/s: 0.00
[ 110s ] thds: 2048 tps: 3504.96 qps: 3504.96 (r/w/o: 0.00/3421.99/82.98) lat (ms,95%): 1235.62 err/s: 0.00 reconn/s: 0.00
[ 111s ] thds: 2048 tps: 3515.86 qps: 3515.86 (r/w/o: 0.00/3441.82/74.04) lat (ms,95%): 1191.92 err/s: 0.00 reconn/s: 0.00
[ 112s ] thds: 2048 tps: 3703.25 qps: 3703.25 (r/w/o: 0.00/3612.29/90.96) lat (ms,95%): 1089.30 err/s: 0.00 reconn/s: 0.00
[ 113s ] thds: 2048 tps: 3873.84 qps: 3873.84 (r/w/o: 0.00/3794.81/79.04) lat (ms,95%): 1050.76 err/s: 0.00 reconn/s: 0.00
[ 114s ] thds: 2048 tps: 3613.97 qps: 3613.97 (r/w/o: 0.00/3536.97/77.00) lat (ms,95%): 831.46 err/s: 0.00 reconn/s: 0.00
[ 115s ] thds: 2048 tps: 3563.97 qps: 3563.97 (r/w/o: 0.00/3496.03/67.94) lat (ms,95%): 816.63 err/s: 0.00 reconn/s: 0.00
[ 116s ] thds: 2048 tps: 3826.16 qps: 3826.16 (r/w/o: 0.00/3719.13/107.03) lat (ms,95%): 977.74 err/s: 0.00 reconn/s: 0.00
[ 117s ] thds: 2048 tps: 3732.38 qps: 3732.38 (r/w/o: 0.00/3667.36/65.02) lat (ms,95%): 877.61 err/s: 0.00 reconn/s: 0.00
[ 118s ] thds: 2048 tps: 3707.66 qps: 3707.66 (r/w/o: 0.00/3635.71/71.95) lat (ms,95%): 861.95 err/s: 0.00 reconn/s: 0.00
[ 119s ] thds: 2048 tps: 3489.55 qps: 3489.55 (r/w/o: 0.00/3402.49/87.06) lat (ms,95%): 861.95 err/s: 0.00 reconn/s: 0.00
[ 120s ] thds: 2048 tps: 3543.73 qps: 3543.73 (r/w/o: 0.00/3466.76/76.97) lat (ms,95%): 1109.09 err/s: 0.00 reconn/s: 0.00
[ 121s ] thds: 2048 tps: 3828.98 qps: 3828.98 (r/w/o: 0.00/3741.94/87.05) lat (ms,95%): 1327.91 err/s: 0.00 reconn/s: 0.00
[ 122s ] thds: 2048 tps: 3915.74 qps: 3915.74 (r/w/o: 0.00/3833.79/81.95) lat (ms,95%): 1327.91 err/s: 0.00 reconn/s: 0.00
[ 123s ] thds: 2048 tps: 3425.80 qps: 3425.80 (r/w/o: 0.00/3365.80/60.00) lat (ms,95%): 1170.65 err/s: 0.00 reconn/s: 0.00
[ 124s ] thds: 2048 tps: 3569.08 qps: 3569.08 (r/w/o: 0.00/3493.03/76.04) lat (ms,95%): 1050.76 err/s: 0.00 reconn/s: 0.00
[ 125s ] thds: 2048 tps: 3744.99 qps: 3744.99 (r/w/o: 0.00/3646.99/98.00) lat (ms,95%): 1050.76 err/s: 0.00 reconn/s: 0.00
[ 126s ] thds: 2048 tps: 3686.79 qps: 3686.79 (r/w/o: 0.00/3597.79/88.99) lat (ms,95%): 1050.76 err/s: 0.00 reconn/s: 0.00
[ 127s ] thds: 2048 tps: 3633.79 qps: 3633.79 (r/w/o: 0.00/3553.80/80.00) lat (ms,95%): 1089.30 err/s: 0.00 reconn/s: 0.00
[ 128s ] thds: 2048 tps: 3797.27 qps: 3797.27 (r/w/o: 0.00/3718.26/79.01) lat (ms,95%): 1032.01 err/s: 0.00 reconn/s: 0.00
[ 129s ] thds: 2048 tps: 3693.88 qps: 3693.88 (r/w/o: 0.00/3599.96/93.92) lat (ms,95%): 977.74 err/s: 0.00 reconn/s: 0.00
[ 130s ] thds: 2048 tps: 3679.23 qps: 3679.23 (r/w/o: 0.00/3594.16/85.07) lat (ms,95%): 977.74 err/s: 0.00 reconn/s: 0.00
[ 131s ] thds: 2048 tps: 3707.04 qps: 3707.04 (r/w/o: 0.00/3640.04/67.00) lat (ms,95%): 943.16 err/s: 0.00 reconn/s: 0.00
[ 132s ] thds: 2048 tps: 3777.68 qps: 3777.68 (r/w/o: 0.00/3689.76/87.92) lat (ms,95%): 861.95 err/s: 0.00 reconn/s: 0.00
[ 133s ] thds: 2048 tps: 3628.21 qps: 3628.21 (r/w/o: 0.00/3549.18/79.03) lat (ms,95%): 861.95 err/s: 0.00 reconn/s: 0.00
[ 134s ] thds: 2048 tps: 3822.73 qps: 3822.73 (r/w/o: 0.00/3731.69/91.04) lat (ms,95%): 861.95 err/s: 0.00 reconn/s: 0.00
[ 135s ] thds: 2048 tps: 3753.34 qps: 3753.34 (r/w/o: 0.00/3664.34/89.01) lat (ms,95%): 816.63 err/s: 0.00 reconn/s: 0.00
[ 136s ] thds: 2048 tps: 3553.94 qps: 3553.94 (r/w/o: 0.00/3471.94/82.00) lat (ms,95%): 816.63 err/s: 0.00 reconn/s: 0.00
[ 137s ] thds: 2048 tps: 3600.49 qps: 3600.49 (r/w/o: 0.00/3524.50/75.99) lat (ms,95%): 909.80 err/s: 0.00 reconn/s: 0.00
[ 138s ] thds: 2048 tps: 3581.29 qps: 3581.29 (r/w/o: 0.00/3493.28/88.01) lat (ms,95%): 893.56 err/s: 0.00 reconn/s: 0.00
[ 139s ] thds: 2048 tps: 3703.93 qps: 3703.93 (r/w/o: 0.00/3619.93/84.00) lat (ms,95%): 893.56 err/s: 0.00 reconn/s: 0.00
[ 140s ] thds: 2048 tps: 3474.39 qps: 3474.39 (r/w/o: 0.00/3387.46/86.93) lat (ms,95%): 995.51 err/s: 0.00 reconn/s: 0.00
[ 141s ] thds: 2048 tps: 3924.10 qps: 3924.10 (r/w/o: 0.00/3843.03/81.06) lat (ms,95%): 1089.30 err/s: 0.00 reconn/s: 0.00
[ 142s ] thds: 2048 tps: 3713.04 qps: 3713.04 (r/w/o: 0.00/3625.04/88.00) lat (ms,95%): 1013.60 err/s: 0.00 reconn/s: 0.00
[ 143s ] thds: 2048 tps: 3650.82 qps: 3650.82 (r/w/o: 0.00/3560.85/89.97) lat (ms,95%): 995.51 err/s: 0.00 reconn/s: 0.00
[ 144s ] thds: 2048 tps: 3778.27 qps: 3778.27 (r/w/o: 0.00/3681.23/97.03) lat (ms,95%): 1050.76 err/s: 0.00 reconn/s: 0.00
[ 145s ] thds: 2048 tps: 3919.95 qps: 3919.95 (r/w/o: 0.00/3839.95/80.00) lat (ms,95%): 960.30 err/s: 0.00 reconn/s: 0.00
[ 146s ] thds: 2048 tps: 3386.88 qps: 3386.88 (r/w/o: 0.00/3294.88/92.00) lat (ms,95%): 1050.76 err/s: 0.00 reconn/s: 0.00
[ 147s ] thds: 2048 tps: 3785.82 qps: 3785.82 (r/w/o: 0.00/3693.82/92.00) lat (ms,95%): 1258.08 err/s: 0.00 reconn/s: 0.00
[ 148s ] thds: 2048 tps: 3812.17 qps: 3812.17 (r/w/o: 0.00/3714.17/98.00) lat (ms,95%): 1258.08 err/s: 0.00 reconn/s: 0.00
[ 149s ] thds: 2048 tps: 3875.79 qps: 3875.79 (r/w/o: 0.00/3783.81/91.97) lat (ms,95%): 1258.08 err/s: 0.00 reconn/s: 0.00
[ 150s ] thds: 2048 tps: 3312.50 qps: 3312.50 (r/w/o: 0.00/3250.51/61.99) lat (ms,95%): 1235.62 err/s: 0.00 reconn/s: 0.00
[ 151s ] thds: 2048 tps: 3609.63 qps: 3609.63 (r/w/o: 0.00/3532.61/77.01) lat (ms,95%): 1352.03 err/s: 0.00 reconn/s: 0.00
[ 152s ] thds: 2048 tps: 3611.82 qps: 3611.82 (r/w/o: 0.00/3534.80/77.02) lat (ms,95%): 1258.08 err/s: 0.00 reconn/s: 0.00
[ 153s ] thds: 2048 tps: 3713.04 qps: 3713.04 (r/w/o: 0.00/3631.04/82.00) lat (ms,95%): 1258.08 err/s: 0.00 reconn/s: 0.00
[ 154s ] thds: 2048 tps: 3680.21 qps: 3680.21 (r/w/o: 0.00/3608.27/71.95) lat (ms,95%): 977.74 err/s: 0.00 reconn/s: 0.00
[ 155s ] thds: 2048 tps: 4008.33 qps: 4008.33 (r/w/o: 0.00/3905.24/103.09) lat (ms,95%): 893.56 err/s: 0.00 reconn/s: 0.00
[ 156s ] thds: 2048 tps: 3750.89 qps: 3750.89 (r/w/o: 0.00/3672.91/77.98) lat (ms,95%): 773.68 err/s: 0.00 reconn/s: 0.00
[ 157s ] thds: 2048 tps: 3119.46 qps: 3119.46 (r/w/o: 0.00/3040.50/78.96) lat (ms,95%): 1258.08 err/s: 0.00 reconn/s: 0.00
[ 158s ] thds: 2048 tps: 3284.37 qps: 3284.37 (r/w/o: 0.00/3223.32/61.04) lat (ms,95%): 1453.01 err/s: 0.00 reconn/s: 0.00
[ 159s ] thds: 2048 tps: 3677.13 qps: 3677.13 (r/w/o: 0.00/3590.13/87.00) lat (ms,95%): 1258.08 err/s: 0.00 reconn/s: 0.00
[ 160s ] thds: 2048 tps: 3899.23 qps: 3899.23 (r/w/o: 0.00/3821.25/77.98) lat (ms,95%): 1453.01 err/s: 0.00 reconn/s: 0.00
[ 161s ] thds: 2048 tps: 3395.85 qps: 3395.85 (r/w/o: 0.00/3324.86/71.00) lat (ms,95%): 1129.24 err/s: 0.00 reconn/s: 0.00
[ 162s ] thds: 2048 tps: 3738.76 qps: 3738.76 (r/w/o: 0.00/3665.75/73.01) lat (ms,95%): 1533.66 err/s: 0.00 reconn/s: 0.00
[ 163s ] thds: 2048 tps: 3876.45 qps: 3876.45 (r/w/o: 0.00/3798.46/77.99) lat (ms,95%): 1149.76 err/s: 0.00 reconn/s: 0.00
[ 164s ] thds: 2048 tps: 3692.97 qps: 3692.97 (r/w/o: 0.00/3615.95/77.02) lat (ms,95%): 1149.76 err/s: 0.00 reconn/s: 0.00
[ 165s ] thds: 2048 tps: 3561.83 qps: 3561.83 (r/w/o: 0.00/3499.84/62.00) lat (ms,95%): 1170.65 err/s: 0.00 reconn/s: 0.00
[ 166s ] thds: 2048 tps: 3915.11 qps: 3915.11 (r/w/o: 0.00/3818.11/97.00) lat (ms,95%): 1129.24 err/s: 0.00 reconn/s: 0.00
[ 167s ] thds: 2048 tps: 3580.90 qps: 3580.90 (r/w/o: 0.00/3507.90/73.00) lat (ms,95%): 831.46 err/s: 0.00 reconn/s: 0.00
[ 168s ] thds: 2048 tps: 3378.07 qps: 3378.07 (r/w/o: 0.00/3304.07/74.00) lat (ms,95%): 1069.86 err/s: 0.00 reconn/s: 0.00
[ 169s ] thds: 2048 tps: 3496.14 qps: 3496.14 (r/w/o: 0.00/3421.15/74.98) lat (ms,95%): 1069.86 err/s: 0.00 reconn/s: 0.00
[ 170s ] thds: 2048 tps: 3745.38 qps: 3745.38 (r/w/o: 0.00/3654.37/91.01) lat (ms,95%): 1069.86 err/s: 0.00 reconn/s: 0.00
[ 171s ] thds: 2048 tps: 3735.42 qps: 3735.42 (r/w/o: 0.00/3638.43/96.98) lat (ms,95%): 1069.86 err/s: 0.00 reconn/s: 0.00
[ 172s ] thds: 2048 tps: 3726.20 qps: 3726.20 (r/w/o: 0.00/3665.18/61.02) lat (ms,95%): 943.16 err/s: 0.00 reconn/s: 0.00
[ 173s ] thds: 2048 tps: 4002.55 qps: 4002.55 (r/w/o: 0.00/3922.58/79.97) lat (ms,95%): 909.80 err/s: 0.00 reconn/s: 0.00
[ 174s ] thds: 2048 tps: 3786.16 qps: 3786.16 (r/w/o: 0.00/3715.13/71.02) lat (ms,95%): 893.56 err/s: 0.00 reconn/s: 0.00
[ 175s ] thds: 2048 tps: 3696.97 qps: 3695.97 (r/w/o: 0.00/3616.97/79.00) lat (ms,95%): 893.56 err/s: 0.00 reconn/s: 0.00
[ 176s ] thds: 2048 tps: 3719.10 qps: 3720.10 (r/w/o: 0.00/3634.09/86.00) lat (ms,95%): 1170.65 err/s: 0.00 reconn/s: 0.00
[ 177s ] thds: 2048 tps: 3478.64 qps: 3478.64 (r/w/o: 0.00/3405.67/72.97) lat (ms,95%): 1170.65 err/s: 0.00 reconn/s: 0.00
[ 178s ] thds: 2048 tps: 3770.58 qps: 3770.58 (r/w/o: 0.00/3677.54/93.04) lat (ms,95%): 1213.57 err/s: 0.00 reconn/s: 0.00
[ 179s ] thds: 2048 tps: 3927.62 qps: 3927.62 (r/w/o: 0.00/3835.65/91.97) lat (ms,95%): 960.30 err/s: 0.00 reconn/s: 0.00
[ 180s ] thds: 2048 tps: 3576.13 qps: 3576.13 (r/w/o: 0.00/3504.11/72.02) lat (ms,95%): 943.16 err/s: 0.00 reconn/s: 0.00
[ 181s ] thds: 2048 tps: 3467.01 qps: 3467.01 (r/w/o: 0.00/3385.03/81.98) lat (ms,95%): 1129.24 err/s: 0.00 reconn/s: 0.00
[ 182s ] thds: 2048 tps: 3692.84 qps: 3692.84 (r/w/o: 0.00/3604.82/88.02) lat (ms,95%): 1213.57 err/s: 0.00 reconn/s: 0.00
[ 183s ] thds: 2048 tps: 3883.51 qps: 3883.51 (r/w/o: 0.00/3805.54/77.97) lat (ms,95%): 1213.57 err/s: 0.00 reconn/s: 0.00
[ 184s ] thds: 2048 tps: 3682.89 qps: 3682.89 (r/w/o: 0.00/3612.88/70.02) lat (ms,95%): 977.74 err/s: 0.00 reconn/s: 0.00
[ 185s ] thds: 2048 tps: 3542.30 qps: 3542.30 (r/w/o: 0.00/3461.29/81.01) lat (ms,95%): 1013.60 err/s: 0.00 reconn/s: 0.00
[ 186s ] thds: 2048 tps: 3696.27 qps: 3696.27 (r/w/o: 0.00/3634.28/61.99) lat (ms,95%): 943.16 err/s: 0.00 reconn/s: 0.00
[ 187s ] thds: 2048 tps: 3689.53 qps: 3689.53 (r/w/o: 0.00/3604.52/85.01) lat (ms,95%): 943.16 err/s: 0.00 reconn/s: 0.00
[ 188s ] thds: 2048 tps: 3576.45 qps: 3576.45 (r/w/o: 0.00/3499.44/77.01) lat (ms,95%): 1013.60 err/s: 0.00 reconn/s: 0.00
[ 189s ] thds: 2048 tps: 3586.22 qps: 3586.22 (r/w/o: 0.00/3506.21/80.00) lat (ms,95%): 1069.86 err/s: 0.00 reconn/s: 0.00
[ 190s ] thds: 2048 tps: 3807.87 qps: 3807.87 (r/w/o: 0.00/3701.87/106.00) lat (ms,95%): 1069.86 err/s: 0.00 reconn/s: 0.00
[ 191s ] thds: 2048 tps: 3589.37 qps: 3589.37 (r/w/o: 0.00/3530.38/58.99) lat (ms,95%): 1149.76 err/s: 0.00 reconn/s: 0.00
[ 192s ] thds: 2048 tps: 3710.45 qps: 3710.45 (r/w/o: 0.00/3615.47/94.99) lat (ms,95%): 1213.57 err/s: 0.00 reconn/s: 0.00
[ 193s ] thds: 2048 tps: 3697.01 qps: 3697.01 (r/w/o: 0.00/3603.01/94.00) lat (ms,95%): 1213.57 err/s: 0.00 reconn/s: 0.00
[ 194s ] thds: 2048 tps: 4026.48 qps: 4026.48 (r/w/o: 0.00/3923.47/103.01) lat (ms,95%): 1069.86 err/s: 0.00 reconn/s: 0.00
[ 195s ] thds: 2048 tps: 3804.32 qps: 3804.32 (r/w/o: 0.00/3725.32/79.01) lat (ms,95%): 707.07 err/s: 0.00 reconn/s: 0.00
[ 196s ] thds: 2048 tps: 3375.30 qps: 3375.30 (r/w/o: 0.00/3283.29/92.01) lat (ms,95%): 846.57 err/s: 0.00 reconn/s: 0.00
[ 197s ] thds: 2048 tps: 3426.30 qps: 3426.30 (r/w/o: 0.00/3339.29/87.01) lat (ms,95%): 1050.76 err/s: 0.00 reconn/s: 0.00
[ 198s ] thds: 2048 tps: 3669.24 qps: 3669.24 (r/w/o: 0.00/3575.26/93.98) lat (ms,95%): 960.30 err/s: 0.00 reconn/s: 0.00
[ 199s ] thds: 2048 tps: 3730.52 qps: 3730.52 (r/w/o: 0.00/3635.53/94.99) lat (ms,95%): 960.30 err/s: 0.00 reconn/s: 0.00
[ 200s ] thds: 2048 tps: 3874.05 qps: 3874.05 (r/w/o: 0.00/3788.03/86.02) lat (ms,95%): 846.57 err/s: 0.00 reconn/s: 0.00
[ 201s ] thds: 2048 tps: 3881.05 qps: 3881.05 (r/w/o: 0.00/3795.05/86.00) lat (ms,95%): 846.57 err/s: 0.00 reconn/s: 0.00
[ 202s ] thds: 2048 tps: 3685.06 qps: 3685.06 (r/w/o: 0.00/3604.06/81.00) lat (ms,95%): 773.68 err/s: 0.00 reconn/s: 0.00
[ 203s ] thds: 2048 tps: 3327.86 qps: 3327.86 (r/w/o: 0.00/3252.89/74.97) lat (ms,95%): 1109.09 err/s: 0.00 reconn/s: 0.00
[ 204s ] thds: 2048 tps: 3429.58 qps: 3429.58 (r/w/o: 0.00/3344.59/84.99) lat (ms,95%): 1401.61 err/s: 0.00 reconn/s: 0.00
[ 205s ] thds: 2048 tps: 3648.59 qps: 3648.59 (r/w/o: 0.00/3571.56/77.03) lat (ms,95%): 1401.61 err/s: 0.00 reconn/s: 0.00
[ 206s ] thds: 2048 tps: 3869.23 qps: 3869.23 (r/w/o: 0.00/3787.25/81.98) lat (ms,95%): 943.16 err/s: 0.00 reconn/s: 0.00
[ 207s ] thds: 2048 tps: 3583.62 qps: 3583.62 (r/w/o: 0.00/3507.61/76.01) lat (ms,95%): 960.30 err/s: 0.00 reconn/s: 0.00
[ 208s ] thds: 2048 tps: 3572.65 qps: 3572.65 (r/w/o: 0.00/3496.66/75.99) lat (ms,95%): 1235.62 err/s: 0.00 reconn/s: 0.00
[ 209s ] thds: 2048 tps: 3387.46 qps: 3387.46 (r/w/o: 0.00/3309.48/77.99) lat (ms,95%): 1453.01 err/s: 0.00 reconn/s: 0.00
[ 210s ] thds: 2048 tps: 3871.23 qps: 3871.23 (r/w/o: 0.00/3786.20/85.03) lat (ms,95%): 1453.01 err/s: 0.00 reconn/s: 0.00
[ 211s ] thds: 2048 tps: 3847.48 qps: 3847.48 (r/w/o: 0.00/3778.51/68.97) lat (ms,95%): 1352.03 err/s: 0.00 reconn/s: 0.00
[ 212s ] thds: 2048 tps: 3747.16 qps: 3747.16 (r/w/o: 0.00/3661.14/86.03) lat (ms,95%): 1376.60 err/s: 0.00 reconn/s: 0.00
[ 213s ] thds: 2048 tps: 3429.10 qps: 3429.10 (r/w/o: 0.00/3345.12/83.98) lat (ms,95%): 1739.68 err/s: 0.00 reconn/s: 0.00
[ 214s ] thds: 2048 tps: 6449.55 qps: 6449.55 (r/w/o: 0.00/6326.56/122.99) lat (ms,95%): 1235.62 err/s: 0.00 reconn/s: 0.00
[ 215s ] thds: 2048 tps: 3947.81 qps: 3947.81 (r/w/o: 0.00/3862.79/85.02) lat (ms,95%): 1069.86 err/s: 0.00 reconn/s: 0.00
[ 216s ] thds: 2048 tps: 3433.99 qps: 3433.99 (r/w/o: 0.00/3362.99/71.00) lat (ms,95%): 1109.09 err/s: 0.00 reconn/s: 0.00
[ 217s ] thds: 2048 tps: 3440.24 qps: 3440.24 (r/w/o: 0.00/3361.25/78.98) lat (ms,95%): 1089.30 err/s: 0.00 reconn/s: 0.00
[ 218s ] thds: 2048 tps: 3566.51 qps: 3566.51 (r/w/o: 0.00/3472.47/94.04) lat (ms,95%): 1089.30 err/s: 0.00 reconn/s: 0.00
[ 219s ] thds: 2048 tps: 3875.88 qps: 3875.88 (r/w/o: 0.00/3791.89/84.00) lat (ms,95%): 1013.60 err/s: 0.00 reconn/s: 0.00
[ 220s ] thds: 2048 tps: 3683.67 qps: 3683.67 (r/w/o: 0.00/3594.71/88.97) lat (ms,95%): 1013.60 err/s: 0.00 reconn/s: 0.00
[ 221s ] thds: 2048 tps: 3755.62 qps: 3755.62 (r/w/o: 0.00/3676.61/79.01) lat (ms,95%): 1032.01 err/s: 0.00 reconn/s: 0.00
[ 222s ] thds: 2048 tps: 3740.65 qps: 3740.65 (r/w/o: 0.00/3664.64/76.01) lat (ms,95%): 926.33 err/s: 0.00 reconn/s: 0.00
[ 223s ] thds: 2048 tps: 3606.05 qps: 3606.05 (r/w/o: 0.00/3529.05/77.00) lat (ms,95%): 1149.76 err/s: 0.00 reconn/s: 0.00
[ 224s ] thds: 2048 tps: 3769.39 qps: 3769.39 (r/w/o: 0.00/3672.41/96.98) lat (ms,95%): 1149.76 err/s: 0.00 reconn/s: 0.00
[ 225s ] thds: 2048 tps: 3363.63 qps: 3363.63 (r/w/o: 0.00/3293.62/70.01) lat (ms,95%): 1149.76 err/s: 0.00 reconn/s: 0.00
[ 226s ] thds: 2048 tps: 3752.80 qps: 3752.80 (r/w/o: 0.00/3665.80/87.00) lat (ms,95%): 977.74 err/s: 0.00 reconn/s: 0.00
[ 227s ] thds: 2048 tps: 3789.89 qps: 3789.89 (r/w/o: 0.00/3705.92/83.98) lat (ms,95%): 977.74 err/s: 0.00 reconn/s: 0.00
[ 228s ] thds: 2048 tps: 3670.69 qps: 3670.69 (r/w/o: 0.00/3594.65/76.03) lat (ms,95%): 977.74 err/s: 0.00 reconn/s: 0.00
[ 229s ] thds: 2048 tps: 3397.55 qps: 3397.55 (r/w/o: 0.00/3324.58/72.97) lat (ms,95%): 1533.66 err/s: 0.00 reconn/s: 0.00
[ 230s ] thds: 2048 tps: 3583.90 qps: 3583.90 (r/w/o: 0.00/3499.88/84.02) lat (ms,95%): 1678.14 err/s: 0.00 reconn/s: 0.00
[ 231s ] thds: 2048 tps: 3752.14 qps: 3752.14 (r/w/o: 0.00/3658.14/94.00) lat (ms,95%): 1561.52 err/s: 0.00 reconn/s: 0.00
[ 232s ] thds: 2048 tps: 3653.92 qps: 3653.92 (r/w/o: 0.00/3579.94/73.98) lat (ms,95%): 1561.52 err/s: 0.00 reconn/s: 0.00
[ 233s ] thds: 2048 tps: 3798.44 qps: 3798.44 (r/w/o: 0.00/3697.40/101.04) lat (ms,95%): 1376.60 err/s: 0.00 reconn/s: 0.00
[ 234s ] thds: 2048 tps: 3759.77 qps: 3759.77 (r/w/o: 0.00/3675.80/83.97) lat (ms,95%): 977.74 err/s: 0.00 reconn/s: 0.00
[ 235s ] thds: 2048 tps: 3643.36 qps: 3643.36 (r/w/o: 0.00/3561.35/82.01) lat (ms,95%): 926.33 err/s: 0.00 reconn/s: 0.00
[ 236s ] thds: 2048 tps: 3671.46 qps: 3671.46 (r/w/o: 0.00/3603.47/67.99) lat (ms,95%): 909.80 err/s: 0.00 reconn/s: 0.00
[ 237s ] thds: 2048 tps: 7848.68 qps: 7847.68 (r/w/o: 0.00/7686.68/160.99) lat (ms,95%): 877.61 err/s: 0.00 reconn/s: 0.00
[ 238s ] thds: 2048 tps: 4956.81 qps: 4957.81 (r/w/o: 0.00/4853.80/104.02) lat (ms,95%): 746.32 err/s: 0.00 reconn/s: 0.00
[ 239s ] thds: 2048 tps: 3776.02 qps: 3776.02 (r/w/o: 0.00/3677.04/98.97) lat (ms,95%): 926.33 err/s: 0.00 reconn/s: 0.00
[ 240s ] thds: 2048 tps: 3527.09 qps: 3527.09 (r/w/o: 0.00/3449.07/78.02) lat (ms,95%): 802.05 err/s: 0.00 reconn/s: 0.00
[ 241s ] thds: 2032 tps: 1903.88 qps: 1903.88 (r/w/o: 0.00/1871.89/32.00) lat (ms,95%): 1352.03 err/s: 0.00 reconn/s: 0.00
Latency histogram (values are in milliseconds)
       value  ------------- distribution ------------- count
       6.095 |                                         1
       6.205 |                                         2
       6.318 |                                         3
       6.433 |                                         3
       6.550 |                                         3
       6.669 |                                         4
       6.790 |                                         5
       6.913 |                                         16
       7.039 |                                         13
       7.167 |                                         19
       7.297 |                                         20
       7.430 |                                         43
       7.565 |                                         61
       7.702 |                                         51
       7.842 |                                         70
       7.985 |                                         81
       8.130 |                                         86
       8.277 |                                         135
       8.428 |                                         163
       8.581 |                                         168
       8.737 |                                         182
       8.895 |                                         199
       9.057 |                                         225
       9.222 |                                         260
       9.389 |                                         269
       9.560 |                                         275
       9.734 |                                         273
       9.910 |                                         265
      10.090 |                                         261
      10.274 |                                         267
      10.460 |                                         253
      10.651 |                                         243
      10.844 |                                         219
      11.041 |                                         190
      11.242 |                                         191
      11.446 |                                         166
      11.654 |                                         173
      11.866 |                                         150
      12.081 |                                         129
      12.301 |                                         133
      12.524 |                                         125
      12.752 |                                         113
      12.984 |                                         83
      13.219 |                                         89
      13.460 |                                         82
      13.704 |                                         67
      13.953 |                                         76
      14.207 |                                         79
      14.465 |                                         68
      14.728 |                                         73
      14.995 |                                         53
      15.268 |                                         58
      15.545 |                                         36
      15.828 |                                         45
      16.115 |                                         34
      16.408 |                                         37
      16.706 |                                         33
      17.010 |                                         33
      17.319 |                                         30
      17.633 |                                         34
      17.954 |                                         27
      18.280 |                                         37
      18.612 |                                         36
      18.950 |                                         37
      19.295 |                                         54
      19.645 |                                         50
      20.002 |                                         43
      20.366 |                                         43
      20.736 |                                         50
      21.112 |                                         48
      21.496 |                                         46
      21.886 |                                         38
      22.284 |                                         36
      22.689 |                                         17
      23.101 |                                         23
      23.521 |                                         23
      23.948 |                                         17
      24.384 |                                         13
      24.827 |                                         25
      25.278 |                                         14
      25.737 |                                         20
      26.205 |                                         11
      26.681 |                                         17
      27.165 |                                         16
      27.659 |                                         25
      28.162 |                                         15
      28.673 |                                         11
      29.194 |                                         16
      29.725 |                                         16
      30.265 |                                         21
      30.815 |                                         14
      31.375 |                                         10
      31.945 |                                         10
      32.525 |                                         13
      33.116 |                                         15
      33.718 |                                         12
      34.330 |                                         5
      34.954 |                                         6
      35.589 |                                         6
      36.236 |                                         8
      36.894 |                                         8
      37.565 |                                         12
      38.247 |                                         20
      38.942 |                                         21
      39.650 |                                         21
      40.370 |                                         44
      41.104 |                                         27
      41.851 |                                         46
      42.611 |                                         37
      43.385 |                                         36
      44.173 |                                         44
      44.976 |                                         46
      45.793 |                                         63
      46.625 |                                         37
      47.472 |                                         39
      48.335 |                                         53
      49.213 |                                         32
      50.107 |                                         32
      51.018 |                                         31
      51.945 |                                         20
      52.889 |                                         13
      53.850 |                                         3
      54.828 |                                         3
      57.871 |                                         1
      64.474 |                                         1
      66.838 |                                         2
      68.053 |                                         1
      69.289 |                                         1
      75.817 |                                         2
      86.002 |                                         1
      87.564 |                                         2
      90.775 |                                         2
      92.424 |                                         1
      94.104 |                                         2
      95.814 |                                         1
      97.555 |                                         2
      99.327 |                                         4
     101.132 |                                         4
     102.969 |                                         7
     104.840 |                                         6
     106.745 |                                         8
     108.685 |                                         12
     110.659 |                                         16
     112.670 |                                         14
     114.717 |                                         19
     116.802 |                                         14
     118.924 |                                         18
     121.085 |                                         22
     123.285 |                                         26
     125.525 |                                         29
     127.805 |                                         28
     130.128 |                                         39
     132.492 |                                         29
     134.899 |                                         49
     137.350 |                                         113
     139.846 |                                         51
     142.387 |                                         44
     144.974 |                                         58
     147.608 |                                         44
     150.290 |                                         63
     153.021 |                                         87
     155.801 |                                         58
     158.632 |                                         72
     161.514 |                                         84
     164.449 |                                         73
     167.437 |                                         74
     170.479 |                                         76
     173.577 |                                         85
     176.731 |                                         76
     179.942 |                                         84
     183.211 |                                         94
     186.540 |                                         109
     189.929 |                                         104
     193.380 |                                         91
     196.894 |                                         101
     200.472 |                                         121
     204.114 |                                         113
     207.823 |                                         118
     211.599 |                                         136
     215.443 |                                         149
     219.358 |                                         150
     223.344 |                                         170
     227.402 |                                         148
     231.534 |                                         174
     235.740 |                                         195
     240.024 |                                         203
     244.385 |                                         199
     248.825 |                                         219
     253.346 |                                         256
     257.950 |                                         238
     262.636 |                                         252
     267.408 |                                         253
     272.267 |                                         261
     277.214 |                                         280
     282.251 |                                         296
     287.379 |                                         328
     292.601 |                                         306
     297.917 |                                         363
     303.330 |                                         360
     308.842 |                                         446
     314.453 |                                         490
     320.167 |*                                        646
     325.984 |**                                       2079
     331.907 |****                                     3710
     337.938 |***                                      2639
     344.078 |*********                                8816
     350.330 |****************                         16447
     356.695 |*********************                    21279
     363.176 |**********************                   22230
     369.775 |*****************************            28839
     376.494 |**********************************       34161
     383.334 |**************************************** 40376
     390.299 |***************************************  39722
     397.391 |************************                 24472
     404.611 |************************************     36716
     411.963 |*******************************          31601
     419.448 |********************                     20034
     427.069 |*******************                      18854
     434.829 |**************                           14082
     442.730 |**********************                   21721
     450.774 |**************************               26611
     458.964 |*************                            13364
     467.304 |**************************               26476
     475.794 |***************************              27209
     484.439 |***********************                  23596
     493.242 |****************                         16033
     502.204 |***************                          14868
     511.328 |*****************                        17019
     520.619 |*********                                9552
     530.078 |***********                              11353
     539.710 |***********                              11004
     549.516 |*************                            13014
     559.501 |*********                                9524
     569.667 |*******                                  6812
     580.017 |*************                            13299
     590.556 |***********                              11513
     601.286 |*******                                  6792
     612.211 |******                                   6543
     623.335 |**********                               10089
     634.661 |********                                 8017
     646.192 |**********                               10499
     657.933 |************                             11911
     669.888 |*****                                    4951
     682.059 |**********                               9856
     694.452 |******                                   6086
     707.070 |****                                     4226
     719.917 |******                                   6469
     732.998 |*****                                    5514
     746.316 |********                                 8150
     759.876 |******                                   6240
     773.683 |********                                 7712
     787.741 |****                                     4050
     802.053 |****                                     3790
     816.626 |*******                                  7021
     831.464 |*****                                    5469
     846.572 |******                                   5857
     861.954 |******                                   6256
     877.615 |*****                                    4991
     893.561 |*****                                    5214
     909.797 |******                                   6517
     926.327 |****                                     3869
     943.158 |*****                                    5045
     960.295 |****                                     3756
     977.743 |*****                                    5216
     995.508 |****                                     4043
    1013.597 |**                                       2321
    1032.013 |***                                      2989
    1050.764 |**                                       2090
    1069.856 |***                                      2676
    1089.295 |***                                      2619
    1109.087 |*                                        1410
    1129.239 |*                                        1308
    1149.757 |**                                       2016
    1170.648 |**                                       2032
    1191.918 |*                                        1094
    1213.575 |**                                       2162
    1235.625 |**                                       1994
    1258.076 |**                                       1666
    1280.934 |*                                        1012
    1304.208 |**                                       1592
    1327.905 |**                                       1789
    1352.033 |*                                        1093
    1376.599 |*                                        983
    1401.611 |*                                        1056
    1427.078 |*                                        1473
    1453.007 |*                                        1060
    1479.408 |*                                        1025
    1506.288 |*                                        668
    1533.657 |*                                        689
    1561.523 |*                                        969
    1589.895 |*                                        510
    1618.783 |*                                        918
    1648.196 |                                         384
    1678.143 |*                                        538
    1708.634 |*                                        574
    1739.679 |*                                        652
    1771.289 |                                         362
    1803.472 |*                                        551
    1836.241 |*                                        736
    1869.605 |*                                        824
    1903.575 |*                                        727
    1938.162 |*                                        661
    1973.377 |                                         454
    2009.233 |                                         220
    2045.740 |                                         278
    2082.910 |                                         378
    2120.756 |                                         347
    2159.289 |                                         219
    2198.523 |                                         272
    2238.469 |                                         437
    2279.141 |                                         204
    2320.552 |                                         157
    2362.716 |                                         157
    2405.646 |                                         197
    2449.355 |                                         184
    2493.859 |                                         118
    2539.172 |                                         101
    2585.308 |                                         99
    2632.282 |                                         70
    2680.109 |                                         147
    2728.806 |                                         79
    2778.387 |                                         75
    2828.869 |                                         61
    2880.269 |                                         45
    2932.602 |                                         50
    2985.887 |                                         37
    3040.139 |                                         37
    3095.377 |                                         31
    3151.619 |                                         36
    3208.883 |                                         14
    3267.187 |                                         45
    3326.551 |                                         17
    3386.993 |                                         9
    3448.533 |                                         13
    3511.192 |                                         9
    3574.989 |                                         10
    3639.945 |                                         12
    3706.081 |                                         6
    3773.420 |                                         5
    3841.981 |                                         13
    3911.789 |                                         11
    3982.864 |                                         14
    4055.231 |                                         6
    4128.913 |                                         5
    4203.934 |                                         4
    4358.090 |                                         1
    4437.275 |                                         4
    4517.898 |                                         3
    4599.987 |                                         7
    4683.567 |                                         11
    4768.666 |                                         8
    4855.311 |                                         7
 
SQL statistics:
    queries performed:
        read:                            0
        write:                           872377
        other:                           19771
        total:                           892148
    transactions:                        892148 (3694.91 per sec.)
    queries:                             892148 (3694.91 per sec.)
    ignored errors:                      0      (0.00 per sec.)
    reconnects:                          0      (0.00 per sec.)

Throughput:
    events/s (eps):                      3694.9143
    time elapsed:                        241.4533s
    total number of events:              892148

Latency (ms):
         min:                                    6.09
         avg:                                  552.64
         max:                                 4879.23
         95th percentile:                     1050.76
         sum:                            493030152.28

Threads fairness:
    events (avg/stddev):           435.6162/44.00
    execution time (avg/stddev):   240.7374/0.45

