sysbench 1.1.0-3ceba0b (using bundled LuaJIT 2.1.0-beta3)

Running the test with following options:
Number of threads: 512
Warmup time: 60s
Report intermediate results every 1 second(s)
Initializing random number generator from current time


Initializing worker threads...

Threads started!

Warming up for 60 seconds...

[ 1s ] thds: 512 tps: 2164.71 qps: 2164.71 (r/w/o: 0.00/2117.85/46.87) lat (ms,95%): 530.08 err/s: 0.00 reconn/s: 0.00
[ 2s ] thds: 512 tps: 1532.45 qps: 1532.45 (r/w/o: 0.00/1502.44/30.01) lat (ms,95%): 539.71 err/s: 0.00 reconn/s: 0.00
[ 3s ] thds: 512 tps: 1489.61 qps: 1489.61 (r/w/o: 0.00/1451.62/37.99) lat (ms,95%): 539.71 err/s: 0.00 reconn/s: 0.00
[ 4s ] thds: 512 tps: 1477.97 qps: 1477.97 (r/w/o: 0.00/1448.97/29.00) lat (ms,95%): 682.06 err/s: 0.00 reconn/s: 0.00
[ 5s ] thds: 512 tps: 1556.54 qps: 1556.54 (r/w/o: 0.00/1516.52/40.01) lat (ms,95%): 419.45 err/s: 0.00 reconn/s: 0.00
[ 6s ] thds: 512 tps: 1572.42 qps: 1572.42 (r/w/o: 0.00/1536.43/35.99) lat (ms,95%): 404.61 err/s: 0.00 reconn/s: 0.00
[ 7s ] thds: 512 tps: 1371.48 qps: 1371.48 (r/w/o: 0.00/1344.47/27.01) lat (ms,95%): 590.56 err/s: 0.00 reconn/s: 0.00
[ 8s ] thds: 512 tps: 1409.41 qps: 1409.41 (r/w/o: 0.00/1376.43/32.99) lat (ms,95%): 926.33 err/s: 0.00 reconn/s: 0.00
[ 9s ] thds: 512 tps: 1419.75 qps: 1419.75 (r/w/o: 0.00/1395.75/24.00) lat (ms,95%): 909.80 err/s: 0.00 reconn/s: 0.00
[ 10s ] thds: 512 tps: 1481.05 qps: 1481.05 (r/w/o: 0.00/1443.02/38.03) lat (ms,95%): 877.61 err/s: 0.00 reconn/s: 0.00
[ 11s ] thds: 512 tps: 1461.49 qps: 1461.49 (r/w/o: 0.00/1436.50/24.99) lat (ms,95%): 816.63 err/s: 0.00 reconn/s: 0.00
[ 12s ] thds: 512 tps: 1565.13 qps: 1565.13 (r/w/o: 0.00/1530.13/35.00) lat (ms,95%): 816.63 err/s: 0.00 reconn/s: 0.00
[ 13s ] thds: 512 tps: 1527.80 qps: 1527.80 (r/w/o: 0.00/1496.81/31.00) lat (ms,95%): 831.46 err/s: 0.00 reconn/s: 0.00
[ 14s ] thds: 512 tps: 1513.31 qps: 1513.31 (r/w/o: 0.00/1471.30/42.01) lat (ms,95%): 802.05 err/s: 0.00 reconn/s: 0.00
[ 15s ] thds: 512 tps: 2332.84 qps: 2332.84 (r/w/o: 0.00/2284.84/48.00) lat (ms,95%): 450.77 err/s: 0.00 reconn/s: 0.00
[ 16s ] thds: 512 tps: 4772.64 qps: 4772.64 (r/w/o: 0.00/4667.62/105.01) lat (ms,95%): 411.96 err/s: 0.00 reconn/s: 0.00
[ 17s ] thds: 512 tps: 4893.50 qps: 4893.50 (r/w/o: 0.00/4782.51/110.99) lat (ms,95%): 411.96 err/s: 0.00 reconn/s: 0.00
[ 18s ] thds: 512 tps: 1363.89 qps: 1363.89 (r/w/o: 0.00/1331.89/32.00) lat (ms,95%): 539.71 err/s: 0.00 reconn/s: 0.00
[ 19s ] thds: 512 tps: 1469.16 qps: 1469.16 (r/w/o: 0.00/1444.15/25.00) lat (ms,95%): 612.21 err/s: 0.00 reconn/s: 0.00
[ 20s ] thds: 512 tps: 1503.80 qps: 1503.80 (r/w/o: 0.00/1478.81/25.00) lat (ms,95%): 623.33 err/s: 0.00 reconn/s: 0.00
[ 21s ] thds: 512 tps: 1528.81 qps: 1528.81 (r/w/o: 0.00/1497.81/31.00) lat (ms,95%): 612.21 err/s: 0.00 reconn/s: 0.00
[ 22s ] thds: 512 tps: 1551.30 qps: 1551.30 (r/w/o: 0.00/1513.30/38.01) lat (ms,95%): 549.52 err/s: 0.00 reconn/s: 0.00
[ 23s ] thds: 512 tps: 1497.79 qps: 1497.79 (r/w/o: 0.00/1465.80/32.00) lat (ms,95%): 511.33 err/s: 0.00 reconn/s: 0.00
[ 24s ] thds: 512 tps: 1452.37 qps: 1452.37 (r/w/o: 0.00/1424.36/28.01) lat (ms,95%): 926.33 err/s: 0.00 reconn/s: 0.00
[ 25s ] thds: 512 tps: 2251.54 qps: 2251.54 (r/w/o: 0.00/2202.57/48.97) lat (ms,95%): 733.00 err/s: 0.00 reconn/s: 0.00
[ 26s ] thds: 512 tps: 1912.45 qps: 1912.45 (r/w/o: 0.00/1884.43/28.02) lat (ms,95%): 733.00 err/s: 0.00 reconn/s: 0.00
[ 27s ] thds: 512 tps: 1512.51 qps: 1512.51 (r/w/o: 0.00/1483.52/28.99) lat (ms,95%): 733.00 err/s: 0.00 reconn/s: 0.00
[ 28s ] thds: 512 tps: 1494.41 qps: 1494.41 (r/w/o: 0.00/1461.41/33.01) lat (ms,95%): 657.93 err/s: 0.00 reconn/s: 0.00
[ 29s ] thds: 512 tps: 1512.03 qps: 1512.03 (r/w/o: 0.00/1475.03/37.00) lat (ms,95%): 1069.86 err/s: 0.00 reconn/s: 0.00
[ 30s ] thds: 512 tps: 1474.77 qps: 1474.77 (r/w/o: 0.00/1435.78/38.99) lat (ms,95%): 746.32 err/s: 0.00 reconn/s: 0.00
[ 31s ] thds: 512 tps: 1493.74 qps: 1493.74 (r/w/o: 0.00/1456.75/36.99) lat (ms,95%): 816.63 err/s: 0.00 reconn/s: 0.00
[ 32s ] thds: 512 tps: 1468.07 qps: 1468.07 (r/w/o: 0.00/1442.07/26.00) lat (ms,95%): 816.63 err/s: 0.00 reconn/s: 0.00
[ 33s ] thds: 512 tps: 1662.21 qps: 1662.21 (r/w/o: 0.00/1630.20/32.00) lat (ms,95%): 657.93 err/s: 0.00 reconn/s: 0.00
[ 34s ] thds: 512 tps: 1501.16 qps: 1501.16 (r/w/o: 0.00/1480.16/21.00) lat (ms,95%): 634.66 err/s: 0.00 reconn/s: 0.00
[ 35s ] thds: 512 tps: 1465.43 qps: 1465.43 (r/w/o: 0.00/1424.45/40.98) lat (ms,95%): 669.89 err/s: 0.00 reconn/s: 0.00
[ 36s ] thds: 512 tps: 1480.23 qps: 1480.23 (r/w/o: 0.00/1450.23/30.00) lat (ms,95%): 646.19 err/s: 0.00 reconn/s: 0.00
[ 37s ] thds: 512 tps: 1520.70 qps: 1520.70 (r/w/o: 0.00/1499.70/21.00) lat (ms,95%): 646.19 err/s: 0.00 reconn/s: 0.00
[ 38s ] thds: 512 tps: 1534.64 qps: 1534.64 (r/w/o: 0.00/1509.63/25.01) lat (ms,95%): 634.66 err/s: 0.00 reconn/s: 0.00
[ 39s ] thds: 512 tps: 1490.21 qps: 1490.21 (r/w/o: 0.00/1457.22/32.98) lat (ms,95%): 909.80 err/s: 0.00 reconn/s: 0.00
[ 40s ] thds: 512 tps: 1439.56 qps: 1439.56 (r/w/o: 0.00/1404.55/35.01) lat (ms,95%): 909.80 err/s: 0.00 reconn/s: 0.00
[ 41s ] thds: 512 tps: 1493.04 qps: 1493.04 (r/w/o: 0.00/1453.04/40.00) lat (ms,95%): 909.80 err/s: 0.00 reconn/s: 0.00
[ 42s ] thds: 512 tps: 1711.19 qps: 1711.19 (r/w/o: 0.00/1686.18/25.00) lat (ms,95%): 580.02 err/s: 0.00 reconn/s: 0.00
[ 43s ] thds: 512 tps: 1499.38 qps: 1499.38 (r/w/o: 0.00/1466.40/32.99) lat (ms,95%): 580.02 err/s: 0.00 reconn/s: 0.00
[ 44s ] thds: 512 tps: 1367.21 qps: 1367.21 (r/w/o: 0.00/1336.20/31.00) lat (ms,95%): 802.05 err/s: 0.00 reconn/s: 0.00
[ 45s ] thds: 512 tps: 1377.98 qps: 1377.98 (r/w/o: 0.00/1350.98/27.00) lat (ms,95%): 802.05 err/s: 0.00 reconn/s: 0.00
[ 46s ] thds: 512 tps: 1466.27 qps: 1466.27 (r/w/o: 0.00/1425.26/41.01) lat (ms,95%): 802.05 err/s: 0.00 reconn/s: 0.00
[ 47s ] thds: 512 tps: 1614.98 qps: 1614.98 (r/w/o: 0.00/1576.98/38.00) lat (ms,95%): 549.52 err/s: 0.00 reconn/s: 0.00
[ 48s ] thds: 512 tps: 1485.40 qps: 1485.40 (r/w/o: 0.00/1453.41/31.99) lat (ms,95%): 559.50 err/s: 0.00 reconn/s: 0.00
[ 49s ] thds: 512 tps: 1436.74 qps: 1436.74 (r/w/o: 0.00/1412.73/24.01) lat (ms,95%): 601.29 err/s: 0.00 reconn/s: 0.00
[ 50s ] thds: 512 tps: 1491.89 qps: 1491.89 (r/w/o: 0.00/1452.89/39.00) lat (ms,95%): 601.29 err/s: 0.00 reconn/s: 0.00
[ 51s ] thds: 512 tps: 1569.54 qps: 1569.54 (r/w/o: 0.00/1528.55/40.99) lat (ms,95%): 601.29 err/s: 0.00 reconn/s: 0.00
[ 52s ] thds: 512 tps: 1566.99 qps: 1566.99 (r/w/o: 0.00/1537.99/29.00) lat (ms,95%): 427.07 err/s: 0.00 reconn/s: 0.00
[ 53s ] thds: 512 tps: 1501.07 qps: 1501.07 (r/w/o: 0.00/1463.07/38.00) lat (ms,95%): 493.24 err/s: 0.00 reconn/s: 0.00
[ 54s ] thds: 512 tps: 1488.91 qps: 1488.91 (r/w/o: 0.00/1451.91/37.00) lat (ms,95%): 493.24 err/s: 0.00 reconn/s: 0.00
[ 55s ] thds: 512 tps: 1482.15 qps: 1482.15 (r/w/o: 0.00/1447.15/35.00) lat (ms,95%): 484.44 err/s: 0.00 reconn/s: 0.00
[ 56s ] thds: 512 tps: 1513.90 qps: 1513.90 (r/w/o: 0.00/1484.90/29.00) lat (ms,95%): 559.50 err/s: 0.00 reconn/s: 0.00
[ 57s ] thds: 512 tps: 1518.24 qps: 1518.24 (r/w/o: 0.00/1488.23/30.00) lat (ms,95%): 634.66 err/s: 0.00 reconn/s: 0.00
[ 58s ] thds: 512 tps: 1485.86 qps: 1485.86 (r/w/o: 0.00/1457.86/28.00) lat (ms,95%): 646.19 err/s: 0.00 reconn/s: 0.00
[ 59s ] thds: 512 tps: 1521.11 qps: 1521.11 (r/w/o: 0.00/1498.11/23.00) lat (ms,95%): 634.66 err/s: 0.00 reconn/s: 0.00
[ 60s ] thds: 512 tps: 1588.12 qps: 1588.12 (r/w/o: 0.00/1560.12/28.00) lat (ms,95%): 580.02 err/s: 0.00 reconn/s: 0.00
[ 61s ] thds: 512 tps: 1580.04 qps: 1580.04 (r/w/o: 0.00/1542.04/38.00) lat (ms,95%): 404.61 err/s: 0.00 reconn/s: 0.00
[ 62s ] thds: 512 tps: 1421.03 qps: 1421.03 (r/w/o: 0.00/1391.03/30.00) lat (ms,95%): 590.56 err/s: 0.00 reconn/s: 0.00
[ 63s ] thds: 512 tps: 1483.83 qps: 1483.83 (r/w/o: 0.00/1450.83/33.00) lat (ms,95%): 590.56 err/s: 0.00 reconn/s: 0.00
[ 64s ] thds: 512 tps: 1548.62 qps: 1548.62 (r/w/o: 0.00/1512.63/35.99) lat (ms,95%): 450.77 err/s: 0.00 reconn/s: 0.00
[ 65s ] thds: 512 tps: 1514.95 qps: 1514.95 (r/w/o: 0.00/1483.95/31.00) lat (ms,95%): 450.77 err/s: 0.00 reconn/s: 0.00
[ 66s ] thds: 512 tps: 1404.31 qps: 1404.31 (r/w/o: 0.00/1371.30/33.01) lat (ms,95%): 511.33 err/s: 0.00 reconn/s: 0.00
[ 67s ] thds: 512 tps: 3795.18 qps: 3795.18 (r/w/o: 0.00/3718.20/76.98) lat (ms,95%): 502.20 err/s: 0.00 reconn/s: 0.00
[ 68s ] thds: 512 tps: 4704.94 qps: 4704.94 (r/w/o: 0.00/4603.94/101.00) lat (ms,95%): 484.44 err/s: 0.00 reconn/s: 0.00
[ 69s ] thds: 512 tps: 2996.66 qps: 2996.66 (r/w/o: 0.00/2921.62/75.04) lat (ms,95%): 502.20 err/s: 0.00 reconn/s: 0.00
[ 70s ] thds: 512 tps: 1466.44 qps: 1466.44 (r/w/o: 0.00/1441.45/24.99) lat (ms,95%): 646.19 err/s: 0.00 reconn/s: 0.00
[ 71s ] thds: 512 tps: 1475.38 qps: 1475.38 (r/w/o: 0.00/1436.37/39.01) lat (ms,95%): 634.66 err/s: 0.00 reconn/s: 0.00
[ 72s ] thds: 512 tps: 1553.88 qps: 1553.88 (r/w/o: 0.00/1507.88/46.00) lat (ms,95%): 623.33 err/s: 0.00 reconn/s: 0.00
[ 73s ] thds: 512 tps: 2674.39 qps: 2674.39 (r/w/o: 0.00/2613.41/60.99) lat (ms,95%): 427.07 err/s: 0.00 reconn/s: 0.00
[ 74s ] thds: 512 tps: 1499.42 qps: 1499.42 (r/w/o: 0.00/1470.41/29.01) lat (ms,95%): 893.56 err/s: 0.00 reconn/s: 0.00
[ 75s ] thds: 512 tps: 1551.14 qps: 1551.14 (r/w/o: 0.00/1512.14/39.00) lat (ms,95%): 893.56 err/s: 0.00 reconn/s: 0.00
[ 76s ] thds: 512 tps: 1541.33 qps: 1541.33 (r/w/o: 0.00/1507.34/33.99) lat (ms,95%): 773.68 err/s: 0.00 reconn/s: 0.00
[ 77s ] thds: 512 tps: 1457.45 qps: 1457.45 (r/w/o: 0.00/1430.44/27.01) lat (ms,95%): 759.88 err/s: 0.00 reconn/s: 0.00
[ 78s ] thds: 512 tps: 1419.67 qps: 1419.67 (r/w/o: 0.00/1387.68/31.99) lat (ms,95%): 787.74 err/s: 0.00 reconn/s: 0.00
[ 79s ] thds: 512 tps: 1419.35 qps: 1419.35 (r/w/o: 0.00/1385.34/34.01) lat (ms,95%): 787.74 err/s: 0.00 reconn/s: 0.00
[ 80s ] thds: 512 tps: 1493.71 qps: 1493.71 (r/w/o: 0.00/1450.72/42.99) lat (ms,95%): 773.68 err/s: 0.00 reconn/s: 0.00
[ 81s ] thds: 512 tps: 1545.87 qps: 1545.87 (r/w/o: 0.00/1512.87/33.00) lat (ms,95%): 623.33 err/s: 0.00 reconn/s: 0.00
[ 82s ] thds: 512 tps: 1503.00 qps: 1503.00 (r/w/o: 0.00/1470.00/33.00) lat (ms,95%): 530.08 err/s: 0.00 reconn/s: 0.00
[ 83s ] thds: 512 tps: 1464.02 qps: 1464.02 (r/w/o: 0.00/1431.02/33.00) lat (ms,95%): 530.08 err/s: 0.00 reconn/s: 0.00
[ 84s ] thds: 512 tps: 1492.11 qps: 1492.11 (r/w/o: 0.00/1457.11/35.00) lat (ms,95%): 612.21 err/s: 0.00 reconn/s: 0.00
[ 85s ] thds: 512 tps: 1540.27 qps: 1540.27 (r/w/o: 0.00/1496.26/44.01) lat (ms,95%): 601.29 err/s: 0.00 reconn/s: 0.00
[ 86s ] thds: 512 tps: 1537.69 qps: 1537.69 (r/w/o: 0.00/1506.69/30.99) lat (ms,95%): 601.29 err/s: 0.00 reconn/s: 0.00
[ 87s ] thds: 512 tps: 1374.94 qps: 1374.94 (r/w/o: 0.00/1338.94/36.00) lat (ms,95%): 694.45 err/s: 0.00 reconn/s: 0.00
[ 88s ] thds: 512 tps: 1416.15 qps: 1416.15 (r/w/o: 0.00/1383.15/33.00) lat (ms,95%): 960.30 err/s: 0.00 reconn/s: 0.00
[ 89s ] thds: 512 tps: 1509.18 qps: 1509.18 (r/w/o: 0.00/1477.18/32.00) lat (ms,95%): 694.45 err/s: 0.00 reconn/s: 0.00
[ 90s ] thds: 512 tps: 1551.80 qps: 1551.80 (r/w/o: 0.00/1516.81/35.00) lat (ms,95%): 530.08 err/s: 0.00 reconn/s: 0.00
[ 91s ] thds: 512 tps: 1389.92 qps: 1389.92 (r/w/o: 0.00/1357.92/32.00) lat (ms,95%): 861.95 err/s: 0.00 reconn/s: 0.00
[ 92s ] thds: 512 tps: 1402.00 qps: 1402.00 (r/w/o: 0.00/1371.00/31.00) lat (ms,95%): 707.07 err/s: 0.00 reconn/s: 0.00
[ 93s ] thds: 512 tps: 1440.59 qps: 1440.59 (r/w/o: 0.00/1408.57/32.01) lat (ms,95%): 877.61 err/s: 0.00 reconn/s: 0.00
[ 94s ] thds: 512 tps: 1482.71 qps: 1482.71 (r/w/o: 0.00/1440.72/41.99) lat (ms,95%): 861.95 err/s: 0.00 reconn/s: 0.00
[ 95s ] thds: 512 tps: 1609.42 qps: 1609.42 (r/w/o: 0.00/1588.43/20.99) lat (ms,95%): 719.92 err/s: 0.00 reconn/s: 0.00
[ 96s ] thds: 512 tps: 1638.20 qps: 1638.20 (r/w/o: 0.00/1604.19/34.00) lat (ms,95%): 707.07 err/s: 0.00 reconn/s: 0.00
[ 97s ] thds: 512 tps: 1712.65 qps: 1712.65 (r/w/o: 0.00/1678.65/33.99) lat (ms,95%): 694.45 err/s: 0.00 reconn/s: 0.00
[ 98s ] thds: 512 tps: 1496.67 qps: 1496.67 (r/w/o: 0.00/1464.66/32.01) lat (ms,95%): 694.45 err/s: 0.00 reconn/s: 0.00
[ 99s ] thds: 512 tps: 1495.53 qps: 1495.53 (r/w/o: 0.00/1463.54/31.99) lat (ms,95%): 943.16 err/s: 0.00 reconn/s: 0.00
[ 100s ] thds: 512 tps: 1458.20 qps: 1458.20 (r/w/o: 0.00/1433.20/25.00) lat (ms,95%): 995.51 err/s: 0.00 reconn/s: 0.00
[ 101s ] thds: 512 tps: 1490.05 qps: 1490.05 (r/w/o: 0.00/1458.05/32.00) lat (ms,95%): 995.51 err/s: 0.00 reconn/s: 0.00
[ 102s ] thds: 512 tps: 1496.63 qps: 1496.63 (r/w/o: 0.00/1464.63/31.99) lat (ms,95%): 861.95 err/s: 0.00 reconn/s: 0.00
[ 103s ] thds: 512 tps: 1500.12 qps: 1500.12 (r/w/o: 0.00/1466.11/34.00) lat (ms,95%): 646.19 err/s: 0.00 reconn/s: 0.00
[ 104s ] thds: 512 tps: 1485.50 qps: 1485.50 (r/w/o: 0.00/1445.52/39.99) lat (ms,95%): 493.24 err/s: 0.00 reconn/s: 0.00
[ 105s ] thds: 512 tps: 1462.36 qps: 1462.36 (r/w/o: 0.00/1430.36/32.01) lat (ms,95%): 493.24 err/s: 0.00 reconn/s: 0.00
[ 106s ] thds: 512 tps: 1641.40 qps: 1641.40 (r/w/o: 0.00/1604.39/37.01) lat (ms,95%): 559.50 err/s: 0.00 reconn/s: 0.00
[ 107s ] thds: 512 tps: 1726.05 qps: 1726.05 (r/w/o: 0.00/1688.04/38.00) lat (ms,95%): 442.73 err/s: 0.00 reconn/s: 0.00
[ 108s ] thds: 512 tps: 1514.09 qps: 1514.09 (r/w/o: 0.00/1478.08/36.00) lat (ms,95%): 458.96 err/s: 0.00 reconn/s: 0.00
[ 109s ] thds: 512 tps: 1465.97 qps: 1465.97 (r/w/o: 0.00/1430.97/35.00) lat (ms,95%): 580.02 err/s: 0.00 reconn/s: 0.00
[ 110s ] thds: 512 tps: 1363.78 qps: 1363.78 (r/w/o: 0.00/1328.78/34.99) lat (ms,95%): 601.29 err/s: 0.00 reconn/s: 0.00
[ 111s ] thds: 512 tps: 1500.81 qps: 1500.81 (r/w/o: 0.00/1477.81/23.00) lat (ms,95%): 601.29 err/s: 0.00 reconn/s: 0.00
[ 112s ] thds: 512 tps: 1510.09 qps: 1510.09 (r/w/o: 0.00/1475.08/35.00) lat (ms,95%): 601.29 err/s: 0.00 reconn/s: 0.00
[ 113s ] thds: 512 tps: 1492.95 qps: 1492.95 (r/w/o: 0.00/1452.95/40.00) lat (ms,95%): 590.56 err/s: 0.00 reconn/s: 0.00
[ 114s ] thds: 512 tps: 1478.49 qps: 1478.49 (r/w/o: 0.00/1449.48/29.01) lat (ms,95%): 773.68 err/s: 0.00 reconn/s: 0.00
[ 115s ] thds: 512 tps: 1450.48 qps: 1450.48 (r/w/o: 0.00/1425.49/24.99) lat (ms,95%): 759.88 err/s: 0.00 reconn/s: 0.00
[ 116s ] thds: 512 tps: 1653.34 qps: 1653.34 (r/w/o: 0.00/1621.33/32.01) lat (ms,95%): 773.68 err/s: 0.00 reconn/s: 0.00
[ 117s ] thds: 512 tps: 1483.68 qps: 1483.68 (r/w/o: 0.00/1455.68/27.99) lat (ms,95%): 511.33 err/s: 0.00 reconn/s: 0.00
[ 118s ] thds: 512 tps: 1499.83 qps: 1499.83 (r/w/o: 0.00/1460.84/39.00) lat (ms,95%): 493.24 err/s: 0.00 reconn/s: 0.00
[ 119s ] thds: 512 tps: 1488.68 qps: 1488.68 (r/w/o: 0.00/1457.66/31.01) lat (ms,95%): 493.24 err/s: 0.00 reconn/s: 0.00
[ 120s ] thds: 512 tps: 1514.53 qps: 1514.53 (r/w/o: 0.00/1478.54/35.99) lat (ms,95%): 493.24 err/s: 0.00 reconn/s: 0.00
[ 121s ] thds: 512 tps: 1516.83 qps: 1516.83 (r/w/o: 0.00/1482.81/34.02) lat (ms,95%): 511.33 err/s: 0.00 reconn/s: 0.00
[ 122s ] thds: 512 tps: 1494.99 qps: 1494.99 (r/w/o: 0.00/1467.99/27.00) lat (ms,95%): 520.62 err/s: 0.00 reconn/s: 0.00
[ 123s ] thds: 512 tps: 1443.32 qps: 1443.32 (r/w/o: 0.00/1411.34/31.98) lat (ms,95%): 569.67 err/s: 0.00 reconn/s: 0.00
[ 124s ] thds: 512 tps: 1474.81 qps: 1474.81 (r/w/o: 0.00/1447.80/27.01) lat (ms,95%): 746.32 err/s: 0.00 reconn/s: 0.00
[ 125s ] thds: 512 tps: 1650.87 qps: 1650.87 (r/w/o: 0.00/1617.89/32.98) lat (ms,95%): 733.00 err/s: 0.00 reconn/s: 0.00
[ 126s ] thds: 512 tps: 1550.20 qps: 1550.20 (r/w/o: 0.00/1519.19/31.00) lat (ms,95%): 694.45 err/s: 0.00 reconn/s: 0.00
[ 127s ] thds: 512 tps: 1461.85 qps: 1461.85 (r/w/o: 0.00/1427.85/34.00) lat (ms,95%): 682.06 err/s: 0.00 reconn/s: 0.00
[ 128s ] thds: 512 tps: 1414.29 qps: 1414.29 (r/w/o: 0.00/1378.28/36.01) lat (ms,95%): 669.89 err/s: 0.00 reconn/s: 0.00
[ 129s ] thds: 512 tps: 1425.76 qps: 1425.76 (r/w/o: 0.00/1389.77/35.99) lat (ms,95%): 669.89 err/s: 0.00 reconn/s: 0.00
[ 130s ] thds: 512 tps: 1587.35 qps: 1587.35 (r/w/o: 0.00/1565.35/22.00) lat (ms,95%): 623.33 err/s: 0.00 reconn/s: 0.00
[ 131s ] thds: 512 tps: 1631.63 qps: 1631.63 (r/w/o: 0.00/1601.61/30.01) lat (ms,95%): 520.62 err/s: 0.00 reconn/s: 0.00
[ 132s ] thds: 512 tps: 1453.11 qps: 1453.11 (r/w/o: 0.00/1429.12/23.99) lat (ms,95%): 530.08 err/s: 0.00 reconn/s: 0.00
[ 133s ] thds: 512 tps: 1468.33 qps: 1468.33 (r/w/o: 0.00/1439.32/29.01) lat (ms,95%): 539.71 err/s: 0.00 reconn/s: 0.00
[ 134s ] thds: 512 tps: 1489.00 qps: 1489.00 (r/w/o: 0.00/1447.00/42.00) lat (ms,95%): 539.71 err/s: 0.00 reconn/s: 0.00
[ 135s ] thds: 512 tps: 1542.68 qps: 1542.68 (r/w/o: 0.00/1512.69/29.99) lat (ms,95%): 549.52 err/s: 0.00 reconn/s: 0.00
[ 136s ] thds: 512 tps: 1544.34 qps: 1544.34 (r/w/o: 0.00/1513.33/31.01) lat (ms,95%): 707.07 err/s: 0.00 reconn/s: 0.00
[ 137s ] thds: 512 tps: 1469.53 qps: 1469.53 (r/w/o: 0.00/1432.52/37.01) lat (ms,95%): 694.45 err/s: 0.00 reconn/s: 0.00
[ 138s ] thds: 512 tps: 1464.00 qps: 1464.00 (r/w/o: 0.00/1439.00/25.00) lat (ms,95%): 682.06 err/s: 0.00 reconn/s: 0.00
[ 139s ] thds: 512 tps: 1521.38 qps: 1521.38 (r/w/o: 0.00/1485.40/35.99) lat (ms,95%): 601.29 err/s: 0.00 reconn/s: 0.00
[ 140s ] thds: 512 tps: 1504.54 qps: 1504.54 (r/w/o: 0.00/1468.55/35.99) lat (ms,95%): 601.29 err/s: 0.00 reconn/s: 0.00
[ 141s ] thds: 512 tps: 1483.40 qps: 1483.40 (r/w/o: 0.00/1446.39/37.01) lat (ms,95%): 539.71 err/s: 0.00 reconn/s: 0.00
[ 142s ] thds: 512 tps: 1416.13 qps: 1416.13 (r/w/o: 0.00/1379.13/37.00) lat (ms,95%): 580.02 err/s: 0.00 reconn/s: 0.00
[ 143s ] thds: 512 tps: 1460.44 qps: 1460.44 (r/w/o: 0.00/1418.43/42.01) lat (ms,95%): 580.02 err/s: 0.00 reconn/s: 0.00
[ 144s ] thds: 512 tps: 1505.60 qps: 1505.60 (r/w/o: 0.00/1474.61/30.99) lat (ms,95%): 580.02 err/s: 0.00 reconn/s: 0.00
[ 145s ] thds: 512 tps: 1595.81 qps: 1595.81 (r/w/o: 0.00/1566.81/29.00) lat (ms,95%): 559.50 err/s: 0.00 reconn/s: 0.00
[ 146s ] thds: 512 tps: 1501.99 qps: 1501.99 (r/w/o: 0.00/1464.99/37.00) lat (ms,95%): 559.50 err/s: 0.00 reconn/s: 0.00
[ 147s ] thds: 512 tps: 1421.63 qps: 1421.63 (r/w/o: 0.00/1399.62/22.01) lat (ms,95%): 943.16 err/s: 0.00 reconn/s: 0.00
[ 148s ] thds: 512 tps: 1493.91 qps: 1493.91 (r/w/o: 0.00/1460.91/33.00) lat (ms,95%): 960.30 err/s: 0.00 reconn/s: 0.00
[ 149s ] thds: 512 tps: 1601.94 qps: 1601.94 (r/w/o: 0.00/1567.96/33.98) lat (ms,95%): 682.06 err/s: 0.00 reconn/s: 0.00
[ 150s ] thds: 512 tps: 1504.12 qps: 1504.12 (r/w/o: 0.00/1466.12/38.00) lat (ms,95%): 520.62 err/s: 0.00 reconn/s: 0.00
[ 151s ] thds: 512 tps: 1479.56 qps: 1479.56 (r/w/o: 0.00/1445.57/33.99) lat (ms,95%): 530.08 err/s: 0.00 reconn/s: 0.00
[ 152s ] thds: 512 tps: 1508.45 qps: 1508.45 (r/w/o: 0.00/1478.42/30.03) lat (ms,95%): 493.24 err/s: 0.00 reconn/s: 0.00
[ 153s ] thds: 512 tps: 1514.93 qps: 1514.93 (r/w/o: 0.00/1479.96/34.98) lat (ms,95%): 493.24 err/s: 0.00 reconn/s: 0.00
[ 154s ] thds: 512 tps: 1501.31 qps: 1501.31 (r/w/o: 0.00/1462.30/39.01) lat (ms,95%): 467.30 err/s: 0.00 reconn/s: 0.00
[ 155s ] thds: 512 tps: 1487.66 qps: 1487.66 (r/w/o: 0.00/1453.64/34.01) lat (ms,95%): 530.08 err/s: 0.00 reconn/s: 0.00
[ 156s ] thds: 512 tps: 1477.32 qps: 1477.32 (r/w/o: 0.00/1442.34/34.98) lat (ms,95%): 520.62 err/s: 0.00 reconn/s: 0.00
[ 157s ] thds: 512 tps: 2758.58 qps: 2758.58 (r/w/o: 0.00/2676.59/81.99) lat (ms,95%): 530.08 err/s: 0.00 reconn/s: 0.00
[ 158s ] thds: 512 tps: 1498.04 qps: 1498.04 (r/w/o: 0.00/1468.04/30.00) lat (ms,95%): 530.08 err/s: 0.00 reconn/s: 0.00
[ 159s ] thds: 512 tps: 1519.88 qps: 1519.88 (r/w/o: 0.00/1481.86/38.02) lat (ms,95%): 802.05 err/s: 0.00 reconn/s: 0.00
[ 160s ] thds: 512 tps: 1475.18 qps: 1475.18 (r/w/o: 0.00/1445.19/29.98) lat (ms,95%): 549.52 err/s: 0.00 reconn/s: 0.00
[ 161s ] thds: 512 tps: 1505.66 qps: 1505.66 (r/w/o: 0.00/1477.66/27.99) lat (ms,95%): 682.06 err/s: 0.00 reconn/s: 0.00
[ 162s ] thds: 512 tps: 1494.09 qps: 1494.09 (r/w/o: 0.00/1458.09/36.00) lat (ms,95%): 559.50 err/s: 0.00 reconn/s: 0.00
[ 163s ] thds: 512 tps: 1487.26 qps: 1487.26 (r/w/o: 0.00/1465.26/22.00) lat (ms,95%): 549.52 err/s: 0.00 reconn/s: 0.00
[ 164s ] thds: 512 tps: 1507.16 qps: 1507.16 (r/w/o: 0.00/1469.16/38.00) lat (ms,95%): 559.50 err/s: 0.00 reconn/s: 0.00
[ 165s ] thds: 512 tps: 1572.53 qps: 1572.53 (r/w/o: 0.00/1545.54/26.99) lat (ms,95%): 559.50 err/s: 0.00 reconn/s: 0.00
[ 166s ] thds: 512 tps: 1643.94 qps: 1643.94 (r/w/o: 0.00/1601.94/42.00) lat (ms,95%): 539.71 err/s: 0.00 reconn/s: 0.00
[ 167s ] thds: 512 tps: 1489.03 qps: 1489.03 (r/w/o: 0.00/1462.02/27.02) lat (ms,95%): 549.52 err/s: 0.00 reconn/s: 0.00
[ 168s ] thds: 512 tps: 1399.95 qps: 1399.95 (r/w/o: 0.00/1365.95/34.00) lat (ms,95%): 733.00 err/s: 0.00 reconn/s: 0.00
[ 169s ] thds: 512 tps: 1503.47 qps: 1503.47 (r/w/o: 0.00/1476.48/26.99) lat (ms,95%): 733.00 err/s: 0.00 reconn/s: 0.00
[ 170s ] thds: 512 tps: 1548.58 qps: 1548.58 (r/w/o: 0.00/1515.56/33.01) lat (ms,95%): 719.92 err/s: 0.00 reconn/s: 0.00
[ 171s ] thds: 512 tps: 1534.17 qps: 1534.17 (r/w/o: 0.00/1496.19/37.98) lat (ms,95%): 719.92 err/s: 0.00 reconn/s: 0.00
[ 172s ] thds: 512 tps: 1399.86 qps: 1399.86 (r/w/o: 0.00/1367.86/32.00) lat (ms,95%): 612.21 err/s: 0.00 reconn/s: 0.00
[ 173s ] thds: 512 tps: 1401.93 qps: 1401.93 (r/w/o: 0.00/1369.90/32.02) lat (ms,95%): 590.56 err/s: 0.00 reconn/s: 0.00
[ 174s ] thds: 512 tps: 1431.14 qps: 1431.14 (r/w/o: 0.00/1400.16/30.98) lat (ms,95%): 580.02 err/s: 0.00 reconn/s: 0.00
[ 175s ] thds: 512 tps: 1650.11 qps: 1650.11 (r/w/o: 0.00/1607.11/43.00) lat (ms,95%): 580.02 err/s: 0.00 reconn/s: 0.00
[ 176s ] thds: 512 tps: 3580.27 qps: 3580.27 (r/w/o: 0.00/3508.28/71.99) lat (ms,95%): 511.33 err/s: 0.00 reconn/s: 0.00
[ 177s ] thds: 512 tps: 1569.19 qps: 1569.19 (r/w/o: 0.00/1535.19/34.00) lat (ms,95%): 733.00 err/s: 0.00 reconn/s: 0.00
[ 178s ] thds: 512 tps: 1547.90 qps: 1547.90 (r/w/o: 0.00/1511.88/36.02) lat (ms,95%): 733.00 err/s: 0.00 reconn/s: 0.00
[ 179s ] thds: 512 tps: 1535.10 qps: 1535.10 (r/w/o: 0.00/1504.12/30.98) lat (ms,95%): 733.00 err/s: 0.00 reconn/s: 0.00
[ 180s ] thds: 512 tps: 1602.45 qps: 1602.45 (r/w/o: 0.00/1577.44/25.01) lat (ms,95%): 569.67 err/s: 0.00 reconn/s: 0.00
[ 181s ] thds: 512 tps: 1612.99 qps: 1612.99 (r/w/o: 0.00/1582.01/30.98) lat (ms,95%): 450.77 err/s: 0.00 reconn/s: 0.00
[ 182s ] thds: 512 tps: 1458.37 qps: 1458.37 (r/w/o: 0.00/1430.34/28.03) lat (ms,95%): 569.67 err/s: 0.00 reconn/s: 0.00
[ 183s ] thds: 512 tps: 1446.20 qps: 1446.20 (r/w/o: 0.00/1417.20/29.00) lat (ms,95%): 846.57 err/s: 0.00 reconn/s: 0.00
[ 184s ] thds: 512 tps: 1503.86 qps: 1503.86 (r/w/o: 0.00/1470.86/33.00) lat (ms,95%): 846.57 err/s: 0.00 reconn/s: 0.00
[ 185s ] thds: 512 tps: 1541.92 qps: 1541.92 (r/w/o: 0.00/1510.92/31.00) lat (ms,95%): 846.57 err/s: 0.00 reconn/s: 0.00
[ 186s ] thds: 512 tps: 1426.83 qps: 1426.83 (r/w/o: 0.00/1391.84/35.00) lat (ms,95%): 877.61 err/s: 0.00 reconn/s: 0.00
[ 187s ] thds: 512 tps: 1427.24 qps: 1427.24 (r/w/o: 0.00/1401.25/25.99) lat (ms,95%): 893.56 err/s: 0.00 reconn/s: 0.00
[ 188s ] thds: 512 tps: 1453.98 qps: 1453.98 (r/w/o: 0.00/1418.96/35.02) lat (ms,95%): 877.61 err/s: 0.00 reconn/s: 0.00
[ 189s ] thds: 512 tps: 1499.99 qps: 1499.99 (r/w/o: 0.00/1472.99/27.00) lat (ms,95%): 877.61 err/s: 0.00 reconn/s: 0.00
[ 190s ] thds: 512 tps: 1500.03 qps: 1500.03 (r/w/o: 0.00/1467.05/32.98) lat (ms,95%): 816.63 err/s: 0.00 reconn/s: 0.00
[ 191s ] thds: 512 tps: 1598.04 qps: 1598.04 (r/w/o: 0.00/1568.04/30.00) lat (ms,95%): 623.33 err/s: 0.00 reconn/s: 0.00
[ 192s ] thds: 512 tps: 1564.81 qps: 1564.81 (r/w/o: 0.00/1529.79/35.02) lat (ms,95%): 877.61 err/s: 0.00 reconn/s: 0.00
[ 193s ] thds: 512 tps: 1519.20 qps: 1519.20 (r/w/o: 0.00/1493.19/26.00) lat (ms,95%): 787.74 err/s: 0.00 reconn/s: 0.00
[ 194s ] thds: 512 tps: 1592.80 qps: 1592.80 (r/w/o: 0.00/1550.83/41.97) lat (ms,95%): 434.83 err/s: 0.00 reconn/s: 0.00
[ 195s ] thds: 512 tps: 1583.30 qps: 1583.30 (r/w/o: 0.00/1550.27/33.03) lat (ms,95%): 434.83 err/s: 0.00 reconn/s: 0.00
[ 196s ] thds: 512 tps: 1401.61 qps: 1401.61 (r/w/o: 0.00/1365.62/35.99) lat (ms,95%): 634.66 err/s: 0.00 reconn/s: 0.00
[ 197s ] thds: 512 tps: 1385.38 qps: 1385.38 (r/w/o: 0.00/1353.39/31.99) lat (ms,95%): 746.32 err/s: 0.00 reconn/s: 0.00
[ 198s ] thds: 512 tps: 1502.99 qps: 1502.99 (r/w/o: 0.00/1475.97/27.02) lat (ms,95%): 733.00 err/s: 0.00 reconn/s: 0.00
[ 199s ] thds: 512 tps: 1584.93 qps: 1584.93 (r/w/o: 0.00/1550.93/34.00) lat (ms,95%): 580.02 err/s: 0.00 reconn/s: 0.00
[ 200s ] thds: 512 tps: 1460.07 qps: 1460.07 (r/w/o: 0.00/1433.08/26.98) lat (ms,95%): 733.00 err/s: 0.00 reconn/s: 0.00
[ 201s ] thds: 512 tps: 1490.94 qps: 1490.94 (r/w/o: 0.00/1463.95/27.00) lat (ms,95%): 707.07 err/s: 0.00 reconn/s: 0.00
[ 202s ] thds: 512 tps: 1477.95 qps: 1477.95 (r/w/o: 0.00/1451.93/26.02) lat (ms,95%): 707.07 err/s: 0.00 reconn/s: 0.00
[ 203s ] thds: 512 tps: 1528.18 qps: 1528.18 (r/w/o: 0.00/1506.18/22.00) lat (ms,95%): 707.07 err/s: 0.00 reconn/s: 0.00
[ 204s ] thds: 512 tps: 1446.96 qps: 1446.96 (r/w/o: 0.00/1418.96/28.00) lat (ms,95%): 458.96 err/s: 0.00 reconn/s: 0.00
[ 205s ] thds: 512 tps: 1523.08 qps: 1523.08 (r/w/o: 0.00/1486.08/37.00) lat (ms,95%): 733.00 err/s: 0.00 reconn/s: 0.00
[ 206s ] thds: 512 tps: 1495.77 qps: 1495.77 (r/w/o: 0.00/1463.79/31.97) lat (ms,95%): 746.32 err/s: 0.00 reconn/s: 0.00
[ 207s ] thds: 512 tps: 1566.34 qps: 1566.34 (r/w/o: 0.00/1525.31/41.04) lat (ms,95%): 746.32 err/s: 0.00 reconn/s: 0.00
[ 208s ] thds: 512 tps: 1478.84 qps: 1478.84 (r/w/o: 0.00/1449.84/29.00) lat (ms,95%): 502.20 err/s: 0.00 reconn/s: 0.00
[ 209s ] thds: 512 tps: 1495.97 qps: 1495.97 (r/w/o: 0.00/1453.97/42.00) lat (ms,95%): 669.89 err/s: 0.00 reconn/s: 0.00
[ 210s ] thds: 512 tps: 1448.86 qps: 1448.86 (r/w/o: 0.00/1424.86/24.00) lat (ms,95%): 657.93 err/s: 0.00 reconn/s: 0.00
[ 211s ] thds: 512 tps: 1470.05 qps: 1470.05 (r/w/o: 0.00/1429.05/41.00) lat (ms,95%): 657.93 err/s: 0.00 reconn/s: 0.00
[ 212s ] thds: 512 tps: 1646.87 qps: 1646.87 (r/w/o: 0.00/1602.87/44.00) lat (ms,95%): 549.52 err/s: 0.00 reconn/s: 0.00
[ 213s ] thds: 512 tps: 1510.26 qps: 1510.26 (r/w/o: 0.00/1481.26/29.00) lat (ms,95%): 569.67 err/s: 0.00 reconn/s: 0.00
[ 214s ] thds: 512 tps: 1389.03 qps: 1389.03 (r/w/o: 0.00/1362.05/26.98) lat (ms,95%): 559.50 err/s: 0.00 reconn/s: 0.00
[ 215s ] thds: 512 tps: 1431.09 qps: 1431.09 (r/w/o: 0.00/1403.08/28.00) lat (ms,95%): 746.32 err/s: 0.00 reconn/s: 0.00
[ 216s ] thds: 512 tps: 1508.07 qps: 1508.07 (r/w/o: 0.00/1466.04/42.03) lat (ms,95%): 733.00 err/s: 0.00 reconn/s: 0.00
[ 217s ] thds: 512 tps: 1536.91 qps: 1536.91 (r/w/o: 0.00/1509.92/27.00) lat (ms,95%): 733.00 err/s: 0.00 reconn/s: 0.00
[ 218s ] thds: 512 tps: 1495.99 qps: 1495.99 (r/w/o: 0.00/1460.01/35.98) lat (ms,95%): 475.79 err/s: 0.00 reconn/s: 0.00
[ 219s ] thds: 512 tps: 1501.91 qps: 1501.91 (r/w/o: 0.00/1476.90/25.02) lat (ms,95%): 450.77 err/s: 0.00 reconn/s: 0.00
[ 220s ] thds: 512 tps: 1489.14 qps: 1489.14 (r/w/o: 0.00/1460.13/29.00) lat (ms,95%): 450.77 err/s: 0.00 reconn/s: 0.00
[ 221s ] thds: 512 tps: 1545.93 qps: 1545.93 (r/w/o: 0.00/1512.93/33.00) lat (ms,95%): 475.79 err/s: 0.00 reconn/s: 0.00
[ 222s ] thds: 512 tps: 1652.82 qps: 1652.82 (r/w/o: 0.00/1620.82/32.00) lat (ms,95%): 484.44 err/s: 0.00 reconn/s: 0.00
[ 223s ] thds: 512 tps: 1578.11 qps: 1578.11 (r/w/o: 0.00/1540.11/38.00) lat (ms,95%): 475.79 err/s: 0.00 reconn/s: 0.00
[ 224s ] thds: 512 tps: 1444.01 qps: 1444.01 (r/w/o: 0.00/1420.02/23.98) lat (ms,95%): 475.79 err/s: 0.00 reconn/s: 0.00
[ 225s ] thds: 512 tps: 1499.05 qps: 1499.05 (r/w/o: 0.00/1461.03/38.03) lat (ms,95%): 475.79 err/s: 0.00 reconn/s: 0.00
[ 226s ] thds: 512 tps: 1518.28 qps: 1518.28 (r/w/o: 0.00/1490.29/27.99) lat (ms,95%): 467.30 err/s: 0.00 reconn/s: 0.00
[ 227s ] thds: 512 tps: 1466.68 qps: 1466.68 (r/w/o: 0.00/1426.66/40.02) lat (ms,95%): 530.08 err/s: 0.00 reconn/s: 0.00
[ 228s ] thds: 512 tps: 1542.88 qps: 1542.88 (r/w/o: 0.00/1500.88/42.00) lat (ms,95%): 539.71 err/s: 0.00 reconn/s: 0.00
[ 229s ] thds: 512 tps: 1533.18 qps: 1533.18 (r/w/o: 0.00/1502.17/31.00) lat (ms,95%): 549.52 err/s: 0.00 reconn/s: 0.00
[ 230s ] thds: 512 tps: 1493.01 qps: 1493.01 (r/w/o: 0.00/1470.01/23.00) lat (ms,95%): 549.52 err/s: 0.00 reconn/s: 0.00
[ 231s ] thds: 512 tps: 1473.83 qps: 1473.83 (r/w/o: 0.00/1434.83/39.00) lat (ms,95%): 569.67 err/s: 0.00 reconn/s: 0.00
[ 232s ] thds: 512 tps: 1518.93 qps: 1518.93 (r/w/o: 0.00/1483.96/34.98) lat (ms,95%): 502.20 err/s: 0.00 reconn/s: 0.00
[ 233s ] thds: 512 tps: 1466.26 qps: 1466.26 (r/w/o: 0.00/1436.24/30.03) lat (ms,95%): 590.56 err/s: 0.00 reconn/s: 0.00
[ 234s ] thds: 512 tps: 1447.98 qps: 1447.98 (r/w/o: 0.00/1423.98/24.00) lat (ms,95%): 580.02 err/s: 0.00 reconn/s: 0.00
[ 235s ] thds: 512 tps: 1504.15 qps: 1504.15 (r/w/o: 0.00/1469.14/35.00) lat (ms,95%): 580.02 err/s: 0.00 reconn/s: 0.00
[ 236s ] thds: 512 tps: 1499.70 qps: 1499.70 (r/w/o: 0.00/1463.71/35.99) lat (ms,95%): 569.67 err/s: 0.00 reconn/s: 0.00
[ 237s ] thds: 512 tps: 1495.99 qps: 1495.99 (r/w/o: 0.00/1470.99/25.00) lat (ms,95%): 634.66 err/s: 0.00 reconn/s: 0.00
[ 238s ] thds: 512 tps: 1493.36 qps: 1493.36 (r/w/o: 0.00/1459.35/34.01) lat (ms,95%): 601.29 err/s: 0.00 reconn/s: 0.00
[ 239s ] thds: 512 tps: 1487.55 qps: 1487.55 (r/w/o: 0.00/1450.56/36.99) lat (ms,95%): 601.29 err/s: 0.00 reconn/s: 0.00
[ 240s ] thds: 512 tps: 1499.94 qps: 1499.94 (r/w/o: 0.00/1461.94/38.00) lat (ms,95%): 612.21 err/s: 0.00 reconn/s: 0.00
Latency histogram (values are in milliseconds)
       value  ------------- distribution ------------- count
       5.470 |                                         1
       5.570 |                                         1
       5.774 |                                         1
       5.879 |                                         4
       5.986 |                                         6
       6.095 |                                         5
       6.205 |                                         11
       6.318 |                                         26
       6.433 |                                         30
       6.550 |                                         31
       6.669 |                                         27
       6.790 |                                         49
       6.913 |                                         68
       7.039 |                                         93
       7.167 |                                         122
       7.297 |                                         167
       7.430 |                                         182
       7.565 |                                         206
       7.702 |                                         236
       7.842 |                                         223
       7.985 |                                         234
       8.130 |*                                        286
       8.277 |*                                        325
       8.428 |*                                        370
       8.581 |*                                        383
       8.737 |*                                        383
       8.895 |*                                        406
       9.057 |*                                        451
       9.222 |*                                        459
       9.389 |*                                        491
       9.560 |*                                        524
       9.734 |*                                        528
       9.910 |*                                        547
      10.090 |*                                        589
      10.274 |*                                        589
      10.460 |*                                        585
      10.651 |*                                        582
      10.844 |*                                        598
      11.041 |*                                        649
      11.242 |*                                        618
      11.446 |*                                        558
      11.654 |*                                        637
      11.866 |*                                        546
      12.081 |*                                        554
      12.301 |*                                        520
      12.524 |*                                        549
      12.752 |*                                        450
      12.984 |*                                        513
      13.219 |*                                        437
      13.460 |*                                        450
      13.704 |*                                        415
      13.953 |*                                        408
      14.207 |*                                        373
      14.465 |*                                        321
      14.728 |*                                        317
      14.995 |*                                        290
      15.268 |*                                        287
      15.545 |                                         231
      15.828 |                                         231
      16.115 |                                         189
      16.408 |                                         173
      16.706 |                                         141
      17.010 |                                         120
      17.319 |                                         114
      17.633 |                                         95
      17.954 |                                         89
      18.280 |                                         77
      18.612 |                                         78
      18.950 |                                         78
      19.295 |                                         48
      19.645 |                                         43
      20.002 |                                         44
      20.366 |                                         35
      20.736 |                                         32
      21.112 |                                         35
      21.496 |                                         23
      21.886 |                                         29
      22.284 |                                         25
      22.689 |                                         22
      23.101 |                                         18
      23.521 |                                         7
      23.948 |                                         14
      24.384 |                                         11
      24.827 |                                         10
      25.278 |                                         12
      25.737 |                                         14
      26.205 |                                         4
      26.681 |                                         2
      27.165 |                                         7
      27.659 |                                         7
      28.162 |                                         4
      28.673 |                                         2
      30.265 |                                         1
      30.815 |                                         1
      35.589 |                                         1
      36.894 |                                         2
      37.565 |                                         1
      38.247 |                                         1
      38.942 |                                         1
      39.650 |                                         1
      41.104 |                                         2
      41.851 |                                         2
      42.611 |                                         1
      43.385 |                                         1
      44.173 |                                         2
      44.976 |                                         1
      45.793 |                                         1
      46.625 |                                         2
      47.472 |                                         3
      48.335 |                                         2
      51.018 |                                         3
      51.945 |                                         1
      52.889 |                                         1
      53.850 |                                         1
      54.828 |                                         2
      55.824 |                                         2
      56.839 |                                         4
      57.871 |                                         5
      58.923 |                                         3
      59.993 |                                         3
      61.083 |                                         3
      62.193 |                                         8
      63.323 |                                         5
      64.474 |                                         2
      65.645 |                                         3
      66.838 |                                         4
      68.053 |                                         6
      69.289 |                                         6
      70.548 |                                         4
      71.830 |                                         3
      73.135 |                                         11
      74.464 |                                         10
      75.817 |                                         5
      77.194 |                                         5
      78.597 |                                         7
      80.025 |                                         13
      81.479 |                                         7
      82.959 |                                         7
      84.467 |                                         10
      86.002 |                                         6
      87.564 |                                         9
      89.155 |                                         9
      90.775 |                                         12
      92.424 |                                         6
      94.104 |                                         7
      95.814 |                                         10
      97.555 |                                         15
      99.327 |                                         7
     101.132 |                                         11
     102.969 |                                         14
     104.840 |                                         12
     106.745 |                                         13
     108.685 |                                         20
     110.659 |                                         21
     112.670 |                                         15
     114.717 |                                         10
     116.802 |                                         15
     118.924 |                                         24
     121.085 |                                         17
     123.285 |                                         13
     125.525 |                                         15
     127.805 |                                         17
     130.128 |                                         19
     132.492 |                                         26
     134.899 |                                         23
     137.350 |                                         23
     139.846 |                                         21
     142.387 |                                         29
     144.974 |                                         34
     147.608 |                                         25
     150.290 |                                         35
     153.021 |                                         41
     155.801 |                                         45
     158.632 |                                         47
     161.514 |                                         40
     164.449 |                                         39
     167.437 |                                         49
     170.479 |                                         44
     173.577 |                                         45
     176.731 |                                         78
     179.942 |                                         98
     183.211 |                                         138
     186.540 |                                         74
     189.929 |                                         118
     193.380 |*                                        329
     196.894 |*                                        455
     200.472 |                                         210
     204.114 |                                         199
     207.823 |*                                        452
     211.599 |**                                       1021
     215.443 |****                                     2045
     219.358 |****                                     2005
     223.344 |***                                      1470
     227.402 |****                                     2194
     231.534 |*******                                  3535
     235.740 |************                             6074
     240.024 |***************                          7561
     244.385 |***************                          7366
     248.825 |*********************                    10668
     253.346 |******************************           14929
     257.950 |*********************************        16502
     262.636 |**************************************   19458
     267.408 |**************************************   19235
     272.267 |**************************************** 20217
     277.214 |***********************************      17750
     282.251 |*************************************    18469
     287.379 |***********************************      17445
     292.601 |******************************           14991
     297.917 |******************************           14925
     303.330 |********************                     10341
     308.842 |****************                         8268
     314.453 |**************                           7027
     320.167 |***********                              5510
     325.984 |********                                 4032
     331.907 |**********                               5243
     337.938 |**********                               4964
     344.078 |*********                                4721
     350.330 |***********                              5674
     356.695 |************                             5986
     363.176 |********                                 4167
     369.775 |******                                   2994
     376.494 |******                                   3081
     383.334 |*****                                    2339
     390.299 |****                                     2061
     397.391 |*****                                    2682
     404.611 |******                                   2936
     411.963 |******                                   3230
     419.448 |*****                                    2519
     427.069 |***                                      1663
     434.829 |*****                                    2453
     442.730 |******                                   2817
     450.774 |*****                                    2446
     458.964 |*****                                    2518
     467.304 |****                                     2047
     475.794 |**                                       1234
     484.439 |**                                       1238
     493.242 |****                                     2082
     502.204 |***                                      1367
     511.328 |**                                       1193
     520.619 |**                                       1174
     530.078 |***                                      1275
     539.710 |**                                       1025
     549.516 |**                                       1260
     559.501 |***                                      1443
     569.667 |**                                       1099
     580.017 |***                                      1375
     590.556 |**                                       809
     601.286 |**                                       957
     612.211 |*                                        624
     623.335 |**                                       949
     634.661 |**                                       881
     646.192 |**                                       1078
     657.933 |**                                       842
     669.888 |**                                       869
     682.059 |**                                       931
     694.452 |*                                        529
     707.070 |*                                        439
     719.917 |*                                        479
     732.998 |**                                       919
     746.316 |**                                       898
     759.876 |*                                        477
     773.683 |*                                        586
     787.741 |*                                        418
     802.053 |*                                        618
     816.626 |*                                        438
     831.464 |*                                        280
     846.572 |*                                        292
     861.954 |*                                        328
     877.615 |*                                        490
     893.561 |*                                        374
     909.797 |*                                        350
     926.327 |                                         220
     943.158 |                                         241
     960.295 |                                         244
     977.743 |                                         98
     995.508 |*                                        345
    1013.597 |*                                        428
    1032.013 |                                         169
    1050.764 |                                         159
    1069.856 |                                         197
    1089.295 |                                         237
    1109.087 |                                         122
    1129.239 |                                         103
    1149.757 |*                                        292
    1170.648 |*                                        284
    1191.918 |*                                        288
    1213.575 |                                         177
    1235.625 |                                         191
    1258.076 |                                         87
    1280.934 |                                         109
    1304.208 |                                         94
    1327.905 |                                         191
    1352.033 |                                         228
    1376.599 |                                         73
    1401.611 |                                         144
    1427.078 |                                         86
    1453.007 |                                         85
    1479.408 |                                         93
    1506.288 |                                         68
    1533.657 |                                         71
    1561.523 |                                         80
    1589.895 |                                         94
    1618.783 |                                         26
    1648.196 |                                         20
    1678.143 |                                         16
    1708.634 |                                         22
    1739.679 |                                         16
    1771.289 |                                         18
    1803.472 |                                         11
    1836.241 |                                         13
    1869.605 |                                         23
    1903.575 |                                         79
    1938.162 |                                         85
    1973.377 |                                         21
    2009.233 |                                         76
    2045.740 |                                         50
    2082.910 |                                         18
    2120.756 |                                         18
    2159.289 |                                         57
    2198.523 |                                         36
    2238.469 |                                         44
    2279.141 |                                         17
    2320.552 |                                         16
    2362.716 |                                         8
    2405.646 |                                         11
    2449.355 |                                         19
    2493.859 |                                         58
    2539.172 |                                         16
    2585.308 |                                         12
    2632.282 |                                         8
    2680.109 |                                         8
    2728.806 |                                         7
    2778.387 |                                         9
    2828.869 |                                         3
    2880.269 |                                         10
    2932.602 |                                         4
    2985.887 |                                         2
    3040.139 |                                         5
    3095.377 |                                         7
    3151.619 |                                         1
 
SQL statistics:
    queries performed:
        read:                            0
        write:                           373065
        other:                           8282
        total:                           381347
    transactions:                        381347 (1584.48 per sec.)
    queries:                             381347 (1584.48 per sec.)
    ignored errors:                      0      (0.00 per sec.)
    reconnects:                          0      (0.00 per sec.)

Throughput:
    events/s (eps):                      1584.4758
    time elapsed:                        240.6774s
    total number of events:              381347

Latency (ms):
         min:                                    5.47
         avg:                                  322.71
         max:                                 3123.55
         95th percentile:                      623.33
         sum:                            123065474.74

Threads fairness:
    events (avg/stddev):           744.8164/73.38
    execution time (avg/stddev):   240.3623/0.17

