sysbench 1.1.0-3ceba0b (using bundled LuaJIT 2.1.0-beta3)

Running the test with following options:
Number of threads: 4
Warmup time: 60s
Report intermediate results every 1 second(s)
Initializing random number generator from current time


Initializing worker threads...

Threads started!

Warming up for 60 seconds...

[ 1s ] thds: 4 tps: 212.69 qps: 1276.32 (r/w/o: 0.00/836.69/439.62) lat (ms,95%): 21.11 err/s: 0.00 reconn/s: 0.00
[ 2s ] thds: 4 tps: 217.06 qps: 1309.33 (r/w/o: 0.00/863.22/446.11) lat (ms,95%): 21.11 err/s: 0.00 reconn/s: 0.00
[ 3s ] thds: 4 tps: 219.00 qps: 1303.02 (r/w/o: 0.00/849.01/454.01) lat (ms,95%): 21.50 err/s: 0.00 reconn/s: 0.00
[ 4s ] thds: 4 tps: 215.99 qps: 1303.96 (r/w/o: 0.00/857.97/445.98) lat (ms,95%): 21.11 err/s: 0.00 reconn/s: 0.00
[ 5s ] thds: 4 tps: 214.98 qps: 1289.87 (r/w/o: 0.00/849.91/439.95) lat (ms,95%): 21.50 err/s: 0.00 reconn/s: 0.00
[ 6s ] thds: 4 tps: 215.98 qps: 1290.88 (r/w/o: 0.00/845.92/444.96) lat (ms,95%): 21.11 err/s: 0.00 reconn/s: 0.00
[ 7s ] thds: 4 tps: 218.13 qps: 1311.79 (r/w/o: 0.00/859.52/452.27) lat (ms,95%): 21.11 err/s: 0.00 reconn/s: 0.00
[ 8s ] thds: 4 tps: 216.99 qps: 1301.95 (r/w/o: 0.00/855.97/445.98) lat (ms,95%): 21.11 err/s: 0.00 reconn/s: 0.00
[ 9s ] thds: 4 tps: 214.89 qps: 1294.33 (r/w/o: 0.00/852.56/441.77) lat (ms,95%): 21.50 err/s: 0.00 reconn/s: 0.00
[ 10s ] thds: 4 tps: 216.04 qps: 1291.25 (r/w/o: 0.00/845.16/446.09) lat (ms,95%): 21.50 err/s: 0.00 reconn/s: 0.00
[ 11s ] thds: 4 tps: 216.08 qps: 1298.46 (r/w/o: 0.00/855.30/443.16) lat (ms,95%): 21.11 err/s: 0.00 reconn/s: 0.00
[ 12s ] thds: 4 tps: 215.90 qps: 1288.43 (r/w/o: 0.00/840.63/447.80) lat (ms,95%): 20.74 err/s: 0.00 reconn/s: 0.00
[ 13s ] thds: 4 tps: 214.97 qps: 1294.80 (r/w/o: 0.00/850.87/443.93) lat (ms,95%): 21.50 err/s: 0.00 reconn/s: 0.00
[ 14s ] thds: 4 tps: 215.11 qps: 1288.67 (r/w/o: 0.00/844.44/444.23) lat (ms,95%): 21.11 err/s: 0.00 reconn/s: 0.00
[ 15s ] thds: 4 tps: 214.94 qps: 1294.63 (r/w/o: 0.00/849.76/444.87) lat (ms,95%): 21.11 err/s: 0.00 reconn/s: 0.00
[ 16s ] thds: 4 tps: 215.00 qps: 1289.99 (r/w/o: 0.00/846.99/443.00) lat (ms,95%): 21.50 err/s: 0.00 reconn/s: 0.00
[ 17s ] thds: 4 tps: 217.08 qps: 1298.45 (r/w/o: 0.00/855.30/443.15) lat (ms,95%): 21.11 err/s: 0.00 reconn/s: 0.00
[ 18s ] thds: 4 tps: 218.92 qps: 1310.52 (r/w/o: 0.00/857.69/452.84) lat (ms,95%): 21.11 err/s: 0.00 reconn/s: 0.00
[ 19s ] thds: 4 tps: 216.95 qps: 1304.70 (r/w/o: 0.00/856.80/447.90) lat (ms,95%): 21.11 err/s: 0.00 reconn/s: 0.00
[ 20s ] thds: 4 tps: 218.13 qps: 1307.78 (r/w/o: 0.00/862.52/445.27) lat (ms,95%): 20.74 err/s: 0.00 reconn/s: 0.00
[ 21s ] thds: 4 tps: 216.86 qps: 1298.17 (r/w/o: 0.00/845.46/452.71) lat (ms,95%): 21.11 err/s: 0.00 reconn/s: 0.00
[ 22s ] thds: 4 tps: 215.03 qps: 1301.16 (r/w/o: 0.00/856.10/445.05) lat (ms,95%): 21.11 err/s: 0.00 reconn/s: 0.00
[ 23s ] thds: 4 tps: 218.11 qps: 1300.65 (r/w/o: 0.00/851.43/449.22) lat (ms,95%): 21.11 err/s: 0.00 reconn/s: 0.00
[ 24s ] thds: 4 tps: 218.87 qps: 1310.25 (r/w/o: 0.00/860.51/449.74) lat (ms,95%): 20.74 err/s: 0.00 reconn/s: 0.00
[ 25s ] thds: 4 tps: 214.99 qps: 1294.97 (r/w/o: 0.00/848.98/445.99) lat (ms,95%): 21.11 err/s: 0.00 reconn/s: 0.00
[ 26s ] thds: 4 tps: 219.05 qps: 1312.31 (r/w/o: 0.00/850.20/462.11) lat (ms,95%): 21.11 err/s: 0.00 reconn/s: 0.00
[ 27s ] thds: 4 tps: 215.93 qps: 1294.58 (r/w/o: 0.00/852.72/441.86) lat (ms,95%): 21.11 err/s: 0.00 reconn/s: 0.00
[ 28s ] thds: 4 tps: 217.96 qps: 1306.77 (r/w/o: 0.00/857.85/448.92) lat (ms,95%): 21.11 err/s: 0.00 reconn/s: 0.00
[ 29s ] thds: 4 tps: 216.18 qps: 1295.06 (r/w/o: 0.00/847.69/447.37) lat (ms,95%): 21.11 err/s: 0.00 reconn/s: 0.00
[ 30s ] thds: 4 tps: 216.87 qps: 1306.21 (r/w/o: 0.00/859.48/446.73) lat (ms,95%): 20.74 err/s: 0.00 reconn/s: 0.00
[ 31s ] thds: 4 tps: 215.02 qps: 1289.10 (r/w/o: 0.00/846.06/443.03) lat (ms,95%): 21.11 err/s: 0.00 reconn/s: 0.00
[ 32s ] thds: 4 tps: 215.11 qps: 1288.68 (r/w/o: 0.00/845.45/443.23) lat (ms,95%): 21.11 err/s: 0.00 reconn/s: 0.00
[ 33s ] thds: 4 tps: 215.93 qps: 1299.57 (r/w/o: 0.00/855.72/443.85) lat (ms,95%): 21.11 err/s: 0.00 reconn/s: 0.00
[ 34s ] thds: 4 tps: 219.08 qps: 1319.50 (r/w/o: 0.00/866.33/453.17) lat (ms,95%): 20.74 err/s: 0.00 reconn/s: 0.00
[ 35s ] thds: 4 tps: 217.88 qps: 1305.29 (r/w/o: 0.00/855.54/449.76) lat (ms,95%): 21.11 err/s: 0.00 reconn/s: 0.00
[ 36s ] thds: 4 tps: 220.03 qps: 1310.19 (r/w/o: 0.00/863.12/447.06) lat (ms,95%): 20.74 err/s: 0.00 reconn/s: 0.00
[ 37s ] thds: 4 tps: 215.97 qps: 1303.80 (r/w/o: 0.00/855.87/447.93) lat (ms,95%): 21.11 err/s: 0.00 reconn/s: 0.00
[ 38s ] thds: 4 tps: 216.00 qps: 1295.99 (r/w/o: 0.00/854.00/442.00) lat (ms,95%): 21.11 err/s: 0.00 reconn/s: 0.00
[ 39s ] thds: 4 tps: 220.12 qps: 1319.73 (r/w/o: 0.00/867.48/452.25) lat (ms,95%): 20.37 err/s: 0.00 reconn/s: 0.00
[ 40s ] thds: 4 tps: 218.99 qps: 1312.96 (r/w/o: 0.00/850.97/461.99) lat (ms,95%): 21.11 err/s: 0.00 reconn/s: 0.00
[ 41s ] thds: 4 tps: 218.87 qps: 1319.21 (r/w/o: 0.00/865.48/453.73) lat (ms,95%): 20.74 err/s: 0.00 reconn/s: 0.00
[ 42s ] thds: 4 tps: 218.99 qps: 1308.91 (r/w/o: 0.00/853.94/454.97) lat (ms,95%): 21.11 err/s: 0.00 reconn/s: 0.00
[ 43s ] thds: 4 tps: 217.16 qps: 1303.96 (r/w/o: 0.00/853.63/450.33) lat (ms,95%): 21.11 err/s: 0.00 reconn/s: 0.00
[ 44s ] thds: 4 tps: 217.85 qps: 1305.09 (r/w/o: 0.00/862.40/442.69) lat (ms,95%): 21.11 err/s: 0.00 reconn/s: 0.00
[ 45s ] thds: 4 tps: 219.03 qps: 1314.17 (r/w/o: 0.00/857.11/457.06) lat (ms,95%): 20.74 err/s: 0.00 reconn/s: 0.00
[ 46s ] thds: 4 tps: 218.96 qps: 1311.74 (r/w/o: 0.00/861.83/449.91) lat (ms,95%): 21.11 err/s: 0.00 reconn/s: 0.00
[ 47s ] thds: 4 tps: 216.99 qps: 1307.93 (r/w/o: 0.00/858.95/448.98) lat (ms,95%): 20.74 err/s: 0.00 reconn/s: 0.00
[ 48s ] thds: 4 tps: 218.02 qps: 1305.14 (r/w/o: 0.00/857.09/448.05) lat (ms,95%): 21.11 err/s: 0.00 reconn/s: 0.00
[ 49s ] thds: 4 tps: 219.15 qps: 1308.88 (r/w/o: 0.00/850.57/458.31) lat (ms,95%): 20.74 err/s: 0.00 reconn/s: 0.00
[ 50s ] thds: 4 tps: 217.01 qps: 1307.04 (r/w/o: 0.00/863.02/444.01) lat (ms,95%): 20.74 err/s: 0.00 reconn/s: 0.00
[ 51s ] thds: 4 tps: 216.87 qps: 1301.23 (r/w/o: 0.00/854.50/446.74) lat (ms,95%): 20.74 err/s: 0.00 reconn/s: 0.00
[ 52s ] thds: 4 tps: 216.14 qps: 1299.83 (r/w/o: 0.00/852.54/447.28) lat (ms,95%): 20.74 err/s: 0.00 reconn/s: 0.00
[ 53s ] thds: 4 tps: 218.84 qps: 1311.07 (r/w/o: 0.00/866.38/444.68) lat (ms,95%): 20.37 err/s: 0.00 reconn/s: 0.00
[ 54s ] thds: 4 tps: 221.03 qps: 1325.16 (r/w/o: 0.00/870.11/455.06) lat (ms,95%): 21.11 err/s: 0.00 reconn/s: 0.00
[ 55s ] thds: 4 tps: 218.92 qps: 1316.52 (r/w/o: 0.00/866.68/449.84) lat (ms,95%): 21.11 err/s: 0.00 reconn/s: 0.00
[ 56s ] thds: 4 tps: 219.05 qps: 1315.31 (r/w/o: 0.00/864.20/451.11) lat (ms,95%): 20.74 err/s: 0.00 reconn/s: 0.00
[ 57s ] thds: 4 tps: 219.02 qps: 1318.12 (r/w/o: 0.00/863.08/455.04) lat (ms,95%): 20.74 err/s: 0.00 reconn/s: 0.00
[ 58s ] thds: 4 tps: 219.14 qps: 1308.82 (r/w/o: 0.00/849.54/459.29) lat (ms,95%): 21.11 err/s: 0.00 reconn/s: 0.00
[ 59s ] thds: 4 tps: 219.85 qps: 1316.10 (r/w/o: 0.00/849.42/466.68) lat (ms,95%): 20.74 err/s: 0.00 reconn/s: 0.00
[ 60s ] thds: 4 tps: 218.98 qps: 1313.85 (r/w/o: 0.00/859.90/453.95) lat (ms,95%): 21.11 err/s: 0.00 reconn/s: 0.00
[ 61s ] thds: 4 tps: 218.17 qps: 1309.00 (r/w/o: 0.00/865.66/443.34) lat (ms,95%): 21.11 err/s: 0.00 reconn/s: 0.00
[ 62s ] thds: 4 tps: 218.84 qps: 1308.03 (r/w/o: 0.00/853.37/454.66) lat (ms,95%): 20.74 err/s: 0.00 reconn/s: 0.00
[ 63s ] thds: 4 tps: 218.16 qps: 1313.97 (r/w/o: 0.00/866.64/447.33) lat (ms,95%): 20.74 err/s: 0.00 reconn/s: 0.00
[ 64s ] thds: 4 tps: 217.84 qps: 1306.06 (r/w/o: 0.00/862.38/443.68) lat (ms,95%): 20.37 err/s: 0.00 reconn/s: 0.00
[ 65s ] thds: 4 tps: 217.13 qps: 1306.76 (r/w/o: 0.00/855.49/451.26) lat (ms,95%): 20.74 err/s: 0.00 reconn/s: 0.00
[ 66s ] thds: 4 tps: 218.86 qps: 1312.16 (r/w/o: 0.00/860.45/451.71) lat (ms,95%): 20.74 err/s: 0.00 reconn/s: 0.00
[ 67s ] thds: 4 tps: 219.17 qps: 1316.02 (r/w/o: 0.00/863.67/452.35) lat (ms,95%): 21.11 err/s: 0.00 reconn/s: 0.00
[ 68s ] thds: 4 tps: 220.00 qps: 1315.00 (r/w/o: 0.00/866.00/449.00) lat (ms,95%): 21.11 err/s: 0.00 reconn/s: 0.00
[ 69s ] thds: 4 tps: 219.99 qps: 1318.92 (r/w/o: 0.00/864.94/453.97) lat (ms,95%): 20.74 err/s: 0.00 reconn/s: 0.00
[ 70s ] thds: 4 tps: 219.83 qps: 1322.97 (r/w/o: 0.00/871.32/451.65) lat (ms,95%): 21.11 err/s: 0.00 reconn/s: 0.00
[ 71s ] thds: 4 tps: 223.01 qps: 1333.03 (r/w/o: 0.00/870.02/463.01) lat (ms,95%): 20.37 err/s: 0.00 reconn/s: 0.00
[ 72s ] thds: 4 tps: 218.18 qps: 1317.11 (r/w/o: 0.00/864.73/452.38) lat (ms,95%): 21.11 err/s: 0.00 reconn/s: 0.00
[ 73s ] thds: 4 tps: 218.00 qps: 1301.99 (r/w/o: 0.00/848.99/453.00) lat (ms,95%): 21.11 err/s: 0.00 reconn/s: 0.00
[ 74s ] thds: 4 tps: 218.86 qps: 1309.14 (r/w/o: 0.00/861.43/447.70) lat (ms,95%): 21.11 err/s: 0.00 reconn/s: 0.00
[ 75s ] thds: 4 tps: 216.93 qps: 1309.55 (r/w/o: 0.00/856.70/452.84) lat (ms,95%): 20.74 err/s: 0.00 reconn/s: 0.00
[ 76s ] thds: 4 tps: 214.19 qps: 1290.16 (r/w/o: 0.00/843.76/446.40) lat (ms,95%): 21.50 err/s: 0.00 reconn/s: 0.00
[ 77s ] thds: 4 tps: 219.02 qps: 1306.09 (r/w/o: 0.00/852.06/454.03) lat (ms,95%): 20.37 err/s: 0.00 reconn/s: 0.00
[ 78s ] thds: 4 tps: 219.83 qps: 1323.00 (r/w/o: 0.00/866.35/456.66) lat (ms,95%): 21.11 err/s: 0.00 reconn/s: 0.00
[ 79s ] thds: 4 tps: 223.00 qps: 1338.02 (r/w/o: 0.00/873.02/465.01) lat (ms,95%): 20.37 err/s: 0.00 reconn/s: 0.00
[ 80s ] thds: 4 tps: 218.14 qps: 1304.82 (r/w/o: 0.00/852.53/452.28) lat (ms,95%): 20.74 err/s: 0.00 reconn/s: 0.00
[ 81s ] thds: 4 tps: 218.00 qps: 1307.01 (r/w/o: 0.00/861.00/446.00) lat (ms,95%): 21.11 err/s: 0.00 reconn/s: 0.00
[ 82s ] thds: 4 tps: 218.87 qps: 1314.21 (r/w/o: 0.00/860.49/453.73) lat (ms,95%): 20.74 err/s: 0.00 reconn/s: 0.00
[ 83s ] thds: 4 tps: 221.13 qps: 1320.75 (r/w/o: 0.00/860.49/460.26) lat (ms,95%): 20.37 err/s: 0.00 reconn/s: 0.00
[ 84s ] thds: 4 tps: 219.00 qps: 1320.01 (r/w/o: 0.00/870.00/450.00) lat (ms,95%): 20.74 err/s: 0.00 reconn/s: 0.00
[ 85s ] thds: 4 tps: 218.87 qps: 1316.23 (r/w/o: 0.00/866.50/449.74) lat (ms,95%): 20.37 err/s: 0.00 reconn/s: 0.00
[ 86s ] thds: 4 tps: 223.13 qps: 1335.79 (r/w/o: 0.00/875.52/460.27) lat (ms,95%): 20.00 err/s: 0.00 reconn/s: 0.00
[ 87s ] thds: 4 tps: 220.99 qps: 1327.91 (r/w/o: 0.00/868.94/458.97) lat (ms,95%): 20.74 err/s: 0.00 reconn/s: 0.00
[ 88s ] thds: 4 tps: 221.87 qps: 1331.20 (r/w/o: 0.00/872.47/458.72) lat (ms,95%): 20.37 err/s: 0.00 reconn/s: 0.00
[ 89s ] thds: 4 tps: 219.99 qps: 1322.94 (r/w/o: 0.00/865.96/456.98) lat (ms,95%): 20.74 err/s: 0.00 reconn/s: 0.00
[ 90s ] thds: 4 tps: 222.14 qps: 1325.83 (r/w/o: 0.00/871.54/454.28) lat (ms,95%): 20.37 err/s: 0.00 reconn/s: 0.00
[ 91s ] thds: 4 tps: 218.01 qps: 1314.03 (r/w/o: 0.00/862.02/452.01) lat (ms,95%): 20.37 err/s: 0.00 reconn/s: 0.00
[ 92s ] thds: 4 tps: 220.04 qps: 1318.24 (r/w/o: 0.00/861.16/457.08) lat (ms,95%): 20.37 err/s: 0.00 reconn/s: 0.00
[ 93s ] thds: 4 tps: 218.99 qps: 1315.94 (r/w/o: 0.00/860.96/454.98) lat (ms,95%): 20.74 err/s: 0.00 reconn/s: 0.00
[ 94s ] thds: 4 tps: 219.01 qps: 1316.05 (r/w/o: 0.00/861.04/455.02) lat (ms,95%): 21.11 err/s: 0.00 reconn/s: 0.00
[ 95s ] thds: 4 tps: 221.00 qps: 1321.00 (r/w/o: 0.00/862.00/459.00) lat (ms,95%): 20.74 err/s: 0.00 reconn/s: 0.00
[ 96s ] thds: 4 tps: 220.99 qps: 1323.93 (r/w/o: 0.00/863.95/459.98) lat (ms,95%): 20.74 err/s: 0.00 reconn/s: 0.00
[ 97s ] thds: 4 tps: 220.95 qps: 1326.69 (r/w/o: 0.00/871.80/454.89) lat (ms,95%): 20.74 err/s: 0.00 reconn/s: 0.00
[ 98s ] thds: 4 tps: 221.02 qps: 1326.13 (r/w/o: 0.00/873.09/453.05) lat (ms,95%): 20.37 err/s: 0.00 reconn/s: 0.00
[ 99s ] thds: 4 tps: 222.02 qps: 1333.10 (r/w/o: 0.00/871.06/462.03) lat (ms,95%): 20.37 err/s: 0.00 reconn/s: 0.00
[ 100s ] thds: 4 tps: 220.01 qps: 1325.04 (r/w/o: 0.00/875.03/450.01) lat (ms,95%): 20.37 err/s: 0.00 reconn/s: 0.00
[ 101s ] thds: 4 tps: 218.02 qps: 1308.12 (r/w/o: 0.00/860.08/448.04) lat (ms,95%): 20.74 err/s: 0.00 reconn/s: 0.00
[ 102s ] thds: 4 tps: 222.83 qps: 1331.98 (r/w/o: 0.00/868.33/463.64) lat (ms,95%): 20.37 err/s: 0.00 reconn/s: 0.00
[ 103s ] thds: 4 tps: 219.11 qps: 1318.68 (r/w/o: 0.00/863.45/455.24) lat (ms,95%): 20.74 err/s: 0.00 reconn/s: 0.00
[ 104s ] thds: 4 tps: 218.88 qps: 1309.28 (r/w/o: 0.00/857.53/451.75) lat (ms,95%): 20.74 err/s: 0.00 reconn/s: 0.00
[ 105s ] thds: 4 tps: 222.12 qps: 1330.73 (r/w/o: 0.00/865.47/465.26) lat (ms,95%): 20.74 err/s: 0.00 reconn/s: 0.00
[ 106s ] thds: 4 tps: 220.96 qps: 1326.78 (r/w/o: 0.00/873.85/452.92) lat (ms,95%): 20.37 err/s: 0.00 reconn/s: 0.00
[ 107s ] thds: 4 tps: 222.10 qps: 1324.59 (r/w/o: 0.00/872.39/452.20) lat (ms,95%): 20.74 err/s: 0.00 reconn/s: 0.00
[ 108s ] thds: 4 tps: 218.90 qps: 1324.42 (r/w/o: 0.00/877.61/446.80) lat (ms,95%): 20.37 err/s: 0.00 reconn/s: 0.00
[ 109s ] thds: 4 tps: 221.01 qps: 1319.04 (r/w/o: 0.00/872.03/447.01) lat (ms,95%): 20.74 err/s: 0.00 reconn/s: 0.00
[ 110s ] thds: 4 tps: 219.00 qps: 1316.98 (r/w/o: 0.00/856.98/459.99) lat (ms,95%): 20.37 err/s: 0.00 reconn/s: 0.00
[ 111s ] thds: 4 tps: 219.08 qps: 1320.47 (r/w/o: 0.00/862.30/458.16) lat (ms,95%): 20.74 err/s: 0.00 reconn/s: 0.00
[ 112s ] thds: 4 tps: 219.02 qps: 1312.11 (r/w/o: 0.00/857.07/455.04) lat (ms,95%): 21.11 err/s: 0.00 reconn/s: 0.00
[ 113s ] thds: 4 tps: 220.00 qps: 1315.99 (r/w/o: 0.00/864.99/451.00) lat (ms,95%): 21.11 err/s: 0.00 reconn/s: 0.00
[ 114s ] thds: 4 tps: 221.86 qps: 1333.15 (r/w/o: 0.00/877.44/455.71) lat (ms,95%): 20.37 err/s: 0.00 reconn/s: 0.00
[ 115s ] thds: 4 tps: 221.01 qps: 1322.08 (r/w/o: 0.00/864.05/458.03) lat (ms,95%): 20.74 err/s: 0.00 reconn/s: 0.00
[ 116s ] thds: 4 tps: 219.01 qps: 1317.03 (r/w/o: 0.00/865.02/452.01) lat (ms,95%): 20.74 err/s: 0.00 reconn/s: 0.00
[ 117s ] thds: 4 tps: 219.11 qps: 1322.67 (r/w/o: 0.00/866.44/456.23) lat (ms,95%): 20.74 err/s: 0.00 reconn/s: 0.00
[ 118s ] thds: 4 tps: 221.89 qps: 1324.35 (r/w/o: 0.00/868.58/455.78) lat (ms,95%): 21.11 err/s: 0.00 reconn/s: 0.00
[ 119s ] thds: 4 tps: 221.00 qps: 1328.97 (r/w/o: 0.00/878.98/449.99) lat (ms,95%): 21.11 err/s: 0.00 reconn/s: 0.00
[ 120s ] thds: 4 tps: 221.98 qps: 1323.91 (r/w/o: 0.00/856.94/466.97) lat (ms,95%): 21.11 err/s: 0.00 reconn/s: 0.00
[ 121s ] thds: 4 tps: 221.00 qps: 1328.01 (r/w/o: 0.00/872.01/456.00) lat (ms,95%): 20.37 err/s: 0.00 reconn/s: 0.00
[ 122s ] thds: 4 tps: 221.01 qps: 1328.03 (r/w/o: 0.00/871.02/457.01) lat (ms,95%): 20.37 err/s: 0.00 reconn/s: 0.00
[ 123s ] thds: 4 tps: 219.04 qps: 1321.22 (r/w/o: 0.00/874.15/447.08) lat (ms,95%): 20.74 err/s: 0.00 reconn/s: 0.00
[ 124s ] thds: 4 tps: 221.96 qps: 1323.74 (r/w/o: 0.00/858.83/464.91) lat (ms,95%): 20.37 err/s: 0.00 reconn/s: 0.00
[ 125s ] thds: 4 tps: 218.01 qps: 1315.07 (r/w/o: 0.00/869.04/446.02) lat (ms,95%): 20.74 err/s: 0.00 reconn/s: 0.00
[ 126s ] thds: 4 tps: 221.00 qps: 1317.99 (r/w/o: 0.00/865.00/453.00) lat (ms,95%): 20.74 err/s: 0.00 reconn/s: 0.00
[ 127s ] thds: 4 tps: 215.02 qps: 1300.13 (r/w/o: 0.00/856.09/444.04) lat (ms,95%): 20.74 err/s: 0.00 reconn/s: 0.00
[ 128s ] thds: 4 tps: 219.10 qps: 1306.58 (r/w/o: 0.00/854.38/452.20) lat (ms,95%): 21.11 err/s: 0.00 reconn/s: 0.00
[ 129s ] thds: 4 tps: 216.97 qps: 1304.81 (r/w/o: 0.00/857.87/446.93) lat (ms,95%): 21.11 err/s: 0.00 reconn/s: 0.00
[ 130s ] thds: 4 tps: 218.00 qps: 1308.00 (r/w/o: 0.00/864.00/444.00) lat (ms,95%): 20.74 err/s: 0.00 reconn/s: 0.00
[ 131s ] thds: 4 tps: 218.99 qps: 1315.95 (r/w/o: 0.00/863.96/451.98) lat (ms,95%): 20.74 err/s: 0.00 reconn/s: 0.00
[ 132s ] thds: 4 tps: 221.03 qps: 1322.20 (r/w/o: 0.00/867.13/455.07) lat (ms,95%): 21.11 err/s: 0.00 reconn/s: 0.00
[ 133s ] thds: 4 tps: 220.98 qps: 1327.87 (r/w/o: 0.00/871.91/455.95) lat (ms,95%): 20.74 err/s: 0.00 reconn/s: 0.00
[ 134s ] thds: 4 tps: 219.99 qps: 1318.95 (r/w/o: 0.00/863.97/454.98) lat (ms,95%): 20.74 err/s: 0.00 reconn/s: 0.00
[ 135s ] thds: 4 tps: 219.99 qps: 1312.96 (r/w/o: 0.00/847.97/464.99) lat (ms,95%): 21.11 err/s: 0.00 reconn/s: 0.00
[ 136s ] thds: 4 tps: 217.97 qps: 1312.82 (r/w/o: 0.00/867.88/444.94) lat (ms,95%): 21.11 err/s: 0.00 reconn/s: 0.00
[ 137s ] thds: 4 tps: 217.08 qps: 1301.47 (r/w/o: 0.00/854.31/447.16) lat (ms,95%): 21.11 err/s: 0.00 reconn/s: 0.00
[ 138s ] thds: 4 tps: 217.99 qps: 1314.92 (r/w/o: 0.00/859.95/454.97) lat (ms,95%): 21.11 err/s: 0.00 reconn/s: 0.00
[ 139s ] thds: 4 tps: 218.98 qps: 1309.89 (r/w/o: 0.00/861.93/447.96) lat (ms,95%): 20.74 err/s: 0.00 reconn/s: 0.00
[ 140s ] thds: 4 tps: 216.92 qps: 1305.50 (r/w/o: 0.00/863.67/441.83) lat (ms,95%): 21.11 err/s: 0.00 reconn/s: 0.00
[ 141s ] thds: 4 tps: 220.03 qps: 1317.20 (r/w/o: 0.00/868.13/449.07) lat (ms,95%): 20.74 err/s: 0.00 reconn/s: 0.00
[ 142s ] thds: 4 tps: 217.08 qps: 1302.47 (r/w/o: 0.00/853.31/449.16) lat (ms,95%): 21.11 err/s: 0.00 reconn/s: 0.00
[ 143s ] thds: 4 tps: 217.97 qps: 1310.81 (r/w/o: 0.00/856.88/453.93) lat (ms,95%): 21.11 err/s: 0.00 reconn/s: 0.00
[ 144s ] thds: 4 tps: 220.04 qps: 1319.26 (r/w/o: 0.00/867.17/452.09) lat (ms,95%): 20.74 err/s: 0.00 reconn/s: 0.00
[ 145s ] thds: 4 tps: 218.93 qps: 1312.55 (r/w/o: 0.00/864.71/447.85) lat (ms,95%): 20.74 err/s: 0.00 reconn/s: 0.00
[ 146s ] thds: 4 tps: 217.07 qps: 1299.40 (r/w/o: 0.00/853.27/446.14) lat (ms,95%): 20.74 err/s: 0.00 reconn/s: 0.00
[ 147s ] thds: 4 tps: 217.01 qps: 1301.04 (r/w/o: 0.00/851.02/450.01) lat (ms,95%): 21.11 err/s: 0.00 reconn/s: 0.00
[ 148s ] thds: 4 tps: 218.92 qps: 1312.54 (r/w/o: 0.00/858.70/453.84) lat (ms,95%): 20.37 err/s: 0.00 reconn/s: 0.00
[ 149s ] thds: 4 tps: 209.02 qps: 1254.11 (r/w/o: 0.00/826.07/428.04) lat (ms,95%): 20.37 err/s: 0.00 reconn/s: 0.00
[ 150s ] thds: 4 tps: 218.06 qps: 1315.34 (r/w/o: 0.00/860.22/455.12) lat (ms,95%): 20.74 err/s: 0.00 reconn/s: 0.00
[ 151s ] thds: 4 tps: 219.92 qps: 1313.52 (r/w/o: 0.00/857.68/455.83) lat (ms,95%): 20.74 err/s: 0.00 reconn/s: 0.00
[ 152s ] thds: 4 tps: 219.06 qps: 1316.37 (r/w/o: 0.00/867.24/449.13) lat (ms,95%): 20.37 err/s: 0.00 reconn/s: 0.00
[ 153s ] thds: 4 tps: 217.99 qps: 1302.96 (r/w/o: 0.00/850.98/451.99) lat (ms,95%): 21.11 err/s: 0.00 reconn/s: 0.00
[ 154s ] thds: 4 tps: 214.97 qps: 1293.83 (r/w/o: 0.00/849.89/443.94) lat (ms,95%): 21.11 err/s: 0.00 reconn/s: 0.00
[ 155s ] thds: 4 tps: 218.03 qps: 1305.19 (r/w/o: 0.00/857.13/448.07) lat (ms,95%): 21.11 err/s: 0.00 reconn/s: 0.00
[ 156s ] thds: 4 tps: 221.02 qps: 1321.14 (r/w/o: 0.00/863.09/458.05) lat (ms,95%): 20.74 err/s: 0.00 reconn/s: 0.00
[ 157s ] thds: 4 tps: 215.94 qps: 1305.66 (r/w/o: 0.00/857.77/447.88) lat (ms,95%): 20.74 err/s: 0.00 reconn/s: 0.00
[ 158s ] thds: 4 tps: 221.89 qps: 1333.32 (r/w/o: 0.00/865.56/467.76) lat (ms,95%): 20.74 err/s: 0.00 reconn/s: 0.00
[ 159s ] thds: 4 tps: 219.17 qps: 1311.03 (r/w/o: 0.00/865.68/445.35) lat (ms,95%): 20.74 err/s: 0.00 reconn/s: 0.00
[ 160s ] thds: 4 tps: 217.97 qps: 1314.83 (r/w/o: 0.00/856.89/457.94) lat (ms,95%): 20.74 err/s: 0.00 reconn/s: 0.00
[ 161s ] thds: 4 tps: 221.01 qps: 1317.04 (r/w/o: 0.00/862.02/455.01) lat (ms,95%): 20.74 err/s: 0.00 reconn/s: 0.00
[ 162s ] thds: 4 tps: 217.94 qps: 1308.61 (r/w/o: 0.00/856.75/451.87) lat (ms,95%): 21.11 err/s: 0.00 reconn/s: 0.00
[ 163s ] thds: 4 tps: 218.06 qps: 1309.37 (r/w/o: 0.00/852.24/457.13) lat (ms,95%): 21.11 err/s: 0.00 reconn/s: 0.00
[ 164s ] thds: 4 tps: 217.95 qps: 1309.71 (r/w/o: 0.00/859.81/449.90) lat (ms,95%): 20.74 err/s: 0.00 reconn/s: 0.00
[ 165s ] thds: 4 tps: 220.03 qps: 1313.20 (r/w/o: 0.00/861.13/452.07) lat (ms,95%): 20.74 err/s: 0.00 reconn/s: 0.00
[ 166s ] thds: 4 tps: 220.01 qps: 1326.08 (r/w/o: 0.00/870.05/456.03) lat (ms,95%): 20.37 err/s: 0.00 reconn/s: 0.00
[ 167s ] thds: 4 tps: 221.96 qps: 1331.75 (r/w/o: 0.00/870.84/460.91) lat (ms,95%): 20.37 err/s: 0.00 reconn/s: 0.00
[ 168s ] thds: 4 tps: 219.98 qps: 1316.89 (r/w/o: 0.00/864.93/451.96) lat (ms,95%): 21.11 err/s: 0.00 reconn/s: 0.00
[ 169s ] thds: 4 tps: 221.04 qps: 1326.24 (r/w/o: 0.00/868.15/458.08) lat (ms,95%): 20.74 err/s: 0.00 reconn/s: 0.00
[ 170s ] thds: 4 tps: 220.95 qps: 1322.68 (r/w/o: 0.00/865.79/456.89) lat (ms,95%): 20.74 err/s: 0.00 reconn/s: 0.00
[ 171s ] thds: 4 tps: 216.02 qps: 1296.15 (r/w/o: 0.00/847.10/449.05) lat (ms,95%): 21.11 err/s: 0.00 reconn/s: 0.00
[ 172s ] thds: 4 tps: 220.01 qps: 1325.08 (r/w/o: 0.00/867.05/458.03) lat (ms,95%): 20.37 err/s: 0.00 reconn/s: 0.00
[ 173s ] thds: 4 tps: 219.00 qps: 1309.01 (r/w/o: 0.00/861.01/448.00) lat (ms,95%): 21.11 err/s: 0.00 reconn/s: 0.00
[ 174s ] thds: 4 tps: 217.03 qps: 1313.21 (r/w/o: 0.00/865.14/448.07) lat (ms,95%): 20.74 err/s: 0.00 reconn/s: 0.00
[ 175s ] thds: 4 tps: 218.93 qps: 1308.60 (r/w/o: 0.00/857.74/450.86) lat (ms,95%): 21.11 err/s: 0.00 reconn/s: 0.00
[ 176s ] thds: 4 tps: 217.02 qps: 1304.14 (r/w/o: 0.00/854.09/450.05) lat (ms,95%): 20.74 err/s: 0.00 reconn/s: 0.00
[ 177s ] thds: 4 tps: 219.99 qps: 1312.95 (r/w/o: 0.00/866.96/445.98) lat (ms,95%): 20.74 err/s: 0.00 reconn/s: 0.00
[ 178s ] thds: 4 tps: 220.02 qps: 1322.15 (r/w/o: 0.00/873.10/449.05) lat (ms,95%): 20.37 err/s: 0.00 reconn/s: 0.00
[ 179s ] thds: 4 tps: 219.96 qps: 1319.77 (r/w/o: 0.00/861.85/457.92) lat (ms,95%): 20.74 err/s: 0.00 reconn/s: 0.00
[ 180s ] thds: 4 tps: 216.02 qps: 1303.10 (r/w/o: 0.00/853.07/450.04) lat (ms,95%): 20.74 err/s: 0.00 reconn/s: 0.00
[ 181s ] thds: 4 tps: 219.00 qps: 1307.00 (r/w/o: 0.00/858.00/449.00) lat (ms,95%): 21.11 err/s: 0.00 reconn/s: 0.00
[ 182s ] thds: 4 tps: 218.99 qps: 1317.92 (r/w/o: 0.00/859.95/457.97) lat (ms,95%): 20.74 err/s: 0.00 reconn/s: 0.00
[ 183s ] thds: 4 tps: 218.99 qps: 1310.93 (r/w/o: 0.00/861.95/448.98) lat (ms,95%): 21.11 err/s: 0.00 reconn/s: 0.00
[ 184s ] thds: 4 tps: 220.06 qps: 1316.37 (r/w/o: 0.00/862.24/454.13) lat (ms,95%): 21.11 err/s: 0.00 reconn/s: 0.00
[ 185s ] thds: 4 tps: 217.96 qps: 1307.75 (r/w/o: 0.00/861.83/445.91) lat (ms,95%): 21.11 err/s: 0.00 reconn/s: 0.00
[ 186s ] thds: 4 tps: 216.99 qps: 1309.92 (r/w/o: 0.00/860.95/448.97) lat (ms,95%): 21.11 err/s: 0.00 reconn/s: 0.00
[ 187s ] thds: 4 tps: 218.00 qps: 1298.99 (r/w/o: 0.00/850.00/449.00) lat (ms,95%): 20.74 err/s: 0.00 reconn/s: 0.00
[ 188s ] thds: 4 tps: 218.00 qps: 1310.97 (r/w/o: 0.00/863.98/446.99) lat (ms,95%): 21.11 err/s: 0.00 reconn/s: 0.00
[ 189s ] thds: 4 tps: 219.02 qps: 1315.10 (r/w/o: 0.00/856.07/459.04) lat (ms,95%): 21.11 err/s: 0.00 reconn/s: 0.00
[ 190s ] thds: 4 tps: 219.04 qps: 1315.22 (r/w/o: 0.00/862.15/453.08) lat (ms,95%): 20.74 err/s: 0.00 reconn/s: 0.00
[ 191s ] thds: 4 tps: 216.98 qps: 1306.87 (r/w/o: 0.00/858.92/447.96) lat (ms,95%): 21.11 err/s: 0.00 reconn/s: 0.00
[ 192s ] thds: 4 tps: 217.93 qps: 1305.55 (r/w/o: 0.00/852.71/452.84) lat (ms,95%): 21.11 err/s: 0.00 reconn/s: 0.00
[ 193s ] thds: 4 tps: 220.03 qps: 1320.20 (r/w/o: 0.00/864.13/456.07) lat (ms,95%): 21.11 err/s: 0.00 reconn/s: 0.00
[ 194s ] thds: 4 tps: 218.99 qps: 1303.94 (r/w/o: 0.00/852.96/450.98) lat (ms,95%): 21.11 err/s: 0.00 reconn/s: 0.00
[ 195s ] thds: 4 tps: 218.02 qps: 1318.11 (r/w/o: 0.00/871.07/447.04) lat (ms,95%): 20.74 err/s: 0.00 reconn/s: 0.00
[ 196s ] thds: 4 tps: 221.05 qps: 1324.28 (r/w/o: 0.00/868.18/456.10) lat (ms,95%): 20.37 err/s: 0.00 reconn/s: 0.00
[ 197s ] thds: 4 tps: 217.96 qps: 1309.76 (r/w/o: 0.00/855.84/453.92) lat (ms,95%): 20.74 err/s: 0.00 reconn/s: 0.00
[ 198s ] thds: 4 tps: 220.01 qps: 1317.05 (r/w/o: 0.00/861.03/456.02) lat (ms,95%): 20.37 err/s: 0.00 reconn/s: 0.00
[ 199s ] thds: 4 tps: 219.96 qps: 1318.76 (r/w/o: 0.00/867.84/450.92) lat (ms,95%): 20.74 err/s: 0.00 reconn/s: 0.00
[ 200s ] thds: 4 tps: 220.02 qps: 1327.14 (r/w/o: 0.00/873.09/454.05) lat (ms,95%): 20.37 err/s: 0.00 reconn/s: 0.00
[ 201s ] thds: 4 tps: 220.03 qps: 1313.15 (r/w/o: 0.00/858.10/455.05) lat (ms,95%): 20.74 err/s: 0.00 reconn/s: 0.00
[ 202s ] thds: 4 tps: 217.03 qps: 1308.19 (r/w/o: 0.00/863.12/445.06) lat (ms,95%): 20.74 err/s: 0.00 reconn/s: 0.00
[ 203s ] thds: 4 tps: 220.96 qps: 1323.78 (r/w/o: 0.00/866.86/456.93) lat (ms,95%): 20.74 err/s: 0.00 reconn/s: 0.00
[ 204s ] thds: 4 tps: 219.03 qps: 1317.20 (r/w/o: 0.00/861.13/456.07) lat (ms,95%): 21.11 err/s: 0.00 reconn/s: 0.00
[ 205s ] thds: 4 tps: 219.97 qps: 1318.80 (r/w/o: 0.00/860.87/457.93) lat (ms,95%): 21.11 err/s: 0.00 reconn/s: 0.00
[ 206s ] thds: 4 tps: 218.97 qps: 1310.81 (r/w/o: 0.00/857.88/452.94) lat (ms,95%): 21.11 err/s: 0.00 reconn/s: 0.00
[ 207s ] thds: 4 tps: 219.05 qps: 1319.32 (r/w/o: 0.00/869.21/450.11) lat (ms,95%): 20.74 err/s: 0.00 reconn/s: 0.00
[ 208s ] thds: 4 tps: 219.96 qps: 1316.77 (r/w/o: 0.00/862.85/453.92) lat (ms,95%): 20.37 err/s: 0.00 reconn/s: 0.00
[ 209s ] thds: 4 tps: 220.98 qps: 1325.88 (r/w/o: 0.00/868.92/456.96) lat (ms,95%): 21.11 err/s: 0.00 reconn/s: 0.00
[ 210s ] thds: 4 tps: 222.03 qps: 1327.16 (r/w/o: 0.00/873.11/454.05) lat (ms,95%): 21.11 err/s: 0.00 reconn/s: 0.00
[ 211s ] thds: 4 tps: 220.04 qps: 1320.22 (r/w/o: 0.00/865.14/455.08) lat (ms,95%): 20.74 err/s: 0.00 reconn/s: 0.00
[ 212s ] thds: 4 tps: 221.96 qps: 1335.74 (r/w/o: 0.00/881.83/453.91) lat (ms,95%): 20.37 err/s: 0.00 reconn/s: 0.00
[ 213s ] thds: 4 tps: 218.00 qps: 1308.00 (r/w/o: 0.00/856.00/452.00) lat (ms,95%): 20.74 err/s: 0.00 reconn/s: 0.00
[ 214s ] thds: 4 tps: 217.05 qps: 1306.27 (r/w/o: 0.00/863.18/443.09) lat (ms,95%): 21.11 err/s: 0.00 reconn/s: 0.00
[ 215s ] thds: 4 tps: 216.86 qps: 1295.14 (r/w/o: 0.00/846.44/448.70) lat (ms,95%): 21.11 err/s: 0.00 reconn/s: 0.00
[ 216s ] thds: 4 tps: 218.19 qps: 1313.14 (r/w/o: 0.00/868.76/444.39) lat (ms,95%): 20.74 err/s: 0.00 reconn/s: 0.00
[ 217s ] thds: 4 tps: 219.94 qps: 1320.67 (r/w/o: 0.00/862.78/457.88) lat (ms,95%): 20.74 err/s: 0.00 reconn/s: 0.00
[ 218s ] thds: 4 tps: 220.97 qps: 1320.80 (r/w/o: 0.00/863.87/456.93) lat (ms,95%): 20.37 err/s: 0.00 reconn/s: 0.00
[ 219s ] thds: 4 tps: 217.98 qps: 1307.85 (r/w/o: 0.00/862.90/444.95) lat (ms,95%): 20.74 err/s: 0.00 reconn/s: 0.00
[ 220s ] thds: 4 tps: 221.00 qps: 1321.97 (r/w/o: 0.00/866.98/454.99) lat (ms,95%): 20.74 err/s: 0.00 reconn/s: 0.00
[ 221s ] thds: 4 tps: 220.03 qps: 1322.20 (r/w/o: 0.00/863.13/459.07) lat (ms,95%): 20.37 err/s: 0.00 reconn/s: 0.00
[ 222s ] thds: 4 tps: 216.96 qps: 1309.76 (r/w/o: 0.00/853.85/455.92) lat (ms,95%): 20.37 err/s: 0.00 reconn/s: 0.00
[ 223s ] thds: 4 tps: 220.00 qps: 1304.98 (r/w/o: 0.00/852.99/451.99) lat (ms,95%): 21.50 err/s: 0.00 reconn/s: 0.00
[ 224s ] thds: 4 tps: 217.02 qps: 1313.12 (r/w/o: 0.00/863.08/450.04) lat (ms,95%): 21.11 err/s: 0.00 reconn/s: 0.00
[ 225s ] thds: 4 tps: 217.04 qps: 1307.24 (r/w/o: 0.00/853.16/454.08) lat (ms,95%): 20.74 err/s: 0.00 reconn/s: 0.00
[ 226s ] thds: 4 tps: 220.97 qps: 1321.82 (r/w/o: 0.00/864.89/456.94) lat (ms,95%): 20.74 err/s: 0.00 reconn/s: 0.00
[ 227s ] thds: 4 tps: 217.94 qps: 1306.62 (r/w/o: 0.00/855.75/450.87) lat (ms,95%): 21.11 err/s: 0.00 reconn/s: 0.00
[ 228s ] thds: 4 tps: 221.05 qps: 1323.29 (r/w/o: 0.00/869.19/454.10) lat (ms,95%): 20.74 err/s: 0.00 reconn/s: 0.00
[ 229s ] thds: 4 tps: 221.99 qps: 1328.94 (r/w/o: 0.00/868.96/459.98) lat (ms,95%): 20.37 err/s: 0.00 reconn/s: 0.00
[ 230s ] thds: 4 tps: 218.04 qps: 1316.24 (r/w/o: 0.00/860.16/456.08) lat (ms,95%): 20.37 err/s: 0.00 reconn/s: 0.00
[ 231s ] thds: 4 tps: 219.00 qps: 1313.03 (r/w/o: 0.00/865.02/448.01) lat (ms,95%): 20.74 err/s: 0.00 reconn/s: 0.00
[ 232s ] thds: 4 tps: 221.00 qps: 1330.01 (r/w/o: 0.00/874.01/456.01) lat (ms,95%): 20.74 err/s: 0.00 reconn/s: 0.00
[ 233s ] thds: 4 tps: 219.00 qps: 1310.02 (r/w/o: 0.00/856.01/454.01) lat (ms,95%): 21.11 err/s: 0.00 reconn/s: 0.00
[ 234s ] thds: 4 tps: 220.99 qps: 1327.95 (r/w/o: 0.00/872.97/454.98) lat (ms,95%): 20.37 err/s: 0.00 reconn/s: 0.00
[ 235s ] thds: 4 tps: 220.00 qps: 1320.01 (r/w/o: 0.00/870.01/450.00) lat (ms,95%): 20.74 err/s: 0.00 reconn/s: 0.00
[ 236s ] thds: 4 tps: 219.97 qps: 1317.81 (r/w/o: 0.00/866.88/450.94) lat (ms,95%): 20.74 err/s: 0.00 reconn/s: 0.00
[ 237s ] thds: 4 tps: 220.02 qps: 1316.11 (r/w/o: 0.00/860.07/456.04) lat (ms,95%): 21.50 err/s: 0.00 reconn/s: 0.00
[ 238s ] thds: 4 tps: 218.98 qps: 1312.87 (r/w/o: 0.00/864.92/447.96) lat (ms,95%): 21.11 err/s: 0.00 reconn/s: 0.00
[ 239s ] thds: 4 tps: 219.01 qps: 1318.07 (r/w/o: 0.00/864.04/454.02) lat (ms,95%): 20.37 err/s: 0.00 reconn/s: 0.00
[ 240s ] thds: 4 tps: 219.98 qps: 1318.89 (r/w/o: 0.00/861.93/456.96) lat (ms,95%): 20.74 err/s: 0.00 reconn/s: 0.00
Latency histogram (values are in milliseconds)
       value  ------------- distribution ------------- count
      12.081 |                                         1
      12.524 |                                         1
      12.752 |                                         4
      12.984 |                                         5
      13.219 |                                         16
      13.460 |                                         44
      13.704 |*                                        130
      13.953 |*                                        159
      14.207 |**                                       202
      14.465 |***                                      363
      14.728 |********                                 1132
      14.995 |**********                               1378
      15.268 |*********                                1185
      15.545 |**********                               1411
      15.828 |************************                 3188
      16.115 |****************                         2101
      16.408 |*********                                1213
      16.706 |*********                                1247
      17.010 |************                             1569
      17.319 |********                                 1037
      17.633 |***********                              1423
      17.954 |***********************                  3107
      18.280 |**********************                   2922
      18.612 |***********************                  3051
      18.950 |**************************************** 5386
      19.295 |*************************************    4982
      19.645 |**************************               3553
      20.002 |**********************************       4524
      20.366 |**********************                   3019
      20.736 |***********                              1484
      21.112 |***********                              1427
      21.496 |*****                                    639
      21.886 |**                                       233
      22.284 |*                                        186
      22.689 |                                         62
      23.101 |                                         38
      23.521 |                                         40
      23.948 |                                         18
      24.384 |                                         11
      24.827 |                                         4
      25.278 |                                         5
      25.737 |                                         7
      26.205 |                                         4
      26.681 |                                         5
      28.162 |                                         1
     235.740 |                                         1
 
SQL statistics:
    queries performed:
        read:                            0
        write:                           206640
        other:                           108456
        total:                           315096
    transactions:                        52518  (218.80 per sec.)
    queries:                             315096 (1312.77 per sec.)
    ignored errors:                      0      (0.00 per sec.)
    reconnects:                          0      (0.00 per sec.)

Throughput:
    events/s (eps):                      218.8028
    time elapsed:                        240.0247s
    total number of events:              52518

Latency (ms):
         min:                                   12.11
         avg:                                   18.28
         max:                                  234.50
         95th percentile:                       21.11
         sum:                               959922.15

Threads fairness:
    events (avg/stddev):           13129.5000/1212.48
    execution time (avg/stddev):   239.9805/0.01

