sysbench 1.1.0-3ceba0b (using bundled LuaJIT 2.1.0-beta3)

Initializing worker threads...

Creating table 'sbtest8'...
Creating table 'sbtest4'...
Creating table 'sbtest6'...
Creating table 'sbtest15'...
Creating table 'sbtest17'...
Creating table 'sbtest18'...
Creating table 'sbtest16'...
Creating table 'sbtest9'...
Creating table 'sbtest5'...
Creating table 'sbtest21'...
Creating table 'sbtest10'...
Creating table 'sbtest14'...
Creating table 'sbtest7'...
Creating table 'sbtest3'...
Creating table 'sbtest11'...
Creating table 'sbtest13'...
Creating table 'sbtest25'...
Creating table 'sbtest12'...
Creating table 'sbtest1'...
Creating table 'sbtest20'...
Inserting 20000000 records into 'sbtest4'
Creating table 'sbtest32'...
Creating table 'sbtest34'...
Inserting 20000000 records into 'sbtest17'
Inserting 20000000 records into 'sbtest15'
Creating table 'sbtest44'...
Creating table 'sbtest37'...
Creating table 'sbtest40'...
Creating table 'sbtest24'...
Inserting 20000000 records into 'sbtest13'
Inserting 20000000 records into 'sbtest3'
Inserting 20000000 records into 'sbtest11'
Creating table 'sbtest36'...
Creating table 'sbtest30'...
Creating table 'sbtest28'...
Creating table 'sbtest19'...
Creating table 'sbtest64'...
Creating table 'sbtest33'...
Creating table 'sbtest29'...
Creating table 'sbtest23'...
Creating table 'sbtest26'...
Creating table 'sbtest55'...
Creating table 'sbtest65'...
Creating table 'sbtest59'...
Creating table 'sbtest68'...
Creating table 'sbtest49'...
Creating table 'sbtest57'...
Creating table 'sbtest22'...
Creating table 'sbtest27'...
Creating table 'sbtest52'...
Creating table 'sbtest50'...
Creating table 'sbtest43'...
Inserting 20000000 records into 'sbtest44'
Creating table 'sbtest63'...
Inserting 20000000 records into 'sbtest32'
Creating table 'sbtest39'...
Creating table 'sbtest41'...
Inserting 20000000 records into 'sbtest28'
Creating table 'sbtest35'...
Creating table 'sbtest31'...
Creating table 'sbtest42'...
Creating table 'sbtest79'...
Inserting 20000000 records into 'sbtest30'
Creating table 'sbtest88'...
Creating table 'sbtest70'...
Creating table 'sbtest78'...
Creating table 'sbtest81'...
Creating table 'sbtest82'...
Creating table 'sbtest77'...
Creating table 'sbtest93'...
Creating table 'sbtest92'...
Creating table 'sbtest90'...
Creating table 'sbtest80'...
Creating table 'sbtest89'...
Creating table 'sbtest67'...
Inserting 20000000 records into 'sbtest29'
Creating table 'sbtest74'...
Creating table 'sbtest53'...
Creating table 'sbtest51'...
Creating table 'sbtest46'...
Creating table 'sbtest69'...
Creating table 'sbtest2'...
Creating table 'sbtest97'...
Inserting 20000000 records into 'sbtest33'
Inserting 20000000 records into 'sbtest59'
Creating table 'sbtest48'...
Creating table 'sbtest54'...
Creating table 'sbtest60'...
Creating table 'sbtest62'...
Creating table 'sbtest45'...
Creating table 'sbtest58'...
Creating table 'sbtest100'...
Creating table 'sbtest95'...
Inserting 20000000 records into 'sbtest57'
Inserting 20000000 records into 'sbtest8'
Inserting 20000000 records into 'sbtest6'
Inserting 20000000 records into 'sbtest18'
Inserting 20000000 records into 'sbtest22'Inserting 20000000 records into 'sbtest26'

Creating table 'sbtest72'...
Creating table 'sbtest76'...
Creating table 'sbtest75'...
Creating table 'sbtest87'...
Creating table 'sbtest71'...
Creating table 'sbtest98'...
Creating table 'sbtest83'...
Creating table 'sbtest61'...
Creating table 'sbtest84'...
Creating table 'sbtest56'...
Creating table 'sbtest47'...
Creating table 'sbtest38'...
Creating table 'sbtest99'...
Creating table 'sbtest96'...
Creating table 'sbtest91'...
Creating table 'sbtest85'...
Creating table 'sbtest94'...
Creating table 'sbtest73'...
Creating table 'sbtest66'...
Creating table 'sbtest86'...
Inserting 20000000 records into 'sbtest5'
Inserting 20000000 records into 'sbtest12'
Inserting 20000000 records into 'sbtest14'
Inserting 20000000 records into 'sbtest20'
Inserting 20000000 records into 'sbtest21'
Inserting 20000000 records into 'sbtest7'
Inserting 20000000 records into 'sbtest25'
Inserting 20000000 records into 'sbtest16'
Inserting 20000000 records into 'sbtest10'
Inserting 20000000 records into 'sbtest1'Inserting 20000000 records into 'sbtest9'

Inserting 20000000 records into 'sbtest37'
Inserting 20000000 records into 'sbtest34'
Inserting 20000000 records into 'sbtest40'
Inserting 20000000 records into 'sbtest36'
Inserting 20000000 records into 'sbtest19'
Inserting 20000000 records into 'sbtest24'
Inserting 20000000 records into 'sbtest64'
Inserting 20000000 records into 'sbtest65'
Inserting 20000000 records into 'sbtest23'
Inserting 20000000 records into 'sbtest49'
Inserting 20000000 records into 'sbtest68'
Inserting 20000000 records into 'sbtest55'
Inserting 20000000 records into 'sbtest27'
Inserting 20000000 records into 'sbtest63'
Inserting 20000000 records into 'sbtest52'
Inserting 20000000 records into 'sbtest50'
Inserting 20000000 records into 'sbtest43'
Inserting 20000000 records into 'sbtest41'
Inserting 20000000 records into 'sbtest42'
Inserting 20000000 records into 'sbtest81'
Inserting 20000000 records into 'sbtest88'
Inserting 20000000 records into 'sbtest79'
Inserting 20000000 records into 'sbtest70'
Inserting 20000000 records into 'sbtest39'
Inserting 20000000 records into 'sbtest78'
Inserting 20000000 records into 'sbtest35'
Inserting 20000000 records into 'sbtest31'
Inserting 20000000 records into 'sbtest77'
Inserting 20000000 records into 'sbtest82'
Inserting 20000000 records into 'sbtest53'
Inserting 20000000 records into 'sbtest93'
Inserting 20000000 records into 'sbtest80'
Inserting 20000000 records into 'sbtest92'
Inserting 20000000 records into 'sbtest48'
Inserting 20000000 records into 'sbtest74'
Inserting 20000000 records into 'sbtest51'
Inserting 20000000 records into 'sbtest2'
Inserting 20000000 records into 'sbtest67'
Inserting 20000000 records into 'sbtest89'
Inserting 20000000 records into 'sbtest38'
Inserting 20000000 records into 'sbtest91'
Inserting 20000000 records into 'sbtest83'
Inserting 20000000 records into 'sbtest71'
Inserting 20000000 records into 'sbtest98'
Inserting 20000000 records into 'sbtest47'
Inserting 20000000 records into 'sbtest61'
Inserting 20000000 records into 'sbtest100'
Inserting 20000000 records into 'sbtest45'
Inserting 20000000 records into 'sbtest58'
Inserting 20000000 records into 'sbtest97'
Inserting 20000000 records into 'sbtest90'
Inserting 20000000 records into 'sbtest72'
Inserting 20000000 records into 'sbtest86'
Inserting 20000000 records into 'sbtest96'
Inserting 20000000 records into 'sbtest66'
Inserting 20000000 records into 'sbtest87'
Inserting 20000000 records into 'sbtest56'
Inserting 20000000 records into 'sbtest84'
Inserting 20000000 records into 'sbtest94'
Inserting 20000000 records into 'sbtest95'
Inserting 20000000 records into 'sbtest99'
Inserting 20000000 records into 'sbtest62'
Inserting 20000000 records into 'sbtest75'
Inserting 20000000 records into 'sbtest54'
Inserting 20000000 records into 'sbtest76'
Inserting 20000000 records into 'sbtest60'
Inserting 20000000 records into 'sbtest69'
Inserting 20000000 records into 'sbtest85'
Inserting 20000000 records into 'sbtest46'
Inserting 20000000 records into 'sbtest73'
FATAL: mysql_drv_query() returned error 8252 (Exceeded resource group quota limitation) for query 'INSERT INTO sbtest70(k, c, pad) VALUES(17932602, '01991592725-63830228175-17013925403-26658772634-46685099801-14565131826-24603905682-64138572624-47214869098-62152522132', '20224094892-53835618227-36329748555-84029712529-81458791191'),(17478658, '50492514080-46889000869-43574698623-11297914779-27401061660-56920360727-18393163342-61703556272-96106443317-81306209704', '49899750709-62907590285-40496335172-73050307638-01149849023'),(13835568, '51665926203-78651412829-65823697896-85139797830-49328199532-83183954280-41579942515-14893304382-07690214445-01323898633', '83031696351-96574660067-30466092119-99563479117-90176586779'),(16105510, '01133050179-74778344040-90170734697-59156918162-82805801976-95080380434-23448273810-19872569479-18267512453-71490805102', '18228927142-09911711746-88961872614-69101095085-27463891014'),(2150146, '47977111227-76893686044-05628059762-62698343590-46783718877-41949980055-78578728970-34994634371-67417907956-32085924890', '65877444594-94887619454-47331507860-88867088120-02805528078'),(4111509, '46677454580-10926380727-73455268661-94800085945-63157469507-25561795802-18301259329-51845153679-37694373358-42271859257', '90394129751-86984745183-35652186396-77085720645-55978188527'),(304984, '34924200214-85363616620-50359857304-88463705912-74393943356-67331793340-51898737062-67055731189-62011631245-47990331393', '15534657350-92266537415-41692263081-41624707444-17613114516'),(3000630, '27295126957-83637643223-05804964754-84310149673-36221887000-07620823150-93101569351-94818019574-69132865286-33155535065', '49370518659-51816342816-35588578130-25489244327-59121298861'),(2441044, '55834556406-59704899455-87068927228-53251187771-80130773264-33212289781-26449402682-25946011968-38980926034-73237265608', '61332594958-91320831946-37211220632-22250338387-41983036157'),(17646515, '58168961896-37446750182-92468692190-51555733660-57317602392-37926701287-39997697163-39555286815-44486087977-95953614643', '72842705951-28498424144-41659753201-91127725384-24468563887'),(11662401, '06418211041-04142176707-07826430851-00266325598-71946396688-85378579976-17479090649-75215058212-76931980117-97600079766', '71784020597-52924119522-60869807512-18338940435-22811190950'),(3845980, '37565243941-53917056457-96612467521-46221215760-99034260968-27022640295-86775393014-94213360078-04041489579-34393243123', '97155188042-60057280966-77821135632-11461088845-27893640277'),(9071286, '66291370066-40700606134-97377797512-37463897035-58971057312-33875193752-31088506101-47377981689-66083861050-85723460894', '28998721339-98046747205-25521947803-10968473612-39964061408'),(17316653, '12459860980-18470687593-49401544185-99452398384-98144322081-44527297427-77701775910-82845473626-33013791351-18012754557', '57248777595-32178729634-33822526778-31617863571-46712108927'),(17526429, '91870003626-29864376541-78295610168-20204207121-26197183485-67864785265-05599820812-34511647016-23633697196-99384456542', '31994797256-27293686268-79950189942-02471291582-24219361430'),(11062689, '96846544110-55441408173-06530474682-31894149793-22848423226-68899119672-18677816215-76720551624-75328422839-97701742330', '03884807322-86509452456-43541169849-06573609168-18944930421'),(16576616, '59696053617-67074362406-24045622945-79250263531-09050304384-48968442731-02962352844-29261609152-83515022916-75307763035', '47216650551-65635881941-77457663626-27730725626-26984607801'),(16898848, '71066282897-07499665567-31942693628-60137119921-08727445670-26204391055-07650065231-23178482219-04881611529-71914096360', '61264805886-72827734057-40219070586-74014861964-48183530147'),(7062093, '52599235497-36978306449-55852705789-32861025232-02589502694-04518168350-04555299029-72906269751-68474317539-40072709075', '60233264644-53212369831-39037268458-80489644631-97860319998'),(17750167, '00344531025-71588867363-66076343281-33755665483-51950463258-27325308927-49445445394-10066056453-18656864615-62560718399', '34875295968-35273004754-26630522623-28460683371-07937595973'),(17831977, '82459265478-1104806453FATAL: mysql_drv_query() returned error 8252 (Exceeded resource group quota limitation) for query 'INSERT INTO sbtest52(k, c, pad) VALUES(10391308, '92650217560-10140249543-72891989551-85820518224-98803702257-87724291957-56423624987-82851006615-48306011032-78040635766', '38669486097-34602799012-43531830373-15813858000-31215127353'),(1133424, '79844939623-40341413926-70957664760-79361538795-15733425453-20824668941-79746032446-68278954556-81897010000-95784474331', '97184691209-68706334546-78552962857-28426655767-48059775986'),(14357605, '20335347416-14829972847-05790264339-03641452173-46736404173-71835888186-47036798320-42435299305-90812475175-48521634998', '43921391156-51717761504-25798830819-62475258764-12126513794'),(19277098, '08597962626-27404450143-32346133560-63536922357-09043424334-96517721423-87769441886-35574022389-77869312544-45048377757', '50454063364-21131778178-98569954089-72433877368-42478632894'),(13320596, '44174376803-79037759040-43018634468-84548550742-36712365453-75799000252-96743519255-51491170713-94423603197-61594852288', '75241493264-57270106853-56182344512-08386033100-13723652788'),(10776669, '80546916869-34914534526-60981341503-18604493728-82254639103-34051018459-33859750244-81790929550-31900768260-95454419514', '31336997200-37960250148-23579384881-84339404280-74768277203'),(4420530, '49278122994-05151287234-30782621951-42095076139-82642448837-88932346529-86354540960-58069711993-10273954439-32883415273', '31765102060-40116207805-01106797023-31168861332-68275962567'),(5395890, '33122230322-26410260606-40117065506-64975350267-00372770543-99113901501-64948124931-04722546253-50371057852-43904953797', '65100661352-81508211380-42033872096-04162133767-58706468608'),(7685055, '94836761933-74078197025-91262236803-61341006266-70028194667-89942277309-54256065269-53439129380-49783304199-95234527297', '41486051795-52993926762-98826822491-54073637766-33316443361'),(2838212, '39986045648-59085642275-14106458900-06689127249-11911456138-76133710828-39006230986-86181826799-77970230854-75612683967', '33357013430-81582150965-17843928058-47442149233-47754748673'),(11478262, '38548205051-43490024904-29050202544-83003050528-94263540995-44224422415-51677427181-58782701197-80572072425-78580247611', '02083636464-49706178037-06805206890-89117371812-56340051055'),(8123377, '22498695754-70393726720-74225225369-74993740438-28796183186-70039468176-48838751268-50001140175-31569505553-70530916898', '36050766656-51818720591-85218363752-62054066890-54713500495'),(5833790, '42473400251-36364004515-76323799505-43332645095-12915935382-46411118003-38991638451-49231028192-66425528619-46981555999', '72236056695-14132648722-41734788321-75967778443-57638309259'),(17968054, '94199324208-65868706330-80716011065-98001244949-95327667893-48157706452-61397678562-31554002961-24401288735-69043419310', '62351686025-65281595953-26632787042-40240935198-70000477886'),(2822961, '30486518275-32629964039-16553361320-22506114213-66637361984-07855432785-25605129793-80125576658-77473443643-58087494347', '50357620826-32631896542-02573331353-75383183152-53422247384'),(11646000, '22672432194-18459089771-71223652498-76889200632-22879073085-50001128221-41537556446-02581223569-59857317652-76963135418', '13499604134-50776915648-67468420308-36574323251-17089532023'),(13084447, '88708751617-43476457209-19016784232-67412076526-08687366325-97532948157-07486665248-06421452807-33936318214-80840085360', '03915210478-81470324916-21501779525-77193580274-38104211202'),(9733883, '37080146549-68387039566-02136477313-57768502448-01928642542-32547969467-18125299607-29023878889-58509894428-89358216549', '20981166315-36030030013-13268918896-78305840190-28693907814'),(18416266, '30027909350-79435465693-92607765032-03997786120-06495380071-82475658638-88829081532-84673454839-61981083273-83840506503', '88156497465-46251646941-46676527366-99500283267-82490082235'),(10299129, '94775738000-24554423928-84951979879-31844273638-58520928263-75016562407-10544774228-63502189856-42747408101-15270241501', '78900849088-00118948630-53922600897-41416520909-98774636454'),(6807521, '61746651132-06267757361FATAL: `sysbench.cmdline.call_command' function failed: /usr/local/share/sysbench/oltp_common.lua:237: db_bulk_insert_next() failed
(last message repeated 1 times)
FATAL: mysql_drv_query() returned error 8252 (Exceeded resource group quota limitation) for query 'INSERT INTO sbtest27(k, c, pad) VALUES(13109984, '91834258536-38827994910-72156329959-19738031118-76177161321-35319307164-26661143986-41901301998-75969376422-40926896295', '11000809573-86710756125-60715629344-85769770195-00527765182'),(581054, '53388381428-68985093798-13130148652-17038509740-08414400336-56281779724-69519143578-02838061457-86532826200-53923778404', '75017311779-31618449292-22251404068-61903312022-15033444720'),(12352870, '42019008536-58568693550-18053768379-51367368080-70318443864-17939698985-16387136315-76700734686-66684338283-80819954986', '42737952930-76873559864-23191216586-60000611591-66025158143'),(8088040, '76358668967-15225412820-26119964264-49288504005-27051372465-29931945579-23190066540-05320268809-96075069483-56074688575', '77355847830-41819961818-09235077878-70687451884-56387642171'),(14187768, '79879037820-95422898315-60777300284-75890455276-30652718379-76973619017-82287853852-00167861060-87595502410-37122897068', '39731915262-41859322006-53975705589-13941894794-94737511165'),(1069613, '06496668288-00606754986-43705355981-15472166841-64026922776-83343868287-38726867553-73945857493-05386050100-39771341684', '11973934758-96364661221-13501351584-19221991414-18954168961'),(7967167, '45172760658-56616387397-25265612429-63299942838-23834610621-78402266576-05728436397-53981158065-36443770057-69312251428', '62107487359-19530628092-16909919581-77855479661-34316980432'),(12665470, '90981655079-84744439504-73990301447-82563072572-63875067854-71972342704-46701127811-21175151615-02579257262-83321083281', '41592038469-10169184643-18928578783-22627466231-93777843732'),(17008420, '93800667611-30889096829-07254143198-08062012572-62413926384-58871808987-58734527049-68610500857-34806217340-09292779037', '59366337755-14753661801-96122228882-56752031416-61977649569'),(16662615, '73825478023-37604909262-79438515769-08345457840-72810850023-06026592070-57897709285-67101229808-88138242479-50949276517', '38218289201-37756897358-88941007846-60608022994-15294934597'),(13140087, '48479663896-40593013185-65325450781-30673855800-22743924072-28367558642-93668345404-74101124318-22111589757-84772834407', '06033705032-63278200021-63703471215-23292433827-23909873234'),(18915301, '66315943638-36454627453-48813048267-32811606738-38852577992-50090398201-85133099974-01357821657-14721428864-83028846778', '23783256958-94955332430-29242815093-93971815534-26586140135'),(16129576, '56674664041-16839579088-02481372921-26008300692-15477285726-57691177604-83165062292-27642302601-75918994699-97706674205', '35451558711-29737271474-31859207481-39114843955-39678612145'),(4168663, '41927533312-62612374557-01592390734-34202850131-68425513013-90876419135-92374308690-10284978829-12540054780-57998908425', '11723841317-57704185044-11233545987-11473259853-53069490056'),(4859366, '15697866814-55925920162-80515793544-53081617478-60256592372-39866884481-43437941952-15571991265-49317304170-03143656411', '82036850003-92783692184-63594845001-50787084875-62052541862'),(9697406, '30858969960-96072623711-14005980164-05297071025-25638699069-15886156439-55067098373-03857735017-98251469146-02195246401', '12848477135-97909053319-66295894244-68111191763-49036050476'),(9490300, '39515143258-67624324869-53397306664-22545062004-42763068407-18367068209-62787161878-77862415933-90067999648-64333696687', '93639810067-79215843059-17401162618-45381039637-56053091316'),(8841430, '71635333238-69705693592-44323451511-94563034103-21502761326-07998483931-21812348011-64059929636-76606284206-51686080608', '96145883844-15926641148-18374884072-45004808024-53459771827'),(15355606, '88728578821-46906818938-34127712442-76539781519-88662958531-19850678308-18269505744-94453348498-42938891042-60967784981', '75578056818-27432727112-78865855548-34683786142-51261871911'),(213087, '85151034569-87216643700-69034913155-64263301621-30642604320-96316640765-69204694703-91424463842-25290921468-51688909118', '50642173478-22968961228-89943089753-99787499717-21444502763'),(4762339, '76732835554-79016136106-45FATAL: `sysbench.cmdline.call_command' function failed: /usr/local/share/sysbench/oltp_common.lua:237: db_bulk_insert_next() failed
FATAL: mysql_drv_query() returned error 8252 (Exceeded resource group quota limitation) for query 'INSERT INTO sbtest6(k, c, pad) VALUES(976546, '58244067404-24665460436-64917508894-00478329778-59293993233-63536240509-03906015669-12623875457-54272945720-98948760061', '50539296741-40187058145-62322565276-39078970796-71593930151'),(16518524, '07644954030-54443181132-92796555098-63104856731-38313694461-38187373491-82698904876-75662553791-61068811321-20857907692', '10210385543-56035092389-77512402204-50442125118-02916636746'),(16527460, '57306416482-04530668020-16036003521-99579482261-77335176131-39015344367-15387873655-04667586470-17583820364-22759767096', '38628115854-93711278402-54891147380-44967456667-45379487445'),(16562352, '05217736437-05619507048-89523322440-19744626824-81623214718-64238238574-50148534949-25473191692-73888531447-97976626189', '46639232016-08997288641-06068637780-91712201432-10768610208'),(18263185, '54455605542-33711402336-77187941633-48560226178-17305165683-76967940124-76829938677-72219309754-41615852908-14204230849', '96955782296-78107835411-65852990396-30446019637-40790576111'),(9366181, '21966919123-49697466776-66048632598-72929461452-69672122345-95700722121-48146078496-22023846649-89044320036-21109917874', '70911147330-95807322109-99355612071-00331204790-02445835533'),(7890326, '20961583360-88125159239-96063554049-92343458008-29440354338-09633305347-08442662346-82732713191-91704947555-38469104515', '27961997892-63077072887-88554667334-22634164664-88066948896'),(4117312, '17123586077-74000902193-52365377477-88725255134-12442781764-85440621979-10241259783-90361666774-42121317399-00933845478', '19551386497-88195413923-20968305720-82825368445-44756971750'),(15267887, '42723401657-31868038003-91779755686-03736643257-32537541779-42757171833-39394822644-66219214827-35921424680-73034008511', '69918895652-35642636637-94077658031-81363221624-51501010783'),(15833679, '56412260067-23693881044-82191681839-72599392292-35623763206-25319177184-24165156187-46451636728-14287853227-68374167833', '11851428538-98435172526-34109945242-55572607014-58388484327'),(166607, '59734847091-69471414128-00164978415-93084359787-67510412907-34061563228-59664242827-21986468625-19518250603-08917579747', '37062103159-43784775219-14180401966-67815522420-65946886468'),(2634102, '05269381802-81076095199-07812007725-22779326815-97356857891-34054751629-06357242576-38583004035-08590444419-53382254054', '22472021659-29338336199-28087414498-86446669080-16114884755'),(3243756, '92488331063-10978940712-95869102531-21510549914-74214160820-42322835218-02347510159-16265826305-50552450238-94113791683', '19949381952-83199792121-70483911436-69900235923-13938546578'),(3012716, '43739625258-21159344425-08566034133-94147853352-40879468058-71206451655-07975990039-53732562903-05657753931-95333459511', '89300175173-90608453630-21993993578-07336982895-15483160900'),(1769730, '41108464852-26616633595-36874378227-00521601961-06242474281-42053825198-21053322750-13028008346-96527060984-23963496603', '47313242539-96283291952-63270364781-76213171351-88129631936'),(13388160, '21319957578-46605625066-90707352077-04352831734-64041972025-67770611414-07360784127-20348675708-26413384619-64459663237', '43648778599-87236660109-33821951055-53732547056-39974564296'),(18514355, '51091925596-25863251742-23741111241-12515554641-84708940805-17928289009-87783526000-60945028617-50595787320-07304021144', '61014586324-08026383971-10835790714-30543304410-97887254338'),(15170018, '74746104865-07023936847-59292403984-84896750269-95400096583-98908515898-13694095536-55995140712-77506406025-87223084577', '09157092408-11774022596-38229408545-64707615855-22833168236'),(2363634, '01822992228-52498334899-02934836578-41051502300-41827133580-89598489884-33660781964-15675997467-27751906633-58297265226', '38630903683-24813099785-53824358032-21955512856-56863992449'),(1834250, '17609801258-63063833226-62864044237-49730754968-61739213947-50235768774-58456036751-37253558677-16942846734-89495450630', '20872061174-14233309792-90324801578-92149591136-19201430357'),(14848464, '17551448467-57654731426-485FATAL: `sysbench.cmdline.call_command' function failed: /usr/local/share/sysbench/oltp_common.lua:237: db_bulk_insert_next() failed
FATAL: mysql_drv_query() returned error 8252 (Exceeded resource group quota limitation) for query 'INSERT INTO sbtest36(k, c, pad) VALUES(14063990, '67486862721-55179681342-45347403641-22376440071-65628246157-50680502763-06975566917-81437891960-34995714011-97141542904', '72290427036-35863629377-75185842999-60421293692-13910238302'),(10205268, '67837196084-58100885115-95214392015-45547285066-47831655915-04067800170-21566328389-20399922301-08141101932-25314798186', '72204415750-95743559285-56161290956-88854375131-29862837134'),(4880541, '26085201343-93550000162-08681955732-69276805002-18766646079-60693019696-26120892699-54662757396-07749844292-90029388252', '85477068226-38828372043-19050982521-99630644113-53982654568'),(11271489, '67680039446-77708986285-31233156255-34392055569-84586145677-77610589525-03897819893-44775272521-63637281962-72282709971', '57711466679-24600479600-65569679912-62412741262-64510898939'),(13454924, '81472121988-33750110234-80149266786-18756564787-06731418945-10519980892-75259974698-49631328712-32123169317-79135957516', '17681633800-72729440917-73638849488-08517794617-47712551171'),(19210856, '13206128971-32621892681-70820789988-66143822636-26451792153-12467258757-73282483896-16807982205-17384741502-73696030761', '94376143541-62363699515-63285381866-63731246078-28658839775'),(19648197, '39857650630-46022258730-64925597257-79853229930-54670269609-31525346745-14278699924-88187212820-21780179124-29348627497', '49031259412-24664929132-01846743062-84197240278-18892126979'),(18477741, '53108022938-64984203660-88204180297-94995570088-49869977896-71560732615-76057382132-63389847151-01972471172-93062396189', '45549740767-40095564925-10796364003-11726057554-12462367204'),(4613019, '68324364266-48032942666-46110920455-26070441729-08715614854-57653292722-07139818082-28573034961-84634209177-52576914679', '44247387766-99646352327-96958978267-12009323090-72921025916'),(16780693, '37280352274-28232469527-79042441445-52429592022-51747124100-41512280840-31737072130-48595894838-26944689073-61604793735', '97222371483-86605185791-62117851762-28085733063-86716740206'),(19568906, '70145561988-84428410518-90822641362-82696031776-76006399545-62506777592-57310445781-75224573982-27097268479-85802406023', '83621667556-64125096373-53178519661-39779666496-26023591510'),(7149744, '96733753228-03011549536-47255083050-09600728750-43935330217-72104549361-59168357784-24900917661-78081609504-52565408509', '24900362365-68554882460-79495413135-22889836428-34136457476'),(19226680, '77164442770-44041401191-82807745587-65875203571-11776810361-52012757729-57959635515-22640625771-89973468793-04417528551', '10552587932-03826547859-21564525426-12286972232-10299134465'),(1471308, '16759321755-59639210132-60091057781-31332783830-88100552539-14659801611-85068882471-20465060897-57364696928-76572870112', '24169240986-42102971582-61751214373-82344934913-59525856107'),(19614178, '65021845143-71561448713-12133384983-92903530598-41561889818-99103470873-93226121040-87799422944-67033066928-11527703740', '40604935966-96371114460-90706493226-98409830202-22441433759'),(10730691, '25951983989-59807019891-72261990519-21662944027-08888562104-57345723083-94861073078-04809950534-77823420252-72193533565', '61623239632-79085109060-44758590171-60283610188-15814122682'),(12884949, '50732084780-46539355962-12097254882-33200704179-25891710610-45758151368-26416613077-66524469603-15218220314-26700821779', '66604821393-70352601792-67372081685-16976713769-69645846537'),(2169276, '82694561139-87585221747-84463050444-83830141843-42379644055-29246883627-97839447622-42037148258-20457908739-07047642589', '95235332519-07554418429-37629434362-28368375536-78758324078'),(225877, '47488180563-85017686991-80253750102-93914666380-65537717003-59141573927-07709326564-44795424572-01544398492-30170898951', '74474162840-64967216913-22230177024-02505625286-82981680429'),(10147032, '59096270394-47445866872-68299651294-75826752692-52827743522-24596615684-47916187383-84183200605-23317835828-70305919167', '93300046694-40947017238-20032047881-55541345358-49277509381'),(1832127, '91210430359-660687900FATAL: `sysbench.cmdline.call_command' function failed: /usr/local/share/sysbench/oltp_common.lua:237: db_bulk_insert_next() failed
FATAL: mysql_drv_query() returned error 8252 (Exceeded resource group quota limitation) for query 'INSERT INTO sbtest88(k, c, pad) VALUES(17970598, '65612881039-37285903104-58403796483-71769635346-34237214995-38512515415-55316292651-61066829449-79494537756-61206098093', '32480546571-46967265631-32012555834-92114656468-34910489624'),(14540407, '12617334986-50874144213-16715179915-41524303970-92089387483-70196014109-25171640013-54145403461-07882659184-57720265800', '25663010994-60654443469-78637041116-86839444357-75204637440'),(15399767, '50561529073-81505628954-86891211051-52960010537-23578084999-62374963616-08177269954-55424180400-17547427956-62768833058', '27339395646-35954285431-05355080209-44291977200-40277970083'),(18830617, '45311024898-32989101153-21542285862-40008637210-27678052471-27678626303-05030342977-37814022757-30452985247-96473315498', '44720986120-52597534238-73741102642-79484112231-89268201645'),(12189475, '03500092837-85564529526-18447618674-33612200094-32400938622-54807231462-90594704082-19995004740-37325555539-06326551397', '43246498417-55934172173-12678220554-64588197066-68221143241'),(9727246, '88605667972-80499794080-59574014177-79378170927-70658156679-37992526179-82322146933-46439168375-90555681575-15696007177', '89861306057-63881488839-74395483376-90445167423-97435931877'),(16667436, '38546318329-68051063973-63370884239-22281640598-26630967881-16977428056-72709579764-13488162994-85558636351-08294337628', '40903065515-98900610145-12862555284-76361138063-60083106171'),(3538317, '70872693432-92238655106-20289871161-46903897973-78065728034-17475911689-77671477782-21634766817-68061744582-37520482481', '63567691135-59079861305-42847775759-32167003209-76677530448'),(15917993, '72058888243-30505544684-37530313371-37709548061-03690333840-14823760672-95697566596-11442374877-96217694996-91080614086', '65505946968-37986774046-29519791777-16248142824-29506993020'),(3026053, '40936179264-87356329790-58909792663-98605107862-82079708075-12336400613-40689730252-68941606467-24925801411-04224863459', '31376851199-52698912177-93276583571-73363409564-53031763752'),(3609773, '27848689672-13365576171-49566673684-52600222930-90771911722-15314317950-44446941674-14192824490-45785015248-88311533265', '94545308703-59058993445-48492781797-36351107418-36375365375'),(16419237, '46514145720-41828535122-87520704537-81575338027-68621432432-36643251537-75771207896-39042902409-77146239239-56321597748', '18295052344-02910314675-37455816024-10531778795-73191133378'),(11469890, '43783407031-60118394259-18330648406-55852621768-10223164455-16004129136-39643450457-09625459206-41841862404-64048121663', '20457349383-75497114624-75579113401-66602663023-18489671848'),(12398033, '16495257819-12178836660-45507835287-28320254437-09613654431-26421875564-63452923156-61410899999-07537789551-18146479559', '82961536254-99989101508-20829014288-81368061363-86230637172'),(11707756, '60370303024-98554599308-00369561022-60230496644-28086924766-21374231869-78264311218-37900790772-16735222253-61366718090', '49472240351-31113351797-34671323804-46385851603-95282207472'),(15687691, '15655520607-29420981418-76733725925-05257806349-59360888958-89404629951-27545869802-25239488234-85106175709-36237865099', '11949867425-60142211853-20801092422-36571672229-99313127705'),(17811864, '39230923741-03446700063-28464787846-64160428324-19027468183-28879057384-41677101899-01884219313-44609635967-69786510146', '84286988047-91745218424-60713008885-49799402440-92134812831'),(3186348, '67964752171-36276341650-76493948929-11166538258-37736138165-96630280454-69962485319-43335681278-12697019177-40737176480', '43966403546-50768027568-07817679303-02470900029-52591762349'),(17048346, '94323616184-63524440161-84820651889-26113478300-38461792567-09056822658-26868013380-67502872471-13227113502-54916554086', '88444128009-03299389676-72410146070-95161029838-75271133893'),(4403737, '58889251936-49322819027-97230382228-58640560158-05473887365-06401132134-29911972377-87560517713-62365770131-42889200673', '27625243587-69285563361-30551340541-70627092664-72189105399'),(2345745, '25160052405-99920898FATAL: `sysbench.cmdline.call_command' function failed: /usr/local/share/sysbench/oltp_common.lua:237: db_bulk_insert_next() failed
