sysbench 1.1.0-3ceba0b (using bundled LuaJIT 2.1.0-beta3)

Running the test with following options:
Number of threads: 2048
Warmup time: 5s
Report intermediate results every 1 second(s)
Initializing random number generator from current time


Initializing worker threads...

Threads started!

Warming up for 5 seconds...

[ 1s ] thds: 2048 tps: 26352.33 qps: 26352.33 (r/w/o: 26352.33/0.00/0.00) lat (ms,95%): 167.44 err/s: 0.00 reconn/s: 0.00
[ 2s ] thds: 2048 tps: 21873.35 qps: 21873.35 (r/w/o: 21873.35/0.00/0.00) lat (ms,95%): 161.51 err/s: 0.00 reconn/s: 0.00
[ 3s ] thds: 2048 tps: 30336.05 qps: 30336.05 (r/w/o: 30336.05/0.00/0.00) lat (ms,95%): 139.85 err/s: 0.00 reconn/s: 0.00
[ 4s ] thds: 2048 tps: 35517.74 qps: 35518.74 (r/w/o: 35518.74/0.00/0.00) lat (ms,95%): 81.48 err/s: 0.00 reconn/s: 0.00
[ 5s ] thds: 2048 tps: 27197.72 qps: 27196.72 (r/w/o: 27196.72/0.00/0.00) lat (ms,95%): 153.02 err/s: 0.00 reconn/s: 0.00
[ 6s ] thds: 2048 tps: 20437.56 qps: 20437.56 (r/w/o: 20437.56/0.00/0.00) lat (ms,95%): 167.44 err/s: 0.00 reconn/s: 0.00
[ 7s ] thds: 2048 tps: 24777.93 qps: 24777.93 (r/w/o: 24777.93/0.00/0.00) lat (ms,95%): 161.51 err/s: 0.00 reconn/s: 0.00
[ 8s ] thds: 2048 tps: 28444.87 qps: 28443.87 (r/w/o: 28443.87/0.00/0.00) lat (ms,95%): 150.29 err/s: 0.00 reconn/s: 0.00
[ 9s ] thds: 2048 tps: 36720.45 qps: 36721.45 (r/w/o: 36721.45/0.00/0.00) lat (ms,95%): 80.03 err/s: 0.00 reconn/s: 0.00
[ 10s ] thds: 2048 tps: 27356.30 qps: 27356.30 (r/w/o: 27356.30/0.00/0.00) lat (ms,95%): 150.29 err/s: 0.00 reconn/s: 0.00
[ 11s ] thds: 2048 tps: 28107.87 qps: 28107.87 (r/w/o: 28107.87/0.00/0.00) lat (ms,95%): 137.35 err/s: 0.00 reconn/s: 0.00
[ 12s ] thds: 2048 tps: 23195.70 qps: 23193.70 (r/w/o: 23193.70/0.00/0.00) lat (ms,95%): 164.45 err/s: 0.00 reconn/s: 0.00
[ 13s ] thds: 2048 tps: 28561.73 qps: 28562.73 (r/w/o: 28562.73/0.00/0.00) lat (ms,95%): 150.29 err/s: 0.00 reconn/s: 0.00
[ 14s ] thds: 2048 tps: 28905.54 qps: 28905.54 (r/w/o: 28905.54/0.00/0.00) lat (ms,95%): 176.73 err/s: 0.00 reconn/s: 0.00
[ 15s ] thds: 2048 tps: 33584.06 qps: 33585.06 (r/w/o: 33585.06/0.00/0.00) lat (ms,95%): 106.75 err/s: 0.00 reconn/s: 0.00
[ 16s ] thds: 2048 tps: 27956.45 qps: 27956.45 (r/w/o: 27956.45/0.00/0.00) lat (ms,95%): 137.35 err/s: 0.00 reconn/s: 0.00
[ 17s ] thds: 2048 tps: 26627.08 qps: 26627.08 (r/w/o: 26627.08/0.00/0.00) lat (ms,95%): 173.58 err/s: 0.00 reconn/s: 0.00
[ 18s ] thds: 2048 tps: 29539.74 qps: 29539.74 (r/w/o: 29539.74/0.00/0.00) lat (ms,95%): 150.29 err/s: 0.00 reconn/s: 0.00
[ 19s ] thds: 2048 tps: 29692.91 qps: 29692.91 (r/w/o: 29692.91/0.00/0.00) lat (ms,95%): 150.29 err/s: 0.00 reconn/s: 0.00
[ 20s ] thds: 2048 tps: 21403.64 qps: 21402.64 (r/w/o: 21402.64/0.00/0.00) lat (ms,95%): 155.80 err/s: 0.00 reconn/s: 0.00
[ 21s ] thds: 2048 tps: 23429.05 qps: 23430.05 (r/w/o: 23430.05/0.00/0.00) lat (ms,95%): 137.35 err/s: 0.00 reconn/s: 0.00
[ 22s ] thds: 2048 tps: 28255.04 qps: 28254.04 (r/w/o: 28254.04/0.00/0.00) lat (ms,95%): 144.97 err/s: 0.00 reconn/s: 0.00
[ 23s ] thds: 2048 tps: 28428.05 qps: 28429.05 (r/w/o: 28429.05/0.00/0.00) lat (ms,95%): 139.85 err/s: 0.00 reconn/s: 0.00
[ 24s ] thds: 2048 tps: 27152.06 qps: 27152.06 (r/w/o: 27152.06/0.00/0.00) lat (ms,95%): 137.35 err/s: 0.00 reconn/s: 0.00
[ 25s ] thds: 2048 tps: 26000.66 qps: 26000.66 (r/w/o: 26000.66/0.00/0.00) lat (ms,95%): 164.45 err/s: 0.00 reconn/s: 0.00
[ 26s ] thds: 2048 tps: 29797.96 qps: 29797.96 (r/w/o: 29797.96/0.00/0.00) lat (ms,95%): 142.39 err/s: 0.00 reconn/s: 0.00
[ 27s ] thds: 2048 tps: 30822.73 qps: 30821.73 (r/w/o: 30821.73/0.00/0.00) lat (ms,95%): 144.97 err/s: 0.00 reconn/s: 0.00
[ 28s ] thds: 2048 tps: 33319.80 qps: 33320.80 (r/w/o: 33320.80/0.00/0.00) lat (ms,95%): 127.81 err/s: 0.00 reconn/s: 0.00
[ 29s ] thds: 2048 tps: 28325.59 qps: 28324.59 (r/w/o: 28324.59/0.00/0.00) lat (ms,95%): 139.85 err/s: 0.00 reconn/s: 0.00
[ 30s ] thds: 2048 tps: 28716.41 qps: 28717.41 (r/w/o: 28717.41/0.00/0.00) lat (ms,95%): 134.90 err/s: 0.00 reconn/s: 0.00
Latency histogram (values are in milliseconds)
       value  ------------- distribution ------------- count
       3.885 |                                         1
       4.028 |                                         1
       4.737 |                                         1
       4.823 |                                         1
       5.090 |                                         1
       5.183 |                                         1
       5.373 |                                         1
       5.774 |                                         2
       5.986 |                                         2
       6.318 |                                         1
       6.669 |                                         1
       6.790 |                                         1
       6.913 |                                         2
       7.167 |                                         3
       7.297 |                                         5
       7.565 |                                         1
       7.702 |                                         3
       7.842 |                                         2
       7.985 |                                         2
       8.130 |                                         1
       8.277 |                                         1
       8.428 |                                         4
       8.581 |                                         2
       8.737 |                                         3
       8.895 |                                         7
       9.057 |                                         1
       9.222 |                                         4
       9.389 |                                         2
       9.560 |                                         8
       9.734 |                                         6
       9.910 |                                         6
      10.090 |                                         3
      10.274 |                                         5
      10.460 |                                         8
      10.651 |                                         5
      10.844 |                                         6
      11.041 |                                         7
      11.242 |                                         12
      11.446 |                                         11
      11.654 |                                         9
      11.866 |                                         12
      12.081 |                                         13
      12.301 |                                         11
      12.524 |                                         17
      12.752 |                                         15
      12.984 |                                         13
      13.219 |                                         18
      13.460 |                                         25
      13.704 |                                         19
      13.953 |                                         22
      14.207 |                                         25
      14.465 |                                         25
      14.728 |                                         36
      14.995 |                                         26
      15.268 |                                         31
      15.545 |                                         31
      15.828 |                                         51
      16.115 |                                         49
      16.408 |                                         46
      16.706 |                                         70
      17.010 |                                         55
      17.319 |                                         62
      17.633 |                                         55
      17.954 |                                         73
      18.280 |                                         94
      18.612 |                                         82
      18.950 |                                         114
      19.295 |                                         123
      19.645 |                                         137
      20.002 |                                         153
      20.366 |                                         182
      20.736 |                                         165
      21.112 |                                         182
      21.496 |                                         231
      21.886 |                                         229
      22.284 |                                         236
      22.689 |                                         311
      23.101 |                                         318
      23.521 |*                                        384
      23.948 |*                                        381
      24.384 |*                                        452
      24.827 |*                                        507
      25.278 |*                                        545
      25.737 |*                                        666
      26.205 |*                                        720
      26.681 |*                                        805
      27.165 |*                                        876
      27.659 |*                                        969
      28.162 |**                                       1192
      28.673 |**                                       1268
      29.194 |**                                       1523
      29.725 |**                                       1600
      30.265 |***                                      1875
      30.815 |***                                      2033
      31.375 |***                                      2270
      31.945 |****                                     2556
      32.525 |****                                     2907
      33.116 |*****                                    3248
      33.718 |*****                                    3619
      34.330 |*****                                    3761
      34.954 |******                                   4257
      35.589 |*******                                  4615
      36.236 |*******                                  4946
      36.894 |********                                 5653
      37.565 |*********                                6093
      38.247 |**********                               6546
      38.942 |***********                              7334
      39.650 |***********                              7844
      40.370 |************                             8340
      41.104 |*************                            9066
      41.851 |**************                           9884
      42.611 |***************                          10508
      43.385 |****************                         11080
      44.173 |*****************                        11624
      44.976 |******************                       12260
      45.793 |*******************                      12918
      46.625 |********************                     13717
      47.472 |*********************                    14385
      48.335 |**********************                   14859
      49.213 |**********************                   14832
      50.107 |**********************                   15352
      51.018 |***********************                  16011
      51.945 |***********************                  15925
      52.889 |***********************                  16076
      53.850 |************************                 16238
      54.828 |************************                 16385
      55.824 |************************                 16334
      56.839 |***********************                  15984
      57.871 |***********************                  15834
      58.923 |**********************                   15440
      59.993 |*********************                    14724
      61.083 |*********************                    14606
      62.193 |********************                     14015
      63.323 |*******************                      13396
      64.474 |*******************                      12885
      65.645 |******************                       12474
      66.838 |*****************                        11941
      68.053 |*****************                        11465
      69.289 |****************                         10850
      70.548 |***************                          10509
      71.830 |**************                           9972
      73.135 |*************                            9279
      74.464 |*************                            8872
      75.817 |************                             8267
      77.194 |************                             8061
      78.597 |************                             8012
      80.025 |***********                              7524
      81.479 |**********                               7191
      82.959 |**********                               6572
      84.467 |*********                                6409
      86.002 |*********                                6382
      87.564 |*********                                6280
      89.155 |*********                                6171
      90.775 |*************                            9228
      92.424 |**************************************** 27522
      94.104 |*********                                6323
      95.814 |*********                                6200
      97.555 |*********                                6109
      99.327 |*********                                6092
     101.132 |*********                                6177
     102.969 |********                                 5839
     104.840 |*********                                5883
     106.745 |*********                                5961
     108.685 |*********                                6040
     110.659 |*********                                5944
     112.670 |*********                                5903
     114.717 |*********                                6054
     116.802 |*********                                6088
     118.924 |*********                                5972
     121.085 |*********                                5933
     123.285 |*********                                6006
     125.525 |********                                 5535
     127.805 |********                                 5331
     130.128 |********                                 5350
     132.492 |********                                 5220
     134.899 |*******                                  5050
     137.350 |*******                                  4855
     139.846 |*******                                  4709
     142.387 |*******                                  4565
     144.974 |******                                   4040
     147.608 |******                                   3953
     150.290 |******                                   3829
     153.021 |*****                                    3609
     155.801 |*****                                    3454
     158.632 |*****                                    3358
     161.514 |****                                     3020
     164.449 |****                                     2884
     167.437 |****                                     2639
     170.479 |***                                      2356
     173.577 |***                                      2008
     176.731 |**                                       1704
     179.942 |**                                       1523
     183.211 |**                                       1388
     186.540 |**                                       1357
     189.929 |**                                       1176
     193.380 |**                                       1149
     196.894 |*                                        906
     200.472 |*                                        865
     204.114 |*                                        728
     207.823 |*                                        574
     211.599 |*                                        465
     215.443 |*                                        367
     219.358 |*                                        378
     223.344 |                                         271
     227.402 |                                         193
     231.534 |                                         192
     235.740 |                                         194
     240.024 |                                         129
     244.385 |                                         79
     248.825 |                                         107
     253.346 |                                         66
     257.950 |                                         68
     262.636 |                                         83
     267.408 |                                         65
     272.267 |                                         63
     277.214 |                                         58
     282.251 |                                         15
     287.379 |                                         6
     292.601 |                                         13
     297.917 |                                         15
     303.330 |                                         8
     308.842 |                                         6
     325.984 |                                         3
     331.907 |                                         9
     427.069 |                                         1
     434.829 |                                         2
     442.730 |                                         1
     467.304 |                                         9
     475.794 |                                         21
     484.439 |                                         18
     493.242 |                                         5
     511.328 |                                         1
     559.501 |                                         17
     569.667 |                                         12
     580.017 |                                         2
 
SQL statistics:
    queries performed:
        read:                            837230
        write:                           0
        other:                           0
        total:                           837230
    transactions:                        837231 (27209.49 per sec.)
    queries:                             837230 (27209.46 per sec.)
    ignored errors:                      0      (0.00 per sec.)
    reconnects:                          0      (0.00 per sec.)

Throughput:
    events/s (eps):                      27209.4910
    time elapsed:                        30.7701s
    total number of events:              837231

Latency (ms):
         min:                                    3.88
         avg:                                   73.73
         max:                                  576.00
         95th percentile:                      147.61
         sum:                             61725960.72

Threads fairness:
    events (avg/stddev):           408.7783/5.97
    execution time (avg/stddev):   30.1396/0.12

